Scenario - test
Logfile written - 10/19/2022 11:43:34

Subject	Trial	Event Type	Code	Time	TTime	Uncertainty	Duration	Uncertainty	ReqTime	ReqDur	Stim Type	Pair Index

014	1	Sound	P2/both1	25125	24798	1			25000		other	0
014	1	Response	53	27727	27400	2
014	1	Response	53	33487	33160	2
014	1	Response	53	38047	37720	1
014	1	Response	53	43088	42761	2
014	1	Response	53	48847	48520	2
014	1	Response	53	54687	54360	2
014	1	Response	53	60527	60200	2
014	1	Response	53	66288	65961	2
014	1	Sound	test06	71822	71495	1			71500		other	0
014	1	Picture	3-224-1-3	130645	130318	7	5166	7	130000	5000	hit	12
014	1	Response	62	149407	149080	2
014	2	Sound	P2/both	176130	24987	1			25000		other	0
014	2	Response	53	181968	30825	1
014	2	Response	53	187167	36025	1
014	2	Response	53	193168	42025	1
014	2	Response	53	199968	48825	1
014	2	Response	53	205567	54425	2
014	2	Response	53	212048	60905	1
014	2	Response	53	217168	66025	1
014	2	Sound	f17	222641	71499	1			71500		other	0
014	2	Picture	2-114-2-2	281461	130318	7	5166	7	130000	5000	incorrect	23
014	2	Response	52	300208	149065	2
014	3	Sound	P2/both	326952	24993	1			25000		other	0
014	3	Response	53	335008	33049	1
014	3	Response	53	339568	37609	2
014	3	Response	53	344368	42409	1
014	3	Response	53	350688	48729	2
014	3	Response	53	356128	54169	2
014	3	Response	53	361808	59849	2
014	3	Response	53	367888	65930	2
014	3	Sound	f02	373458	71499	1			71500		other	0
014	3	Picture	3-114-2-3	432277	130318	7	5166	7	130000	5000	hit	34
014	3	Response	61	442928	140969	2
014	4	Sound	P2/both	477770	24995	1			25000		other	0
014	4	Response	53	479167	26393	2
014	4	Response	53	483487	30713	2
014	4	Response	53	489487	36713	1
014	4	Response	53	495248	42473	3
014	4	Response	53	500607	47833	2
014	4	Response	53	507248	54473	1
014	4	Response	53	512687	59913	2
014	4	Response	53	519087	66313	2
014	4	Sound	n09	524274	71499	1			71500		other	0
014	4	Picture	2-214-2-2	583093	130318	7	5166	7	130000	5000	hit	46
014	4	Response	61	597407	144633	1
014	5	Sound	P0/none1	628587	24996	1			25000		other	0
014	5	Sound	test15	675090	71499	1			71500		other	0
014	5	Picture	2-211-1-2	733908	130318	7	5166	7	130000	5000	incorrect	50
014	5	Response	52	748368	144777	1
014	6	Sound	P0/none	779403	24997	1			25000		other	0
014	6	Sound	test07	825905	71499	1			71500		other	0
014	6	Picture	3-221-1-3	884724	130318	7	5166	7	130000	5000	hit	54
014	6	Response	62	897647	143241	2
014	7	Sound	P0/none	930219	24998	1			25000		other	0
014	7	Sound	f16	976721	71500	1			71500		other	0
014	7	Picture	2-121-1-2	1035540	130318	7	5166	7	130000	5000	hit	58
014	7	Response	62	1048848	143626	2
014	8	Sound	P0/none	1081035	24998	1			25000		other	0
014	8	Sound	f15	1127537	71500	1			71500		other	0
014	8	Picture	2-111-2-2	1186356	130318	7	5166	7	130000	5000	hit	62
014	8	Response	61	1200288	144250	2
014	9	Sound	P1/tapping1	1231851	24998	1			25000		other	0
014	9	Response	53	1233488	26635	1
014	9	Response	53	1238848	31995	2
014	9	Response	53	1244768	37915	1
014	9	Response	53	1250768	43914	1
014	9	Response	53	1257008	50155	2
014	9	Response	53	1262768	55914	1
014	9	Response	53	1268047	61194	1
014	9	Response	53	1272768	65914	1
014	9	Sound	test24	1278353	71500	1			71500		other	0
014	9	Picture	2-212-2-2	1337171	130318	7	5166	7	130000	5000	hit	74
014	9	Response	61	1352848	145994	2
014	10	Sound	P1/tapping	1382667	24998	1			25000		other	0
014	10	Response	53	1384448	26779	1
014	10	Response	53	1388768	31099	1
014	10	Response	53	1394368	36699	2
014	10	Response	53	1400129	42460	1
014	10	Response	53	1405808	48139	1
014	10	Response	53	1411248	53579	2
014	10	Response	53	1416287	58619	2
014	10	Response	53	1421728	64059	1
014	10	Sound	n01	1429169	71500	1			71500		other	0
014	10	Picture	2-222-1-2	1487987	130318	7	5166	7	130000	5000	hit	86
014	10	Response	62	1502768	145099	1
014	11	Sound	P1/tapping	1533483	24999	1			25000		other	0
014	11	Response	53	1534928	26443	1
014	11	Response	53	1540288	31803	2
014	11	Response	53	1546208	37723	1
014	11	Response	53	1552368	43883	2
014	11	Response	53	1558208	49723	2
014	11	Response	53	1563888	55404	2
014	11	Response	53	1571168	62683	1
014	11	Response	53	1576048	67563	2
014	11	Sound	test12	1579984	71500	1			71500		other	0
014	11	Picture	3-222-1-3	1638803	130318	7	5166	7	130000	5000	hit	98
014	11	Response	62	1655728	147243	1
014	12	Sound	P1/tapping	1684299	24998	1			25000		other	0
014	12	Response	53	1685968	26668	1
014	12	Response	53	1691168	31868	1
014	12	Response	53	1696768	37468	1
014	12	Response	53	1701968	42668	1
014	12	Response	53	1707568	48268	1
014	12	Response	53	1712608	53308	1
014	12	Response	53	1717968	58668	1
014	12	Response	53	1722928	63628	1
014	12	Sound	test03	1730800	71500	1			71500		other	0
014	12	Picture	3-222-1-3	1789619	130318	7	5166	7	130000	5000	hit	110
014	12	Response	62	1806848	147548	1
014	13	Sound	P2/beat1	1835115	24999	1			25000		other	0
014	13	Sound	test04	1881616	71500	1			71500		other	0
014	13	Picture	3-213-1-3	1940434	130318	7	5166	7	130000	5000	hit	114
014	13	Response	61	1954688	144572	2
014	14	Sound	P2/beat	1985930	24999	1			25000		other	0
014	14	Sound	f12	2032432	71500	1			71500		other	0
014	14	Picture	3-123-1-3	2091250	130318	7	5166	7	130000	5000	hit	118
014	14	Response	62	2107808	146876	2
014	15	Sound	P2/beat	2136746	24999	1			25000		other	0
014	15	Sound	test21	2183247	71499	1			71500		other	0
014	15	Picture	2-213-2-2	2242066	130318	7	5166	7	130000	5000	miss	0
014	16	Sound	P2/beat	2287562	24999	1			25000		other	0
014	16	Sound	test14	2334063	71500	1			71500		other	0
014	16	Picture	2-213-1-2	2392881	130318	7	5166	7	130000	5000	incorrect	125
014	16	Response	52	2410528	147965	1
014	17	Sound	P0/none1	2438378	24999	1			25000		other	0
014	17	Sound	f08	2484879	71500	1			71500		other	0
014	17	Picture	2-121-1-2	2543697	130318	7	5166	7	130000	5000	hit	129
014	17	Response	62	2557728	144349	1
014	18	Sound	P0/none	2589194	24999	1			25000		other	0
014	18	Sound	f05	2635695	71500	1			71500		other	0
014	18	Picture	3-121-1-3	2694513	130318	7	5166	7	130000	5000	hit	133
014	18	Response	62	2713408	149213	2
014	19	Sound	P0/none	2740010	24999	1			25000		other	0
014	19	Sound	n05	2786510	71500	1			71500		other	0
014	19	Picture	2-111-2-2	2845329	130318	7	5166	7	130000	5000	hit	137
014	19	Response	61	2860928	145917	2
014	20	Sound	P0/none	2890825	24999	1			25000		other	0
014	20	Sound	f13	2937326	71500	1			71500		other	0
014	20	Picture	2-111-1-2	2996145	130318	7	5166	7	130000	5000	incorrect	141
014	20	Response	52	3014368	148542	2
014	21	Sound	P2/beat1	3041641	24999	1			25000		other	0
014	21	Sound	f06	3088142	71500	1			71500		other	0
014	21	Picture	3-113-1-3	3146960	130318	7	5166	7	130000	5000	incorrect	145
014	21	Response	52	3165168	148526	2
014	22	Sound	P2/beat	3192457	24999	1			25000		other	0
014	22	Sound	n03	3238957	71500	1			71500		other	0
014	22	Picture	3-113-1-3	3297776	130318	7	5166	7	130000	5000	hit	149
014	22	Response	61	3316928	149470	1
014	23	Sound	P2/beat	3343273	24999	1			25000		other	0
014	23	Sound	f22	3389773	71500	1			71500		other	0
014	23	Picture	2-113-2-2	3448592	130318	7	5166	7	130000	5000	incorrect	153
014	23	Response	52	3466848	148575	1
014	24	Sound	P2/beat	3494089	24999	1			25000		other	0
014	24	Sound	test11	3540589	71500	1			71500		other	0
014	24	Picture	3-213-1-3	3599407	130318	7	5166	7	130000	5000	hit	157
014	24	Response	61	3611329	142240	1
014	25	Sound	P2/both1	3644904	24999	1			25000		other	0
014	25	Response	53	3647328	27423	1
014	25	Response	53	3651968	32063	1
014	25	Response	53	3656608	36703	1
014	25	Response	53	3662448	42543	2
014	25	Response	53	3668368	48463	1
014	25	Response	53	3674288	54383	2
014	25	Response	53	3680208	60303	1
014	25	Response	53	3685888	65983	2
014	25	Sound	test05	3691405	71500	1			71500		other	0
014	25	Picture	3-224-1-3	3750223	130318	7	5166	7	130000	5000	hit	169
014	25	Response	62	3763488	143583	1
014	26	Sound	P2/both	3795720	24999	1			25000		other	0
014	26	Response	53	3797888	27167	2
014	26	Response	53	3801969	31248	2
014	26	Response	53	3807808	37087	2
014	26	Response	53	3813328	42607	1
014	26	Response	53	3819728	49007	1
014	26	Response	53	3825488	54767	1
014	26	Response	53	3831489	60768	2
014	26	Response	53	3837409	66688	2
014	26	Sound	n12	3842220	71500	1			71500		other	0
014	26	Picture	2-114-2-2	3901039	130318	7	5166	7	130000	5000	incorrect	181
014	26	Response	52	3914848	144127	2
014	27	Sound	P2/both	3946536	24999	1			25000		other	0
014	27	Response	53	3948369	26833	2
014	27	Response	53	3952449	30913	3
014	27	Response	53	3958048	36512	1
014	27	Response	53	3964768	43232	1
014	27	Response	53	3970848	49312	2
014	27	Response	53	3975808	54272	1
014	27	Response	53	3981809	60272	4
014	27	Response	53	3986448	64912	1
014	27	Sound	n10	3993036	71500	1			71500		other	0
014	27	Picture	2-124-1-2	4051855	130318	7	5166	7	130000	5000	miss	0
014	28	Sound	P2/both	4097351	24999	1			25000		other	0
014	28	Response	53	4099168	26816	2
014	28	Response	53	4103408	31056	2
014	28	Response	53	4108448	36096	2
014	28	Response	53	4114608	42256	2
014	28	Response	53	4120608	48256	2
014	28	Response	53	4126528	54176	1
014	28	Response	53	4132448	60096	2
014	28	Response	53	4138528	66176	1
014	28	Sound	test25	4143852	71500	1			71500		other	0
014	28	Picture	2-214-1-2	4202671	130318	7	5166	7	130000	5000	hit	204
014	28	Response	61	4212048	139696	2
014	29	Sound	P0/none1	4248167	24999	1			25000		other	0
014	29	Sound	f18	4294668	71500	1			71500		other	0
014	29	Picture	2-121-2-2	4353486	130318	7	5166	7	130000	5000	miss	0
014	30	Response	52	4374128	145	1
014	30	Sound	P0/none	4398983	24999	1			25000		other	0
014	30	Sound	test10	4445483	71500	1			71500		other	0
014	30	Picture	3-221-1-3	4504302	130318	7	5166	7	130000	5000	hit	212
014	30	Response	62	4520209	146225	1
014	31	Sound	P0/none	4549799	24999	1			25000		other	0
014	31	Sound	test19	4596299	71500	1			71500		other	0
014	31	Picture	3-221-1-3	4655118	130318	7	5166	7	130000	5000	incorrect	216
014	31	Response	51	4667649	142849	1
014	32	Sound	P0/none	4700615	24999	1			25000		other	0
014	32	Sound	test18	4747115	71500	1			71500		other	0
014	32	Picture	2-211-1-2	4805934	130318	7	5166	7	130000	5000	incorrect	220
014	32	Response	52	4819409	143793	1
014	33	Sound	P1/tapping1	4851431	24999	1			25000		other	0
014	33	Response	53	4853329	26898	1
014	33	Response	53	4858208	31777	1
014	33	Response	53	4863888	37457	2
014	33	Response	53	4870208	43777	2
014	33	Response	53	4876448	50017	1
014	33	Response	53	4881568	55137	2
014	33	Response	53	4888528	62097	2
014	33	Response	53	4894689	68258	2
014	33	Sound	f11	4897931	71500	1			71500		other	0
014	33	Picture	3-122-1-3	4956749	130318	7	5166	7	130000	5000	hit	232
014	33	Response	62	4973009	146577	2
014	34	Sound	P1/tapping	5002246	24999	1			25000		other	0
014	34	Response	53	5003969	26722	1
014	34	Response	53	5008849	31602	1
014	34	Response	53	5015089	37842	1
014	34	Response	53	5020529	43282	1
014	34	Response	53	5025489	48242	1
014	34	Response	53	5031089	53842	2
014	34	Response	53	5036449	59202	1
014	34	Response	53	5041409	64162	2
014	34	Response	53	5047889	70642	1
014	34	Sound	n07	5048747	71500	1			71500		other	0
014	34	Picture	3-212-1-3	5107565	130318	7	5166	7	130000	5000	hit	245
014	34	Response	61	5122769	145522	2
014	35	Response	53	5152689	24626	2
014	35	Sound	P1/tapping	5153062	24999	1			25000		other	0
014	35	Response	53	5158929	30866	1
014	35	Response	53	5165329	37266	1
014	35	Response	53	5171169	43106	2
014	35	Response	53	5176689	48626	2
014	35	Response	53	5183009	54946	1
014	35	Response	53	5188368	60306	1
014	35	Response	53	5194129	66066	1
014	35	Sound	test09	5199562	71500	1			71500		other	0
014	35	Picture	3-212-1-3	5258381	130318	7	5166	7	130000	5000	incorrect	257
014	35	Response	52	5274849	146786	2
014	36	Response	53	5303409	24530	1
014	36	Sound	P1/tapping	5303878	24999	1			25000		other	0
014	36	Response	53	5309729	30850	1
014	36	Response	53	5316129	37250	1
014	36	Response	53	5322049	43170	2
014	36	Response	53	5328449	49570	2
014	36	Response	53	5334529	55650	1
014	36	Response	53	5340129	61250	2
014	36	Response	53	5345969	67090	2
014	36	Sound	test22	5350379	71500	1			71500		other	0
014	36	Picture	2-222-2-2	5409197	130318	7	5166	7	130000	5000	hit	269
014	36	Response	62	5427089	148210	1
014	37	Sound	P2/beat1	5454694	24999	1			25000		other	0
014	37	Sound	f14	5501194	71500	1			71500		other	0
014	37	Picture	2-113-2-2	5560013	130318	7	5166	7	130000	5000	hit	273
014	37	Response	61	5580129	150435	1
014	38	Sound	P2/beat	5605510	24999	1			25000		other	0
014	38	Sound	test17	5652010	71500	1			71500		other	0
014	38	Picture	3-223-1-3	5710828	130318	7	5166	7	130000	5000	hit	277
014	38	Response	62	5725089	144579	2
014	39	Sound	P2/beat	5756326	24999	1			25000		other	0
014	39	Sound	n14	5802826	71500	1			71500		other	0
014	39	Picture	2-123-2-2	5861644	130318	7	5166	7	130000	5000	hit	281
014	39	Response	62	5878690	147364	2
014	40	Sound	P2/beat	5907141	25000	1			25000		other	0
014	40	Sound	f01	5953642	71500	1			71500		other	0
014	40	Picture	3-123-1-3	6012460	130318	7	5166	7	130000	5000	hit	285
014	40	Response	62	6030209	148067	2
014	41	Sound	P2/both1	6057957	24999	1			25000		other	0
014	41	Response	53	6059810	26852	2
014	41	Response	53	6064369	31411	1
014	41	Response	53	6069729	36771	1
014	41	Response	53	6075409	42451	1
014	41	Response	53	6081649	48691	2
014	41	Response	53	6087489	54531	2
014	41	Response	53	6093649	60691	2
014	41	Response	53	6099569	66611	2
014	41	Sound	n06	6104457	71500	1			71500		other	0
014	41	Picture	2-214-2-2	6163276	130318	7	5166	7	130000	5000	hit	297
014	41	Response	61	6181089	148132	2
014	42	Sound	P2/both	6208773	24999	1			25000		other	0
014	42	Response	53	6210369	26595	2
014	42	Response	53	6214929	31155	2
014	42	Response	53	6220769	36995	2
014	42	Response	53	6226209	42435	2
014	42	Response	53	6232609	48836	1
014	42	Response	53	6238209	54435	2
014	42	Response	53	6245330	61556	2
014	42	Response	53	6250849	67076	1
014	42	Sound	f23	6255273	71500	1			71500		other	0
014	42	Picture	3-124-1-3	6314092	130318	7	5166	7	130000	5000	hit	309
014	42	Response	62	6327649	143876	1
014	43	Sound	P2/both	6359589	24999	1			25000		other	0
014	43	Response	53	6361329	26740	1
014	43	Response	53	6365810	31221	2
014	43	Response	53	6372049	37460	1
014	43	Response	53	6377489	42900	2
014	43	Response	53	6383650	49061	2
014	43	Response	53	6389330	54741	2
014	43	Response	53	6394849	60260	1
014	43	Response	53	6404209	69620	2
014	43	Sound	test02	6406089	71500	1			71500		other	0
014	43	Picture	3-214-1-3	6464907	130318	7	5166	7	130000	5000	incorrect	321
014	43	Response	52	6484929	150340	1
014	44	Sound	P2/both	6510404	24999	1			25000		other	0
014	44	Response	53	6512049	26644	2
014	44	Response	53	6516289	30884	1
014	44	Response	53	6521809	36404	2
014	44	Response	53	6527889	42484	2
014	44	Response	53	6533489	48084	2
014	44	Response	53	6539089	53684	1
014	44	Response	53	6545089	59684	1
014	44	Response	53	6551489	66084	2
014	44	Sound	test08	6556905	71500	1			71500		other	0
014	44	Picture	3-214-1-3	6615723	130318	7	5166	7	130000	5000	hit	333
014	44	Response	61	6634049	148644	1
014	45	Sound	P0/none1	6661220	24999	1			25000		other	0
014	45	Sound	f10	6707721	71500	1			71500		other	0
014	45	Picture	3-121-1-3	6766539	130318	7	5166	7	130000	5000	miss	0
014	46	Response	52	6787411	374	2
014	46	Sound	P0/none	6812036	24999	1			25000		other	0
014	46	Sound	f04	6858536	71500	1			71500		other	0
014	46	Picture	3-121-1-3	6917355	130318	7	5166	7	130000	5000	miss	0
014	47	Response	52	6939089	1237	2
014	47	Sound	P0/none	6962852	25000	1			25000		other	0
014	47	Sound	n11	7009352	71500	1			71500		other	0
014	47	Picture	3-121-2-3	7068171	130318	7	5166	7	130000	5000	hit	345
014	47	Response	62	7084529	146677	2
014	48	Sound	P0/none	7113668	25000	1			25000		other	0
014	48	Sound	test16	7160168	71500	1			71500		other	0
014	48	Picture	2-221-1-2	7218986	130318	7	5166	7	130000	5000	miss	0
014	49	Response	52	7240529	1045	2
014	49	Sound	P2/beat1	7264483	25000	1			25000		other	0
014	49	Sound	test13	7310984	71500	1			71500		other	0
014	49	Picture	2-223-1-2	7369802	130318	7	5166	7	130000	5000	hit	353
014	49	Response	62	7384450	144966	1
014	50	Sound	P2/beat	7415299	24999	1			25000		other	0
014	50	Sound	f21	7461800	71500	1			71500		other	0
014	50	Picture	2-113-2-2	7520618	130318	7	5166	7	130000	5000	incorrect	357
014	50	Response	52	7540609	150310	1
014	51	Sound	P2/beat	7566115	24999	1			25000		other	0
014	51	Sound	n13	7612615	71500	1			71500		other	0
014	51	Picture	2-213-1-2	7671434	130318	7	5166	7	130000	5000	incorrect	361
014	51	Response	52	7690529	149414	2
014	52	Sound	P2/beat	7716931	25000	1			25000		other	0
014	52	Sound	f09	7763431	71500	1			71500		other	0
014	52	Picture	3-123-1-3	7822250	130318	7	5166	7	130000	5000	hit	365
014	52	Response	62	7838129	146198	1
014	53	Sound	P2/both1	7867747	24999	1			25000		other	0
014	53	Response	53	7869650	26902	1
014	53	Response	53	7873809	31062	1
014	53	Response	53	7879649	36902	1
014	53	Response	53	7885090	42342	1
014	53	Response	53	7891330	48582	1
014	53	Response	53	7896690	53942	1
014	53	Response	53	7903410	60662	1
014	53	Response	53	7909489	66742	1
014	53	Sound	f07	7914247	71500	1			71500		other	0
014	53	Picture	3-114-1-3	7973065	130318	7	5166	7	130000	5000	incorrect	377
014	53	Response	52	7986530	143782	1
014	54	Sound	P2/both	8018563	25000	1			25000		other	0
014	54	Response	53	8020450	26887	1
014	54	Response	53	8024929	31366	1
014	54	Response	53	8029970	36407	1
014	54	Response	53	8035810	42247	1
014	54	Response	53	8041490	47927	1
014	54	Response	53	8047890	54327	1
014	54	Response	53	8053329	59766	1
014	54	Response	53	8058690	65127	1
014	54	Sound	test23	8065063	71500	1			71500		other	0
014	54	Picture	2-214-2-2	8123881	130318	7	5166	7	130000	5000	miss	0
014	55	Response	52	8145490	1111	1
014	55	Sound	P2/both	8169378	24999	1			25000		other	0
014	55	Response	53	8171249	26870	1
014	55	Response	53	8175249	30870	1
014	55	Response	53	8181090	36711	1
014	55	Response	53	8186449	42070	2
014	55	Response	53	8192849	48470	1
014	55	Response	53	8198689	54310	1
014	55	Response	53	8204610	60231	3
014	55	Response	53	8209970	65591	2
014	55	Sound	f03	8215879	71500	1			71500		other	0
014	55	Picture	3-124-1-3	8274697	130318	7	5166	7	130000	5000	hit	401
014	55	Response	62	8291250	146871	2
014	56	Sound	P2/both	8320194	24999	1			25000		other	0
014	56	Response	53	8322530	27335	2
014	56	Response	53	8327329	32134	2
014	56	Response	53	8332210	37015	1
014	56	Response	53	8337489	42295	1
014	56	Response	53	8343570	48375	1
014	56	Response	53	8349169	53975	2
014	56	Response	53	8355489	60295	1
014	56	Response	53	8361489	66295	1
014	56	Sound	f20	8366694	71500	1			71500		other	0
014	56	Picture	2-114-2-2	8425513	130318	7	5166	7	130000	5000	hit	413
014	56	Response	61	8435969	140775	2
014	57	Sound	P1/tapping1	8471010	25000	1			25000		other	0
014	57	Response	53	8472690	26679	1
014	57	Response	53	8477490	31479	2
014	57	Response	53	8483810	37799	1
014	57	Response	53	8490369	44359	2
014	57	Response	53	8495890	49879	2
014	57	Response	53	8501650	55639	2
014	57	Response	53	8507570	61559	2
014	57	Response	53	8512530	66519	2
014	57	Sound	test01	8517510	71500	1			71500		other	0
014	57	Picture	3-222-1-3	8576329	130318	7	5166	7	130000	5000	incorrect	425
014	57	Response	51	8592610	146600	1
014	58	Sound	P1/tapping	8621826	25000	1			25000		other	0
014	58	Response	53	8623410	26584	2
014	58	Response	53	8627890	31063	2
014	58	Response	53	8634050	37224	3
014	58	Response	53	8640130	43303	1
014	58	Response	53	8645890	49063	1
014	58	Response	53	8651810	54983	2
014	58	Response	53	8657410	60584	2
014	58	Response	53	8662530	65703	2
014	58	Sound	n04	8668326	71500	1			71500		other	0
014	58	Picture	3-212-1-3	8727145	130318	7	5166	7	130000	5000	hit	437
014	58	Response	61	8743410	146583	2
014	59	Sound	P1/tapping	8772642	25000	1			25000		other	0
014	59	Response	53	8772850	25208	2
014	59	Response	53	8778530	30888	2
014	59	Response	53	8784530	36888	2
014	59	Response	53	8790770	43128	2
014	59	Response	53	8796130	48488	2
014	59	Response	53	8801570	53928	2
014	59	Response	53	8807330	59688	2
014	59	Response	53	8812370	64728	2
014	59	Sound	f19	8819142	71500	1			71500		other	0
014	59	Picture	2-122-2-2	8877960	130318	7	5166	7	130000	5000	incorrect	449
014	59	Response	51	8897250	149608	1
014	60	Sound	P1/tapping	8923458	25000	1			25000		other	0
014	60	Response	53	8925650	27192	2
014	60	Response	53	8931410	32952	1
014	60	Response	53	8936930	38472	1
014	60	Response	53	8942210	43752	1
014	60	Response	53	8948129	49671	2
014	60	Response	53	8953650	55192	1
014	60	Response	53	8958770	60312	1
014	60	Response	53	8963970	65512	1
014	60	Sound	f24	8969958	71500	1			71500		other	0
014	60	Picture	2-122-1-2	9028776	130318	7	5166	7	130000	5000	hit	461
014	60	Response	62	9042290	143832	1


Event Type	Code	Type	Response	RT	RT Uncertainty	Time	Uncertainty	Duration	Uncertainty	ReqTime	ReqDur

Sound	P2/both1	other				25125	1			25000
Sound	test06	other				71822	1			71500
Picture	3-224-1-3	hit	2	18762	8	130645	7	5166	7	130000	5000
Sound	P2/both	other				176130	1			25000
Sound	f17	other				222641	1			71500
Picture	2-114-2-2	incorrect	2	18747	8	281461	7	5166	7	130000	5000
Sound	P2/both	other				326952	1			25000
Sound	f02	other				373458	1			71500
Picture	3-114-2-3	hit	1	10651	8	432277	7	5166	7	130000	5000
Sound	P2/both	other				477770	1			25000
Sound	n09	other				524274	1			71500
Picture	2-214-2-2	hit	1	14315	7	583093	7	5166	7	130000	5000
Sound	P0/none1	other				628587	1			25000
Sound	test15	other				675090	1			71500
Picture	2-211-1-2	incorrect	2	14459	7	733908	7	5166	7	130000	5000
Sound	P0/none	other				779403	1			25000
Sound	test07	other				825905	1			71500
Picture	3-221-1-3	hit	2	12923	8	884724	7	5166	7	130000	5000
Sound	P0/none	other				930219	1			25000
Sound	f16	other				976721	1			71500
Picture	2-121-1-2	hit	2	13308	8	1035540	7	5166	7	130000	5000
Sound	P0/none	other				1081035	1			25000
Sound	f15	other				1127537	1			71500
Picture	2-111-2-2	hit	1	13932	8	1186356	7	5166	7	130000	5000
Sound	P1/tapping1	other				1231851	1			25000
Sound	test24	other				1278353	1			71500
Picture	2-212-2-2	hit	1	15676	8	1337171	7	5166	7	130000	5000
Sound	P1/tapping	other				1382667	1			25000
Sound	n01	other				1429169	1			71500
Picture	2-222-1-2	hit	2	14781	7	1487987	7	5166	7	130000	5000
Sound	P1/tapping	other				1533483	1			25000
Sound	test12	other				1579984	1			71500
Picture	3-222-1-3	hit	2	16925	7	1638803	7	5166	7	130000	5000
Sound	P1/tapping	other				1684299	1			25000
Sound	test03	other				1730800	1			71500
Picture	3-222-1-3	hit	2	17229	7	1789619	7	5166	7	130000	5000
Sound	P2/beat1	other				1835115	1			25000
Sound	test04	other				1881616	1			71500
Picture	3-213-1-3	hit	1	14254	8	1940434	7	5166	7	130000	5000
Sound	P2/beat	other				1985930	1			25000
Sound	f12	other				2032432	1			71500
Picture	3-123-1-3	hit	2	16558	8	2091250	7	5166	7	130000	5000
Sound	P2/beat	other				2136746	1			25000
Sound	test21	other				2183247	1			71500
Picture	2-213-2-2	miss				2242066	7	5166	7	130000	5000
Sound	P2/beat	other				2287562	1			25000
Sound	test14	other				2334063	1			71500
Picture	2-213-1-2	incorrect	2	17647	7	2392881	7	5166	7	130000	5000
Sound	P0/none1	other				2438378	1			25000
Sound	f08	other				2484879	1			71500
Picture	2-121-1-2	hit	2	14031	7	2543697	7	5166	7	130000	5000
Sound	P0/none	other				2589194	1			25000
Sound	f05	other				2635695	1			71500
Picture	3-121-1-3	hit	2	18895	8	2694513	7	5166	7	130000	5000
Sound	P0/none	other				2740010	1			25000
Sound	n05	other				2786510	1			71500
Picture	2-111-2-2	hit	1	15599	8	2845329	7	5166	7	130000	5000
Sound	P0/none	other				2890825	1			25000
Sound	f13	other				2937326	1			71500
Picture	2-111-1-2	incorrect	2	18223	8	2996145	7	5166	7	130000	5000
Sound	P2/beat1	other				3041641	1			25000
Sound	f06	other				3088142	1			71500
Picture	3-113-1-3	incorrect	2	18208	8	3146960	7	5166	7	130000	5000
Sound	P2/beat	other				3192457	1			25000
Sound	n03	other				3238957	1			71500
Picture	3-113-1-3	hit	1	19152	7	3297776	7	5166	7	130000	5000
Sound	P2/beat	other				3343273	1			25000
Sound	f22	other				3389773	1			71500
Picture	2-113-2-2	incorrect	2	18257	7	3448592	7	5166	7	130000	5000
Sound	P2/beat	other				3494089	1			25000
Sound	test11	other				3540589	1			71500
Picture	3-213-1-3	hit	1	11922	7	3599407	7	5166	7	130000	5000
Sound	P2/both1	other				3644904	1			25000
Sound	test05	other				3691405	1			71500
Picture	3-224-1-3	hit	2	13265	7	3750223	7	5166	7	130000	5000
Sound	P2/both	other				3795720	1			25000
Sound	n12	other				3842220	1			71500
Picture	2-114-2-2	incorrect	2	13809	8	3901039	7	5166	7	130000	5000
Sound	P2/both	other				3946536	1			25000
Sound	n10	other				3993036	1			71500
Picture	2-124-1-2	miss				4051855	7	5166	7	130000	5000
Sound	P2/both	other				4097351	1			25000
Sound	test25	other				4143852	1			71500
Picture	2-214-1-2	hit	1	9378	8	4202671	7	5166	7	130000	5000
Sound	P0/none1	other				4248167	1			25000
Sound	f18	other				4294668	1			71500
Picture	2-121-2-2	miss				4353486	7	5166	7	130000	5000
Sound	P0/none	other				4398983	1			25000
Sound	test10	other				4445483	1			71500
Picture	3-221-1-3	hit	2	15907	7	4504302	7	5166	7	130000	5000
Sound	P0/none	other				4549799	1			25000
Sound	test19	other				4596299	1			71500
Picture	3-221-1-3	incorrect	1	12531	7	4655118	7	5166	7	130000	5000
Sound	P0/none	other				4700615	1			25000
Sound	test18	other				4747115	1			71500
Picture	2-211-1-2	incorrect	2	13475	7	4805934	7	5166	7	130000	5000
Sound	P1/tapping1	other				4851431	1			25000
Sound	f11	other				4897931	1			71500
Picture	3-122-1-3	hit	2	16259	8	4956749	7	5166	7	130000	5000
Sound	P1/tapping	other				5002246	1			25000
Sound	n07	other				5048747	1			71500
Picture	3-212-1-3	hit	1	15204	8	5107565	7	5166	7	130000	5000
Sound	P1/tapping	other				5153062	1			25000
Sound	test09	other				5199562	1			71500
Picture	3-212-1-3	incorrect	2	16468	8	5258381	7	5166	7	130000	5000
Sound	P1/tapping	other				5303878	1			25000
Sound	test22	other				5350379	1			71500
Picture	2-222-2-2	hit	2	17892	7	5409197	7	5166	7	130000	5000
Sound	P2/beat1	other				5454694	1			25000
Sound	f14	other				5501194	1			71500
Picture	2-113-2-2	hit	1	20117	7	5560013	7	5166	7	130000	5000
Sound	P2/beat	other				5605510	1			25000
Sound	test17	other				5652010	1			71500
Picture	3-223-1-3	hit	2	14260	8	5710828	7	5166	7	130000	5000
Sound	P2/beat	other				5756326	1			25000
Sound	n14	other				5802826	1			71500
Picture	2-123-2-2	hit	2	17046	8	5861644	7	5166	7	130000	5000
Sound	P2/beat	other				5907141	1			25000
Sound	f01	other				5953642	1			71500
Picture	3-123-1-3	hit	2	17749	8	6012460	7	5166	7	130000	5000
Sound	P2/both1	other				6057957	1			25000
Sound	n06	other				6104457	1			71500
Picture	2-214-2-2	hit	1	17813	8	6163276	7	5166	7	130000	5000
Sound	P2/both	other				6208773	1			25000
Sound	f23	other				6255273	1			71500
Picture	3-124-1-3	hit	2	13558	7	6314092	7	5166	7	130000	5000
Sound	P2/both	other				6359589	1			25000
Sound	test02	other				6406089	1			71500
Picture	3-214-1-3	incorrect	2	20022	7	6464907	7	5166	7	130000	5000
Sound	P2/both	other				6510404	1			25000
Sound	test08	other				6556905	1			71500
Picture	3-214-1-3	hit	1	18326	7	6615723	7	5166	7	130000	5000
Sound	P0/none1	other				6661220	1			25000
Sound	f10	other				6707721	1			71500
Picture	3-121-1-3	miss				6766539	7	5166	7	130000	5000
Sound	P0/none	other				6812036	1			25000
Sound	f04	other				6858536	1			71500
Picture	3-121-1-3	miss				6917355	7	5166	7	130000	5000
Sound	P0/none	other				6962852	1			25000
Sound	n11	other				7009352	1			71500
Picture	3-121-2-3	hit	2	16359	8	7068171	7	5166	7	130000	5000
Sound	P0/none	other				7113668	1			25000
Sound	test16	other				7160168	1			71500
Picture	2-221-1-2	miss				7218986	7	5166	7	130000	5000
Sound	P2/beat1	other				7264483	1			25000
Sound	test13	other				7310984	1			71500
Picture	2-223-1-2	hit	2	14648	7	7369802	7	5166	7	130000	5000
Sound	P2/beat	other				7415299	1			25000
Sound	f21	other				7461800	1			71500
Picture	2-113-2-2	incorrect	2	19991	7	7520618	7	5166	7	130000	5000
Sound	P2/beat	other				7566115	1			25000
Sound	n13	other				7612615	1			71500
Picture	2-213-1-2	incorrect	2	19095	8	7671434	7	5166	7	130000	5000
Sound	P2/beat	other				7716931	1			25000
Sound	f09	other				7763431	1			71500
Picture	3-123-1-3	hit	2	15880	7	7822250	7	5166	7	130000	5000
Sound	P2/both1	other				7867747	1			25000
Sound	f07	other				7914247	1			71500
Picture	3-114-1-3	incorrect	2	13464	7	7973065	7	5166	7	130000	5000
Sound	P2/both	other				8018563	1			25000
Sound	test23	other				8065063	1			71500
Picture	2-214-2-2	miss				8123881	7	5166	7	130000	5000
Sound	P2/both	other				8169378	1			25000
Sound	f03	other				8215879	1			71500
Picture	3-124-1-3	hit	2	16553	8	8274697	7	5166	7	130000	5000
Sound	P2/both	other				8320194	1			25000
Sound	f20	other				8366694	1			71500
Picture	2-114-2-2	hit	1	10457	8	8425513	7	5166	7	130000	5000
Sound	P1/tapping1	other				8471010	1			25000
Sound	test01	other				8517510	1			71500
Picture	3-222-1-3	incorrect	1	16281	7	8576329	7	5166	7	130000	5000
Sound	P1/tapping	other				8621826	1			25000
Sound	n04	other				8668326	1			71500
Picture	3-212-1-3	hit	1	16265	8	8727145	7	5166	7	130000	5000
Sound	P1/tapping	other				8772642	1			25000
Sound	f19	other				8819142	1			71500
Picture	2-122-2-2	incorrect	1	19289	7	8877960	7	5166	7	130000	5000
Sound	P1/tapping	other				8923458	1			25000
Sound	f24	other				8969958	1			71500
Picture	2-122-1-2	hit	2	13514	7	9028776	7	5166	7	130000	5000


{
   "app": "Presentation Version 22.1 Build 01.21.21",
   "device": "Dell Inc. OptiPlex 7050",
   "experiment": "{C8E97CB4-6FCA-44FA-B866-4A2D94B6B85C}",
   "os": "Windows 10 64 bit",
   "package": "",
   "parameters": {
      "configuration": "Default configuration"
   },
   "scenario": "entrain_list1_sess4_EB.sce",
   "subject": "014",
   "timestamp": "2022/10/19 09:28:24 GMT"
}
