Scenario - test
Logfile written - 10/19/2022 11:26:35

Subject	Trial	Event Type	Code	Time	TTime	Uncertainty	Duration	Uncertainty	ReqTime	ReqDur	Stim Type	Pair Index

014	1	Sound	P2/beat1	25327	25000	1			25000		other	0
014	1	Sound	n05	71827	71500	1			71500		other	0
014	1	Picture	3-113-1-3	130645	130318	7	5166	7	130000	5000	incorrect	4
014	1	Response	52	148287	147960	1
014	2	Sound	P2/beat	176142	25000	1			25000		other	0
014	2	Sound	f05	222642	71500	1			71500		other	0
014	2	Picture	3-113-1-3	281461	130318	7	5166	7	130000	5000	incorrect	8
014	2	Response	52	293488	142345	2
014	3	Sound	P2/beat	326958	25000	1			25000		other	0
014	3	Sound	n01	373458	71500	1			71500		other	0
014	3	Picture	3-223-1-3	432276	130318	7	5166	7	130000	5000	hit	12
014	3	Response	62	445168	143210	3
014	4	Sound	P2/beat	477773	25000	1			25000		other	0
014	4	Sound	test15	524273	71500	1			71500		other	0
014	4	Picture	2-223-1-2	583091	130318	7	5166	7	130000	5000	hit	16
014	4	Response	62	601887	149114	1
014	5	Sound	P1/tapping1	628589	25000	1			25000		other	0
014	5	Response	53	639407	35818	1
014	5	Response	53	644927	41339	1
014	5	Response	53	651647	48058	1
014	5	Response	53	658367	54778	1
014	5	Response	53	665487	61898	1
014	5	Response	53	671407	67818	1
014	5	Sound	f08	675089	71500	1			71500		other	0
014	5	Picture	3-122-2-3	733907	130318	7	5166	7	130000	5000	hit	26
014	5	Response	62	747488	143899	1
014	6	Sound	P1/tapping	779404	25000	1			25000		other	0
014	6	Response	53	787248	32843	2
014	6	Response	53	793007	38603	1
014	6	Response	53	798687	44283	1
014	6	Response	53	805247	50843	1
014	6	Response	53	811247	56843	1
014	6	Response	53	816927	62523	1
014	6	Response	53	822847	68443	1
014	6	Sound	f01	825904	71500	1			71500		other	0
014	6	Picture	2-122-1-2	884722	130318	7	5166	7	130000	5000	hit	37
014	6	Response	62	901807	147403	1
014	7	Sound	P1/tapping	930219	25000	1			25000		other	0
014	7	Response	53	937808	32588	2
014	7	Response	53	943087	37868	1
014	7	Response	53	949007	43788	1
014	7	Response	53	954767	49548	1
014	7	Response	53	960367	55148	1
014	7	Response	53	965567	60348	1
014	7	Response	53	971247	66028	1
014	7	Sound	n03	976719	71500	1			71500		other	0
014	7	Picture	3-122-1-3	1035538	130318	7	5166	7	130000	5000	miss	0
014	8	Response	51	1059008	2972	2
014	8	Sound	P1/tapping	1081035	25000	1			25000		other	0
014	8	Response	53	1088447	32412	1
014	8	Response	53	1092767	36732	1
014	8	Response	53	1098367	42332	1
014	8	Response	53	1103247	47212	1
014	8	Response	53	1108367	52332	1
014	8	Response	53	1113647	57612	1
014	8	Response	53	1119087	63052	1
014	8	Response	53	1124127	68092	1
014	8	Sound	test18	1127535	71500	1			71500		other	0
014	8	Picture	3-212-1-3	1186353	130318	7	5166	7	130000	5000	hit	60
014	8	Response	61	1196447	140412	1
014	9	Sound	P2/both1	1231850	25000	1			25000		other	0
014	9	Response	53	1241007	34157	1
014	9	Response	53	1245087	38237	1
014	9	Response	53	1250287	43437	1
014	9	Response	53	1255967	49117	1
014	9	Response	53	1261407	54557	1
014	9	Response	53	1267567	60717	1
014	9	Response	53	1273807	66957	1
014	9	Sound	test13	1278350	71500	1			71500		other	0
014	9	Picture	3-214-1-3	1337168	130318	7	5166	7	130000	5000	incorrect	71
014	9	Response	52	1351487	144637	1
014	10	Sound	P2/both	1382666	25000	1			25000		other	0
014	10	Response	53	1385328	27662	2
014	10	Response	53	1389137	31471	75
014	10	Response	53	1394608	36942	1
014	10	Response	53	1400287	42622	1
014	10	Response	53	1406527	48861	1
014	10	Response	53	1412287	54621	1
014	10	Response	53	1418048	60382	1
014	10	Response	53	1424847	67181	1
014	10	Sound	test04	1429166	71500	1			71500		other	0
014	10	Picture	2-224-1-2	1487984	130318	7	5166	7	130000	5000	hit	83
014	10	Response	62	1500047	142382	1
014	11	Sound	P2/both	1533481	25000	1			25000		other	0
014	11	Response	53	1535887	27406	1
014	11	Response	53	1540768	32286	1
014	11	Response	53	1545647	37166	1
014	11	Response	53	1551007	42526	1
014	11	Response	53	1557488	49006	3
014	11	Response	53	1563487	55006	1
014	11	Response	53	1569247	60766	1
014	11	Response	53	1575647	67166	1
014	11	Sound	f15	1579981	71500	1			71500		other	0
014	11	Picture	3-124-1-3	1638799	130318	7	5166	7	130000	5000	hit	95
014	11	Response	62	1647808	139326	2
014	12	Sound	P2/both	1684297	25000	1			25000		other	0
014	12	Response	53	1689728	30431	1
014	12	Response	53	1696368	37071	1
014	12	Response	53	1701728	42431	1
014	12	Response	53	1707727	48431	1
014	12	Response	53	1713008	53711	2
014	12	Response	53	1718928	59631	1
014	12	Response	53	1725408	66111	1
014	12	Sound	f21	1730797	71500	1			71500		other	0
014	12	Picture	3-124-1-3	1789615	130318	7	5166	7	130000	5000	hit	106
014	12	Response	62	1806528	147231	1
014	13	Sound	P0/none1	1835112	25000	1			25000		other	0
014	13	Sound	n07	1881612	71500	1			71500		other	0
014	13	Picture	2-221-1-2	1940430	130318	7	5166	7	130000	5000	incorrect	110
014	13	Response	51	1960608	150495	1
014	14	Sound	P0/none	1985927	25000	1			25000		other	0
014	14	Sound	n04	2032427	71500	1			71500		other	0
014	14	Picture	2-211-1-2	2091246	130318	7	5166	7	130000	5000	hit	114
014	14	Response	61	2099327	138400	1
014	15	Sound	P0/none	2136743	25000	1			25000		other	0
014	15	Sound	f03	2183243	71500	1			71500		other	0
014	15	Picture	2-111-1-2	2242061	130318	7	5166	7	130000	5000	incorrect	118
014	15	Response	52	2253568	141824	1
014	16	Sound	P0/none	2287559	25000	1			25000		other	0
014	16	Sound	test05	2334059	71500	1			71500		other	0
014	16	Picture	2-211-1-2	2392877	130318	7	5166	7	130000	5000	incorrect	122
014	16	Response	52	2407648	145089	1
014	17	Sound	P2/beat1	2438374	25000	1			25000		other	0
014	17	Sound	test16	2484874	71500	1			71500		other	0
014	17	Picture	3-213-1-3	2543692	130318	7	5166	7	130000	5000	hit	126
014	17	Response	61	2556368	142993	1
014	18	Sound	P2/beat	2589190	25000	1			25000		other	0
014	18	Sound	f11	2635690	71500	1			71500		other	0
014	18	Picture	3-113-1-3	2694508	130318	7	5166	7	130000	5000	hit	130
014	18	Response	61	2712449	148259	1
014	19	Sound	P2/beat	2740005	25000	1			25000		other	0
014	19	Sound	test07	2786505	71500	1			71500		other	0
014	19	Picture	2-223-1-2	2845323	130318	7	5166	7	130000	5000	hit	134
014	19	Response	62	2855488	140482	2
014	20	Sound	P2/beat	2890821	25000	1			25000		other	0
014	20	Sound	f23	2937321	71500	1			71500		other	0
014	20	Picture	2-113-1-2	2996139	130318	7	5166	7	130000	5000	incorrect	138
014	20	Response	52	3004448	138627	1
014	21	Sound	P0/none1	3041636	25000	1			25000		other	0
014	21	Sound	test23	3088136	71500	1			71500		other	0
014	21	Picture	2-221-2-2	3146954	130318	7	5166	7	130000	5000	hit	142
014	21	Response	62	3160929	144292	2
014	22	Sound	P0/none	3192452	25000	1			25000		other	0
014	22	Sound	f24	3238952	71500	1			71500		other	0
014	22	Picture	3-121-1-3	3297770	130318	7	5166	7	130000	5000	hit	146
014	22	Response	62	3311248	143796	1
014	23	Sound	P0/none	3343267	25000	1			25000		other	0
014	23	Sound	n06	3389767	71500	1			71500		other	0
014	23	Picture	3-211-1-3	3448585	130318	7	5166	7	130000	5000	incorrect	150
014	23	Response	52	3463088	144820	1
014	24	Sound	P0/none	3494083	25000	1			25000		other	0
014	24	Sound	test24	3540583	71500	1			71500		other	0
014	24	Picture	2-221-1-2	3599401	130318	7	5166	7	130000	5000	hit	154
014	24	Response	62	3619088	150005	1
014	25	Sound	P1/tapping1	3644898	25000	1			25000		other	0
014	25	Response	53	3652689	32790	1
014	25	Response	53	3657808	37910	1
014	25	Response	53	3663488	43590	1
014	25	Response	53	3668928	49030	2
014	25	Response	53	3674688	54790	2
014	25	Response	53	3680128	60229	1
014	25	Response	53	3685488	65589	1
014	25	Response	53	3690368	70469	1
014	25	Sound	test02	3691398	71500	1			71500		other	0
014	25	Picture	2-212-1-2	3750216	130318	7	5166	7	130000	5000	hit	166
014	25	Response	61	3762528	142629	1
014	26	Sound	P1/tapping	3795714	25000	1			25000		other	0
014	26	Response	53	3802608	31894	1
014	26	Response	53	3807568	36854	1
014	26	Response	53	3813968	43254	1
014	26	Response	53	3820209	49495	2
014	26	Response	53	3825568	54854	1
014	26	Response	53	3830928	60214	1
014	26	Response	53	3836528	65814	1
014	26	Sound	f14	3842214	71500	1			71500		other	0
014	26	Response	53	3843009	72295	2
014	26	Picture	2-122-2-2	3901032	130318	7	5166	7	130000	5000	miss	0
014	27	Response	51	3923248	1719	1
014	27	Response	53	3943088	21558	2
014	27	Sound	P1/tapping	3946530	25000	1			25000		other	0
014	27	Response	53	3949408	27878	1
014	27	Response	53	3956288	34758	1
014	27	Response	53	3963248	41718	1
014	27	Response	53	3969088	47558	2
014	27	Response	53	3975088	53558	1
014	27	Response	53	3980289	58759	2
014	27	Response	53	3987168	65638	1
014	27	Sound	f17	3993029	71500	1			71500		other	0
014	27	Picture	3-122-1-3	4051848	130318	7	5166	7	130000	5000	hit	190
014	27	Response	62	4061408	139879	1
014	28	Sound	P1/tapping	4097345	25000	1			25000		other	0
014	28	Response	53	4110928	38583	1
014	28	Response	53	4115328	42982	1
014	28	Response	53	4120608	48263	1
014	28	Response	53	4126208	53863	1
014	28	Response	53	4131328	58983	1
014	28	Response	53	4136688	64343	1
014	28	Response	53	4142528	70183	1
014	28	Sound	test17	4143845	71500	1			71500		other	0
014	28	Picture	2-222-2-2	4202663	130318	7	5166	7	130000	5000	hit	201
014	28	Response	62	4219569	147223	1
014	29	Sound	P2/beat1	4248161	25000	1			25000		other	0
014	29	Sound	f10	4294661	71500	1			71500		other	0
014	29	Picture	2-123-1-2	4353479	130318	7	5166	7	130000	5000	hit	205
014	29	Response	62	4370368	147207	1
014	30	Sound	P2/beat	4398977	25000	1			25000		other	0
014	30	Sound	test01	4445476	71500	1			71500		other	0
014	30	Picture	2-223-1-2	4504294	130318	7	5166	7	130000	5000	hit	209
014	30	Response	62	4514048	140071	1
014	31	Sound	P2/beat	4549792	25000	1			25000		other	0
014	31	Sound	test12	4596292	71500	1			71500		other	0
014	31	Picture	2-213-1-2	4655110	130318	7	5166	7	130000	5000	incorrect	213
014	31	Response	52	4670848	146056	1
014	32	Sound	P2/beat	4700607	25000	1			25000		other	0
014	32	Sound	test08	4747107	71500	1			71500		other	0
014	32	Picture	2-223-1-2	4805926	130318	7	5166	7	130000	5000	hit	217
014	32	Response	62	4816928	141320	1
014	33	Sound	P2/both1	4851423	25000	1			25000		other	0
014	33	Response	53	4857568	31145	1
014	33	Response	53	4863408	36985	1
014	33	Response	53	4868688	42265	1
014	33	Response	53	4874368	47945	1
014	33	Response	53	4880448	54025	1
014	33	Response	53	4887088	60665	1
014	33	Response	53	4893008	66585	1
014	33	Sound	f09	4897923	71500	1			71500		other	0
014	33	Picture	3-114-1-3	4956741	130318	7	5166	7	130000	5000	hit	228
014	33	Response	61	4969968	143545	1
014	34	Sound	P2/both	5002239	25000	1			25000		other	0
014	34	Response	53	5004208	26969	1
014	34	Response	53	5007888	30649	1
014	34	Response	53	5013488	36249	1
014	34	Response	53	5019008	41769	1
014	34	Response	53	5025248	48009	1
014	34	Response	53	5031328	54089	1
014	34	Response	53	5037248	60009	1
014	34	Response	53	5043168	65929	1
014	34	Sound	test03	5048739	71500	1			71500		other	0
014	34	Picture	3-214-1-3	5107557	130318	7	5166	7	130000	5000	hit	240
014	34	Response	61	5115009	137770	1
014	35	Sound	P2/both	5153054	25000	1			25000		other	0
014	35	Response	53	5158288	30234	2
014	35	Response	53	5164049	35994	1
014	35	Response	53	5170048	41994	1
014	35	Response	53	5175808	47754	1
014	35	Response	53	5181808	53754	1
014	35	Response	53	5188048	59994	2
014	35	Response	53	5194609	66554	1
014	35	Sound	f04	5199554	71499	1			71500		other	0
014	35	Picture	3-114-1-3	5258372	130318	7	5166	7	130000	5000	hit	251
014	35	Response	61	5276528	148474	1
014	36	Sound	P2/both	5303870	25000	1			25000		other	0
014	36	Response	53	5305728	26858	1
014	36	Response	53	5310288	31418	1
014	36	Response	53	5315568	36698	1
014	36	Response	53	5321329	42459	2
014	36	Response	53	5327088	48218	1
014	36	Response	53	5333168	54298	1
014	36	Response	53	5338928	60058	1
014	36	Response	53	5345408	66538	1
014	36	Sound	f18	5350370	71500	1			71500		other	0
014	36	Picture	2-114-2-2	5409188	130318	7	5166	7	130000	5000	hit	263
014	36	Response	61	5421088	142218	2
014	37	Sound	P0/none1	5454686	25000	1			25000		other	0
014	37	Sound	f19	5501186	71500	1			71500		other	0
014	37	Picture	3-121-1-3	5560004	130318	7	5166	7	130000	5000	hit	267
014	37	Response	62	5572928	143242	1
014	38	Sound	P0/none	5605501	25000	1			25000		other	0
014	38	Sound	test09	5652001	71500	1			71500		other	0
014	38	Picture	2-211-1-2	5710819	130318	7	5166	7	130000	5000	incorrect	271
014	38	Response	52	5723168	142667	1
014	39	Sound	P0/none	5756317	25000	1			25000		other	0
014	39	Sound	f02	5802817	71500	1			71500		other	0
014	39	Picture	3-121-2-3	5861635	130318	7	5166	7	130000	5000	hit	275
014	39	Response	62	5870769	139451	1
014	40	Sound	P0/none	5907133	25000	1			25000		other	0
014	40	Sound	n13	5953633	71500	1			71500		other	0
014	40	Picture	2-221-1-2	6012451	130318	7	5166	7	130000	5000	hit	279
014	40	Response	62	6029009	146876	2
014	41	Sound	P1/tapping1	6057948	25000	1			25000		other	0
014	41	Response	53	6060609	27660	1
014	41	Response	53	6065649	32700	1
014	41	Response	53	6071009	38061	2
014	41	Response	53	6076369	43420	1
014	41	Response	53	6082529	49580	1
014	41	Response	53	6088129	55180	1
014	41	Response	53	6093169	60221	2
014	41	Response	53	6098449	65500	1
014	41	Sound	f16	6104448	71500	1			71500		other	0
014	41	Picture	3-112-1-3	6163266	130318	7	5166	7	130000	5000	hit	291
014	41	Response	61	6173888	140940	1
014	42	Sound	P1/tapping	6208764	25000	1			25000		other	0
014	42	Response	53	6210449	26685	1
014	42	Response	53	6214769	31005	1
014	42	Response	53	6220368	36604	2
014	42	Response	53	6225649	41885	1
014	42	Response	53	6230849	47085	1
014	42	Response	53	6236609	52845	1
014	42	Response	53	6241889	58125	1
014	42	Response	53	6246369	62605	1
014	42	Response	53	6253249	69485	1
014	42	Sound	n14	6255264	71500	1			71500		other	0
014	42	Picture	3-112-1-3	6314082	130318	7	5166	7	130000	5000	hit	304
014	42	Response	61	6333089	149325	2
014	43	Sound	P1/tapping	6359580	25000	1			25000		other	0
014	43	Response	53	6362209	27629	1
014	43	Response	53	6366848	32269	1
014	43	Response	53	6372529	37949	1
014	43	Response	53	6378288	43709	2
014	43	Response	53	6383648	49069	2
014	43	Response	53	6389169	54589	1
014	43	Response	53	6394128	59549	1
014	43	Response	53	6399409	64829	2
014	43	Sound	f07	6406079	71500	1			71500		other	0
014	43	Picture	2-112-1-2	6464897	130318	29	5166	29	130000	5000	incorrect	316
014	43	Response	52	6477329	142749	1
014	44	Sound	P1/tapping	6510395	25000	1			25000		other	0
014	44	Response	53	6512929	27533	1
014	44	Response	53	6517969	32573	1
014	44	Response	53	6523409	38014	1
014	44	Response	53	6529329	43933	1
014	44	Response	53	6535089	49693	1
014	44	Response	53	6540369	54973	1
014	44	Response	53	6545969	60574	1
014	44	Response	53	6551809	66414	1
014	44	Sound	n11	6556895	71500	1			71500		other	0
014	44	Picture	2-112-1-2	6615713	130318	7	5166	7	130000	5000	hit	328
014	44	Response	61	6628769	143374	1
014	45	Sound	P2/both1	6661211	25000	1			25000		other	0
014	45	Response	53	6663729	27518	1
014	45	Response	53	6668608	32397	1
014	45	Response	53	6673649	37437	1
014	45	Response	53	6679249	43037	1
014	45	Response	53	6685088	48877	1
014	45	Response	53	6690849	54637	1
014	45	Response	53	6696928	60717	1
014	45	Response	53	6702369	66157	1
014	45	Sound	test10	6707711	71500	1			71500		other	0
014	45	Picture	2-224-1-2	6766529	130318	7	5166	7	130000	5000	hit	340
014	45	Response	62	6782849	146637	1
014	46	Sound	P2/both	6812026	25000	1			25000		other	0
014	46	Response	53	6814769	27742	1
014	46	Response	53	6819569	32542	1
014	46	Response	53	6826209	39182	1
014	46	Response	53	6830528	43502	1
014	46	Response	53	6835969	48942	1
014	46	Response	53	6841409	54383	2
014	46	Response	53	6847249	60222	1
014	46	Response	53	6852929	65902	1
014	46	Sound	test14	6858526	71500	1			71500		other	0
014	46	Picture	3-224-1-3	6917345	130318	7	5166	7	130000	5000	hit	352
014	46	Response	62	6929409	142382	2
014	47	Sound	P2/both	6962842	25000	1			25000		other	0
014	47	Response	53	6965649	27806	1
014	47	Response	53	6969329	31486	1
014	47	Response	53	6974689	36846	1
014	47	Response	53	6980209	42366	1
014	47	Response	53	6986209	48366	1
014	47	Response	53	6992769	54926	1
014	47	Response	53	6999009	61166	1
014	47	Response	53	7004209	66366	1
014	47	Sound	test21	7009342	71500	1			71500		other	0
014	47	Picture	2-224-2-2	7068160	130318	7	5166	7	130000	5000	hit	364
014	47	Response	62	7082129	144286	1
014	48	Sound	P2/both	7113658	25000	1			25000		other	0
014	48	Response	53	7116689	28031	1
014	48	Response	53	7120689	32031	1
014	48	Response	53	7125969	37311	1
014	48	Response	53	7131169	42511	1
014	48	Response	53	7137409	48751	1
014	48	Response	53	7143249	54591	1
014	48	Response	53	7149569	60911	2
014	48	Response	53	7155329	66671	1
014	48	Sound	test11	7160158	71500	1			71500		other	0
014	48	Picture	3-224-1-3	7218976	130318	7	5166	7	130000	5000	incorrect	376
014	48	Response	51	7235969	147311	1
014	49	Sound	P1/tapping1	7264473	25000	1			25000		other	0
014	49	Response	53	7266369	26895	1
014	49	Response	53	7270689	31215	2
014	49	Response	53	7276210	36736	2
014	49	Response	53	7281969	42495	1
014	49	Response	53	7288369	48895	1
014	49	Response	53	7293729	54255	1
014	49	Response	53	7300049	60575	1
014	49	Response	53	7305729	66255	1
014	49	Sound	f22	7310974	71500	1			71500		other	0
014	49	Picture	3-112-1-3	7369792	130318	7	5166	7	130000	5000	incorrect	388
014	49	Response	52	7384049	144575	1
014	50	Sound	P1/tapping	7415289	25000	1			25000		other	0
014	50	Response	53	7417089	26800	1
014	50	Response	53	7421649	31359	1
014	50	Response	53	7428369	38080	1
014	50	Response	53	7434689	44400	1
014	50	Response	53	7440529	50239	1
014	50	Response	53	7446209	55919	1
014	50	Response	53	7451889	61599	1
014	50	Response	53	7457170	66880	2
014	50	Sound	n12	7461789	71500	1			71500		other	0
014	50	Picture	3-112-1-3	7520608	130318	7	5166	7	130000	5000	miss	0
014	51	Response	52	7541809	704	1
014	51	Sound	P1/tapping	7566105	25000	1			25000		other	0
014	51	Response	53	7567809	26704	1
014	51	Response	53	7573009	31904	1
014	51	Response	53	7579649	38544	1
014	51	Response	53	7585569	44463	1
014	51	Response	53	7591649	50544	1
014	51	Response	53	7597089	55984	1
014	51	Response	53	7602689	61584	1
014	51	Response	53	7608129	67024	2
014	51	Sound	test25	7612605	71500	1			71500		other	0
014	51	Picture	3-222-1-3	7671423	130318	7	5166	7	130000	5000	hit	412
014	51	Response	62	7686689	145584	2
014	52	Sound	P1/tapping	7716921	25000	1			25000		other	0
014	52	Response	53	7718770	26849	2
014	52	Response	53	7723889	31968	1
014	52	Response	53	7730370	38449	2
014	52	Response	53	7736609	44688	1
014	52	Response	53	7742289	50368	1
014	52	Response	53	7748449	56528	2
014	52	Response	53	7754129	62208	1
014	52	Response	53	7759569	67648	2
014	52	Sound	f20	7763421	71500	1			71500		other	0
014	52	Picture	3-112-1-3	7822239	130318	7	5166	7	130000	5000	hit	424
014	52	Response	61	7836049	144128	1
014	53	Sound	P0/none1	7867736	25000	1			25000		other	0
014	53	Sound	f12	7914236	71500	1			71500		other	0
014	53	Picture	3-111-1-3	7973055	130318	7	5166	7	130000	5000	incorrect	428
014	53	Response	52	7987569	144832	1
014	54	Sound	P0/none	8018552	25000	1			25000		other	0
014	54	Sound	test06	8065052	71500	1			71500		other	0
014	54	Picture	2-211-1-2	8123870	130318	7	5166	7	130000	5000	hit	432
014	54	Response	61	8134690	141137	1
014	55	Sound	P0/none	8169368	25000	1			25000		other	0
014	55	Sound	f06	8215868	71500	1			71500		other	0
014	55	Picture	2-121-1-2	8274686	130318	7	5166	7	130000	5000	incorrect	436
014	55	Response	51	8291169	146801	1
014	56	Sound	P0/none	8320184	25000	1			25000		other	0
014	56	Sound	n10	8366684	71500	1			71500		other	0
014	56	Picture	3-111-1-3	8425502	130318	7	5166	7	130000	5000	hit	440
014	56	Response	61	8443329	148145	2
014	57	Sound	P2/beat1	8470999	25000	1			25000		other	0
014	57	Sound	f13	8517499	71500	1			71500		other	0
014	57	Picture	2-123-1-2	8576318	130318	7	5166	7	130000	5000	hit	444
014	57	Response	62	8591009	145010	2
014	58	Sound	P2/beat	8621815	25000	1			25000		other	0
014	58	Sound	test22	8668315	71500	1			71500		other	0
014	58	Picture	2-213-2-2	8727133	130318	7	5166	7	130000	5000	incorrect	448
014	58	Response	52	8741889	145074	1
014	59	Sound	P2/beat	8772631	25000	1			25000		other	0
014	59	Sound	n09	8819131	71500	1			71500		other	0
014	59	Picture	3-223-1-3	8877949	130318	7	5166	7	130000	5000	incorrect	452
014	59	Response	51	8895169	147538	2
014	60	Sound	P2/beat	8923446	25000	1			25000		other	0
014	60	Sound	test19	8969946	71500	1			71500		other	0
014	60	Picture	2-213-1-2	9028765	130318	7	5166	7	130000	5000	miss	0


Event Type	Code	Type	Response	RT	RT Uncertainty	Time	Uncertainty	Duration	Uncertainty	ReqTime	ReqDur

Sound	P2/beat1	other				25327	1			25000
Sound	n05	other				71827	1			71500
Picture	3-113-1-3	incorrect	2	17642	7	130645	7	5166	7	130000	5000
Sound	P2/beat	other				176142	1			25000
Sound	f05	other				222642	1			71500
Picture	3-113-1-3	incorrect	2	12027	8	281461	7	5166	7	130000	5000
Sound	P2/beat	other				326958	1			25000
Sound	n01	other				373458	1			71500
Picture	3-223-1-3	hit	2	12892	9	432276	7	5166	7	130000	5000
Sound	P2/beat	other				477773	1			25000
Sound	test15	other				524273	1			71500
Picture	2-223-1-2	hit	2	18796	7	583091	7	5166	7	130000	5000
Sound	P1/tapping1	other				628589	1			25000
Sound	f08	other				675089	1			71500
Picture	3-122-2-3	hit	2	13581	7	733907	7	5166	7	130000	5000
Sound	P1/tapping	other				779404	1			25000
Sound	f01	other				825904	1			71500
Picture	2-122-1-2	hit	2	17085	7	884722	7	5166	7	130000	5000
Sound	P1/tapping	other				930219	1			25000
Sound	n03	other				976719	1			71500
Picture	3-122-1-3	miss				1035538	7	5166	7	130000	5000
Sound	P1/tapping	other				1081035	1			25000
Sound	test18	other				1127535	1			71500
Picture	3-212-1-3	hit	1	10094	7	1186353	7	5166	7	130000	5000
Sound	P2/both1	other				1231850	1			25000
Sound	test13	other				1278350	1			71500
Picture	3-214-1-3	incorrect	2	14319	7	1337168	7	5166	7	130000	5000
Sound	P2/both	other				1382666	1			25000
Sound	test04	other				1429166	1			71500
Picture	2-224-1-2	hit	2	12064	7	1487984	7	5166	7	130000	5000
Sound	P2/both	other				1533481	1			25000
Sound	f15	other				1579981	1			71500
Picture	3-124-1-3	hit	2	9008	8	1638799	7	5166	7	130000	5000
Sound	P2/both	other				1684297	1			25000
Sound	f21	other				1730797	1			71500
Picture	3-124-1-3	hit	2	16913	7	1789615	7	5166	7	130000	5000
Sound	P0/none1	other				1835112	1			25000
Sound	n07	other				1881612	1			71500
Picture	2-221-1-2	incorrect	1	20177	7	1940430	7	5166	7	130000	5000
Sound	P0/none	other				1985927	1			25000
Sound	n04	other				2032427	1			71500
Picture	2-211-1-2	hit	1	8082	7	2091246	7	5166	7	130000	5000
Sound	P0/none	other				2136743	1			25000
Sound	f03	other				2183243	1			71500
Picture	2-111-1-2	incorrect	2	11506	7	2242061	7	5166	7	130000	5000
Sound	P0/none	other				2287559	1			25000
Sound	test05	other				2334059	1			71500
Picture	2-211-1-2	incorrect	2	14771	7	2392877	7	5166	7	130000	5000
Sound	P2/beat1	other				2438374	1			25000
Sound	test16	other				2484874	1			71500
Picture	3-213-1-3	hit	1	12676	7	2543692	7	5166	7	130000	5000
Sound	P2/beat	other				2589190	1			25000
Sound	f11	other				2635690	1			71500
Picture	3-113-1-3	hit	1	17941	7	2694508	7	5166	7	130000	5000
Sound	P2/beat	other				2740005	1			25000
Sound	test07	other				2786505	1			71500
Picture	2-223-1-2	hit	2	10164	8	2845323	7	5166	7	130000	5000
Sound	P2/beat	other				2890821	1			25000
Sound	f23	other				2937321	1			71500
Picture	2-113-1-2	incorrect	2	8309	7	2996139	7	5166	7	130000	5000
Sound	P0/none1	other				3041636	1			25000
Sound	test23	other				3088136	1			71500
Picture	2-221-2-2	hit	2	13974	8	3146954	7	5166	7	130000	5000
Sound	P0/none	other				3192452	1			25000
Sound	f24	other				3238952	1			71500
Picture	3-121-1-3	hit	2	13479	7	3297770	7	5166	7	130000	5000
Sound	P0/none	other				3343267	1			25000
Sound	n06	other				3389767	1			71500
Picture	3-211-1-3	incorrect	2	14502	7	3448585	7	5166	7	130000	5000
Sound	P0/none	other				3494083	1			25000
Sound	test24	other				3540583	1			71500
Picture	2-221-1-2	hit	2	19687	7	3599401	7	5166	7	130000	5000
Sound	P1/tapping1	other				3644898	1			25000
Sound	test02	other				3691398	1			71500
Picture	2-212-1-2	hit	1	12311	7	3750216	7	5166	7	130000	5000
Sound	P1/tapping	other				3795714	1			25000
Sound	f14	other				3842214	1			71500
Picture	2-122-2-2	miss				3901032	7	5166	7	130000	5000
Sound	P1/tapping	other				3946530	1			25000
Sound	f17	other				3993029	1			71500
Picture	3-122-1-3	hit	2	9561	7	4051848	7	5166	7	130000	5000
Sound	P1/tapping	other				4097345	1			25000
Sound	test17	other				4143845	1			71500
Picture	2-222-2-2	hit	2	16905	7	4202663	7	5166	7	130000	5000
Sound	P2/beat1	other				4248161	1			25000
Sound	f10	other				4294661	1			71500
Picture	2-123-1-2	hit	2	16889	7	4353479	7	5166	7	130000	5000
Sound	P2/beat	other				4398977	1			25000
Sound	test01	other				4445476	1			71500
Picture	2-223-1-2	hit	2	9754	7	4504294	7	5166	7	130000	5000
Sound	P2/beat	other				4549792	1			25000
Sound	test12	other				4596292	1			71500
Picture	2-213-1-2	incorrect	2	15738	7	4655110	7	5166	7	130000	5000
Sound	P2/beat	other				4700607	1			25000
Sound	test08	other				4747107	1			71500
Picture	2-223-1-2	hit	2	11002	7	4805926	7	5166	7	130000	5000
Sound	P2/both1	other				4851423	1			25000
Sound	f09	other				4897923	1			71500
Picture	3-114-1-3	hit	1	13227	7	4956741	7	5166	7	130000	5000
Sound	P2/both	other				5002239	1			25000
Sound	test03	other				5048739	1			71500
Picture	3-214-1-3	hit	1	7452	7	5107557	7	5166	7	130000	5000
Sound	P2/both	other				5153054	1			25000
Sound	f04	other				5199554	1			71500
Picture	3-114-1-3	hit	1	18156	7	5258372	7	5166	7	130000	5000
Sound	P2/both	other				5303870	1			25000
Sound	f18	other				5350370	1			71500
Picture	2-114-2-2	hit	1	11900	8	5409188	7	5166	7	130000	5000
Sound	P0/none1	other				5454686	1			25000
Sound	f19	other				5501186	1			71500
Picture	3-121-1-3	hit	2	12924	7	5560004	7	5166	7	130000	5000
Sound	P0/none	other				5605501	1			25000
Sound	test09	other				5652001	1			71500
Picture	2-211-1-2	incorrect	2	12349	7	5710819	7	5166	7	130000	5000
Sound	P0/none	other				5756317	1			25000
Sound	f02	other				5802817	1			71500
Picture	3-121-2-3	hit	2	9133	7	5861635	7	5166	7	130000	5000
Sound	P0/none	other				5907133	1			25000
Sound	n13	other				5953633	1			71500
Picture	2-221-1-2	hit	2	16558	8	6012451	7	5166	7	130000	5000
Sound	P1/tapping1	other				6057948	1			25000
Sound	f16	other				6104448	1			71500
Picture	3-112-1-3	hit	1	10622	7	6163266	7	5166	7	130000	5000
Sound	P1/tapping	other				6208764	1			25000
Sound	n14	other				6255264	1			71500
Picture	3-112-1-3	hit	1	19007	8	6314082	7	5166	7	130000	5000
Sound	P1/tapping	other				6359580	1			25000
Sound	f07	other				6406079	1			71500
Picture	2-112-1-2	incorrect	2	12431	30	6464897	29	5166	29	130000	5000
Sound	P1/tapping	other				6510395	1			25000
Sound	n11	other				6556895	1			71500
Picture	2-112-1-2	hit	1	13056	7	6615713	7	5166	7	130000	5000
Sound	P2/both1	other				6661211	1			25000
Sound	test10	other				6707711	1			71500
Picture	2-224-1-2	hit	2	16320	7	6766529	7	5166	7	130000	5000
Sound	P2/both	other				6812026	1			25000
Sound	test14	other				6858526	1			71500
Picture	3-224-1-3	hit	2	12064	8	6917345	7	5166	7	130000	5000
Sound	P2/both	other				6962842	1			25000
Sound	test21	other				7009342	1			71500
Picture	2-224-2-2	hit	2	13969	7	7068160	7	5166	7	130000	5000
Sound	P2/both	other				7113658	1			25000
Sound	test11	other				7160158	1			71500
Picture	3-224-1-3	incorrect	1	16993	7	7218976	7	5166	7	130000	5000
Sound	P1/tapping1	other				7264473	1			25000
Sound	f22	other				7310974	1			71500
Picture	3-112-1-3	incorrect	2	14257	7	7369792	7	5166	7	130000	5000
Sound	P1/tapping	other				7415289	1			25000
Sound	n12	other				7461789	1			71500
Picture	3-112-1-3	miss				7520608	7	5166	7	130000	5000
Sound	P1/tapping	other				7566105	1			25000
Sound	test25	other				7612605	1			71500
Picture	3-222-1-3	hit	2	15266	8	7671423	7	5166	7	130000	5000
Sound	P1/tapping	other				7716921	1			25000
Sound	f20	other				7763421	1			71500
Picture	3-112-1-3	hit	1	13810	7	7822239	7	5166	7	130000	5000
Sound	P0/none1	other				7867736	1			25000
Sound	f12	other				7914236	1			71500
Picture	3-111-1-3	incorrect	2	14514	7	7973055	7	5166	7	130000	5000
Sound	P0/none	other				8018552	1			25000
Sound	test06	other				8065052	1			71500
Picture	2-211-1-2	hit	1	10819	7	8123870	7	5166	7	130000	5000
Sound	P0/none	other				8169368	1			25000
Sound	f06	other				8215868	1			71500
Picture	2-121-1-2	incorrect	1	16483	7	8274686	7	5166	7	130000	5000
Sound	P0/none	other				8320184	1			25000
Sound	n10	other				8366684	1			71500
Picture	3-111-1-3	hit	1	17827	8	8425502	7	5166	7	130000	5000
Sound	P2/beat1	other				8470999	1			25000
Sound	f13	other				8517499	1			71500
Picture	2-123-1-2	hit	2	14691	8	8576318	7	5166	7	130000	5000
Sound	P2/beat	other				8621815	1			25000
Sound	test22	other				8668315	1			71500
Picture	2-213-2-2	incorrect	2	14756	7	8727133	7	5166	7	130000	5000
Sound	P2/beat	other				8772631	1			25000
Sound	n09	other				8819131	1			71500
Picture	3-223-1-3	incorrect	1	17220	8	8877949	7	5166	7	130000	5000
Sound	P2/beat	other				8923446	1			25000
Sound	test19	other				8969946	1			71500
Picture	2-213-1-2	miss				9028765	7	5166	7	130000	5000


{
   "app": "Presentation Version 22.1 Build 01.21.21",
   "device": "Dell Inc. OptiPlex 7050",
   "experiment": "{C8E97CB4-6FCA-44FA-B866-4A2D94B6B85C}",
   "os": "Windows 10 64 bit",
   "package": "",
   "parameters": {
      "configuration": "Default configuration"
   },
   "scenario": "entrain_list1_sess2_EB.sce",
   "subject": "014",
   "timestamp": "2022/10/19 09:11:23 GMT"
}
