Scenario - test
Logfile written - 10/19/2022 12:19:05

Subject	Trial	Event Type	Code	Time	TTime	Uncertainty	Duration	Uncertainty	ReqTime	ReqDur	Stim Type	Pair Index

014	1	Sound	P0/none1	25160	25000	1			25000		other	0
014	1	Sound	f01	71660	71500	1			71500		other	0
014	1	Picture	2-111-1-2	130479	130318	7	5166	7	130000	5000	hit	4
014	1	Response	61	144657	144497	2
014	2	Sound	P0/none	175976	25000	1			25000		other	0
014	2	Sound	test01	222476	71500	1			71500		other	0
014	2	Picture	2-211-1-2	281461	130485	7	5166	7	130000	5000	hit	8
014	2	Response	61	291537	140561	1
014	3	Sound	P0/none	326959	25000	1			25000		other	0
014	3	Sound	test22	373459	71500	1			71500		other	0
014	3	Picture	3-211-1-3	432277	130318	7	5166	7	130000	5000	hit	12
014	3	Response	61	447057	145099	1
014	4	Sound	P0/none	477775	25000	1			25000		other	0
014	4	Sound	f07	524275	71500	1			71500		other	0
014	4	Picture	2-121-1-2	583093	130318	7	5166	7	130000	5000	hit	16
014	4	Response	62	599298	146523	1
014	5	Sound	P2/beat1	628591	25000	1			25000		other	0
014	5	Sound	f03	675090	71500	1			71500		other	0
014	5	Picture	2-123-1-2	733909	130318	7	5166	7	130000	5000	hit	20
014	5	Response	62	750018	146427	1
014	6	Sound	P2/beat	779406	25000	1			25000		other	0
014	6	Sound	n12	825906	71500	1			71500		other	0
014	6	Picture	3-123-1-3	884725	130318	7	5166	7	130000	5000	hit	24
014	6	Response	62	903698	149291	2
014	7	Sound	P2/beat	930219	24997	1			25000		other	0
014	7	Sound	test10	976722	71500	1			71500		other	0
014	7	Picture	2-213-1-2	1035540	130318	7	5166	7	130000	5000	incorrect	28
014	7	Response	52	1053618	148396	1
014	8	Sound	P2/beat	1081038	25000	1			25000		other	0
014	8	Sound	f17	1127538	71500	1			71500		other	0
014	8	Picture	3-113-1-3	1186356	130318	7	5166	7	130000	5000	hit	32
014	8	Response	61	1199218	143180	1
014	9	Sound	P0/none1	1231853	25000	1			25000		other	0
014	9	Sound	f09	1278353	71500	1			71500		other	0
014	9	Picture	2-111-1-2	1337172	130318	7	5166	7	130000	5000	hit	36
014	9	Response	61	1356498	149644	1
014	10	Sound	P0/none	1382669	25000	1			25000		other	0
014	10	Sound	test02	1429169	71500	1			71500		other	0
014	10	Picture	2-221-1-2	1487988	130318	7	5166	7	130000	5000	hit	40
014	10	Response	62	1505618	147949	2
014	11	Sound	P0/none	1533485	25000	1			25000		other	0
014	11	Sound	f20	1579985	71500	1			71500		other	0
014	11	Picture	3-121-1-3	1638803	130318	7	5166	7	130000	5000	hit	44
014	11	Response	62	1657777	149292	1
014	12	Sound	P0/none	1684301	25000	1			25000		other	0
014	12	Sound	test21	1730801	71500	1			71500		other	0
014	12	Picture	3-221-1-3	1789619	130318	7	5166	7	130000	5000	hit	48
014	12	Response	62	1809298	149997	1
014	13	Sound	P1/tapping1	1835117	25000	1			25000		other	0
014	13	Response	53	1839138	29021	1
014	13	Response	53	1845858	35741	1
014	13	Response	53	1851138	41021	1
014	13	Response	53	1856498	46381	1
014	13	Response	53	1862258	52141	1
014	13	Response	53	1868018	57901	1
014	13	Response	53	1873938	63821	1
014	13	Response	53	1878738	68621	1
014	13	Sound	test04	1881617	71500	1			71500		other	0
014	13	Picture	2-212-1-2	1940435	130318	7	5166	7	130000	5000	incorrect	60
014	13	Response	52	1957858	147741	1
014	14	Sound	P1/tapping	1985933	25000	1			25000		other	0
014	14	Response	53	1987458	26525	1
014	14	Response	53	1992579	31646	1
014	14	Response	53	1998417	37485	1
014	14	Response	53	2004418	43485	1
014	14	Response	53	2010018	49085	1
014	14	Response	53	2015378	54445	1
014	14	Response	53	2020818	59885	1
014	14	Response	53	2027619	66686	1
014	14	Sound	test23	2032432	71500	1			71500		other	0
014	14	Picture	3-222-1-3	2091251	130318	7	5166	7	130000	5000	hit	72
014	14	Response	62	2104018	143086	2
014	15	Sound	P1/tapping	2136748	25000	1			25000		other	0
014	15	Response	53	2143458	31709	1
014	15	Response	53	2150658	38909	1
014	15	Response	53	2156418	44669	1
014	15	Response	53	2161938	50189	1
014	15	Response	53	2167378	55629	1
014	15	Response	53	2172498	60749	1
014	15	Response	53	2177698	65949	1
014	15	Sound	test06	2183248	71500	1			71500		other	0
014	15	Picture	2-222-1-2	2242067	130318	7	5166	7	130000	5000	hit	83
014	15	Response	62	2258097	146349	2
014	16	Sound	P1/tapping	2287564	25000	1			25000		other	0
014	16	Response	53	2289458	26894	1
014	16	Response	53	2294258	31694	1
014	16	Response	53	2299698	37134	1
014	16	Response	53	2305298	42734	1
014	16	Response	53	2310898	48334	1
014	16	Response	53	2316418	53854	1
014	16	Response	53	2321538	58974	1
014	16	Response	53	2327058	64494	1
014	16	Sound	test07	2334064	71500	1			71500		other	0
014	16	Picture	2-212-1-2	2392882	130318	7	5166	7	130000	5000	hit	95
014	16	Response	61	2409218	146654	1
014	17	Sound	P2/both1	2438380	25000	1			25000		other	0
014	17	Response	53	2440258	26878	1
014	17	Response	53	2445459	32079	2
014	17	Response	53	2450658	37278	1
014	17	Response	53	2455938	42558	1
014	17	Response	53	2461938	48558	1
014	17	Response	53	2467618	54238	1
014	17	Response	53	2473458	60078	1
014	17	Response	53	2479058	65678	2
014	17	Sound	n01	2484880	71500	1			71500		other	0
014	17	Picture	3-214-1-3	2543698	130318	7	5166	7	130000	5000	hit	107
014	17	Response	61	2558018	144638	1
014	18	Sound	P2/both	2589195	25000	1			25000		other	0
014	18	Response	53	2591138	26942	1
014	18	Response	53	2595938	31742	1
014	18	Response	53	2601218	37022	1
014	18	Response	53	2606578	42382	1
014	18	Response	53	2612738	48542	1
014	18	Response	53	2618338	54142	1
014	18	Response	53	2624099	59903	2
014	18	Response	53	2630098	65902	1
014	18	Sound	f22	2635695	71500	1			71500		other	0
014	18	Picture	3-124-1-3	2694514	130318	7	5166	7	130000	5000	miss	0
014	19	Sound	P2/both	2740012	25000	1			25000		other	0
014	19	Response	53	2741858	26846	1
014	19	Response	53	2746578	31566	1
014	19	Response	53	2752098	37086	1
014	19	Response	53	2757778	42766	1
014	19	Response	53	2764018	49006	2
014	19	Response	53	2769538	54526	1
014	19	Response	53	2777218	62206	1
014	19	Response	53	2781618	66606	1
014	19	Sound	f19	2786511	71500	1			71500		other	0
014	19	Picture	3-114-1-3	2845330	130318	7	5166	7	130000	5000	incorrect	130
014	19	Response	52	2861138	146126	1
014	20	Sound	P2/both	2890827	25000	1			25000		other	0
014	20	Response	53	2896178	30350	2
014	20	Response	53	2902018	36190	2
014	20	Response	53	2907778	41950	1
014	20	Response	53	2913858	48030	1
014	20	Response	53	2919938	54111	1
014	20	Response	53	2926098	60270	1
014	20	Response	53	2932898	67071	1
014	20	Sound	test16	2937327	71500	1			71500		other	0
014	20	Picture	3-224-1-3	2996145	130318	7	5166	7	130000	5000	hit	141
014	20	Response	62	3013458	147630	1
014	21	Response	53	3041538	24895	1
014	21	Sound	P1/tapping1	3041643	25000	1			25000		other	0
014	21	Response	53	3047218	30575	1
014	21	Response	53	3053458	36815	1
014	21	Response	53	3059778	43135	1
014	21	Response	53	3064898	48255	1
014	21	Response	53	3070578	53935	1
014	21	Response	53	3075858	59215	1
014	21	Response	53	3080898	64255	1
014	21	Response	53	3085858	69215	1
014	21	Sound	test05	3088143	71500	1			71500		other	0
014	21	Picture	2-222-1-2	3146961	130318	7	5166	7	130000	5000	hit	154
014	21	Response	62	3158098	141455	1
014	22	Sound	P1/tapping	3192459	25000	1			25000		other	0
014	22	Response	53	3198498	31039	1
014	22	Response	53	3204018	36559	1
014	22	Response	53	3209298	41839	2
014	22	Response	53	3214178	46720	3
014	22	Response	53	3219138	51679	2
014	22	Response	53	3224418	56959	1
014	22	Response	53	3229378	61919	2
014	22	Sound	test08	3238959	71500	1			71500		other	0
014	22	Picture	2-212-1-2	3297777	130318	7	5166	7	130000	5000	incorrect	165
014	22	Response	52	3316978	149519	1
014	23	Sound	P1/tapping	3343275	25000	1			25000		other	0
014	23	Response	53	3343939	25664	1
014	23	Response	53	3349218	30943	1
014	23	Response	53	3355058	36783	1
014	23	Response	53	3360898	42623	1
014	23	Response	53	3366178	47903	1
014	23	Response	53	3371618	53343	1
014	23	Response	53	3377218	58943	1
014	23	Response	53	3383458	65183	1
014	23	Sound	test14	3389775	71500	1			71500		other	0
014	23	Picture	3-212-1-3	3448593	130318	7	5166	7	130000	5000	hit	177
014	23	Response	61	3458978	140704	1
014	24	Sound	P1/tapping	3494090	25000	1			25000		other	0
014	24	Response	53	3495938	26848	1
014	24	Response	53	3500818	31728	1
014	24	Response	53	3506418	37328	1
014	24	Response	53	3511459	42368	2
014	24	Response	53	3516738	47647	1
014	24	Response	53	3521458	52368	2
014	24	Response	53	3526498	57408	1
014	24	Response	53	3531458	62368	1
014	24	Response	53	3536818	67728	1
014	24	Sound	test19	3540590	71500	1			71500		other	0
014	24	Picture	3-212-1-3	3599409	130318	7	5166	7	130000	5000	hit	190
014	24	Response	61	3614978	145888	2
014	25	Sound	P2/beat1	3644906	25000	1			25000		other	0
014	25	Sound	f15	3691406	71500	1			71500		other	0
014	25	Picture	3-113-1-3	3750225	130318	7	5166	7	130000	5000	hit	194
014	25	Response	61	3762818	142912	1
014	26	Sound	P2/beat	3795722	25000	1			25000		other	0
014	26	Sound	f16	3842222	71500	1			71500		other	0
014	26	Picture	3-123-1-3	3901040	130318	7	5166	7	130000	5000	hit	198
014	26	Response	62	3914018	143296	1
014	27	Sound	P2/beat	3946538	25000	1			25000		other	0
014	27	Sound	f18	3993038	71500	1			71500		other	0
014	27	Picture	3-113-1-3	4051856	130318	7	5166	7	130000	5000	miss	0
014	28	Sound	P2/beat	4097354	25000	1			25000		other	0
014	28	Sound	test18	4143854	71500	1			71500		other	0
014	28	Picture	3-223-1-3	4202672	130318	7	5166	7	130000	5000	hit	205
014	28	Response	62	4220499	148145	1
014	29	Sound	P2/both1	4248169	25000	1			25000		other	0
014	29	Response	53	4258658	35489	1
014	29	Response	53	4264738	41569	1
014	29	Response	53	4270898	47729	1
014	29	Response	53	4276978	53809	1
014	29	Response	53	4283138	59969	1
014	29	Response	53	4289458	66289	1
014	29	Sound	f10	4294669	71500	1			71500		other	0
014	29	Picture	2-114-1-2	4353488	130318	7	5166	7	130000	5000	incorrect	215
014	29	Response	52	4372578	149409	1
014	30	Sound	P2/both	4398985	25000	1			25000		other	0
014	30	Response	53	4401459	27473	1
014	30	Response	53	4405298	31313	1
014	30	Response	53	4410898	36913	1
014	30	Response	53	4416498	42513	1
014	30	Response	53	4422818	48833	1
014	30	Response	53	4428338	54353	1
014	30	Response	53	4434498	60513	1
014	30	Response	53	4440338	66353	1
014	30	Sound	f12	4445485	71500	1			71500		other	0
014	30	Picture	2-114-1-2	4504304	130318	7	5166	7	130000	5000	miss	0
014	31	Response	52	4525859	1057	2
014	31	Sound	P2/both	4549801	25000	1			25000		other	0
014	31	Response	53	4551618	26817	1
014	31	Response	53	4555858	31057	1
014	31	Response	53	4561458	36657	1
014	31	Response	53	4566658	41857	1
014	31	Response	53	4573138	48337	2
014	31	Response	53	4579138	54337	1
014	31	Response	53	4585138	60337	1
014	31	Response	53	4590978	66177	1
014	31	Sound	n05	4596301	71500	1			71500		other	0
014	31	Picture	3-124-1-3	4655120	130318	7	5166	7	130000	5000	miss	0
014	32	Response	51	4676098	481	1
014	32	Sound	P2/both	4700617	25000	1			25000		other	0
014	32	Response	53	4702339	26721	1
014	32	Response	53	4706978	31361	1
014	32	Response	53	4712578	36961	1
014	32	Response	53	4718099	42481	1
014	32	Response	53	4724259	48641	1
014	32	Response	53	4730579	54961	1
014	32	Response	53	4735939	60321	1
014	32	Response	53	4741378	65761	2
014	32	Sound	f13	4747117	71500	1			71500		other	0
014	32	Picture	3-124-1-3	4805935	130318	7	5166	7	130000	5000	hit	251
014	32	Response	62	4821699	146081	1
014	33	Sound	P0/none1	4851433	25000	1			25000		other	0
014	33	Sound	n09	4897933	71500	1			71500		other	0
014	33	Picture	3-211-1-3	4956751	130318	7	5166	7	130000	5000	hit	255
014	33	Response	61	4967699	141267	1
014	34	Sound	P0/none	5002249	25000	1			25000		other	0
014	34	Sound	test13	5048749	71500	1			71500		other	0
014	34	Picture	3-221-1-3	5107567	130318	7	5166	7	130000	5000	hit	259
014	34	Response	62	5125698	148449	1
014	35	Sound	P0/none	5153064	25000	1			25000		other	0
014	35	Sound	f11	5199564	71500	1			71500		other	0
014	35	Picture	2-111-1-2	5258383	130318	7	5166	7	130000	5000	hit	263
014	35	Response	61	5278338	150274	1
014	36	Sound	P0/none	5303880	25000	1			25000		other	0
014	36	Sound	test17	5350380	71500	1			71500		other	0
014	36	Picture	2-211-2-2	5409199	130318	7	5166	7	130000	5000	miss	0
014	37	Sound	P2/both1	5454696	25000	1			25000		other	0
014	37	Response	53	5456659	26963	1
014	37	Response	53	5460819	31122	1
014	37	Response	53	5466179	36482	1
014	37	Response	53	5472579	42882	1
014	37	Response	53	5478499	48802	1
014	37	Response	53	5484099	54402	1
014	37	Response	53	5489859	60163	2
014	37	Response	53	5496419	66722	1
014	37	Sound	f06	5501196	71500	1			71500		other	0
014	37	Picture	2-114-1-2	5560015	130318	7	5166	7	130000	5000	hit	278
014	37	Response	61	5570419	140722	1
014	38	Sound	P2/both	5605512	25000	1			25000		other	0
014	38	Response	53	5607139	26626	1
014	38	Response	53	5611379	30866	1
014	38	Response	53	5616739	36226	1
014	38	Response	53	5620418	39906	1
014	38	Response	53	5623779	43266	1
014	38	Response	53	5628099	47586	1
014	38	Response	53	5633939	53426	1
014	38	Response	53	5640499	59986	1
014	38	Response	53	5646499	65986	1
014	38	Sound	f24	5652012	71500	1			71500		other	0
014	38	Picture	3-114-1-3	5710830	130318	7	5166	7	130000	5000	hit	291
014	38	Response	61	5721219	140707	2
014	39	Sound	P2/both	5756328	25000	1			25000		other	0
014	39	Response	53	5758499	27171	1
014	39	Response	53	5762979	31651	1
014	39	Response	53	5768579	37251	1
014	39	Response	53	5774338	43010	2
014	39	Response	53	5779939	48611	1
014	39	Response	53	5785379	54051	2
014	39	Response	53	5791459	60131	1
014	39	Response	53	5797299	65971	1
014	39	Sound	f08	5802828	71500	1			71500		other	0
014	39	Picture	2-114-1-2	5861646	130318	7	5166	7	130000	5000	miss	0
014	40	Response	52	5882819	675	1
014	40	Sound	P2/both	5907144	25000	1			25000		other	0
014	40	Response	53	5909379	27235	2
014	40	Response	53	5913539	31395	1
014	40	Response	53	5918979	36835	1
014	40	Response	53	5924099	41955	1
014	40	Response	53	5930419	48275	1
014	40	Response	53	5936979	54835	1
014	40	Response	53	5942979	60835	1
014	40	Response	53	5948339	66195	1
014	40	Sound	n04	5953644	71500	1			71500		other	0
014	40	Picture	2-224-1-2	6012462	130318	7	5166	7	130000	5000	hit	315
014	40	Response	62	6027059	144915	1
014	41	Sound	P2/beat1	6057960	25000	1			25000		other	0
014	41	Sound	test09	6104459	71500	1			71500		other	0
014	41	Picture	2-223-1-2	6163278	130318	7	5166	7	130000	5000	incorrect	319
014	41	Response	51	6178579	145619	2
014	42	Sound	P2/beat	6208776	25000	1			25000		other	0
014	42	Sound	test03	6255275	71500	1			71500		other	0
014	42	Picture	2-213-1-2	6314094	130318	7	5166	7	130000	5000	incorrect	323
014	42	Response	53	6318179	134404	1
014	43	Sound	P2/beat	6359591	25000	1			25000		other	0
014	43	Sound	n10	6406091	71500	1			71500		other	0
014	43	Picture	3-123-1-3	6464910	130318	7	5166	7	130000	5000	incorrect	327
014	43	Response	51	6478019	143427	1
014	44	Sound	P2/beat	6510407	25000	1			25000		other	0
014	44	Sound	test24	6556907	71500	1			71500		other	0
014	44	Picture	3-223-1-3	6615726	130318	7	5166	7	130000	5000	hit	331
014	44	Response	62	6635459	150051	1
014	45	Sound	P1/tapping1	6661223	25000	1			25000		other	0
014	45	Response	53	6663779	27556	1
014	45	Response	53	6668900	32677	2
014	45	Response	53	6673859	37635	1
014	45	Response	53	6678660	42436	2
014	45	Response	53	6683779	47556	1
014	45	Response	53	6689059	52835	2
014	45	Response	53	6694179	57956	1
014	45	Response	53	6699059	62836	1
014	45	Response	53	6706979	70756	1
014	45	Sound	f05	6707723	71500	1			71500		other	0
014	45	Picture	2-112-1-2	6766541	130318	7	5166	7	130000	5000	incorrect	344
014	45	Response	52	6784019	147796	1
014	46	Sound	P1/tapping	6812039	25000	1			25000		other	0
014	46	Response	53	6813699	26660	2
014	46	Response	53	6818419	31380	1
014	46	Response	53	6823940	36900	2
014	46	Response	53	6828899	41860	2
014	46	Response	53	6834259	47220	3
014	46	Response	53	6839379	52340	1
014	46	Response	53	6844579	57540	1
014	46	Response	53	6850419	63380	1
014	46	Response	53	6855619	68580	1
014	46	Sound	f04	6858539	71500	1			71500		other	0
014	46	Picture	2-122-1-2	6917357	130318	7	5166	7	130000	5000	hit	357
014	46	Response	62	6933779	146740	1
014	47	Response	53	6962499	24644	1
014	47	Sound	P1/tapping	6962855	25000	1			25000		other	0
014	47	Response	53	6968419	30564	1
014	47	Response	53	6974339	36484	1
014	47	Response	53	6979779	41924	1
014	47	Response	53	6985379	47524	1
014	47	Response	53	6990579	52725	2
014	47	Response	53	6996019	58164	1
014	47	Response	53	7001379	63524	1
014	47	Response	53	7008659	70804	1
014	47	Sound	n13	7009355	71500	1			71500		other	0
014	47	Response	53	7065539	127684	1
014	47	Picture	3-222-1-3	7068173	130318	7	5166	7	130000	5000	miss	0
014	48	Response	52	7090500	1829	3
014	48	Sound	P1/tapping	7113671	25000	1			25000		other	0
014	48	Response	53	7116020	27349	1
014	48	Response	53	7125299	36628	1
014	48	Response	53	7130659	41988	2
014	48	Response	53	7136259	47588	1
014	48	Response	53	7142019	53348	1
014	48	Response	53	7147619	58948	1
014	48	Response	53	7152980	64309	3
014	48	Response	53	7158339	69668	1
014	48	Sound	f21	7160171	71500	1			71500		other	0
014	48	Picture	3-112-1-3	7218989	130318	7	5166	7	130000	5000	hit	383
014	48	Response	61	7230819	142148	1
014	49	Sound	P0/none1	7264487	25000	1			25000		other	0
014	49	Sound	test25	7310987	71500	1			71500		other	0
014	49	Picture	3-211-1-3	7369805	130318	7	5166	7	130000	5000	hit	387
014	49	Response	61	7382899	143412	1
014	50	Sound	P0/none	7415303	25000	1			25000		other	0
014	50	Sound	test12	7461802	71500	1			71500		other	0
014	50	Response	53	7480019	89717	1
014	50	Picture	2-221-1-2	7520621	130318	7	5166	7	130000	5000	hit	392
014	50	Response	62	7537459	147157	1
014	51	Sound	P0/none	7566118	25000	1			25000		other	0
014	51	Sound	n03	7612618	71500	1			71500		other	0
014	51	Picture	2-111-1-2	7671437	130318	7	5166	7	130000	5000	miss	0
014	52	Sound	P0/none	7716934	25000	1			25000		other	0
014	52	Sound	f23	7763434	71500	1			71500		other	0
014	52	Picture	2-121-1-2	7822253	130318	7	5166	7	130000	5000	hit	399
014	52	Response	62	7837619	145685	1
014	53	Sound	P1/tapping1	7867750	25000	1			25000		other	0
014	53	Response	53	7869619	26869	1
014	53	Response	53	7874419	31669	1
014	53	Response	53	7879700	36949	2
014	53	Response	53	7885619	42869	1
014	53	Response	53	7891621	48870	3
014	53	Response	53	7897539	54789	1
014	53	Response	53	7903299	60549	1
014	53	Response	53	7908739	65989	1
014	53	Sound	f02	7914250	71500	1			71500		other	0
014	53	Response	53	7960179	117429	1
014	53	Picture	2-122-1-2	7973068	130318	7	5166	7	130000	5000	hit	412
014	53	Response	62	7985859	143109	1
014	54	Sound	P1/tapping	8018566	25000	1			25000		other	0
014	54	Response	53	8018820	25254	2
014	54	Response	53	8024339	30773	1
014	54	Response	53	8030099	36533	1
014	54	Response	53	8035219	41653	1
014	54	Response	53	8040899	47333	1
014	54	Response	53	8046499	52933	1
014	54	Response	53	8052099	58533	2
014	54	Response	53	8057699	64133	1
014	54	Sound	test15	8065066	71500	1			71500		other	0
014	54	Picture	3-222-1-3	8123884	130318	7	5166	7	130000	5000	hit	424
014	54	Response	62	8143941	150375	2
014	55	Sound	P1/tapping	8169382	25000	1			25000		other	0
014	55	Response	53	8171300	26918	2
014	55	Response	53	8176179	31797	1
014	55	Response	53	8181299	36917	1
014	55	Response	53	8186179	41797	2
014	55	Response	53	8191379	46997	1
014	55	Response	53	8196339	51957	1
014	55	Response	53	8201299	56917	1
014	55	Response	53	8205859	61477	1
014	55	Response	53	8210899	66517	1
014	55	Sound	test11	8215882	71500	1			71500		other	0
014	55	Picture	2-212-1-2	8274700	130318	7	5166	7	130000	5000	hit	437
014	55	Response	61	8290180	145798	2
014	56	Response	53	8319940	24742	1
014	56	Sound	P1/tapping	8320198	25000	1			25000		other	0
014	56	Response	53	8325939	30741	1
014	56	Response	53	8331699	36501	1
014	56	Response	53	8337060	41862	1
014	56	Response	53	8342099	46901	1
014	56	Response	53	8347219	52021	1
014	56	Response	53	8352339	57141	1
014	56	Response	53	8357299	62101	2
014	56	Response	53	8364900	69701	1
014	56	Sound	n06	8366698	71500	1			71500		other	0
014	56	Picture	3-222-1-3	8425516	130318	7	5166	7	130000	5000	miss	0
014	57	Response	52	8446980	966	1
014	57	Sound	P2/both1	8471013	25000	1			25000		other	0
014	57	Response	53	8472979	26965	1
014	57	Response	53	8477859	31845	1
014	57	Response	53	8483219	37205	1
014	57	Response	53	8488739	42726	1
014	57	Response	53	8494579	48565	2
014	57	Response	53	8500579	54565	1
014	57	Response	53	8506659	60645	1
014	57	Response	53	8512659	66645	1
014	57	Sound	n11	8517514	71500	1			71500		other	0
014	57	Picture	2-124-1-2	8576332	130318	7	5166	7	130000	5000	hit	462
014	57	Response	62	8593460	147446	1
014	58	Sound	P2/both	8621830	25000	1			25000		other	0
014	58	Response	53	8623860	27030	1
014	58	Response	53	8628260	31430	1
014	58	Response	53	8633300	36470	2
014	58	Response	53	8639060	42230	1
014	58	Response	53	8645220	48390	1
014	58	Response	53	8651540	54710	1
014	58	Response	53	8657860	61031	2
014	58	Response	53	8663460	66630	1
014	58	Sound	n14	8668330	71500	1			71500		other	0
014	58	Picture	3-124-1-3	8727148	130318	7	5166	7	130000	5000	incorrect	474
014	58	Response	51	8744579	147750	2
014	59	Sound	P2/both	8772645	25000	1			25000		other	0
014	59	Response	53	8774500	26854	3
014	59	Response	53	8778899	31254	1
014	59	Response	53	8784419	36774	1
014	59	Response	53	8790179	42534	2
014	59	Response	53	8796020	48374	2
014	59	Response	53	8802020	54374	1
014	59	Response	53	8808100	60454	1
014	59	Response	53	8813859	66214	1
014	59	Sound	f14	8819146	71500	1			71500		other	0
014	59	Picture	3-124-1-3	8877964	130318	7	5166	7	130000	5000	hit	486
014	59	Response	62	8895219	147574	1
014	60	Sound	P2/both	8923462	25000	1			25000		other	0
014	60	Response	53	8926019	27558	1
014	60	Response	53	8930019	31558	1
014	60	Response	53	8934740	36278	2
014	60	Response	53	8940739	42278	1
014	60	Response	53	8946740	48278	1
014	60	Response	53	8952819	54358	1
014	60	Response	53	8959059	60598	1
014	60	Response	53	8964660	66199	2
014	60	Sound	n07	8969961	71500	1			71500		other	0
014	60	Picture	2-214-1-2	9028780	130318	7	5166	7	130000	5000	hit	498
014	60	Response	61	9047219	148758	1


Event Type	Code	Type	Response	RT	RT Uncertainty	Time	Uncertainty	Duration	Uncertainty	ReqTime	ReqDur

Sound	P0/none1	other				25160	1			25000
Sound	f01	other				71660	1			71500
Picture	2-111-1-2	hit	1	14179	9	130479	7	5166	7	130000	5000
Sound	P0/none	other				175976	1			25000
Sound	test01	other				222476	1			71500
Picture	2-211-1-2	hit	1	10076	7	281461	7	5166	7	130000	5000
Sound	P0/none	other				326959	1			25000
Sound	test22	other				373459	1			71500
Picture	3-211-1-3	hit	1	14780	7	432277	7	5166	7	130000	5000
Sound	P0/none	other				477775	1			25000
Sound	f07	other				524275	1			71500
Picture	2-121-1-2	hit	2	16205	7	583093	7	5166	7	130000	5000
Sound	P2/beat1	other				628591	1			25000
Sound	f03	other				675090	1			71500
Picture	2-123-1-2	hit	2	16109	7	733909	7	5166	7	130000	5000
Sound	P2/beat	other				779406	1			25000
Sound	n12	other				825906	1			71500
Picture	3-123-1-3	hit	2	18973	8	884725	7	5166	7	130000	5000
Sound	P2/beat	other				930219	1			25000
Sound	test10	other				976722	1			71500
Picture	2-213-1-2	incorrect	2	18077	7	1035540	7	5166	7	130000	5000
Sound	P2/beat	other				1081038	1			25000
Sound	f17	other				1127538	1			71500
Picture	3-113-1-3	hit	1	12862	7	1186356	7	5166	7	130000	5000
Sound	P0/none1	other				1231853	1			25000
Sound	f09	other				1278353	1			71500
Picture	2-111-1-2	hit	1	19326	7	1337172	7	5166	7	130000	5000
Sound	P0/none	other				1382669	1			25000
Sound	test02	other				1429169	1			71500
Picture	2-221-1-2	hit	2	17631	8	1487988	7	5166	7	130000	5000
Sound	P0/none	other				1533485	1			25000
Sound	f20	other				1579985	1			71500
Picture	3-121-1-3	hit	2	18974	7	1638803	7	5166	7	130000	5000
Sound	P0/none	other				1684301	1			25000
Sound	test21	other				1730801	1			71500
Picture	3-221-1-3	hit	2	19678	7	1789619	7	5166	7	130000	5000
Sound	P1/tapping1	other				1835117	1			25000
Sound	test04	other				1881617	1			71500
Picture	2-212-1-2	incorrect	2	17423	7	1940435	7	5166	7	130000	5000
Sound	P1/tapping	other				1985933	1			25000
Sound	test23	other				2032432	1			71500
Picture	3-222-1-3	hit	2	12768	8	2091251	7	5166	7	130000	5000
Sound	P1/tapping	other				2136748	1			25000
Sound	test06	other				2183248	1			71500
Picture	2-222-1-2	hit	2	16031	8	2242067	7	5166	7	130000	5000
Sound	P1/tapping	other				2287564	1			25000
Sound	test07	other				2334064	1			71500
Picture	2-212-1-2	hit	1	16336	7	2392882	7	5166	7	130000	5000
Sound	P2/both1	other				2438380	1			25000
Sound	n01	other				2484880	1			71500
Picture	3-214-1-3	hit	1	14320	7	2543698	7	5166	7	130000	5000
Sound	P2/both	other				2589195	1			25000
Sound	f22	other				2635695	1			71500
Picture	3-124-1-3	miss				2694514	7	5166	7	130000	5000
Sound	P2/both	other				2740012	1			25000
Sound	f19	other				2786511	1			71500
Picture	3-114-1-3	incorrect	2	15808	7	2845330	7	5166	7	130000	5000
Sound	P2/both	other				2890827	1			25000
Sound	test16	other				2937327	1			71500
Picture	3-224-1-3	hit	2	17312	7	2996145	7	5166	7	130000	5000
Sound	P1/tapping1	other				3041643	1			25000
Sound	test05	other				3088143	1			71500
Picture	2-222-1-2	hit	2	11137	7	3146961	7	5166	7	130000	5000
Sound	P1/tapping	other				3192459	1			25000
Sound	test08	other				3238959	1			71500
Picture	2-212-1-2	incorrect	2	19201	7	3297777	7	5166	7	130000	5000
Sound	P1/tapping	other				3343275	1			25000
Sound	test14	other				3389775	1			71500
Picture	3-212-1-3	hit	1	10385	7	3448593	7	5166	7	130000	5000
Sound	P1/tapping	other				3494090	1			25000
Sound	test19	other				3540590	1			71500
Picture	3-212-1-3	hit	1	15569	8	3599409	7	5166	7	130000	5000
Sound	P2/beat1	other				3644906	1			25000
Sound	f15	other				3691406	1			71500
Picture	3-113-1-3	hit	1	12594	7	3750225	7	5166	7	130000	5000
Sound	P2/beat	other				3795722	1			25000
Sound	f16	other				3842222	1			71500
Picture	3-123-1-3	hit	2	12978	7	3901040	7	5166	7	130000	5000
Sound	P2/beat	other				3946538	1			25000
Sound	f18	other				3993038	1			71500
Picture	3-113-1-3	miss				4051856	7	5166	7	130000	5000
Sound	P2/beat	other				4097354	1			25000
Sound	test18	other				4143854	1			71500
Picture	3-223-1-3	hit	2	17827	7	4202672	7	5166	7	130000	5000
Sound	P2/both1	other				4248169	1			25000
Sound	f10	other				4294669	1			71500
Picture	2-114-1-2	incorrect	2	19091	7	4353488	7	5166	7	130000	5000
Sound	P2/both	other				4398985	1			25000
Sound	f12	other				4445485	1			71500
Picture	2-114-1-2	miss				4504304	7	5166	7	130000	5000
Sound	P2/both	other				4549801	1			25000
Sound	n05	other				4596301	1			71500
Picture	3-124-1-3	miss				4655120	7	5166	7	130000	5000
Sound	P2/both	other				4700617	1			25000
Sound	f13	other				4747117	1			71500
Picture	3-124-1-3	hit	2	15763	7	4805935	7	5166	7	130000	5000
Sound	P0/none1	other				4851433	1			25000
Sound	n09	other				4897933	1			71500
Picture	3-211-1-3	hit	1	10948	7	4956751	7	5166	7	130000	5000
Sound	P0/none	other				5002249	1			25000
Sound	test13	other				5048749	1			71500
Picture	3-221-1-3	hit	2	18131	7	5107567	7	5166	7	130000	5000
Sound	P0/none	other				5153064	1			25000
Sound	f11	other				5199564	1			71500
Picture	2-111-1-2	hit	1	19955	7	5258383	7	5166	7	130000	5000
Sound	P0/none	other				5303880	1			25000
Sound	test17	other				5350380	1			71500
Picture	2-211-2-2	miss				5409199	7	5166	7	130000	5000
Sound	P2/both1	other				5454696	1			25000
Sound	f06	other				5501196	1			71500
Picture	2-114-1-2	hit	1	10404	7	5560015	7	5166	7	130000	5000
Sound	P2/both	other				5605512	1			25000
Sound	f24	other				5652012	1			71500
Picture	3-114-1-3	hit	1	10388	9	5710830	7	5166	7	130000	5000
Sound	P2/both	other				5756328	1			25000
Sound	f08	other				5802828	1			71500
Picture	2-114-1-2	miss				5861646	7	5166	7	130000	5000
Sound	P2/both	other				5907144	1			25000
Sound	n04	other				5953644	1			71500
Picture	2-224-1-2	hit	2	14597	7	6012462	7	5166	7	130000	5000
Sound	P2/beat1	other				6057960	1			25000
Sound	test09	other				6104459	1			71500
Picture	2-223-1-2	incorrect	1	15301	8	6163278	7	5166	7	130000	5000
Sound	P2/beat	other				6208776	1			25000
Sound	test03	other				6255275	1			71500
Picture	2-213-1-2	incorrect	3	4085	7	6314094	7	5166	7	130000	5000
Sound	P2/beat	other				6359591	1			25000
Sound	n10	other				6406091	1			71500
Picture	3-123-1-3	incorrect	1	13109	7	6464910	7	5166	7	130000	5000
Sound	P2/beat	other				6510407	1			25000
Sound	test24	other				6556907	1			71500
Picture	3-223-1-3	hit	2	19733	7	6615726	7	5166	7	130000	5000
Sound	P1/tapping1	other				6661223	1			25000
Sound	f05	other				6707723	1			71500
Picture	2-112-1-2	incorrect	2	17477	7	6766541	7	5166	7	130000	5000
Sound	P1/tapping	other				6812039	1			25000
Sound	f04	other				6858539	1			71500
Picture	2-122-1-2	hit	2	16422	7	6917357	7	5166	7	130000	5000
Sound	P1/tapping	other				6962855	1			25000
Sound	n13	other				7009355	1			71500
Picture	3-222-1-3	miss				7068173	7	5166	7	130000	5000
Sound	P1/tapping	other				7113671	1			25000
Sound	f21	other				7160171	1			71500
Picture	3-112-1-3	hit	1	11830	7	7218989	7	5166	7	130000	5000
Sound	P0/none1	other				7264487	1			25000
Sound	test25	other				7310987	1			71500
Picture	3-211-1-3	hit	1	13094	7	7369805	7	5166	7	130000	5000
Sound	P0/none	other				7415303	1			25000
Sound	test12	other				7461802	1			71500
Picture	2-221-1-2	hit	2	16838	7	7520621	7	5166	7	130000	5000
Sound	P0/none	other				7566118	1			25000
Sound	n03	other				7612618	1			71500
Picture	2-111-1-2	miss				7671437	7	5166	7	130000	5000
Sound	P0/none	other				7716934	1			25000
Sound	f23	other				7763434	1			71500
Picture	2-121-1-2	hit	2	15367	7	7822253	7	5166	7	130000	5000
Sound	P1/tapping1	other				7867750	1			25000
Sound	f02	other				7914250	1			71500
Picture	2-122-1-2	hit	2	12791	7	7973068	7	5166	7	130000	5000
Sound	P1/tapping	other				8018566	1			25000
Sound	test15	other				8065066	1			71500
Picture	3-222-1-3	hit	2	20057	9	8123884	7	5166	7	130000	5000
Sound	P1/tapping	other				8169382	1			25000
Sound	test11	other				8215882	1			71500
Picture	2-212-1-2	hit	1	15480	8	8274700	7	5166	7	130000	5000
Sound	P1/tapping	other				8320198	1			25000
Sound	n06	other				8366698	1			71500
Picture	3-222-1-3	miss				8425516	7	5166	7	130000	5000
Sound	P2/both1	other				8471013	1			25000
Sound	n11	other				8517514	1			71500
Picture	2-124-1-2	hit	2	17127	7	8576332	7	5166	7	130000	5000
Sound	P2/both	other				8621830	1			25000
Sound	n14	other				8668330	1			71500
Picture	3-124-1-3	incorrect	1	17432	8	8727148	7	5166	7	130000	5000
Sound	P2/both	other				8772645	1			25000
Sound	f14	other				8819146	1			71500
Picture	3-124-1-3	hit	2	17256	7	8877964	7	5166	7	130000	5000
Sound	P2/both	other				8923462	1			25000
Sound	n07	other				8969961	1			71500
Picture	2-214-1-2	hit	1	18440	7	9028780	7	5166	7	130000	5000


{
   "app": "Presentation Version 22.1 Build 01.21.21",
   "device": "Dell Inc. OptiPlex 7050",
   "experiment": "{C8E97CB4-6FCA-44FA-B866-4A2D94B6B85C}",
   "os": "Windows 10 64 bit",
   "package": "",
   "parameters": {
      "configuration": "Default configuration"
   },
   "scenario": "entrain_list1_sess1_EB.sce",
   "subject": "014",
   "timestamp": "2022/10/19 10:03:55 GMT"
}
