Scenario - test
Logfile written - 10/19/2022 12:01:05

Subject	Trial	Event Type	Code	Time	TTime	Uncertainty	Duration	Uncertainty	ReqTime	ReqDur	Stim Type	Pair Index

014	1	Sound	P1/tapping1	25161	25000	1			25000		other	0
014	1	Response	53	27793	27633	1
014	1	Response	53	42353	42193	1
014	1	Response	53	47074	46913	1
014	1	Response	53	52113	51953	1
014	1	Response	53	57233	57073	1
014	1	Response	53	62273	62113	1
014	1	Response	53	67473	67313	1
014	1	Sound	n05	71660	71500	1			71500		other	0
014	1	Picture	2-122-2-2	130479	130318	7	5166	7	130000	5000	hit	11
014	1	Response	62	145234	145073	1
014	2	Sound	P1/tapping	175976	25000	1			25000		other	0
014	2	Response	53	177554	26577	1
014	2	Response	53	182754	31777	1
014	2	Response	53	188274	37297	1
014	2	Response	53	193794	42817	1
014	2	Response	53	199314	48337	1
014	2	Response	53	204754	53778	2
014	2	Response	53	210354	59377	1
014	2	Response	53	216354	65377	1
014	2	Response	53	221794	70818	1
014	2	Sound	f18	222476	71500	1			71500		other	0
014	2	Picture	3-122-1-3	281295	130318	7	5166	7	130000	5000	hit	24
014	2	Response	62	300753	149777	1
014	3	Sound	P1/tapping	326792	25000	1			25000		other	0
014	3	Response	53	328594	26801	1
014	3	Response	53	333794	32001	1
014	3	Response	53	340274	38481	1
014	3	Response	53	345954	44162	2
014	3	Response	53	352033	50241	1
014	3	Response	53	358114	56321	1
014	3	Response	53	363794	62001	1
014	3	Response	53	370834	69042	1
014	3	Sound	f09	373292	71500	1			71500		other	0
014	3	Picture	2-122-1-2	432110	130318	7	5166	7	130000	5000	hit	36
014	3	Response	62	450274	148481	1
014	4	Sound	P1/tapping	477608	25000	1			25000		other	0
014	4	Response	53	479394	26786	2
014	4	Response	53	485233	32625	1
014	4	Response	53	491393	38785	1
014	4	Response	53	497393	44785	1
014	4	Response	53	503073	50465	1
014	4	Response	53	509473	56865	2
014	4	Response	53	515394	62786	2
014	4	Response	53	521074	68466	2
014	4	Sound	f06	524108	71500	1			71500		other	0
014	4	Picture	3-122-1-3	582926	130318	7	5166	7	130000	5000	miss	0
014	5	Response	52	603634	210	1
014	5	Response	53	624674	21250	1
014	5	Sound	P2/both1	628423	25000	1			25000		other	0
014	5	Response	53	633954	30530	1
014	5	Response	53	640354	36930	1
014	5	Response	53	646274	42850	1
014	5	Response	53	652274	48850	1
014	5	Response	53	658274	54850	1
014	5	Response	53	664274	60850	1
014	5	Response	53	669874	66450	1
014	5	Sound	f01	674924	71500	1			71500		other	0
014	5	Picture	3-114-1-3	733742	130318	7	5166	7	130000	5000	incorrect	60
014	5	Response	52	751634	148210	1
014	6	Sound	P2/both	779239	25000	1			25000		other	0
014	6	Response	53	781074	26834	1
014	6	Response	53	786034	31794	1
014	6	Response	53	791474	37234	1
014	6	Response	53	797394	43154	1
014	6	Response	53	803714	49474	1
014	6	Response	53	809234	54994	1
014	6	Response	53	814994	60754	1
014	6	Response	53	820674	66434	1
014	6	Sound	test24	825739	71500	1			71500		other	0
014	6	Picture	3-214-1-3	884558	130318	7	5166	7	130000	5000	hit	72
014	6	Response	61	895954	141714	3
014	7	Sound	P2/both	930055	25000	1			25000		other	0
014	7	Response	53	931714	26658	1
014	7	Response	53	936913	31858	1
014	7	Response	53	942113	37058	1
014	7	Response	53	947634	42578	1
014	7	Response	53	954114	49058	1
014	7	Response	53	960113	55058	1
014	7	Response	53	965875	60820	3
014	7	Response	53	971474	66418	2
014	7	Sound	test22	976555	71500	1			71500		other	0
014	7	Picture	3-224-1-3	1035374	130318	7	5166	7	130000	5000	hit	84
014	7	Response	62	1053154	148099	2
014	8	Sound	P2/both	1080871	25000	1			25000		other	0
014	8	Response	53	1083074	27202	1
014	8	Response	53	1087714	31842	1
014	8	Response	53	1092914	37043	1
014	8	Response	53	1098754	42882	1
014	8	Response	53	1104434	48562	1
014	8	Response	53	1110914	55042	1
014	8	Response	53	1116834	60962	1
014	8	Response	53	1122594	66722	1
014	8	Sound	test07	1127371	71500	1			71500		other	0
014	8	Picture	3-214-1-3	1186189	130318	7	5166	7	130000	5000	hit	96
014	8	Response	61	1196274	140403	1
014	9	Sound	P2/beat1	1231687	25000	1			25000		other	0
014	9	Sound	f02	1278187	71500	1			71500		other	0
014	9	Picture	2-113-1-2	1337005	130318	7	5166	7	130000	5000	hit	100
014	9	Response	61	1351634	144947	1
014	10	Sound	P2/beat	1382503	25000	1			25000		other	0
014	10	Sound	f19	1429003	71500	1			71500		other	0
014	10	Picture	2-113-2-2	1487821	130318	7	5166	7	130000	5000	hit	104
014	10	Response	61	1500114	142611	1
014	11	Sound	P2/beat	1533318	25000	1			25000		other	0
014	11	Sound	n07	1579818	71500	1			71500		other	0
014	11	Picture	3-223-1-3	1638637	130318	7	5166	7	130000	5000	hit	108
014	11	Response	62	1651074	142755	1
014	12	Sound	P2/beat	1684134	25000	1			25000		other	0
014	12	Sound	f07	1730634	71500	1			71500		other	0
014	12	Picture	3-123-1-3	1789452	130318	7	5166	7	130000	5000	hit	112
014	12	Response	62	1802194	143059	1
014	13	Sound	P2/both1	1834950	25000	1			25000		other	0
014	13	Response	53	1836914	26964	1
014	13	Response	53	1841154	31204	1
014	13	Response	53	1846514	36564	1
014	13	Response	53	1852914	42964	1
014	13	Response	53	1859874	49924	1
014	13	Response	53	1865234	55284	1
014	13	Response	53	1870194	60244	1
014	13	Response	53	1876035	66085	2
014	13	Sound	f05	1881450	71500	1			71500		other	0
014	13	Picture	2-124-1-2	1940268	130318	7	5166	7	130000	5000	hit	124
014	13	Response	62	1958914	148964	1
014	14	Sound	P2/both	1985766	25000	1			25000		other	0
014	14	Response	53	1993074	32308	1
014	14	Response	53	1998274	37508	1
014	14	Response	53	2003794	43028	1
014	14	Response	53	2008994	48228	1
014	14	Response	53	2015314	54548	2
014	14	Response	53	2021074	60308	1
014	14	Response	53	2026995	66229	2
014	14	Sound	test09	2032266	71500	1			71500		other	0
014	14	Picture	3-224-1-3	2091084	130318	7	5166	7	130000	5000	hit	135
014	14	Response	62	2104354	143589	1
014	15	Response	53	2133794	22212	1
014	15	Sound	P2/both	2136581	25000	1			25000		other	0
014	15	Response	53	2142114	30532	1
014	15	Response	53	2148354	36772	1
014	15	Response	53	2154354	42772	1
014	15	Response	53	2161314	49732	1
014	15	Response	53	2167074	55493	1
014	15	Response	53	2172514	60933	1
014	15	Response	53	2178194	66613	1
014	15	Sound	test12	2183081	71500	1			71500		other	0
014	15	Picture	3-214-1-3	2241900	130318	7	5166	7	130000	5000	hit	147
014	15	Response	61	2252434	140852	1
014	16	Sound	P2/both	2287397	25000	1			25000		other	0
014	16	Response	53	2289714	27317	1
014	16	Response	53	2293714	31316	1
014	16	Response	53	2298834	36436	1
014	16	Response	53	2304754	42357	1
014	16	Response	53	2310994	48596	1
014	16	Response	53	2316594	54197	1
014	16	Response	53	2322754	60356	1
014	16	Response	53	2328594	66196	1
014	16	Sound	test19	2333897	71500	1			71500		other	0
014	16	Picture	2-224-1-2	2392716	130318	7	5166	7	130000	5000	hit	159
014	16	Response	62	2409154	146757	1
014	17	Sound	P1/tapping1	2438213	25000	1			25000		other	0
014	17	Response	53	2440594	27381	1
014	17	Response	53	2445314	32101	2
014	17	Response	53	2451634	38421	1
014	17	Response	53	2457714	44501	1
014	17	Response	53	2463874	50661	1
014	17	Response	53	2469635	56421	2
014	17	Response	53	2475394	62181	1
014	17	Response	53	2481634	68421	1
014	17	Sound	f15	2484713	71500	1			71500		other	0
014	17	Picture	2-122-2-2	2543531	130318	7	5166	7	130000	5000	miss	0
014	18	Response	51	2566114	2085	1
014	18	Response	53	2586994	22965	1
014	18	Sound	P1/tapping	2589029	25000	1			25000		other	0
014	18	Response	53	2594834	30805	2
014	18	Response	53	2601234	37205	2
014	18	Response	53	2606834	42805	1
014	18	Response	53	2612594	48565	1
014	18	Response	53	2617954	53925	1
014	18	Response	53	2623394	59365	1
014	18	Response	53	2628594	64565	1
014	18	Sound	test21	2635529	71500	1			71500		other	0
014	18	Picture	3-212-1-3	2694514	130485	7	5166	7	130000	5000	hit	183
014	18	Response	61	2714034	150005	1
014	19	Sound	P1/tapping	2740011	25000	1			25000		other	0
014	19	Response	53	2741954	26943	1
014	19	Response	53	2747394	32383	1
014	19	Response	53	2752915	37903	2
014	19	Response	53	2758674	43663	1
014	19	Response	53	2764514	49503	2
014	19	Response	53	2769954	54943	1
014	19	Response	53	2775634	60623	1
014	19	Response	53	2781474	66463	1
014	19	Sound	f10	2786511	71500	1			71500		other	0
014	19	Picture	3-112-1-3	2845330	130318	7	5166	7	130000	5000	hit	195
014	19	Response	61	2857715	142704	2
014	20	Sound	P1/tapping	2890827	25000	1			25000		other	0
014	20	Response	53	2893154	27327	1
014	20	Response	53	2898754	32927	1
014	20	Response	53	2904834	39007	1
014	20	Response	53	2910515	44688	3
014	20	Response	53	2916674	50847	1
014	20	Response	53	2922114	56287	2
014	20	Response	53	2927794	61967	1
014	20	Response	53	2933794	67967	1
014	20	Sound	f13	2937327	71500	1			71500		other	0
014	20	Picture	3-112-1-3	2996145	130318	7	5166	7	130000	5000	hit	207
014	20	Response	61	3009075	143248	2
014	21	Sound	P2/both1	3041643	25000	1			25000		other	0
014	21	Response	53	3043794	27151	1
014	21	Response	53	3048834	32191	1
014	21	Response	53	3054194	37551	1
014	21	Response	53	3059634	42991	1
014	21	Response	53	3065714	49071	1
014	21	Response	53	3071794	55151	1
014	21	Response	53	3077474	60831	1
014	21	Response	53	3083474	66831	1
014	21	Sound	n03	3088143	71500	1			71500		other	0
014	21	Picture	2-124-1-2	3146961	130318	7	5166	7	130000	5000	hit	219
014	21	Response	62	3164514	147871	1
014	22	Sound	P2/both	3192459	25000	1			25000		other	0
014	22	Response	53	3194274	26816	1
014	22	Response	53	3198754	31295	2
014	22	Response	53	3204275	36816	2
014	22	Response	53	3210194	42735	1
014	22	Response	53	3216354	48895	1
014	22	Response	53	3222114	54655	1
014	22	Response	53	3228274	60815	1
014	22	Response	53	3233394	65935	1
014	22	Sound	n13	3238958	71500	1			71500		other	0
014	22	Picture	3-214-1-3	3297777	130318	7	5166	7	130000	5000	incorrect	231
014	22	Response	52	3317474	150016	2
014	23	Sound	P2/both	3343274	25000	1			25000		other	0
014	23	Response	53	3345474	27200	1
014	23	Response	53	3349794	31520	1
014	23	Response	53	3355394	37120	1
014	23	Response	53	3360994	42720	2
014	23	Response	53	3367314	49040	1
014	23	Response	53	3372754	54480	1
014	23	Response	53	3379955	61680	1
014	23	Response	53	3385074	66800	1
014	23	Sound	f11	3389774	71500	1			71500		other	0
014	23	Picture	2-124-1-2	3448593	130318	7	5166	7	130000	5000	miss	0
014	24	Sound	P2/both	3494090	25000	1			25000		other	0
014	24	Response	53	3501474	32384	1
014	24	Response	53	3506194	37104	1
014	24	Response	53	3511954	42864	1
014	24	Response	53	3517234	48144	1
014	24	Response	53	3524274	55184	1
014	24	Response	53	3529554	60464	1
014	24	Response	53	3534834	65744	1
014	24	Sound	f16	3540590	71500	1			71500		other	0
014	24	Picture	2-114-1-2	3599408	130318	7	5166	7	130000	5000	incorrect	253
014	24	Response	52	3615314	146224	1
014	25	Sound	P0/none1	3644906	25000	1			25000		other	0
014	25	Sound	f21	3691406	71500	1			71500		other	0
014	25	Picture	2-121-2-2	3750224	130318	7	5166	7	130000	5000	hit	257
014	25	Response	62	3766275	146368	1
014	26	Sound	P0/none	3795722	25000	1			25000		other	0
014	26	Sound	test14	3842222	71500	1			71500		other	0
014	26	Picture	2-221-1-2	3901040	130318	7	5166	7	130000	5000	hit	261
014	26	Response	62	3914915	144193	1
014	27	Sound	P0/none	3946538	25000	1			25000		other	0
014	27	Sound	f14	3993037	71500	1			71500		other	0
014	27	Picture	3-111-1-3	4051856	130318	7	5166	7	130000	5000	hit	265
014	27	Response	61	4065554	144017	1
014	28	Sound	P0/none	4097353	25000	1			25000		other	0
014	28	Sound	test08	4143853	71500	1			71500		other	0
014	28	Picture	3-221-1-3	4202672	130318	7	5166	7	130000	5000	miss	0
014	29	Sound	P1/tapping1	4248169	25000	1			25000		other	0
014	29	Response	53	4250035	26865	1
014	29	Response	53	4254435	31265	1
014	29	Response	53	4261075	37905	1
014	29	Response	53	4266515	43345	1
014	29	Response	53	4271555	48385	1
014	29	Response	53	4277555	54385	1
014	29	Response	53	4282755	59585	1
014	29	Response	53	4288275	65106	1
014	29	Sound	n09	4294669	71500	1			71500		other	0
014	29	Picture	2-222-2-2	4353487	130318	7	5166	7	130000	5000	hit	280
014	29	Response	62	4368995	145826	2
014	30	Sound	P1/tapping	4398985	25000	1			25000		other	0
014	30	Response	53	4400195	26210	2
014	30	Response	53	4405554	31569	1
014	30	Response	53	4412034	38049	1
014	30	Response	53	4417794	43809	1
014	30	Response	53	4423635	49650	1
014	30	Response	53	4429474	55489	2
014	30	Response	53	4434674	60689	1
014	30	Response	53	4441074	67089	1
014	30	Sound	test13	4445485	71500	1			71500		other	0
014	30	Picture	2-212-1-2	4504303	130318	7	5166	7	130000	5000	hit	292
014	30	Response	61	4516994	143009	1
014	31	Sound	P1/tapping	4549801	25000	1			25000		other	0
014	31	Response	53	4551314	26514	1
014	31	Response	53	4556034	31234	1
014	31	Response	53	4561794	36994	1
014	31	Response	53	4567874	43074	1
014	31	Response	53	4573794	48994	1
014	31	Response	53	4579794	54994	1
014	31	Response	53	4584994	60194	1
014	31	Response	53	4590754	65954	1
014	31	Sound	f03	4596301	71500	1			71500		other	0
014	31	Picture	3-112-1-3	4655119	130318	7	5166	7	130000	5000	hit	304
014	31	Response	61	4663715	138914	2
014	32	Sound	P1/tapping	4700617	25000	1			25000		other	0
014	32	Response	53	4702435	26818	1
014	32	Response	53	4707554	31938	1
014	32	Response	53	4713074	37458	2
014	32	Response	53	4718515	42899	1
014	32	Response	53	4724115	48498	1
014	32	Response	53	4729714	54098	1
014	32	Response	53	4735075	59458	1
014	32	Response	53	4740675	65058	1
014	32	Sound	f12	4747117	71500	1			71500		other	0
014	32	Picture	2-122-1-2	4805935	130318	7	5166	7	130000	5000	hit	316
014	32	Response	62	4823635	148018	1
014	33	Sound	P2/beat1	4851432	25000	1			25000		other	0
014	33	Sound	n06	4897932	71500	1			71500		other	0
014	33	Picture	2-223-2-2	4956751	130318	7	5166	7	130000	5000	hit	320
014	33	Response	62	4971075	144642	1
014	34	Sound	P2/beat	5002248	25000	1			25000		other	0
014	34	Sound	test06	5048748	71500	1			71500		other	0
014	34	Picture	3-213-1-3	5107566	130318	7	5166	7	130000	5000	hit	324
014	34	Response	61	5122275	145027	1
014	35	Sound	P2/beat	5153064	25000	1			25000		other	0
014	35	Sound	n04	5199564	71500	1			71500		other	0
014	35	Picture	3-223-1-3	5258382	130318	7	5166	7	130000	5000	hit	328
014	35	Response	62	5273155	145091	2
014	36	Sound	P2/beat	5303880	25000	1			25000		other	0
014	36	Sound	n11	5350380	71500	1			71500		other	0
014	36	Picture	3-113-2-3	5409198	130318	7	5166	7	130000	5000	hit	332
014	36	Response	61	5422035	143155	2
014	37	Sound	P1/tapping1	5454696	25000	1			25000		other	0
014	37	Response	53	5456515	26819	1
014	37	Response	53	5461555	31859	2
014	37	Response	53	5467395	37699	1
014	37	Response	53	5473235	43539	1
014	37	Response	53	5478675	48979	1
014	37	Response	53	5484275	54579	1
014	37	Response	53	5489475	59779	1
014	37	Response	53	5496035	66339	1
014	37	Sound	f23	5501196	71500	1			71500		other	0
014	37	Picture	3-112-1-3	5560014	130318	7	5166	7	130000	5000	incorrect	344
014	37	Response	52	5573235	143539	2
014	38	Sound	P1/tapping	5605511	25000	1			25000		other	0
014	38	Response	53	5606355	25844	2
014	38	Response	53	5611795	31284	1
014	38	Response	53	5617315	36803	1
014	38	Response	53	5623075	42563	1
014	38	Response	53	5628915	48403	1
014	38	Response	53	5634995	54483	1
014	38	Response	53	5640275	59763	1
014	38	Response	53	5646035	65524	1
014	38	Sound	n10	5652011	71500	1			71500		other	0
014	38	Picture	2-112-1-2	5710830	130318	7	5166	7	130000	5000	incorrect	356
014	38	Response	52	5730115	149604	1
014	39	Sound	P1/tapping	5756327	25000	1			25000		other	0
014	39	Response	53	5758355	27028	1
014	39	Response	53	5762595	31267	1
014	39	Response	53	5768515	37188	1
014	39	Response	53	5773395	42068	1
014	39	Response	53	5778515	47188	1
014	39	Response	53	5784675	53348	1
014	39	Response	53	5790115	58788	1
014	39	Response	53	5794995	63668	1
014	39	Response	53	5800035	68708	1
014	39	Sound	test10	5802827	71500	1			71500		other	0
014	39	Picture	3-212-1-3	5861646	130318	7	5166	7	130000	5000	hit	369
014	39	Response	61	5880195	148868	1
014	40	Sound	P1/tapping	5907143	25000	1			25000		other	0
014	40	Response	53	5909635	27492	2
014	40	Response	53	5915075	32932	1
014	40	Response	53	5920275	38132	1
014	40	Response	53	5925795	43652	1
014	40	Response	53	5931315	49172	1
014	40	Response	53	5936995	54852	1
014	40	Response	53	5942115	59972	1
014	40	Response	53	5947076	64933	2
014	40	Sound	test16	5953643	71500	1			71500		other	0
014	40	Picture	2-212-1-2	6012461	130318	7	5166	7	130000	5000	miss	0
014	41	Sound	P0/none1	6057959	25000	1			25000		other	0
014	41	Sound	test03	6104459	71500	1			71500		other	0
014	41	Picture	2-221-1-2	6163277	130318	7	5166	7	130000	5000	hit	384
014	41	Response	62	6183475	150516	2
014	42	Sound	P0/none	6208775	25000	1			25000		other	0
014	42	Sound	f22	6255274	71500	1			71500		other	0
014	42	Picture	2-121-2-2	6314093	130318	7	5166	7	130000	5000	hit	388
014	42	Response	62	6330435	146660	1
014	43	Sound	P0/none	6359590	25000	1			25000		other	0
014	43	Sound	test04	6406090	71500	1			71500		other	0
014	43	Picture	3-221-1-3	6464909	130318	7	5166	7	130000	5000	hit	392
014	43	Response	62	6480755	146165	1
014	43	Response	52	6482755	148164	1
014	44	Sound	P0/none	6510407	25000	1			25000		other	0
014	44	Sound	test11	6556907	71500	1			71500		other	0
014	44	Picture	2-221-1-2	6615725	130318	7	5166	7	130000	5000	hit	397
014	44	Response	62	6631875	146469	1
014	45	Sound	P2/beat1	6661222	25000	1			25000		other	0
014	45	Sound	f04	6707722	71500	1			71500		other	0
014	45	Picture	2-113-1-2	6766540	130318	7	5166	7	130000	5000	hit	401
014	45	Response	61	6777315	141093	1
014	46	Sound	P2/beat	6812038	25000	1			25000		other	0
014	46	Sound	test05	6858538	71500	1			71500		other	0
014	46	Picture	3-213-1-3	6917356	130318	7	5166	7	130000	5000	hit	405
014	46	Response	61	6927155	140117	1
014	47	Sound	P2/beat	6962854	25000	1			25000		other	0
014	47	Sound	f20	7009354	71500	1			71500		other	0
014	47	Picture	2-123-2-2	7068172	130318	7	5166	7	130000	5000	hit	409
014	47	Response	62	7079796	141942	1
014	48	Sound	P2/beat	7113670	25000	1			25000		other	0
014	48	Sound	f24	7160170	71500	1			71500		other	0
014	48	Picture	2-113-1-2	7218988	130318	7	5166	7	130000	5000	hit	413
014	48	Response	61	7233875	145206	1
014	49	Sound	P2/both1	7264485	25000	1			25000		other	0
014	49	Response	53	7266596	27110	1
014	49	Response	53	7270995	31510	1
014	49	Response	53	7276516	37030	2
014	49	Response	53	7282596	43110	1
014	49	Response	53	7288276	48791	2
014	49	Response	53	7294035	54550	1
014	49	Response	53	7299475	59990	1
014	49	Response	53	7304995	65510	1
014	49	Sound	test18	7310985	71500	1			71500		other	0
014	49	Picture	2-224-1-2	7369804	130318	7	5166	7	130000	5000	hit	425
014	49	Response	62	7384195	144710	1
014	50	Sound	P2/both	7415301	25000	1			25000		other	0
014	50	Response	53	7417476	27174	1
014	50	Response	53	7421875	31574	1
014	50	Response	53	7427155	36854	2
014	50	Response	53	7432835	42534	1
014	50	Response	53	7442676	52374	1
014	50	Response	53	7446515	56214	1
014	50	Response	53	7450675	60374	1
014	50	Response	53	7455715	65414	1
014	50	Sound	test01	7461801	71500	1			71500		other	0
014	50	Picture	3-214-1-3	7520620	130318	7	5166	7	130000	5000	miss	0
014	51	Response	52	7541556	438	1
014	51	Sound	P2/both	7566117	25000	1			25000		other	0
014	51	Response	53	7568035	26918	1
014	51	Response	53	7572355	31238	1
014	51	Response	53	7578115	36998	1
014	51	Response	53	7583715	42598	1
014	51	Response	53	7589715	48598	1
014	51	Response	53	7596115	54998	1
014	51	Response	53	7601716	60599	2
014	51	Response	53	7607635	66518	1
014	51	Sound	test17	7612617	71500	1			71500		other	0
014	51	Picture	3-214-1-3	7671435	130318	7	5166	7	130000	5000	hit	449
014	51	Response	61	7683635	142518	1
014	52	Sound	P2/both	7716933	25000	1			25000		other	0
014	52	Response	53	7719156	27223	2
014	52	Response	53	7723556	31622	1
014	52	Response	53	7728836	36902	1
014	52	Response	53	7734676	42743	2
014	52	Response	53	7740436	48502	1
014	52	Response	53	7746116	54182	1
014	52	Response	53	7752036	60102	1
014	52	Response	53	7758356	66422	1
014	52	Sound	test15	7763433	71500	1			71500		other	0
014	52	Picture	3-214-1-3	7822251	130318	7	5166	7	130000	5000	incorrect	461
014	52	Response	52	7839396	147462	1
014	53	Sound	P2/beat1	7867749	25000	1			25000		other	0
014	53	Response	53	7870916	28167	1
014	53	Sound	test02	7914249	71500	1			71500		other	0
014	53	Picture	3-223-1-3	7973067	130318	7	5166	7	130000	5000	hit	466
014	53	Response	62	7986835	144086	1
014	54	Sound	P2/beat	8018565	25000	1			25000		other	0
014	54	Sound	f08	8065065	71500	1			71500		other	0
014	54	Picture	3-113-2-3	8123883	130318	7	5166	7	130000	5000	incorrect	470
014	54	Response	52	8134836	141271	1
014	55	Sound	P2/beat	8169381	25000	1			25000		other	0
014	55	Sound	test23	8215880	71500	1			71500		other	0
014	55	Picture	3-213-1-3	8274699	130318	7	5166	7	130000	5000	hit	474
014	55	Response	61	8283876	139495	1
014	56	Sound	P2/beat	8320196	25000	1			25000		other	0
014	56	Sound	test25	8366696	71499	1			71500		other	0
014	56	Picture	2-223-1-2	8425515	130318	7	5166	7	130000	5000	hit	478
014	56	Response	62	8440676	145479	2
014	57	Sound	P0/none1	8471012	25000	1			25000		other	0
014	57	Sound	n01	8517512	71500	1			71500		other	0
014	57	Picture	2-211-1-2	8576330	130318	7	5166	7	130000	5000	incorrect	482
014	57	Response	52	8591236	145223	1
014	58	Sound	P0/none	8621828	25000	1			25000		other	0
014	58	Sound	n12	8668328	71500	1			71500		other	0
014	58	Picture	2-121-2-2	8727146	130318	7	5166	7	130000	5000	hit	486
014	58	Response	62	8747076	150248	1
014	59	Sound	P0/none	8772644	25000	1			25000		other	0
014	59	Sound	f17	8819144	71500	1			71500		other	0
014	59	Picture	2-121-2-2	8877962	130318	7	5166	7	130000	5000	incorrect	490
014	59	Response	51	8889397	141753	3
014	60	Sound	P0/none	8923460	25000	1			25000		other	0
014	60	Sound	n14	8969960	71500	1			71500		other	0
014	60	Picture	2-111-2-2	9028778	130318	7	5166	7	130000	5000	hit	494
014	60	Response	61	9039236	140776	2


Event Type	Code	Type	Response	RT	RT Uncertainty	Time	Uncertainty	Duration	Uncertainty	ReqTime	ReqDur

Sound	P1/tapping1	other				25161	1			25000
Sound	n05	other				71660	1			71500
Picture	2-122-2-2	hit	2	14755	7	130479	7	5166	7	130000	5000
Sound	P1/tapping	other				175976	1			25000
Sound	f18	other				222476	1			71500
Picture	3-122-1-3	hit	2	19459	7	281295	7	5166	7	130000	5000
Sound	P1/tapping	other				326792	1			25000
Sound	f09	other				373292	1			71500
Picture	2-122-1-2	hit	2	18163	7	432110	7	5166	7	130000	5000
Sound	P1/tapping	other				477608	1			25000
Sound	f06	other				524108	1			71500
Picture	3-122-1-3	miss				582926	7	5166	7	130000	5000
Sound	P2/both1	other				628423	1			25000
Sound	f01	other				674924	1			71500
Picture	3-114-1-3	incorrect	2	17892	7	733742	7	5166	7	130000	5000
Sound	P2/both	other				779239	1			25000
Sound	test24	other				825739	1			71500
Picture	3-214-1-3	hit	1	11396	9	884558	7	5166	7	130000	5000
Sound	P2/both	other				930055	1			25000
Sound	test22	other				976555	1			71500
Picture	3-224-1-3	hit	2	17780	8	1035374	7	5166	7	130000	5000
Sound	P2/both	other				1080871	1			25000
Sound	test07	other				1127371	1			71500
Picture	3-214-1-3	hit	1	10085	7	1186189	7	5166	7	130000	5000
Sound	P2/beat1	other				1231687	1			25000
Sound	f02	other				1278187	1			71500
Picture	2-113-1-2	hit	1	14629	7	1337005	7	5166	7	130000	5000
Sound	P2/beat	other				1382503	1			25000
Sound	f19	other				1429003	1			71500
Picture	2-113-2-2	hit	1	12293	7	1487821	7	5166	7	130000	5000
Sound	P2/beat	other				1533318	1			25000
Sound	n07	other				1579818	1			71500
Picture	3-223-1-3	hit	2	12437	7	1638637	7	5166	7	130000	5000
Sound	P2/beat	other				1684134	1			25000
Sound	f07	other				1730634	1			71500
Picture	3-123-1-3	hit	2	12741	7	1789452	7	5166	7	130000	5000
Sound	P2/both1	other				1834950	1			25000
Sound	f05	other				1881450	1			71500
Picture	2-124-1-2	hit	2	18646	7	1940268	7	5166	7	130000	5000
Sound	P2/both	other				1985766	1			25000
Sound	test09	other				2032266	1			71500
Picture	3-224-1-3	hit	2	13270	7	2091084	7	5166	7	130000	5000
Sound	P2/both	other				2136581	1			25000
Sound	test12	other				2183081	1			71500
Picture	3-214-1-3	hit	1	10534	7	2241900	7	5166	7	130000	5000
Sound	P2/both	other				2287397	1			25000
Sound	test19	other				2333897	1			71500
Picture	2-224-1-2	hit	2	16439	7	2392716	7	5166	7	130000	5000
Sound	P1/tapping1	other				2438213	1			25000
Sound	f15	other				2484713	1			71500
Picture	2-122-2-2	miss				2543531	7	5166	7	130000	5000
Sound	P1/tapping	other				2589029	1			25000
Sound	test21	other				2635529	1			71500
Picture	3-212-1-3	hit	1	19520	7	2694514	7	5166	7	130000	5000
Sound	P1/tapping	other				2740011	1			25000
Sound	f10	other				2786511	1			71500
Picture	3-112-1-3	hit	1	12386	8	2845330	7	5166	7	130000	5000
Sound	P1/tapping	other				2890827	1			25000
Sound	f13	other				2937327	1			71500
Picture	3-112-1-3	hit	1	12930	8	2996145	7	5166	7	130000	5000
Sound	P2/both1	other				3041643	1			25000
Sound	n03	other				3088143	1			71500
Picture	2-124-1-2	hit	2	17553	7	3146961	7	5166	7	130000	5000
Sound	P2/both	other				3192459	1			25000
Sound	n13	other				3238958	1			71500
Picture	3-214-1-3	incorrect	2	19697	8	3297777	7	5166	7	130000	5000
Sound	P2/both	other				3343274	1			25000
Sound	f11	other				3389774	1			71500
Picture	2-124-1-2	miss				3448593	7	5166	7	130000	5000
Sound	P2/both	other				3494090	1			25000
Sound	f16	other				3540590	1			71500
Picture	2-114-1-2	incorrect	2	15906	7	3599408	7	5166	7	130000	5000
Sound	P0/none1	other				3644906	1			25000
Sound	f21	other				3691406	1			71500
Picture	2-121-2-2	hit	2	16050	7	3750224	7	5166	7	130000	5000
Sound	P0/none	other				3795722	1			25000
Sound	test14	other				3842222	1			71500
Picture	2-221-1-2	hit	2	13875	7	3901040	7	5166	7	130000	5000
Sound	P0/none	other				3946538	1			25000
Sound	f14	other				3993037	1			71500
Picture	3-111-1-3	hit	1	13699	7	4051856	7	5166	7	130000	5000
Sound	P0/none	other				4097353	1			25000
Sound	test08	other				4143853	1			71500
Picture	3-221-1-3	miss				4202672	7	5166	7	130000	5000
Sound	P1/tapping1	other				4248169	1			25000
Sound	n09	other				4294669	1			71500
Picture	2-222-2-2	hit	2	15508	8	4353487	7	5166	7	130000	5000
Sound	P1/tapping	other				4398985	1			25000
Sound	test13	other				4445485	1			71500
Picture	2-212-1-2	hit	1	12691	7	4504303	7	5166	7	130000	5000
Sound	P1/tapping	other				4549801	1			25000
Sound	f03	other				4596301	1			71500
Picture	3-112-1-3	hit	1	8596	8	4655119	7	5166	7	130000	5000
Sound	P1/tapping	other				4700617	1			25000
Sound	f12	other				4747117	1			71500
Picture	2-122-1-2	hit	2	17700	7	4805935	7	5166	7	130000	5000
Sound	P2/beat1	other				4851432	1			25000
Sound	n06	other				4897932	1			71500
Picture	2-223-2-2	hit	2	14324	7	4956751	7	5166	7	130000	5000
Sound	P2/beat	other				5002248	1			25000
Sound	test06	other				5048748	1			71500
Picture	3-213-1-3	hit	1	14708	7	5107566	7	5166	7	130000	5000
Sound	P2/beat	other				5153064	1			25000
Sound	n04	other				5199564	1			71500
Picture	3-223-1-3	hit	2	14773	8	5258382	7	5166	7	130000	5000
Sound	P2/beat	other				5303880	1			25000
Sound	n11	other				5350380	1			71500
Picture	3-113-2-3	hit	1	12837	8	5409198	7	5166	7	130000	5000
Sound	P1/tapping1	other				5454696	1			25000
Sound	f23	other				5501196	1			71500
Picture	3-112-1-3	incorrect	2	13221	8	5560014	7	5166	7	130000	5000
Sound	P1/tapping	other				5605511	1			25000
Sound	n10	other				5652011	1			71500
Picture	2-112-1-2	incorrect	2	19285	7	5710830	7	5166	7	130000	5000
Sound	P1/tapping	other				5756327	1			25000
Sound	test10	other				5802827	1			71500
Picture	3-212-1-3	hit	1	18550	7	5861646	7	5166	7	130000	5000
Sound	P1/tapping	other				5907143	1			25000
Sound	test16	other				5953643	1			71500
Picture	2-212-1-2	miss				6012461	7	5166	7	130000	5000
Sound	P0/none1	other				6057959	1			25000
Sound	test03	other				6104459	1			71500
Picture	2-221-1-2	hit	2	20198	8	6163277	7	5166	7	130000	5000
Sound	P0/none	other				6208775	1			25000
Sound	f22	other				6255274	1			71500
Picture	2-121-2-2	hit	2	16342	7	6314093	7	5166	7	130000	5000
Sound	P0/none	other				6359590	1			25000
Sound	test04	other				6406090	1			71500
Picture	3-221-1-3	hit	2	15847	7	6464909	7	5166	7	130000	5000
Sound	P0/none	other				6510407	1			25000
Sound	test11	other				6556907	1			71500
Picture	2-221-1-2	hit	2	16150	7	6615725	7	5166	7	130000	5000
Sound	P2/beat1	other				6661222	1			25000
Sound	f04	other				6707722	1			71500
Picture	2-113-1-2	hit	1	10775	7	6766540	7	5166	7	130000	5000
Sound	P2/beat	other				6812038	1			25000
Sound	test05	other				6858538	1			71500
Picture	3-213-1-3	hit	1	9799	7	6917356	7	5166	7	130000	5000
Sound	P2/beat	other				6962854	1			25000
Sound	f20	other				7009354	1			71500
Picture	2-123-2-2	hit	2	11623	7	7068172	7	5166	7	130000	5000
Sound	P2/beat	other				7113670	1			25000
Sound	f24	other				7160170	1			71500
Picture	2-113-1-2	hit	1	14887	7	7218988	7	5166	7	130000	5000
Sound	P2/both1	other				7264485	1			25000
Sound	test18	other				7310985	1			71500
Picture	2-224-1-2	hit	2	14391	7	7369804	7	5166	7	130000	5000
Sound	P2/both	other				7415301	1			25000
Sound	test01	other				7461801	1			71500
Picture	3-214-1-3	miss				7520620	7	5166	7	130000	5000
Sound	P2/both	other				7566117	1			25000
Sound	test17	other				7612617	1			71500
Picture	3-214-1-3	hit	1	12200	7	7671435	7	5166	7	130000	5000
Sound	P2/both	other				7716933	1			25000
Sound	test15	other				7763433	1			71500
Picture	3-214-1-3	incorrect	2	17144	7	7822251	7	5166	7	130000	5000
Sound	P2/beat1	other				7867749	1			25000
Sound	test02	other				7914249	1			71500
Picture	3-223-1-3	hit	2	13768	7	7973067	7	5166	7	130000	5000
Sound	P2/beat	other				8018565	1			25000
Sound	f08	other				8065065	1			71500
Picture	3-113-2-3	incorrect	2	10953	7	8123883	7	5166	7	130000	5000
Sound	P2/beat	other				8169381	1			25000
Sound	test23	other				8215880	1			71500
Picture	3-213-1-3	hit	1	9177	7	8274699	7	5166	7	130000	5000
Sound	P2/beat	other				8320196	1			25000
Sound	test25	other				8366696	1			71500
Picture	2-223-1-2	hit	2	15161	8	8425515	7	5166	7	130000	5000
Sound	P0/none1	other				8471012	1			25000
Sound	n01	other				8517512	1			71500
Picture	2-211-1-2	incorrect	2	14905	7	8576330	7	5166	7	130000	5000
Sound	P0/none	other				8621828	1			25000
Sound	n12	other				8668328	1			71500
Picture	2-121-2-2	hit	2	19929	7	8727146	7	5166	7	130000	5000
Sound	P0/none	other				8772644	1			25000
Sound	f17	other				8819144	1			71500
Picture	2-121-2-2	incorrect	1	11435	9	8877962	7	5166	7	130000	5000
Sound	P0/none	other				8923460	1			25000
Sound	n14	other				8969960	1			71500
Picture	2-111-2-2	hit	1	10458	8	9028778	7	5166	7	130000	5000


{
   "app": "Presentation Version 22.1 Build 01.21.21",
   "device": "Dell Inc. OptiPlex 7050",
   "experiment": "{C8E97CB4-6FCA-44FA-B866-4A2D94B6B85C}",
   "os": "Windows 10 64 bit",
   "package": "",
   "parameters": {
      "configuration": "Default configuration"
   },
   "scenario": "entrain_list1_sess3_EB.sce",
   "subject": "014",
   "timestamp": "2022/10/19 09:45:54 GMT"
}
