Scenario - test
Logfile written - 04/05/2022 16:15:39

Subject	Trial	Event Type	Code	Time	TTime	Uncertainty	Duration	Uncertainty	ReqTime	ReqDur	Stim Type	Pair Index

007	1	Sound	P1/tapping1	25162	25002	1			25000		other	0
007	1	Response	53	27495	27335	2
007	1	Response	53	32054	31894	1
007	1	Response	53	37734	37574	1
007	1	Response	53	43095	42934	2
007	1	Response	53	49175	49015	3
007	1	Response	53	54454	54293	1
007	1	Response	53	59894	59734	1
007	1	Response	53	65174	65014	1
007	1	Response	53	70614	70454	1
007	1	Sound	n05	71661	71501	1			71500		other	0
007	1	Picture	2-122-2-2	130479	130318	7	5166	7	130000	5000	incorrect	13
007	1	Response	51	144694	144534	1
007	2	Sound	P1/tapping	175977	25000	1			25000		other	0
007	2	Response	53	177894	26918	1
007	2	Response	53	183014	32038	1
007	2	Response	53	188294	37318	1
007	2	Response	53	193574	42598	1
007	2	Response	53	198934	47958	2
007	2	Response	53	204294	53318	1
007	2	Response	53	209654	58678	1
007	2	Response	53	214774	63798	2
007	2	Response	53	219814	68838	1
007	2	Sound	f18	222477	71500	1			71500		other	0
007	2	Picture	3-122-1-3	281294	130318	7	5166	7	130000	5000	hit	26
007	2	Response	62	295895	144919	1
007	3	Sound	P1/tapping	326792	25000	1			25000		other	0
007	3	Response	53	328534	26742	1
007	3	Response	53	333734	31942	1
007	3	Response	53	339094	37302	1
007	3	Response	53	344374	42582	1
007	3	Response	53	349815	48023	2
007	3	Response	53	355334	53542	1
007	3	Response	53	360614	58821	2
007	3	Response	53	365975	64183	2
007	3	Response	53	371574	69782	1
007	3	Sound	f09	373291	71499	1			71500		other	0
007	3	Picture	2-122-1-2	432110	130318	7	5166	7	130000	5000	hit	39
007	3	Response	62	444694	142902	1
007	4	Sound	P1/tapping	477608	25000	1			25000		other	0
007	4	Response	53	479094	26486	2
007	4	Response	53	484614	32006	2
007	4	Response	53	490374	37766	2
007	4	Response	53	496134	43526	1
007	4	Response	53	501974	49366	1
007	4	Response	53	508134	55526	1
007	4	Response	53	514134	61526	1
007	4	Response	53	520215	67607	2
007	4	Sound	f06	524108	71500	1			71500		other	0
007	4	Picture	3-122-1-3	582926	130318	7	5166	7	130000	5000	hit	51
007	4	Response	62	595414	142806	2
007	5	Sound	P2/both1	628424	25000	1			25000		other	0
007	5	Response	53	630214	26790	2
007	5	Response	53	635334	31910	1
007	5	Response	53	640694	37270	1
007	5	Response	53	646293	42870	2
007	5	Response	53	651814	48390	2
007	5	Response	53	658054	54630	1
007	5	Response	53	663814	60390	1
007	5	Response	53	669814	66390	1
007	5	Sound	f01	674923	71500	1			71500		other	0
007	5	Response	53	675654	72230	1
007	5	Picture	3-114-1-3	733742	130318	7	5166	7	130000	5000	hit	64
007	5	Response	61	741814	138390	1
007	6	Sound	P2/both	779239	25000	1			25000		other	0
007	6	Response	53	781254	27014	2
007	6	Response	53	785974	31734	1
007	6	Response	53	791254	37014	1
007	6	Response	53	796694	42454	1
007	6	Response	53	802454	48214	2
007	6	Response	53	808774	54534	1
007	6	Response	53	815014	60774	1
007	6	Response	53	821253	67014	2
007	6	Sound	test24	825739	71500	1			71500		other	0
007	6	Picture	3-214-1-3	884558	130318	7	5166	7	130000	5000	hit	76
007	6	Response	61	903254	149014	1
007	7	Sound	P2/both	930055	24999	1			25000		other	0
007	7	Response	53	932054	26999	2
007	7	Response	53	936613	31558	1
007	7	Response	53	941894	36839	2
007	7	Response	53	947654	42598	1
007	7	Response	53	953814	48758	1
007	7	Response	53	959653	54598	1
007	7	Response	53	965574	60518	1
007	7	Response	53	971814	66758	1
007	7	Sound	test22	976555	71500	1			71500		other	0
007	7	Picture	3-224-1-3	1035374	130318	7	5166	7	130000	5000	hit	88
007	7	Response	62	1044454	139398	1
007	8	Sound	P2/both	1080872	25001	1			25000		other	0
007	8	Response	53	1087174	31303	1
007	8	Response	53	1092534	36663	2
007	8	Response	53	1098214	42343	1
007	8	Response	53	1104054	48183	2
007	8	Response	53	1110454	54583	2
007	8	Response	53	1116454	60582	1
007	8	Response	53	1122533	66662	3
007	8	Sound	test07	1127372	71500	1			71500		other	0
007	8	Picture	3-214-1-3	1186189	130318	7	5166	7	130000	5000	hit	99
007	8	Response	61	1192454	136583	1
007	9	Sound	P2/beat1	1231687	25000	1			25000		other	0
007	9	Sound	f02	1278187	71500	1			71500		other	0
007	9	Picture	2-113-1-2	1337005	130318	7	5166	7	130000	5000	hit	103
007	9	Response	61	1351494	144807	2
007	10	Sound	P2/beat	1382503	25000	1			25000		other	0
007	10	Sound	f19	1429002	71500	1			71500		other	0
007	10	Picture	2-113-2-2	1487821	130318	7	5166	7	130000	5000	hit	107
007	10	Response	61	1493334	135831	2
007	11	Sound	P2/beat	1533318	24999	1			25000		other	0
007	11	Sound	n07	1579818	71500	1			71500		other	0
007	11	Picture	3-223-1-3	1638637	130318	7	5166	7	130000	5000	hit	111
007	11	Response	62	1650774	142455	1
007	12	Sound	P2/beat	1684134	25000	1			25000		other	0
007	12	Sound	f07	1730633	71499	1			71500		other	0
007	12	Picture	3-123-1-3	1789453	130318	7	5166	7	130000	5000	incorrect	115
007	12	Response	51	1802853	143719	1
007	13	Sound	P2/both1	1834950	25000	1			25000		other	0
007	13	Response	53	1837413	27463	1
007	13	Response	53	1841653	31703	2
007	13	Response	53	1846774	36823	1
007	13	Response	53	1853014	43064	2
007	13	Response	53	1858774	48823	2
007	13	Response	53	1864933	54983	1
007	13	Response	53	1871093	61143	1
007	13	Response	53	1876613	66663	2
007	13	Sound	f05	1881449	71499	1			71500		other	0
007	13	Picture	2-124-1-2	1940268	130318	7	5166	7	130000	5000	hit	127
007	13	Response	62	1958453	148503	2
007	14	Sound	P2/both	1985766	25000	1			25000		other	0
007	14	Response	53	1987493	26727	2
007	14	Response	53	1992373	31607	2
007	14	Response	53	1998373	37607	1
007	14	Response	53	2004533	43767	1
007	14	Response	53	2009893	49127	1
007	14	Response	53	2015973	55207	1
007	14	Response	53	2021813	61047	1
007	14	Response	53	2027893	67127	1
007	14	Sound	test09	2032265	71499	1			71500		other	0
007	14	Picture	3-224-1-3	2091084	130318	7	5166	7	130000	5000	hit	139
007	14	Response	62	2104293	143527	1
007	15	Response	53	2134613	23031	1
007	15	Sound	P2/both	2136582	25000	1			25000		other	0
007	15	Response	53	2138933	27351	2
007	15	Response	53	2143333	31751	1
007	15	Response	53	2148373	36792	2
007	15	Response	53	2154373	42791	1
007	15	Response	53	2159973	48391	1
007	15	Response	53	2166213	54631	1
007	15	Response	53	2172213	60631	1
007	15	Response	53	2178293	66711	1
007	15	Sound	test12	2183081	71499	1			71500		other	0
007	15	Response	53	2184773	73192	1
007	15	Picture	3-214-1-3	2241900	130318	7	5166	7	130000	5000	hit	153
007	15	Response	61	2250374	138792	1
007	16	Sound	P2/both	2287398	25000	1			25000		other	0
007	16	Response	53	2288773	26376	1
007	16	Response	53	2294053	31656	2
007	16	Response	53	2299493	37095	1
007	16	Response	53	2304693	42296	1
007	16	Response	53	2310373	47975	1
007	16	Response	53	2316453	54056	1
007	16	Response	53	2322453	60056	1
007	16	Response	53	2328293	65896	1
007	16	Sound	test19	2333898	71500	1			71500		other	0
007	16	Picture	2-224-1-2	2392716	130318	7	5166	7	130000	5000	hit	165
007	16	Response	62	2406293	143895	1
007	17	Sound	P1/tapping1	2438212	24999	1			25000		other	0
007	17	Response	53	2441413	28200	1
007	17	Response	53	2445653	32439	1
007	17	Response	53	2450613	37400	1
007	17	Response	53	2455814	42601	1
007	17	Response	53	2460693	47480	1
007	17	Response	53	2465733	52520	1
007	17	Response	53	2470853	57640	1
007	17	Response	53	2475973	62760	1
007	17	Response	53	2480853	67639	1
007	17	Sound	f15	2484713	71499	1			71500		other	0
007	17	Picture	2-122-2-2	2543532	130318	7	5166	7	130000	5000	hit	178
007	17	Response	62	2554773	141560	1
007	18	Sound	P1/tapping	2589029	25000	1			25000		other	0
007	18	Response	53	2590213	26184	1
007	18	Response	53	2595173	31144	1
007	18	Response	53	2601173	37144	2
007	18	Response	53	2606694	42665	2
007	18	Response	53	2612293	48264	1
007	18	Response	53	2618053	54024	2
007	18	Response	53	2623813	59784	1
007	18	Response	53	2629653	65624	1
007	18	Response	53	2635493	71464	1
007	18	Sound	test21	2635528	71499	1			71500		other	0
007	18	Picture	3-212-1-3	2694347	130318	7	5166	7	130000	5000	hit	191
007	18	Response	61	2707253	143224	3
007	19	Response	53	2738053	23208	1
007	19	Sound	P1/tapping	2739844	24999	1			25000		other	0
007	19	Response	53	2745333	30488	1
007	19	Response	53	2752133	37288	2
007	19	Response	53	2757893	43048	2
007	19	Response	53	2763733	48888	2
007	19	Response	53	2769813	54969	1
007	19	Response	53	2775493	60648	1
007	19	Response	53	2781493	66648	2
007	19	Sound	f10	2786345	71500	1			71500		other	0
007	19	Response	53	2787253	72408	2
007	19	Picture	3-112-1-3	2845163	130318	7	5166	7	130000	5000	hit	204
007	19	Response	61	2853813	138968	1
007	20	Sound	P1/tapping	2890661	25000	1			25000		other	0
007	20	Response	53	2891973	26312	2
007	20	Response	53	2897173	31512	1
007	20	Response	53	2903653	37992	2
007	20	Response	53	2910293	44632	1
007	20	Response	53	2916293	50632	1
007	20	Response	53	2922213	56552	1
007	20	Response	53	2928293	62632	1
007	20	Response	53	2934453	68792	2
007	20	Sound	f13	2937161	71500	1			71500		other	0
007	20	Picture	3-112-1-3	2995979	130318	7	5166	7	130000	5000	hit	216
007	20	Response	61	3004453	138792	1
007	21	Sound	P2/both1	3041476	24999	1			25000		other	0
007	21	Response	53	3043653	27176	1
007	21	Response	53	3048293	31816	2
007	21	Response	53	3053413	36936	1
007	21	Response	53	3058773	42296	1
007	21	Response	53	3064533	48056	2
007	21	Response	53	3070533	54056	1
007	21	Response	53	3076453	59977	1
007	21	Response	53	3082453	65976	1
007	21	Sound	n03	3087977	71500	1			71500		other	0
007	21	Response	53	3088533	72056	1
007	21	Picture	2-124-1-2	3146795	130318	7	5166	7	130000	5000	hit	229
007	21	Response	62	3160853	144376	1
007	22	Sound	P2/both	3192292	25000	1			25000		other	0
007	22	Response	53	3194052	26760	1
007	22	Response	53	3198772	31480	1
007	22	Response	53	3203973	36680	1
007	22	Response	53	3209572	42280	2
007	22	Response	53	3215412	48120	1
007	22	Response	53	3221733	54441	1
007	22	Response	53	3227573	60280	1
007	22	Response	53	3234373	67080	1
007	22	Sound	n13	3238792	71500	1			71500		other	0
007	22	Picture	3-214-1-3	3297611	130318	7	5166	7	130000	5000	miss	0
007	23	Response	52	3318453	345	2
007	23	Sound	P2/both	3343108	25000	1			25000		other	0
007	23	Response	53	3345013	26905	2
007	23	Response	53	3349893	31785	1
007	23	Response	53	3355253	37145	2
007	23	Response	53	3360693	42585	1
007	23	Response	53	3366612	48504	2
007	23	Response	53	3372453	54345	2
007	23	Response	53	3378292	60184	1
007	23	Response	53	3384212	66104	1
007	23	Sound	f11	3389607	71499	1			71500		other	0
007	23	Picture	2-124-1-2	3448426	130318	7	5166	7	130000	5000	incorrect	253
007	23	Response	51	3458853	140745	1
007	24	Sound	P2/both	3493923	24999	1			25000		other	0
007	24	Response	53	3499093	30169	1
007	24	Response	53	3505093	36169	1
007	24	Response	53	3511173	42249	2
007	24	Response	53	3517253	48329	1
007	24	Response	53	3523093	54169	1
007	24	Response	53	3529413	60489	1
007	24	Response	53	3535093	66169	1
007	24	Sound	f16	3540424	71500	1			71500		other	0
007	24	Picture	2-114-1-2	3599242	130318	7	5166	7	130000	5000	hit	264
007	24	Response	61	3608533	139609	1
007	25	Sound	P0/none1	3644740	25000	1			25000		other	0
007	25	Sound	f21	3691239	71499	1			71500		other	0
007	25	Picture	2-121-2-2	3750058	130318	7	5166	7	130000	5000	hit	268
007	25	Response	62	3757973	138233	2
007	26	Sound	P0/none	3795555	24999	1			25000		other	0
007	26	Sound	test14	3842056	71500	1			71500		other	0
007	26	Picture	2-221-1-2	3900874	130318	7	5166	7	130000	5000	hit	272
007	26	Response	62	3910533	139977	1
007	27	Sound	P0/none	3946371	25000	1			25000		other	0
007	27	Sound	f14	3992871	71499	1			71500		other	0
007	27	Picture	3-111-1-3	4051690	130318	7	5166	7	130000	5000	hit	276
007	27	Response	61	4057092	135721	2
007	28	Response	53	4080932	8744	2
007	28	Sound	P0/none	4097187	25000	1			25000		other	0
007	28	Sound	test08	4143686	71498	1			71500		other	0
007	28	Picture	3-221-1-3	4202505	130318	7	5166	7	130000	5000	miss	0
007	29	Response	52	4225013	2010	2
007	29	Sound	P1/tapping1	4248002	24999	1			25000		other	0
007	29	Response	53	4251572	28569	1
007	29	Response	53	4256612	33609	2
007	29	Response	53	4262132	39129	1
007	29	Response	53	4267972	44969	1
007	29	Response	53	4273812	50809	1
007	29	Response	53	4279333	56330	1
007	29	Response	53	4284772	61769	1
007	29	Response	53	4290453	67450	1
007	29	Sound	n09	4294502	71499	1			71500		other	0
007	29	Response	53	4295892	72889	1
007	29	Picture	2-222-2-2	4353321	130318	7	5166	7	130000	5000	hit	294
007	29	Response	62	4373493	150490	2
007	30	Response	53	4395332	21514	1
007	30	Sound	P1/tapping	4398818	24999	1			25000		other	0
007	30	Response	53	4401492	27673	1
007	30	Response	53	4407732	33913	1
007	30	Response	53	4413894	40075	2
007	30	Response	53	4419652	45833	1
007	30	Response	53	4426052	52233	1
007	30	Response	53	4431892	58073	1
007	30	Response	53	4438052	64233	2
007	30	Response	53	4443812	69993	1
007	30	Sound	test13	4445319	71500	1			71500		other	0
007	30	Picture	2-212-1-2	4504137	130318	7	5166	7	130000	5000	hit	307
007	30	Response	61	4513732	139913	1
007	31	Response	53	4545892	21258	2
007	31	Sound	P1/tapping	4549635	25000	1			25000		other	0
007	31	Response	53	4552452	27818	1
007	31	Response	53	4560052	35418	2
007	31	Response	53	4565972	41337	1
007	31	Response	53	4572372	47737	1
007	31	Response	53	4578692	54057	2
007	31	Response	53	4584452	59817	1
007	31	Response	53	4590372	65737	1
007	31	Response	53	4596132	71497	1
007	31	Sound	f03	4596135	71501	1			71500		other	0
007	31	Picture	3-112-1-3	4654953	130318	7	5166	7	130000	5000	hit	320
007	31	Response	61	4665172	140537	1
007	32	Sound	P1/tapping	4700450	25000	1			25000		other	0
007	32	Response	53	4701896	26445	1
007	32	Response	53	4707656	32205	1
007	32	Response	53	4713974	38524	2
007	32	Response	53	4720133	44682	4
007	32	Response	53	4726292	50842	2
007	32	Response	53	4731892	56441	1
007	32	Response	53	4738372	62921	1
007	32	Response	53	4744532	69081	1
007	32	Sound	f12	4746950	71500	1			71500		other	0
007	32	Picture	2-122-1-2	4805769	130318	7	5166	7	130000	5000	hit	332
007	32	Response	62	4816772	141322	1
007	33	Sound	P2/beat1	4851265	24999	1			25000		other	0
007	33	Sound	n06	4897766	71499	1			71500		other	0
007	33	Picture	2-223-2-2	4956585	130318	7	5166	7	130000	5000	hit	336
007	33	Response	62	4971332	145066	1
007	34	Sound	P2/beat	5002082	24999	1			25000		other	0
007	34	Sound	test06	5048582	71500	1			71500		other	0
007	34	Picture	3-213-1-3	5107400	130318	7	5166	7	130000	5000	hit	340
007	34	Response	61	5117172	140090	1
007	35	Sound	P2/beat	5152898	25000	1			25000		other	0
007	35	Sound	n04	5199398	71500	1			71500		other	0
007	35	Picture	3-223-1-3	5258216	130318	7	5166	7	130000	5000	incorrect	344
007	35	Response	51	5272132	144234	1
007	36	Sound	P2/beat	5303714	25000	1			25000		other	0
007	36	Sound	n11	5350214	71500	1			71500		other	0
007	36	Picture	3-113-2-3	5409032	130318	7	5166	7	130000	5000	hit	348
007	36	Response	61	5429092	150378	1
007	37	Sound	P1/tapping1	5454530	25000	1			25000		other	0
007	37	Response	53	5456611	27081	3
007	37	Response	53	5461652	32122	1
007	37	Response	53	5468131	38602	1
007	37	Response	53	5474291	44762	2
007	37	Response	53	5480212	50682	1
007	37	Response	53	5486292	56762	1
007	37	Response	53	5492052	62522	1
007	37	Response	53	5497892	68362	1
007	37	Sound	f23	5501030	71500	1			71500		other	0
007	37	Picture	3-112-1-3	5559848	130318	7	5166	7	130000	5000	hit	360
007	37	Response	61	5565091	135562	1
007	38	Sound	P1/tapping	5605345	24999	1			25000		other	0
007	38	Response	53	5606932	26586	1
007	38	Response	53	5612052	31706	2
007	38	Response	53	5618212	37866	1
007	38	Response	53	5624132	43786	1
007	38	Response	53	5630052	49706	1
007	38	Response	53	5636212	55866	1
007	38	Response	53	5642291	61946	1
007	38	Response	53	5648292	67946	2
007	38	Sound	n10	5651844	71498	1			71500		other	0
007	38	Response	53	5654372	74026	1
007	38	Picture	2-112-1-2	5710664	130318	7	5166	7	130000	5000	hit	373
007	38	Response	61	5723411	143066	1
007	39	Sound	P1/tapping	5756161	25000	1			25000		other	0
007	39	Response	53	5758452	27290	1
007	39	Response	53	5763972	32810	1
007	39	Response	53	5770211	39050	1
007	39	Response	53	5775572	44410	1
007	39	Response	53	5781492	50330	1
007	39	Response	53	5788132	56970	1
007	39	Response	53	5794052	62890	1
007	39	Response	53	5800452	69290	2
007	39	Sound	test10	5802661	71500	1			71500		other	0
007	39	Picture	3-212-1-3	5861480	130318	7	5166	7	130000	5000	hit	385
007	39	Response	61	5870052	138890	1
007	40	Sound	P1/tapping	5906977	24999	1			25000		other	0
007	40	Response	53	5908372	26394	2
007	40	Response	53	5913892	31914	1
007	40	Response	53	5919652	37674	1
007	40	Response	53	5925572	43594	2
007	40	Response	53	5931492	49514	1
007	40	Response	53	5937492	55515	1
007	40	Response	53	5943571	61594	1
007	40	Response	53	5949011	67034	1
007	40	Sound	test16	5953476	71499	1			71500		other	0
007	40	Response	53	5954852	72874	1
007	40	Picture	2-212-1-2	6012295	130318	7	5166	7	130000	5000	hit	398
007	40	Response	61	6022612	140634	1
007	41	Sound	P0/none1	6057793	25000	1			25000		other	0
007	41	Sound	test03	6104292	71499	1			71500		other	0
007	41	Picture	2-221-1-2	6163111	130318	7	5166	7	130000	5000	hit	402
007	41	Response	62	6173652	140858	1
007	42	Sound	P0/none	6208609	25000	1			25000		other	0
007	42	Sound	f22	6255110	71500	1			71500		other	0
007	42	Picture	2-121-2-2	6313927	130318	7	5166	7	130000	5000	hit	406
007	42	Response	62	6326451	142842	1
007	43	Sound	P0/none	6359425	25000	1			25000		other	0
007	43	Sound	test04	6405925	71500	1			71500		other	0
007	43	Picture	3-221-1-3	6464743	130318	7	5166	7	130000	5000	hit	410
007	43	Response	62	6474531	140106	1
007	44	Sound	P0/none	6510240	25000	1			25000		other	0
007	44	Sound	test11	6556741	71500	1			71500		other	0
007	44	Picture	2-221-1-2	6615559	130318	7	5166	7	130000	5000	hit	414
007	44	Response	62	6627572	142331	1
007	45	Sound	P2/beat1	6661055	24999	1			25000		other	0
007	45	Sound	f04	6707555	71499	1			71500		other	0
007	45	Picture	2-113-1-2	6766375	130318	7	5166	7	130000	5000	hit	418
007	45	Response	61	6775011	138955	1
007	46	Sound	P2/beat	6811872	25000	1			25000		other	0
007	46	Sound	test05	6858372	71499	1			71500		other	0
007	46	Picture	3-213-1-3	6917191	130318	7	5166	7	130000	5000	hit	422
007	46	Response	61	6927011	140139	2
007	47	Sound	P2/beat	6962688	24999	1			25000		other	0
007	47	Sound	f20	7009188	71499	1			71500		other	0
007	47	Picture	2-123-2-2	7068006	130318	7	5166	7	130000	5000	hit	426
007	47	Response	62	7077731	140043	1
007	48	Sound	P2/beat	7113504	25000	1			25000		other	0
007	48	Sound	f24	7160004	71500	1			71500		other	0
007	48	Picture	2-113-1-2	7218822	130318	7	5166	7	130000	5000	hit	430
007	48	Response	61	7225491	136987	2
007	49	Sound	P2/both1	7264319	24999	1			25000		other	0
007	49	Response	53	7266131	26811	2
007	49	Response	53	7271011	31691	1
007	49	Response	53	7276371	37051	1
007	49	Response	53	7282211	42891	1
007	49	Response	53	7287891	48571	1
007	49	Response	53	7293971	54651	1
007	49	Response	53	7299731	60411	1
007	49	Response	53	7306371	67051	3
007	49	Sound	test18	7310820	71500	1			71500		other	0
007	49	Picture	2-224-1-2	7369638	130318	7	5166	7	130000	5000	hit	442
007	49	Response	62	7383011	143691	1
007	50	Sound	P2/both	7415135	24999	1			25000		other	0
007	50	Response	53	7417971	27835	1
007	50	Response	53	7421971	31835	2
007	50	Response	53	7427171	37035	1
007	50	Response	53	7433251	43115	1
007	50	Response	53	7439092	48956	2
007	50	Response	53	7445251	55115	1
007	50	Response	53	7451251	61115	1
007	50	Response	53	7460291	70155	3
007	50	Sound	test01	7461635	71499	1			71500		other	0
007	50	Picture	3-214-1-3	7520454	130318	7	5166	7	130000	5000	incorrect	454
007	50	Response	52	7537411	147275	2
007	51	Response	53	7553171	12219	1
007	51	Sound	P2/both	7565952	25000	1			25000		other	0
007	51	Response	53	7568051	27099	1
007	51	Response	53	7572531	31580	1
007	51	Response	53	7577731	36779	2
007	51	Response	53	7583331	42380	1
007	51	Response	53	7589411	48459	1
007	51	Response	53	7595731	54779	2
007	51	Response	53	7601731	60779	1
007	51	Response	53	7607811	66859	1
007	51	Sound	test17	7612451	71499	1			71500		other	0
007	51	Picture	3-214-1-3	7671270	130318	7	5166	7	130000	5000	incorrect	467
007	51	Response	52	7689412	148460	2
007	52	Sound	P2/both	7716767	25000	1			25000		other	0
007	52	Response	53	7720611	28843	1
007	52	Response	53	7724931	33163	2
007	52	Response	53	7729651	37883	1
007	52	Response	53	7735171	43403	1
007	52	Response	53	7741571	49804	2
007	52	Response	53	7746851	55083	1
007	52	Response	53	7752851	61083	1
007	52	Response	53	7758371	66603	1
007	52	Sound	test15	7763268	71500	1			71500		other	0
007	52	Picture	3-214-1-3	7822086	130318	7	5166	7	130000	5000	hit	479
007	52	Response	61	7830211	138443	1
007	53	Sound	P2/beat1	7867583	24999	1			25000		other	0
007	53	Sound	test02	7914083	71499	1			71500		other	0
007	53	Picture	3-223-1-3	7972902	130318	7	5166	7	130000	5000	hit	483
007	53	Response	62	7983011	140427	2
007	54	Sound	P2/beat	8018399	24999	1			25000		other	0
007	54	Sound	f08	8064899	71500	1			71500		other	0
007	54	Picture	3-113-2-3	8123718	130318	7	5166	7	130000	5000	hit	487
007	54	Response	61	8131250	137851	1
007	55	Sound	P2/beat	8169216	25001	1			25000		other	0
007	55	Sound	test23	8215714	71498	1			71500		other	0
007	55	Picture	3-213-1-3	8274533	130318	7	5166	7	130000	5000	hit	491
007	55	Response	61	8284691	140476	2
007	56	Sound	P2/beat	8320031	25000	1			25000		other	0
007	56	Sound	test25	8366531	71500	1			71500		other	0
007	56	Picture	2-223-1-2	8425349	130318	7	5166	7	130000	5000	hit	495
007	56	Response	62	8443571	148540	1
007	57	Sound	P0/none1	8470847	25000	1			25000		other	0
007	57	Sound	n01	8517346	71499	1			71500		other	0
007	57	Picture	2-211-1-2	8576165	130318	7	5166	7	130000	5000	hit	499
007	57	Response	61	8591090	145244	1
007	58	Sound	P0/none	8621662	24999	1			25000		other	0
007	58	Sound	n12	8668163	71501	1			71500		other	0
007	58	Picture	2-121-2-2	8726981	130318	7	5166	7	130000	5000	hit	503
007	58	Response	62	8737250	140588	1
007	59	Sound	P0/none	8772478	25000	1			25000		other	0
007	59	Sound	f17	8818978	71500	1			71500		other	0
007	59	Picture	2-121-2-2	8877797	130318	7	5166	7	130000	5000	hit	507
007	59	Response	62	8887970	140492	1
007	60	Sound	P0/none	8923294	25000	1			25000		other	0
007	60	Sound	n14	8969794	71500	1			71500		other	0
007	60	Picture	2-111-2-2	9028613	130318	7	5166	7	130000	5000	hit	511
007	60	Response	61	9038370	140076	1


Event Type	Code	Type	Response	RT	RT Uncertainty	Time	Uncertainty	Duration	Uncertainty	ReqTime	ReqDur

Sound	P1/tapping1	other				25162	1			25000
Sound	n05	other				71661	1			71500
Picture	2-122-2-2	incorrect	1	14215	7	130479	7	5166	7	130000	5000
Sound	P1/tapping	other				175977	1			25000
Sound	f18	other				222477	1			71500
Picture	3-122-1-3	hit	2	14600	7	281294	7	5166	7	130000	5000
Sound	P1/tapping	other				326792	1			25000
Sound	f09	other				373291	1			71500
Picture	2-122-1-2	hit	2	12584	7	432110	7	5166	7	130000	5000
Sound	P1/tapping	other				477608	1			25000
Sound	f06	other				524108	1			71500
Picture	3-122-1-3	hit	2	12488	8	582926	7	5166	7	130000	5000
Sound	P2/both1	other				628424	1			25000
Sound	f01	other				674923	1			71500
Picture	3-114-1-3	hit	1	8072	7	733742	7	5166	7	130000	5000
Sound	P2/both	other				779239	1			25000
Sound	test24	other				825739	1			71500
Picture	3-214-1-3	hit	1	18696	7	884558	7	5166	7	130000	5000
Sound	P2/both	other				930055	1			25000
Sound	test22	other				976555	1			71500
Picture	3-224-1-3	hit	2	9080	7	1035374	7	5166	7	130000	5000
Sound	P2/both	other				1080872	1			25000
Sound	test07	other				1127372	1			71500
Picture	3-214-1-3	hit	1	6264	7	1186189	7	5166	7	130000	5000
Sound	P2/beat1	other				1231687	1			25000
Sound	f02	other				1278187	1			71500
Picture	2-113-1-2	hit	1	14489	8	1337005	7	5166	7	130000	5000
Sound	P2/beat	other				1382503	1			25000
Sound	f19	other				1429002	1			71500
Picture	2-113-2-2	hit	1	5513	8	1487821	7	5166	7	130000	5000
Sound	P2/beat	other				1533318	1			25000
Sound	n07	other				1579818	1			71500
Picture	3-223-1-3	hit	2	12137	7	1638637	7	5166	7	130000	5000
Sound	P2/beat	other				1684134	1			25000
Sound	f07	other				1730633	1			71500
Picture	3-123-1-3	incorrect	1	13401	7	1789453	7	5166	7	130000	5000
Sound	P2/both1	other				1834950	1			25000
Sound	f05	other				1881449	1			71500
Picture	2-124-1-2	hit	2	18185	8	1940268	7	5166	7	130000	5000
Sound	P2/both	other				1985766	1			25000
Sound	test09	other				2032265	1			71500
Picture	3-224-1-3	hit	2	13209	7	2091084	7	5166	7	130000	5000
Sound	P2/both	other				2136582	1			25000
Sound	test12	other				2183081	1			71500
Picture	3-214-1-3	hit	1	8474	7	2241900	7	5166	7	130000	5000
Sound	P2/both	other				2287398	1			25000
Sound	test19	other				2333898	1			71500
Picture	2-224-1-2	hit	2	13577	7	2392716	7	5166	7	130000	5000
Sound	P1/tapping1	other				2438212	1			25000
Sound	f15	other				2484713	1			71500
Picture	2-122-2-2	hit	2	11242	7	2543532	7	5166	7	130000	5000
Sound	P1/tapping	other				2589029	1			25000
Sound	test21	other				2635528	1			71500
Picture	3-212-1-3	hit	1	12906	9	2694347	7	5166	7	130000	5000
Sound	P1/tapping	other				2739844	1			25000
Sound	f10	other				2786345	1			71500
Picture	3-112-1-3	hit	1	8650	7	2845163	7	5166	7	130000	5000
Sound	P1/tapping	other				2890661	1			25000
Sound	f13	other				2937161	1			71500
Picture	3-112-1-3	hit	1	8474	7	2995979	7	5166	7	130000	5000
Sound	P2/both1	other				3041476	1			25000
Sound	n03	other				3087977	1			71500
Picture	2-124-1-2	hit	2	14058	7	3146795	7	5166	7	130000	5000
Sound	P2/both	other				3192292	1			25000
Sound	n13	other				3238792	1			71500
Picture	3-214-1-3	miss				3297611	7	5166	7	130000	5000
Sound	P2/both	other				3343108	1			25000
Sound	f11	other				3389607	1			71500
Picture	2-124-1-2	incorrect	1	10426	7	3448426	7	5166	7	130000	5000
Sound	P2/both	other				3493923	1			25000
Sound	f16	other				3540424	1			71500
Picture	2-114-1-2	hit	1	9290	7	3599242	7	5166	7	130000	5000
Sound	P0/none1	other				3644740	1			25000
Sound	f21	other				3691239	1			71500
Picture	2-121-2-2	hit	2	7914	8	3750058	7	5166	7	130000	5000
Sound	P0/none	other				3795555	1			25000
Sound	test14	other				3842056	1			71500
Picture	2-221-1-2	hit	2	9659	7	3900874	7	5166	7	130000	5000
Sound	P0/none	other				3946371	1			25000
Sound	f14	other				3992871	1			71500
Picture	3-111-1-3	hit	1	5403	8	4051690	7	5166	7	130000	5000
Sound	P0/none	other				4097187	1			25000
Sound	test08	other				4143686	1			71500
Picture	3-221-1-3	miss				4202505	7	5166	7	130000	5000
Sound	P1/tapping1	other				4248002	1			25000
Sound	n09	other				4294502	1			71500
Picture	2-222-2-2	hit	2	20172	8	4353321	7	5166	7	130000	5000
Sound	P1/tapping	other				4398818	1			25000
Sound	test13	other				4445319	1			71500
Picture	2-212-1-2	hit	1	9595	7	4504137	7	5166	7	130000	5000
Sound	P1/tapping	other				4549635	1			25000
Sound	f03	other				4596135	1			71500
Picture	3-112-1-3	hit	1	10219	7	4654953	7	5166	7	130000	5000
Sound	P1/tapping	other				4700450	1			25000
Sound	f12	other				4746950	1			71500
Picture	2-122-1-2	hit	2	11003	7	4805769	7	5166	7	130000	5000
Sound	P2/beat1	other				4851265	1			25000
Sound	n06	other				4897766	1			71500
Picture	2-223-2-2	hit	2	14747	7	4956585	7	5166	7	130000	5000
Sound	P2/beat	other				5002082	1			25000
Sound	test06	other				5048582	1			71500
Picture	3-213-1-3	hit	1	9772	7	5107400	7	5166	7	130000	5000
Sound	P2/beat	other				5152898	1			25000
Sound	n04	other				5199398	1			71500
Picture	3-223-1-3	incorrect	1	13916	7	5258216	7	5166	7	130000	5000
Sound	P2/beat	other				5303714	1			25000
Sound	n11	other				5350214	1			71500
Picture	3-113-2-3	hit	1	20060	7	5409032	7	5166	7	130000	5000
Sound	P1/tapping1	other				5454530	1			25000
Sound	f23	other				5501030	1			71500
Picture	3-112-1-3	hit	1	5243	7	5559848	7	5166	7	130000	5000
Sound	P1/tapping	other				5605345	1			25000
Sound	n10	other				5651844	1			71500
Picture	2-112-1-2	hit	1	12748	7	5710664	7	5166	7	130000	5000
Sound	P1/tapping	other				5756161	1			25000
Sound	test10	other				5802661	1			71500
Picture	3-212-1-3	hit	1	8572	7	5861480	7	5166	7	130000	5000
Sound	P1/tapping	other				5906977	1			25000
Sound	test16	other				5953476	1			71500
Picture	2-212-1-2	hit	1	10316	7	6012295	7	5166	7	130000	5000
Sound	P0/none1	other				6057793	1			25000
Sound	test03	other				6104292	1			71500
Picture	2-221-1-2	hit	2	10540	7	6163111	7	5166	7	130000	5000
Sound	P0/none	other				6208609	1			25000
Sound	f22	other				6255110	1			71500
Picture	2-121-2-2	hit	2	12524	7	6313927	7	5166	7	130000	5000
Sound	P0/none	other				6359425	1			25000
Sound	test04	other				6405925	1			71500
Picture	3-221-1-3	hit	2	9788	7	6464743	7	5166	7	130000	5000
Sound	P0/none	other				6510240	1			25000
Sound	test11	other				6556741	1			71500
Picture	2-221-1-2	hit	2	12013	7	6615559	7	5166	7	130000	5000
Sound	P2/beat1	other				6661055	1			25000
Sound	f04	other				6707555	1			71500
Picture	2-113-1-2	hit	1	8637	7	6766375	7	5166	7	130000	5000
Sound	P2/beat	other				6811872	1			25000
Sound	test05	other				6858372	1			71500
Picture	3-213-1-3	hit	1	9821	8	6917191	7	5166	7	130000	5000
Sound	P2/beat	other				6962688	1			25000
Sound	f20	other				7009188	1			71500
Picture	2-123-2-2	hit	2	9725	7	7068006	7	5166	7	130000	5000
Sound	P2/beat	other				7113504	1			25000
Sound	f24	other				7160004	1			71500
Picture	2-113-1-2	hit	1	6669	8	7218822	7	5166	7	130000	5000
Sound	P2/both1	other				7264319	1			25000
Sound	test18	other				7310820	1			71500
Picture	2-224-1-2	hit	2	13373	7	7369638	7	5166	7	130000	5000
Sound	P2/both	other				7415135	1			25000
Sound	test01	other				7461635	1			71500
Picture	3-214-1-3	incorrect	2	16957	8	7520454	7	5166	7	130000	5000
Sound	P2/both	other				7565952	1			25000
Sound	test17	other				7612451	1			71500
Picture	3-214-1-3	incorrect	2	18142	8	7671270	7	5166	7	130000	5000
Sound	P2/both	other				7716767	1			25000
Sound	test15	other				7763268	1			71500
Picture	3-214-1-3	hit	1	8125	7	7822086	7	5166	7	130000	5000
Sound	P2/beat1	other				7867583	1			25000
Sound	test02	other				7914083	1			71500
Picture	3-223-1-3	hit	2	10109	8	7972902	7	5166	7	130000	5000
Sound	P2/beat	other				8018399	1			25000
Sound	f08	other				8064899	1			71500
Picture	3-113-2-3	hit	1	7533	7	8123718	7	5166	7	130000	5000
Sound	P2/beat	other				8169216	1			25000
Sound	test23	other				8215714	1			71500
Picture	3-213-1-3	hit	1	10158	8	8274533	7	5166	7	130000	5000
Sound	P2/beat	other				8320031	1			25000
Sound	test25	other				8366531	1			71500
Picture	2-223-1-2	hit	2	18221	7	8425349	7	5166	7	130000	5000
Sound	P0/none1	other				8470847	1			25000
Sound	n01	other				8517346	1			71500
Picture	2-211-1-2	hit	1	14925	7	8576165	7	5166	7	130000	5000
Sound	P0/none	other				8621662	1			25000
Sound	n12	other				8668163	1			71500
Picture	2-121-2-2	hit	2	10270	7	8726981	7	5166	7	130000	5000
Sound	P0/none	other				8772478	1			25000
Sound	f17	other				8818978	1			71500
Picture	2-121-2-2	hit	2	10174	7	8877797	7	5166	7	130000	5000
Sound	P0/none	other				8923294	1			25000
Sound	n14	other				8969794	1			71500
Picture	2-111-2-2	hit	1	9758	7	9028613	7	5166	7	130000	5000

The following output port codes were not sent because of a conflict on the port.
Port	Code	Time(ms)
1	102	263553
1	102	459614


{
   "app": "Presentation Version 22.1 Build 01.21.21",
   "device": "Dell Inc. OptiPlex 7050",
   "experiment": "{C8E97CB4-6FCA-44FA-B866-4A2D94B6B85C}",
   "os": "Windows 10 64 bit",
   "package": "",
   "parameters": {
      "configuration": "Default configuration"
   },
   "scenario": "entrain_list1_sess3_EB.sce",
   "subject": "007",
   "timestamp": "2022/04/05 14:00:27 GMT"
}
