Scenario - test
Logfile written - 04/05/2022 17:00:22

Subject	Trial	Event Type	Code	Time	TTime	Uncertainty	Duration	Uncertainty	ReqTime	ReqDur	Stim Type	Pair Index

007	1	Sound	P0/none1	25159	24999	1			25000		other	0
007	1	Sound	f01	71660	71500	1			71500		other	0
007	1	Picture	2-111-1-2	130479	130318	7	5166	7	130000	5000	incorrect	4
007	1	Response	52	140254	140094	2
007	2	Response	51	153054	2078	2
007	2	Sound	P0/none	175976	25000	1			25000		other	0
007	2	Sound	test01	222475	71499	1			71500		other	0
007	2	Picture	2-211-1-2	281295	130318	7	5166	7	130000	5000	hit	9
007	2	Response	61	291214	140238	2
007	3	Sound	P0/none	326793	25001	1			25000		other	0
007	3	Sound	test22	373292	71500	1			71500		other	0
007	3	Picture	3-211-1-3	432110	130318	7	5166	7	130000	5000	hit	13
007	3	Response	61	440094	138302	1
007	4	Sound	P0/none	477607	24999	1			25000		other	0
007	4	Sound	f07	524108	71500	1			71500		other	0
007	4	Picture	2-121-1-2	582926	130318	7	5166	7	130000	5000	incorrect	17
007	4	Response	51	597134	144526	2
007	5	Sound	P2/beat1	628423	25000	1			25000		other	0
007	5	Sound	f03	674924	71501	1			71500		other	0
007	5	Picture	2-123-1-2	733742	130318	7	5166	7	130000	5000	hit	21
007	5	Response	62	745534	142110	1
007	6	Sound	P2/beat	779239	24999	1			25000		other	0
007	6	Sound	n12	825739	71500	1			71500		other	0
007	6	Picture	3-123-1-3	884558	130318	7	5166	7	130000	5000	hit	25
007	6	Response	62	896574	142334	1
007	7	Sound	P2/beat	930055	24999	1			25000		other	0
007	7	Sound	test10	976554	71499	1			71500		other	0
007	7	Picture	2-213-1-2	1035373	130318	7	5166	7	130000	5000	incorrect	29
007	7	Response	52	1044894	139839	1
007	8	Sound	P2/beat	1080870	24999	1			25000		other	0
007	8	Sound	f17	1127372	71501	1			71500		other	0
007	8	Picture	3-113-1-3	1186189	130318	7	5166	7	130000	5000	hit	33
007	8	Response	61	1194574	138703	1
007	9	Sound	P0/none1	1231687	25000	1			25000		other	0
007	9	Sound	f09	1278186	71499	1			71500		other	0
007	9	Picture	2-111-1-2	1337005	130318	7	5166	7	130000	5000	incorrect	37
007	9	Response	52	1348654	141967	2
007	10	Sound	P0/none	1382503	25000	1			25000		other	0
007	10	Sound	test02	1429003	71501	1			71500		other	0
007	10	Picture	2-221-1-2	1487821	130318	7	5166	7	130000	5000	hit	41
007	10	Response	62	1500254	142751	1
007	11	Sound	P0/none	1533317	24999	1			25000		other	0
007	11	Sound	f20	1579819	71501	1			71500		other	0
007	11	Picture	3-121-1-3	1638637	130318	7	5166	7	130000	5000	hit	45
007	11	Response	62	1648814	140495	1
007	12	Sound	P0/none	1684133	24999	1			25000		other	0
007	12	Sound	test21	1730634	71500	1			71500		other	0
007	12	Picture	3-221-1-3	1789452	130318	7	5166	7	130000	5000	hit	49
007	12	Response	62	1801134	141999	1
007	13	Sound	P1/tapping1	1834951	25001	1			25000		other	0
007	13	Response	53	1837213	27263	1
007	13	Response	53	1842013	32063	2
007	13	Response	53	1848173	38224	2
007	13	Response	53	1854174	44224	2
007	13	Response	53	1860573	50624	2
007	13	Response	53	1866413	56464	2
007	13	Response	53	1872654	62704	2
007	13	Response	53	1878653	68703	1
007	13	Sound	test04	1881450	71500	1			71500		other	0
007	13	Picture	2-212-1-2	1940268	130318	7	5166	7	130000	5000	incorrect	61
007	13	Response	52	1951133	141184	2
007	14	Response	53	1981694	20928	1
007	14	Sound	P1/tapping	1985766	25000	1			25000		other	0
007	14	Response	53	1987773	27007	1
007	14	Response	53	1992653	31887	2
007	14	Response	53	1998334	37568	2
007	14	Response	53	2004093	43328	1
007	14	Response	53	2010094	49328	2
007	14	Response	53	2015773	55008	1
007	14	Response	53	2021613	60848	2
007	14	Response	53	2027373	66608	1
007	14	Sound	test23	2032265	71500	1			71500		other	0
007	14	Picture	3-222-1-3	2091084	130318	7	5166	7	130000	5000	miss	0
007	15	Response	51	2112093	511	1
007	15	Sound	P1/tapping	2136581	24999	1			25000		other	0
007	15	Response	53	2137293	25712	1
007	15	Response	53	2143613	32032	2
007	15	Response	53	2150574	38992	2
007	15	Response	53	2156973	45392	1
007	15	Response	53	2163453	51871	2
007	15	Response	53	2169933	58352	1
007	15	Response	53	2176493	64912	2
007	15	Response	53	2182733	71152	1
007	15	Sound	test06	2183081	71500	1			71500		other	0
007	15	Picture	2-222-1-2	2241900	130318	7	5166	7	130000	5000	hit	86
007	15	Response	62	2251693	140112	1
007	16	Sound	P1/tapping	2287397	25000	1			25000		other	0
007	16	Response	53	2289293	26896	1
007	16	Response	53	2296813	34416	1
007	16	Response	53	2303454	41056	1
007	16	Response	53	2309453	47056	1
007	16	Response	53	2315774	53376	2
007	16	Response	53	2322493	60096	2
007	16	Response	53	2328653	66256	2
007	16	Sound	test07	2333897	71500	1			71500		other	0
007	16	Picture	2-212-1-2	2392715	130318	7	5166	7	130000	5000	incorrect	97
007	16	Response	52	2403053	140656	1
007	16	Response	51	2412333	149936	1
007	17	Sound	P2/both1	2438213	25000	1			25000		other	0
007	17	Response	53	2440733	27520	2
007	17	Response	53	2445213	32000	2
007	17	Response	53	2450173	36961	2
007	17	Response	53	2455773	42560	1
007	17	Response	53	2461853	48640	2
007	17	Response	53	2468173	54960	2
007	17	Response	53	2474173	60960	1
007	17	Response	53	2480013	66800	1
007	17	Sound	n01	2484712	71499	1			71500		other	0
007	17	Picture	3-214-1-3	2543531	130318	7	5166	7	130000	5000	hit	110
007	17	Response	61	2555053	141840	1
007	18	Sound	P2/both	2589029	25001	1			25000		other	0
007	18	Response	53	2591133	27104	1
007	18	Response	53	2596013	31984	2
007	18	Response	53	2601293	37265	1
007	18	Response	53	2607054	43025	2
007	18	Response	53	2613054	49025	2
007	18	Response	53	2618654	54625	1
007	18	Response	53	2624733	60704	2
007	18	Response	53	2630973	66944	2
007	18	Sound	f22	2635528	71499	1			71500		other	0
007	18	Picture	3-124-1-3	2694347	130318	7	5166	7	130000	5000	hit	122
007	18	Response	62	2708734	144705	1
007	19	Sound	P2/both	2739845	25000	1			25000		other	0
007	19	Response	53	2744893	30049	1
007	19	Response	53	2751293	36448	2
007	19	Response	53	2757373	42529	1
007	19	Response	53	2763453	48609	1
007	19	Response	53	2769453	54608	1
007	19	Response	53	2775374	60530	2
007	19	Response	53	2781133	66289	1
007	19	Sound	f19	2786345	71501	1			71500		other	0
007	19	Picture	3-114-1-3	2845163	130318	7	5166	7	130000	5000	hit	133
007	19	Response	61	2855773	140929	1
007	20	Sound	P2/both	2890661	25001	1			25000		other	0
007	20	Response	53	2891373	25713	1
007	20	Response	53	2896893	31232	2
007	20	Response	53	2902494	36833	2
007	20	Response	53	2908413	42752	1
007	20	Response	53	2914494	48834	1
007	20	Response	53	2920413	54753	1
007	20	Response	53	2926653	60992	2
007	20	Response	53	2931933	66273	2
007	20	Sound	test16	2937161	71500	1			71500		other	0
007	20	Response	53	2938253	72592	1
007	20	Picture	3-224-1-3	2995979	130318	7	5166	7	130000	5000	hit	146
007	20	Response	62	3015693	150033	2
007	21	Sound	P1/tapping1	3041475	24999	1			25000		other	0
007	21	Response	53	3043533	27057	2
007	21	Response	53	3049613	33137	1
007	21	Response	53	3056173	39697	1
007	21	Response	53	3062653	46177	2
007	21	Response	53	3068973	52497	2
007	21	Response	53	3075054	58578	2
007	21	Response	53	3081213	64737	1
007	21	Sound	test05	3087976	71500	1			71500		other	0
007	21	Picture	2-222-1-2	3146794	130318	7	5166	7	130000	5000	hit	157
007	21	Response	62	3159853	143377	2
007	22	Sound	P1/tapping	3192291	25000	1			25000		other	0
007	22	Response	53	3193693	26401	1
007	22	Response	53	3200013	32721	1
007	22	Response	53	3206413	39121	2
007	22	Response	53	3212733	45441	2
007	22	Response	53	3218813	51521	1
007	22	Response	53	3225053	57761	1
007	22	Response	53	3231293	64001	1
007	22	Response	53	3237213	69921	1
007	22	Sound	test08	3238791	71500	1			71500		other	0
007	22	Picture	2-212-1-2	3297610	130318	7	5166	7	130000	5000	incorrect	169
007	22	Response	52	3307453	140161	2
007	23	Sound	P1/tapping	3343108	25001	1			25000		other	0
007	23	Response	53	3345053	26945	2
007	23	Response	53	3350893	32785	2
007	23	Response	53	3357133	39025	1
007	23	Response	53	3363613	45505	2
007	23	Response	53	3370013	51905	2
007	23	Response	53	3376333	58225	1
007	23	Response	53	3382573	64465	2
007	23	Response	53	3388973	70866	2
007	23	Sound	test14	3389608	71500	1			71500		other	0
007	23	Picture	3-212-1-3	3448426	130318	7	5166	7	130000	5000	hit	181
007	23	Response	61	3459533	141425	1
007	24	Response	53	3492254	23330	2
007	24	Sound	P1/tapping	3493923	24999	1			25000		other	0
007	24	Response	53	3498973	30050	2
007	24	Response	53	3505772	36849	2
007	24	Response	53	3512333	43409	2
007	24	Response	53	3518733	49809	2
007	24	Response	53	3525373	56449	1
007	24	Response	53	3531773	62849	1
007	24	Response	53	3537853	68929	1
007	24	Sound	test19	3540423	71499	1			71500		other	0
007	24	Picture	3-212-1-3	3599242	130318	7	5166	7	130000	5000	hit	193
007	24	Response	61	3610333	141409	1
007	25	Sound	P2/beat1	3644740	25000	1			25000		other	0
007	25	Response	53	3650973	31233	1
007	25	Sound	f15	3691239	71500	1			71500		other	0
007	25	Picture	3-113-1-3	3750058	130318	7	5166	7	130000	5000	hit	198
007	25	Response	61	3758653	138914	2
007	26	Sound	P2/beat	3795555	24999	1			25000		other	0
007	26	Sound	f16	3842054	71499	1			71500		other	0
007	26	Picture	3-123-1-3	3900873	130318	7	5166	7	130000	5000	hit	202
007	26	Response	62	3910973	140418	2
007	27	Sound	P2/beat	3946370	24999	1			25000		other	0
007	27	Sound	f18	3992872	71501	1			71500		other	0
007	27	Picture	3-113-1-3	4051689	130318	7	5166	7	130000	5000	hit	206
007	27	Response	61	4063293	141922	2
007	28	Sound	P2/beat	4097186	24999	1			25000		other	0
007	28	Sound	test18	4143686	71499	1			71500		other	0
007	28	Picture	3-223-1-3	4202505	130318	7	5166	7	130000	5000	incorrect	210
007	28	Response	51	4216332	144145	2
007	29	Sound	P2/both1	4248002	24999	1			25000		other	0
007	29	Response	53	4252173	29170	1
007	29	Response	53	4256812	33809	1
007	29	Response	53	4265372	42370	1
007	29	Response	53	4272172	49169	1
007	29	Response	53	4278172	55170	1
007	29	Response	53	4283932	60930	1
007	29	Response	53	4289932	66930	2
007	29	Sound	f10	4294502	71499	1			71500		other	0
007	29	Picture	2-114-1-2	4353321	130318	7	5166	7	130000	5000	hit	221
007	29	Response	61	4361292	138290	1
007	30	Sound	P2/both	4398818	25000	1			25000		other	0
007	30	Response	53	4400492	26674	1
007	30	Response	53	4405532	31714	2
007	30	Response	53	4410892	37074	1
007	30	Response	53	4416412	42594	1
007	30	Response	53	4422412	48594	1
007	30	Response	53	4428412	54594	2
007	30	Response	53	4434492	60674	1
007	30	Response	53	4440412	66593	1
007	30	Sound	f12	4445318	71500	1			71500		other	0
007	30	Response	53	4446332	72514	2
007	30	Picture	2-114-1-2	4504137	130318	7	5166	7	130000	5000	hit	234
007	30	Response	61	4519132	145314	2
007	31	Sound	P2/both	4549634	25000	1			25000		other	0
007	31	Response	53	4551452	26818	1
007	31	Response	53	4556572	31938	1
007	31	Response	53	4561932	37298	2
007	31	Response	53	4567452	42818	1
007	31	Response	53	4573532	48898	2
007	31	Response	53	4579452	54818	1
007	31	Response	53	4585532	60898	1
007	31	Response	53	4591052	66418	1
007	31	Sound	n05	4596133	71499	1			71500		other	0
007	31	Picture	3-124-1-3	4654952	130318	7	5166	7	130000	5000	hit	246
007	31	Response	62	4665612	140978	2
007	32	Sound	P2/both	4700449	24998	1			25000		other	0
007	32	Response	53	4704332	28882	2
007	32	Response	53	4710972	35522	2
007	32	Response	53	4717132	41682	2
007	32	Response	53	4723613	48163	1
007	32	Response	53	4729612	54162	2
007	32	Response	53	4735852	60402	2
007	32	Response	53	4742173	66723	2
007	32	Sound	f13	4746951	71501	1			71500		other	0
007	32	Picture	3-124-1-3	4805768	130318	7	5166	7	130000	5000	hit	257
007	32	Response	62	4814892	139442	1
007	33	Sound	P0/none1	4851265	24999	1			25000		other	0
007	33	Sound	n09	4897766	71500	1			71500		other	0
007	33	Picture	3-211-1-3	4956584	130318	7	5166	7	130000	5000	hit	261
007	33	Response	61	4965292	139026	1
007	34	Sound	P0/none	5002082	25000	1			25000		other	0
007	34	Sound	test13	5048583	71501	1			71500		other	0
007	34	Picture	3-221-1-3	5107400	130318	7	5166	7	130000	5000	hit	265
007	34	Response	62	5116332	139250	2
007	35	Sound	P0/none	5152897	24999	1			25000		other	0
007	35	Sound	f11	5199397	71499	1			71500		other	0
007	35	Picture	2-111-1-2	5258216	130318	7	5166	7	130000	5000	hit	269
007	35	Response	61	5270492	142594	2
007	36	Sound	P0/none	5303714	25000	1			25000		other	0
007	36	Sound	test17	5350213	71499	1			71500		other	0
007	36	Picture	2-211-2-2	5409032	130318	7	5166	7	130000	5000	hit	273
007	36	Response	61	5419292	140578	1
007	37	Sound	P2/both1	5454529	24999	1			25000		other	0
007	37	Response	53	5458253	28723	2
007	37	Response	53	5462172	32643	1
007	37	Response	53	5466412	36882	1
007	37	Response	53	5472252	42723	1
007	37	Response	53	5478332	48802	2
007	37	Response	53	5483932	54403	1
007	37	Response	53	5489932	60403	1
007	37	Response	53	5496172	66643	1
007	37	Sound	f06	5501028	71499	1			71500		other	0
007	37	Picture	2-114-1-2	5559848	130318	7	5166	7	130000	5000	hit	285
007	37	Response	61	5569532	140003	2
007	38	Sound	P2/both	5605345	25000	1			25000		other	0
007	38	Response	53	5607052	26707	1
007	38	Response	53	5612092	31747	2
007	38	Response	53	5617451	37106	2
007	38	Response	53	5623212	42867	1
007	38	Response	53	5629132	48787	1
007	38	Response	53	5635292	54947	1
007	38	Response	53	5641292	60946	1
007	38	Response	53	5646971	66626	2
007	38	Sound	f24	5651846	71501	1			71500		other	0
007	38	Picture	3-114-1-3	5710663	130318	7	5166	7	130000	5000	hit	297
007	38	Response	61	5718092	137747	1
007	39	Sound	P2/both	5756161	25000	1			25000		other	0
007	39	Response	53	5758092	26931	2
007	39	Response	53	5762652	31491	1
007	39	Response	53	5767932	36771	1
007	39	Response	53	5773451	42291	1
007	39	Response	53	5779931	48771	1
007	39	Response	53	5785611	54450	1
007	39	Response	53	5791692	60531	1
007	39	Response	53	5798652	67491	2
007	39	Sound	f08	5802661	71500	1			71500		other	0
007	39	Picture	2-114-1-2	5861479	130318	7	5166	7	130000	5000	hit	309
007	39	Response	61	5869612	138451	2
007	40	Sound	P2/both	5906978	25001	1			25000		other	0
007	40	Response	53	5909932	27955	1
007	40	Response	53	5914332	32355	2
007	40	Response	53	5919052	37075	2
007	40	Response	53	5924732	42755	2
007	40	Response	53	5930491	48515	2
007	40	Response	53	5936492	54515	2
007	40	Response	53	5942652	60675	1
007	40	Response	53	5948812	66835	1
007	40	Sound	n04	5953478	71501	1			71500		other	0
007	40	Picture	2-224-1-2	6012295	130318	7	5166	7	130000	5000	hit	321
007	40	Response	62	6023532	141555	1
007	41	Sound	P2/beat1	6057793	25000	1			25000		other	0
007	41	Response	53	6060812	28019	1
007	41	Response	53	6065211	32418	1
007	41	Response	53	6070013	37220	3
007	41	Response	53	6075612	42819	2
007	41	Response	53	6081372	48579	1
007	41	Response	53	6087532	54739	1
007	41	Response	53	6093452	60659	1
007	41	Response	53	6099211	66419	2
007	41	Sound	test09	6104292	71499	1			71500		other	0
007	41	Picture	2-223-1-2	6163111	130318	7	5166	7	130000	5000	hit	333
007	41	Response	62	6172491	139699	1
007	42	Sound	P2/beat	6208608	25000	1			25000		other	0
007	42	Sound	test03	6255108	71500	1			71500		other	0
007	42	Picture	2-213-1-2	6313927	130318	7	5166	7	130000	5000	hit	337
007	42	Response	61	6323212	139603	2
007	43	Sound	P2/beat	6359424	25000	1			25000		other	0
007	43	Sound	n10	6405924	71499	1			71500		other	0
007	43	Picture	3-123-1-3	6464743	130318	7	5166	7	130000	5000	hit	341
007	43	Response	62	6475851	141427	2
007	44	Sound	P2/beat	6510240	25000	1			25000		other	0
007	44	Sound	test24	6556740	71500	1			71500		other	0
007	44	Picture	3-223-1-3	6615558	130318	7	5166	7	130000	5000	incorrect	345
007	44	Response	51	6630251	145011	2
007	45	Sound	P1/tapping1	6661056	25000	1			25000		other	0
007	45	Response	53	6662971	26915	3
007	45	Response	53	6668251	32195	1
007	45	Response	53	6674652	38596	1
007	45	Response	53	6680651	44595	1
007	45	Response	53	6686811	50755	1
007	45	Response	53	6692971	56915	2
007	45	Response	53	6699131	63075	1
007	45	Response	53	6705291	69235	1
007	45	Sound	f05	6707556	71500	1			71500		other	0
007	45	Picture	2-112-1-2	6766374	130318	7	5166	7	130000	5000	incorrect	357
007	45	Response	52	6776651	140595	1
007	46	Response	53	6806491	19620	1
007	46	Sound	P1/tapping	6811872	25000	1			25000		other	0
007	46	Response	53	6813052	26180	2
007	46	Response	53	6818571	31699	2
007	46	Response	53	6825131	38260	2
007	46	Response	53	6831211	44339	2
007	46	Response	53	6836891	50020	2
007	46	Response	53	6842731	55859	2
007	46	Response	53	6848571	61699	1
007	46	Response	53	6854571	67699	1
007	46	Sound	f04	6858371	71499	1			71500		other	0
007	46	Picture	2-122-1-2	6917190	130318	7	5166	7	130000	5000	incorrect	370
007	46	Response	51	6926572	139700	2
007	47	Sound	P1/tapping	6962688	25001	1			25000		other	0
007	47	Response	53	6964572	26884	2
007	47	Response	53	6970011	32324	1
007	47	Response	53	6975691	38004	1
007	47	Response	53	6982171	44484	1
007	47	Response	53	6987451	49763	1
007	47	Response	53	6993132	55444	2
007	47	Response	53	6999131	61444	2
007	47	Response	53	7005131	67443	2
007	47	Sound	n13	7009187	71499	1			71500		other	0
007	47	Picture	3-222-1-3	7068006	130318	7	5166	7	130000	5000	hit	382
007	47	Response	62	7085691	148004	1
007	48	Sound	P1/tapping	7113503	24999	1			25000		other	0
007	48	Response	53	7115211	26707	2
007	48	Response	53	7120171	31667	2
007	48	Response	53	7126171	37667	2
007	48	Response	53	7132411	43907	2
007	48	Response	53	7138731	50227	1
007	48	Response	53	7144891	56388	2
007	48	Response	53	7151211	62707	1
007	48	Response	53	7157131	68628	1
007	48	Sound	f21	7160003	71500	1			71500		other	0
007	48	Picture	3-112-1-3	7218822	130318	7	5166	7	130000	5000	incorrect	394
007	48	Response	52	7231611	143107	1
007	49	Sound	P0/none1	7264318	24999	1			25000		other	0
007	49	Sound	test25	7310819	71499	1			71500		other	0
007	49	Picture	3-211-1-3	7369638	130318	7	5166	7	130000	5000	hit	398
007	49	Response	61	7376571	137252	1
007	50	Response	51	7391852	1717	2
007	50	Sound	P0/none	7415135	25000	1			25000		other	0
007	50	Sound	test12	7461636	71501	1			71500		other	0
007	50	Picture	2-221-1-2	7520454	130318	7	5166	7	130000	5000	hit	403
007	50	Response	62	7530171	140036	2
007	51	Sound	P0/none	7565951	25000	1			25000		other	0
007	51	Sound	n03	7612451	71499	1			71500		other	0
007	51	Picture	2-111-1-2	7671269	130318	7	5166	7	130000	5000	hit	407
007	51	Response	61	7677371	136420	1
007	51	Response	51	7685451	144500	2
007	52	Sound	P0/none	7716766	24999	1			25000		other	0
007	52	Sound	f23	7763267	71501	1			71500		other	0
007	52	Picture	2-121-1-2	7822085	130318	7	5166	7	130000	5000	hit	412
007	52	Response	62	7833131	141364	2
007	53	Sound	P1/tapping1	7867583	25000	1			25000		other	0
007	53	Response	53	7869611	27028	2
007	53	Response	53	7874251	31668	1
007	53	Response	53	7880410	37828	2
007	53	Response	53	7886491	43908	1
007	53	Response	53	7891771	49188	2
007	53	Response	53	7897450	54868	1
007	53	Response	53	7903371	60788	1
007	53	Response	53	7909371	66788	2
007	53	Sound	f02	7914083	71500	1			71500		other	0
007	53	Response	53	7915531	72948	1
007	53	Picture	2-122-1-2	7972901	130318	7	5166	7	130000	5000	hit	425
007	53	Response	62	7983611	141028	1
007	54	Sound	P1/tapping	8018399	25000	1			25000		other	0
007	54	Response	53	8020411	27012	2
007	54	Response	53	8026171	32772	2
007	54	Response	53	8032571	39172	2
007	54	Response	53	8039051	45652	2
007	54	Response	53	8044891	51492	1
007	54	Response	53	8050651	57252	1
007	54	Response	53	8056811	63412	2
007	54	Response	53	8062810	69411	3
007	54	Sound	test15	8064899	71500	1			71500		other	0
007	54	Picture	3-222-1-3	8123717	130318	7	5166	7	130000	5000	hit	437
007	54	Response	62	8141291	147893	2
007	55	Sound	P1/tapping	8169214	24999	1			25000		other	0
007	55	Response	53	8171851	27637	2
007	55	Response	53	8177370	33156	1
007	55	Response	53	8183851	39636	2
007	55	Response	53	8190091	45876	1
007	55	Response	53	8196091	51876	1
007	55	Response	53	8202251	58036	2
007	55	Response	53	8208091	63876	2
007	55	Response	53	8214252	70037	1
007	55	Sound	test11	8215714	71499	1			71500		other	0
007	55	Picture	2-212-1-2	8274533	130318	7	5166	7	130000	5000	incorrect	449
007	55	Response	52	8285611	141396	2
007	56	Sound	P1/tapping	8320030	24999	1			25000		other	0
007	56	Response	53	8322091	27060	2
007	56	Response	53	8326970	31940	1
007	56	Response	53	8333131	38100	1
007	56	Response	53	8339131	44100	2
007	56	Response	53	8345291	50260	2
007	56	Response	53	8351051	56020	1
007	56	Response	53	8357211	62180	2
007	56	Response	53	8363130	68100	1
007	56	Sound	n06	8366531	71500	1			71500		other	0
007	56	Picture	3-222-1-3	8425349	130318	7	5166	7	130000	5000	hit	461
007	56	Response	62	8438251	143220	1
007	57	Sound	P2/both1	8470846	25000	1			25000		other	0
007	57	Response	53	8474571	28724	1
007	57	Response	53	8480250	34404	1
007	57	Response	53	8486891	41044	1
007	57	Response	53	8493451	47605	2
007	57	Response	53	8499931	54084	2
007	57	Response	53	8506091	60244	1
007	57	Response	53	8511851	66004	1
007	57	Sound	n11	8517345	71499	1			71500		other	0
007	57	Response	53	8518091	72244	2
007	57	Picture	2-124-1-2	8576165	130318	7	5166	7	130000	5000	hit	473
007	57	Response	62	8587050	141204	2
007	58	Sound	P2/both	8621662	25000	1			25000		other	0
007	58	Response	53	8624571	27909	3
007	58	Response	53	8628410	31748	2
007	58	Response	53	8633131	36469	1
007	58	Response	53	8638891	42228	1
007	58	Response	53	8644890	48228	1
007	58	Response	53	8651051	54388	1
007	58	Response	53	8657371	60708	1
007	58	Response	53	8663131	66469	2
007	58	Sound	n14	8668161	71499	1			71500		other	0
007	58	Picture	3-124-1-3	8726980	130318	7	5166	7	130000	5000	incorrect	485
007	58	Response	51	8742011	145348	1
007	59	Sound	P2/both	8772478	25000	1			25000		other	0
007	59	Response	53	8774491	27013	2
007	59	Response	53	8779290	31812	2
007	59	Response	53	8784410	36932	2
007	59	Response	53	8789930	42452	1
007	59	Response	53	8795850	48372	1
007	59	Response	53	8802331	54852	1
007	59	Response	53	8807931	60453	2
007	59	Response	53	8814090	66612	2
007	59	Sound	f14	8818977	71499	1			71500		other	0
007	59	Picture	3-124-1-3	8877796	130318	7	5166	7	130000	5000	hit	497
007	59	Response	62	8887210	139732	1
007	60	Sound	P2/both	8923294	25000	1			25000		other	0
007	60	Response	53	8927130	28836	2
007	60	Response	53	8930890	32596	2
007	60	Response	53	8935130	36836	2
007	60	Response	53	8940650	42357	1
007	60	Response	53	8947050	48756	3
007	60	Response	53	8952970	54676	1
007	60	Response	53	8959050	60756	1
007	60	Response	53	8965131	66837	2
007	60	Sound	n07	8969794	71500	1			71500		other	0
007	60	Picture	2-214-1-2	9028612	130318	7	5166	7	130000	5000	incorrect	509
007	60	Response	52	9041450	143156	2


Event Type	Code	Type	Response	RT	RT Uncertainty	Time	Uncertainty	Duration	Uncertainty	ReqTime	ReqDur

Sound	P0/none1	other				25159	1			25000
Sound	f01	other				71660	1			71500
Picture	2-111-1-2	incorrect	2	9776	8	130479	7	5166	7	130000	5000
Sound	P0/none	other				175976	1			25000
Sound	test01	other				222475	1			71500
Picture	2-211-1-2	hit	1	9919	8	281295	7	5166	7	130000	5000
Sound	P0/none	other				326793	1			25000
Sound	test22	other				373292	1			71500
Picture	3-211-1-3	hit	1	7984	7	432110	7	5166	7	130000	5000
Sound	P0/none	other				477607	1			25000
Sound	f07	other				524108	1			71500
Picture	2-121-1-2	incorrect	1	14208	8	582926	7	5166	7	130000	5000
Sound	P2/beat1	other				628423	1			25000
Sound	f03	other				674924	1			71500
Picture	2-123-1-2	hit	2	11792	7	733742	7	5166	7	130000	5000
Sound	P2/beat	other				779239	1			25000
Sound	n12	other				825739	1			71500
Picture	3-123-1-3	hit	2	12016	7	884558	7	5166	7	130000	5000
Sound	P2/beat	other				930055	1			25000
Sound	test10	other				976554	1			71500
Picture	2-213-1-2	incorrect	2	9520	7	1035373	7	5166	7	130000	5000
Sound	P2/beat	other				1080870	1			25000
Sound	f17	other				1127372	1			71500
Picture	3-113-1-3	hit	1	8385	8	1186189	7	5166	7	130000	5000
Sound	P0/none1	other				1231687	1			25000
Sound	f09	other				1278186	1			71500
Picture	2-111-1-2	incorrect	2	11649	8	1337005	7	5166	7	130000	5000
Sound	P0/none	other				1382503	1			25000
Sound	test02	other				1429003	1			71500
Picture	2-221-1-2	hit	2	12433	7	1487821	7	5166	7	130000	5000
Sound	P0/none	other				1533317	1			25000
Sound	f20	other				1579819	1			71500
Picture	3-121-1-3	hit	2	10177	7	1638637	7	5166	7	130000	5000
Sound	P0/none	other				1684133	1			25000
Sound	test21	other				1730634	1			71500
Picture	3-221-1-3	hit	2	11681	7	1789452	7	5166	7	130000	5000
Sound	P1/tapping1	other				1834951	1			25000
Sound	test04	other				1881450	1			71500
Picture	2-212-1-2	incorrect	2	10865	9	1940268	7	5166	7	130000	5000
Sound	P1/tapping	other				1985766	1			25000
Sound	test23	other				2032265	1			71500
Picture	3-222-1-3	miss				2091084	7	5166	7	130000	5000
Sound	P1/tapping	other				2136581	1			25000
Sound	test06	other				2183081	1			71500
Picture	2-222-1-2	hit	2	9793	7	2241900	7	5166	7	130000	5000
Sound	P1/tapping	other				2287397	1			25000
Sound	test07	other				2333897	1			71500
Picture	2-212-1-2	incorrect	2	10338	7	2392715	7	5166	7	130000	5000
Sound	P2/both1	other				2438213	1			25000
Sound	n01	other				2484712	1			71500
Picture	3-214-1-3	hit	1	11522	7	2543531	7	5166	7	130000	5000
Sound	P2/both	other				2589029	1			25000
Sound	f22	other				2635528	1			71500
Picture	3-124-1-3	hit	2	14387	7	2694347	7	5166	7	130000	5000
Sound	P2/both	other				2739845	1			25000
Sound	f19	other				2786345	1			71500
Picture	3-114-1-3	hit	1	10610	7	2845163	7	5166	7	130000	5000
Sound	P2/both	other				2890661	1			25000
Sound	test16	other				2937161	1			71500
Picture	3-224-1-3	hit	2	19715	8	2995979	7	5166	7	130000	5000
Sound	P1/tapping1	other				3041475	1			25000
Sound	test05	other				3087976	1			71500
Picture	2-222-1-2	hit	2	13059	8	3146794	7	5166	7	130000	5000
Sound	P1/tapping	other				3192291	1			25000
Sound	test08	other				3238791	1			71500
Picture	2-212-1-2	incorrect	2	9842	8	3297610	7	5166	7	130000	5000
Sound	P1/tapping	other				3343108	1			25000
Sound	test14	other				3389608	1			71500
Picture	3-212-1-3	hit	1	11107	7	3448426	7	5166	7	130000	5000
Sound	P1/tapping	other				3493923	1			25000
Sound	test19	other				3540423	1			71500
Picture	3-212-1-3	hit	1	11091	7	3599242	7	5166	7	130000	5000
Sound	P2/beat1	other				3644740	1			25000
Sound	f15	other				3691239	1			71500
Picture	3-113-1-3	hit	1	8595	8	3750058	7	5166	7	130000	5000
Sound	P2/beat	other				3795555	1			25000
Sound	f16	other				3842054	1			71500
Picture	3-123-1-3	hit	2	10099	8	3900873	7	5166	7	130000	5000
Sound	P2/beat	other				3946370	1			25000
Sound	f18	other				3992872	1			71500
Picture	3-113-1-3	hit	1	11603	8	4051689	7	5166	7	130000	5000
Sound	P2/beat	other				4097186	1			25000
Sound	test18	other				4143686	1			71500
Picture	3-223-1-3	incorrect	1	13827	8	4202505	7	5166	7	130000	5000
Sound	P2/both1	other				4248002	1			25000
Sound	f10	other				4294502	1			71500
Picture	2-114-1-2	hit	1	7972	7	4353321	7	5166	7	130000	5000
Sound	P2/both	other				4398818	1			25000
Sound	f12	other				4445318	1			71500
Picture	2-114-1-2	hit	1	14996	8	4504137	7	5166	7	130000	5000
Sound	P2/both	other				4549634	1			25000
Sound	n05	other				4596133	1			71500
Picture	3-124-1-3	hit	2	10660	8	4654952	7	5166	7	130000	5000
Sound	P2/both	other				4700449	1			25000
Sound	f13	other				4746951	1			71500
Picture	3-124-1-3	hit	2	9124	7	4805768	7	5166	7	130000	5000
Sound	P0/none1	other				4851265	1			25000
Sound	n09	other				4897766	1			71500
Picture	3-211-1-3	hit	1	8708	7	4956584	7	5166	7	130000	5000
Sound	P0/none	other				5002082	1			25000
Sound	test13	other				5048583	1			71500
Picture	3-221-1-3	hit	2	8932	8	5107400	7	5166	7	130000	5000
Sound	P0/none	other				5152897	1			25000
Sound	f11	other				5199397	1			71500
Picture	2-111-1-2	hit	1	12276	8	5258216	7	5166	7	130000	5000
Sound	P0/none	other				5303714	1			25000
Sound	test17	other				5350213	1			71500
Picture	2-211-2-2	hit	1	10260	7	5409032	7	5166	7	130000	5000
Sound	P2/both1	other				5454529	1			25000
Sound	f06	other				5501028	1			71500
Picture	2-114-1-2	hit	1	9684	9	5559848	7	5166	7	130000	5000
Sound	P2/both	other				5605345	1			25000
Sound	f24	other				5651846	1			71500
Picture	3-114-1-3	hit	1	7429	7	5710663	7	5166	7	130000	5000
Sound	P2/both	other				5756161	1			25000
Sound	f08	other				5802661	1			71500
Picture	2-114-1-2	hit	1	8133	8	5861479	7	5166	7	130000	5000
Sound	P2/both	other				5906978	1			25000
Sound	n04	other				5953478	1			71500
Picture	2-224-1-2	hit	2	11237	7	6012295	7	5166	7	130000	5000
Sound	P2/beat1	other				6057793	1			25000
Sound	test09	other				6104292	1			71500
Picture	2-223-1-2	hit	2	9381	7	6163111	7	5166	7	130000	5000
Sound	P2/beat	other				6208608	1			25000
Sound	test03	other				6255108	1			71500
Picture	2-213-1-2	hit	1	9285	8	6313927	7	5166	7	130000	5000
Sound	P2/beat	other				6359424	1			25000
Sound	n10	other				6405924	1			71500
Picture	3-123-1-3	hit	2	11109	8	6464743	7	5166	7	130000	5000
Sound	P2/beat	other				6510240	1			25000
Sound	test24	other				6556740	1			71500
Picture	3-223-1-3	incorrect	1	14693	8	6615558	7	5166	7	130000	5000
Sound	P1/tapping1	other				6661056	1			25000
Sound	f05	other				6707556	1			71500
Picture	2-112-1-2	incorrect	2	10277	7	6766374	7	5166	7	130000	5000
Sound	P1/tapping	other				6811872	1			25000
Sound	f04	other				6858371	1			71500
Picture	2-122-1-2	incorrect	1	9381	9	6917190	7	5166	7	130000	5000
Sound	P1/tapping	other				6962688	1			25000
Sound	n13	other				7009187	1			71500
Picture	3-222-1-3	hit	2	17685	7	7068006	7	5166	7	130000	5000
Sound	P1/tapping	other				7113503	1			25000
Sound	f21	other				7160003	1			71500
Picture	3-112-1-3	incorrect	2	12789	7	7218822	7	5166	7	130000	5000
Sound	P0/none1	other				7264318	1			25000
Sound	test25	other				7310819	1			71500
Picture	3-211-1-3	hit	1	6933	7	7369638	7	5166	7	130000	5000
Sound	P0/none	other				7415135	1			25000
Sound	test12	other				7461636	1			71500
Picture	2-221-1-2	hit	2	9718	8	7520454	7	5166	7	130000	5000
Sound	P0/none	other				7565951	1			25000
Sound	n03	other				7612451	1			71500
Picture	2-111-1-2	hit	1	6102	7	7671269	7	5166	7	130000	5000
Sound	P0/none	other				7716766	1			25000
Sound	f23	other				7763267	1			71500
Picture	2-121-1-2	hit	2	11046	8	7822085	7	5166	7	130000	5000
Sound	P1/tapping1	other				7867583	1			25000
Sound	f02	other				7914083	1			71500
Picture	2-122-1-2	hit	2	10710	7	7972901	7	5166	7	130000	5000
Sound	P1/tapping	other				8018399	1			25000
Sound	test15	other				8064899	1			71500
Picture	3-222-1-3	hit	2	17575	8	8123717	7	5166	7	130000	5000
Sound	P1/tapping	other				8169214	1			25000
Sound	test11	other				8215714	1			71500
Picture	2-212-1-2	incorrect	2	11078	8	8274533	7	5166	7	130000	5000
Sound	P1/tapping	other				8320030	1			25000
Sound	n06	other				8366531	1			71500
Picture	3-222-1-3	hit	2	12902	7	8425349	7	5166	7	130000	5000
Sound	P2/both1	other				8470846	1			25000
Sound	n11	other				8517345	1			71500
Picture	2-124-1-2	hit	2	10886	8	8576165	7	5166	7	130000	5000
Sound	P2/both	other				8621662	1			25000
Sound	n14	other				8668161	1			71500
Picture	3-124-1-3	incorrect	1	15030	7	8726980	7	5166	7	130000	5000
Sound	P2/both	other				8772478	1			25000
Sound	f14	other				8818977	1			71500
Picture	3-124-1-3	hit	2	9414	7	8877796	7	5166	7	130000	5000
Sound	P2/both	other				8923294	1			25000
Sound	n07	other				8969794	1			71500
Picture	2-214-1-2	incorrect	2	12838	8	9028612	7	5166	7	130000	5000


{
   "app": "Presentation Version 22.1 Build 01.21.21",
   "device": "Dell Inc. OptiPlex 7050",
   "experiment": "{C8E97CB4-6FCA-44FA-B866-4A2D94B6B85C}",
   "os": "Windows 10 64 bit",
   "package": "",
   "parameters": {
      "configuration": "Default configuration"
   },
   "scenario": "entrain_list1_sess1_EB.sce",
   "subject": "007",
   "timestamp": "2022/04/05 14:45:13 GMT"
}
