Scenario - test
Logfile written - 04/05/2022 15:57:53

Subject	Trial	Event Type	Code	Time	TTime	Uncertainty	Duration	Uncertainty	ReqTime	ReqDur	Stim Type	Pair Index

007	1	Sound	P2/beat1	25162	25001	1			25000		other	0
007	1	Sound	n05	71661	71500	1			71500		other	0
007	1	Picture	3-113-1-3	130479	130318	7	5166	7	130000	5000	incorrect	4
007	1	Response	52	138362	138201	2
007	2	Sound	P2/beat	175976	25000	1			25000		other	0
007	2	Sound	f05	222476	71500	1			71500		other	0
007	2	Picture	3-113-1-3	281294	130318	7	5166	7	130000	5000	hit	8
007	2	Response	61	289002	138026	1
007	3	Sound	P2/beat	326792	25000	1			25000		other	0
007	3	Sound	n01	373293	71501	1			71500		other	0
007	3	Picture	3-223-1-3	432110	130318	7	5166	7	130000	5000	hit	12
007	3	Response	62	446761	144970	2
007	4	Sound	P2/beat	477607	24999	1			25000		other	0
007	4	Sound	test15	524107	71500	1			71500		other	0
007	4	Picture	2-223-1-2	582926	130318	7	5166	7	130000	5000	incorrect	16
007	4	Response	51	590762	138154	2
007	5	Sound	P1/tapping1	628423	25000	1			25000		other	0
007	5	Response	53	630842	27419	2
007	5	Response	53	634842	31418	2
007	5	Response	53	639402	35978	1
007	5	Response	53	643722	40298	2
007	5	Response	53	648841	45418	1
007	5	Response	53	653482	50058	1
007	5	Response	53	658361	54938	2
007	5	Response	53	662762	59339	1
007	5	Response	53	667481	64058	1
007	5	Response	53	672042	68618	1
007	5	Sound	f08	674923	71500	1			71500		other	0
007	5	Picture	3-122-2-3	733741	130318	7	5166	7	130000	5000	hit	30
007	5	Response	62	746042	142619	1
007	6	Sound	P1/tapping	779238	24999	1			25000		other	0
007	6	Response	53	782681	28442	1
007	6	Response	53	787962	33723	1
007	6	Response	53	793002	38763	1
007	6	Response	53	797962	43723	2
007	6	Response	53	803162	48923	1
007	6	Response	53	808361	54122	2
007	6	Response	53	813801	59562	2
007	6	Response	53	818762	64523	1
007	6	Response	53	824041	69802	2
007	6	Sound	f01	825739	71500	1			71500		other	0
007	6	Picture	2-122-1-2	884557	130318	7	5166	7	130000	5000	hit	43
007	6	Response	62	895002	140763	2
007	7	Sound	P1/tapping	930054	25000	1			25000		other	0
007	7	Response	53	934201	29147	1
007	7	Response	53	939161	34107	2
007	7	Response	53	944201	39147	1
007	7	Response	53	949241	44187	1
007	7	Response	53	954201	49147	2
007	7	Response	53	959081	54027	3
007	7	Response	53	963721	58667	2
007	7	Response	53	968601	63547	1
007	7	Response	53	973561	68507	2
007	7	Sound	n03	976555	71501	1			71500		other	0
007	7	Picture	3-122-1-3	1035372	130318	7	5166	7	130000	5000	incorrect	56
007	7	Response	51	1050281	145227	2
007	8	Sound	P1/tapping	1080869	24999	1			25000		other	0
007	8	Response	53	1085402	29532	1
007	8	Response	53	1090281	34411	1
007	8	Response	53	1095321	39451	2
007	8	Response	53	1099802	43932	2
007	8	Response	53	1104441	48571	2
007	8	Response	53	1109081	53211	2
007	8	Response	53	1113721	57851	2
007	8	Response	53	1118441	62571	1
007	8	Response	53	1123162	67292	2
007	8	Sound	test18	1127370	71500	1			71500		other	0
007	8	Picture	3-212-1-3	1186188	130318	7	5166	7	130000	5000	hit	69
007	8	Response	61	1192762	136892	1
007	9	Sound	P2/both1	1231685	25000	1			25000		other	0
007	9	Response	53	1234282	27596	2
007	9	Response	53	1239401	32716	1
007	9	Response	53	1243561	36876	1
007	9	Response	53	1249322	42636	1
007	9	Response	53	1255401	48715	2
007	9	Response	53	1261481	54796	1
007	9	Response	53	1267401	60715	2
007	9	Response	53	1273481	66795	2
007	9	Sound	test13	1278186	71500	1			71500		other	0
007	9	Picture	3-214-1-3	1337004	130318	7	5166	7	130000	5000	incorrect	81
007	9	Response	52	1346841	140156	1
007	10	Sound	P2/both	1382501	24999	1			25000		other	0
007	10	Response	53	1384361	26860	2
007	10	Response	53	1388841	31340	1
007	10	Response	53	1394601	37100	2
007	10	Response	53	1400442	42940	1
007	10	Response	53	1406041	48540	2
007	10	Response	53	1412201	54700	1
007	10	Response	53	1418281	60780	2
007	10	Response	53	1424442	66940	1
007	10	Sound	test04	1429000	71498	1			71500		other	0
007	10	Picture	2-224-1-2	1487819	130318	7	5166	7	130000	5000	hit	93
007	10	Response	62	1495801	138300	2
007	11	Sound	P2/both	1533316	24999	1			25000		other	0
007	11	Response	53	1534602	26285	1
007	11	Response	53	1539481	31164	1
007	11	Response	53	1545401	37084	2
007	11	Response	53	1551481	43164	1
007	11	Response	53	1557561	49244	1
007	11	Response	53	1563401	55084	1
007	11	Response	53	1569241	60924	1
007	11	Response	53	1575001	66684	1
007	11	Sound	f15	1579816	71500	1			71500		other	0
007	11	Picture	3-124-1-3	1638635	130318	7	5166	7	130000	5000	hit	105
007	11	Response	62	1647001	138684	2
007	12	Sound	P2/both	1684132	25000	1			25000		other	0
007	12	Response	53	1684841	25709	1
007	12	Response	53	1690441	31308	1
007	12	Response	53	1696201	37069	1
007	12	Response	53	1702201	43068	2
007	12	Response	53	1708041	48909	2
007	12	Response	53	1714122	54989	1
007	12	Response	53	1720201	61069	2
007	12	Response	53	1726201	67068	1
007	12	Sound	f21	1730633	71501	1			71500		other	0
007	12	Picture	3-124-1-3	1789451	130318	7	5166	7	130000	5000	hit	117
007	12	Response	62	1798681	139548	2
007	13	Sound	P0/none1	1834950	25001	1			25000		other	0
007	13	Sound	n07	1881447	71499	1			71500		other	0
007	13	Picture	2-221-1-2	1940266	130318	7	5166	7	130000	5000	incorrect	121
007	13	Response	51	1950681	140732	1
007	14	Sound	P0/none	1985764	25000	1			25000		other	0
007	14	Sound	n04	2032264	71500	1			71500		other	0
007	14	Picture	2-211-1-2	2091082	130318	7	5166	7	130000	5000	hit	125
007	14	Response	61	2100521	139757	2
007	15	Sound	P0/none	2136579	25000	1			25000		other	0
007	15	Sound	f03	2183079	71500	1			71500		other	0
007	15	Picture	2-111-1-2	2241898	130318	7	5166	7	130000	5000	incorrect	129
007	15	Response	52	2257561	145982	2
007	16	Sound	P0/none	2287395	25000	1			25000		other	0
007	16	Sound	test05	2333895	71500	1			71500		other	0
007	16	Picture	2-211-1-2	2392713	130318	7	5166	7	130000	5000	hit	133
007	16	Response	61	2405881	143486	1
007	17	Sound	P2/beat1	2438211	25000	1			25000		other	0
007	17	Sound	test16	2484711	71500	1			71500		other	0
007	17	Picture	3-213-1-3	2543529	130318	7	5166	7	130000	5000	hit	137
007	17	Response	61	2551881	138670	1
007	18	Sound	P2/beat	2589027	25000	1			25000		other	0
007	18	Sound	f11	2635527	71500	1			71500		other	0
007	18	Picture	3-113-1-3	2694345	130318	7	5166	7	130000	5000	hit	141
007	18	Response	61	2700921	136894	1
007	19	Sound	P2/beat	2739843	25000	1			25000		other	0
007	19	Sound	test07	2786342	71500	1			71500		other	0
007	19	Picture	2-223-1-2	2845160	130318	7	5166	7	130000	5000	hit	145
007	19	Response	62	2857241	142398	2
007	20	Sound	P2/beat	2890658	25000	1			25000		other	0
007	20	Sound	f23	2937157	71499	1			71500		other	0
007	20	Picture	2-113-1-2	2995976	130318	7	5166	7	130000	5000	hit	149
007	20	Response	61	3003801	138143	2
007	21	Sound	P0/none1	3041473	24999	1			25000		other	0
007	21	Sound	test23	3087974	71500	1			71500		other	0
007	21	Picture	2-221-2-2	3146792	130318	7	5166	7	130000	5000	hit	153
007	21	Response	62	3155160	138687	1
007	22	Sound	P0/none	3192289	25000	1			25000		other	0
007	22	Sound	f24	3238788	71499	1			71500		other	0
007	22	Picture	3-121-1-3	3297607	130318	7	5166	7	130000	5000	hit	157
007	22	Response	62	3307880	140591	1
007	23	Sound	P0/none	3343105	25000	1			25000		other	0
007	23	Sound	n06	3389604	71499	1			71500		other	0
007	23	Picture	3-211-1-3	3448423	130318	7	5166	7	130000	5000	hit	161
007	23	Response	61	3465160	147055	1
007	24	Sound	P0/none	3493920	24999	1			25000		other	0
007	24	Sound	test24	3540420	71500	1			71500		other	0
007	24	Picture	2-221-1-2	3599239	130318	7	5166	7	130000	5000	hit	165
007	24	Response	62	3615160	146240	1
007	25	Sound	P1/tapping1	3644737	25000	1			25000		other	0
007	25	Response	53	3647000	27264	2
007	25	Response	53	3651801	32064	1
007	25	Response	53	3657480	37744	1
007	25	Response	53	3662920	43184	2
007	25	Response	53	3668120	48384	1
007	25	Response	53	3673800	54064	1
007	25	Response	53	3679160	59424	2
007	25	Response	53	3684680	64944	1
007	25	Response	53	3690200	70464	1
007	25	Sound	test02	3691236	71500	1			71500		other	0
007	25	Picture	2-212-1-2	3750054	130318	7	5166	7	130000	5000	hit	178
007	25	Response	61	3758921	139185	2
007	26	Sound	P1/tapping	3795551	24999	1			25000		other	0
007	26	Response	53	3797320	26768	1
007	26	Response	53	3801560	31008	2
007	26	Response	53	3806840	36288	2
007	26	Response	53	3812360	41808	2
007	26	Response	53	3817880	47328	1
007	26	Response	53	3823241	52688	1
007	26	Response	53	3829320	58768	1
007	26	Response	53	3834920	64368	1
007	26	Response	53	3840440	69888	1
007	26	Sound	f14	3842052	71500	1			71500		other	0
007	26	Picture	2-122-2-2	3900870	130318	7	5166	7	130000	5000	hit	191
007	26	Response	62	3911721	141168	2
007	27	Sound	P1/tapping	3946368	25000	1			25000		other	0
007	27	Response	53	3948120	26752	1
007	27	Response	53	3952600	31232	1
007	27	Response	53	3957800	36433	1
007	27	Response	53	3963160	41792	1
007	27	Response	53	3968440	47072	2
007	27	Response	53	3974040	52672	1
007	27	Response	53	3979640	58273	1
007	27	Response	53	3985080	63712	3
007	27	Response	53	3990440	69072	2
007	27	Sound	f17	3992867	71499	1			71500		other	0
007	27	Picture	3-122-1-3	4051686	130318	7	5166	7	130000	5000	incorrect	204
007	27	Response	51	4058520	137152	1
007	27	Response	52	4067560	146192	1
007	27	Response	52	4071720	150352	1
007	28	Sound	P1/tapping	4097182	24999	1			25000		other	0
007	28	Response	53	4098840	26657	2
007	28	Response	53	4103640	31456	2
007	28	Response	53	4108840	36657	1
007	28	Response	53	4114440	42256	2
007	28	Response	53	4119880	47697	1
007	28	Response	53	4125400	53216	1
007	28	Response	53	4130600	58417	2
007	28	Response	53	4135800	63617	2
007	28	Response	53	4141000	68817	2
007	28	Sound	test17	4143684	71500	1			71500		other	0
007	28	Picture	2-222-2-2	4202502	130318	7	5166	7	130000	5000	hit	219
007	28	Response	62	4219720	147537	2
007	29	Sound	P2/beat1	4248000	25001	1			25000		other	0
007	29	Sound	f10	4294500	71501	1			71500		other	0
007	29	Picture	2-123-1-2	4353317	130318	7	5166	7	130000	5000	hit	223
007	29	Response	62	4365160	142161	1
007	30	Sound	P2/beat	4398815	25000	1			25000		other	0
007	30	Sound	test01	4445315	71500	1			71500		other	0
007	30	Picture	2-223-1-2	4504133	130318	7	5166	7	130000	5000	hit	227
007	30	Response	62	4518520	144705	2
007	31	Sound	P2/beat	4549630	24999	1			25000		other	0
007	31	Sound	test12	4596131	71500	1			71500		other	0
007	31	Picture	2-213-1-2	4654949	130318	7	5166	7	130000	5000	miss	0
007	32	Response	52	4678600	3153	1
007	32	Sound	P2/beat	4700446	25000	1			25000		other	0
007	32	Sound	test08	4746947	71500	1			71500		other	0
007	32	Picture	2-223-1-2	4805765	130318	7	5166	7	130000	5000	hit	235
007	32	Response	62	4813800	138354	2
007	33	Sound	P2/both1	4851261	24999	1			25000		other	0
007	33	Response	53	4854840	28578	2
007	33	Response	53	4858199	31937	2
007	33	Response	53	4862839	36577	2
007	33	Response	53	4868520	42258	2
007	33	Response	53	4874840	48578	2
007	33	Response	53	4881239	54977	2
007	33	Response	53	4887560	61298	2
007	33	Response	53	4893641	67379	4
007	33	Sound	f09	4897761	71499	1			71500		other	0
007	33	Picture	3-114-1-3	4956580	130318	7	5166	7	130000	5000	hit	247
007	33	Response	61	4961960	135698	1
007	34	Sound	P2/both	5002077	24999	1			25000		other	0
007	34	Response	53	5003559	26482	2
007	34	Response	53	5008039	30962	1
007	34	Response	53	5013640	36562	2
007	34	Response	53	5019639	42561	1
007	34	Response	53	5025959	48882	2
007	34	Response	53	5031959	54882	2
007	34	Response	53	5037799	60722	1
007	34	Response	53	5043960	66882	2
007	34	Sound	test03	5048577	71499	1			71500		other	0
007	34	Picture	3-214-1-3	5107396	130318	7	5166	7	130000	5000	hit	259
007	34	Response	61	5113880	136802	1
007	35	Sound	P2/both	5152892	24999	1			25000		other	0
007	35	Response	53	5154360	26466	1
007	35	Response	53	5159159	31266	2
007	35	Response	53	5164680	36786	1
007	35	Response	53	5170440	42546	2
007	35	Response	53	5176360	48466	1
007	35	Response	53	5182280	54386	2
007	35	Response	53	5188600	60706	1
007	35	Response	53	5194439	66546	1
007	35	Sound	f04	5199394	71500	1			71500		other	0
007	35	Picture	3-114-1-3	5258212	130318	7	5166	7	130000	5000	hit	271
007	35	Response	61	5263000	135106	1
007	36	Sound	P2/both	5303708	24999	1			25000		other	0
007	36	Response	53	5305480	26770	1
007	36	Response	53	5310279	31570	2
007	36	Response	53	5315400	36690	1
007	36	Response	53	5321319	42610	2
007	36	Response	53	5327399	48690	1
007	36	Response	53	5333559	54850	1
007	36	Response	53	5339800	61091	1
007	36	Response	53	5345720	67010	2
007	36	Sound	f18	5350210	71500	1			71500		other	0
007	36	Picture	2-114-2-2	5409027	130318	7	5166	7	130000	5000	hit	283
007	36	Response	61	5417000	138290	1
007	37	Sound	P0/none1	5454525	25000	1			25000		other	0
007	37	Sound	f19	5501024	71499	1			71500		other	0
007	37	Picture	3-121-1-3	5559843	130318	7	5166	7	130000	5000	hit	287
007	37	Response	62	5575480	145955	1
007	38	Sound	P0/none	5605340	24999	1			25000		other	0
007	38	Sound	test09	5651842	71501	1			71500		other	0
007	38	Picture	2-211-1-2	5710659	130318	7	5166	7	130000	5000	incorrect	291
007	38	Response	52	5718200	137859	1
007	39	Sound	P0/none	5756157	25000	1			25000		other	0
007	39	Sound	f02	5802655	71499	1			71500		other	0
007	39	Picture	3-121-2-3	5861475	130318	7	5166	7	130000	5000	hit	295
007	39	Response	62	5873320	142163	1
007	40	Sound	P0/none	5906972	25000	1			25000		other	0
007	40	Sound	n13	5953472	71500	1			71500		other	0
007	40	Picture	2-221-1-2	6012290	130318	7	5166	7	130000	5000	hit	299
007	40	Response	62	6021480	139507	1
007	41	Sound	P1/tapping1	6057788	25000	1			25000		other	0
007	41	Response	53	6059879	27091	1
007	41	Response	53	6064119	31331	1
007	41	Response	53	6069399	36611	1
007	41	Response	53	6074999	42211	1
007	41	Response	53	6080679	47891	1
007	41	Response	53	6086119	53332	1
007	41	Response	53	6091799	59011	1
007	41	Response	53	6097239	64451	3
007	41	Response	53	6102679	69891	2
007	41	Sound	f16	6104288	71500	1			71500		other	0
007	41	Picture	3-112-1-3	6163106	130318	7	5166	7	130000	5000	incorrect	312
007	41	Response	52	6176999	144211	1
007	42	Sound	P1/tapping	6208603	24999	1			25000		other	0
007	42	Response	53	6210359	26755	1
007	42	Response	53	6215159	31555	1
007	42	Response	53	6220759	37155	2
007	42	Response	53	6225959	42355	2
007	42	Response	53	6231639	48035	2
007	42	Response	53	6237319	53716	1
007	42	Response	53	6242759	59155	1
007	42	Response	53	6248839	65235	1
007	42	Response	53	6254519	70916	2
007	42	Sound	n14	6255104	71500	1			71500		other	0
007	42	Picture	3-112-1-3	6313922	130318	7	5166	7	130000	5000	hit	325
007	42	Response	61	6323240	139636	1
007	43	Sound	P1/tapping	6359420	25000	1			25000		other	0
007	43	Response	53	6360359	25940	1
007	43	Response	53	6365559	31139	2
007	43	Response	53	6371159	36739	1
007	43	Response	53	6376599	42180	2
007	43	Response	53	6382119	47699	2
007	43	Response	53	6387639	53220	2
007	43	Response	53	6393159	58739	1
007	43	Response	53	6398519	64099	2
007	43	Response	53	6403959	69539	1
007	43	Sound	f07	6405920	71501	1			71500		other	0
007	43	Picture	2-112-1-2	6464738	130318	7	5166	7	130000	5000	incorrect	338
007	43	Response	52	6480039	145619	1
007	44	Sound	P1/tapping	6510235	25000	1			25000		other	0
007	44	Response	53	6511719	26484	1
007	44	Response	53	6516679	31444	1
007	44	Response	53	6522759	37524	1
007	44	Response	53	6528039	42804	2
007	44	Response	53	6533959	48724	1
007	44	Response	53	6539479	54244	1
007	44	Response	53	6545239	60004	1
007	44	Response	53	6550999	65764	1
007	44	Sound	n11	6556734	71499	1			71500		other	0
007	44	Response	53	6556839	71604	2
007	44	Picture	2-112-1-2	6615553	130318	7	5166	7	130000	5000	hit	351
007	44	Response	61	6626199	140963	1
007	45	Sound	P2/both1	6661051	25000	1			25000		other	0
007	45	Response	53	6663479	27428	2
007	45	Response	53	6667559	31508	2
007	45	Response	53	6672919	36867	2
007	45	Response	53	6678439	42387	1
007	45	Response	53	6684599	48547	2
007	45	Response	53	6690519	54468	2
007	45	Response	53	6696599	60548	1
007	45	Response	53	6702279	66228	2
007	45	Sound	test10	6707550	71499	1			71500		other	0
007	45	Picture	2-224-1-2	6766369	130318	7	5166	7	130000	5000	hit	363
007	45	Response	62	6779159	143108	1
007	46	Sound	P2/both	6811866	25000	1			25000		other	0
007	46	Response	53	6814119	27252	1
007	46	Response	53	6818279	31412	2
007	46	Response	53	6823558	36692	1
007	46	Response	53	6829478	42612	2
007	46	Response	53	6835399	48532	2
007	46	Response	53	6841479	54612	1
007	46	Response	53	6847399	60532	1
007	46	Response	53	6853559	66692	1
007	46	Sound	test14	6858367	71500	1			71500		other	0
007	46	Picture	3-224-1-3	6917185	130318	7	5166	7	130000	5000	hit	375
007	46	Response	62	6931159	144292	1
007	47	Sound	P2/both	6962683	25000	1			25000		other	0
007	47	Response	53	6968279	30596	1
007	47	Response	53	6974199	36516	1
007	47	Response	53	6979799	42116	1
007	47	Response	53	6985719	48036	2
007	47	Response	53	6991879	54196	2
007	47	Response	53	6997799	60116	2
007	47	Response	53	7005479	67796	2
007	47	Sound	test21	7009182	71500	1			71500		other	0
007	47	Picture	2-224-2-2	7068001	130318	7	5166	7	130000	5000	hit	386
007	47	Response	62	7081479	143796	1
007	48	Sound	P2/both	7113498	24999	1			25000		other	0
007	48	Response	53	7115879	27380	1
007	48	Response	53	7120279	31780	2
007	48	Response	53	7125479	36980	1
007	48	Response	53	7130919	42420	1
007	48	Response	53	7136839	48340	1
007	48	Response	53	7142279	53781	2
007	48	Response	53	7148439	59940	2
007	48	Response	53	7154519	66020	2
007	48	Sound	test11	7159998	71500	1			71500		other	0
007	48	Picture	3-224-1-3	7218816	130318	7	5166	7	130000	5000	incorrect	398
007	48	Response	53	7226119	137621	1
007	48	Response	51	7230439	141941	2
007	49	Sound	P1/tapping1	7264314	24999	1			25000		other	0
007	49	Response	53	7266119	26805	1
007	49	Response	53	7270599	31284	1
007	49	Response	53	7276198	36884	1
007	49	Response	53	7281479	42165	1
007	49	Response	53	7286839	47524	2
007	49	Response	53	7292359	53044	2
007	49	Response	53	7297959	58644	2
007	49	Response	53	7303799	64485	2
007	49	Response	53	7309719	70405	2
007	49	Sound	f22	7310813	71499	1			71500		other	0
007	49	Picture	3-112-1-3	7369632	130318	7	5166	7	130000	5000	hit	412
007	49	Response	61	7387879	148564	1
007	50	Response	53	7412038	21908	1
007	50	Sound	P1/tapping	7415130	25000	1			25000		other	0
007	50	Response	53	7417558	27428	2
007	50	Response	53	7422038	31909	2
007	50	Response	53	7427799	37669	2
007	50	Response	53	7433398	43268	2
007	50	Response	53	7438999	48869	1
007	50	Response	53	7444759	54629	1
007	50	Response	53	7450199	60069	1
007	50	Response	53	7455719	65589	2
007	50	Response	53	7461318	71188	2
007	50	Sound	n12	7461629	71499	1			71500		other	0
007	50	Picture	3-112-1-3	7520448	130318	7	5166	7	130000	5000	hit	426
007	50	Response	61	7531879	141749	2
007	51	Sound	P1/tapping	7565945	24999	1			25000		other	0
007	51	Response	53	7567799	26853	1
007	51	Response	53	7572758	31813	1
007	51	Response	53	7578839	37893	1
007	51	Response	53	7584278	43332	2
007	51	Response	53	7590039	49093	2
007	51	Response	53	7595799	54853	1
007	51	Response	53	7601878	60933	1
007	51	Response	53	7607558	66613	2
007	51	Sound	test25	7612446	71500	1			71500		other	0
007	51	Response	53	7612919	71973	2
007	51	Picture	3-222-1-3	7671264	130318	7	5166	7	130000	5000	hit	439
007	51	Response	62	7682759	141813	1
007	52	Sound	P1/tapping	7716761	25000	1			25000		other	0
007	52	Response	53	7718519	26757	1
007	52	Response	53	7723558	31797	2
007	52	Response	53	7728999	37237	2
007	52	Response	53	7734118	42357	2
007	52	Response	53	7739559	47797	2
007	52	Response	53	7745078	53317	2
007	52	Response	53	7750358	58597	2
007	52	Response	53	7755958	64197	2
007	52	Response	53	7761239	69478	2
007	52	Sound	f20	7763262	71500	1			71500		other	0
007	52	Picture	3-112-1-3	7822080	130318	7	5166	7	130000	5000	hit	452
007	52	Response	61	7830678	138917	2
007	53	Sound	P0/none1	7867578	25000	2			25000		other	0
007	53	Sound	f12	7914076	71499	1			71500		other	0
007	53	Picture	3-111-1-3	7972895	130318	7	5166	7	130000	5000	hit	456
007	53	Response	61	7982598	140021	1
007	54	Sound	P0/none	8018393	25000	2			25000		other	0
007	54	Sound	test06	8064893	71500	1			71500		other	0
007	54	Picture	2-211-1-2	8123711	130318	7	5166	7	130000	5000	hit	460
007	54	Response	61	8132998	139605	2
007	55	Sound	P0/none	8169208	25000	1			25000		other	0
007	55	Sound	f06	8215709	71500	1			71500		other	0
007	55	Picture	2-121-1-2	8274527	130318	7	5166	7	130000	5000	hit	464
007	55	Response	62	8288438	144229	2
007	56	Sound	P0/none	8320024	24999	1			25000		other	0
007	56	Sound	n10	8366524	71499	1			71500		other	0
007	56	Picture	3-111-1-3	8425343	130318	7	5166	7	130000	5000	hit	468
007	56	Response	61	8430598	135574	2
007	57	Sound	P2/beat1	8470839	24999	1			25000		other	0
007	57	Sound	f13	8517339	71499	1			71500		other	0
007	57	Picture	2-123-1-2	8576159	130318	7	5166	7	130000	5000	hit	472
007	57	Response	62	8593078	147237	2
007	58	Sound	P2/beat	8621657	25001	1			25000		other	0
007	58	Sound	test22	8668156	71500	1			71500		other	0
007	58	Picture	2-213-2-2	8726974	130318	7	5166	7	130000	5000	hit	476
007	58	Response	61	8736118	139462	2
007	59	Sound	P2/beat	8772472	24999	1			25000		other	0
007	59	Sound	n09	8818972	71500	1			71500		other	0
007	59	Picture	3-223-1-3	8877790	130318	7	5166	7	130000	5000	hit	480
007	59	Response	62	8893878	146406	2
007	60	Sound	P2/beat	8923289	25001	1			25000		other	0
007	60	Sound	test19	8969788	71500	1			71500		other	0
007	60	Picture	2-213-1-2	9028606	130318	7	5166	7	130000	5000	incorrect	484
007	60	Response	52	9044678	146390	2


Event Type	Code	Type	Response	RT	RT Uncertainty	Time	Uncertainty	Duration	Uncertainty	ReqTime	ReqDur

Sound	P2/beat1	other				25162	1			25000
Sound	n05	other				71661	1			71500
Picture	3-113-1-3	incorrect	2	7883	8	130479	7	5166	7	130000	5000
Sound	P2/beat	other				175976	1			25000
Sound	f05	other				222476	1			71500
Picture	3-113-1-3	hit	1	7708	8	281294	7	5166	7	130000	5000
Sound	P2/beat	other				326792	1			25000
Sound	n01	other				373293	1			71500
Picture	3-223-1-3	hit	2	14652	8	432110	7	5166	7	130000	5000
Sound	P2/beat	other				477607	1			25000
Sound	test15	other				524107	1			71500
Picture	2-223-1-2	incorrect	1	7836	8	582926	7	5166	7	130000	5000
Sound	P1/tapping1	other				628423	1			25000
Sound	f08	other				674923	1			71500
Picture	3-122-2-3	hit	2	12301	7	733741	7	5166	7	130000	5000
Sound	P1/tapping	other				779238	1			25000
Sound	f01	other				825739	1			71500
Picture	2-122-1-2	hit	2	10445	8	884557	7	5166	7	130000	5000
Sound	P1/tapping	other				930054	1			25000
Sound	n03	other				976555	1			71500
Picture	3-122-1-3	incorrect	1	14909	9	1035372	7	5166	7	130000	5000
Sound	P1/tapping	other				1080869	1			25000
Sound	test18	other				1127370	1			71500
Picture	3-212-1-3	hit	1	6574	7	1186188	7	5166	7	130000	5000
Sound	P2/both1	other				1231685	1			25000
Sound	test13	other				1278186	1			71500
Picture	3-214-1-3	incorrect	2	9838	7	1337004	7	5166	7	130000	5000
Sound	P2/both	other				1382501	1			25000
Sound	test04	other				1429000	1			71500
Picture	2-224-1-2	hit	2	7982	8	1487819	7	5166	7	130000	5000
Sound	P2/both	other				1533316	1			25000
Sound	f15	other				1579816	1			71500
Picture	3-124-1-3	hit	2	8366	8	1638635	7	5166	7	130000	5000
Sound	P2/both	other				1684132	1			25000
Sound	f21	other				1730633	1			71500
Picture	3-124-1-3	hit	2	9230	8	1789451	7	5166	7	130000	5000
Sound	P0/none1	other				1834950	1			25000
Sound	n07	other				1881447	1			71500
Picture	2-221-1-2	incorrect	1	10415	7	1940266	7	5166	7	130000	5000
Sound	P0/none	other				1985764	1			25000
Sound	n04	other				2032264	1			71500
Picture	2-211-1-2	hit	1	9439	8	2091082	7	5166	7	130000	5000
Sound	P0/none	other				2136579	1			25000
Sound	f03	other				2183079	1			71500
Picture	2-111-1-2	incorrect	2	15664	8	2241898	7	5166	7	130000	5000
Sound	P0/none	other				2287395	1			25000
Sound	test05	other				2333895	1			71500
Picture	2-211-1-2	hit	1	13168	7	2392713	7	5166	7	130000	5000
Sound	P2/beat1	other				2438211	1			25000
Sound	test16	other				2484711	1			71500
Picture	3-213-1-3	hit	1	8352	7	2543529	7	5166	7	130000	5000
Sound	P2/beat	other				2589027	1			25000
Sound	f11	other				2635527	1			71500
Picture	3-113-1-3	hit	1	6576	7	2694345	7	5166	7	130000	5000
Sound	P2/beat	other				2739843	1			25000
Sound	test07	other				2786342	1			71500
Picture	2-223-1-2	hit	2	12080	8	2845160	7	5166	7	130000	5000
Sound	P2/beat	other				2890658	1			25000
Sound	f23	other				2937157	1			71500
Picture	2-113-1-2	hit	1	7825	8	2995976	7	5166	7	130000	5000
Sound	P0/none1	other				3041473	1			25000
Sound	test23	other				3087974	1			71500
Picture	2-221-2-2	hit	2	8368	7	3146792	7	5166	7	130000	5000
Sound	P0/none	other				3192289	1			25000
Sound	f24	other				3238788	1			71500
Picture	3-121-1-3	hit	2	10273	7	3297607	7	5166	7	130000	5000
Sound	P0/none	other				3343105	1			25000
Sound	n06	other				3389604	1			71500
Picture	3-211-1-3	hit	1	16737	7	3448423	7	5166	7	130000	5000
Sound	P0/none	other				3493920	1			25000
Sound	test24	other				3540420	1			71500
Picture	2-221-1-2	hit	2	15922	7	3599239	7	5166	7	130000	5000
Sound	P1/tapping1	other				3644737	1			25000
Sound	test02	other				3691236	1			71500
Picture	2-212-1-2	hit	1	8867	8	3750054	7	5166	7	130000	5000
Sound	P1/tapping	other				3795551	1			25000
Sound	f14	other				3842052	1			71500
Picture	2-122-2-2	hit	2	10850	8	3900870	7	5166	7	130000	5000
Sound	P1/tapping	other				3946368	1			25000
Sound	f17	other				3992867	1			71500
Picture	3-122-1-3	incorrect	1	6834	7	4051686	7	5166	7	130000	5000
Sound	P1/tapping	other				4097182	1			25000
Sound	test17	other				4143684	1			71500
Picture	2-222-2-2	hit	2	17218	8	4202502	7	5166	7	130000	5000
Sound	P2/beat1	other				4248000	1			25000
Sound	f10	other				4294500	1			71500
Picture	2-123-1-2	hit	2	11843	7	4353317	7	5166	7	130000	5000
Sound	P2/beat	other				4398815	1			25000
Sound	test01	other				4445315	1			71500
Picture	2-223-1-2	hit	2	14387	8	4504133	7	5166	7	130000	5000
Sound	P2/beat	other				4549630	1			25000
Sound	test12	other				4596131	1			71500
Picture	2-213-1-2	miss				4654949	7	5166	7	130000	5000
Sound	P2/beat	other				4700446	1			25000
Sound	test08	other				4746947	1			71500
Picture	2-223-1-2	hit	2	8035	8	4805765	7	5166	7	130000	5000
Sound	P2/both1	other				4851261	1			25000
Sound	f09	other				4897761	1			71500
Picture	3-114-1-3	hit	1	5380	7	4956580	7	5166	7	130000	5000
Sound	P2/both	other				5002077	1			25000
Sound	test03	other				5048577	1			71500
Picture	3-214-1-3	hit	1	6484	7	5107396	7	5166	7	130000	5000
Sound	P2/both	other				5152892	1			25000
Sound	f04	other				5199394	1			71500
Picture	3-114-1-3	hit	1	4788	7	5258212	7	5166	7	130000	5000
Sound	P2/both	other				5303708	1			25000
Sound	f18	other				5350210	1			71500
Picture	2-114-2-2	hit	1	7972	7	5409027	7	5166	7	130000	5000
Sound	P0/none1	other				5454525	1			25000
Sound	f19	other				5501024	1			71500
Picture	3-121-1-3	hit	2	15637	7	5559843	7	5166	7	130000	5000
Sound	P0/none	other				5605340	1			25000
Sound	test09	other				5651842	1			71500
Picture	2-211-1-2	incorrect	2	7541	7	5710659	7	5166	7	130000	5000
Sound	P0/none	other				5756157	1			25000
Sound	f02	other				5802655	1			71500
Picture	3-121-2-3	hit	2	11845	7	5861475	7	5166	7	130000	5000
Sound	P0/none	other				5906972	1			25000
Sound	n13	other				5953472	1			71500
Picture	2-221-1-2	hit	2	9189	7	6012290	7	5166	7	130000	5000
Sound	P1/tapping1	other				6057788	1			25000
Sound	f16	other				6104288	1			71500
Picture	3-112-1-3	incorrect	2	13893	7	6163106	7	5166	7	130000	5000
Sound	P1/tapping	other				6208603	1			25000
Sound	n14	other				6255104	1			71500
Picture	3-112-1-3	hit	1	9318	7	6313922	7	5166	7	130000	5000
Sound	P1/tapping	other				6359420	1			25000
Sound	f07	other				6405920	1			71500
Picture	2-112-1-2	incorrect	2	15301	7	6464738	7	5166	7	130000	5000
Sound	P1/tapping	other				6510235	1			25000
Sound	n11	other				6556734	1			71500
Picture	2-112-1-2	hit	1	10645	7	6615553	7	5166	7	130000	5000
Sound	P2/both1	other				6661051	1			25000
Sound	test10	other				6707550	1			71500
Picture	2-224-1-2	hit	2	12789	7	6766369	7	5166	7	130000	5000
Sound	P2/both	other				6811866	1			25000
Sound	test14	other				6858367	1			71500
Picture	3-224-1-3	hit	2	13974	7	6917185	7	5166	7	130000	5000
Sound	P2/both	other				6962683	1			25000
Sound	test21	other				7009182	1			71500
Picture	2-224-2-2	hit	2	13478	7	7068001	7	5166	7	130000	5000
Sound	P2/both	other				7113498	1			25000
Sound	test11	other				7159998	1			71500
Picture	3-224-1-3	incorrect	3	7303	7	7218816	7	5166	7	130000	5000
Sound	P1/tapping1	other				7264314	1			25000
Sound	f22	other				7310813	1			71500
Picture	3-112-1-3	hit	1	18246	7	7369632	7	5166	7	130000	5000
Sound	P1/tapping	other				7415130	1			25000
Sound	n12	other				7461629	1			71500
Picture	3-112-1-3	hit	1	11431	8	7520448	7	5166	7	130000	5000
Sound	P1/tapping	other				7565945	1			25000
Sound	test25	other				7612446	1			71500
Picture	3-222-1-3	hit	2	11495	7	7671264	7	5166	7	130000	5000
Sound	P1/tapping	other				7716761	1			25000
Sound	f20	other				7763262	1			71500
Picture	3-112-1-3	hit	1	8598	8	7822080	7	5166	7	130000	5000
Sound	P0/none1	other				7867578	2			25000
Sound	f12	other				7914076	1			71500
Picture	3-111-1-3	hit	1	9703	7	7972895	7	5166	7	130000	5000
Sound	P0/none	other				8018393	2			25000
Sound	test06	other				8064893	1			71500
Picture	2-211-1-2	hit	1	9287	8	8123711	7	5166	7	130000	5000
Sound	P0/none	other				8169208	1			25000
Sound	f06	other				8215709	1			71500
Picture	2-121-1-2	hit	2	13911	8	8274527	7	5166	7	130000	5000
Sound	P0/none	other				8320024	1			25000
Sound	n10	other				8366524	1			71500
Picture	3-111-1-3	hit	1	5256	8	8425343	7	5166	7	130000	5000
Sound	P2/beat1	other				8470839	1			25000
Sound	f13	other				8517339	1			71500
Picture	2-123-1-2	hit	2	16919	8	8576159	7	5166	7	130000	5000
Sound	P2/beat	other				8621657	1			25000
Sound	test22	other				8668156	1			71500
Picture	2-213-2-2	hit	1	9143	8	8726974	7	5166	7	130000	5000
Sound	P2/beat	other				8772472	1			25000
Sound	n09	other				8818972	1			71500
Picture	3-223-1-3	hit	2	16088	8	8877790	7	5166	7	130000	5000
Sound	P2/beat	other				8923289	1			25000
Sound	test19	other				8969788	1			71500
Picture	2-213-1-2	incorrect	2	16072	8	9028606	7	5166	7	130000	5000


{
   "app": "Presentation Version 22.1 Build 01.21.21",
   "device": "Dell Inc. OptiPlex 7050",
   "experiment": "{C8E97CB4-6FCA-44FA-B866-4A2D94B6B85C}",
   "os": "Windows 10 64 bit",
   "package": "",
   "parameters": {
      "configuration": "Default configuration"
   },
   "scenario": "entrain_list1_sess2_EB.sce",
   "subject": "007",
   "timestamp": "2022/04/05 13:42:41 GMT"
}
