Scenario - test
Logfile written - 04/05/2022 16:39:33

Subject	Trial	Event Type	Code	Time	TTime	Uncertainty	Duration	Uncertainty	ReqTime	ReqDur	Stim Type	Pair Index

007	1	Sound	P2/both1	25160	25000	1			25000		other	0
007	1	Response	53	29301	29140	2
007	1	Response	53	36420	36260	1
007	1	Response	53	42820	42660	1
007	1	Response	53	48900	48740	1
007	1	Response	53	55060	54900	1
007	1	Response	53	60980	60820	1
007	1	Response	53	67221	67060	2
007	1	Sound	test06	71660	71500	1			71500		other	0
007	1	Picture	3-224-1-3	130479	130318	7	5166	7	130000	5000	hit	11
007	1	Response	62	140100	139940	2
007	2	Sound	P2/both	175976	25000	1			25000		other	0
007	2	Response	53	179381	28405	1
007	2	Response	53	183860	32884	1
007	2	Response	53	188421	37445	1
007	2	Response	53	193940	42964	1
007	2	Response	53	199701	48725	2
007	2	Response	53	205380	54404	1
007	2	Response	53	211380	60404	2
007	2	Response	53	218421	67445	1
007	2	Sound	f17	222477	71501	1			71500		other	0
007	2	Picture	2-114-2-2	281294	130318	7	5166	7	130000	5000	hit	23
007	2	Response	61	290981	140005	1
007	3	Sound	P2/both	326792	25000	1			25000		other	0
007	3	Response	53	328181	26389	1
007	3	Response	53	333620	31829	2
007	3	Response	53	339061	37269	1
007	3	Response	53	344820	43029	1
007	3	Response	53	350581	48789	2
007	3	Response	53	356260	54468	2
007	3	Response	53	363140	61348	1
007	3	Response	53	368980	67188	1
007	3	Sound	f02	373291	71500	1			71500		other	0
007	3	Picture	3-114-2-3	432110	130318	7	5166	7	130000	5000	hit	35
007	3	Response	61	442020	140229	1
007	4	Response	53	477460	24853	1
007	4	Sound	P2/both	477607	24999	1			25000		other	0
007	4	Response	53	484260	31653	1
007	4	Response	53	490021	37413	1
007	4	Response	53	495701	43093	1
007	4	Response	53	501460	48853	1
007	4	Response	53	507301	54693	1
007	4	Response	53	513220	60612	1
007	4	Response	53	520580	67972	1
007	4	Sound	n09	524107	71499	1			71500		other	0
007	4	Picture	2-214-2-2	582926	130318	7	5166	7	130000	5000	hit	47
007	4	Response	61	591540	138933	1
007	5	Sound	P0/none1	628424	25000	1			25000		other	0
007	5	Sound	test15	674923	71499	1			71500		other	0
007	5	Picture	2-211-1-2	733741	130318	7	5166	7	130000	5000	incorrect	51
007	5	Response	52	749060	145637	2
007	6	Sound	P0/none	779238	24999	1			25000		other	0
007	6	Sound	test07	825739	71500	1			71500		other	0
007	6	Picture	3-221-1-3	884557	130318	7	5166	7	130000	5000	hit	55
007	6	Response	62	898820	144581	2
007	7	Sound	P0/none	930054	24999	1			25000		other	0
007	7	Sound	f16	976554	71499	1			71500		other	0
007	7	Picture	2-121-1-2	1035373	130318	7	5166	7	130000	5000	hit	59
007	7	Response	62	1046100	141045	1
007	8	Sound	P0/none	1080870	25000	1			25000		other	0
007	8	Sound	f15	1127369	71499	1			71500		other	0
007	8	Picture	2-111-2-2	1186189	130318	7	5166	7	130000	5000	hit	63
007	8	Response	61	1195140	139270	1
007	9	Sound	P1/tapping1	1231686	25000	1			25000		other	0
007	9	Response	53	1232580	25894	1
007	9	Response	53	1238900	32214	1
007	9	Response	53	1245700	39014	1
007	9	Response	53	1252900	46214	1
007	9	Response	53	1259860	53174	4
007	9	Response	53	1266660	59974	1
007	9	Response	53	1273620	66934	1
007	9	Sound	test24	1278184	71498	1			71500		other	0
007	9	Picture	2-212-2-2	1337004	130318	7	5166	7	130000	5000	hit	74
007	9	Response	61	1349380	142694	2
007	10	Sound	P1/tapping	1382502	25000	1			25000		other	0
007	10	Response	53	1383620	26118	1
007	10	Response	53	1389460	31958	1
007	10	Response	53	1395620	38118	2
007	10	Response	53	1401860	44358	2
007	10	Response	53	1407780	50278	1
007	10	Response	53	1413700	56198	1
007	10	Response	53	1419940	62438	1
007	10	Response	53	1426180	68678	1
007	10	Sound	n01	1429002	71500	1			71500		other	0
007	10	Picture	2-222-1-2	1487820	130318	7	5166	7	130000	5000	hit	86
007	10	Response	62	1501860	144358	1
007	11	Sound	P1/tapping	1533317	24999	1			25000		other	0
007	11	Response	53	1535300	26982	1
007	11	Response	53	1540660	32343	1
007	11	Response	53	1547060	38742	1
007	11	Response	53	1553220	44903	1
007	11	Response	53	1559140	50822	3
007	11	Response	53	1565220	56903	1
007	11	Response	53	1571940	63622	1
007	11	Response	53	1578340	70022	1
007	11	Sound	test12	1579817	71500	1			71500		other	0
007	11	Picture	3-222-1-3	1638636	130318	7	5166	7	130000	5000	hit	98
007	11	Response	62	1648260	139942	1
007	12	Sound	P1/tapping	1684132	24999	1			25000		other	0
007	12	Response	53	1686820	27687	1
007	12	Response	53	1692580	33446	1
007	12	Response	53	1698500	39366	2
007	12	Response	53	1704740	45607	1
007	12	Response	53	1710260	51127	1
007	12	Response	53	1716260	57127	1
007	12	Response	53	1721860	62727	1
007	12	Response	53	1727540	68407	2
007	12	Sound	test03	1730633	71499	1			71500		other	0
007	12	Picture	3-222-1-3	1789451	130318	7	5166	7	130000	5000	hit	110
007	12	Response	62	1805860	146727	2
007	13	Sound	P2/beat1	1834949	25000	1			25000		other	0
007	13	Sound	test04	1881449	71500	1			71500		other	0
007	13	Picture	3-213-1-3	1940267	130318	7	5166	7	130000	5000	hit	114
007	13	Response	61	1950261	140312	1
007	14	Sound	P2/beat	1985765	25000	1			25000		other	0
007	14	Sound	f12	2032265	71500	1			71500		other	0
007	14	Picture	3-123-1-3	2091083	130318	7	5166	7	130000	5000	hit	118
007	14	Response	62	2100900	140135	1
007	15	Sound	P2/beat	2136580	25000	1			25000		other	0
007	15	Sound	test21	2183081	71500	1			71500		other	0
007	15	Picture	2-213-2-2	2241899	130318	7	5166	7	130000	5000	incorrect	122
007	15	Response	52	2259700	148119	1
007	16	Sound	P2/beat	2287396	25000	1			25000		other	0
007	16	Sound	test14	2333896	71500	1			71500		other	0
007	16	Picture	2-213-1-2	2392714	130318	7	5166	7	130000	5000	incorrect	126
007	16	Response	52	2407060	144663	1
007	17	Sound	P0/none1	2438212	25000	1			25000		other	0
007	17	Sound	f08	2484713	71501	1			71500		other	0
007	17	Picture	2-121-1-2	2543530	130318	7	5166	7	130000	5000	hit	130
007	17	Response	62	2558660	145448	1
007	18	Sound	P0/none	2589027	24999	1			25000		other	0
007	18	Sound	f05	2635527	71500	1			71500		other	0
007	18	Picture	3-121-1-3	2694346	130318	7	5166	7	130000	5000	hit	134
007	18	Response	62	2708260	144232	1
007	19	Sound	P0/none	2739843	25000	1			25000		other	0
007	19	Sound	n05	2786344	71500	1			71500		other	0
007	19	Picture	2-111-2-2	2845162	130318	7	5166	7	130000	5000	hit	138
007	19	Response	61	2854659	139816	1
007	20	Sound	P0/none	2890659	25000	1			25000		other	0
007	20	Sound	f13	2937159	71499	1			71500		other	0
007	20	Picture	2-111-1-2	2995977	130318	7	5166	7	130000	5000	hit	142
007	20	Response	61	3005139	139480	2
007	21	Sound	P2/beat1	3041475	25000	1			25000		other	0
007	21	Sound	f06	3087975	71500	1			71500		other	0
007	21	Picture	3-113-1-3	3146793	130318	7	5166	7	130000	5000	hit	146
007	21	Response	61	3157539	141064	1
007	22	Sound	P2/beat	3192291	25001	1			25000		other	0
007	22	Sound	n03	3238790	71499	1			71500		other	0
007	22	Picture	3-113-1-3	3297609	130318	7	5166	7	130000	5000	hit	150
007	22	Response	61	3305299	138008	1
007	23	Sound	P2/beat	3343105	24999	1			25000		other	0
007	23	Sound	f22	3389607	71500	1			71500		other	0
007	23	Picture	2-113-2-2	3448425	130318	7	5166	7	130000	5000	hit	154
007	23	Response	61	3458899	140793	1
007	24	Sound	P2/beat	3493922	25000	1			25000		other	0
007	24	Sound	test11	3540422	71500	1			71500		other	0
007	24	Picture	3-213-1-3	3599240	130318	7	5166	7	130000	5000	hit	158
007	24	Response	61	3607539	138617	1
007	25	Sound	P2/both1	3644737	24999	1			25000		other	0
007	25	Response	53	3650179	30441	1
007	25	Response	53	3656019	36281	1
007	25	Response	53	3662179	42441	1
007	25	Response	53	3668339	48601	2
007	25	Response	53	3674659	54921	1
007	25	Response	53	3680739	61001	1
007	25	Response	53	3686499	66761	1
007	25	Sound	test05	3691239	71501	1			71500		other	0
007	25	Picture	3-224-1-3	3750056	130318	7	5166	7	130000	5000	hit	169
007	25	Response	62	3761060	141322	2
007	26	Sound	P2/both	3795553	24999	1			25000		other	0
007	26	Response	53	3797299	26745	2
007	26	Response	53	3802419	31865	1
007	26	Response	53	3807940	37386	1
007	26	Response	53	3813699	43145	1
007	26	Response	53	3819458	48905	1
007	26	Response	53	3825378	54824	2
007	26	Response	53	3831219	60665	1
007	26	Response	53	3837299	66745	2
007	26	Sound	n12	3842053	71499	1			71500		other	0
007	26	Picture	2-114-2-2	3900872	130318	7	5166	7	130000	5000	incorrect	181
007	26	Response	53	3904019	133465	1
007	26	Response	52	3915939	145385	1
007	27	Sound	P2/both	3946370	25000	1			25000		other	0
007	27	Response	53	3948180	26810	1
007	27	Response	53	3953139	31769	2
007	27	Response	53	3958579	37210	1
007	27	Response	53	3964099	42729	1
007	27	Response	53	3969859	48489	1
007	27	Response	53	3975779	54409	2
007	27	Response	53	3981859	60490	1
007	27	Response	53	3988099	66729	1
007	27	Sound	n10	3992870	71500	1			71500		other	0
007	27	Picture	2-124-1-2	4051688	130318	7	5166	7	130000	5000	hit	194
007	27	Response	62	4068259	146889	1
007	28	Sound	P2/both	4097184	24999	1			25000		other	0
007	28	Response	53	4099379	27193	2
007	28	Response	53	4104419	32233	1
007	28	Response	53	4109618	37433	1
007	28	Response	53	4115059	42874	1
007	28	Response	53	4120739	48553	1
007	28	Response	53	4126819	54633	1
007	28	Response	53	4132899	60714	1
007	28	Response	53	4139378	67193	1
007	28	Sound	test25	4143685	71499	1			71500		other	0
007	28	Picture	2-214-1-2	4202503	130318	7	5166	7	130000	5000	hit	206
007	28	Response	61	4212499	140313	2
007	29	Sound	P0/none1	4248000	24999	1			25000		other	0
007	29	Sound	f18	4294501	71500	1			71500		other	0
007	29	Picture	2-121-2-2	4353319	130318	7	5166	7	130000	5000	hit	210
007	29	Response	62	4362899	139898	1
007	30	Sound	P0/none	4398817	25000	1			25000		other	0
007	30	Sound	test10	4445316	71499	1			71500		other	0
007	30	Picture	3-221-1-3	4504135	130318	7	5166	7	130000	5000	hit	214
007	30	Response	62	4515379	141562	1
007	31	Sound	P0/none	4549633	25001	1			25000		other	0
007	31	Sound	test19	4596133	71500	1			71500		other	0
007	31	Picture	3-221-1-3	4654951	130318	7	5166	7	130000	5000	hit	218
007	31	Response	62	4669379	144747	1
007	32	Sound	P0/none	4700449	25001	1			25000		other	0
007	32	Sound	test18	4746948	71500	1			71500		other	0
007	32	Picture	2-211-1-2	4805767	130318	7	5166	7	130000	5000	hit	222
007	32	Response	61	4815699	140250	1
007	33	Sound	P1/tapping1	4851264	25000	1			25000		other	0
007	33	Response	53	4853618	27354	1
007	33	Response	53	4858178	31914	1
007	33	Response	53	4864258	37994	1
007	33	Response	53	4869938	43674	1
007	33	Response	53	4875858	49594	1
007	33	Response	53	4881618	55354	1
007	33	Response	53	4887138	60874	1
007	33	Response	53	4892578	66314	2
007	33	Sound	f11	4897764	71499	1			71500		other	0
007	33	Picture	3-122-1-3	4956583	130318	7	5166	7	130000	5000	hit	234
007	33	Response	62	4968739	142475	2
007	34	Sound	P1/tapping	5002079	24999	1			25000		other	0
007	34	Response	53	5004018	26938	1
007	34	Response	53	5009059	31979	2
007	34	Response	53	5014579	37499	1
007	34	Response	53	5020338	43258	1
007	34	Response	53	5025859	48779	1
007	34	Response	53	5031378	54298	2
007	34	Response	53	5037299	60219	1
007	34	Response	53	5043298	66218	2
007	34	Sound	n07	5048580	71500	1			71500		other	0
007	34	Response	53	5048899	71819	1
007	34	Picture	3-212-1-3	5107398	130318	7	5166	7	130000	5000	hit	247
007	34	Response	61	5116258	139178	1
007	35	Sound	P1/tapping	5152895	24999	1			25000		other	0
007	35	Response	53	5157458	29562	1
007	35	Response	53	5162818	34922	1
007	35	Response	53	5168499	40603	1
007	35	Response	53	5174099	46203	1
007	35	Response	53	5179699	51803	1
007	35	Response	53	5185299	57403	1
007	35	Response	53	5191458	63562	1
007	35	Response	53	5197218	69322	1
007	35	Sound	test09	5199395	71499	1			71500		other	0
007	35	Picture	3-212-1-3	5258214	130318	7	5166	7	130000	5000	hit	259
007	35	Response	61	5267218	139323	1
007	36	Response	53	5302178	23467	1
007	36	Sound	P1/tapping	5303710	24999	1			25000		other	0
007	36	Response	53	5308738	30026	1
007	36	Response	53	5314658	35947	1
007	36	Response	53	5320818	42107	1
007	36	Response	53	5327218	48507	1
007	36	Response	53	5332978	54267	1
007	36	Response	53	5338658	59947	1
007	36	Response	53	5344339	65627	2
007	36	Sound	test22	5350211	71499	1			71500		other	0
007	36	Response	53	5350258	71547	1
007	36	Picture	2-222-2-2	5409030	130318	7	5166	7	130000	5000	hit	272
007	36	Response	62	5418738	140026	1
007	37	Sound	P2/beat1	5454527	25000	1			25000		other	0
007	37	Sound	f14	5501026	71499	1			71500		other	0
007	37	Picture	2-113-2-2	5559846	130318	7	5166	7	130000	5000	hit	276
007	37	Response	61	5568578	139050	2
007	38	Sound	P2/beat	5605343	25000	1			25000		other	0
007	38	Sound	test17	5651842	71499	1			71500		other	0
007	38	Picture	3-223-1-3	5710661	130318	7	5166	7	130000	5000	hit	280
007	38	Response	62	5724178	143835	1
007	39	Sound	P2/beat	5756159	25000	1			25000		other	0
007	39	Sound	n14	5802660	71500	1			71500		other	0
007	39	Picture	2-123-2-2	5861477	130318	7	5166	7	130000	5000	hit	284
007	39	Response	62	5871138	139979	2
007	40	Sound	P2/beat	5906974	24999	1			25000		other	0
007	40	Sound	f01	5953475	71500	1			71500		other	0
007	40	Picture	3-123-1-3	6012293	130318	7	5166	7	130000	5000	hit	288
007	40	Response	62	6024098	142123	1
007	41	Sound	P2/both1	6057789	24999	1			25000		other	0
007	41	Response	53	6060978	28187	1
007	41	Response	53	6065378	32587	1
007	41	Response	53	6069939	37148	1
007	41	Response	53	6075218	42427	1
007	41	Response	53	6081058	48267	1
007	41	Response	53	6086978	54187	1
007	41	Response	53	6093058	60267	1
007	41	Response	53	6099458	66667	1
007	41	Sound	n06	6104291	71500	1			71500		other	0
007	41	Response	53	6104978	72187	1
007	41	Picture	2-214-2-2	6163109	130318	7	5166	7	130000	5000	incorrect	301
007	41	Response	52	6172018	139227	1
007	42	Sound	P2/both	6208606	24999	1			25000		other	0
007	42	Response	53	6211698	28091	1
007	42	Response	53	6216178	32572	1
007	42	Response	53	6220977	37371	2
007	42	Response	53	6226338	42732	2
007	42	Response	53	6232098	48491	1
007	42	Response	53	6238258	54652	1
007	42	Response	53	6244098	60491	1
007	42	Response	53	6250577	66971	1
007	42	Sound	f23	6255106	71499	1			71500		other	0
007	42	Picture	3-124-1-3	6313925	130318	7	5166	7	130000	5000	incorrect	313
007	42	Response	51	6326418	142811	1
007	43	Sound	P2/both	6359422	25000	1			25000		other	0
007	43	Response	53	6361618	27196	1
007	43	Response	53	6366098	31675	2
007	43	Response	53	6371298	36876	1
007	43	Response	53	6376978	42555	1
007	43	Response	53	6383057	48635	1
007	43	Response	53	6388817	54395	1
007	43	Response	53	6395058	60635	1
007	43	Response	53	6400977	66555	1
007	43	Sound	test02	6405923	71501	1			71500		other	0
007	43	Picture	3-214-1-3	6464741	130318	7	5166	7	130000	5000	hit	325
007	43	Response	61	6472818	138395	1
007	44	Sound	P2/both	6510238	25000	1			25000		other	0
007	44	Response	53	6512418	27180	1
007	44	Response	53	6517138	31899	1
007	44	Response	53	6522178	36939	1
007	44	Response	53	6527858	42619	2
007	44	Response	53	6533459	48221	1
007	44	Response	53	6539537	54299	1
007	44	Response	53	6545378	60140	1
007	44	Response	53	6551538	66299	1
007	44	Sound	test08	6556738	71500	1			71500		other	0
007	44	Picture	3-214-1-3	6615556	130318	7	5166	7	130000	5000	hit	337
007	44	Response	61	6626738	141500	2
007	45	Sound	P0/none1	6661053	24999	1			25000		other	0
007	45	Sound	f10	6707554	71500	1			71500		other	0
007	45	Picture	3-121-1-3	6766372	130318	7	5166	7	130000	5000	incorrect	341
007	45	Response	51	6776098	140044	1
007	46	Sound	P0/none	6811870	25000	1			25000		other	0
007	46	Sound	f04	6858370	71500	1			71500		other	0
007	46	Picture	3-121-1-3	6917188	130318	7	5166	7	130000	5000	hit	345
007	46	Response	62	6926018	139148	2
007	47	Sound	P0/none	6962685	24999	1			25000		other	0
007	47	Sound	n11	7009185	71500	1			71500		other	0
007	47	Picture	3-121-2-3	7068004	130318	7	5166	7	130000	5000	hit	349
007	47	Response	62	7081218	143532	1
007	48	Sound	P0/none	7113501	25000	1			25000		other	0
007	48	Sound	test16	7160001	71500	1			71500		other	0
007	48	Picture	2-221-1-2	7218820	130318	7	5166	7	130000	5000	incorrect	353
007	48	Response	51	7238098	149597	1
007	49	Sound	P2/beat1	7264318	25000	1			25000		other	0
007	49	Sound	test13	7310817	71500	1			71500		other	0
007	49	Picture	2-223-1-2	7369636	130318	7	5166	7	130000	5000	hit	357
007	49	Response	62	7379297	139980	1
007	50	Sound	P2/beat	7415133	25000	1			25000		other	0
007	50	Sound	f21	7461634	71501	1			71500		other	0
007	50	Picture	2-113-2-2	7520451	130318	7	5166	7	130000	5000	incorrect	361
007	50	Response	52	7529218	139085	1
007	51	Sound	P2/beat	7565949	25000	1			25000		other	0
007	51	Sound	n13	7612448	71499	1			71500		other	0
007	51	Picture	2-213-1-2	7671267	130318	7	5166	7	130000	5000	hit	365
007	51	Response	61	7687377	146428	1
007	52	Sound	P2/beat	7716765	25000	1			25000		other	0
007	52	Sound	f09	7763264	71499	1			71500		other	0
007	52	Picture	3-123-1-3	7822083	130318	7	5166	7	130000	5000	hit	369
007	52	Response	62	7832977	141212	1
007	53	Sound	P2/both1	7867581	25000	1			25000		other	0
007	53	Response	53	7873537	30957	2
007	53	Response	53	7878977	36396	1
007	53	Response	53	7884977	42397	1
007	53	Response	53	7890977	48397	1
007	53	Response	53	7897538	54957	1
007	53	Response	53	7903857	61276	1
007	53	Response	53	7909537	66957	2
007	53	Sound	f07	7914080	71499	1			71500		other	0
007	53	Picture	3-114-1-3	7972899	130318	7	5166	7	130000	5000	incorrect	380
007	53	Response	52	7991217	148636	1
007	54	Sound	P2/both	8018396	25000	1			25000		other	0
007	54	Response	53	8020737	27341	1
007	54	Response	53	8025297	31900	1
007	54	Response	53	8030097	36701	1
007	54	Response	53	8035537	42140	1
007	54	Response	53	8041857	48460	2
007	54	Response	53	8047537	54140	1
007	54	Response	53	8053537	60140	1
007	54	Response	53	8059697	66300	2
007	54	Sound	test23	8064896	71500	1			71500		other	0
007	54	Picture	2-214-2-2	8123715	130318	7	5166	7	130000	5000	hit	392
007	54	Response	61	8140177	146780	1
007	55	Response	53	8167537	23325	2
007	55	Sound	P2/both	8169212	25000	1			25000		other	0
007	55	Response	53	8174577	30364	2
007	55	Response	53	8180657	36444	1
007	55	Response	53	8186417	42204	1
007	55	Response	53	8192097	47885	1
007	55	Response	53	8197697	53485	2
007	55	Response	53	8204097	59885	1
007	55	Response	53	8209937	65725	1
007	55	Sound	f03	8215713	71501	1			71500		other	0
007	55	Picture	3-124-1-3	8274531	130318	7	5166	7	130000	5000	hit	404
007	55	Response	62	8283937	139725	2
007	56	Sound	P2/both	8320029	25000	1			25000		other	0
007	56	Response	53	8321538	26509	1
007	56	Response	53	8326497	31469	1
007	56	Response	53	8332097	37068	2
007	56	Response	53	8337697	42669	1
007	56	Response	53	8343697	48669	1
007	56	Response	53	8349857	54829	1
007	56	Response	53	8355617	60589	1
007	56	Response	53	8361457	66429	1
007	56	Sound	f20	8366528	71500	1			71500		other	0
007	56	Response	53	8367697	72669	1
007	56	Picture	2-114-2-2	8425346	130318	7	5166	7	130000	5000	hit	417
007	56	Response	61	8434577	139549	1
007	57	Sound	P1/tapping1	8470844	25000	1			25000		other	0
007	57	Response	53	8473377	27533	1
007	57	Response	53	8478097	32253	1
007	57	Response	53	8484177	38333	2
007	57	Response	53	8490177	44333	2
007	57	Response	53	8495937	50093	1
007	57	Response	53	8502097	56253	1
007	57	Response	53	8508016	62172	1
007	57	Response	53	8513616	67772	1
007	57	Sound	test01	8517344	71500	1			71500		other	0
007	57	Picture	3-222-1-3	8576162	130318	7	5166	7	130000	5000	incorrect	429
007	57	Response	51	8585377	139532	1
007	58	Response	53	8619057	22397	1
007	58	Sound	P1/tapping	8621659	24999	1			25000		other	0
007	58	Response	53	8626657	29997	1
007	58	Response	53	8632897	36237	1
007	58	Response	53	8638897	42237	1
007	58	Response	53	8645057	48397	1
007	58	Response	53	8651297	54637	1
007	58	Response	53	8657377	60717	1
007	58	Response	53	8663537	66877	1
007	58	Sound	n04	8668161	71501	1			71500		other	0
007	58	Response	53	8670818	74158	1
007	58	Picture	3-212-1-3	8726978	130318	7	5166	7	130000	5000	hit	442
007	58	Response	61	8742657	145997	2
007	59	Sound	P1/tapping	8772475	24999	1			25000		other	0
007	59	Response	53	8774817	27341	1
007	59	Response	53	8779457	31981	2
007	59	Response	53	8785137	37661	1
007	59	Response	53	8791137	43661	2
007	59	Response	53	8796657	49181	1
007	59	Response	53	8802256	54780	1
007	59	Response	53	8808097	60621	1
007	59	Response	53	8813537	66061	1
007	59	Sound	f19	8818975	71500	1			71500		other	0
007	59	Response	53	8819457	71981	1
007	59	Picture	2-122-2-2	8877794	130318	7	5166	7	130000	5000	hit	455
007	59	Response	62	8896976	149500	1
007	60	Sound	P1/tapping	8923292	25000	1			25000		other	0
007	60	Response	53	8925297	27006	1
007	60	Response	53	8930097	31805	1
007	60	Response	53	8936257	37965	2
007	60	Response	53	8942337	44045	1
007	60	Response	53	8948177	49885	2
007	60	Response	53	8954257	55965	2
007	60	Response	53	8960336	62044	2
007	60	Response	53	8966577	68285	1
007	60	Sound	f24	8969792	71500	1			71500		other	0
007	60	Picture	2-122-1-2	9028610	130318	7	5166	7	130000	5000	incorrect	467
007	60	Response	51	9044417	146126	2


Event Type	Code	Type	Response	RT	RT Uncertainty	Time	Uncertainty	Duration	Uncertainty	ReqTime	ReqDur

Sound	P2/both1	other				25160	1			25000
Sound	test06	other				71660	1			71500
Picture	3-224-1-3	hit	2	9622	8	130479	7	5166	7	130000	5000
Sound	P2/both	other				175976	1			25000
Sound	f17	other				222477	1			71500
Picture	2-114-2-2	hit	1	9686	7	281294	7	5166	7	130000	5000
Sound	P2/both	other				326792	1			25000
Sound	f02	other				373291	1			71500
Picture	3-114-2-3	hit	1	9910	7	432110	7	5166	7	130000	5000
Sound	P2/both	other				477607	1			25000
Sound	n09	other				524107	1			71500
Picture	2-214-2-2	hit	1	8615	7	582926	7	5166	7	130000	5000
Sound	P0/none1	other				628424	1			25000
Sound	test15	other				674923	1			71500
Picture	2-211-1-2	incorrect	2	15319	8	733741	7	5166	7	130000	5000
Sound	P0/none	other				779238	1			25000
Sound	test07	other				825739	1			71500
Picture	3-221-1-3	hit	2	14263	8	884557	7	5166	7	130000	5000
Sound	P0/none	other				930054	1			25000
Sound	f16	other				976554	1			71500
Picture	2-121-1-2	hit	2	10727	7	1035373	7	5166	7	130000	5000
Sound	P0/none	other				1080870	1			25000
Sound	f15	other				1127369	1			71500
Picture	2-111-2-2	hit	1	8951	7	1186189	7	5166	7	130000	5000
Sound	P1/tapping1	other				1231686	1			25000
Sound	test24	other				1278184	1			71500
Picture	2-212-2-2	hit	1	12376	8	1337004	7	5166	7	130000	5000
Sound	P1/tapping	other				1382502	1			25000
Sound	n01	other				1429002	1			71500
Picture	2-222-1-2	hit	2	14040	7	1487820	7	5166	7	130000	5000
Sound	P1/tapping	other				1533317	1			25000
Sound	test12	other				1579817	1			71500
Picture	3-222-1-3	hit	2	9624	7	1638636	7	5166	7	130000	5000
Sound	P1/tapping	other				1684132	1			25000
Sound	test03	other				1730633	1			71500
Picture	3-222-1-3	hit	2	16408	8	1789451	7	5166	7	130000	5000
Sound	P2/beat1	other				1834949	1			25000
Sound	test04	other				1881449	1			71500
Picture	3-213-1-3	hit	1	9994	7	1940267	7	5166	7	130000	5000
Sound	P2/beat	other				1985765	1			25000
Sound	f12	other				2032265	1			71500
Picture	3-123-1-3	hit	2	9817	7	2091083	7	5166	7	130000	5000
Sound	P2/beat	other				2136580	1			25000
Sound	test21	other				2183081	1			71500
Picture	2-213-2-2	incorrect	2	17801	8	2241899	7	5166	7	130000	5000
Sound	P2/beat	other				2287396	1			25000
Sound	test14	other				2333896	1			71500
Picture	2-213-1-2	incorrect	2	14345	7	2392714	7	5166	7	130000	5000
Sound	P0/none1	other				2438212	1			25000
Sound	f08	other				2484713	1			71500
Picture	2-121-1-2	hit	2	15129	7	2543530	7	5166	7	130000	5000
Sound	P0/none	other				2589027	1			25000
Sound	f05	other				2635527	1			71500
Picture	3-121-1-3	hit	2	13914	7	2694346	7	5166	7	130000	5000
Sound	P0/none	other				2739843	1			25000
Sound	n05	other				2786344	1			71500
Picture	2-111-2-2	hit	1	9498	7	2845162	7	5166	7	130000	5000
Sound	P0/none	other				2890659	1			25000
Sound	f13	other				2937159	1			71500
Picture	2-111-1-2	hit	1	9162	8	2995977	7	5166	7	130000	5000
Sound	P2/beat1	other				3041475	1			25000
Sound	f06	other				3087975	1			71500
Picture	3-113-1-3	hit	1	10746	7	3146793	7	5166	7	130000	5000
Sound	P2/beat	other				3192291	1			25000
Sound	n03	other				3238790	1			71500
Picture	3-113-1-3	hit	1	7690	7	3297609	7	5166	7	130000	5000
Sound	P2/beat	other				3343105	1			25000
Sound	f22	other				3389607	1			71500
Picture	2-113-2-2	hit	1	10475	7	3448425	7	5166	7	130000	5000
Sound	P2/beat	other				3493922	1			25000
Sound	test11	other				3540422	1			71500
Picture	3-213-1-3	hit	1	8299	7	3599240	7	5166	7	130000	5000
Sound	P2/both1	other				3644737	1			25000
Sound	test05	other				3691239	1			71500
Picture	3-224-1-3	hit	2	11003	8	3750056	7	5166	7	130000	5000
Sound	P2/both	other				3795553	1			25000
Sound	n12	other				3842053	1			71500
Picture	2-114-2-2	incorrect	3	3147	7	3900872	7	5166	7	130000	5000
Sound	P2/both	other				3946370	1			25000
Sound	n10	other				3992870	1			71500
Picture	2-124-1-2	hit	2	16571	7	4051688	7	5166	7	130000	5000
Sound	P2/both	other				4097184	1			25000
Sound	test25	other				4143685	1			71500
Picture	2-214-1-2	hit	1	9995	8	4202503	7	5166	7	130000	5000
Sound	P0/none1	other				4248000	1			25000
Sound	f18	other				4294501	1			71500
Picture	2-121-2-2	hit	2	9580	7	4353319	7	5166	7	130000	5000
Sound	P0/none	other				4398817	1			25000
Sound	test10	other				4445316	1			71500
Picture	3-221-1-3	hit	2	11244	7	4504135	7	5166	7	130000	5000
Sound	P0/none	other				4549633	1			25000
Sound	test19	other				4596133	1			71500
Picture	3-221-1-3	hit	2	14428	7	4654951	7	5166	7	130000	5000
Sound	P0/none	other				4700449	1			25000
Sound	test18	other				4746948	1			71500
Picture	2-211-1-2	hit	1	9932	7	4805767	7	5166	7	130000	5000
Sound	P1/tapping1	other				4851264	1			25000
Sound	f11	other				4897764	1			71500
Picture	3-122-1-3	hit	2	12156	8	4956583	7	5166	7	130000	5000
Sound	P1/tapping	other				5002079	1			25000
Sound	n07	other				5048580	1			71500
Picture	3-212-1-3	hit	1	8860	7	5107398	7	5166	7	130000	5000
Sound	P1/tapping	other				5152895	1			25000
Sound	test09	other				5199395	1			71500
Picture	3-212-1-3	hit	1	9004	7	5258214	7	5166	7	130000	5000
Sound	P1/tapping	other				5303710	1			25000
Sound	test22	other				5350211	1			71500
Picture	2-222-2-2	hit	2	9708	7	5409030	7	5166	7	130000	5000
Sound	P2/beat1	other				5454527	1			25000
Sound	f14	other				5501026	1			71500
Picture	2-113-2-2	hit	1	8732	8	5559846	7	5166	7	130000	5000
Sound	P2/beat	other				5605343	1			25000
Sound	test17	other				5651842	1			71500
Picture	3-223-1-3	hit	2	13517	7	5710661	7	5166	7	130000	5000
Sound	P2/beat	other				5756159	1			25000
Sound	n14	other				5802660	1			71500
Picture	2-123-2-2	hit	2	9661	8	5861477	7	5166	7	130000	5000
Sound	P2/beat	other				5906974	1			25000
Sound	f01	other				5953475	1			71500
Picture	3-123-1-3	hit	2	11805	7	6012293	7	5166	7	130000	5000
Sound	P2/both1	other				6057789	1			25000
Sound	n06	other				6104291	1			71500
Picture	2-214-2-2	incorrect	2	8909	7	6163109	7	5166	7	130000	5000
Sound	P2/both	other				6208606	1			25000
Sound	f23	other				6255106	1			71500
Picture	3-124-1-3	incorrect	1	12493	7	6313925	7	5166	7	130000	5000
Sound	P2/both	other				6359422	1			25000
Sound	test02	other				6405923	1			71500
Picture	3-214-1-3	hit	1	8077	7	6464741	7	5166	7	130000	5000
Sound	P2/both	other				6510238	1			25000
Sound	test08	other				6556738	1			71500
Picture	3-214-1-3	hit	1	11181	8	6615556	7	5166	7	130000	5000
Sound	P0/none1	other				6661053	1			25000
Sound	f10	other				6707554	1			71500
Picture	3-121-1-3	incorrect	1	9725	7	6766372	7	5166	7	130000	5000
Sound	P0/none	other				6811870	1			25000
Sound	f04	other				6858370	1			71500
Picture	3-121-1-3	hit	2	8830	9	6917188	7	5166	7	130000	5000
Sound	P0/none	other				6962685	1			25000
Sound	n11	other				7009185	1			71500
Picture	3-121-2-3	hit	2	13214	7	7068004	7	5166	7	130000	5000
Sound	P0/none	other				7113501	1			25000
Sound	test16	other				7160001	1			71500
Picture	2-221-1-2	incorrect	1	19278	7	7218820	7	5166	7	130000	5000
Sound	P2/beat1	other				7264318	1			25000
Sound	test13	other				7310817	1			71500
Picture	2-223-1-2	hit	2	9661	7	7369636	7	5166	7	130000	5000
Sound	P2/beat	other				7415133	1			25000
Sound	f21	other				7461634	1			71500
Picture	2-113-2-2	incorrect	2	8766	7	7520451	7	5166	7	130000	5000
Sound	P2/beat	other				7565949	1			25000
Sound	n13	other				7612448	1			71500
Picture	2-213-1-2	hit	1	16110	7	7671267	7	5166	7	130000	5000
Sound	P2/beat	other				7716765	1			25000
Sound	f09	other				7763264	1			71500
Picture	3-123-1-3	hit	2	10894	7	7822083	7	5166	7	130000	5000
Sound	P2/both1	other				7867581	1			25000
Sound	f07	other				7914080	1			71500
Picture	3-114-1-3	incorrect	2	18318	7	7972899	7	5166	7	130000	5000
Sound	P2/both	other				8018396	1			25000
Sound	test23	other				8064896	1			71500
Picture	2-214-2-2	hit	1	16462	7	8123715	7	5166	7	130000	5000
Sound	P2/both	other				8169212	1			25000
Sound	f03	other				8215713	1			71500
Picture	3-124-1-3	hit	2	9407	8	8274531	7	5166	7	130000	5000
Sound	P2/both	other				8320029	1			25000
Sound	f20	other				8366528	1			71500
Picture	2-114-2-2	hit	1	9230	7	8425346	7	5166	7	130000	5000
Sound	P1/tapping1	other				8470844	1			25000
Sound	test01	other				8517344	1			71500
Picture	3-222-1-3	incorrect	1	9214	7	8576162	7	5166	7	130000	5000
Sound	P1/tapping	other				8621659	1			25000
Sound	n04	other				8668161	1			71500
Picture	3-212-1-3	hit	1	15679	9	8726978	7	5166	7	130000	5000
Sound	P1/tapping	other				8772475	1			25000
Sound	f19	other				8818975	1			71500
Picture	2-122-2-2	hit	2	19182	7	8877794	7	5166	7	130000	5000
Sound	P1/tapping	other				8923292	1			25000
Sound	f24	other				8969792	1			71500
Picture	2-122-1-2	incorrect	1	15807	8	9028610	7	5166	7	130000	5000

The following output port codes were not sent because of a conflict on the port.
Port	Code	Time(ms)
1	53	535026


{
   "app": "Presentation Version 22.1 Build 01.21.21",
   "device": "Dell Inc. OptiPlex 7050",
   "experiment": "{C8E97CB4-6FCA-44FA-B866-4A2D94B6B85C}",
   "os": "Windows 10 64 bit",
   "package": "",
   "parameters": {
      "configuration": "Default configuration"
   },
   "scenario": "entrain_list1_sess4_EB.sce",
   "subject": "007",
   "timestamp": "2022/04/05 14:24:24 GMT"
}
