Scenario - test
Logfile written - 10/13/2022 15:29:46

Subject	Trial	Event Type	Code	Time	TTime	Uncertainty	Duration	Uncertainty	ReqTime	ReqDur	Stim Type	Pair Index

011	1	Sound	P1/tapping1	25327	25000	1			25000		other	0
011	1	Response	53	27547	27220	1
011	1	Response	53	31787	31460	1
011	1	Response	53	37067	36741	2
011	1	Response	53	42667	42340	1
011	1	Response	53	48347	48020	1
011	1	Response	53	54187	53860	1
011	1	Response	53	59867	59540	2
011	1	Response	53	65386	65059	1
011	1	Sound	n05	71827	71500	1			71500		other	0
011	1	Picture	2-122-2-2	130645	130318	7	5166	7	130000	5000	incorrect	12
011	1	Response	51	144507	144180	1
011	2	Sound	P1/tapping	176143	25000	1			25000		other	0
011	2	Response	53	181546	30404	1
011	2	Response	53	187067	35924	1
011	2	Response	53	192906	41764	1
011	2	Response	53	198746	47603	1
011	2	Response	53	204587	53444	1
011	2	Response	53	210506	59363	2
011	2	Response	53	216346	65204	1
011	2	Sound	f18	222644	71501	1			71500		other	0
011	2	Picture	3-122-1-3	281461	130318	7	5166	7	130000	5000	hit	23
011	2	Response	62	297466	146324	1
011	3	Sound	P1/tapping	326958	25000	1			25000		other	0
011	3	Response	53	332506	30548	1
011	3	Response	53	338507	36549	2
011	3	Response	53	344186	42228	1
011	3	Response	53	349466	47508	1
011	3	Response	53	355466	53508	1
011	3	Response	53	361066	59108	1
011	3	Response	53	366427	64468	1
011	3	Sound	f09	373456	71498	1			71500		other	0
011	3	Picture	2-122-1-2	432276	130318	7	5166	7	130000	5000	hit	34
011	3	Response	62	445626	143668	1
011	4	Sound	P1/tapping	477774	25000	1			25000		other	0
011	4	Response	53	479787	27013	2
011	4	Response	53	484346	31572	1
011	4	Response	53	489946	37172	1
011	4	Response	53	495466	42692	1
011	4	Response	53	500906	48132	1
011	4	Response	53	506426	53652	1
011	4	Response	53	512026	59252	1
011	4	Response	53	517546	64772	1
011	4	Sound	f06	524274	71500	1			71500		other	0
011	4	Picture	3-122-1-3	583092	130318	7	5166	7	130000	5000	hit	46
011	4	Response	62	592826	140052	1
011	5	Sound	P2/both1	628590	25000	1			25000		other	0
011	5	Response	53	629946	26356	2
011	5	Response	53	634906	31316	1
011	5	Response	53	640346	36756	1
011	5	Response	53	645946	42357	1
011	5	Response	53	651786	48196	1
011	5	Response	53	658026	54436	1
011	5	Response	53	663786	60197	2
011	5	Response	53	669466	65876	1
011	5	Sound	f01	675090	71500	1			71500		other	0
011	5	Picture	3-114-1-3	733908	130318	7	5166	7	130000	5000	incorrect	58
011	5	Response	52	747546	143957	1
011	6	Sound	P2/both	779405	25000	1			25000		other	0
011	6	Response	53	781307	26901	2
011	6	Response	53	785786	31381	1
011	6	Response	53	790986	36581	1
011	6	Response	53	796586	42181	1
011	6	Response	53	802266	47861	1
011	6	Response	53	808026	53621	1
011	6	Response	53	813866	59461	1
011	6	Response	53	819946	65541	1
011	6	Sound	test24	825906	71500	1			71500		other	0
011	6	Picture	3-214-1-3	884724	130318	7	5166	7	130000	5000	hit	70
011	6	Response	61	894266	139860	1
011	7	Sound	P2/both	930221	25000	1			25000		other	0
011	7	Response	53	935546	30325	1
011	7	Response	53	941146	35925	1
011	7	Response	53	946826	41605	1
011	7	Response	53	952666	47445	1
011	7	Response	53	958987	53766	1
011	7	Response	53	965226	60005	1
011	7	Response	53	970906	65685	1
011	7	Sound	test22	976721	71500	1			71500		other	0
011	7	Picture	3-224-1-3	1035539	130318	7	5166	7	130000	5000	hit	81
011	7	Response	62	1053546	148325	1
011	8	Response	53	1079546	23509	1
011	8	Sound	P2/both	1081036	25000	1			25000		other	0
011	8	Response	53	1085946	29909	1
011	8	Response	53	1091627	35590	2
011	8	Response	53	1097466	41429	1
011	8	Response	53	1103466	47429	1
011	8	Response	53	1109306	53269	1
011	8	Response	53	1115146	59109	2
011	8	Response	53	1121626	65589	1
011	8	Sound	test07	1127537	71500	1			71500		other	0
011	8	Picture	3-214-1-3	1186355	130318	7	5166	7	130000	5000	hit	93
011	8	Response	61	1196506	140469	1
011	9	Sound	P2/beat1	1231852	25000	1			25000		other	0
011	9	Sound	f02	1278352	71500	1			71500		other	0
011	9	Picture	2-113-1-2	1337171	130318	7	5166	7	130000	5000	hit	97
011	9	Response	61	1345466	138614	2
011	10	Sound	P2/beat	1382668	25000	1			25000		other	0
011	10	Sound	f19	1429168	71500	1			71500		other	0
011	10	Picture	2-113-2-2	1487986	130318	7	5166	7	130000	5000	hit	101
011	10	Response	61	1495466	137797	1
011	11	Sound	P2/beat	1533483	24999	1			25000		other	0
011	11	Sound	n07	1579984	71500	1			71500		other	0
011	11	Picture	3-223-1-3	1638802	130318	7	5166	7	130000	5000	hit	105
011	11	Response	62	1647145	138662	1
011	12	Sound	P2/beat	1684299	25000	1			25000		other	0
011	12	Sound	f07	1730799	71500	1			71500		other	0
011	12	Picture	3-123-1-3	1789618	130318	7	5166	7	130000	5000	hit	109
011	12	Response	62	1802665	143366	1
011	13	Sound	P2/both1	1835115	25000	1			25000		other	0
011	13	Response	53	1840905	30790	2
011	13	Response	53	1846265	36150	1
011	13	Response	53	1851865	41750	1
011	13	Response	53	1858345	48230	1
011	13	Response	53	1863706	53591	1
011	13	Response	53	1869305	59190	1
011	13	Response	53	1874905	64790	1
011	13	Sound	f05	1881615	71500	1			71500		other	0
011	13	Picture	2-124-1-2	1940433	130318	7	5166	7	130000	5000	incorrect	120
011	13	Response	51	1955385	145270	1
011	14	Sound	P2/both	1985931	25000	1			25000		other	0
011	14	Response	53	1987945	27014	1
011	14	Response	53	1992505	31574	1
011	14	Response	53	1997785	36854	1
011	14	Response	53	2003785	42854	1
011	14	Response	53	2009545	48614	1
011	14	Response	53	2015305	54374	1
011	14	Response	53	2020745	59814	1
011	14	Response	53	2026585	65654	2
011	14	Sound	test09	2032431	71500	1			71500		other	0
011	14	Picture	3-224-1-3	2091249	130318	7	5166	7	130000	5000	hit	132
011	14	Response	62	2101945	141014	2
011	15	Response	53	2135705	23959	1
011	15	Sound	P2/both	2136746	25000	1			25000		other	0
011	15	Response	53	2141945	30199	2
011	15	Response	53	2147865	36119	1
011	15	Response	53	2153705	41959	1
011	15	Response	53	2159465	47719	2
011	15	Response	53	2164985	53239	1
011	15	Response	53	2171065	59319	1
011	15	Response	53	2177065	65319	1
011	15	Sound	test12	2183246	71500	1			71500		other	0
011	15	Picture	3-214-1-3	2242065	130318	7	5166	7	130000	5000	hit	144
011	15	Response	61	2248025	136279	1
011	16	Sound	P2/both	2287562	25000	1			25000		other	0
011	16	Response	53	2287626	25064	2
011	16	Response	53	2292985	30423	1
011	16	Response	53	2298665	36103	1
011	16	Response	53	2304185	41623	2
011	16	Response	53	2309705	47143	1
011	16	Response	53	2315465	52903	1
011	16	Response	53	2321465	58903	1
011	16	Response	53	2327625	65063	1
011	16	Sound	test19	2334062	71500	1			71500		other	0
011	16	Picture	2-224-1-2	2392880	130318	7	5166	7	130000	5000	hit	156
011	16	Response	62	2408585	146023	1
011	17	Sound	P1/tapping1	2438378	25000	1			25000		other	0
011	17	Response	53	2443625	30247	1
011	17	Response	53	2449545	36167	1
011	17	Response	53	2455625	42247	1
011	17	Response	53	2461306	47928	2
011	17	Response	53	2466985	53607	1
011	17	Response	53	2472665	59287	1
011	17	Response	53	2478105	64727	1
011	17	Sound	f15	2484878	71500	1			71500		other	0
011	17	Picture	2-122-2-2	2543696	130318	7	5166	7	130000	5000	hit	167
011	17	Response	62	2555625	142247	1
011	18	Sound	P1/tapping	2589193	25000	1			25000		other	0
011	18	Response	53	2594585	30391	1
011	18	Response	53	2600425	36231	1
011	18	Response	53	2606025	41831	1
011	18	Response	53	2611625	47431	1
011	18	Response	53	2617145	52951	1
011	18	Response	53	2622905	58711	1
011	18	Response	53	2628345	64151	3
011	18	Sound	test21	2635693	71500	1			71500		other	0
011	18	Picture	3-212-1-3	2694512	130318	7	5166	7	130000	5000	miss	0
011	19	Response	52	2715306	296	2
011	19	Sound	P1/tapping	2740009	25000	1			25000		other	0
011	19	Response	53	2741945	26935	1
011	19	Response	53	2746264	31255	1
011	19	Response	53	2751865	36856	1
011	19	Response	53	2757545	42535	1
011	19	Response	53	2763225	48216	2
011	19	Response	53	2768745	53735	1
011	19	Response	53	2774344	59335	1
011	19	Response	53	2779945	64935	1
011	19	Sound	f10	2786509	71500	1			71500		other	0
011	19	Picture	3-112-1-3	2845327	130318	7	5166	7	130000	5000	hit	190
011	19	Response	61	2855225	140215	1
011	20	Sound	P1/tapping	2890825	25000	1			25000		other	0
011	20	Response	53	2893705	27879	1
011	20	Response	53	2898025	32199	1
011	20	Response	53	2903785	37959	1
011	20	Response	53	2909465	43639	1
011	20	Response	53	2914905	49080	1
011	20	Response	53	2920584	54759	3
011	20	Response	53	2926105	60280	1
011	20	Response	53	2932025	66199	1
011	20	Sound	f13	2937325	71500	1			71500		other	0
011	20	Picture	3-112-1-3	2996143	130318	7	5166	7	130000	5000	hit	202
011	20	Response	61	3001865	136040	1
011	21	Sound	P2/both1	3041640	25000	1			25000		other	0
011	21	Response	53	3047225	30584	1
011	21	Response	53	3052665	36025	1
011	21	Response	53	3058185	41544	1
011	21	Response	53	3064025	47384	1
011	21	Response	53	3070025	53384	1
011	21	Response	53	3076185	59544	1
011	21	Response	53	3082745	66104	1
011	21	Sound	n03	3088140	71500	1			71500		other	0
011	21	Picture	2-124-1-2	3146959	130318	7	5166	7	130000	5000	hit	213
011	21	Response	62	3157944	141304	2
011	22	Sound	P2/both	3192456	25000	1			25000		other	0
011	22	Response	53	3194425	26968	1
011	22	Response	53	3198904	31448	2
011	22	Response	53	3203784	36328	1
011	22	Response	53	3209784	42328	1
011	22	Response	53	3215625	48168	1
011	22	Response	53	3221784	54328	2
011	22	Response	53	3227864	60408	1
011	22	Response	53	3233224	65768	1
011	22	Sound	n13	3238956	71500	1			71500		other	0
011	22	Picture	3-214-1-3	3297775	130318	7	5166	7	130000	5000	hit	225
011	22	Response	61	3304824	137368	1
011	23	Sound	P2/both	3343266	24993	6			25000		other	0
011	23	Response	53	3345544	27272	2
011	23	Response	53	3349705	31433	2
011	23	Response	53	3354824	36552	1
011	23	Response	53	3360584	42312	1
011	23	Response	53	3366424	48152	1
011	23	Response	53	3373224	54952	1
011	23	Response	53	3378664	60392	1
011	23	Response	53	3384585	66312	3
011	23	Sound	f11	3389772	71500	1			71500		other	0
011	23	Picture	2-124-1-2	3448590	130318	7	5166	7	130000	5000	hit	237
011	23	Response	62	3458824	140552	1
011	24	Sound	P2/both	3494088	25000	1			25000		other	0
011	24	Response	53	3496664	27576	2
011	24	Response	53	3501064	31976	1
011	24	Response	53	3505704	36616	1
011	24	Response	53	3511224	42136	1
011	24	Response	53	3517224	48136	1
011	24	Response	53	3522904	53816	2
011	24	Response	53	3528264	59176	1
011	24	Response	53	3533704	64616	1
011	24	Sound	f16	3540588	71500	1			71500		other	0
011	24	Picture	2-114-1-2	3599406	130318	7	5166	7	130000	5000	hit	249
011	24	Response	61	3610104	141016	2
011	25	Sound	P0/none1	3644903	25000	1			25000		other	0
011	25	Sound	f21	3691403	71500	1			71500		other	0
011	25	Picture	2-121-2-2	3750222	130318	7	5166	7	130000	5000	miss	0
011	26	Response	52	3770904	185	2
011	26	Sound	P0/none	3795719	25000	1			25000		other	0
011	26	Sound	test14	3842219	71500	1			71500		other	0
011	26	Picture	2-221-1-2	3901038	130318	7	5166	7	130000	5000	hit	257
011	26	Response	62	3917224	146505	2
011	27	Sound	P0/none	3946535	25000	1			25000		other	0
011	27	Sound	f14	3993035	71500	1			71500		other	0
011	27	Picture	3-111-1-3	4051853	130318	7	5166	7	130000	5000	hit	261
011	27	Response	61	4060344	138809	1
011	28	Sound	P0/none	4097351	25000	1			25000		other	0
011	28	Sound	test08	4143851	71500	1			71500		other	0
011	28	Picture	3-221-1-3	4202669	130318	7	5166	7	130000	5000	hit	265
011	28	Response	62	4211864	139513	1
011	29	Sound	P1/tapping1	4248166	25000	1			25000		other	0
011	29	Response	53	4250104	26938	2
011	29	Response	53	4254744	31577	1
011	29	Response	53	4260584	37417	1
011	29	Response	53	4266744	43578	2
011	29	Response	53	4272424	49257	1
011	29	Response	53	4278024	54857	1
011	29	Response	53	4283704	60538	1
011	29	Response	53	4289224	66057	1
011	29	Sound	n09	4294666	71500	1			71500		other	0
011	29	Picture	2-222-2-2	4353485	130318	7	5166	7	130000	5000	hit	277
011	29	Response	62	4367944	144777	1
011	30	Sound	P1/tapping	4398982	25000	1			25000		other	0
011	30	Response	53	4411784	37802	1
011	30	Response	53	4416984	43001	1
011	30	Response	53	4422584	48601	1
011	30	Response	53	4428024	54041	1
011	30	Response	53	4433783	59801	1
011	30	Response	53	4439544	65561	1
011	30	Response	53	4445144	71162	1
011	30	Sound	test13	4445482	71500	1			71500		other	0
011	30	Picture	2-212-1-2	4504301	130318	7	5166	7	130000	5000	hit	288
011	30	Response	61	4514584	140601	1
011	31	Response	53	4546983	22185	1
011	31	Sound	P1/tapping	4549798	25000	1			25000		other	0
011	31	Response	53	4553224	28426	1
011	31	Response	53	4559465	34667	1
011	31	Response	53	4565064	40265	1
011	31	Response	53	4570744	45945	2
011	31	Response	53	4576424	51625	1
011	31	Response	53	4582343	57545	1
011	31	Response	53	4588024	63226	1
011	31	Sound	f03	4596298	71500	1			71500		other	0
011	31	Picture	3-112-1-3	4655116	130318	7	5166	7	130000	5000	hit	300
011	31	Response	61	4662824	138026	2
011	32	Sound	P1/tapping	4700614	25000	1			25000		other	0
011	32	Response	53	4702663	27049	1
011	32	Response	53	4707144	31530	1
011	32	Response	53	4712743	37129	2
011	32	Response	53	4718343	42729	1
011	32	Response	53	4723944	48330	1
011	32	Response	53	4729223	53609	2
011	32	Response	53	4734584	58970	1
011	32	Response	53	4740424	64810	2
011	32	Sound	f12	4747114	71500	1			71500		other	0
011	32	Picture	2-122-1-2	4805932	130318	7	5166	7	130000	5000	hit	312
011	32	Response	62	4819623	144009	1
011	33	Sound	P2/beat1	4851430	25000	1			25000		other	0
011	33	Sound	n06	4897930	71500	1			71500		other	0
011	33	Picture	2-223-2-2	4956748	130318	7	5166	7	130000	5000	hit	316
011	33	Response	62	4965383	138954	1
011	34	Sound	P2/beat	5002245	25000	1			25000		other	0
011	34	Sound	test06	5048745	71500	1			71500		other	0
011	34	Picture	3-213-1-3	5107564	130318	7	5166	7	130000	5000	hit	320
011	34	Response	61	5118263	141018	1
011	35	Sound	P2/beat	5153061	25000	1			25000		other	0
011	35	Sound	n04	5199561	71500	1			71500		other	0
011	35	Picture	3-223-1-3	5258379	130318	7	5166	7	130000	5000	hit	324
011	35	Response	62	5275223	147162	1
011	36	Sound	P2/beat	5303877	25000	1			25000		other	0
011	36	Sound	n11	5350377	71500	1			71500		other	0
011	36	Picture	3-113-2-3	5409195	130318	7	5166	7	130000	5000	incorrect	328
011	36	Response	52	5427063	148186	1
011	37	Sound	P1/tapping1	5454693	25000	1			25000		other	0
011	37	Response	53	5455783	26090	1
011	37	Response	53	5460584	30891	2
011	37	Response	53	5466583	36890	1
011	37	Response	53	5472263	42570	1
011	37	Response	53	5477703	48010	1
011	37	Response	53	5483383	53690	1
011	37	Response	53	5489435	59742	134
011	37	Response	53	5495703	66010	1
011	37	Sound	f23	5501193	71500	1			71500		other	0
011	37	Picture	3-112-1-3	5560011	130318	7	5166	7	130000	5000	hit	340
011	37	Response	61	5566183	136490	1
011	38	Sound	P1/tapping	5605509	25000	1			25000		other	0
011	38	Response	53	5607383	26874	1
011	38	Response	53	5611943	31434	1
011	38	Response	53	5617463	36955	3
011	38	Response	53	5623703	43194	1
011	38	Response	53	5629543	49034	1
011	38	Response	53	5635223	54714	1
011	38	Response	53	5641223	60714	1
011	38	Response	53	5647383	66874	1
011	38	Sound	n10	5652009	71500	1			71500		other	0
011	38	Picture	2-112-1-2	5710827	130318	7	5166	7	130000	5000	incorrect	352
011	38	Response	52	5724263	143754	1
011	39	Sound	P1/tapping	5756324	25000	1			25000		other	0
011	39	Response	53	5759543	28218	2
011	39	Response	53	5763063	31738	2
011	39	Response	53	5768583	37259	2
011	39	Response	53	5774103	42778	1
011	39	Response	53	5779623	48298	1
011	39	Response	53	5785703	54378	1
011	39	Response	53	5791223	59898	2
011	39	Response	53	5796983	65659	1
011	39	Sound	test10	5802824	71500	1			71500		other	0
011	39	Picture	3-212-1-3	5861642	130318	7	5166	7	130000	5000	miss	0
011	40	Response	51	5882983	843	1
011	40	Sound	P1/tapping	5907140	25000	1			25000		other	0
011	40	Response	53	5913223	31083	1
011	40	Response	53	5918823	36683	3
011	40	Response	53	5924262	42122	1
011	40	Response	53	5929943	47803	1
011	40	Response	53	5935783	53643	1
011	40	Response	53	5941383	59243	1
011	40	Response	53	5946983	64842	1
011	40	Sound	test16	5953640	71500	1			71500		other	0
011	40	Picture	2-212-1-2	6012458	130318	7	5166	7	130000	5000	hit	375
011	40	Response	61	6025623	143483	3
011	41	Sound	P0/none1	6057956	25000	1			25000		other	0
011	41	Sound	test03	6104456	71500	1			71500		other	0
011	41	Picture	2-221-1-2	6163274	130318	7	5166	7	130000	5000	hit	379
011	41	Response	62	6175622	142667	1
011	42	Sound	P0/none	6208771	25000	1			25000		other	0
011	42	Sound	f22	6255271	71500	1			71500		other	0
011	42	Picture	2-121-2-2	6314090	130318	7	5166	7	130000	5000	incorrect	383
011	42	Response	51	6330103	146331	1
011	43	Sound	P0/none	6359587	25000	1			25000		other	0
011	43	Sound	test04	6406087	71500	1			71500		other	0
011	43	Picture	3-221-1-3	6464906	130318	7	5166	7	130000	5000	hit	387
011	43	Response	62	6476742	142155	2
011	44	Sound	P0/none	6510403	25000	1			25000		other	0
011	44	Sound	test11	6556903	71500	1			71500		other	0
011	44	Picture	2-221-1-2	6615721	130318	7	5166	7	130000	5000	hit	391
011	44	Response	62	6634022	148619	1
011	45	Sound	P2/beat1	6661219	25000	1			25000		other	0
011	45	Sound	f04	6707719	71500	1			71500		other	0
011	45	Picture	2-113-1-2	6766537	130318	7	5166	7	130000	5000	hit	395
011	45	Response	61	6774582	138363	1
011	46	Sound	P2/beat	6812035	25000	1			25000		other	0
011	46	Sound	test05	6858535	71500	1			71500		other	0
011	46	Picture	3-213-1-3	6917353	130318	7	5166	7	130000	5000	hit	399
011	46	Response	61	6925062	138027	1
011	47	Sound	P2/beat	6962851	25000	1			25000		other	0
011	47	Sound	f20	7009350	71500	1			71500		other	0
011	47	Picture	2-123-2-2	7068169	130318	7	5166	7	130000	5000	hit	403
011	47	Response	62	7075702	137852	1
011	48	Sound	P2/beat	7113666	25000	1			25000		other	0
011	48	Sound	f24	7160166	71500	1			71500		other	0
011	48	Picture	2-113-1-2	7218985	130318	7	5166	7	130000	5000	hit	407
011	48	Response	61	7227542	138875	1
011	49	Sound	P2/both1	7264482	25000	1			25000		other	0
011	49	Response	53	7269622	30139	1
011	49	Response	53	7275382	35899	1
011	49	Response	53	7281062	41580	2
011	49	Response	53	7286822	47339	1
011	49	Response	53	7292902	53419	1
011	49	Response	53	7298582	59099	1
011	49	Response	53	7304422	64939	1
011	49	Sound	test18	7310982	71500	1			71500		other	0
011	49	Picture	2-224-1-2	7369801	130318	7	5166	7	130000	5000	hit	418
011	49	Response	62	7381222	141739	1
011	50	Response	53	7415142	24844	3
011	50	Sound	P2/both	7415298	25000	1			25000		other	0
011	50	Response	53	7420582	30284	1
011	50	Response	53	7426182	35884	1
011	50	Response	53	7431702	41404	1
011	50	Response	53	7437543	47245	2
011	50	Response	53	7443542	53244	1
011	50	Response	53	7449702	59404	1
011	50	Response	53	7455542	65244	1
011	50	Sound	test01	7461798	71500	1			71500		other	0
011	50	Picture	3-214-1-3	7520616	130318	7	5166	7	130000	5000	incorrect	430
011	50	Response	52	7529702	139404	1
011	51	Sound	P2/both	7566114	25000	1			25000		other	0
011	51	Response	53	7571461	30348	2
011	51	Response	53	7577142	36028	1
011	51	Response	53	7583222	42108	1
011	51	Response	53	7588981	47867	1
011	51	Response	53	7594661	53548	1
011	51	Response	53	7600582	59468	1
011	51	Response	53	7606101	64988	2
011	51	Sound	test17	7612613	71500	1			71500		other	0
011	51	Picture	3-214-1-3	7671432	130318	7	5166	7	130000	5000	hit	441
011	51	Response	61	7681381	140268	1
011	52	Sound	P2/both	7716930	25000	1			25000		other	0
011	52	Response	53	7722501	30572	1
011	52	Response	53	7728022	36092	1
011	52	Response	53	7734101	42172	1
011	52	Response	53	7739702	47773	2
011	52	Response	53	7745461	53532	1
011	52	Response	53	7751301	59372	1
011	52	Response	53	7757061	65132	1
011	52	Sound	test15	7763429	71500	1			71500		other	0
011	52	Picture	3-214-1-3	7822248	130318	7	5166	7	130000	5000	miss	0
011	53	Sound	P2/beat1	7867745	25000	1			25000		other	0
011	53	Response	53	7874421	31676	1
011	53	Sound	test02	7914245	71500	1			71500		other	0
011	53	Picture	3-223-1-3	7973064	130318	7	5166	7	130000	5000	hit	456
011	53	Response	62	7981781	139036	1
011	54	Sound	P2/beat	8018561	25000	1			25000		other	0
011	54	Sound	f08	8065061	71500	1			71500		other	0
011	54	Picture	3-113-2-3	8123879	130318	7	5166	7	130000	5000	hit	460
011	54	Response	61	8131861	138300	1
011	55	Sound	P2/beat	8169377	25000	1			25000		other	0
011	55	Sound	test23	8215877	71500	1			71500		other	0
011	55	Picture	3-213-1-3	8274695	130318	7	5166	7	130000	5000	hit	464
011	55	Response	61	8280821	136444	2
011	56	Sound	P2/beat	8320193	25000	1			25000		other	0
011	56	Response	53	8325701	30508	3
011	56	Sound	test25	8366693	71500	1			71500		other	0
011	56	Picture	2-223-1-2	8425511	130318	7	5166	7	130000	5000	hit	469
011	56	Response	62	8437141	141948	1
011	57	Sound	P0/none1	8471009	25000	1			25000		other	0
011	57	Sound	n01	8517508	71500	1			71500		other	0
011	57	Picture	2-211-1-2	8576327	130318	7	5166	7	130000	5000	miss	0
011	58	Response	51	8598741	1916	2
011	58	Sound	P0/none	8621824	25000	1			25000		other	0
011	58	Sound	n12	8668324	71500	1			71500		other	0
011	58	Picture	2-121-2-2	8727143	130318	7	5166	7	130000	5000	hit	477
011	58	Response	62	8738901	142076	1
011	59	Sound	P0/none	8772640	25000	1			25000		other	0
011	59	Sound	f17	8819140	71500	1			71500		other	0
011	59	Picture	2-121-2-2	8877959	130318	7	5166	7	130000	5000	incorrect	481
011	59	Response	51	8893701	146060	1
011	60	Sound	P0/none	8923456	25000	1			25000		other	0
011	60	Sound	n14	8969959	71503	1			71500		other	0
011	60	Picture	2-111-2-2	9028774	130318	7	5166	7	130000	5000	hit	485
011	60	Response	61	9036421	137965	1


Event Type	Code	Type	Response	RT	RT Uncertainty	Time	Uncertainty	Duration	Uncertainty	ReqTime	ReqDur

Sound	P1/tapping1	other				25327	1			25000
Sound	n05	other				71827	1			71500
Picture	2-122-2-2	incorrect	1	13861	7	130645	7	5166	7	130000	5000
Sound	P1/tapping	other				176143	1			25000
Sound	f18	other				222644	1			71500
Picture	3-122-1-3	hit	2	16006	7	281461	7	5166	7	130000	5000
Sound	P1/tapping	other				326958	1			25000
Sound	f09	other				373456	1			71500
Picture	2-122-1-2	hit	2	13350	7	432276	7	5166	7	130000	5000
Sound	P1/tapping	other				477774	1			25000
Sound	f06	other				524274	1			71500
Picture	3-122-1-3	hit	2	9734	7	583092	7	5166	7	130000	5000
Sound	P2/both1	other				628590	1			25000
Sound	f01	other				675090	1			71500
Picture	3-114-1-3	incorrect	2	13638	7	733908	7	5166	7	130000	5000
Sound	P2/both	other				779405	1			25000
Sound	test24	other				825906	1			71500
Picture	3-214-1-3	hit	1	9542	7	884724	7	5166	7	130000	5000
Sound	P2/both	other				930221	1			25000
Sound	test22	other				976721	1			71500
Picture	3-224-1-3	hit	2	18007	7	1035539	7	5166	7	130000	5000
Sound	P2/both	other				1081036	1			25000
Sound	test07	other				1127537	1			71500
Picture	3-214-1-3	hit	1	10151	7	1186355	7	5166	7	130000	5000
Sound	P2/beat1	other				1231852	1			25000
Sound	f02	other				1278352	1			71500
Picture	2-113-1-2	hit	1	8295	8	1337171	7	5166	7	130000	5000
Sound	P2/beat	other				1382668	1			25000
Sound	f19	other				1429168	1			71500
Picture	2-113-2-2	hit	1	7479	7	1487986	7	5166	7	130000	5000
Sound	P2/beat	other				1533483	1			25000
Sound	n07	other				1579984	1			71500
Picture	3-223-1-3	hit	2	8344	7	1638802	7	5166	7	130000	5000
Sound	P2/beat	other				1684299	1			25000
Sound	f07	other				1730799	1			71500
Picture	3-123-1-3	hit	2	13048	7	1789618	7	5166	7	130000	5000
Sound	P2/both1	other				1835115	1			25000
Sound	f05	other				1881615	1			71500
Picture	2-124-1-2	incorrect	1	14952	7	1940433	7	5166	7	130000	5000
Sound	P2/both	other				1985931	1			25000
Sound	test09	other				2032431	1			71500
Picture	3-224-1-3	hit	2	10696	8	2091249	7	5166	7	130000	5000
Sound	P2/both	other				2136746	1			25000
Sound	test12	other				2183246	1			71500
Picture	3-214-1-3	hit	1	5961	7	2242065	7	5166	7	130000	5000
Sound	P2/both	other				2287562	1			25000
Sound	test19	other				2334062	1			71500
Picture	2-224-1-2	hit	2	15705	7	2392880	7	5166	7	130000	5000
Sound	P1/tapping1	other				2438378	1			25000
Sound	f15	other				2484878	1			71500
Picture	2-122-2-2	hit	2	11929	7	2543696	7	5166	7	130000	5000
Sound	P1/tapping	other				2589193	1			25000
Sound	test21	other				2635693	1			71500
Picture	3-212-1-3	miss				2694512	7	5166	7	130000	5000
Sound	P1/tapping	other				2740009	1			25000
Sound	f10	other				2786509	1			71500
Picture	3-112-1-3	hit	1	9897	7	2845327	7	5166	7	130000	5000
Sound	P1/tapping	other				2890825	1			25000
Sound	f13	other				2937325	1			71500
Picture	3-112-1-3	hit	1	5722	7	2996143	7	5166	7	130000	5000
Sound	P2/both1	other				3041640	1			25000
Sound	n03	other				3088140	1			71500
Picture	2-124-1-2	hit	2	10986	8	3146959	7	5166	7	130000	5000
Sound	P2/both	other				3192456	1			25000
Sound	n13	other				3238956	1			71500
Picture	3-214-1-3	hit	1	7050	7	3297775	7	5166	7	130000	5000
Sound	P2/both	other				3343266	6			25000
Sound	f11	other				3389772	1			71500
Picture	2-124-1-2	hit	2	10234	7	3448590	7	5166	7	130000	5000
Sound	P2/both	other				3494088	1			25000
Sound	f16	other				3540588	1			71500
Picture	2-114-1-2	hit	1	10698	8	3599406	7	5166	7	130000	5000
Sound	P0/none1	other				3644903	1			25000
Sound	f21	other				3691403	1			71500
Picture	2-121-2-2	miss				3750222	7	5166	7	130000	5000
Sound	P0/none	other				3795719	1			25000
Sound	test14	other				3842219	1			71500
Picture	2-221-1-2	hit	2	16187	8	3901038	7	5166	7	130000	5000
Sound	P0/none	other				3946535	1			25000
Sound	f14	other				3993035	1			71500
Picture	3-111-1-3	hit	1	8491	7	4051853	7	5166	7	130000	5000
Sound	P0/none	other				4097351	1			25000
Sound	test08	other				4143851	1			71500
Picture	3-221-1-3	hit	2	9195	7	4202669	7	5166	7	130000	5000
Sound	P1/tapping1	other				4248166	1			25000
Sound	n09	other				4294666	1			71500
Picture	2-222-2-2	hit	2	14459	7	4353485	7	5166	7	130000	5000
Sound	P1/tapping	other				4398982	1			25000
Sound	test13	other				4445482	1			71500
Picture	2-212-1-2	hit	1	10283	7	4504301	7	5166	7	130000	5000
Sound	P1/tapping	other				4549798	1			25000
Sound	f03	other				4596298	1			71500
Picture	3-112-1-3	hit	1	7708	8	4655116	7	5166	7	130000	5000
Sound	P1/tapping	other				4700614	1			25000
Sound	f12	other				4747114	1			71500
Picture	2-122-1-2	hit	2	13691	7	4805932	7	5166	7	130000	5000
Sound	P2/beat1	other				4851430	1			25000
Sound	n06	other				4897930	1			71500
Picture	2-223-2-2	hit	2	8635	7	4956748	7	5166	7	130000	5000
Sound	P2/beat	other				5002245	1			25000
Sound	test06	other				5048745	1			71500
Picture	3-213-1-3	hit	1	10700	7	5107564	7	5166	7	130000	5000
Sound	P2/beat	other				5153061	1			25000
Sound	n04	other				5199561	1			71500
Picture	3-223-1-3	hit	2	16844	7	5258379	7	5166	7	130000	5000
Sound	P2/beat	other				5303877	1			25000
Sound	n11	other				5350377	1			71500
Picture	3-113-2-3	incorrect	2	17868	7	5409195	7	5166	7	130000	5000
Sound	P1/tapping1	other				5454693	1			25000
Sound	f23	other				5501193	1			71500
Picture	3-112-1-3	hit	1	6172	7	5560011	7	5166	7	130000	5000
Sound	P1/tapping	other				5605509	1			25000
Sound	n10	other				5652009	1			71500
Picture	2-112-1-2	incorrect	2	13436	7	5710827	7	5166	7	130000	5000
Sound	P1/tapping	other				5756324	1			25000
Sound	test10	other				5802824	1			71500
Picture	3-212-1-3	miss				5861642	7	5166	7	130000	5000
Sound	P1/tapping	other				5907140	1			25000
Sound	test16	other				5953640	1			71500
Picture	2-212-1-2	hit	1	13165	9	6012458	7	5166	7	130000	5000
Sound	P0/none1	other				6057956	1			25000
Sound	test03	other				6104456	1			71500
Picture	2-221-1-2	hit	2	12348	7	6163274	7	5166	7	130000	5000
Sound	P0/none	other				6208771	1			25000
Sound	f22	other				6255271	1			71500
Picture	2-121-2-2	incorrect	1	16013	7	6314090	7	5166	7	130000	5000
Sound	P0/none	other				6359587	1			25000
Sound	test04	other				6406087	1			71500
Picture	3-221-1-3	hit	2	11837	8	6464906	7	5166	7	130000	5000
Sound	P0/none	other				6510403	1			25000
Sound	test11	other				6556903	1			71500
Picture	2-221-1-2	hit	2	18301	7	6615721	7	5166	7	130000	5000
Sound	P2/beat1	other				6661219	1			25000
Sound	f04	other				6707719	1			71500
Picture	2-113-1-2	hit	1	8045	7	6766537	7	5166	7	130000	5000
Sound	P2/beat	other				6812035	1			25000
Sound	test05	other				6858535	1			71500
Picture	3-213-1-3	hit	1	7709	7	6917353	7	5166	7	130000	5000
Sound	P2/beat	other				6962851	1			25000
Sound	f20	other				7009350	1			71500
Picture	2-123-2-2	hit	2	7533	7	7068169	7	5166	7	130000	5000
Sound	P2/beat	other				7113666	1			25000
Sound	f24	other				7160166	1			71500
Picture	2-113-1-2	hit	1	8557	7	7218985	7	5166	7	130000	5000
Sound	P2/both1	other				7264482	1			25000
Sound	test18	other				7310982	1			71500
Picture	2-224-1-2	hit	2	11421	7	7369801	7	5166	7	130000	5000
Sound	P2/both	other				7415298	1			25000
Sound	test01	other				7461798	1			71500
Picture	3-214-1-3	incorrect	2	9085	7	7520616	7	5166	7	130000	5000
Sound	P2/both	other				7566114	1			25000
Sound	test17	other				7612613	1			71500
Picture	3-214-1-3	hit	1	9949	7	7671432	7	5166	7	130000	5000
Sound	P2/both	other				7716930	1			25000
Sound	test15	other				7763429	1			71500
Picture	3-214-1-3	miss				7822248	7	5166	7	130000	5000
Sound	P2/beat1	other				7867745	1			25000
Sound	test02	other				7914245	1			71500
Picture	3-223-1-3	hit	2	8718	7	7973064	7	5166	7	130000	5000
Sound	P2/beat	other				8018561	1			25000
Sound	f08	other				8065061	1			71500
Picture	3-113-2-3	hit	1	7982	7	8123879	7	5166	7	130000	5000
Sound	P2/beat	other				8169377	1			25000
Sound	test23	other				8215877	1			71500
Picture	3-213-1-3	hit	1	6126	8	8274695	7	5166	7	130000	5000
Sound	P2/beat	other				8320193	1			25000
Sound	test25	other				8366693	1			71500
Picture	2-223-1-2	hit	2	11630	7	8425511	7	5166	7	130000	5000
Sound	P0/none1	other				8471009	1			25000
Sound	n01	other				8517508	1			71500
Picture	2-211-1-2	miss				8576327	7	5166	7	130000	5000
Sound	P0/none	other				8621824	1			25000
Sound	n12	other				8668324	1			71500
Picture	2-121-2-2	hit	2	11758	7	8727143	7	5166	7	130000	5000
Sound	P0/none	other				8772640	1			25000
Sound	f17	other				8819140	1			71500
Picture	2-121-2-2	incorrect	1	15742	7	8877959	7	5166	7	130000	5000
Sound	P0/none	other				8923456	1			25000
Sound	n14	other				8969959	1			71500
Picture	2-111-2-2	hit	1	7646	7	9028774	7	5166	7	130000	5000


{
   "app": "Presentation Version 22.1 Build 01.21.21",
   "device": "Dell Inc. OptiPlex 7050",
   "experiment": "{C8E97CB4-6FCA-44FA-B866-4A2D94B6B85C}",
   "os": "Windows 10 64 bit",
   "package": "",
   "parameters": {
      "configuration": "Default configuration"
   },
   "scenario": "entrain_list1_sess3_EB.sce",
   "subject": "011",
   "timestamp": "2022/10/13 13:14:35 GMT"
}
