Scenario - test
Logfile written - 04/21/2022 17:33:47

Subject	Trial	Event Type	Code	Time	TTime	Uncertainty	Duration	Uncertainty	ReqTime	ReqDur	Stim Type	Pair Index

009	1	Sound	P2/both1	25160	24999	1			25000		other	0
009	1	Response	53	28228	28068	2
009	1	Response	53	32708	32548	2
009	1	Response	53	37108	36948	1
009	1	Response	53	42309	42148	2
009	1	Response	53	48788	48628	1
009	1	Response	53	54868	54708	1
009	1	Response	53	60468	60308	2
009	1	Response	53	66628	66468	2
009	1	Sound	test06	71660	71500	1			71500		other	0
009	1	Picture	3-224-1-3	130478	130318	7	5166	7	130000	5000	incorrect	12
009	1	Response	51	144628	144468	1
009	2	Sound	P2/both	175975	24999	1			25000		other	0
009	2	Response	53	178388	27412	2
009	2	Response	53	183428	32452	2
009	2	Response	53	187989	37012	2
009	2	Response	53	193348	42372	1
009	2	Response	53	199668	48692	2
009	2	Response	53	205108	54132	1
009	2	Response	53	210948	59972	2
009	2	Response	53	217108	66132	3
009	2	Sound	f17	222475	71499	1			71500		other	0
009	2	Picture	2-114-2-2	281294	130318	7	5166	7	130000	5000	hit	24
009	2	Response	61	292948	141972	2
009	3	Sound	P2/both	326792	25000	1			25000		other	0
009	3	Response	53	329108	27316	1
009	3	Response	53	333668	31876	1
009	3	Response	53	338468	36677	1
009	3	Response	53	343908	42117	2
009	3	Response	53	350388	48596	1
009	3	Response	53	356068	54276	2
009	3	Response	53	362228	60436	1
009	3	Response	53	368629	66837	2
009	3	Sound	f02	373291	71499	1			71500		other	0
009	3	Picture	3-114-2-3	432110	130318	7	5166	7	130000	5000	hit	36
009	3	Response	61	443988	142197	2
009	4	Sound	P2/both	477607	25000	1			25000		other	0
009	4	Response	53	480228	27621	2
009	4	Response	53	485348	32741	1
009	4	Response	53	490388	37781	1
009	4	Response	53	494628	42021	2
009	4	Response	53	500788	48181	1
009	4	Response	53	506548	53941	1
009	4	Response	53	512629	60022	1
009	4	Response	53	518868	66261	2
009	4	Sound	n09	524107	71500	1			71500		other	0
009	4	Picture	2-214-2-2	582925	130318	7	5166	7	130000	5000	incorrect	48
009	4	Response	52	595988	143381	2
009	5	Sound	P0/none1	628422	24999	1			25000		other	0
009	5	Sound	test15	674923	71500	1			71500		other	0
009	5	Picture	2-211-1-2	733741	130318	7	5166	7	130000	5000	incorrect	52
009	5	Response	52	750788	147365	1
009	6	Sound	P0/none	779238	25000	1			25000		other	0
009	6	Sound	test07	825739	71501	1			71500		other	0
009	6	Picture	3-221-1-3	884556	130318	7	5166	7	130000	5000	hit	56
009	6	Response	62	897508	143270	1
009	7	Sound	P0/none	930053	24999	1			25000		other	0
009	7	Sound	f16	976553	71499	1			71500		other	0
009	7	Picture	2-121-1-2	1035372	130318	7	5166	7	130000	5000	hit	60
009	7	Response	62	1045988	140934	2
009	8	Sound	P0/none	1080870	25000	1			25000		other	0
009	8	Sound	f15	1127369	71499	1			71500		other	0
009	8	Picture	2-111-2-2	1186188	130318	7	5166	7	130000	5000	hit	64
009	8	Response	61	1202148	146278	3
009	9	Sound	P1/tapping1	1231685	25000	1			25000		other	0
009	9	Response	53	1237588	30903	1
009	9	Response	53	1244387	37702	2
009	9	Response	53	1250469	43783	2
009	9	Response	53	1257028	50343	1
009	9	Response	53	1263748	57062	1
009	9	Response	53	1270228	63543	2
009	9	Response	53	1276708	70022	2
009	9	Sound	test24	1278185	71500	1			71500		other	0
009	9	Picture	2-212-2-2	1337003	130318	7	5166	7	130000	5000	incorrect	75
009	9	Response	52	1346627	139942	1
009	10	Sound	P1/tapping	1382500	24999	1			25000		other	0
009	10	Response	53	1387107	29607	2
009	10	Response	53	1394548	37047	2
009	10	Response	53	1401028	43527	2
009	10	Response	53	1407588	50087	2
009	10	Response	53	1413748	56247	2
009	10	Response	53	1419748	62247	2
009	10	Response	53	1426388	68887	1
009	10	Sound	n01	1429001	71500	1			71500		other	0
009	10	Picture	2-222-1-2	1487819	130318	7	5166	7	130000	5000	hit	86
009	10	Response	62	1500947	143447	2
009	11	Sound	P1/tapping	1533316	25000	1			25000		other	0
009	11	Response	53	1538548	30232	2
009	11	Response	53	1545668	37352	2
009	11	Response	53	1552867	44551	1
009	11	Response	53	1559907	51591	1
009	11	Response	53	1567347	59031	2
009	11	Response	53	1575747	67431	2
009	11	Sound	test12	1579816	71499	1			71500		other	0
009	11	Picture	3-222-1-3	1638634	130318	7	5166	7	130000	5000	hit	96
009	11	Response	62	1650067	141751	2
009	12	Sound	P1/tapping	1684132	25000	1			25000		other	0
009	12	Response	53	1689267	30135	2
009	12	Response	53	1695667	36535	1
009	12	Response	53	1702707	43575	2
009	12	Response	53	1709668	50536	2
009	12	Response	53	1716787	57655	1
009	12	Response	53	1724227	65095	2
009	12	Sound	test03	1730632	71500	1			71500		other	0
009	12	Response	53	1731428	72296	2
009	12	Picture	3-222-1-3	1789450	130318	7	5166	7	130000	5000	hit	107
009	12	Response	62	1799908	140776	1
009	13	Sound	P2/beat1	1834947	24999	1			25000		other	0
009	13	Sound	test04	1881447	71499	1			71500		other	0
009	13	Picture	3-213-1-3	1940265	130318	7	5166	7	130000	5000	hit	111
009	13	Response	61	1950388	140441	2
009	14	Sound	P2/beat	1985763	25000	1			25000		other	0
009	14	Sound	f12	2032262	71499	1			71500		other	0
009	14	Picture	3-123-1-3	2091081	130318	7	5166	7	130000	5000	hit	115
009	14	Response	62	2103587	142825	2
009	15	Sound	P2/beat	2136579	25000	1			25000		other	0
009	15	Sound	test21	2183079	71500	1			71500		other	0
009	15	Picture	2-213-2-2	2241896	130318	7	5166	7	130000	5000	miss	0
009	16	Response	52	2267427	5033	1
009	16	Sound	P2/beat	2287393	24999	1			25000		other	0
009	16	Sound	test14	2333893	71499	1			71500		other	0
009	16	Picture	2-213-1-2	2392712	130318	7	5166	7	130000	5000	hit	123
009	16	Response	61	2402867	140473	2
009	17	Sound	P0/none1	2438209	25000	1			25000		other	0
009	17	Sound	f08	2484710	71501	1			71500		other	0
009	17	Picture	2-121-1-2	2543528	130318	7	5166	7	130000	5000	incorrect	127
009	17	Response	51	2555667	142458	1
009	18	Sound	P0/none	2589025	25000	1			25000		other	0
009	18	Sound	f05	2635526	71500	1			71500		other	0
009	18	Picture	3-121-1-3	2694343	130318	7	5166	7	130000	5000	hit	131
009	18	Response	62	2707827	143802	1
009	19	Sound	P0/none	2739840	24999	1			25000		other	0
009	19	Sound	n05	2786340	71500	1			71500		other	0
009	19	Picture	2-111-2-2	2845159	130318	7	5166	7	130000	5000	hit	135
009	19	Response	61	2855508	140667	2
009	20	Sound	P0/none	2890656	25000	1			25000		other	0
009	20	Sound	f13	2937157	71501	1			71500		other	0
009	20	Picture	2-111-1-2	2995974	130318	7	5166	7	130000	5000	incorrect	139
009	20	Response	52	3008147	142491	1
009	21	Sound	P2/beat1	3041472	25000	1			25000		other	0
009	21	Sound	f06	3087972	71500	1			71500		other	0
009	21	Picture	3-113-1-3	3146790	130318	7	5166	7	130000	5000	hit	143
009	21	Response	61	3157747	141275	2
009	22	Sound	P2/beat	3192287	24999	1			25000		other	0
009	22	Sound	n03	3238787	71500	1			71500		other	0
009	22	Picture	3-113-1-3	3297606	130318	7	5166	7	130000	5000	hit	147
009	22	Response	61	3307667	140380	2
009	23	Sound	P2/beat	3343102	24999	1			25000		other	0
009	23	Sound	f22	3389603	71500	1			71500		other	0
009	23	Picture	2-113-2-2	3448421	130318	7	5166	7	130000	5000	hit	151
009	23	Response	61	3457507	139404	2
009	24	Sound	P2/beat	3493918	25000	1			25000		other	0
009	24	Sound	test11	3540419	71500	1			71500		other	0
009	24	Picture	3-213-1-3	3599237	130318	7	5166	7	130000	5000	hit	155
009	24	Response	61	3608787	139868	1
009	25	Sound	P2/both1	3644733	24999	1			25000		other	0
009	25	Response	53	3646947	27212	2
009	25	Response	53	3651587	31853	2
009	25	Response	53	3656466	36732	1
009	25	Response	53	3662307	42572	2
009	25	Response	53	3669187	49452	1
009	25	Response	53	3674707	54972	1
009	25	Response	53	3680387	60653	1
009	25	Response	53	3686227	66492	2
009	25	Sound	test05	3691235	71500	1			71500		other	0
009	25	Picture	3-224-1-3	3750052	130318	7	5166	7	130000	5000	hit	167
009	25	Response	62	3759027	139292	1
009	26	Sound	P2/both	3795550	25000	1			25000		other	0
009	26	Response	53	3798547	27998	2
009	26	Response	53	3803027	32477	1
009	26	Response	53	3807186	36637	1
009	26	Response	53	3812387	41837	3
009	26	Response	53	3817907	47357	1
009	26	Response	53	3823827	53277	1
009	26	Response	53	3830307	59757	1
009	26	Response	53	3835827	65277	1
009	26	Sound	n12	3842050	71501	1			71500		other	0
009	26	Picture	2-114-2-2	3900868	130318	7	5166	7	130000	5000	incorrect	179
009	26	Response	52	3910227	139677	1
009	27	Sound	P2/both	3946366	25000	1			25000		other	0
009	27	Response	53	3948307	26941	1
009	27	Response	53	3952866	31501	1
009	27	Response	53	3958467	37101	1
009	27	Response	53	3963826	42461	1
009	27	Response	53	3968946	47581	2
009	27	Response	53	3974787	53421	2
009	27	Response	53	3980466	59101	2
009	27	Response	53	3986786	65421	2
009	27	Sound	n10	3992866	71501	1			71500		other	0
009	27	Picture	2-124-1-2	4051683	130318	7	5166	7	130000	5000	hit	191
009	27	Response	62	4060227	138861	1
009	28	Sound	P2/both	4097181	25000	1			25000		other	0
009	28	Response	53	4099507	27326	2
009	28	Response	53	4104066	31885	1
009	28	Response	53	4108626	36445	1
009	28	Response	53	4113906	41725	1
009	28	Response	53	4119507	47326	1
009	28	Response	53	4125426	53245	1
009	28	Response	53	4130946	58765	1
009	28	Response	53	4136947	64766	3
009	28	Response	53	4142707	70525	1
009	28	Sound	test25	4143682	71500	1			71500		other	0
009	28	Picture	2-214-1-2	4202499	130318	7	5166	7	130000	5000	hit	204
009	28	Response	61	4214626	142445	1
009	29	Sound	P0/none1	4247997	25000	1			25000		other	0
009	29	Sound	f18	4294497	71500	1			71500		other	0
009	29	Picture	2-121-2-2	4353315	130318	7	5166	7	130000	5000	incorrect	208
009	29	Response	51	4364227	141230	1
009	30	Sound	P0/none	4398812	24999	1			25000		other	0
009	30	Sound	test10	4445312	71499	1			71500		other	0
009	30	Picture	3-221-1-3	4504130	130318	7	5166	7	130000	5000	hit	212
009	30	Response	62	4512946	139134	1
009	31	Sound	P0/none	4549627	24999	1			25000		other	0
009	31	Sound	test19	4596128	71500	1			71500		other	0
009	31	Picture	3-221-1-3	4654946	130318	7	5166	7	130000	5000	hit	216
009	31	Response	62	4665346	140718	1
009	32	Sound	P0/none	4700444	25000	1			25000		other	0
009	32	Sound	test18	4746944	71500	1			71500		other	0
009	32	Picture	2-211-1-2	4805762	130318	7	5166	7	130000	5000	hit	220
009	32	Response	61	4816387	140944	2
009	33	Sound	P1/tapping1	4851259	25000	1			25000		other	0
009	33	Response	53	4855186	28927	1
009	33	Response	53	4860627	34368	2
009	33	Response	53	4866466	40207	2
009	33	Response	53	4872706	46447	1
009	33	Response	53	4879667	53408	2
009	33	Response	53	4886546	60287	2
009	33	Response	53	4893106	66847	2
009	33	Sound	f11	4897760	71501	1			71500		other	0
009	33	Picture	3-122-1-3	4956577	130318	7	5166	7	130000	5000	hit	231
009	33	Response	62	4971026	144767	1
009	34	Sound	P1/tapping	5002074	25000	1			25000		other	0
009	34	Response	53	5005746	28671	1
009	34	Response	53	5012786	35712	1
009	34	Response	53	5018546	41471	1
009	34	Response	53	5024786	47711	1
009	34	Response	53	5030786	53711	2
009	34	Response	53	5036946	59872	2
009	34	Response	53	5043266	66191	1
009	34	Sound	n07	5048575	71500	1			71500		other	0
009	34	Picture	3-212-1-3	5107393	130318	7	5166	7	130000	5000	incorrect	242
009	34	Response	52	5126546	149471	1
009	35	Sound	P1/tapping	5152891	25001	1			25000		other	0
009	35	Response	53	5164066	36176	1
009	35	Response	53	5170626	42736	1
009	35	Response	53	5177426	49536	1
009	35	Response	53	5183826	55936	2
009	35	Response	53	5189986	62096	1
009	35	Response	53	5196626	68736	1
009	35	Sound	test09	5199389	71499	1			71500		other	0
009	35	Picture	3-212-1-3	5258208	130318	7	5166	7	130000	5000	hit	252
009	35	Response	61	5270066	142176	1
009	36	Sound	P1/tapping	5303705	24999	1			25000		other	0
009	36	Response	53	5306466	27760	1
009	36	Response	53	5313666	34960	1
009	36	Response	53	5319746	41040	2
009	36	Response	53	5325506	46800	2
009	36	Response	53	5333266	54560	2
009	36	Response	53	5339746	61040	1
009	36	Response	53	5347347	68641	4
009	36	Sound	test22	5350206	71501	1			71500		other	0
009	36	Picture	2-222-2-2	5409024	130318	7	5166	7	130000	5000	hit	263
009	36	Response	62	5418226	139520	1
009	37	Sound	P2/beat1	5454521	24999	1			25000		other	0
009	37	Sound	f14	5501020	71499	1			71500		other	0
009	37	Picture	2-113-2-2	5559840	130318	7	5166	7	130000	5000	hit	267
009	37	Response	61	5570067	140545	1
009	38	Sound	P2/beat	5605337	25000	1			25000		other	0
009	38	Sound	test17	5651838	71501	1			71500		other	0
009	38	Picture	3-223-1-3	5710655	130318	7	5166	7	130000	5000	incorrect	271
009	38	Response	51	5722147	141809	2
009	39	Sound	P2/beat	5756154	25001	1			25000		other	0
009	39	Sound	n14	5802653	71500	1			71500		other	0
009	39	Picture	2-123-2-2	5861471	130318	7	5166	7	130000	5000	hit	275
009	39	Response	62	5871986	140833	1
009	40	Sound	P2/beat	5906969	25001	1			25000		other	0
009	40	Sound	f01	5953467	71498	1			71500		other	0
009	40	Picture	3-123-1-3	6012287	130318	7	5166	7	130000	5000	hit	279
009	40	Response	62	6023985	142017	2
009	41	Sound	P2/both1	6057785	25001	1			25000		other	0
009	41	Response	53	6060305	27521	1
009	41	Response	53	6064465	31681	1
009	41	Response	53	6069426	36642	1
009	41	Response	53	6074705	41921	2
009	41	Response	53	6080465	47681	1
009	41	Response	53	6086785	54001	2
009	41	Response	53	6092465	59681	2
009	41	Response	53	6098305	65521	1
009	41	Sound	n06	6104284	71500	1			71500		other	0
009	41	Picture	2-214-2-2	6163102	130318	7	5166	7	130000	5000	miss	0
009	42	Response	52	6186946	3346	1
009	42	Sound	P2/both	6208600	25001	1			25000		other	0
009	42	Response	53	6212546	28946	2
009	42	Response	53	6218066	34466	2
009	42	Response	53	6223506	39906	2
009	42	Response	53	6230146	46546	2
009	42	Response	53	6236705	53106	2
009	42	Response	53	6242066	58466	2
009	42	Response	53	6248546	64946	2
009	42	Sound	f23	6255099	71500	1			71500		other	0
009	42	Picture	3-124-1-3	6313918	130318	7	5166	7	130000	5000	hit	302
009	42	Response	62	6324386	140786	2
009	43	Sound	P2/both	6359415	25000	1			25000		other	0
009	43	Response	53	6361746	27330	2
009	43	Response	53	6366385	31970	2
009	43	Response	53	6371185	36770	2
009	43	Response	53	6376705	42290	1
009	43	Response	53	6382786	48370	1
009	43	Response	53	6387826	53411	2
009	43	Response	53	6393746	59330	2
009	43	Response	53	6399425	65010	2
009	43	Sound	test02	6405915	71500	1			71500		other	0
009	43	Picture	3-214-1-3	6464733	130318	7	5166	7	130000	5000	incorrect	314
009	43	Response	52	6476546	142130	1
009	44	Sound	P2/both	6510231	25000	1			25000		other	0
009	44	Response	53	6514226	28995	1
009	44	Response	53	6519825	34595	1
009	44	Response	53	6525746	40515	1
009	44	Response	53	6532945	47715	1
009	44	Response	53	6539825	54594	2
009	44	Response	53	6545265	60034	2
009	44	Response	53	6550865	65635	1
009	44	Response	53	6556225	70995	2
009	44	Sound	test08	6556730	71499	1			71500		other	0
009	44	Picture	3-214-1-3	6615549	130318	7	5166	7	130000	5000	hit	326
009	44	Response	61	6626465	141235	2
009	45	Sound	P0/none1	6661048	25001	1			25000		other	0
009	45	Sound	f10	6707546	71499	1			71500		other	0
009	45	Picture	3-121-1-3	6766365	130318	7	5166	7	130000	5000	incorrect	330
009	45	Response	51	6778065	142019	2
009	46	Sound	P0/none	6811861	24999	1			25000		other	0
009	46	Sound	f04	6858362	71500	1			71500		other	0
009	46	Picture	3-121-1-3	6917180	130318	7	5166	7	130000	5000	hit	334
009	46	Response	62	6927826	140964	2
009	47	Sound	P0/none	6962678	25000	1			25000		other	0
009	47	Sound	n11	7009178	71500	1			71500		other	0
009	47	Picture	3-121-2-3	7067996	130318	7	5166	7	130000	5000	hit	338
009	47	Response	62	7087505	149827	1
009	48	Sound	P0/none	7113493	24999	1			25000		other	0
009	48	Sound	test16	7159994	71500	1			71500		other	0
009	48	Picture	2-221-1-2	7218811	130318	7	5166	7	130000	5000	incorrect	342
009	48	Response	51	7235105	146612	1
009	49	Sound	P2/beat1	7264309	24999	1			25000		other	0
009	49	Sound	test13	7310808	71499	1			71500		other	0
009	49	Picture	2-223-1-2	7369627	130318	7	5166	7	130000	5000	hit	346
009	49	Response	62	7378145	138836	1
009	50	Sound	P2/beat	7415124	24999	1			25000		other	0
009	50	Sound	f21	7461625	71500	1			71500		other	0
009	50	Picture	2-113-2-2	7520443	130318	7	5166	7	130000	5000	incorrect	350
009	50	Response	52	7540225	150100	1
009	51	Sound	P2/beat	7565940	25000	1			25000		other	0
009	51	Sound	n13	7612440	71500	1			71500		other	0
009	51	Picture	2-213-1-2	7671258	130318	7	5166	7	130000	5000	incorrect	354
009	51	Response	52	7683265	142325	1
009	52	Sound	P2/beat	7716755	24999	1			25000		other	0
009	52	Sound	f09	7763255	71499	1			71500		other	0
009	52	Picture	3-123-1-3	7822074	130318	7	5166	7	130000	5000	hit	358
009	52	Response	62	7830785	139029	2
009	53	Sound	P2/both1	7867572	25000	1			25000		other	0
009	53	Response	53	7870945	28373	1
009	53	Response	53	7876145	33573	1
009	53	Response	53	7881505	38933	2
009	53	Response	53	7885825	43253	1
009	53	Response	53	7890625	48053	2
009	53	Response	53	7896625	54053	2
009	53	Response	53	7902865	60293	1
009	53	Response	53	7908865	66294	1
009	53	Sound	f07	7914071	71499	1			71500		other	0
009	53	Picture	3-114-1-3	7972890	130318	7	5166	7	130000	5000	incorrect	370
009	53	Response	52	7980865	138293	1
009	54	Sound	P2/both	8018387	24999	1			25000		other	0
009	54	Response	53	8020945	27557	1
009	54	Response	53	8025985	32597	1
009	54	Response	53	8031825	38438	2
009	54	Response	53	8036224	42837	2
009	54	Response	53	8041105	47717	2
009	54	Response	53	8046624	53237	1
009	54	Response	53	8052465	59077	2
009	54	Response	53	8058624	65237	2
009	54	Sound	test23	8064887	71500	1			71500		other	0
009	54	Picture	2-214-2-2	8123705	130318	7	5166	7	130000	5000	hit	382
009	54	Response	61	8136305	142918	1
009	55	Sound	P2/both	8169203	25000	1			25000		other	0
009	55	Response	53	8173585	29382	1
009	55	Response	53	8178545	34342	1
009	55	Response	53	8184946	40743	2
009	55	Response	53	8190546	46343	1
009	55	Response	53	8196865	52662	2
009	55	Response	53	8203824	59621	1
009	55	Response	53	8209665	65462	1
009	55	Sound	f03	8215703	71500	1			71500		other	0
009	55	Picture	3-124-1-3	8274521	130318	7	5166	7	130000	5000	hit	393
009	55	Response	62	8285344	141141	1
009	56	Sound	P2/both	8320019	25000	1			25000		other	0
009	56	Response	53	8323105	28086	1
009	56	Response	53	8327504	32486	1
009	56	Response	53	8331664	36646	2
009	56	Response	53	8336945	41926	1
009	56	Response	53	8342065	47046	1
009	56	Response	53	8347745	52726	1
009	56	Response	53	8353985	58966	1
009	56	Response	53	8360065	65047	2
009	56	Sound	f20	8366518	71500	1			71500		other	0
009	56	Picture	2-114-2-2	8425337	130318	7	5166	7	130000	5000	hit	405
009	56	Response	61	8434784	139766	1
009	57	Sound	P1/tapping1	8470834	25000	1			25000		other	0
009	57	Response	53	8475265	29431	2
009	57	Response	53	8481584	35750	1
009	57	Response	53	8487344	41510	1
009	57	Response	53	8493504	47670	2
009	57	Response	53	8499664	53830	1
009	57	Response	53	8505584	59750	2
009	57	Response	53	8511504	65670	2
009	57	Sound	test01	8517334	71500	1			71500		other	0
009	57	Picture	3-222-1-3	8576152	130318	7	5166	7	130000	5000	incorrect	416
009	57	Response	51	8593344	147510	2
009	58	Sound	P1/tapping	8621649	25000	1			25000		other	0
009	58	Response	53	8625664	29015	2
009	58	Response	53	8631184	34534	1
009	58	Response	53	8637664	41014	2
009	58	Response	53	8643505	46855	1
009	58	Response	53	8649184	52534	2
009	58	Response	53	8655904	59254	1
009	58	Response	53	8662464	65814	2
009	58	Sound	n04	8668150	71500	1			71500		other	0
009	58	Response	53	8669185	72535	2
009	58	Picture	3-212-1-3	8726968	130318	7	5166	7	130000	5000	incorrect	428
009	58	Response	52	8738065	141415	1
009	59	Sound	P1/tapping	8772465	25000	1			25000		other	0
009	59	Response	53	8775985	28519	1
009	59	Response	53	8783345	35879	1
009	59	Response	53	8789344	41879	1
009	59	Response	53	8795264	47799	1
009	59	Response	53	8801104	53639	2
009	59	Response	53	8810225	62759	1
009	59	Response	53	8817344	69879	1
009	59	Sound	f19	8818965	71500	1			71500		other	0
009	59	Picture	2-122-2-2	8877784	130318	7	5166	7	130000	5000	hit	439
009	59	Response	62	8886624	139159	1
009	60	Sound	P1/tapping	8923280	24999	2			25000		other	0
009	60	Response	53	8926624	28343	2
009	60	Response	53	8932464	34183	3
009	60	Response	53	8938304	40023	2
009	60	Response	53	8944304	46023	1
009	60	Response	53	8950385	52104	1
009	60	Response	53	8957105	58824	2
009	60	Response	53	8963104	64823	3
009	60	Response	53	8968785	70504	1
009	60	Sound	f24	8969781	71500	1			71500		other	0
009	60	Picture	2-122-1-2	9028599	130318	7	5166	7	130000	5000	incorrect	451
009	60	Response	51	9038624	140343	1


Event Type	Code	Type	Response	RT	RT Uncertainty	Time	Uncertainty	Duration	Uncertainty	ReqTime	ReqDur

Sound	P2/both1	other				25160	1			25000
Sound	test06	other				71660	1			71500
Picture	3-224-1-3	incorrect	1	14150	7	130478	7	5166	7	130000	5000
Sound	P2/both	other				175975	1			25000
Sound	f17	other				222475	1			71500
Picture	2-114-2-2	hit	1	11654	8	281294	7	5166	7	130000	5000
Sound	P2/both	other				326792	1			25000
Sound	f02	other				373291	1			71500
Picture	3-114-2-3	hit	1	11879	8	432110	7	5166	7	130000	5000
Sound	P2/both	other				477607	1			25000
Sound	n09	other				524107	1			71500
Picture	2-214-2-2	incorrect	2	13063	9	582925	7	5166	7	130000	5000
Sound	P0/none1	other				628422	1			25000
Sound	test15	other				674923	1			71500
Picture	2-211-1-2	incorrect	2	17047	7	733741	7	5166	7	130000	5000
Sound	P0/none	other				779238	1			25000
Sound	test07	other				825739	1			71500
Picture	3-221-1-3	hit	2	12952	7	884556	7	5166	7	130000	5000
Sound	P0/none	other				930053	1			25000
Sound	f16	other				976553	1			71500
Picture	2-121-1-2	hit	2	10616	8	1035372	7	5166	7	130000	5000
Sound	P0/none	other				1080870	1			25000
Sound	f15	other				1127369	1			71500
Picture	2-111-2-2	hit	1	15960	9	1186188	7	5166	7	130000	5000
Sound	P1/tapping1	other				1231685	1			25000
Sound	test24	other				1278185	1			71500
Picture	2-212-2-2	incorrect	2	9624	7	1337003	7	5166	7	130000	5000
Sound	P1/tapping	other				1382500	1			25000
Sound	n01	other				1429001	1			71500
Picture	2-222-1-2	hit	2	13129	8	1487819	7	5166	7	130000	5000
Sound	P1/tapping	other				1533316	1			25000
Sound	test12	other				1579816	1			71500
Picture	3-222-1-3	hit	2	11433	8	1638634	7	5166	7	130000	5000
Sound	P1/tapping	other				1684132	1			25000
Sound	test03	other				1730632	1			71500
Picture	3-222-1-3	hit	2	10458	7	1789450	7	5166	7	130000	5000
Sound	P2/beat1	other				1834947	1			25000
Sound	test04	other				1881447	1			71500
Picture	3-213-1-3	hit	1	10123	8	1940265	7	5166	7	130000	5000
Sound	P2/beat	other				1985763	1			25000
Sound	f12	other				2032262	1			71500
Picture	3-123-1-3	hit	2	12507	8	2091081	7	5166	7	130000	5000
Sound	P2/beat	other				2136579	1			25000
Sound	test21	other				2183079	1			71500
Picture	2-213-2-2	miss				2241896	7	5166	7	130000	5000
Sound	P2/beat	other				2287393	1			25000
Sound	test14	other				2333893	1			71500
Picture	2-213-1-2	hit	1	10155	8	2392712	7	5166	7	130000	5000
Sound	P0/none1	other				2438209	1			25000
Sound	f08	other				2484710	1			71500
Picture	2-121-1-2	incorrect	1	12140	7	2543528	7	5166	7	130000	5000
Sound	P0/none	other				2589025	1			25000
Sound	f05	other				2635526	1			71500
Picture	3-121-1-3	hit	2	13484	7	2694343	7	5166	7	130000	5000
Sound	P0/none	other				2739840	1			25000
Sound	n05	other				2786340	1			71500
Picture	2-111-2-2	hit	1	10349	8	2845159	7	5166	7	130000	5000
Sound	P0/none	other				2890656	1			25000
Sound	f13	other				2937157	1			71500
Picture	2-111-1-2	incorrect	2	12173	7	2995974	7	5166	7	130000	5000
Sound	P2/beat1	other				3041472	1			25000
Sound	f06	other				3087972	1			71500
Picture	3-113-1-3	hit	1	10957	8	3146790	7	5166	7	130000	5000
Sound	P2/beat	other				3192287	1			25000
Sound	n03	other				3238787	1			71500
Picture	3-113-1-3	hit	1	10062	8	3297606	7	5166	7	130000	5000
Sound	P2/beat	other				3343102	1			25000
Sound	f22	other				3389603	1			71500
Picture	2-113-2-2	hit	1	9086	8	3448421	7	5166	7	130000	5000
Sound	P2/beat	other				3493918	1			25000
Sound	test11	other				3540419	1			71500
Picture	3-213-1-3	hit	1	9550	7	3599237	7	5166	7	130000	5000
Sound	P2/both1	other				3644733	1			25000
Sound	test05	other				3691235	1			71500
Picture	3-224-1-3	hit	2	8974	7	3750052	7	5166	7	130000	5000
Sound	P2/both	other				3795550	1			25000
Sound	n12	other				3842050	1			71500
Picture	2-114-2-2	incorrect	2	9359	7	3900868	7	5166	7	130000	5000
Sound	P2/both	other				3946366	1			25000
Sound	n10	other				3992866	1			71500
Picture	2-124-1-2	hit	2	8543	7	4051683	7	5166	7	130000	5000
Sound	P2/both	other				4097181	1			25000
Sound	test25	other				4143682	1			71500
Picture	2-214-1-2	hit	1	12127	7	4202499	7	5166	7	130000	5000
Sound	P0/none1	other				4247997	1			25000
Sound	f18	other				4294497	1			71500
Picture	2-121-2-2	incorrect	1	10912	7	4353315	7	5166	7	130000	5000
Sound	P0/none	other				4398812	1			25000
Sound	test10	other				4445312	1			71500
Picture	3-221-1-3	hit	2	8816	7	4504130	7	5166	7	130000	5000
Sound	P0/none	other				4549627	1			25000
Sound	test19	other				4596128	1			71500
Picture	3-221-1-3	hit	2	10400	7	4654946	7	5166	7	130000	5000
Sound	P0/none	other				4700444	1			25000
Sound	test18	other				4746944	1			71500
Picture	2-211-1-2	hit	1	10625	8	4805762	7	5166	7	130000	5000
Sound	P1/tapping1	other				4851259	1			25000
Sound	f11	other				4897760	1			71500
Picture	3-122-1-3	hit	2	14449	7	4956577	7	5166	7	130000	5000
Sound	P1/tapping	other				5002074	1			25000
Sound	n07	other				5048575	1			71500
Picture	3-212-1-3	incorrect	2	19153	7	5107393	7	5166	7	130000	5000
Sound	P1/tapping	other				5152891	1			25000
Sound	test09	other				5199389	1			71500
Picture	3-212-1-3	hit	1	11858	7	5258208	7	5166	7	130000	5000
Sound	P1/tapping	other				5303705	1			25000
Sound	test22	other				5350206	1			71500
Picture	2-222-2-2	hit	2	9202	7	5409024	7	5166	7	130000	5000
Sound	P2/beat1	other				5454521	1			25000
Sound	f14	other				5501020	1			71500
Picture	2-113-2-2	hit	1	10227	7	5559840	7	5166	7	130000	5000
Sound	P2/beat	other				5605337	1			25000
Sound	test17	other				5651838	1			71500
Picture	3-223-1-3	incorrect	1	11491	8	5710655	7	5166	7	130000	5000
Sound	P2/beat	other				5756154	1			25000
Sound	n14	other				5802653	1			71500
Picture	2-123-2-2	hit	2	10515	7	5861471	7	5166	7	130000	5000
Sound	P2/beat	other				5906969	1			25000
Sound	f01	other				5953467	1			71500
Picture	3-123-1-3	hit	2	11699	8	6012287	7	5166	7	130000	5000
Sound	P2/both1	other				6057785	1			25000
Sound	n06	other				6104284	1			71500
Picture	2-214-2-2	miss				6163102	7	5166	7	130000	5000
Sound	P2/both	other				6208600	1			25000
Sound	f23	other				6255099	1			71500
Picture	3-124-1-3	hit	2	10468	8	6313918	7	5166	7	130000	5000
Sound	P2/both	other				6359415	1			25000
Sound	test02	other				6405915	1			71500
Picture	3-214-1-3	incorrect	2	11812	7	6464733	7	5166	7	130000	5000
Sound	P2/both	other				6510231	1			25000
Sound	test08	other				6556730	1			71500
Picture	3-214-1-3	hit	1	10916	8	6615549	7	5166	7	130000	5000
Sound	P0/none1	other				6661048	1			25000
Sound	f10	other				6707546	1			71500
Picture	3-121-1-3	incorrect	1	11701	8	6766365	7	5166	7	130000	5000
Sound	P0/none	other				6811861	1			25000
Sound	f04	other				6858362	1			71500
Picture	3-121-1-3	hit	2	10645	9	6917180	7	5166	7	130000	5000
Sound	P0/none	other				6962678	1			25000
Sound	n11	other				7009178	1			71500
Picture	3-121-2-3	hit	2	19509	7	7067996	7	5166	7	130000	5000
Sound	P0/none	other				7113493	1			25000
Sound	test16	other				7159994	1			71500
Picture	2-221-1-2	incorrect	1	16294	8	7218811	7	5166	7	130000	5000
Sound	P2/beat1	other				7264309	1			25000
Sound	test13	other				7310808	1			71500
Picture	2-223-1-2	hit	2	8518	7	7369627	7	5166	7	130000	5000
Sound	P2/beat	other				7415124	1			25000
Sound	f21	other				7461625	1			71500
Picture	2-113-2-2	incorrect	2	19782	8	7520443	7	5166	7	130000	5000
Sound	P2/beat	other				7565940	1			25000
Sound	n13	other				7612440	1			71500
Picture	2-213-1-2	incorrect	2	12007	7	7671258	7	5166	7	130000	5000
Sound	P2/beat	other				7716755	1			25000
Sound	f09	other				7763255	1			71500
Picture	3-123-1-3	hit	2	8711	8	7822074	7	5166	7	130000	5000
Sound	P2/both1	other				7867572	1			25000
Sound	f07	other				7914071	1			71500
Picture	3-114-1-3	incorrect	2	7975	7	7972890	7	5166	7	130000	5000
Sound	P2/both	other				8018387	1			25000
Sound	test23	other				8064887	1			71500
Picture	2-214-2-2	hit	1	12600	7	8123705	7	5166	7	130000	5000
Sound	P2/both	other				8169203	1			25000
Sound	f03	other				8215703	1			71500
Picture	3-124-1-3	hit	2	10824	7	8274521	7	5166	7	130000	5000
Sound	P2/both	other				8320019	1			25000
Sound	f20	other				8366518	1			71500
Picture	2-114-2-2	hit	1	9448	7	8425337	7	5166	7	130000	5000
Sound	P1/tapping1	other				8470834	1			25000
Sound	test01	other				8517334	1			71500
Picture	3-222-1-3	incorrect	1	17192	8	8576152	7	5166	7	130000	5000
Sound	P1/tapping	other				8621649	1			25000
Sound	n04	other				8668150	1			71500
Picture	3-212-1-3	incorrect	2	11097	7	8726968	7	5166	7	130000	5000
Sound	P1/tapping	other				8772465	1			25000
Sound	f19	other				8818965	1			71500
Picture	2-122-2-2	hit	2	8841	7	8877784	7	5166	7	130000	5000
Sound	P1/tapping	other				8923280	2			25000
Sound	f24	other				8969781	1			71500
Picture	2-122-1-2	incorrect	1	10025	7	9028599	7	5166	7	130000	5000


{
   "app": "Presentation Version 22.1 Build 01.21.21",
   "device": "Dell Inc. OptiPlex 7050",
   "experiment": "{C8E97CB4-6FCA-44FA-B866-4A2D94B6B85C}",
   "os": "Windows 10 64 bit",
   "package": "",
   "parameters": {
      "configuration": "Default configuration"
   },
   "scenario": "entrain_list1_sess4_EB.sce",
   "subject": "009",
   "timestamp": "2022/04/21 15:18:38 GMT"
}
