Scenario - test
Logfile written - 04/21/2022 17:16:01

Subject	Trial	Event Type	Code	Time	TTime	Uncertainty	Duration	Uncertainty	ReqTime	ReqDur	Stim Type	Pair Index

009	1	Sound	P0/none1	25159	24998	1			25000		other	0
009	1	Sound	f01	71661	71500	1			71500		other	0
009	1	Picture	2-111-1-2	130478	130318	7	5166	7	130000	5000	hit	4
009	1	Response	61	141316	141155	2
009	2	Sound	P0/none	175976	25000	1			25000		other	0
009	2	Sound	test01	222475	71499	1			71500		other	0
009	2	Picture	2-211-1-2	281294	130318	7	5166	7	130000	5000	hit	8
009	2	Response	61	291476	140500	2
009	3	Sound	P0/none	326792	25000	1			25000		other	0
009	3	Sound	test22	373292	71501	1			71500		other	0
009	3	Picture	3-211-1-3	432110	130318	7	5166	7	130000	5000	incorrect	12
009	3	Response	52	449636	147844	1
009	4	Sound	P0/none	477607	25000	1			25000		other	0
009	4	Sound	f07	524107	71499	1			71500		other	0
009	4	Picture	2-121-1-2	582925	130318	7	5166	7	130000	5000	hit	16
009	4	Response	62	594516	141909	2
009	5	Sound	P2/beat1	628423	25000	1			25000		other	0
009	5	Sound	f03	674923	71500	1			71500		other	0
009	5	Picture	2-123-1-2	733741	130318	7	5166	7	130000	5000	hit	20
009	5	Response	62	747156	143733	1
009	6	Sound	P2/beat	779239	25000	1			25000		other	0
009	6	Sound	n12	825739	71501	1			71500		other	0
009	6	Picture	3-123-1-3	884556	130318	7	5166	7	130000	5000	hit	24
009	6	Response	62	899476	145238	2
009	7	Sound	P2/beat	930053	25000	1			25000		other	0
009	7	Sound	test10	976554	71501	1			71500		other	0
009	7	Picture	2-213-1-2	1035372	130318	7	5166	7	130000	5000	incorrect	28
009	7	Response	52	1049236	144182	2
009	8	Sound	P2/beat	1080869	25000	1			25000		other	0
009	8	Sound	f17	1127370	71501	1			71500		other	0
009	8	Picture	3-113-1-3	1186187	130318	7	5166	7	130000	5000	hit	32
009	8	Response	61	1196355	140486	2
009	9	Sound	P0/none1	1231685	25000	1			25000		other	0
009	9	Sound	f09	1278185	71500	1			71500		other	0
009	9	Picture	2-111-1-2	1337003	130318	7	5166	7	130000	5000	hit	36
009	9	Response	61	1348995	142310	2
009	10	Sound	P0/none	1382500	25000	1			25000		other	0
009	10	Sound	test02	1429000	71500	1			71500		other	0
009	10	Picture	2-221-1-2	1487818	130318	7	5166	7	130000	5000	hit	40
009	10	Response	62	1503395	145895	2
009	11	Sound	P0/none	1533315	25000	1			25000		other	0
009	11	Sound	f20	1579815	71500	1			71500		other	0
009	11	Picture	3-121-1-3	1638634	130318	7	5166	7	130000	5000	hit	44
009	11	Response	62	1651076	142760	1
009	12	Sound	P0/none	1684131	25000	1			25000		other	0
009	12	Sound	test21	1730632	71501	1			71500		other	0
009	12	Picture	3-221-1-3	1789449	130318	7	5166	7	130000	5000	hit	48
009	12	Response	62	1799635	140504	1
009	13	Sound	P1/tapping1	1834946	25000	1			25000		other	0
009	13	Response	53	1837635	27688	2
009	13	Response	53	1844035	34088	2
009	13	Response	53	1849795	39848	1
009	13	Response	53	1855795	45848	2
009	13	Response	53	1862115	52168	1
009	13	Response	53	1868355	58408	1
009	13	Response	53	1874195	64248	1
009	13	Response	53	1879955	70008	1
009	13	Sound	test04	1881446	71499	1			71500		other	0
009	13	Picture	2-212-1-2	1940265	130318	7	5166	7	130000	5000	incorrect	60
009	13	Response	52	1950755	140808	2
009	14	Sound	P1/tapping	1985762	25000	1			25000		other	0
009	14	Response	53	1989795	29032	1
009	14	Response	53	1995475	34712	1
009	14	Response	53	2001795	41032	2
009	14	Response	53	2007475	46713	1
009	14	Response	53	2013475	52712	1
009	14	Response	53	2020435	59673	2
009	14	Response	53	2027395	66632	1
009	14	Sound	test23	2032261	71499	1			71500		other	0
009	14	Picture	3-222-1-3	2091080	130318	7	5166	7	130000	5000	incorrect	71
009	14	Response	51	2104515	143753	2
009	15	Sound	P1/tapping	2136578	25000	1			25000		other	0
009	15	Response	53	2139395	27817	1
009	15	Response	53	2144915	33337	1
009	15	Response	53	2151555	39977	1
009	15	Response	53	2157395	45817	2
009	15	Response	53	2162995	51418	1
009	15	Response	53	2168435	56857	2
009	15	Response	53	2174115	62537	1
009	15	Response	53	2179715	68137	1
009	15	Sound	test06	2183078	71500	1			71500		other	0
009	15	Picture	2-222-1-2	2241896	130318	7	5166	7	130000	5000	hit	83
009	15	Response	62	2252755	141177	2
009	16	Sound	P1/tapping	2287392	24999	1			25000		other	0
009	16	Response	53	2290115	27722	2
009	16	Response	53	2296995	34602	2
009	16	Response	53	2302515	40122	2
009	16	Response	53	2308275	45882	2
009	16	Response	53	2314356	51963	2
009	16	Response	53	2321075	58682	1
009	16	Response	53	2326915	64522	2
009	16	Response	53	2332675	70282	2
009	16	Sound	test07	2333893	71500	1			71500		other	0
009	16	Picture	2-212-1-2	2392711	130318	7	5166	7	130000	5000	incorrect	95
009	16	Response	52	2402595	140201	2
009	17	Sound	P2/both1	2438209	25000	1			25000		other	0
009	17	Response	51	2444355	31146	3
009	17	Response	53	2448595	35386	1
009	17	Response	53	2454995	41786	1
009	17	Response	53	2460995	47786	1
009	17	Response	53	2465955	52746	2
009	17	Response	53	2472035	58826	1
009	17	Response	53	2478355	65147	3
009	17	Sound	n01	2484708	71500	1			71500		other	0
009	17	Picture	3-214-1-3	2543527	130318	7	5166	7	130000	5000	incorrect	106
009	17	Response	52	2552674	139466	2
009	18	Sound	P2/both	2589025	25000	1			25000		other	0
009	18	Response	53	2591715	27691	2
009	18	Response	53	2596675	32650	1
009	18	Response	53	2600595	36570	1
009	18	Response	53	2605794	41770	2
009	18	Response	53	2611795	47771	1
009	18	Response	53	2617795	53770	1
009	18	Response	53	2623395	59370	1
009	18	Response	53	2629794	65770	1
009	18	Sound	f22	2635525	71500	1			71500		other	0
009	18	Picture	3-124-1-3	2694342	130318	7	5166	7	130000	5000	incorrect	118
009	18	Response	51	2708434	144410	2
009	19	Sound	P2/both	2739840	25000	1			25000		other	0
009	19	Response	53	2742674	27835	1
009	19	Response	53	2747235	32396	2
009	19	Response	53	2751715	36875	1
009	19	Response	53	2756835	41996	2
009	19	Response	53	2762515	47675	1
009	19	Response	53	2767954	53115	2
009	19	Response	53	2773474	58635	1
009	19	Response	53	2779875	65035	1
009	19	Sound	f19	2786339	71500	1			71500		other	0
009	19	Picture	3-114-1-3	2845158	130318	7	5166	7	130000	5000	hit	130
009	19	Response	61	2854115	139275	2
009	20	Sound	P2/both	2890655	25000	1			25000		other	0
009	20	Response	53	2893155	27499	1
009	20	Response	53	2897475	31820	1
009	20	Response	53	2901955	36300	2
009	20	Response	53	2907234	41579	1
009	20	Response	53	2913555	47899	1
009	20	Response	53	2919476	53821	2
009	20	Response	53	2925555	59899	1
009	20	Response	53	2931315	65659	1
009	20	Sound	test16	2937155	71500	1			71500		other	0
009	20	Response	53	2938114	72459	1
009	20	Picture	3-224-1-3	2995973	130318	7	5166	7	130000	5000	miss	0
009	21	Response	52	3021395	4924	1
009	21	Sound	P1/tapping1	3041471	25000	1			25000		other	0
009	21	Response	53	3044115	27644	1
009	21	Response	53	3049875	33404	1
009	21	Response	53	3057314	40844	1
009	21	Response	53	3063875	47404	2
009	21	Response	53	3070435	53964	1
009	21	Response	53	3077315	60844	1
009	21	Response	53	3084194	67723	2
009	21	Sound	test05	3087971	71500	1			71500		other	0
009	21	Picture	2-222-1-2	3146789	130318	7	5166	7	130000	5000	hit	154
009	21	Response	62	3161234	144763	1
009	22	Sound	P1/tapping	3192287	25000	1			25000		other	0
009	22	Response	53	3199474	32188	1
009	22	Response	53	3205954	38668	1
009	22	Response	53	3212514	45228	1
009	22	Response	53	3218994	51708	1
009	22	Response	53	3225874	58588	2
009	22	Response	53	3232194	64908	1
009	22	Response	53	3238514	71228	2
009	22	Sound	test08	3238785	71499	1			71500		other	0
009	22	Picture	2-212-1-2	3297604	130318	7	5166	7	130000	5000	incorrect	165
009	22	Response	52	3309874	142588	2
009	23	Sound	P1/tapping	3343102	25000	1			25000		other	0
009	23	Response	53	3345794	27692	2
009	23	Response	53	3351954	33852	1
009	23	Response	53	3357234	39132	2
009	23	Response	53	3365474	47372	1
009	23	Response	53	3372034	53932	2
009	23	Response	53	3379074	60972	2
009	23	Response	53	3386274	68172	2
009	23	Sound	test14	3389601	71500	1			71500		other	0
009	23	Picture	3-212-1-3	3448420	130318	7	5166	7	130000	5000	hit	176
009	23	Response	61	3458914	140813	1
009	24	Sound	P1/tapping	3493916	24999	1			25000		other	0
009	24	Response	53	3499234	30317	2
009	24	Response	53	3505394	36477	2
009	24	Response	53	3511955	43037	2
009	24	Response	53	3518434	49517	1
009	24	Response	53	3525075	56158	2
009	24	Response	53	3531714	62797	2
009	24	Response	53	3539954	71037	1
009	24	Sound	test19	3540418	71500	1			71500		other	0
009	24	Picture	3-212-1-3	3599235	130318	7	5166	7	130000	5000	hit	187
009	24	Response	61	3608914	139997	2
009	25	Sound	P2/beat1	3644733	25000	1			25000		other	0
009	25	Sound	f15	3691232	71499	1			71500		other	0
009	25	Picture	3-113-1-3	3750051	130318	7	5166	7	130000	5000	hit	191
009	25	Response	61	3760914	141181	2
009	26	Sound	P2/beat	3795547	24999	1			25000		other	0
009	26	Sound	f16	3842049	71500	1			71500		other	0
009	26	Picture	3-123-1-3	3900867	130318	7	5166	7	130000	5000	hit	195
009	26	Response	62	3910274	139726	1
009	27	Sound	P2/beat	3946364	25000	1			25000		other	0
009	27	Sound	f18	3992863	71499	1			71500		other	0
009	27	Picture	3-113-1-3	4051682	130318	7	5166	7	130000	5000	hit	199
009	27	Response	61	4063314	141950	1
009	28	Sound	P2/beat	4097180	25001	1			25000		other	0
009	28	Sound	test18	4143678	71499	1			71500		other	0
009	28	Picture	3-223-1-3	4202497	130318	7	5165	7	130000	5000	hit	203
009	28	Response	62	4213074	140894	1
009	29	Sound	P2/both1	4247996	25001	1			25000		other	0
009	29	Response	53	4255074	32079	1
009	29	Response	53	4259874	36878	1
009	29	Response	53	4265474	42479	2
009	29	Response	53	4270434	47439	2
009	29	Response	53	4277474	54478	2
009	29	Response	53	4282514	59519	2
009	29	Response	53	4288514	65519	1
009	29	Sound	f10	4294495	71500	1			71500		other	0
009	29	Picture	2-114-1-2	4353313	130318	7	5166	7	130000	5000	incorrect	214
009	29	Response	52	4364034	141039	1
009	30	Sound	P2/both	4398810	24999	1			25000		other	0
009	30	Response	53	4402674	28864	1
009	30	Response	53	4407954	34143	1
009	30	Response	53	4414354	40543	2
009	30	Response	53	4420594	46783	2
009	30	Response	53	4427074	53263	2
009	30	Response	53	4433074	59264	1
009	30	Response	53	4439794	65983	1
009	30	Sound	f12	4445309	71499	1			71500		other	0
009	30	Picture	2-114-1-2	4504128	130318	7	5166	7	130000	5000	incorrect	225
009	30	Response	52	4516194	142383	1
009	31	Sound	P2/both	4549626	25000	1			25000		other	0
009	31	Response	53	4552994	28368	2
009	31	Response	53	4557154	32527	1
009	31	Response	53	4561874	37247	2
009	31	Response	53	4566914	42288	1
009	31	Response	53	4572834	48208	1
009	31	Response	53	4578434	53808	1
009	31	Response	53	4584114	59488	2
009	31	Response	53	4589634	65008	2
009	31	Sound	n05	4596127	71501	1			71500		other	0
009	31	Picture	3-124-1-3	4654944	130318	7	5166	7	130000	5000	hit	237
009	31	Response	62	4669953	145327	1
009	32	Sound	P2/both	4700442	25000	1			25000		other	0
009	32	Response	53	4703554	28112	1
009	32	Response	53	4709555	34113	2
009	32	Response	53	4716194	40752	2
009	32	Response	53	4722674	47232	1
009	32	Response	53	4728674	53233	2
009	32	Response	53	4735154	59712	2
009	32	Response	53	4741714	66272	2
009	32	Sound	f13	4746941	71499	1			71500		other	0
009	32	Picture	3-124-1-3	4805760	130318	7	5166	7	130000	5000	hit	248
009	32	Response	62	4815314	139872	1
009	33	Sound	P0/none1	4851256	24999	1			25000		other	0
009	33	Sound	n09	4897758	71501	1			71500		other	0
009	33	Picture	3-211-1-3	4956575	130318	7	5166	7	130000	5000	hit	252
009	33	Response	61	4967554	141296	1
009	34	Sound	P0/none	5002073	25000	1			25000		other	0
009	34	Sound	test13	5048573	71500	1			71500		other	0
009	34	Picture	3-221-1-3	5107391	130318	7	5166	7	130000	5000	hit	256
009	34	Response	62	5121554	144481	2
009	35	Sound	P0/none	5152888	25000	1			25000		other	0
009	35	Sound	f11	5199388	71499	1			71500		other	0
009	35	Picture	2-111-1-2	5258206	130318	7	5166	7	130000	5000	hit	260
009	35	Response	61	5272674	144786	1
009	36	Sound	P0/none	5303704	25000	1			25000		other	0
009	36	Sound	test17	5350205	71501	1			71500		other	0
009	36	Picture	2-211-2-2	5409022	130318	7	5166	7	130000	5000	hit	264
009	36	Response	61	5419234	140530	1
009	37	Sound	P2/both1	5454518	24999	1			25000		other	0
009	37	Response	53	5458433	28914	1
009	37	Response	53	5463473	33954	2
009	37	Response	53	5469793	40274	1
009	37	Response	53	5476433	46914	1
009	37	Response	53	5482674	53154	2
009	37	Response	53	5488353	58834	1
009	37	Response	53	5494514	64994	2
009	37	Sound	f06	5501018	71499	1			71500		other	0
009	37	Picture	2-114-1-2	5559837	130318	7	5166	7	130000	5000	hit	275
009	37	Response	61	5571953	142434	2
009	38	Sound	P2/both	5605336	25000	1			25000		other	0
009	38	Response	53	5608834	28498	1
009	38	Response	53	5613873	33538	2
009	38	Response	53	5620193	39858	1
009	38	Response	53	5627553	47218	1
009	38	Response	53	5633474	53139	2
009	38	Response	53	5639714	59378	2
009	38	Response	53	5645633	65298	1
009	38	Sound	f24	5651834	71499	1			71500		other	0
009	38	Picture	3-114-1-3	5710653	130318	7	5166	7	130000	5000	hit	286
009	38	Response	61	5718994	138658	2
009	39	Sound	P2/both	5756150	24999	1			25000		other	0
009	39	Response	53	5758114	26964	2
009	39	Response	53	5762513	31362	1
009	39	Response	53	5767633	36483	1
009	39	Response	53	5773233	42083	1
009	39	Response	53	5778353	47203	1
009	39	Response	53	5784833	53682	1
009	39	Response	53	5790273	59122	2
009	39	Response	53	5796353	65202	2
009	39	Sound	f08	5802651	71500	1			71500		other	0
009	39	Picture	2-114-1-2	5861469	130318	7	5166	7	130000	5000	hit	298
009	39	Response	61	5870593	139443	2
009	40	Response	51	5882993	1027	2
009	40	Sound	P2/both	5906966	25000	1			25000		other	0
009	40	Response	53	5912113	30147	2
009	40	Response	53	5917233	35266	1
009	40	Response	53	5923233	41267	1
009	40	Response	53	5929233	47266	1
009	40	Response	53	5935553	53587	1
009	40	Response	53	5941313	59347	1
009	40	Response	53	5947473	65507	1
009	40	Response	53	5953073	71107	1
009	40	Sound	n04	5953466	71500	1			71500		other	0
009	40	Picture	2-224-1-2	6012284	130318	7	5166	7	130000	5000	hit	311
009	40	Response	62	6021473	139507	2
009	41	Response	52	6032993	211	1
009	41	Sound	P2/beat1	6057781	24999	1			25000		other	0
009	41	Sound	test09	6104281	71499	1			71500		other	0
009	41	Picture	2-223-1-2	6163099	130317	8	5167	8	130000	5000	hit	316
009	41	Response	62	6173793	141011	1
009	42	Sound	P2/beat	6208598	25001	1			25000		other	0
009	42	Sound	test03	6255097	71499	1			71500		other	0
009	42	Picture	2-213-1-2	6313915	130318	7	5166	7	130000	5000	incorrect	320
009	42	Response	52	6323793	140196	1
009	43	Sound	P2/beat	6359412	24999	1			25000		other	0
009	43	Sound	n10	6405913	71500	1			71500		other	0
009	43	Picture	3-123-1-3	6464731	130318	7	5166	7	130000	5000	hit	324
009	43	Response	62	6474753	140340	2
009	44	Sound	P2/beat	6510229	25000	1			25000		other	0
009	44	Sound	test24	6556728	71499	1			71500		other	0
009	44	Picture	3-223-1-3	6615547	130318	7	5166	7	130000	5000	hit	328
009	44	Response	62	6624353	139124	1
009	44	Response	52	6631953	146724	2
009	45	Sound	P1/tapping1	6661044	25000	1			25000		other	0
009	45	Response	53	6666193	30149	1
009	45	Response	53	6672513	36468	1
009	45	Response	53	6678113	42068	2
009	45	Response	53	6684673	48628	1
009	45	Response	53	6690833	54788	2
009	45	Response	53	6696993	60949	2
009	45	Response	53	6703073	67028	2
009	45	Sound	f05	6707544	71500	1			71500		other	0
009	45	Picture	2-112-1-2	6766362	130318	7	5166	7	130000	5000	incorrect	340
009	45	Response	52	6776193	140149	1
009	46	Sound	P1/tapping	6811860	25000	1			25000		other	0
009	46	Response	53	6814833	27973	1
009	46	Response	53	6820834	33974	1
009	46	Response	53	6826113	39253	2
009	46	Response	53	6832993	46133	1
009	46	Response	53	6839473	52613	1
009	46	Response	53	6845553	58693	2
009	46	Response	53	6851633	64773	1
009	46	Sound	f04	6858360	71500	1			71500		other	0
009	46	Picture	2-122-1-2	6917178	130318	7	5166	7	130000	5000	hit	351
009	46	Response	62	6929873	143013	2
009	47	Sound	P1/tapping	6962675	25000	1			25000		other	0
009	47	Response	53	6966513	28837	2
009	47	Response	53	6973473	35797	1
009	47	Response	53	6980272	42597	1
009	47	Response	53	6986352	48677	1
009	47	Response	53	6993153	55477	1
009	47	Response	53	7000192	62517	2
009	47	Response	53	7006833	69157	2
009	47	Sound	n13	7009175	71499	1			71500		other	0
009	47	Picture	3-222-1-3	7067993	130318	7	5166	7	130000	5000	hit	362
009	47	Response	62	7082433	144758	2
009	48	Sound	P1/tapping	7113491	25000	1			25000		other	0
009	48	Response	53	7118512	30022	2
009	48	Response	53	7124993	36502	2
009	48	Response	53	7130752	42262	2
009	48	Response	53	7137153	48662	1
009	48	Response	53	7143793	55302	1
009	48	Response	53	7149793	61302	1
009	48	Response	53	7156352	67862	1
009	48	Sound	f21	7159991	71500	1			71500		other	0
009	48	Picture	3-112-1-3	7218809	130318	7	5166	7	130000	5000	incorrect	373
009	48	Response	52	7228033	139542	2
009	49	Sound	P0/none1	7264306	24999	1			25000		other	0
009	49	Sound	test25	7310807	71500	1			71500		other	0
009	49	Picture	3-211-1-3	7369624	130318	7	5166	7	130000	5000	hit	377
009	49	Response	61	7380913	141607	2
009	50	Sound	P0/none	7415121	24999	1			25000		other	0
009	50	Sound	test12	7461622	71500	1			71500		other	0
009	50	Picture	2-221-1-2	7520440	130318	7	5166	7	130000	5000	hit	381
009	50	Response	62	7534272	144150	1
009	51	Sound	P0/none	7565938	25000	1			25000		other	0
009	51	Sound	n03	7612438	71500	1			71500		other	0
009	51	Picture	2-111-1-2	7671256	130318	7	5166	7	130000	5000	hit	385
009	51	Response	61	7686272	145335	2
009	52	Sound	P0/none	7716753	25000	1			25000		other	0
009	52	Sound	f23	7763253	71500	1			71500		other	0
009	52	Picture	2-121-1-2	7822071	130318	7	5166	7	130000	5000	hit	389
009	52	Response	62	7831152	139399	1
009	53	Sound	P1/tapping1	7867569	25000	1			25000		other	0
009	53	Response	53	7875472	32904	1
009	53	Response	53	7882592	40024	2
009	53	Response	53	7888832	46263	1
009	53	Response	53	7895472	52903	2
009	53	Response	53	7902032	59464	2
009	53	Response	53	7908672	66103	3
009	53	Sound	f02	7914069	71501	1			71500		other	0
009	53	Picture	2-122-1-2	7972887	130318	7	5166	7	130000	5000	hit	399
009	53	Response	62	7984592	142024	1
009	54	Sound	P1/tapping	8018383	24999	1			25000		other	0
009	54	Response	53	8021392	28008	1
009	54	Response	53	8027792	34408	2
009	54	Response	53	8033472	40088	2
009	54	Response	53	8040592	47208	1
009	54	Response	53	8047152	53768	2
009	54	Response	53	8053632	60248	1
009	54	Response	53	8060272	66888	1
009	54	Sound	test15	8064885	71501	1			71500		other	0
009	54	Picture	3-222-1-3	8123702	130318	7	5166	7	130000	5000	hit	410
009	54	Response	62	8132913	139529	2
009	55	Sound	P1/tapping	8169200	25000	1			25000		other	0
009	55	Response	53	8172912	28712	2
009	55	Response	53	8179312	35112	2
009	55	Response	53	8185712	41512	1
009	55	Response	53	8191312	47112	1
009	55	Response	53	8198272	54072	2
009	55	Response	53	8204512	60312	1
009	55	Response	53	8211072	66872	1
009	55	Sound	test11	8215700	71500	1			71500		other	0
009	55	Picture	2-212-1-2	8274518	130318	7	5166	7	130000	5000	hit	421
009	55	Response	61	8287953	143753	2
009	56	Sound	P1/tapping	8320015	25000	1			25000		other	0
009	56	Response	53	8328992	33976	1
009	56	Response	53	8335152	40136	1
009	56	Response	53	8342192	47177	2
009	56	Response	53	8350112	55096	1
009	56	Response	53	8357872	62857	1
009	56	Response	53	8365233	70217	2
009	56	Sound	n06	8366515	71499	1			71500		other	0
009	56	Picture	3-222-1-3	8425333	130318	7	5166	7	130000	5000	hit	431
009	56	Response	62	8435632	140617	1
009	57	Sound	P2/both1	8470831	25000	1			25000		other	0
009	57	Response	53	8474992	29161	2
009	57	Response	53	8480672	34841	1
009	57	Response	53	8486992	41161	1
009	57	Response	53	8492992	47161	2
009	57	Response	53	8499472	53641	2
009	57	Response	53	8505233	59402	2
009	57	Response	53	8511233	65402	2
009	57	Sound	n11	8517331	71500	1			71500		other	0
009	57	Picture	2-124-1-2	8576149	130318	7	5166	7	130000	5000	hit	442
009	57	Response	62	8583472	137641	1
009	58	Sound	P2/both	8621647	25000	1			25000		other	0
009	58	Response	53	8624672	28026	1
009	58	Response	53	8630272	33625	2
009	58	Response	53	8637553	40906	2
009	58	Response	53	8643632	46985	1
009	58	Response	53	8649392	52745	1
009	58	Response	53	8655872	59225	1
009	58	Response	53	8662912	66265	2
009	58	Sound	n14	8668146	71500	1			71500		other	0
009	58	Picture	3-124-1-3	8726965	130318	7	5166	7	130000	5000	incorrect	453
009	58	Response	51	8736672	140025	1
009	59	Sound	P2/both	8772461	24999	1			25000		other	0
009	59	Response	53	8777392	29930	1
009	59	Response	53	8782912	35450	2
009	59	Response	53	8788512	41050	1
009	59	Response	53	8794752	47290	1
009	59	Response	53	8800832	53370	3
009	59	Response	53	8807072	59609	2
009	59	Response	53	8812672	65209	2
009	59	Sound	f14	8818961	71499	1			71500		other	0
009	59	Picture	3-124-1-3	8877780	130318	7	5166	7	130000	5000	incorrect	464
009	59	Response	51	8891952	144490	1
009	60	Sound	P2/both	8923278	25000	1			25000		other	0
009	60	Response	53	8929952	31674	2
009	60	Response	53	8934752	36474	2
009	60	Response	53	8940192	41914	2
009	60	Response	53	8947152	48874	1
009	60	Response	53	8951872	53594	2
009	60	Response	53	8958112	59834	1
009	60	Response	53	8963391	65114	1
009	60	Response	53	8969392	71114	2
009	60	Sound	n07	8969779	71501	1			71500		other	0
009	60	Picture	2-214-1-2	9028596	130318	7	5166	7	130000	5000	incorrect	476
009	60	Response	52	9046512	148234	2


Event Type	Code	Type	Response	RT	RT Uncertainty	Time	Uncertainty	Duration	Uncertainty	ReqTime	ReqDur

Sound	P0/none1	other				25159	1			25000
Sound	f01	other				71661	1			71500
Picture	2-111-1-2	hit	1	10837	8	130478	7	5166	7	130000	5000
Sound	P0/none	other				175976	1			25000
Sound	test01	other				222475	1			71500
Picture	2-211-1-2	hit	1	10182	8	281294	7	5166	7	130000	5000
Sound	P0/none	other				326792	1			25000
Sound	test22	other				373292	1			71500
Picture	3-211-1-3	incorrect	2	17526	7	432110	7	5166	7	130000	5000
Sound	P0/none	other				477607	1			25000
Sound	f07	other				524107	1			71500
Picture	2-121-1-2	hit	2	11591	8	582925	7	5166	7	130000	5000
Sound	P2/beat1	other				628423	1			25000
Sound	f03	other				674923	1			71500
Picture	2-123-1-2	hit	2	13415	7	733741	7	5166	7	130000	5000
Sound	P2/beat	other				779239	1			25000
Sound	n12	other				825739	1			71500
Picture	3-123-1-3	hit	2	14920	8	884556	7	5166	7	130000	5000
Sound	P2/beat	other				930053	1			25000
Sound	test10	other				976554	1			71500
Picture	2-213-1-2	incorrect	2	13864	9	1035372	7	5166	7	130000	5000
Sound	P2/beat	other				1080869	1			25000
Sound	f17	other				1127370	1			71500
Picture	3-113-1-3	hit	1	10168	8	1186187	7	5166	7	130000	5000
Sound	P0/none1	other				1231685	1			25000
Sound	f09	other				1278185	1			71500
Picture	2-111-1-2	hit	1	11992	8	1337003	7	5166	7	130000	5000
Sound	P0/none	other				1382500	1			25000
Sound	test02	other				1429000	1			71500
Picture	2-221-1-2	hit	2	15577	8	1487818	7	5166	7	130000	5000
Sound	P0/none	other				1533315	1			25000
Sound	f20	other				1579815	1			71500
Picture	3-121-1-3	hit	2	12442	7	1638634	7	5166	7	130000	5000
Sound	P0/none	other				1684131	1			25000
Sound	test21	other				1730632	1			71500
Picture	3-221-1-3	hit	2	10186	7	1789449	7	5166	7	130000	5000
Sound	P1/tapping1	other				1834946	1			25000
Sound	test04	other				1881446	1			71500
Picture	2-212-1-2	incorrect	2	10490	8	1940265	7	5166	7	130000	5000
Sound	P1/tapping	other				1985762	1			25000
Sound	test23	other				2032261	1			71500
Picture	3-222-1-3	incorrect	1	13435	8	2091080	7	5166	7	130000	5000
Sound	P1/tapping	other				2136578	1			25000
Sound	test06	other				2183078	1			71500
Picture	2-222-1-2	hit	2	10859	8	2241896	7	5166	7	130000	5000
Sound	P1/tapping	other				2287392	1			25000
Sound	test07	other				2333893	1			71500
Picture	2-212-1-2	incorrect	2	9883	8	2392711	7	5166	7	130000	5000
Sound	P2/both1	other				2438209	1			25000
Sound	n01	other				2484708	1			71500
Picture	3-214-1-3	incorrect	2	9148	8	2543527	7	5166	7	130000	5000
Sound	P2/both	other				2589025	1			25000
Sound	f22	other				2635525	1			71500
Picture	3-124-1-3	incorrect	1	14092	8	2694342	7	5166	7	130000	5000
Sound	P2/both	other				2739840	1			25000
Sound	f19	other				2786339	1			71500
Picture	3-114-1-3	hit	1	8957	8	2845158	7	5166	7	130000	5000
Sound	P2/both	other				2890655	1			25000
Sound	test16	other				2937155	1			71500
Picture	3-224-1-3	miss				2995973	7	5166	7	130000	5000
Sound	P1/tapping1	other				3041471	1			25000
Sound	test05	other				3087971	1			71500
Picture	2-222-1-2	hit	2	14446	7	3146789	7	5166	7	130000	5000
Sound	P1/tapping	other				3192287	1			25000
Sound	test08	other				3238785	1			71500
Picture	2-212-1-2	incorrect	2	12270	8	3297604	7	5166	7	130000	5000
Sound	P1/tapping	other				3343102	1			25000
Sound	test14	other				3389601	1			71500
Picture	3-212-1-3	hit	1	10495	7	3448420	7	5166	7	130000	5000
Sound	P1/tapping	other				3493916	1			25000
Sound	test19	other				3540418	1			71500
Picture	3-212-1-3	hit	1	9679	8	3599235	7	5166	7	130000	5000
Sound	P2/beat1	other				3644733	1			25000
Sound	f15	other				3691232	1			71500
Picture	3-113-1-3	hit	1	10863	8	3750051	7	5166	7	130000	5000
Sound	P2/beat	other				3795547	1			25000
Sound	f16	other				3842049	1			71500
Picture	3-123-1-3	hit	2	9408	7	3900867	7	5166	7	130000	5000
Sound	P2/beat	other				3946364	1			25000
Sound	f18	other				3992863	1			71500
Picture	3-113-1-3	hit	1	11632	7	4051682	7	5166	7	130000	5000
Sound	P2/beat	other				4097180	1			25000
Sound	test18	other				4143678	1			71500
Picture	3-223-1-3	hit	2	10576	7	4202497	7	5165	7	130000	5000
Sound	P2/both1	other				4247996	1			25000
Sound	f10	other				4294495	1			71500
Picture	2-114-1-2	incorrect	2	10721	8	4353313	7	5166	7	130000	5000
Sound	P2/both	other				4398810	1			25000
Sound	f12	other				4445309	1			71500
Picture	2-114-1-2	incorrect	2	12065	7	4504128	7	5166	7	130000	5000
Sound	P2/both	other				4549626	1			25000
Sound	n05	other				4596127	1			71500
Picture	3-124-1-3	hit	2	15009	7	4654944	7	5166	7	130000	5000
Sound	P2/both	other				4700442	1			25000
Sound	f13	other				4746941	1			71500
Picture	3-124-1-3	hit	2	9554	7	4805760	7	5166	7	130000	5000
Sound	P0/none1	other				4851256	1			25000
Sound	n09	other				4897758	1			71500
Picture	3-211-1-3	hit	1	10978	7	4956575	7	5166	7	130000	5000
Sound	P0/none	other				5002073	1			25000
Sound	test13	other				5048573	1			71500
Picture	3-221-1-3	hit	2	14163	8	5107391	7	5166	7	130000	5000
Sound	P0/none	other				5152888	1			25000
Sound	f11	other				5199388	1			71500
Picture	2-111-1-2	hit	1	14468	7	5258206	7	5166	7	130000	5000
Sound	P0/none	other				5303704	1			25000
Sound	test17	other				5350205	1			71500
Picture	2-211-2-2	hit	1	10212	7	5409022	7	5166	7	130000	5000
Sound	P2/both1	other				5454518	1			25000
Sound	f06	other				5501018	1			71500
Picture	2-114-1-2	hit	1	12116	8	5559837	7	5166	7	130000	5000
Sound	P2/both	other				5605336	1			25000
Sound	f24	other				5651834	1			71500
Picture	3-114-1-3	hit	1	8341	8	5710653	7	5166	7	130000	5000
Sound	P2/both	other				5756150	1			25000
Sound	f08	other				5802651	1			71500
Picture	2-114-1-2	hit	1	9125	8	5861469	7	5166	7	130000	5000
Sound	P2/both	other				5906966	1			25000
Sound	n04	other				5953466	1			71500
Picture	2-224-1-2	hit	2	9189	8	6012284	7	5166	7	130000	5000
Sound	P2/beat1	other				6057781	1			25000
Sound	test09	other				6104281	1			71500
Picture	2-223-1-2	hit	2	10694	8	6163099	8	5167	8	130000	5000
Sound	P2/beat	other				6208598	1			25000
Sound	test03	other				6255097	1			71500
Picture	2-213-1-2	incorrect	2	9878	7	6313915	7	5166	7	130000	5000
Sound	P2/beat	other				6359412	1			25000
Sound	n10	other				6405913	1			71500
Picture	3-123-1-3	hit	2	10022	8	6464731	7	5166	7	130000	5000
Sound	P2/beat	other				6510229	1			25000
Sound	test24	other				6556728	1			71500
Picture	3-223-1-3	hit	2	8806	7	6615547	7	5166	7	130000	5000
Sound	P1/tapping1	other				6661044	1			25000
Sound	f05	other				6707544	1			71500
Picture	2-112-1-2	incorrect	2	9831	7	6766362	7	5166	7	130000	5000
Sound	P1/tapping	other				6811860	1			25000
Sound	f04	other				6858360	1			71500
Picture	2-122-1-2	hit	2	12695	8	6917178	7	5166	7	130000	5000
Sound	P1/tapping	other				6962675	1			25000
Sound	n13	other				7009175	1			71500
Picture	3-222-1-3	hit	2	14440	8	7067993	7	5166	7	130000	5000
Sound	P1/tapping	other				7113491	1			25000
Sound	f21	other				7159991	1			71500
Picture	3-112-1-3	incorrect	2	9224	8	7218809	7	5166	7	130000	5000
Sound	P0/none1	other				7264306	1			25000
Sound	test25	other				7310807	1			71500
Picture	3-211-1-3	hit	1	11289	8	7369624	7	5166	7	130000	5000
Sound	P0/none	other				7415121	1			25000
Sound	test12	other				7461622	1			71500
Picture	2-221-1-2	hit	2	13832	7	7520440	7	5166	7	130000	5000
Sound	P0/none	other				7565938	1			25000
Sound	n03	other				7612438	1			71500
Picture	2-111-1-2	hit	1	15017	8	7671256	7	5166	7	130000	5000
Sound	P0/none	other				7716753	1			25000
Sound	f23	other				7763253	1			71500
Picture	2-121-1-2	hit	2	9081	7	7822071	7	5166	7	130000	5000
Sound	P1/tapping1	other				7867569	1			25000
Sound	f02	other				7914069	1			71500
Picture	2-122-1-2	hit	2	11706	7	7972887	7	5166	7	130000	5000
Sound	P1/tapping	other				8018383	1			25000
Sound	test15	other				8064885	1			71500
Picture	3-222-1-3	hit	2	9211	8	8123702	7	5166	7	130000	5000
Sound	P1/tapping	other				8169200	1			25000
Sound	test11	other				8215700	1			71500
Picture	2-212-1-2	hit	1	13435	8	8274518	7	5166	7	130000	5000
Sound	P1/tapping	other				8320015	1			25000
Sound	n06	other				8366515	1			71500
Picture	3-222-1-3	hit	2	10299	7	8425333	7	5166	7	130000	5000
Sound	P2/both1	other				8470831	1			25000
Sound	n11	other				8517331	1			71500
Picture	2-124-1-2	hit	2	7323	7	8576149	7	5166	7	130000	5000
Sound	P2/both	other				8621647	1			25000
Sound	n14	other				8668146	1			71500
Picture	3-124-1-3	incorrect	1	9707	7	8726965	7	5166	7	130000	5000
Sound	P2/both	other				8772461	1			25000
Sound	f14	other				8818961	1			71500
Picture	3-124-1-3	incorrect	1	14172	7	8877780	7	5166	7	130000	5000
Sound	P2/both	other				8923278	1			25000
Sound	n07	other				8969779	1			71500
Picture	2-214-1-2	incorrect	2	17916	8	9028596	7	5166	7	130000	5000


{
   "app": "Presentation Version 22.1 Build 01.21.21",
   "device": "Dell Inc. OptiPlex 7050",
   "experiment": "{C8E97CB4-6FCA-44FA-B866-4A2D94B6B85C}",
   "os": "Windows 10 64 bit",
   "package": "",
   "parameters": {
      "configuration": "Default configuration"
   },
   "scenario": "entrain_list1_sess1_EB.sce",
   "subject": "009",
   "timestamp": "2022/04/21 15:00:49 GMT"
}
