Scenario - test
Logfile written - 04/21/2022 16:57:39

Subject	Trial	Event Type	Code	Time	TTime	Uncertainty	Duration	Uncertainty	ReqTime	ReqDur	Stim Type	Pair Index

009	1	Sound	P2/beat1	25160	24999	1			25000		other	0
009	1	Sound	n05	71661	71500	1			71500		other	0
009	1	Picture	3-113-1-3	130478	130318	7	5166	7	130000	5000	incorrect	4
009	1	Response	52	141497	141336	1
009	2	Sound	P2/beat	175976	25000	1			25000		other	0
009	2	Sound	f05	222476	71501	1			71500		other	0
009	2	Picture	3-113-1-3	281294	130318	7	5166	7	130000	5000	hit	8
009	2	Response	61	294217	143241	2
009	3	Sound	P2/beat	326792	25001	1			25000		other	0
009	3	Sound	n01	373292	71501	1			71500		other	0
009	3	Picture	3-223-1-3	432109	130318	7	5166	7	130000	5000	hit	12
009	3	Response	62	441256	139465	2
009	4	Sound	P2/beat	477606	24999	1			25000		other	0
009	4	Sound	test15	524106	71499	1			71500		other	0
009	4	Picture	2-223-1-2	582925	130318	7	5166	7	130000	5000	hit	16
009	4	Response	62	595097	142490	1
009	5	Sound	P1/tapping1	628422	25000	1			25000		other	0
009	5	Response	53	636937	33514	1
009	5	Response	53	643416	39994	1
009	5	Response	53	649977	46554	1
009	5	Response	53	656537	53115	2
009	5	Response	53	663177	59755	1
009	5	Response	53	669977	66554	1
009	5	Sound	f08	674921	71499	1			71500		other	0
009	5	Picture	3-122-2-3	733740	130318	7	5166	7	130000	5000	hit	26
009	5	Response	62	743017	139595	1
009	6	Sound	P1/tapping	779238	25000	1			25000		other	0
009	6	Response	53	783256	29019	1
009	6	Response	53	789817	35579	1
009	6	Response	53	795656	41418	1
009	6	Response	53	802056	47819	1
009	6	Response	53	808696	54459	1
009	6	Response	53	815496	61259	1
009	6	Response	53	821896	67658	1
009	6	Sound	f01	825736	71499	1			71500		other	0
009	6	Picture	2-122-1-2	884556	130318	7	5166	7	130000	5000	hit	37
009	6	Response	62	893816	139578	1
009	7	Sound	P1/tapping	930053	25000	1			25000		other	0
009	7	Response	53	934296	29243	1
009	7	Response	53	940457	35404	1
009	7	Response	53	946696	41643	1
009	7	Response	53	953417	48363	2
009	7	Response	53	959976	54923	1
009	7	Response	53	966696	61643	1
009	7	Response	53	973256	68203	2
009	7	Sound	n03	976553	71500	1			71500		other	0
009	7	Picture	3-122-1-3	1035371	130318	7	5166	7	130000	5000	hit	48
009	7	Response	62	1047416	142363	2
009	8	Sound	P1/tapping	1080868	25000	1			25000		other	0
009	8	Response	53	1085576	29708	1
009	8	Response	53	1092537	36668	2
009	8	Response	53	1098297	42428	1
009	8	Response	53	1104216	48348	2
009	8	Response	53	1110056	54188	1
009	8	Response	53	1116617	60748	2
009	8	Response	53	1122616	66748	1
009	8	Sound	test18	1127368	71499	1			71500		other	0
009	8	Picture	3-212-1-3	1186186	130318	7	5166	7	130000	5000	incorrect	59
009	8	Response	52	1199416	143548	1
009	9	Sound	P2/both1	1231684	25000	1			25000		other	0
009	9	Response	53	1237736	31052	1
009	9	Response	53	1243656	36972	1
009	9	Response	53	1249496	42812	1
009	9	Response	53	1255096	48412	2
009	9	Response	53	1260696	54012	1
009	9	Response	53	1267016	60332	1
009	9	Response	53	1272937	66253	1
009	9	Sound	test13	1278183	71499	1			71500		other	0
009	9	Picture	3-214-1-3	1337002	130318	7	5166	7	130000	5000	incorrect	70
009	9	Response	52	1354936	148252	1
009	10	Sound	P2/both	1382499	24999	1			25000		other	0
009	10	Response	53	1386536	29037	1
009	10	Response	53	1392776	35277	1
009	10	Response	53	1399336	41837	1
009	10	Response	53	1405656	48157	1
009	10	Response	53	1411736	54237	1
009	10	Response	53	1417816	60317	1
009	10	Response	53	1424456	66957	1
009	10	Sound	test04	1429000	71500	1			71500		other	0
009	10	Picture	2-224-1-2	1487817	130318	7	5166	7	130000	5000	hit	81
009	10	Response	62	1500536	143037	1
009	11	Sound	P2/both	1533315	25000	1			25000		other	0
009	11	Response	53	1537496	29181	1
009	11	Response	53	1543496	35181	1
009	11	Response	53	1550296	41981	1
009	11	Response	53	1555976	47661	1
009	11	Response	53	1561736	53421	1
009	11	Response	53	1567736	59421	2
009	11	Response	53	1574136	65821	1
009	11	Sound	f15	1579814	71499	1			71500		other	0
009	11	Picture	3-124-1-3	1638633	130318	7	5166	7	130000	5000	hit	92
009	11	Response	62	1649016	140701	2
009	12	Sound	P2/both	1684131	25001	1			25000		other	0
009	12	Response	53	1687417	28287	2
009	12	Response	53	1693496	34366	1
009	12	Response	53	1700216	41086	2
009	12	Response	53	1706696	47566	1
009	12	Response	53	1712776	53645	1
009	12	Response	53	1719016	59885	1
009	12	Response	53	1725976	66846	1
009	12	Sound	f21	1730631	71500	1			71500		other	0
009	12	Picture	3-124-1-3	1789448	130318	7	5166	7	130000	5000	hit	103
009	12	Response	62	1804216	145085	1
009	13	Sound	P0/none1	1834947	25001	1			25000		other	0
009	13	Sound	n07	1881445	71500	1			71500		other	0
009	13	Picture	2-221-1-2	1940264	130318	7	5166	7	130000	5000	incorrect	107
009	13	Response	51	1952056	142110	1
009	14	Sound	P0/none	1985761	25000	1			25000		other	0
009	14	Sound	n04	2032261	71500	1			71500		other	0
009	14	Picture	2-211-1-2	2091079	130318	7	5166	7	130000	5000	hit	111
009	14	Response	61	2102536	141774	1
009	15	Sound	P0/none	2136576	24999	1			25000		other	0
009	15	Sound	f03	2183077	71500	1			71500		other	0
009	15	Picture	2-111-1-2	2241894	130318	7	5166	7	130000	5000	incorrect	115
009	15	Response	52	2251496	139920	2
009	16	Sound	P0/none	2287392	25000	1			25000		other	0
009	16	Sound	test05	2333892	71500	1			71500		other	0
009	16	Picture	2-211-1-2	2392710	130318	7	5166	7	130000	5000	hit	119
009	16	Response	61	2404296	141904	1
009	17	Sound	P2/beat1	2438207	25000	1			25000		other	0
009	17	Sound	test16	2484707	71499	1			71500		other	0
009	17	Picture	3-213-1-3	2543525	130318	7	5166	7	130000	5000	hit	123
009	17	Response	61	2553176	139968	1
009	18	Sound	P2/beat	2589023	25000	1			25000		other	0
009	18	Sound	f11	2635523	71500	1			71500		other	0
009	18	Picture	3-113-1-3	2694341	130318	7	5166	7	130000	5000	hit	127
009	18	Response	61	2705175	141152	1
009	19	Sound	P2/beat	2739838	25000	1			25000		other	0
009	19	Sound	test07	2786338	71499	1			71500		other	0
009	19	Picture	2-223-1-2	2845156	130318	7	5166	7	130000	5000	hit	131
009	19	Response	62	2855816	140977	2
009	20	Sound	P2/beat	2890653	25000	1			25000		other	0
009	20	Sound	f23	2937154	71500	1			71500		other	0
009	20	Picture	2-113-1-2	2995972	130318	7	5166	7	130000	5000	hit	135
009	20	Response	61	3005175	139521	1
009	21	Sound	P0/none1	3041469	25000	1			25000		other	0
009	21	Sound	test23	3087969	71500	1			71500		other	0
009	21	Picture	2-221-2-2	3146787	130318	7	5166	7	130000	5000	hit	139
009	21	Response	62	3158855	142386	1
009	22	Sound	P0/none	3192284	24999	1			25000		other	0
009	22	Sound	f24	3238785	71500	1			71500		other	0
009	22	Picture	3-121-1-3	3297603	130318	7	5166	7	130000	5000	hit	143
009	22	Response	62	3307015	139730	2
009	23	Sound	P0/none	3343100	24999	1			25000		other	0
009	23	Sound	n06	3389600	71500	1			71500		other	0
009	23	Picture	3-211-1-3	3448418	130318	7	5166	7	130000	5000	incorrect	147
009	23	Response	52	3461975	143875	2
009	24	Sound	P0/none	3493915	25000	1			25000		other	0
009	24	Sound	test24	3540416	71500	1			71500		other	0
009	24	Picture	2-221-1-2	3599234	130318	7	5166	7	130000	5000	hit	151
009	24	Response	62	3611655	142739	1
009	25	Sound	P1/tapping1	3644731	24999	1			25000		other	0
009	25	Response	53	3648696	28964	2
009	25	Response	53	3655255	35524	1
009	25	Response	53	3660855	41124	2
009	25	Response	53	3666695	46964	2
009	25	Response	53	3673576	53844	1
009	25	Response	53	3680136	60404	1
009	25	Response	53	3686536	66805	1
009	25	Sound	test02	3691231	71500	1			71500		other	0
009	25	Picture	2-212-1-2	3750049	130318	7	5166	7	130000	5000	hit	162
009	25	Response	61	3759655	139924	1
009	26	Sound	P1/tapping	3795547	25000	1			25000		other	0
009	26	Response	53	3798695	28148	1
009	26	Response	53	3805335	34788	1
009	26	Response	53	3811495	40948	2
009	26	Response	53	3818215	47668	2
009	26	Response	53	3824775	54229	2
009	26	Response	53	3831655	61108	1
009	26	Response	53	3838295	67748	1
009	26	Sound	f14	3842048	71501	1			71500		other	0
009	26	Picture	2-122-2-2	3900864	130318	7	5166	7	130000	5000	hit	173
009	26	Response	62	3912615	142069	2
009	27	Sound	P1/tapping	3946362	25000	1			25000		other	0
009	27	Response	53	3949015	27653	1
009	27	Response	53	3956055	34693	2
009	27	Response	53	3961736	40374	1
009	27	Response	53	3968215	46853	1
009	27	Response	53	3973975	52613	1
009	27	Response	53	3979735	58373	2
009	27	Response	53	3986695	65333	1
009	27	Response	53	3992855	71493	2
009	27	Sound	f17	3992863	71501	1			71500		other	0
009	27	Picture	3-122-1-3	4051680	130318	7	5166	7	130000	5000	incorrect	185
009	27	Response	51	4061255	139893	1
009	28	Sound	P1/tapping	4097176	24999	1			25000		other	0
009	28	Response	53	4102535	30358	1
009	28	Response	53	4108375	36197	2
009	28	Response	53	4114935	42757	2
009	28	Response	53	4121015	48837	3
009	28	Response	53	4127255	55078	1
009	28	Response	53	4133895	61718	1
009	28	Response	53	4139895	67717	1
009	28	Sound	test17	4143678	71501	1			71500		other	0
009	28	Picture	2-222-2-2	4202496	130318	7	5166	7	130000	5000	hit	196
009	28	Response	62	4212615	140437	2
009	29	Sound	P2/beat1	4247993	25000	1			25000		other	0
009	29	Sound	f10	4294493	71500	1			71500		other	0
009	29	Picture	2-123-1-2	4353311	130318	7	5166	7	130000	5000	incorrect	200
009	29	Response	51	4366455	143462	1
009	30	Sound	P2/beat	4398808	24999	1			25000		other	0
009	30	Sound	test01	4445308	71500	1			71500		other	0
009	30	Picture	2-223-1-2	4504126	130318	7	5166	7	130000	5000	hit	204
009	30	Response	62	4513015	139206	1
009	31	Sound	P2/beat	4549624	25000	1			25000		other	0
009	31	Sound	test12	4596124	71500	1			71500		other	0
009	31	Picture	2-213-1-2	4654942	130318	7	5166	7	130000	5000	incorrect	208
009	31	Response	52	4668535	143911	1
009	32	Sound	P2/beat	4700440	25000	1			25000		other	0
009	32	Sound	test08	4746939	71500	1			71500		other	0
009	32	Picture	2-223-1-2	4805757	130318	7	5166	7	130000	5000	hit	212
009	32	Response	62	4817255	141816	1
009	33	Sound	P2/both1	4851255	25000	1			25000		other	0
009	33	Response	53	4857334	31079	1
009	33	Response	53	4862695	36440	1
009	33	Response	53	4868215	41960	2
009	33	Response	53	4874775	48520	1
009	33	Response	53	4880454	54200	1
009	33	Response	53	4886294	60039	2
009	33	Response	53	4892454	66199	1
009	33	Sound	f09	4897755	71500	1			71500		other	0
009	33	Picture	3-114-1-3	4956573	130318	7	5166	7	130000	5000	hit	223
009	33	Response	61	4969174	142919	1
009	34	Sound	P2/both	5002071	25001	1			25000		other	0
009	34	Response	53	5004295	27224	1
009	34	Response	53	5008534	31464	1
009	34	Response	53	5013814	36744	1
009	34	Response	53	5019175	42104	2
009	34	Response	53	5025095	48024	1
009	34	Response	53	5031175	54104	1
009	34	Response	53	5036376	59305	3
009	34	Response	53	5042295	65224	2
009	34	Sound	test03	5048570	71499	1			71500		other	0
009	34	Picture	3-214-1-3	5107388	130318	7	5166	7	130000	5000	hit	235
009	34	Response	61	5118294	141224	1
009	35	Sound	P2/both	5152885	24999	1			25000		other	0
009	35	Response	53	5156854	28968	1
009	35	Response	53	5163575	35689	2
009	35	Response	53	5169495	41609	1
009	35	Response	53	5175495	47609	1
009	35	Response	53	5181575	53689	1
009	35	Response	53	5187655	59768	1
009	35	Response	53	5193735	65849	1
009	35	Sound	f04	5199386	71500	1			71500		other	0
009	35	Picture	3-114-1-3	5258204	130318	7	5166	7	130000	5000	hit	246
009	35	Response	61	5268134	140248	2
009	36	Sound	P2/both	5303701	24999	1			25000		other	0
009	36	Response	53	5308854	30153	1
009	36	Response	53	5314454	35753	2
009	36	Response	53	5319814	41113	1
009	36	Response	53	5326054	47353	1
009	36	Response	53	5331654	52953	1
009	36	Response	53	5338214	59513	1
009	36	Response	53	5343894	65193	1
009	36	Sound	f18	5350201	71499	1			71500		other	0
009	36	Picture	2-114-2-2	5409019	130318	7	5166	7	130000	5000	incorrect	257
009	36	Response	52	5425094	146393	1
009	37	Sound	P0/none1	5454517	25000	1			25000		other	0
009	37	Sound	f19	5501018	71501	1			71500		other	0
009	37	Picture	3-121-1-3	5559835	130318	7	5166	7	130000	5000	hit	261
009	37	Response	62	5570295	140779	2
009	38	Sound	P0/none	5605332	24999	1			25000		other	0
009	38	Sound	test09	5651832	71500	1			71500		other	0
009	38	Picture	2-211-1-2	5710650	130318	7	5166	7	130000	5000	incorrect	265
009	38	Response	52	5723174	142842	1
009	39	Sound	P0/none	5756148	25000	1			25000		other	0
009	39	Sound	f02	5802647	71499	1			71500		other	0
009	39	Picture	3-121-2-3	5861466	130318	7	5166	7	130000	5000	hit	269
009	39	Response	62	5874934	143786	1
009	40	Sound	P0/none	5906963	25000	1			25000		other	0
009	40	Sound	n13	5953463	71500	1			71500		other	0
009	40	Picture	2-221-1-2	6012281	130318	7	5166	7	130000	5000	hit	273
009	40	Response	62	6023414	141451	1
009	41	Sound	P1/tapping1	6057778	24999	1			25000		other	0
009	41	Response	53	6062534	29755	1
009	41	Response	53	6069414	36635	1
009	41	Response	53	6075574	42795	1
009	41	Response	53	6083494	50715	1
009	41	Response	53	6090774	57995	1
009	41	Response	53	6098454	65675	1
009	41	Sound	f16	6104279	71500	1			71500		other	0
009	41	Picture	3-112-1-3	6163097	130318	7	5166	7	130000	5000	incorrect	283
009	41	Response	52	6172294	139515	2
009	42	Sound	P1/tapping	6208595	25001	1			25000		other	0
009	42	Response	53	6216934	33339	2
009	42	Response	53	6223494	39899	1
009	42	Response	53	6230054	46459	1
009	42	Response	53	6236454	52859	1
009	42	Response	53	6242775	59180	2
009	42	Response	53	6249576	65981	1
009	42	Sound	n14	6255093	71499	1			71500		other	0
009	42	Picture	3-112-1-3	6313912	130318	7	5166	7	130000	5000	hit	293
009	42	Response	61	6328854	145260	1
009	43	Sound	P1/tapping	6359410	25000	1			25000		other	0
009	43	Response	53	6363254	28844	1
009	43	Response	53	6370454	36044	1
009	43	Response	53	6376374	41964	1
009	43	Response	53	6383414	49004	2
009	43	Response	53	6391174	56764	1
009	43	Response	53	6397815	63405	1
009	43	Response	53	6404454	70044	1
009	43	Sound	f07	6405909	71499	1			71500		other	0
009	43	Picture	2-112-1-2	6464728	130318	7	5166	7	130000	5000	incorrect	304
009	43	Response	52	6481415	147005	1
009	44	Sound	P1/tapping	6510225	24999	1			25000		other	0
009	44	Response	53	6513334	28108	1
009	44	Response	53	6522373	37148	2
009	44	Response	53	6530294	45068	1
009	44	Response	53	6537334	52108	1
009	44	Response	53	6543974	58749	2
009	44	Response	53	6550934	65708	2
009	44	Sound	n11	6556726	71500	1			71500		other	0
009	44	Picture	2-112-1-2	6615543	130318	7	5166	7	130000	5000	incorrect	314
009	44	Response	52	6625334	140108	1
009	45	Sound	P2/both1	6661040	24999	1			25000		other	0
009	45	Response	53	6664294	28253	2
009	45	Response	53	6671094	35053	1
009	45	Response	53	6677334	41293	2
009	45	Response	53	6683254	47213	1
009	45	Response	53	6689174	53133	2
009	45	Response	53	6695174	59133	1
009	45	Response	53	6701654	65613	1
009	45	Sound	test10	6707541	71500	1			71500		other	0
009	45	Picture	2-224-1-2	6766359	130318	7	5166	7	130000	5000	incorrect	325
009	45	Response	51	6780694	144653	1
009	46	Sound	P2/both	6811857	25001	1			25000		other	0
009	46	Response	53	6820214	33357	1
009	46	Response	53	6824934	38077	1
009	46	Response	53	6829173	42317	1
009	46	Response	53	6834694	47837	1
009	46	Response	53	6840053	53197	2
009	46	Response	53	6845974	59117	1
009	46	Response	53	6852054	65197	1
009	46	Sound	test14	6858357	71500	1			71500		other	0
009	46	Picture	3-224-1-3	6917174	130318	7	5166	7	130000	5000	hit	336
009	46	Response	62	6926613	139757	1
009	47	Sound	P2/both	6962673	25001	1			25000		other	0
009	47	Response	53	6968294	30621	2
009	47	Response	53	6973094	35422	1
009	47	Response	53	6978854	41182	1
009	47	Response	53	6985174	47502	2
009	47	Response	53	6991093	53421	1
009	47	Response	53	6997974	60301	1
009	47	Response	53	7003893	66221	2
009	47	Sound	test21	7009171	71499	1			71500		other	0
009	47	Picture	2-224-2-2	7067990	130318	7	5166	7	130000	5000	hit	347
009	47	Response	62	7078934	141261	1
009	48	Sound	P2/both	7113488	25001	1			25000		other	0
009	48	Response	53	7116854	28366	1
009	48	Response	53	7122293	33806	2
009	48	Response	53	7128293	39806	1
009	48	Response	53	7134453	45966	1
009	48	Response	53	7140293	51806	1
009	48	Response	53	7146693	58206	1
009	48	Response	53	7152293	63806	2
009	48	Sound	test11	7159988	71500	1			71500		other	0
009	48	Picture	3-224-1-3	7218806	130318	7	5166	7	130000	5000	hit	358
009	48	Response	62	7229814	141327	2
009	49	Sound	P1/tapping1	7264303	25000	1			25000		other	0
009	49	Response	53	7267014	27711	1
009	49	Response	53	7272053	32750	1
009	49	Response	53	7282614	43311	1
009	49	Response	53	7289014	49711	1
009	49	Response	53	7295494	56191	1
009	49	Response	53	7301894	62591	2
009	49	Response	53	7308774	69471	2
009	49	Sound	f22	7310802	71499	1			71500		other	0
009	49	Picture	3-112-1-3	7369621	130318	7	5166	7	130000	5000	incorrect	369
009	49	Response	52	7380693	141390	1
009	50	Sound	P1/tapping	7415118	25000	1			25000		other	0
009	50	Response	53	7417574	27455	1
009	50	Response	53	7423414	33295	1
009	50	Response	53	7429333	39214	1
009	50	Response	53	7435334	45215	2
009	50	Response	53	7441973	51855	2
009	50	Response	53	7448373	58255	2
009	50	Response	53	7454294	64175	2
009	50	Response	53	7460853	70734	1
009	50	Sound	n12	7461619	71500	1			71500		other	0
009	50	Picture	3-112-1-3	7520437	130318	7	5166	7	130000	5000	hit	381
009	50	Response	61	7529973	139855	2
009	51	Response	53	7556453	15519	1
009	51	Sound	P1/tapping	7565934	25000	1			25000		other	0
009	51	Response	53	7567973	27039	1
009	51	Response	53	7574533	33599	2
009	51	Response	53	7580534	39600	2
009	51	Response	53	7586935	46000	2
009	51	Response	53	7593093	52159	2
009	51	Response	53	7599093	58159	1
009	51	Response	53	7605013	64079	1
009	51	Response	53	7610934	70000	1
009	51	Sound	test25	7612434	71500	1			71500		other	0
009	51	Picture	3-222-1-3	7671252	130318	7	5166	7	130000	5000	hit	394
009	51	Response	62	7680853	139919	1
009	52	Sound	P1/tapping	7716749	24999	1			25000		other	0
009	52	Response	53	7719013	27264	2
009	52	Response	53	7725573	33823	1
009	52	Response	53	7731813	40063	1
009	52	Response	53	7737413	45663	1
009	52	Response	53	7744053	52303	1
009	52	Response	53	7750453	58703	2
009	52	Response	53	7756534	64784	1
009	52	Response	53	7762853	71104	1
009	52	Sound	f20	7763249	71500	1			71500		other	0
009	52	Picture	3-112-1-3	7822068	130318	7	5166	7	130000	5000	hit	406
009	52	Response	61	7835093	143343	2
009	53	Sound	P0/none1	7867564	24999	1			25000		other	0
009	53	Sound	f12	7914065	71499	1			71500		other	0
009	53	Picture	3-111-1-3	7972883	130318	7	5166	7	130000	5000	incorrect	410
009	53	Response	52	7982693	140128	1
009	54	Sound	P0/none	8018381	25000	1			25000		other	0
009	54	Sound	test06	8064881	71500	1			71500		other	0
009	54	Picture	2-211-1-2	8123699	130318	7	5166	7	130000	5000	hit	414
009	54	Response	61	8139654	146273	1
009	55	Sound	P0/none	8169196	24999	1			25000		other	0
009	55	Sound	f06	8215696	71500	1			71500		other	0
009	55	Picture	2-121-1-2	8274514	130318	7	5166	7	130000	5000	incorrect	418
009	55	Response	51	8283733	139537	2
009	56	Sound	P0/none	8320012	25000	1			25000		other	0
009	56	Sound	n10	8366512	71500	1			71500		other	0
009	56	Picture	3-111-1-3	8425330	130318	7	5166	7	130000	5000	hit	422
009	56	Response	61	8434933	139921	1
009	57	Sound	P2/beat1	8470827	25000	1			25000		other	0
009	57	Sound	f13	8517327	71500	1			71500		other	0
009	57	Picture	2-123-1-2	8576145	130318	7	5166	7	130000	5000	hit	426
009	57	Response	62	8586373	140546	1
009	58	Sound	P2/beat	8621642	24999	1			25000		other	0
009	58	Sound	test22	8668143	71500	1			71500		other	0
009	58	Picture	2-213-2-2	8726961	130318	7	5166	7	130000	5000	hit	430
009	58	Response	61	8739253	142610	1
009	59	Sound	P2/beat	8772458	25000	1			25000		other	0
009	59	Sound	n09	8818957	71499	1			71500		other	0
009	59	Picture	3-223-1-3	8877776	130318	7	5166	7	130000	5000	hit	434
009	59	Response	62	8892294	144835	3
009	60	Sound	P2/beat	8923274	25000	1			25000		other	0
009	60	Sound	test19	8969774	71500	1			71500		other	0
009	60	Picture	2-213-1-2	9028592	130318	7	5166	7	130000	5000	hit	438
009	60	Response	61	9038933	140659	1


Event Type	Code	Type	Response	RT	RT Uncertainty	Time	Uncertainty	Duration	Uncertainty	ReqTime	ReqDur

Sound	P2/beat1	other				25160	1			25000
Sound	n05	other				71661	1			71500
Picture	3-113-1-3	incorrect	2	11018	7	130478	7	5166	7	130000	5000
Sound	P2/beat	other				175976	1			25000
Sound	f05	other				222476	1			71500
Picture	3-113-1-3	hit	1	12923	8	281294	7	5166	7	130000	5000
Sound	P2/beat	other				326792	1			25000
Sound	n01	other				373292	1			71500
Picture	3-223-1-3	hit	2	9147	8	432109	7	5166	7	130000	5000
Sound	P2/beat	other				477606	1			25000
Sound	test15	other				524106	1			71500
Picture	2-223-1-2	hit	2	12172	7	582925	7	5166	7	130000	5000
Sound	P1/tapping1	other				628422	1			25000
Sound	f08	other				674921	1			71500
Picture	3-122-2-3	hit	2	9277	7	733740	7	5166	7	130000	5000
Sound	P1/tapping	other				779238	1			25000
Sound	f01	other				825736	1			71500
Picture	2-122-1-2	hit	2	9261	7	884556	7	5166	7	130000	5000
Sound	P1/tapping	other				930053	1			25000
Sound	n03	other				976553	1			71500
Picture	3-122-1-3	hit	2	12045	8	1035371	7	5166	7	130000	5000
Sound	P1/tapping	other				1080868	1			25000
Sound	test18	other				1127368	1			71500
Picture	3-212-1-3	incorrect	2	13230	7	1186186	7	5166	7	130000	5000
Sound	P2/both1	other				1231684	1			25000
Sound	test13	other				1278183	1			71500
Picture	3-214-1-3	incorrect	2	17934	7	1337002	7	5166	7	130000	5000
Sound	P2/both	other				1382499	1			25000
Sound	test04	other				1429000	1			71500
Picture	2-224-1-2	hit	2	12719	7	1487817	7	5166	7	130000	5000
Sound	P2/both	other				1533315	1			25000
Sound	f15	other				1579814	1			71500
Picture	3-124-1-3	hit	2	10383	8	1638633	7	5166	7	130000	5000
Sound	P2/both	other				1684131	1			25000
Sound	f21	other				1730631	1			71500
Picture	3-124-1-3	hit	2	14768	7	1789448	7	5166	7	130000	5000
Sound	P0/none1	other				1834947	1			25000
Sound	n07	other				1881445	1			71500
Picture	2-221-1-2	incorrect	1	11792	7	1940264	7	5166	7	130000	5000
Sound	P0/none	other				1985761	1			25000
Sound	n04	other				2032261	1			71500
Picture	2-211-1-2	hit	1	11456	8	2091079	7	5166	7	130000	5000
Sound	P0/none	other				2136576	1			25000
Sound	f03	other				2183077	1			71500
Picture	2-111-1-2	incorrect	2	9602	8	2241894	7	5166	7	130000	5000
Sound	P0/none	other				2287392	1			25000
Sound	test05	other				2333892	1			71500
Picture	2-211-1-2	hit	1	11586	7	2392710	7	5166	7	130000	5000
Sound	P2/beat1	other				2438207	1			25000
Sound	test16	other				2484707	1			71500
Picture	3-213-1-3	hit	1	9650	7	2543525	7	5166	7	130000	5000
Sound	P2/beat	other				2589023	1			25000
Sound	f11	other				2635523	1			71500
Picture	3-113-1-3	hit	1	10835	7	2694341	7	5166	7	130000	5000
Sound	P2/beat	other				2739838	1			25000
Sound	test07	other				2786338	1			71500
Picture	2-223-1-2	hit	2	10659	8	2845156	7	5166	7	130000	5000
Sound	P2/beat	other				2890653	1			25000
Sound	f23	other				2937154	1			71500
Picture	2-113-1-2	hit	1	9204	7	2995972	7	5166	7	130000	5000
Sound	P0/none1	other				3041469	1			25000
Sound	test23	other				3087969	1			71500
Picture	2-221-2-2	hit	2	12068	7	3146787	7	5166	7	130000	5000
Sound	P0/none	other				3192284	1			25000
Sound	f24	other				3238785	1			71500
Picture	3-121-1-3	hit	2	9412	8	3297603	7	5166	7	130000	5000
Sound	P0/none	other				3343100	1			25000
Sound	n06	other				3389600	1			71500
Picture	3-211-1-3	incorrect	2	13557	8	3448418	7	5166	7	130000	5000
Sound	P0/none	other				3493915	1			25000
Sound	test24	other				3540416	1			71500
Picture	2-221-1-2	hit	2	12421	7	3599234	7	5166	7	130000	5000
Sound	P1/tapping1	other				3644731	1			25000
Sound	test02	other				3691231	1			71500
Picture	2-212-1-2	hit	1	9606	7	3750049	7	5166	7	130000	5000
Sound	P1/tapping	other				3795547	1			25000
Sound	f14	other				3842048	1			71500
Picture	2-122-2-2	hit	2	11751	8	3900864	7	5166	7	130000	5000
Sound	P1/tapping	other				3946362	1			25000
Sound	f17	other				3992863	1			71500
Picture	3-122-1-3	incorrect	1	9575	7	4051680	7	5166	7	130000	5000
Sound	P1/tapping	other				4097176	1			25000
Sound	test17	other				4143678	1			71500
Picture	2-222-2-2	hit	2	10119	8	4202496	7	5166	7	130000	5000
Sound	P2/beat1	other				4247993	1			25000
Sound	f10	other				4294493	1			71500
Picture	2-123-1-2	incorrect	1	13144	7	4353311	7	5166	7	130000	5000
Sound	P2/beat	other				4398808	1			25000
Sound	test01	other				4445308	1			71500
Picture	2-223-1-2	hit	2	8888	7	4504126	7	5166	7	130000	5000
Sound	P2/beat	other				4549624	1			25000
Sound	test12	other				4596124	1			71500
Picture	2-213-1-2	incorrect	2	13593	7	4654942	7	5166	7	130000	5000
Sound	P2/beat	other				4700440	1			25000
Sound	test08	other				4746939	1			71500
Picture	2-223-1-2	hit	2	11498	7	4805757	7	5166	7	130000	5000
Sound	P2/both1	other				4851255	1			25000
Sound	f09	other				4897755	1			71500
Picture	3-114-1-3	hit	1	12601	7	4956573	7	5166	7	130000	5000
Sound	P2/both	other				5002071	1			25000
Sound	test03	other				5048570	1			71500
Picture	3-214-1-3	hit	1	10906	7	5107388	7	5166	7	130000	5000
Sound	P2/both	other				5152885	1			25000
Sound	f04	other				5199386	1			71500
Picture	3-114-1-3	hit	1	9930	8	5258204	7	5166	7	130000	5000
Sound	P2/both	other				5303701	1			25000
Sound	f18	other				5350201	1			71500
Picture	2-114-2-2	incorrect	2	16075	7	5409019	7	5166	7	130000	5000
Sound	P0/none1	other				5454517	1			25000
Sound	f19	other				5501018	1			71500
Picture	3-121-1-3	hit	2	10461	8	5559835	7	5166	7	130000	5000
Sound	P0/none	other				5605332	1			25000
Sound	test09	other				5651832	1			71500
Picture	2-211-1-2	incorrect	2	12524	7	5710650	7	5166	7	130000	5000
Sound	P0/none	other				5756148	1			25000
Sound	f02	other				5802647	1			71500
Picture	3-121-2-3	hit	2	13468	7	5861466	7	5166	7	130000	5000
Sound	P0/none	other				5906963	1			25000
Sound	n13	other				5953463	1			71500
Picture	2-221-1-2	hit	2	11133	7	6012281	7	5166	7	130000	5000
Sound	P1/tapping1	other				6057778	1			25000
Sound	f16	other				6104279	1			71500
Picture	3-112-1-3	incorrect	2	9197	9	6163097	7	5166	7	130000	5000
Sound	P1/tapping	other				6208595	1			25000
Sound	n14	other				6255093	1			71500
Picture	3-112-1-3	hit	1	14942	7	6313912	7	5166	7	130000	5000
Sound	P1/tapping	other				6359410	1			25000
Sound	f07	other				6405909	1			71500
Picture	2-112-1-2	incorrect	2	16687	7	6464728	7	5166	7	130000	5000
Sound	P1/tapping	other				6510225	1			25000
Sound	n11	other				6556726	1			71500
Picture	2-112-1-2	incorrect	2	9790	7	6615543	7	5166	7	130000	5000
Sound	P2/both1	other				6661040	1			25000
Sound	test10	other				6707541	1			71500
Picture	2-224-1-2	incorrect	1	14334	7	6766359	7	5166	7	130000	5000
Sound	P2/both	other				6811857	1			25000
Sound	test14	other				6858357	1			71500
Picture	3-224-1-3	hit	2	9439	7	6917174	7	5166	7	130000	5000
Sound	P2/both	other				6962673	1			25000
Sound	test21	other				7009171	1			71500
Picture	2-224-2-2	hit	2	10944	7	7067990	7	5166	7	130000	5000
Sound	P2/both	other				7113488	1			25000
Sound	test11	other				7159988	1			71500
Picture	3-224-1-3	hit	2	11009	8	7218806	7	5166	7	130000	5000
Sound	P1/tapping1	other				7264303	1			25000
Sound	f22	other				7310802	1			71500
Picture	3-112-1-3	incorrect	2	11072	7	7369621	7	5166	7	130000	5000
Sound	P1/tapping	other				7415118	1			25000
Sound	n12	other				7461619	1			71500
Picture	3-112-1-3	hit	1	9537	8	7520437	7	5166	7	130000	5000
Sound	P1/tapping	other				7565934	1			25000
Sound	test25	other				7612434	1			71500
Picture	3-222-1-3	hit	2	9601	7	7671252	7	5166	7	130000	5000
Sound	P1/tapping	other				7716749	1			25000
Sound	f20	other				7763249	1			71500
Picture	3-112-1-3	hit	1	13025	8	7822068	7	5166	7	130000	5000
Sound	P0/none1	other				7867564	1			25000
Sound	f12	other				7914065	1			71500
Picture	3-111-1-3	incorrect	2	9810	7	7972883	7	5166	7	130000	5000
Sound	P0/none	other				8018381	1			25000
Sound	test06	other				8064881	1			71500
Picture	2-211-1-2	hit	1	15955	7	8123699	7	5166	7	130000	5000
Sound	P0/none	other				8169196	1			25000
Sound	f06	other				8215696	1			71500
Picture	2-121-1-2	incorrect	1	9219	8	8274514	7	5166	7	130000	5000
Sound	P0/none	other				8320012	1			25000
Sound	n10	other				8366512	1			71500
Picture	3-111-1-3	hit	1	9603	7	8425330	7	5166	7	130000	5000
Sound	P2/beat1	other				8470827	1			25000
Sound	f13	other				8517327	1			71500
Picture	2-123-1-2	hit	2	10228	7	8576145	7	5166	7	130000	5000
Sound	P2/beat	other				8621642	1			25000
Sound	test22	other				8668143	1			71500
Picture	2-213-2-2	hit	1	12292	7	8726961	7	5166	7	130000	5000
Sound	P2/beat	other				8772458	1			25000
Sound	n09	other				8818957	1			71500
Picture	3-223-1-3	hit	2	14517	9	8877776	7	5166	7	130000	5000
Sound	P2/beat	other				8923274	1			25000
Sound	test19	other				8969774	1			71500
Picture	2-213-1-2	hit	1	10341	7	9028592	7	5166	7	130000	5000

The following output port codes were not sent because of a conflict on the port.
Port	Code	Time(ms)
1	102	399286


{
   "app": "Presentation Version 22.1 Build 01.21.21",
   "device": "Dell Inc. OptiPlex 7050",
   "experiment": "{C8E97CB4-6FCA-44FA-B866-4A2D94B6B85C}",
   "os": "Windows 10 64 bit",
   "package": "",
   "parameters": {
      "configuration": "Default configuration"
   },
   "scenario": "entrain_list1_sess2_EB.sce",
   "subject": "009",
   "timestamp": "2022/04/21 14:42:28 GMT"
}
