Scenario - test
Logfile written - 04/21/2022 17:51:59

Subject	Trial	Event Type	Code	Time	TTime	Uncertainty	Duration	Uncertainty	ReqTime	ReqDur	Stim Type	Pair Index

009	1	Sound	P1/tapping1	25160	24999	1			25000		other	0
009	1	Response	53	31292	31132	2
009	1	Response	53	38172	38012	1
009	1	Response	53	44572	44412	1
009	1	Response	53	50412	50252	1
009	1	Response	53	56892	56732	1
009	1	Response	53	63133	62972	1
009	1	Response	53	69292	69132	2
009	1	Sound	n05	71660	71499	1			71500		other	0
009	1	Picture	2-122-2-2	130479	130318	7	5166	7	130000	5000	incorrect	11
009	1	Response	51	140812	140652	1
009	2	Sound	P1/tapping	175977	25000	1			25000		other	0
009	2	Response	53	182732	31756	1
009	2	Response	53	189132	38156	1
009	2	Response	53	195452	44476	1
009	2	Response	53	202572	51596	1
009	2	Response	53	208812	57836	2
009	2	Response	53	214972	63996	2
009	2	Response	53	221452	70476	1
009	2	Sound	f18	222476	71500	1			71500		other	0
009	2	Picture	3-122-1-3	281294	130318	7	5166	7	130000	5000	hit	22
009	2	Response	62	290492	139516	1
009	3	Sound	P1/tapping	326792	25000	1			25000		other	0
009	3	Response	53	331932	30141	1
009	3	Response	53	337693	35901	2
009	3	Response	53	344092	42300	1
009	3	Response	53	350412	48620	1
009	3	Response	53	356173	54381	2
009	3	Response	53	362812	61021	1
009	3	Response	53	369292	67501	1
009	3	Sound	f09	373291	71499	1			71500		other	0
009	3	Picture	2-122-1-2	432110	130318	7	5166	7	130000	5000	hit	33
009	3	Response	62	442172	140381	1
009	4	Sound	P1/tapping	477607	24999	1			25000		other	0
009	4	Response	53	486252	33645	1
009	4	Response	53	492732	40125	1
009	4	Response	53	499452	46845	1
009	4	Response	53	506492	53885	1
009	4	Response	53	513052	60445	1
009	4	Response	53	519532	66925	1
009	4	Sound	f06	524107	71499	1			71500		other	0
009	4	Picture	3-122-1-3	582925	130318	7	5166	7	130000	5000	hit	43
009	4	Response	62	592892	140285	1
009	5	Sound	P2/both1	628422	24999	1			25000		other	0
009	5	Response	53	633613	30190	1
009	5	Response	53	639932	36509	1
009	5	Response	53	645612	42189	1
009	5	Response	53	651453	48030	2
009	5	Response	53	657932	54509	1
009	5	Response	53	663532	60109	1
009	5	Response	53	669372	65949	1
009	5	Sound	f01	674923	71500	1			71500		other	0
009	5	Response	53	675054	71631	2
009	5	Picture	3-114-1-3	733741	130318	7	5166	7	130000	5000	hit	55
009	5	Response	61	744733	141310	1
009	6	Sound	P2/both	779237	24999	1			25000		other	0
009	6	Response	53	782972	28733	2
009	6	Response	53	789372	35133	2
009	6	Response	53	795292	41053	1
009	6	Response	53	802252	48013	1
009	6	Response	53	808252	54013	1
009	6	Response	53	814412	60173	1
009	6	Response	53	820092	65853	1
009	6	Sound	test24	825739	71501	1			71500		other	0
009	6	Picture	3-214-1-3	884557	130318	7	5166	7	130000	5000	hit	66
009	6	Response	61	895532	141293	2
009	7	Sound	P2/both	930055	25000	1			25000		other	0
009	7	Response	51	936492	31438	1
009	7	Response	53	941133	36078	1
009	7	Response	53	946892	41838	1
009	7	Response	53	952733	47678	1
009	7	Response	53	958972	53917	1
009	7	Response	53	964892	59838	1
009	7	Response	53	970572	65518	1
009	7	Sound	test22	976555	71501	1			71500		other	0
009	7	Picture	3-224-1-3	1035372	130318	7	5166	7	130000	5000	hit	77
009	7	Response	62	1046493	141439	1
009	8	Sound	P2/both	1080870	25000	1			25000		other	0
009	8	Response	53	1084013	28143	2
009	8	Response	53	1090092	34222	1
009	8	Response	53	1096012	40142	1
009	8	Response	53	1102492	46622	1
009	8	Response	53	1108652	52782	1
009	8	Response	53	1114492	58623	1
009	8	Response	53	1120492	64622	1
009	8	Sound	test07	1127369	71499	1			71500		other	0
009	8	Picture	3-214-1-3	1186188	130318	7	5166	7	130000	5000	hit	88
009	8	Response	61	1199852	143982	1
009	9	Sound	P2/beat1	1231685	25000	1			25000		other	0
009	9	Sound	f02	1278185	71500	1			71500		other	0
009	9	Picture	2-113-1-2	1337003	130318	7	5166	7	130000	5000	hit	92
009	9	Response	61	1348092	141406	2
009	10	Sound	P2/beat	1382501	25000	1			25000		other	0
009	10	Sound	f19	1429001	71500	1			71500		other	0
009	10	Picture	2-113-2-2	1487819	130318	7	5166	7	130000	5000	hit	96
009	10	Response	61	1500092	142591	1
009	11	Sound	P2/beat	1533317	25000	1			25000		other	0
009	11	Sound	n07	1579815	71499	1			71500		other	0
009	11	Picture	3-223-1-3	1638635	130318	7	5166	7	130000	5000	hit	100
009	11	Response	62	1651452	143135	1
009	12	Sound	P2/beat	1684132	24999	1			25000		other	0
009	12	Sound	f07	1730633	71500	1			71500		other	0
009	12	Picture	3-123-1-3	1789450	130318	7	5166	7	130000	5000	hit	104
009	12	Response	62	1804411	145279	1
009	13	Sound	P2/both1	1834947	24999	1			25000		other	0
009	13	Response	53	1839612	29664	2
009	13	Response	53	1846572	36624	2
009	13	Response	53	1852092	42144	1
009	13	Response	53	1858011	48064	1
009	13	Response	53	1864172	54224	2
009	13	Response	53	1869691	59744	1
009	13	Response	53	1875451	65504	1
009	13	Response	53	1881131	71184	1
009	13	Sound	f05	1881447	71500	1			71500		other	0
009	13	Picture	2-124-1-2	1940266	130318	7	5166	7	130000	5000	incorrect	116
009	13	Response	51	1955052	145104	2
009	14	Sound	P2/both	1985764	25000	1			25000		other	0
009	14	Response	53	1990812	30048	1
009	14	Response	53	1996972	36208	1
009	14	Response	53	2002811	42048	1
009	14	Response	53	2009211	48448	1
009	14	Response	53	2015131	54368	1
009	14	Response	53	2020491	59728	1
009	14	Response	53	2026571	65808	2
009	14	Sound	test09	2032263	71500	1			71500		other	0
009	14	Response	53	2033452	72689	1
009	14	Picture	3-224-1-3	2091081	130318	7	5166	7	130000	5000	hit	128
009	14	Response	62	2100252	139489	3
009	15	Sound	P2/both	2136579	25000	1			25000		other	0
009	15	Response	53	2144732	33153	1
009	15	Response	53	2148412	36833	2
009	15	Response	53	2153211	41632	1
009	15	Response	53	2159291	47712	1
009	15	Response	53	2164971	53392	1
009	15	Response	53	2171131	59552	1
009	15	Response	53	2177292	65713	1
009	15	Sound	test12	2183079	71500	1			71500		other	0
009	15	Picture	3-214-1-3	2241897	130318	7	5166	7	130000	5000	hit	139
009	15	Response	61	2255692	144113	1
009	16	Sound	P2/both	2287394	24999	1			25000		other	0
009	16	Response	53	2290971	28577	1
009	16	Response	53	2294491	32097	1
009	16	Response	53	2299211	36817	2
009	16	Response	53	2304171	41777	1
009	16	Response	53	2309291	46897	2
009	16	Response	53	2315451	53057	1
009	16	Response	53	2321611	59217	2
009	16	Response	53	2328091	65697	1
009	16	Sound	test19	2333895	71500	1			71500		other	0
009	16	Picture	2-224-1-2	2392713	130318	7	5166	7	130000	5000	hit	151
009	16	Response	62	2408972	146577	1
009	17	Sound	P1/tapping1	2438209	24999	1			25000		other	0
009	17	Response	53	2442811	29601	2
009	17	Response	53	2450571	37361	2
009	17	Response	53	2457291	44081	1
009	17	Response	53	2464651	51441	1
009	17	Response	53	2471211	58001	1
009	17	Response	53	2478011	64801	2
009	17	Sound	f15	2484710	71500	1			71500		other	0
009	17	Response	53	2484891	71681	1
009	17	Picture	2-122-2-2	2543528	130318	7	5166	7	130000	5000	hit	162
009	17	Response	62	2557051	143841	2
009	18	Sound	P1/tapping	2589025	24999	1			25000		other	0
009	18	Response	53	2592971	28946	1
009	18	Response	53	2599931	35906	1
009	18	Response	53	2605771	41746	1
009	18	Response	53	2612252	48226	2
009	18	Response	53	2618571	54546	1
009	18	Response	53	2624891	60865	1
009	18	Response	53	2630811	66786	1
009	18	Sound	test21	2635527	71501	1			71500		other	0
009	18	Response	53	2637371	73345	1
009	18	Picture	3-212-1-3	2694344	130318	7	5166	7	130000	5000	incorrect	174
009	18	Response	52	2707452	143426	1
009	19	Sound	P1/tapping	2739841	25000	1			25000		other	0
009	19	Response	53	2742411	27570	1
009	19	Response	53	2748891	34050	1
009	19	Response	53	2754891	40050	1
009	19	Response	53	2760731	45890	1
009	19	Response	53	2766891	52050	1
009	19	Response	53	2772411	57570	2
009	19	Response	53	2778651	63810	1
009	19	Response	53	2784651	69810	2
009	19	Sound	f10	2786341	71500	1			71500		other	0
009	19	Picture	3-112-1-3	2845159	130318	7	5166	7	130000	5000	hit	186
009	19	Response	61	2857211	142370	1
009	20	Sound	P1/tapping	2890656	24999	1			25000		other	0
009	20	Response	53	2901451	35794	2
009	20	Response	53	2907371	41714	1
009	20	Response	53	2913691	48034	1
009	20	Response	53	2919771	54114	2
009	20	Response	53	2926411	60754	1
009	20	Response	53	2932731	67074	1
009	20	Sound	f13	2937158	71501	1			71500		other	0
009	20	Response	53	2938971	73314	1
009	20	Picture	3-112-1-3	2995975	130318	7	5166	7	130000	5000	hit	197
009	20	Response	61	3008571	142914	1
009	21	Sound	P2/both1	3041472	24999	1			25000		other	0
009	21	Response	53	3049052	32579	1
009	21	Response	53	3053611	37138	1
009	21	Response	53	3058811	42338	1
009	21	Response	53	3065211	48738	1
009	21	Response	53	3070572	54099	1
009	21	Response	53	3076251	59778	1
009	21	Response	53	3082651	66179	1
009	21	Sound	n03	3087973	71500	1			71500		other	0
009	21	Picture	2-124-1-2	3146790	130318	7	5166	7	130000	5000	hit	208
009	21	Response	62	3155851	139378	2
009	22	Sound	P2/both	3192288	24999	1			25000		other	0
009	22	Response	53	3194091	26803	1
009	22	Response	53	3198491	31203	2
009	22	Response	53	3203531	36243	1
009	22	Response	53	3209211	41923	1
009	22	Response	53	3214891	47603	2
009	22	Response	53	3221291	54003	1
009	22	Response	53	3226891	59603	1
009	22	Response	53	3232571	65283	1
009	22	Sound	n13	3238787	71499	1			71500		other	0
009	22	Picture	3-214-1-3	3297606	130318	7	5166	7	130000	5000	hit	220
009	22	Response	61	3307051	139763	2
009	23	Sound	P2/both	3343103	25000	1			25000		other	0
009	23	Response	53	3345691	27587	1
009	23	Response	53	3350491	32387	2
009	23	Response	53	3355531	37427	1
009	23	Response	53	3360731	42627	1
009	23	Response	53	3366172	48068	2
009	23	Response	53	3371771	53668	2
009	23	Response	53	3378251	60147	1
009	23	Response	53	3383931	65827	2
009	23	Sound	f11	3389604	71500	1			71500		other	0
009	23	Response	53	3389691	71587	1
009	23	Picture	2-124-1-2	3448422	130318	7	5166	7	130000	5000	hit	233
009	23	Response	62	3466971	148868	1
009	24	Sound	P2/both	3493919	25000	1			25000		other	0
009	24	Response	53	3495931	27012	1
009	24	Response	53	3500252	31332	2
009	24	Response	53	3505211	36291	1
009	24	Response	53	3510651	41731	1
009	24	Response	53	3516011	47091	2
009	24	Response	53	3522411	53492	1
009	24	Response	53	3528651	59731	1
009	24	Response	53	3535211	66291	1
009	24	Sound	f16	3540419	71500	1			71500		other	0
009	24	Picture	2-114-1-2	3599237	130318	7	5166	7	130000	5000	hit	245
009	24	Response	61	3610811	141892	2
009	25	Sound	P0/none1	3644735	25000	1			25000		other	0
009	25	Sound	f21	3691234	71499	1			71500		other	0
009	25	Picture	2-121-2-2	3750053	130318	7	5166	7	130000	5000	hit	249
009	25	Response	62	3762411	142676	1
009	26	Sound	P0/none	3795550	25000	1			25000		other	0
009	26	Sound	test14	3842051	71500	1			71500		other	0
009	26	Picture	2-221-1-2	3900868	130318	7	5166	7	130000	5000	hit	253
009	26	Response	62	3914171	143620	2
009	27	Sound	P0/none	3946366	25000	1			25000		other	0
009	27	Sound	f14	3992866	71500	1			71500		other	0
009	27	Picture	3-111-1-3	4051684	130318	7	5166	7	130000	5000	hit	257
009	27	Response	61	4066891	145525	1
009	28	Response	51	4092091	19909	1
009	28	Sound	P0/none	4097181	24999	1			25000		other	0
009	28	Sound	test08	4143682	71500	1			71500		other	0
009	28	Picture	3-221-1-3	4202500	130318	7	5166	7	130000	5000	incorrect	262
009	28	Response	51	4218331	146149	1
009	29	Sound	P1/tapping1	4247997	24999	1			25000		other	0
009	29	Response	53	4252730	29733	1
009	29	Response	53	4259210	36213	2
009	29	Response	53	4265290	42293	2
009	29	Response	53	4270890	47893	1
009	29	Response	53	4276890	53893	2
009	29	Response	53	4282890	59893	1
009	29	Response	53	4289770	66773	1
009	29	Sound	n09	4294497	71499	1			71500		other	0
009	29	Picture	2-222-2-2	4353315	130318	7	5166	7	130000	5000	hit	273
009	29	Response	62	4364251	141253	1
009	30	Sound	P1/tapping	4398813	25000	1			25000		other	0
009	30	Response	53	4404171	30358	1
009	30	Response	53	4410011	36198	1
009	30	Response	53	4415930	42117	1
009	30	Response	53	4421611	47798	2
009	30	Response	53	4427931	54118	2
009	30	Response	53	4435131	61318	2
009	30	Response	53	4441290	67477	1
009	30	Sound	test13	4445313	71500	1			71500		other	0
009	30	Picture	2-212-1-2	4504131	130318	7	5166	7	130000	5000	hit	284
009	30	Response	61	4516330	142517	1
009	31	Sound	P1/tapping	4549629	25000	1			25000		other	0
009	31	Response	53	4554650	30022	2
009	31	Response	53	4560490	35862	2
009	31	Response	53	4567210	42582	1
009	31	Response	53	4573291	48662	2
009	31	Response	53	4579130	54502	1
009	31	Response	53	4585370	60741	1
009	31	Response	53	4591611	66982	1
009	31	Sound	f03	4596129	71500	1			71500		other	0
009	31	Response	53	4598170	73542	1
009	31	Picture	3-112-1-3	4654947	130318	7	5166	7	130000	5000	hit	296
009	31	Response	61	4665210	140582	2
009	32	Sound	P1/tapping	4700444	25000	1			25000		other	0
009	32	Response	53	4705211	29766	1
009	32	Response	53	4712330	36886	1
009	32	Response	53	4717930	42486	1
009	32	Response	53	4725050	49606	1
009	32	Response	53	4730650	55206	1
009	32	Response	53	4737370	61926	1
009	32	Response	53	4743450	68006	1
009	32	Sound	f12	4746945	71501	1			71500		other	0
009	32	Picture	2-122-1-2	4805762	130318	7	5166	7	130000	5000	hit	307
009	32	Response	62	4817850	142406	1
009	33	Sound	P2/beat1	4851260	25000	1			25000		other	0
009	33	Sound	n06	4897760	71500	1			71500		other	0
009	33	Picture	2-223-2-2	4956578	130318	7	5166	7	130000	5000	hit	311
009	33	Response	62	4966410	140150	2
009	34	Sound	P2/beat	5002076	25000	1			25000		other	0
009	34	Sound	test06	5048576	71501	1			71500		other	0
009	34	Picture	3-213-1-3	5107393	130318	7	5166	7	130000	5000	incorrect	315
009	34	Response	52	5119530	142455	1
009	35	Sound	P2/beat	5152890	24999	1			25000		other	0
009	35	Sound	n04	5199391	71500	1			71500		other	0
009	35	Picture	3-223-1-3	5258209	130318	7	5166	7	130000	5000	incorrect	319
009	35	Response	51	5276570	148679	1
009	36	Sound	P2/beat	5303707	25000	1			25000		other	0
009	36	Sound	n11	5350207	71500	1			71500		other	0
009	36	Picture	3-113-2-3	5409025	130318	7	5166	7	130000	5000	incorrect	323
009	36	Response	52	5419610	140904	1
009	37	Sound	P1/tapping1	5454522	25000	1			25000		other	0
009	37	Response	53	5464330	34808	1
009	37	Response	53	5471210	41688	1
009	37	Response	53	5477530	48008	2
009	37	Response	53	5484090	54568	1
009	37	Response	53	5490890	61368	1
009	37	Response	53	5497610	68088	2
009	37	Sound	f23	5501021	71499	1			71500		other	0
009	37	Picture	3-112-1-3	5559840	130318	7	5166	7	130000	5000	hit	333
009	37	Response	61	5571370	141848	1
009	38	Sound	P1/tapping	5605337	24999	1			25000		other	0
009	38	Response	53	5608730	28392	1
009	38	Response	53	5615210	34872	1
009	38	Response	53	5621290	40952	1
009	38	Response	53	5627530	47192	1
009	38	Response	53	5633130	52792	1
009	38	Response	53	5639130	58792	1
009	38	Response	53	5645850	65512	2
009	38	Sound	n10	5651838	71500	1			71500		other	0
009	38	Picture	2-112-1-2	5710656	130318	7	5166	7	130000	5000	miss	0
009	39	Response	51	5737930	6777	3
009	39	Sound	P1/tapping	5756152	24999	1			25000		other	0
009	39	Response	53	5759130	27977	1
009	39	Response	53	5765610	34457	1
009	39	Response	53	5772170	41016	1
009	39	Response	53	5778170	47017	1
009	39	Response	53	5784650	53497	1
009	39	Response	53	5791530	60377	3
009	39	Response	53	5797611	66457	2
009	39	Sound	test10	5802653	71500	1			71500		other	0
009	39	Picture	3-212-1-3	5861471	130318	7	5166	7	130000	5000	hit	355
009	39	Response	61	5869930	138777	1
009	40	Sound	P1/tapping	5906969	25000	1			25000		other	0
009	40	Response	53	5912091	30122	2
009	40	Response	53	5918570	36601	1
009	40	Response	53	5924250	42281	1
009	40	Response	53	5930730	48761	1
009	40	Response	53	5937130	55161	1
009	40	Response	53	5943690	61721	2
009	40	Response	53	5950330	68361	1
009	40	Sound	test16	5953469	71500	1			71500		other	0
009	40	Picture	2-212-1-2	6012287	130318	7	5166	7	130000	5000	hit	366
009	40	Response	61	6028650	146681	2
009	41	Sound	P0/none1	6057784	25000	1			25000		other	0
009	41	Sound	test03	6104284	71500	1			71500		other	0
009	41	Picture	2-221-1-2	6163103	130318	7	5166	7	130000	5000	hit	370
009	41	Response	62	6175770	142985	1
009	42	Sound	P0/none	6208600	24999	1			25000		other	0
009	42	Sound	f22	6255100	71500	1			71500		other	0
009	42	Picture	2-121-2-2	6313918	130318	7	5166	7	130000	5000	hit	374
009	42	Response	62	6324170	140569	2
009	43	Sound	P0/none	6359417	25001	1			25000		other	0
009	43	Sound	test04	6405916	71500	1			71500		other	0
009	43	Picture	3-221-1-3	6464734	130318	7	5166	7	130000	5000	hit	378
009	43	Response	62	6474810	140394	1
009	44	Sound	P0/none	6510231	24999	1			25000		other	0
009	44	Sound	test11	6556731	71500	1			71500		other	0
009	44	Picture	2-221-1-2	6615549	130318	7	5166	7	130000	5000	hit	382
009	44	Response	62	6625530	140299	2
009	45	Sound	P2/beat1	6661047	24999	1			25000		other	0
009	45	Sound	f04	6707546	71499	1			71500		other	0
009	45	Picture	2-113-1-2	6766365	130318	7	5166	7	130000	5000	hit	386
009	45	Response	61	6778890	142843	1
009	46	Sound	P2/beat	6811863	25000	1			25000		other	0
009	46	Sound	test05	6858362	71499	1			71500		other	0
009	46	Picture	3-213-1-3	6917181	130318	7	5166	7	130000	5000	hit	390
009	46	Response	61	6929129	142266	3
009	47	Sound	P2/beat	6962678	25000	1			25000		other	0
009	47	Sound	f20	7009179	71500	1			71500		other	0
009	47	Picture	2-123-2-2	7067996	130318	7	5166	7	130000	5000	hit	394
009	47	Response	62	7078169	140491	2
009	48	Sound	P2/beat	7113494	25000	1			25000		other	0
009	48	Sound	f24	7159993	71500	1			71500		other	0
009	48	Picture	2-113-1-2	7218812	130318	7	5166	7	130000	5000	hit	398
009	48	Response	61	7229529	141036	2
009	49	Sound	P2/both1	7264309	25000	1			25000		other	0
009	49	Response	53	7272970	33660	1
009	49	Response	53	7277849	38540	1
009	49	Response	53	7282169	42860	1
009	49	Response	53	7287529	48220	2
009	49	Response	53	7293209	53900	2
009	49	Response	53	7298409	59099	1
009	49	Response	53	7303929	64620	1
009	49	Sound	test18	7310810	71500	1			71500		other	0
009	49	Response	53	7311129	71819	1
009	49	Picture	2-224-1-2	7369628	130318	7	5166	7	130000	5000	hit	410
009	49	Response	62	7379289	139979	1
009	50	Sound	P2/both	7415125	24999	1			25000		other	0
009	50	Response	53	7418009	27884	2
009	50	Response	53	7422489	32364	1
009	50	Response	53	7427209	37084	1
009	50	Response	53	7432329	42204	1
009	50	Response	53	7438089	47964	2
009	50	Response	53	7443690	53565	2
009	50	Response	53	7449849	59724	1
009	50	Response	53	7456009	65884	1
009	50	Sound	test01	7461626	71501	1			71500		other	0
009	50	Picture	3-214-1-3	7520443	130318	7	5166	7	130000	5000	hit	422
009	50	Response	61	7532970	142845	2
009	51	Sound	P2/both	7565942	25001	1			25000		other	0
009	51	Response	53	7572730	31789	1
009	51	Response	53	7577049	36108	1
009	51	Response	53	7582089	41148	1
009	51	Response	53	7588649	47708	1
009	51	Response	53	7594810	53869	1
009	51	Response	53	7600089	59148	1
009	51	Response	53	7606329	65388	1
009	51	Sound	test17	7612441	71500	1			71500		other	0
009	51	Picture	3-214-1-3	7671259	130318	7	5166	7	130000	5000	hit	433
009	51	Response	61	7685689	144748	2
009	52	Sound	P2/both	7716756	25000	1			25000		other	0
009	52	Response	53	7718809	27053	1
009	52	Response	53	7722969	31212	1
009	52	Response	53	7728009	36252	2
009	52	Response	53	7733529	41773	1
009	52	Response	53	7740169	48413	2
009	52	Response	53	7745529	53773	1
009	52	Response	53	7751769	60013	2
009	52	Response	53	7758009	66253	2
009	52	Sound	test15	7763256	71499	1			71500		other	0
009	52	Response	53	7763609	71853	1
009	52	Picture	3-214-1-3	7822074	130318	7	5166	7	130000	5000	hit	446
009	52	Response	61	7834329	142572	2
009	53	Sound	P2/beat1	7867572	25000	1			25000		other	0
009	53	Sound	test02	7914072	71500	1			71500		other	0
009	53	Picture	3-223-1-3	7972890	130318	7	5166	7	130000	5000	hit	450
009	53	Response	62	7982729	140157	1
009	54	Sound	P2/beat	8018388	25001	1			25000		other	0
009	54	Sound	f08	8064887	71499	1			71500		other	0
009	54	Picture	3-113-2-3	8123706	130318	7	5166	7	130000	5000	hit	454
009	54	Response	61	8135769	142382	1
009	55	Sound	P2/beat	8169202	24999	1			25000		other	0
009	55	Sound	test23	8215703	71500	1			71500		other	0
009	55	Picture	3-213-1-3	8274521	130318	7	5166	7	130000	5000	incorrect	458
009	55	Response	52	8287369	143166	1
009	56	Sound	P2/beat	8320019	25000	1			25000		other	0
009	56	Sound	test25	8366519	71500	1			71500		other	0
009	56	Picture	2-223-1-2	8425337	130318	7	5166	7	130000	5000	hit	462
009	56	Response	62	8439369	144350	1
009	57	Sound	P0/none1	8470834	25000	1			25000		other	0
009	57	Sound	n01	8517334	71500	1			71500		other	0
009	57	Picture	2-211-1-2	8576153	130318	7	5166	7	130000	5000	incorrect	466
009	57	Response	52	8590089	144255	2
009	58	Sound	P0/none	8621650	25000	1			25000		other	0
009	58	Sound	n12	8668151	71501	1			71500		other	0
009	58	Picture	2-121-2-2	8726968	130318	7	5166	7	130000	5000	hit	470
009	58	Response	62	8743289	146638	2
009	59	Sound	P0/none	8772465	24999	1			25000		other	0
009	59	Sound	f17	8818966	71500	1			71500		other	0
009	59	Picture	2-121-2-2	8877784	130318	7	5166	7	130000	5000	hit	474
009	59	Response	62	8895368	147903	1
009	60	Sound	P0/none	8923281	25000	1			25000		other	0
009	60	Sound	n14	8969781	71499	1			71500		other	0
009	60	Picture	2-111-2-2	9028599	130318	7	5166	7	130000	5000	hit	478
009	60	Response	61	9040329	142047	1


Event Type	Code	Type	Response	RT	RT Uncertainty	Time	Uncertainty	Duration	Uncertainty	ReqTime	ReqDur

Sound	P1/tapping1	other				25160	1			25000
Sound	n05	other				71660	1			71500
Picture	2-122-2-2	incorrect	1	10334	7	130479	7	5166	7	130000	5000
Sound	P1/tapping	other				175977	1			25000
Sound	f18	other				222476	1			71500
Picture	3-122-1-3	hit	2	9198	7	281294	7	5166	7	130000	5000
Sound	P1/tapping	other				326792	1			25000
Sound	f09	other				373291	1			71500
Picture	2-122-1-2	hit	2	10063	7	432110	7	5166	7	130000	5000
Sound	P1/tapping	other				477607	1			25000
Sound	f06	other				524107	1			71500
Picture	3-122-1-3	hit	2	9967	7	582925	7	5166	7	130000	5000
Sound	P2/both1	other				628422	1			25000
Sound	f01	other				674923	1			71500
Picture	3-114-1-3	hit	1	10992	7	733741	7	5166	7	130000	5000
Sound	P2/both	other				779237	1			25000
Sound	test24	other				825739	1			71500
Picture	3-214-1-3	hit	1	10976	8	884557	7	5166	7	130000	5000
Sound	P2/both	other				930055	1			25000
Sound	test22	other				976555	1			71500
Picture	3-224-1-3	hit	2	11121	7	1035372	7	5166	7	130000	5000
Sound	P2/both	other				1080870	1			25000
Sound	test07	other				1127369	1			71500
Picture	3-214-1-3	hit	1	13664	7	1186188	7	5166	7	130000	5000
Sound	P2/beat1	other				1231685	1			25000
Sound	f02	other				1278185	1			71500
Picture	2-113-1-2	hit	1	11088	8	1337003	7	5166	7	130000	5000
Sound	P2/beat	other				1382501	1			25000
Sound	f19	other				1429001	1			71500
Picture	2-113-2-2	hit	1	12273	7	1487819	7	5166	7	130000	5000
Sound	P2/beat	other				1533317	1			25000
Sound	n07	other				1579815	1			71500
Picture	3-223-1-3	hit	2	12817	7	1638635	7	5166	7	130000	5000
Sound	P2/beat	other				1684132	1			25000
Sound	f07	other				1730633	1			71500
Picture	3-123-1-3	hit	2	14961	7	1789450	7	5166	7	130000	5000
Sound	P2/both1	other				1834947	1			25000
Sound	f05	other				1881447	1			71500
Picture	2-124-1-2	incorrect	1	14786	8	1940266	7	5166	7	130000	5000
Sound	P2/both	other				1985764	1			25000
Sound	test09	other				2032263	1			71500
Picture	3-224-1-3	hit	2	9171	9	2091081	7	5166	7	130000	5000
Sound	P2/both	other				2136579	1			25000
Sound	test12	other				2183079	1			71500
Picture	3-214-1-3	hit	1	13795	7	2241897	7	5166	7	130000	5000
Sound	P2/both	other				2287394	1			25000
Sound	test19	other				2333895	1			71500
Picture	2-224-1-2	hit	2	16259	7	2392713	7	5166	7	130000	5000
Sound	P1/tapping1	other				2438209	1			25000
Sound	f15	other				2484710	1			71500
Picture	2-122-2-2	hit	2	13523	8	2543528	7	5166	7	130000	5000
Sound	P1/tapping	other				2589025	1			25000
Sound	test21	other				2635527	1			71500
Picture	3-212-1-3	incorrect	2	13108	7	2694344	7	5166	7	130000	5000
Sound	P1/tapping	other				2739841	1			25000
Sound	f10	other				2786341	1			71500
Picture	3-112-1-3	hit	1	12052	7	2845159	7	5166	7	130000	5000
Sound	P1/tapping	other				2890656	1			25000
Sound	f13	other				2937158	1			71500
Picture	3-112-1-3	hit	1	12597	7	2995975	7	5166	7	130000	5000
Sound	P2/both1	other				3041472	1			25000
Sound	n03	other				3087973	1			71500
Picture	2-124-1-2	hit	2	9060	8	3146790	7	5166	7	130000	5000
Sound	P2/both	other				3192288	1			25000
Sound	n13	other				3238787	1			71500
Picture	3-214-1-3	hit	1	9445	8	3297606	7	5166	7	130000	5000
Sound	P2/both	other				3343103	1			25000
Sound	f11	other				3389604	1			71500
Picture	2-124-1-2	hit	2	18550	7	3448422	7	5166	7	130000	5000
Sound	P2/both	other				3493919	1			25000
Sound	f16	other				3540419	1			71500
Picture	2-114-1-2	hit	1	11574	8	3599237	7	5166	7	130000	5000
Sound	P0/none1	other				3644735	1			25000
Sound	f21	other				3691234	1			71500
Picture	2-121-2-2	hit	2	12358	7	3750053	7	5166	7	130000	5000
Sound	P0/none	other				3795550	1			25000
Sound	test14	other				3842051	1			71500
Picture	2-221-1-2	hit	2	13302	8	3900868	7	5166	7	130000	5000
Sound	P0/none	other				3946366	1			25000
Sound	f14	other				3992866	1			71500
Picture	3-111-1-3	hit	1	15207	7	4051684	7	5166	7	130000	5000
Sound	P0/none	other				4097181	1			25000
Sound	test08	other				4143682	1			71500
Picture	3-221-1-3	incorrect	1	15831	7	4202500	7	5166	7	130000	5000
Sound	P1/tapping1	other				4247997	1			25000
Sound	n09	other				4294497	1			71500
Picture	2-222-2-2	hit	2	10935	7	4353315	7	5166	7	130000	5000
Sound	P1/tapping	other				4398813	1			25000
Sound	test13	other				4445313	1			71500
Picture	2-212-1-2	hit	1	12199	7	4504131	7	5166	7	130000	5000
Sound	P1/tapping	other				4549629	1			25000
Sound	f03	other				4596129	1			71500
Picture	3-112-1-3	hit	1	10264	8	4654947	7	5166	7	130000	5000
Sound	P1/tapping	other				4700444	1			25000
Sound	f12	other				4746945	1			71500
Picture	2-122-1-2	hit	2	12088	7	4805762	7	5166	7	130000	5000
Sound	P2/beat1	other				4851260	1			25000
Sound	n06	other				4897760	1			71500
Picture	2-223-2-2	hit	2	9832	8	4956578	7	5166	7	130000	5000
Sound	P2/beat	other				5002076	1			25000
Sound	test06	other				5048576	1			71500
Picture	3-213-1-3	incorrect	2	12137	7	5107393	7	5166	7	130000	5000
Sound	P2/beat	other				5152890	1			25000
Sound	n04	other				5199391	1			71500
Picture	3-223-1-3	incorrect	1	18361	7	5258209	7	5166	7	130000	5000
Sound	P2/beat	other				5303707	1			25000
Sound	n11	other				5350207	1			71500
Picture	3-113-2-3	incorrect	2	10586	7	5409025	7	5166	7	130000	5000
Sound	P1/tapping1	other				5454522	1			25000
Sound	f23	other				5501021	1			71500
Picture	3-112-1-3	hit	1	11530	7	5559840	7	5166	7	130000	5000
Sound	P1/tapping	other				5605337	1			25000
Sound	n10	other				5651838	1			71500
Picture	2-112-1-2	miss				5710656	7	5166	7	130000	5000
Sound	P1/tapping	other				5756152	1			25000
Sound	test10	other				5802653	1			71500
Picture	3-212-1-3	hit	1	8459	7	5861471	7	5166	7	130000	5000
Sound	P1/tapping	other				5906969	1			25000
Sound	test16	other				5953469	1			71500
Picture	2-212-1-2	hit	1	16363	8	6012287	7	5166	7	130000	5000
Sound	P0/none1	other				6057784	1			25000
Sound	test03	other				6104284	1			71500
Picture	2-221-1-2	hit	2	12667	7	6163103	7	5166	7	130000	5000
Sound	P0/none	other				6208600	1			25000
Sound	f22	other				6255100	1			71500
Picture	2-121-2-2	hit	2	10251	8	6313918	7	5166	7	130000	5000
Sound	P0/none	other				6359417	1			25000
Sound	test04	other				6405916	1			71500
Picture	3-221-1-3	hit	2	10076	7	6464734	7	5166	7	130000	5000
Sound	P0/none	other				6510231	1			25000
Sound	test11	other				6556731	1			71500
Picture	2-221-1-2	hit	2	9981	8	6615549	7	5166	7	130000	5000
Sound	P2/beat1	other				6661047	1			25000
Sound	f04	other				6707546	1			71500
Picture	2-113-1-2	hit	1	12525	7	6766365	7	5166	7	130000	5000
Sound	P2/beat	other				6811863	1			25000
Sound	test05	other				6858362	1			71500
Picture	3-213-1-3	hit	1	11948	9	6917181	7	5166	7	130000	5000
Sound	P2/beat	other				6962678	1			25000
Sound	f20	other				7009179	1			71500
Picture	2-123-2-2	hit	2	10173	8	7067996	7	5166	7	130000	5000
Sound	P2/beat	other				7113494	1			25000
Sound	f24	other				7159993	1			71500
Picture	2-113-1-2	hit	1	10717	8	7218812	7	5166	7	130000	5000
Sound	P2/both1	other				7264309	1			25000
Sound	test18	other				7310810	1			71500
Picture	2-224-1-2	hit	2	9662	7	7369628	7	5166	7	130000	5000
Sound	P2/both	other				7415125	1			25000
Sound	test01	other				7461626	1			71500
Picture	3-214-1-3	hit	1	12527	8	7520443	7	5166	7	130000	5000
Sound	P2/both	other				7565942	1			25000
Sound	test17	other				7612441	1			71500
Picture	3-214-1-3	hit	1	14430	8	7671259	7	5166	7	130000	5000
Sound	P2/both	other				7716756	1			25000
Sound	test15	other				7763256	1			71500
Picture	3-214-1-3	hit	1	12254	8	7822074	7	5166	7	130000	5000
Sound	P2/beat1	other				7867572	1			25000
Sound	test02	other				7914072	1			71500
Picture	3-223-1-3	hit	2	9839	7	7972890	7	5166	7	130000	5000
Sound	P2/beat	other				8018388	1			25000
Sound	f08	other				8064887	1			71500
Picture	3-113-2-3	hit	1	12063	7	8123706	7	5166	7	130000	5000
Sound	P2/beat	other				8169202	1			25000
Sound	test23	other				8215703	1			71500
Picture	3-213-1-3	incorrect	2	12848	7	8274521	7	5166	7	130000	5000
Sound	P2/beat	other				8320019	1			25000
Sound	test25	other				8366519	1			71500
Picture	2-223-1-2	hit	2	14032	7	8425337	7	5166	7	130000	5000
Sound	P0/none1	other				8470834	1			25000
Sound	n01	other				8517334	1			71500
Picture	2-211-1-2	incorrect	2	13937	8	8576153	7	5166	7	130000	5000
Sound	P0/none	other				8621650	1			25000
Sound	n12	other				8668151	1			71500
Picture	2-121-2-2	hit	2	16320	8	8726968	7	5166	7	130000	5000
Sound	P0/none	other				8772465	1			25000
Sound	f17	other				8818966	1			71500
Picture	2-121-2-2	hit	2	17585	7	8877784	7	5166	7	130000	5000
Sound	P0/none	other				8923281	1			25000
Sound	n14	other				8969781	1			71500
Picture	2-111-2-2	hit	1	11729	7	9028599	7	5166	7	130000	5000


{
   "app": "Presentation Version 22.1 Build 01.21.21",
   "device": "Dell Inc. OptiPlex 7050",
   "experiment": "{C8E97CB4-6FCA-44FA-B866-4A2D94B6B85C}",
   "os": "Windows 10 64 bit",
   "package": "",
   "parameters": {
      "configuration": "Default configuration"
   },
   "scenario": "entrain_list1_sess3_EB.sce",
   "subject": "009",
   "timestamp": "2022/04/21 15:36:49 GMT"
}
