Scenario - test
Logfile written - 10/14/2022 10:46:13

Subject	Trial	Event Type	Code	Time	TTime	Uncertainty	Duration	Uncertainty	ReqTime	ReqDur	Stim Type	Pair Index

012	1	Sound	P0/none1	25160	24999	1			25000		other	0
012	1	Sound	f01	71660	71500	1			71500		other	0
012	1	Picture	2-111-1-2	130478	130318	7	5166	7	130000	5000	hit	4
012	1	Response	61	147577	147416	1
012	2	Sound	P0/none	175976	25000	1			25000		other	0
012	2	Sound	test01	222476	71500	1			71500		other	0
012	2	Picture	2-211-1-2	281294	130318	7	5166	7	130000	5000	incorrect	8
012	2	Response	52	289817	138841	2
012	3	Sound	P0/none	326791	25000	1			25000		other	0
012	3	Sound	test22	373291	71500	1			71500		other	0
012	3	Picture	3-211-1-3	432109	130318	7	5166	7	130000	5000	hit	12
012	3	Response	61	445176	143385	1
012	4	Sound	P0/none	477606	25000	1			25000		other	0
012	4	Sound	f07	524107	71500	1			71500		other	0
012	4	Picture	2-121-1-2	582924	130318	7	5166	7	130000	5000	hit	16
012	4	Response	62	593577	140970	2
012	5	Sound	P2/beat1	628422	25000	1			25000		other	0
012	5	Sound	f03	674922	71500	1			71500		other	0
012	5	Picture	2-123-1-2	733740	130318	7	5166	7	130000	5000	hit	20
012	5	Response	62	746616	143194	1
012	6	Sound	P2/beat	779237	25000	1			25000		other	0
012	6	Sound	n12	825737	71500	1			71500		other	0
012	6	Picture	3-123-1-3	884555	130318	7	5166	7	130000	5000	hit	24
012	6	Response	62	901976	147739	1
012	7	Sound	P2/beat	930053	25000	1			25000		other	0
012	7	Sound	test10	976553	71500	1			71500		other	0
012	7	Picture	2-213-1-2	1035370	130318	7	5166	7	130000	5000	incorrect	28
012	7	Response	52	1047816	142763	1
012	8	Sound	P2/beat	1080868	25000	1			25000		other	0
012	8	Sound	f17	1127368	71500	1			71500		other	0
012	8	Picture	3-113-1-3	1186186	130318	7	5166	7	130000	5000	hit	32
012	8	Response	61	1192376	136508	1
012	8	Response	51	1200216	144348	1
012	9	Sound	P0/none1	1231683	25000	1			25000		other	0
012	9	Sound	f09	1278183	71500	1			71500		other	0
012	9	Picture	2-111-1-2	1337001	130318	7	5166	7	130000	5000	incorrect	37
012	9	Response	52	1348775	142092	2
012	10	Sound	P0/none	1382498	25000	1			25000		other	0
012	10	Sound	test02	1428998	71500	1			71500		other	0
012	10	Picture	2-221-1-2	1487816	130318	7	5166	7	130000	5000	hit	41
012	10	Response	62	1499896	142397	1
012	11	Sound	P0/none	1533314	25000	1			25000		other	0
012	11	Sound	f20	1579813	71500	1			71500		other	0
012	11	Picture	3-121-1-3	1638632	130318	7	5166	7	130000	5000	hit	45
012	11	Response	62	1654615	146301	2
012	12	Sound	P0/none	1684129	25000	1			25000		other	0
012	12	Sound	test21	1730629	71500	1			71500		other	0
012	12	Picture	3-221-1-3	1789447	130318	7	5166	7	130000	5000	incorrect	49
012	12	Response	51	1803335	144206	1
012	13	Sound	P1/tapping1	1834944	25000	1			25000		other	0
012	13	Response	53	1847735	37791	2
012	13	Response	53	1852695	42751	1
012	13	Response	53	1858535	48591	1
012	13	Response	53	1864455	54511	1
012	13	Response	53	1870215	60271	1
012	13	Response	53	1876375	66431	1
012	13	Sound	test04	1881444	71500	1			71500		other	0
012	13	Response	53	1882375	72431	1
012	13	Picture	2-212-1-2	1940262	130318	7	5166	7	130000	5000	incorrect	60
012	13	Response	52	1955415	145471	1
012	14	Response	53	1981095	20335	1
012	14	Sound	P1/tapping	1985760	25000	1			25000		other	0
012	14	Response	53	1987495	26735	2
012	14	Response	53	1992055	31295	1
012	14	Response	53	1997975	37215	1
012	14	Response	53	2003975	43215	1
012	14	Response	53	2010215	49455	1
012	14	Response	53	2015655	54895	1
012	14	Response	53	2021575	60815	1
012	14	Response	53	2027815	67055	2
012	14	Sound	test23	2032259	71500	1			71500		other	0
012	14	Response	53	2034455	73695	1
012	14	Picture	3-222-1-3	2091078	130318	7	5166	7	130000	5000	hit	74
012	14	Response	62	2102456	141696	2
012	15	Response	53	2130855	19280	1
012	15	Sound	P1/tapping	2136575	25000	1			25000		other	0
012	15	Response	53	2138855	27280	2
012	15	Response	53	2143255	31680	1
012	15	Response	53	2149255	37679	1
012	15	Response	53	2154535	42960	1
012	15	Response	53	2160455	48880	1
012	15	Response	53	2166695	55120	1
012	15	Response	53	2172536	60960	2
012	15	Response	53	2178935	67360	1
012	15	Sound	test06	2183075	71500	1			71500		other	0
012	15	Response	53	2184776	73200	3
012	15	Picture	2-222-1-2	2241893	130318	7	5166	7	130000	5000	incorrect	88
012	15	Response	51	2255815	144240	1
012	16	Sound	P1/tapping	2287390	25000	1			25000		other	0
012	16	Response	53	2289895	27504	2
012	16	Response	53	2293895	31505	1
012	16	Response	53	2299255	36865	1
012	16	Response	53	2305815	43425	1
012	16	Response	53	2311256	48865	2
012	16	Response	53	2316295	53905	1
012	16	Response	53	2322295	59904	1
012	16	Response	53	2327735	65345	1
012	16	Response	53	2333255	70864	1
012	16	Sound	test07	2333890	71500	1			71500		other	0
012	16	Picture	2-212-1-2	2392708	130318	7	5166	7	130000	5000	incorrect	101
012	16	Response	52	2408455	146064	1
012	17	Sound	P2/both1	2438205	25000	1			25000		other	0
012	17	Response	53	2441735	28529	1
012	17	Response	53	2445815	32610	1
012	17	Response	53	2450055	36849	2
012	17	Response	53	2455335	42129	1
012	17	Response	53	2460694	47489	2
012	17	Response	53	2466936	53730	2
012	17	Response	53	2473335	60129	1
012	17	Response	53	2479495	66289	2
012	17	Sound	n01	2484706	71500	1			71500		other	0
012	17	Response	53	2485415	72209	1
012	17	Picture	3-214-1-3	2543524	130318	7	5166	7	130000	5000	hit	114
012	17	Response	61	2558295	145089	1
012	18	Sound	P2/both	2589021	25000	1			25000		other	0
012	18	Response	53	2591655	27634	2
012	18	Response	53	2596455	32434	1
012	18	Response	53	2601175	37154	1
012	18	Response	53	2606695	42674	1
012	18	Response	53	2612295	48274	1
012	18	Response	53	2618375	54354	1
012	18	Response	53	2624135	60114	1
012	18	Response	53	2630215	66194	1
012	18	Sound	f22	2635521	71500	1			71500		other	0
012	18	Response	53	2636055	72034	1
012	18	Picture	3-124-1-3	2694339	130318	7	5166	7	130000	5000	hit	127
012	18	Response	62	2712055	148034	1
012	19	Sound	P2/both	2739836	25000	1			25000		other	0
012	19	Response	53	2742455	27618	1
012	19	Response	53	2746375	31538	1
012	19	Response	53	2751735	36899	2
012	19	Response	53	2757575	42738	2
012	19	Response	53	2763415	48578	1
012	19	Response	53	2769974	55138	2
012	19	Response	53	2775495	60658	1
012	19	Response	53	2781335	66498	1
012	19	Sound	f19	2786336	71500	1			71500		other	0
012	19	Response	53	2787334	72498	1
012	19	Picture	3-114-1-3	2845154	130318	7	5166	7	130000	5000	hit	140
012	19	Response	61	2855655	140819	2
012	20	Sound	P2/both	2890651	25000	1			25000		other	0
012	20	Response	53	2894295	28643	1
012	20	Response	53	2897894	32243	1
012	20	Response	53	2902615	36963	1
012	20	Response	53	2908136	42484	3
012	20	Response	53	2914295	48643	2
012	20	Response	53	2920134	54483	2
012	20	Response	53	2925975	60323	1
012	20	Response	53	2931815	66163	3
012	20	Sound	test16	2937151	71500	1			71500		other	0
012	20	Response	53	2937495	71843	1
012	20	Picture	3-224-1-3	2995969	130318	7	5166	7	130000	5000	hit	153
012	20	Response	62	3010295	144643	1
012	21	Sound	P1/tapping1	3041467	25000	1			25000		other	0
012	21	Response	53	3043335	26868	1
012	21	Response	53	3047895	31428	2
012	21	Response	53	3053494	37027	1
012	21	Response	53	3059095	42628	2
012	21	Response	53	3065254	48787	1
012	21	Response	53	3071895	55427	1
012	21	Response	53	3078614	62147	1
012	21	Response	53	3084295	67828	1
012	21	Sound	test05	3087967	71500	1			71500		other	0
012	21	Response	53	3090694	74227	2
012	21	Picture	2-222-1-2	3146785	130318	7	5166	7	130000	5000	hit	166
012	21	Response	62	3157415	140947	2
012	22	Sound	P1/tapping	3192279	24996	1			25000		other	0
012	22	Response	53	3194774	27492	1
012	22	Response	53	3199014	31732	1
012	22	Response	53	3204854	37572	1
012	22	Response	53	3211175	43893	2
012	22	Response	53	3217574	50292	1
012	22	Response	53	3224694	57412	1
012	22	Response	53	3231094	63812	1
012	22	Response	53	3238374	71092	1
012	22	Sound	test08	3238782	71500	1			71500		other	0
012	22	Picture	2-212-1-2	3297600	130318	7	5166	7	130000	5000	incorrect	178
012	22	Response	52	3310694	143412	1
012	23	Sound	P1/tapping	3343097	25000	1			25000		other	0
012	23	Response	53	3347254	29157	1
012	23	Response	53	3352614	34517	1
012	23	Response	53	3359014	40917	1
012	23	Response	53	3365654	47557	1
012	23	Response	53	3372374	54277	1
012	23	Response	53	3378614	60517	1
012	23	Response	53	3385654	67557	1
012	23	Sound	test14	3389597	71500	1			71500		other	0
012	23	Picture	3-212-1-3	3448415	130318	72	5166	72	130000	5000	incorrect	189
012	23	Response	52	3463494	145397	1
012	24	Sound	P1/tapping	3493913	25000	1			25000		other	0
012	24	Response	53	3499254	30341	2
012	24	Response	53	3503974	35061	1
012	24	Response	53	3510294	41381	1
012	24	Response	53	3516934	48021	2
012	24	Response	53	3523574	54661	1
012	24	Response	53	3529734	60821	1
012	24	Response	53	3536374	67461	1
012	24	Sound	test19	3540413	71500	1			71500		other	0
012	24	Response	53	3543254	74341	1
012	24	Picture	3-212-1-3	3599231	130318	7	5166	7	130000	5000	hit	201
012	24	Response	61	3608134	139221	1
012	25	Sound	P2/beat1	3644728	25000	1			25000		other	0
012	25	Sound	f15	3691228	71500	1			71500		other	0
012	25	Picture	3-113-1-3	3750046	130318	7	5166	7	130000	5000	hit	205
012	25	Response	61	3760854	141126	1
012	26	Sound	P2/beat	3795543	25000	1			25000		other	0
012	26	Sound	f16	3842043	71500	1			71500		other	0
012	26	Picture	3-123-1-3	3900861	130318	7	5166	7	130000	5000	hit	209
012	26	Response	62	3914054	143510	1
012	27	Sound	P2/beat	3946359	25000	1			25000		other	0
012	27	Sound	f18	3992859	71500	1			71500		other	0
012	27	Picture	3-113-1-3	4051677	130318	7	5166	7	130000	5000	hit	213
012	27	Response	61	4060934	139575	1
012	28	Sound	P2/beat	4097174	25000	1			25000		other	0
012	28	Sound	test18	4143674	71500	1			71500		other	0
012	28	Picture	3-223-1-3	4202492	130318	7	5166	7	130000	5000	incorrect	217
012	28	Response	51	4214454	142280	2
012	29	Sound	P2/both1	4247989	25000	1			25000		other	0
012	29	Response	53	4250294	27304	1
012	29	Response	53	4254774	31784	2
012	29	Response	53	4259734	36744	2
012	29	Response	53	4265414	42424	1
012	29	Response	53	4271254	48264	1
012	29	Response	53	4277734	54744	1
012	29	Response	53	4283813	60824	1
012	29	Response	53	4289974	66984	1
012	29	Sound	f10	4294489	71500	1			71500		other	0
012	29	Response	53	4295814	72824	1
012	29	Picture	2-114-1-2	4353308	130318	7	5166	7	130000	5000	hit	230
012	29	Response	61	4364054	141064	2
012	30	Sound	P2/both	4398805	25000	1			25000		other	0
012	30	Response	53	4401254	27448	1
012	30	Response	53	4404534	30728	2
012	30	Response	53	4410534	36729	2
012	30	Response	53	4416854	43048	1
012	30	Response	53	4422774	48968	1
012	30	Response	53	4428534	54729	1
012	30	Response	53	4434454	60648	2
012	30	Response	53	4440534	66729	2
012	30	Sound	f12	4445305	71500	1			71500		other	0
012	30	Response	53	4446534	72729	1
012	30	Picture	2-114-1-2	4504123	130318	7	5166	7	130000	5000	hit	243
012	30	Response	61	4520934	147129	2
012	31	Sound	P2/both	4549620	25000	1			25000		other	0
012	31	Response	53	4552454	27834	1
012	31	Response	53	4556534	31913	1
012	31	Response	53	4561733	37113	2
012	31	Response	53	4567654	43034	2
012	31	Response	53	4573813	49193	1
012	31	Response	53	4579413	54793	1
012	31	Response	53	4585574	60953	1
012	31	Response	53	4591093	66473	1
012	31	Sound	n05	4596120	71500	1			71500		other	0
012	31	Response	53	4597014	72394	2
012	31	Picture	3-124-1-3	4654938	130318	7	5166	7	130000	5000	hit	256
012	31	Response	62	4666533	141913	1
012	32	Sound	P2/both	4700436	25000	1			25000		other	0
012	32	Response	53	4702454	27018	2
012	32	Response	53	4706773	31337	1
012	32	Response	53	4712213	36777	1
012	32	Response	53	4718293	42857	1
012	32	Response	53	4724213	48777	1
012	32	Response	53	4729813	54377	1
012	32	Response	53	4735494	60058	1
012	32	Response	53	4741493	66057	1
012	32	Sound	f13	4746936	71500	1			71500		other	0
012	32	Response	53	4747814	72378	1
012	32	Picture	3-124-1-3	4805754	130318	7	5166	7	130000	5000	hit	269
012	32	Response	62	4816453	141017	1
012	33	Sound	P0/none1	4851251	25000	1			25000		other	0
012	33	Sound	n09	4897751	71500	1			71500		other	0
012	33	Picture	3-211-1-3	4956569	130318	7	5166	7	130000	5000	hit	273
012	33	Response	61	4965413	139162	1
012	34	Sound	P0/none	5002066	25000	1			25000		other	0
012	34	Sound	test13	5048566	71500	1			71500		other	0
012	34	Picture	3-221-1-3	5107385	130318	7	5166	7	130000	5000	hit	277
012	34	Response	62	5118933	141867	1
012	35	Sound	P0/none	5152882	25000	1			25000		other	0
012	35	Sound	f11	5199381	71499	1			71500		other	0
012	35	Picture	2-111-1-2	5258200	130318	7	5166	7	130000	5000	hit	281
012	35	Response	61	5268613	140731	2
012	36	Sound	P0/none	5303697	25000	1			25000		other	0
012	36	Sound	test17	5350197	71500	1			71500		other	0
012	36	Picture	2-211-2-2	5409015	130318	7	5166	7	130000	5000	hit	285
012	36	Response	61	5423493	144796	2
012	37	Sound	P2/both1	5454513	25000	1			25000		other	0
012	37	Response	53	5457093	27580	1
012	37	Response	53	5462453	32941	1
012	37	Response	53	5466933	37420	1
012	37	Response	53	5472613	43100	1
012	37	Response	53	5478134	48621	2
012	37	Response	53	5484214	54701	1
012	37	Response	53	5489973	60460	1
012	37	Response	53	5496053	66540	1
012	37	Sound	f06	5501012	71500	1			71500		other	0
012	37	Response	53	5501333	71820	1
012	37	Picture	2-114-1-2	5559831	130318	7	5166	7	130000	5000	incorrect	298
012	37	Response	52	5573013	143500	2
012	38	Sound	P2/both	5605328	25000	1			25000		other	0
012	38	Response	53	5607813	27485	1
012	38	Response	53	5611733	31405	2
012	38	Response	53	5617093	36765	1
012	38	Response	53	5623333	43005	1
012	38	Response	53	5630453	50125	2
012	38	Response	53	5635973	55645	1
012	38	Response	53	5641253	60925	2
012	38	Response	53	5647493	67165	1
012	38	Sound	f24	5651828	71500	1			71500		other	0
012	38	Picture	3-114-1-3	5710646	130318	7	5166	7	130000	5000	hit	310
012	38	Response	61	5719093	138765	2
012	39	Sound	P2/both	5756143	25000	1			25000		other	0
012	39	Response	53	5758053	26909	3
012	39	Response	53	5762373	31229	1
012	39	Response	53	5767972	36829	1
012	39	Response	53	5773573	42429	3
012	39	Response	53	5779733	48589	3
012	39	Response	53	5785573	54429	2
012	39	Response	53	5792132	60989	1
012	39	Response	53	5797653	66509	1
012	39	Sound	f08	5802643	71500	1			71500		other	0
012	39	Picture	2-114-1-2	5861461	130318	7	5166	7	130000	5000	hit	322
012	39	Response	61	5870053	138909	1
012	40	Sound	P2/both	5906959	25000	1			25000		other	0
012	40	Response	53	5911093	29134	1
012	40	Response	53	5915333	33374	1
012	40	Response	53	5919573	37614	1
012	40	Response	53	5924933	42974	1
012	40	Response	53	5930693	48734	2
012	40	Response	53	5936053	54094	2
012	40	Response	53	5942053	60094	1
012	40	Response	53	5948133	66174	1
012	40	Sound	n04	5953459	71500	1			71500		other	0
012	40	Response	53	5954053	72094	1
012	40	Picture	2-224-1-2	6012277	130318	7	5166	7	130000	5000	hit	335
012	40	Response	62	6024853	142894	3
012	41	Sound	P2/beat1	6057774	25000	1			25000		other	0
012	41	Sound	test09	6104274	71500	1			71500		other	0
012	41	Picture	2-223-1-2	6163092	130318	7	5166	7	130000	5000	hit	339
012	41	Response	62	6175733	142958	1
012	42	Sound	P2/beat	6208590	25000	1			25000		other	0
012	42	Sound	test03	6255090	71500	1			71500		other	0
012	42	Picture	2-213-1-2	6313908	130318	7	5166	7	130000	5000	incorrect	343
012	42	Response	52	6323653	140063	2
012	43	Sound	P2/beat	6359405	25000	1			25000		other	0
012	43	Sound	n10	6405905	71500	1			71500		other	0
012	43	Picture	3-123-1-3	6464723	130318	7	5166	7	130000	5000	hit	347
012	43	Response	62	6475652	141247	2
012	44	Sound	P2/beat	6510220	25000	1			25000		other	0
012	44	Sound	test24	6556720	71500	1			71500		other	0
012	44	Picture	3-223-1-3	6615538	130318	7	5166	7	130000	5000	hit	351
012	44	Response	62	6629972	144752	1
012	45	Sound	P1/tapping1	6661036	25000	1			25000		other	0
012	45	Response	53	6663492	27456	1
012	45	Response	53	6667332	31296	2
012	45	Response	53	6673652	37616	1
012	45	Response	53	6679412	43376	1
012	45	Response	53	6685652	49616	1
012	45	Response	53	6691972	55936	1
012	45	Response	53	6698612	62576	1
012	45	Response	53	6705332	69296	1
012	45	Sound	f05	6707536	71500	1			71500		other	0
012	45	Picture	2-112-1-2	6766354	130318	7	5166	7	130000	5000	incorrect	363
012	45	Response	52	6779252	143216	1
012	46	Response	53	6808132	21281	1
012	46	Sound	P1/tapping	6811851	25000	1			25000		other	0
012	46	Response	53	6813812	26960	1
012	46	Response	53	6819092	32240	2
012	46	Response	53	6824612	37760	1
012	46	Response	53	6830532	43681	1
012	46	Response	53	6836852	50001	1
012	46	Response	53	6843572	56721	2
012	46	Response	53	6850612	63761	1
012	46	Response	53	6856372	69521	1
012	46	Sound	f04	6858351	71500	1			71500		other	0
012	46	Picture	2-122-1-2	6917169	130318	7	5166	7	130000	5000	hit	376
012	46	Response	62	6928772	141921	1
012	47	Sound	P1/tapping	6962667	25000	1			25000		other	0
012	47	Response	53	6967172	29505	1
012	47	Response	53	6972292	34625	1
012	47	Response	53	6978132	40465	1
012	47	Response	53	6984772	47105	1
012	47	Response	53	6991092	53425	1
012	47	Response	53	6997572	59905	1
012	47	Response	53	7003812	66145	1
012	47	Sound	n13	7009167	71500	1			71500		other	0
012	47	Response	53	7009892	72225	1
012	47	Picture	3-222-1-3	7067985	130318	7	5166	7	130000	5000	hit	388
012	47	Response	62	7082372	144705	1
012	48	Sound	P1/tapping	7113482	25000	1			25000		other	0
012	48	Response	53	7117572	29089	1
012	48	Response	53	7123012	34529	1
012	48	Response	53	7129252	40769	1
012	48	Response	53	7135412	46930	2
012	48	Response	53	7141732	53249	1
012	48	Response	53	7147412	58929	1
012	48	Response	53	7153812	65330	2
012	48	Sound	f21	7159982	71500	1			71500		other	0
012	48	Response	53	7160531	72049	1
012	48	Picture	3-112-1-3	7218800	130318	7	5166	7	130000	5000	hit	400
012	48	Response	61	7227412	138929	1
012	49	Sound	P0/none1	7264297	25000	1			25000		other	0
012	49	Sound	test25	7310797	71500	1			71500		other	0
012	49	Picture	3-211-1-3	7369615	130318	7	5166	7	130000	5000	hit	404
012	49	Response	61	7378612	139314	1
012	50	Sound	P0/none	7415113	25000	1			25000		other	0
012	50	Sound	test12	7461613	71500	1			71500		other	0
012	50	Picture	2-221-1-2	7520431	130318	7	5166	7	130000	5000	hit	408
012	50	Response	62	7531332	141219	1
012	51	Sound	P0/none	7565928	25000	1			25000		other	0
012	51	Sound	n03	7612428	71500	1			71500		other	0
012	51	Picture	2-111-1-2	7671246	130318	7	5166	7	130000	5000	incorrect	412
012	51	Response	52	7686371	145443	1
012	52	Sound	P0/none	7716744	25000	1			25000		other	0
012	52	Sound	f23	7763244	71500	1			71500		other	0
012	52	Picture	2-121-1-2	7822062	130318	7	5166	7	130000	5000	hit	416
012	52	Response	62	7831332	139588	2
012	53	Sound	P1/tapping1	7867559	25000	1			25000		other	0
012	53	Response	53	7869891	27332	1
012	53	Response	53	7873891	31332	1
012	53	Response	53	7881572	39012	1
012	53	Response	53	7887011	44452	1
012	53	Response	53	7893491	50932	1
012	53	Response	53	7899891	57332	1
012	53	Response	53	7906772	64213	2
012	53	Response	53	7912851	70292	1
012	53	Sound	f02	7914059	71500	1			71500		other	0
012	53	Picture	2-122-1-2	7972877	130318	7	5166	7	130000	5000	hit	428
012	53	Response	62	7981891	139331	1
012	54	Sound	P1/tapping	8018374	25000	1			25000		other	0
012	54	Response	53	8020131	26757	2
012	54	Response	53	8025011	31636	1
012	54	Response	53	8031091	37716	1
012	54	Response	53	8037411	44036	1
012	54	Response	53	8044132	50757	2
012	54	Response	53	8050451	57076	1
012	54	Response	53	8056771	63396	1
012	54	Response	53	8063331	69956	3
012	54	Sound	test15	8064875	71500	1			71500		other	0
012	54	Picture	3-222-1-3	8123693	130318	7	5166	7	130000	5000	hit	440
012	54	Response	62	8136051	142677	1
012	55	Sound	P1/tapping	8169190	25000	1			25000		other	0
012	55	Response	53	8174052	29861	2
012	55	Response	53	8179252	35061	1
012	55	Response	53	8185171	40981	1
012	55	Response	53	8191411	47221	2
012	55	Response	53	8197812	53621	1
012	55	Response	53	8204531	60341	1
012	55	Response	53	8210531	66341	1
012	55	Sound	test11	8215690	71500	1			71500		other	0
012	55	Response	53	8216291	72101	1
012	55	Picture	2-212-1-2	8274508	130318	7	5166	7	130000	5000	hit	452
012	55	Response	61	8285571	141381	1
012	56	Sound	P1/tapping	8320005	25000	1			25000		other	0
012	56	Response	53	8321651	26645	1
012	56	Response	53	8326451	31445	1
012	56	Response	53	8332371	37365	1
012	56	Response	53	8338851	43845	1
012	56	Response	53	8344931	49925	1
012	56	Response	53	8351571	56565	1
012	56	Response	53	8357971	62966	3
012	56	Response	53	8364531	69525	1
012	56	Sound	n06	8366505	71500	1			71500		other	0
012	56	Picture	3-222-1-3	8425324	130318	7	5166	7	130000	5000	incorrect	464
012	56	Response	51	8433571	138565	2
012	57	Sound	P2/both1	8470821	25000	1			25000		other	0
012	57	Response	53	8472930	27109	2
012	57	Response	53	8477411	31590	1
012	57	Response	53	8482611	36790	1
012	57	Response	53	8488371	42550	2
012	57	Response	53	8494291	48469	2
012	57	Response	53	8500211	54390	1
012	57	Response	53	8505651	59830	2
012	57	Response	53	8512371	66550	1
012	57	Sound	n11	8517321	71500	1			71500		other	0
012	57	Response	53	8518051	72230	1
012	57	Picture	2-124-1-2	8576139	130318	7	5166	7	130000	5000	hit	477
012	57	Response	62	8585251	139429	1
012	58	Sound	P2/both	8621637	25000	1			25000		other	0
012	58	Response	53	8638611	41974	1
012	58	Response	53	8644291	47654	1
012	58	Response	53	8650211	53574	1
012	58	Response	53	8656131	59494	1
012	58	Response	53	8662131	65494	1
012	58	Response	53	8667731	71094	2
012	58	Sound	n14	8668137	71500	1			71500		other	0
012	58	Picture	3-124-1-3	8726954	130318	7	5166	7	130000	5000	incorrect	487
012	58	Response	51	8740851	144215	1
012	59	Sound	P2/both	8772453	25001	1			25000		other	0
012	59	Response	53	8774211	26759	1
012	59	Response	53	8778531	31079	1
012	59	Response	53	8783891	36439	1
012	59	Response	53	8789651	42199	1
012	59	Response	53	8795011	47559	2
012	59	Response	53	8801251	53799	2
012	59	Response	53	8807331	59879	1
012	59	Response	53	8813011	65559	1
012	59	Sound	f14	8818952	71500	1			71500		other	0
012	59	Response	53	8819091	71639	1
012	59	Picture	3-124-1-3	8877770	130318	7	5166	7	130000	5000	hit	500
012	59	Response	62	8890130	142678	1
012	60	Response	53	8919491	21223	1
012	60	Sound	P2/both	8923267	25000	1			25000		other	0
012	60	Response	53	8925411	27143	1
012	60	Response	53	8933010	34743	1
012	60	Response	53	8939971	41703	1
012	60	Response	53	8945971	47704	2
012	60	Response	53	8951890	53623	1
012	60	Response	53	8958210	59943	1
012	60	Response	53	8965011	66743	1
012	60	Sound	n07	8969768	71500	1			71500		other	0
012	60	Picture	2-214-1-2	9028585	130318	7	5166	7	130000	5000	hit	512
012	60	Response	61	9036691	138423	1


Event Type	Code	Type	Response	RT	RT Uncertainty	Time	Uncertainty	Duration	Uncertainty	ReqTime	ReqDur

Sound	P0/none1	other				25160	1			25000
Sound	f01	other				71660	1			71500
Picture	2-111-1-2	hit	1	17098	7	130478	7	5166	7	130000	5000
Sound	P0/none	other				175976	1			25000
Sound	test01	other				222476	1			71500
Picture	2-211-1-2	incorrect	2	8523	8	281294	7	5166	7	130000	5000
Sound	P0/none	other				326791	1			25000
Sound	test22	other				373291	1			71500
Picture	3-211-1-3	hit	1	13067	7	432109	7	5166	7	130000	5000
Sound	P0/none	other				477606	1			25000
Sound	f07	other				524107	1			71500
Picture	2-121-1-2	hit	2	10653	9	582924	7	5166	7	130000	5000
Sound	P2/beat1	other				628422	1			25000
Sound	f03	other				674922	1			71500
Picture	2-123-1-2	hit	2	12876	7	733740	7	5166	7	130000	5000
Sound	P2/beat	other				779237	1			25000
Sound	n12	other				825737	1			71500
Picture	3-123-1-3	hit	2	17421	7	884555	7	5166	7	130000	5000
Sound	P2/beat	other				930053	1			25000
Sound	test10	other				976553	1			71500
Picture	2-213-1-2	incorrect	2	12445	7	1035370	7	5166	7	130000	5000
Sound	P2/beat	other				1080868	1			25000
Sound	f17	other				1127368	1			71500
Picture	3-113-1-3	hit	1	6190	7	1186186	7	5166	7	130000	5000
Sound	P0/none1	other				1231683	1			25000
Sound	f09	other				1278183	1			71500
Picture	2-111-1-2	incorrect	2	11774	8	1337001	7	5166	7	130000	5000
Sound	P0/none	other				1382498	1			25000
Sound	test02	other				1428998	1			71500
Picture	2-221-1-2	hit	2	12079	7	1487816	7	5166	7	130000	5000
Sound	P0/none	other				1533314	1			25000
Sound	f20	other				1579813	1			71500
Picture	3-121-1-3	hit	2	15984	8	1638632	7	5166	7	130000	5000
Sound	P0/none	other				1684129	1			25000
Sound	test21	other				1730629	1			71500
Picture	3-221-1-3	incorrect	1	13888	7	1789447	7	5166	7	130000	5000
Sound	P1/tapping1	other				1834944	1			25000
Sound	test04	other				1881444	1			71500
Picture	2-212-1-2	incorrect	2	15153	7	1940262	7	5166	7	130000	5000
Sound	P1/tapping	other				1985760	1			25000
Sound	test23	other				2032259	1			71500
Picture	3-222-1-3	hit	2	11378	8	2091078	7	5166	7	130000	5000
Sound	P1/tapping	other				2136575	1			25000
Sound	test06	other				2183075	1			71500
Picture	2-222-1-2	incorrect	1	13922	7	2241893	7	5166	7	130000	5000
Sound	P1/tapping	other				2287390	1			25000
Sound	test07	other				2333890	1			71500
Picture	2-212-1-2	incorrect	2	15747	7	2392708	7	5166	7	130000	5000
Sound	P2/both1	other				2438205	1			25000
Sound	n01	other				2484706	1			71500
Picture	3-214-1-3	hit	1	14771	7	2543524	7	5166	7	130000	5000
Sound	P2/both	other				2589021	1			25000
Sound	f22	other				2635521	1			71500
Picture	3-124-1-3	hit	2	17716	7	2694339	7	5166	7	130000	5000
Sound	P2/both	other				2739836	1			25000
Sound	f19	other				2786336	1			71500
Picture	3-114-1-3	hit	1	10501	8	2845154	7	5166	7	130000	5000
Sound	P2/both	other				2890651	1			25000
Sound	test16	other				2937151	1			71500
Picture	3-224-1-3	hit	2	14325	7	2995969	7	5166	7	130000	5000
Sound	P1/tapping1	other				3041467	1			25000
Sound	test05	other				3087967	1			71500
Picture	2-222-1-2	hit	2	10630	8	3146785	7	5166	7	130000	5000
Sound	P1/tapping	other				3192279	1			25000
Sound	test08	other				3238782	1			71500
Picture	2-212-1-2	incorrect	2	13094	7	3297600	7	5166	7	130000	5000
Sound	P1/tapping	other				3343097	1			25000
Sound	test14	other				3389597	1			71500
Picture	3-212-1-3	incorrect	2	15079	72	3448415	72	5166	72	130000	5000
Sound	P1/tapping	other				3493913	1			25000
Sound	test19	other				3540413	1			71500
Picture	3-212-1-3	hit	1	8903	7	3599231	7	5166	7	130000	5000
Sound	P2/beat1	other				3644728	1			25000
Sound	f15	other				3691228	1			71500
Picture	3-113-1-3	hit	1	10808	7	3750046	7	5166	7	130000	5000
Sound	P2/beat	other				3795543	1			25000
Sound	f16	other				3842043	1			71500
Picture	3-123-1-3	hit	2	13192	7	3900861	7	5166	7	130000	5000
Sound	P2/beat	other				3946359	1			25000
Sound	f18	other				3992859	1			71500
Picture	3-113-1-3	hit	1	9257	7	4051677	7	5166	7	130000	5000
Sound	P2/beat	other				4097174	1			25000
Sound	test18	other				4143674	1			71500
Picture	3-223-1-3	incorrect	1	11962	8	4202492	7	5166	7	130000	5000
Sound	P2/both1	other				4247989	1			25000
Sound	f10	other				4294489	1			71500
Picture	2-114-1-2	hit	1	10746	8	4353308	7	5166	7	130000	5000
Sound	P2/both	other				4398805	1			25000
Sound	f12	other				4445305	1			71500
Picture	2-114-1-2	hit	1	16811	8	4504123	7	5166	7	130000	5000
Sound	P2/both	other				4549620	1			25000
Sound	n05	other				4596120	1			71500
Picture	3-124-1-3	hit	2	11595	7	4654938	7	5166	7	130000	5000
Sound	P2/both	other				4700436	1			25000
Sound	f13	other				4746936	1			71500
Picture	3-124-1-3	hit	2	10700	7	4805754	7	5166	7	130000	5000
Sound	P0/none1	other				4851251	1			25000
Sound	n09	other				4897751	1			71500
Picture	3-211-1-3	hit	1	8844	7	4956569	7	5166	7	130000	5000
Sound	P0/none	other				5002066	1			25000
Sound	test13	other				5048566	1			71500
Picture	3-221-1-3	hit	2	11549	7	5107385	7	5166	7	130000	5000
Sound	P0/none	other				5152882	1			25000
Sound	f11	other				5199381	1			71500
Picture	2-111-1-2	hit	1	10413	8	5258200	7	5166	7	130000	5000
Sound	P0/none	other				5303697	1			25000
Sound	test17	other				5350197	1			71500
Picture	2-211-2-2	hit	1	14478	8	5409015	7	5166	7	130000	5000
Sound	P2/both1	other				5454513	1			25000
Sound	f06	other				5501012	1			71500
Picture	2-114-1-2	incorrect	2	13182	8	5559831	7	5166	7	130000	5000
Sound	P2/both	other				5605328	1			25000
Sound	f24	other				5651828	1			71500
Picture	3-114-1-3	hit	1	8447	8	5710646	7	5166	7	130000	5000
Sound	P2/both	other				5756143	1			25000
Sound	f08	other				5802643	1			71500
Picture	2-114-1-2	hit	1	8591	7	5861461	7	5166	7	130000	5000
Sound	P2/both	other				5906959	1			25000
Sound	n04	other				5953459	1			71500
Picture	2-224-1-2	hit	2	12576	9	6012277	7	5166	7	130000	5000
Sound	P2/beat1	other				6057774	1			25000
Sound	test09	other				6104274	1			71500
Picture	2-223-1-2	hit	2	12640	7	6163092	7	5166	7	130000	5000
Sound	P2/beat	other				6208590	1			25000
Sound	test03	other				6255090	1			71500
Picture	2-213-1-2	incorrect	2	9745	8	6313908	7	5166	7	130000	5000
Sound	P2/beat	other				6359405	1			25000
Sound	n10	other				6405905	1			71500
Picture	3-123-1-3	hit	2	10929	8	6464723	7	5166	7	130000	5000
Sound	P2/beat	other				6510220	1			25000
Sound	test24	other				6556720	1			71500
Picture	3-223-1-3	hit	2	14434	7	6615538	7	5166	7	130000	5000
Sound	P1/tapping1	other				6661036	1			25000
Sound	f05	other				6707536	1			71500
Picture	2-112-1-2	incorrect	2	12898	7	6766354	7	5166	7	130000	5000
Sound	P1/tapping	other				6811851	1			25000
Sound	f04	other				6858351	1			71500
Picture	2-122-1-2	hit	2	11603	7	6917169	7	5166	7	130000	5000
Sound	P1/tapping	other				6962667	1			25000
Sound	n13	other				7009167	1			71500
Picture	3-222-1-3	hit	2	14387	7	7067985	7	5166	7	130000	5000
Sound	P1/tapping	other				7113482	1			25000
Sound	f21	other				7159982	1			71500
Picture	3-112-1-3	hit	1	8612	7	7218800	7	5166	7	130000	5000
Sound	P0/none1	other				7264297	1			25000
Sound	test25	other				7310797	1			71500
Picture	3-211-1-3	hit	1	8996	7	7369615	7	5166	7	130000	5000
Sound	P0/none	other				7415113	1			25000
Sound	test12	other				7461613	1			71500
Picture	2-221-1-2	hit	2	10901	7	7520431	7	5166	7	130000	5000
Sound	P0/none	other				7565928	1			25000
Sound	n03	other				7612428	1			71500
Picture	2-111-1-2	incorrect	2	15125	7	7671246	7	5166	7	130000	5000
Sound	P0/none	other				7716744	1			25000
Sound	f23	other				7763244	1			71500
Picture	2-121-1-2	hit	2	9270	8	7822062	7	5166	7	130000	5000
Sound	P1/tapping1	other				7867559	1			25000
Sound	f02	other				7914059	1			71500
Picture	2-122-1-2	hit	2	9013	7	7972877	7	5166	7	130000	5000
Sound	P1/tapping	other				8018374	1			25000
Sound	test15	other				8064875	1			71500
Picture	3-222-1-3	hit	2	12359	7	8123693	7	5166	7	130000	5000
Sound	P1/tapping	other				8169190	1			25000
Sound	test11	other				8215690	1			71500
Picture	2-212-1-2	hit	1	11063	7	8274508	7	5166	7	130000	5000
Sound	P1/tapping	other				8320005	1			25000
Sound	n06	other				8366505	1			71500
Picture	3-222-1-3	incorrect	1	8247	8	8425324	7	5166	7	130000	5000
Sound	P2/both1	other				8470821	1			25000
Sound	n11	other				8517321	1			71500
Picture	2-124-1-2	hit	2	9112	7	8576139	7	5166	7	130000	5000
Sound	P2/both	other				8621637	1			25000
Sound	n14	other				8668137	1			71500
Picture	3-124-1-3	incorrect	1	13897	7	8726954	7	5166	7	130000	5000
Sound	P2/both	other				8772453	1			25000
Sound	f14	other				8818952	1			71500
Picture	3-124-1-3	hit	2	12360	7	8877770	7	5166	7	130000	5000
Sound	P2/both	other				8923267	1			25000
Sound	n07	other				8969768	1			71500
Picture	2-214-1-2	hit	1	8105	7	9028585	7	5166	7	130000	5000


{
   "app": "Presentation Version 22.1 Build 01.21.21",
   "device": "Dell Inc. OptiPlex 7050",
   "experiment": "{C8E97CB4-6FCA-44FA-B866-4A2D94B6B85C}",
   "os": "Windows 10 64 bit",
   "package": "",
   "parameters": {
      "configuration": "Default configuration"
   },
   "scenario": "entrain_list1_sess1_EB.sce",
   "subject": "012",
   "timestamp": "2022/10/14 08:31:02 GMT"
}
