Scenario - test
Logfile written - 10/14/2022 11:23:20

Subject	Trial	Event Type	Code	Time	TTime	Uncertainty	Duration	Uncertainty	ReqTime	ReqDur	Stim Type	Pair Index

012	1	Sound	P1/tapping1	25082	24755	1			25000		other	0
012	1	Response	53	27969	27641	1
012	1	Response	53	32368	32041	1
012	1	Response	53	39249	38921	1
012	1	Response	53	45169	44841	1
012	1	Response	53	51329	51001	1
012	1	Response	53	58129	57801	1
012	1	Response	53	64208	63881	1
012	1	Response	53	70849	70521	1
012	1	Sound	n05	71821	71494	1			71500		other	0
012	1	Picture	2-122-2-2	130645	130318	7	5166	7	130000	5000	hit	12
012	1	Response	62	142209	141882	2
012	2	Sound	P1/tapping	176127	24985	1			25000		other	0
012	2	Response	53	178048	26906	1
012	2	Response	53	183569	32426	1
012	2	Response	53	190689	39546	1
012	2	Response	53	197488	46346	1
012	2	Response	53	202929	51786	1
012	2	Response	53	209248	58106	1
012	2	Response	53	215648	64506	1
012	2	Response	53	221728	70585	3
012	2	Sound	f18	222641	71498	1			71500		other	0
012	2	Picture	3-122-1-3	281461	130318	7	5166	7	130000	5000	hit	24
012	2	Response	62	291088	139946	1
012	3	Sound	P1/tapping	326950	24992	1			25000		other	0
012	3	Response	53	332048	30090	1
012	3	Response	53	337408	35450	1
012	3	Response	53	343409	41450	1
012	3	Response	53	349328	47370	1
012	3	Response	53	354848	52890	1
012	3	Response	53	360768	58810	1
012	3	Response	53	366768	64810	1
012	3	Response	53	372608	70650	1
012	3	Sound	f09	373457	71499	1			71500		other	0
012	3	Picture	2-122-1-2	432276	130318	7	5166	7	130000	5000	hit	36
012	3	Response	62	442288	140330	1
012	4	Sound	P1/tapping	477768	24994	1			25000		other	0
012	4	Response	53	482288	29514	1
012	4	Response	53	488528	35754	1
012	4	Response	53	494768	41994	1
012	4	Response	53	501248	48474	1
012	4	Response	53	507248	54474	1
012	4	Response	53	513648	60874	1
012	4	Response	53	519649	66875	1
012	4	Sound	f06	524273	71499	1			71500		other	0
012	4	Picture	3-122-1-3	583092	130318	7	5166	7	130000	5000	hit	47
012	4	Response	62	595329	142555	1
012	5	Sound	P2/both1	628585	24996	1			25000		other	0
012	5	Response	53	631408	27819	1
012	5	Response	53	635888	32299	1
012	5	Response	53	640848	37259	1
012	5	Response	53	646128	42539	1
012	5	Response	53	651488	47899	1
012	5	Response	53	657568	53979	1
012	5	Response	53	663408	59819	1
012	5	Response	53	669728	66138	1
012	5	Sound	f01	675089	71499	1			71500		other	0
012	5	Picture	3-114-1-3	733907	130318	7	5166	7	130000	5000	hit	59
012	5	Response	61	746688	143099	1
012	6	Sound	P2/both	779401	24996	1			25000		other	0
012	6	Response	53	782288	27883	2
012	6	Response	53	787888	33483	1
012	6	Response	53	792208	37803	1
012	6	Response	53	797408	43003	1
012	6	Response	53	803408	49003	1
012	6	Response	53	809168	54763	1
012	6	Response	53	815008	60603	3
012	6	Response	53	820528	66123	1
012	6	Sound	test24	825904	71499	1			71500		other	0
012	6	Picture	3-214-1-3	884723	130318	7	5166	7	130000	5000	hit	71
012	6	Response	61	899008	144603	1
012	7	Sound	P2/both	930218	24997	1			25000		other	0
012	7	Response	53	935968	30747	1
012	7	Response	53	941247	36027	1
012	7	Response	53	947568	42347	2
012	7	Response	53	953968	48747	1
012	7	Response	53	960367	55147	1
012	7	Response	53	966129	60908	3
012	7	Response	53	971888	66667	2
012	7	Sound	test22	976720	71500	1			71500		other	0
012	7	Picture	3-224-1-3	1035538	130318	7	5166	7	130000	5000	hit	82
012	7	Response	62	1045648	140427	1
012	8	Sound	P2/both	1081033	24997	1			25000		other	0
012	8	Response	53	1083328	27292	2
012	8	Response	53	1087408	31372	1
012	8	Response	53	1093008	36972	1
012	8	Response	53	1098768	42732	1
012	8	Response	53	1104528	48492	1
012	8	Response	53	1110288	54252	1
012	8	Response	53	1116288	60252	1
012	8	Response	53	1122527	66492	2
012	8	Sound	test07	1127535	71499	1			71500		other	0
012	8	Picture	3-214-1-3	1186354	130318	7	5166	7	130000	5000	hit	94
012	8	Response	61	1195648	139612	1
012	9	Sound	P2/beat1	1231849	24998	1			25000		other	0
012	9	Sound	f02	1278351	71500	1			71500		other	0
012	9	Picture	2-113-1-2	1337169	130318	7	5166	7	130000	5000	hit	98
012	9	Response	61	1346447	139596	1
012	10	Sound	P2/beat	1382665	24998	1			25000		other	0
012	10	Sound	f19	1429167	71500	1			71500		other	0
012	10	Picture	2-113-2-2	1487985	130318	7	5166	7	130000	5000	hit	102
012	10	Response	61	1496768	139101	1
012	11	Sound	P2/beat	1533481	24998	1			25000		other	0
012	11	Sound	n07	1579982	71499	1			71500		other	0
012	11	Picture	3-223-1-3	1638800	130318	7	5166	7	130000	5000	hit	106
012	11	Response	62	1647248	138765	2
012	12	Sound	P2/beat	1684296	24998	1			25000		other	0
012	12	Sound	f07	1730797	71500	1			71500		other	0
012	12	Picture	3-123-1-3	1789616	130318	7	5166	7	130000	5000	hit	110
012	12	Response	62	1801487	142190	1
012	13	Sound	P2/both1	1835112	24999	1			25000		other	0
012	13	Response	53	1837408	27295	2
012	13	Response	53	1841567	31454	1
012	13	Response	53	1846927	36814	1
012	13	Response	53	1852607	42494	1
012	13	Response	53	1858607	48494	1
012	13	Response	53	1864927	54814	1
012	13	Response	53	1870527	60414	2
012	13	Response	53	1876687	66574	1
012	13	Sound	f05	1881613	71500	1			71500		other	0
012	13	Picture	2-124-1-2	1940431	130318	7	5166	7	130000	5000	incorrect	122
012	13	Response	51	1954687	144574	2
012	14	Sound	P2/both	1985927	24999	1			25000		other	0
012	14	Response	53	1991568	30639	1
012	14	Response	53	1997087	36158	1
012	14	Response	53	2003647	42718	1
012	14	Response	53	2009807	48878	1
012	14	Response	53	2014927	53999	2
012	14	Response	53	2020927	59998	1
012	14	Response	53	2026527	65599	2
012	14	Sound	test09	2032428	71500	1			71500		other	0
012	14	Picture	3-224-1-3	2091247	130318	7	5166	7	130000	5000	hit	133
012	14	Response	62	2100847	139918	2
012	15	Response	53	2132767	21023	1
012	15	Sound	P2/both	2136743	24998	1			25000		other	0
012	15	Response	53	2138767	27023	2
012	15	Response	53	2146928	35184	2
012	15	Response	53	2153728	41984	2
012	15	Response	53	2159727	47983	1
012	15	Response	53	2166367	54623	2
012	15	Response	53	2172367	60623	2
012	15	Response	53	2178767	67023	1
012	15	Sound	test12	2183244	71500	1			71500		other	0
012	15	Picture	3-214-1-3	2242062	130318	7	5166	7	130000	5000	hit	145
012	15	Response	61	2251247	139503	2
012	16	Sound	P2/both	2287559	24999	1			25000		other	0
012	16	Response	53	2288207	25647	1
012	16	Response	53	2293807	31247	1
012	16	Response	53	2299807	37247	1
012	16	Response	53	2306127	43567	1
012	16	Response	53	2311487	48927	1
012	16	Response	53	2317327	54768	2
012	16	Response	53	2323407	60847	1
012	16	Response	53	2329327	66767	1
012	16	Sound	test19	2334059	71500	1			71500		other	0
012	16	Response	53	2335407	72847	1
012	16	Picture	2-224-1-2	2392878	130318	7	5166	7	130000	5000	hit	158
012	16	Response	62	2406527	143967	1
012	17	Sound	P1/tapping1	2438374	24999	1			25000		other	0
012	17	Response	53	2443807	30432	1
012	17	Response	53	2451327	37952	1
012	17	Response	53	2457567	44192	1
012	17	Response	53	2463727	50352	1
012	17	Response	53	2469887	56512	1
012	17	Response	53	2475888	62512	1
012	17	Response	53	2481808	68433	1
012	17	Sound	f15	2484875	71500	1			71500		other	0
012	17	Picture	2-122-2-2	2543693	130318	7	5166	7	130000	5000	hit	169
012	17	Response	62	2555327	141952	1
012	18	Sound	P1/tapping	2589189	24999	1			25000		other	0
012	18	Response	53	2591007	26816	2
012	18	Response	53	2595727	31536	1
012	18	Response	53	2601647	37456	1
012	18	Response	53	2607647	43456	1
012	18	Response	53	2613487	49297	2
012	18	Response	53	2619007	54816	1
012	18	Response	53	2624767	60576	2
012	18	Response	53	2630127	65936	1
012	18	Sound	test21	2635690	71499	1			71500		other	0
012	18	Response	53	2635806	71616	1
012	18	Picture	3-212-1-3	2694509	130318	7	5166	7	130000	5000	hit	182
012	18	Response	61	2703247	139056	2
012	19	Sound	P1/tapping	2740005	24999	1			25000		other	0
012	19	Response	53	2741807	26800	1
012	19	Response	53	2746687	31681	2
012	19	Response	53	2753247	38240	1
012	19	Response	53	2759567	44560	1
012	19	Response	53	2765887	50880	1
012	19	Response	53	2771887	56881	1
012	19	Response	53	2777647	62640	1
012	19	Response	53	2783007	68000	1
012	19	Sound	f10	2786506	71500	1			71500		other	0
012	19	Response	53	2789167	74161	1
012	19	Picture	3-112-1-3	2845324	130318	7	5166	7	130000	5000	incorrect	195
012	19	Response	52	2859967	144960	1
012	20	Sound	P1/tapping	2890821	24999	1			25000		other	0
012	20	Response	53	2896047	30225	1
012	20	Response	53	2902047	36225	1
012	20	Response	53	2907487	41665	2
012	20	Response	53	2912766	46945	1
012	20	Response	53	2918687	52865	1
012	20	Response	53	2924766	58945	1
012	20	Response	53	2931246	65425	1
012	20	Response	53	2937247	71425	1
012	20	Sound	f13	2937321	71500	1			71500		other	0
012	20	Picture	3-112-1-3	2996140	130318	7	5166	7	130000	5000	hit	207
012	20	Response	61	3004928	139106	2
012	21	Sound	P2/both1	3041636	24999	1			25000		other	0
012	21	Response	53	3047247	30609	1
012	21	Response	53	3052847	36209	1
012	21	Response	53	3058527	41889	2
012	21	Response	53	3064126	47489	1
012	21	Response	53	3070127	53490	1
012	21	Response	53	3075646	59009	1
012	21	Response	53	3081246	64609	1
012	21	Response	53	3087486	70849	1
012	21	Sound	n03	3088137	71500	1			71500		other	0
012	21	Picture	2-124-1-2	3146955	130318	7	5166	7	130000	5000	hit	219
012	21	Response	62	3156766	140129	1
012	22	Sound	P2/both	3192452	24999	1			25000		other	0
012	22	Response	53	3193006	25554	1
012	22	Response	53	3198046	30594	1
012	22	Response	53	3203967	36514	2
012	22	Response	53	3210366	42914	1
012	22	Response	53	3216366	48914	1
012	22	Response	53	3221886	54434	1
012	22	Response	53	3227806	60354	1
012	22	Response	53	3233166	65714	1
012	22	Sound	n13	3238952	71500	1			71500		other	0
012	22	Picture	3-214-1-3	3297771	130318	7	5166	7	130000	5000	hit	231
012	22	Response	61	3306686	139234	1
012	23	Response	53	3340606	22338	2
012	23	Sound	P2/both	3343267	24999	1			25000		other	0
012	23	Response	53	3348446	30178	1
012	23	Response	53	3354366	36098	1
012	23	Response	53	3361007	42738	2
012	23	Response	53	3366686	48418	2
012	23	Response	53	3373086	54818	1
012	23	Response	53	3378846	60578	1
012	23	Response	53	3384286	66018	1
012	23	Sound	f11	3389768	71500	1			71500		other	0
012	23	Response	53	3390846	72578	1
012	23	Picture	2-124-1-2	3448586	130318	7	5166	7	130000	5000	hit	244
012	23	Response	62	3457087	138819	1
012	24	Sound	P2/both	3494083	24999	1			25000		other	0
012	24	Response	53	3496687	27603	2
012	24	Response	53	3500926	31843	1
012	24	Response	53	3506126	37043	1
012	24	Response	53	3511566	42483	1
012	24	Response	53	3517486	48402	1
012	24	Response	53	3523326	54243	1
012	24	Response	53	3529646	60563	1
012	24	Response	53	3536846	67763	1
012	24	Sound	f16	3540583	71500	1			71500		other	0
012	24	Picture	2-114-1-2	3599402	130318	7	5166	7	130000	5000	hit	256
012	24	Response	61	3609247	140163	1
012	25	Sound	P0/none1	3644898	24999	1			25000		other	0
012	25	Sound	f21	3691399	71500	1			71500		other	0
012	25	Picture	2-121-2-2	3750217	130318	7	5166	7	130000	5000	incorrect	260
012	25	Response	51	3764766	144867	1
012	26	Sound	P0/none	3795714	24999	1			25000		other	0
012	26	Sound	test14	3842214	71500	1			71500		other	0
012	26	Picture	2-221-1-2	3901033	130318	7	5166	7	130000	5000	hit	264
012	26	Response	62	3916606	145891	2
012	27	Sound	P0/none	3946529	24999	1			25000		other	0
012	27	Sound	f14	3993030	71500	1			71500		other	0
012	27	Picture	3-111-1-3	4051848	130318	7	5166	7	130000	5000	hit	268
012	27	Response	61	4060366	138836	1
012	28	Sound	P0/none	4097345	24999	1			25000		other	0
012	28	Sound	test08	4143845	71500	1			71500		other	0
012	28	Picture	3-221-1-3	4202664	130318	7	5166	7	130000	5000	hit	272
012	28	Response	62	4211166	138820	1
012	29	Sound	P1/tapping1	4248160	24999	1			25000		other	0
012	29	Response	53	4255167	32005	1
012	29	Response	53	4260686	37525	1
012	29	Response	53	4266686	43525	2
012	29	Response	53	4273246	50085	1
012	29	Response	53	4278926	55765	1
012	29	Response	53	4284926	61765	1
012	29	Response	53	4291486	68325	1
012	29	Sound	n09	4294661	71500	1			71500		other	0
012	29	Picture	2-222-2-2	4353479	130318	7	5166	7	130000	5000	hit	283
012	29	Response	62	4366846	143685	2
012	30	Sound	P1/tapping	4398976	24999	1			25000		other	0
012	30	Response	53	4402286	28309	1
012	30	Response	53	4408125	34148	1
012	30	Response	53	4414286	40309	1
012	30	Response	53	4420606	46629	2
012	30	Response	53	4427005	53029	1
012	30	Response	53	4433246	59269	3
012	30	Response	53	4439326	65349	1
012	30	Sound	test13	4445477	71500	1			71500		other	0
012	30	Picture	2-212-1-2	4504295	130318	7	5166	7	130000	5000	incorrect	294
012	30	Response	52	4516366	142389	1
012	31	Sound	P1/tapping	4549791	24999	1			25000		other	0
012	31	Response	53	4551566	26773	1
012	31	Response	53	4556606	31814	2
012	31	Response	53	4562605	37813	1
012	31	Response	53	4568525	43733	1
012	31	Response	53	4574365	49573	1
012	31	Response	53	4580846	56054	1
012	31	Response	53	4587565	62773	1
012	31	Response	53	4594445	69653	1
012	31	Sound	f03	4596292	71500	1			71500		other	0
012	31	Picture	3-112-1-3	4655110	130318	7	5166	7	130000	5000	hit	306
012	31	Response	61	4664525	139733	1
012	32	Sound	P1/tapping	4700607	24999	1			25000		other	0
012	32	Response	53	4702126	26518	1
012	32	Response	53	4706845	31238	1
012	32	Response	53	4713726	38118	1
012	32	Response	53	4720525	44918	1
012	32	Response	53	4726765	51158	1
012	32	Response	53	4732925	57317	2
012	32	Response	53	4738765	63158	2
012	32	Response	53	4745645	70038	1
012	32	Sound	f12	4747107	71500	1			71500		other	0
012	32	Picture	2-122-1-2	4805926	130318	7	5166	7	130000	5000	hit	318
012	32	Response	62	4816685	141078	1
012	33	Sound	P2/beat1	4851423	24999	1			25000		other	0
012	33	Sound	n06	4897923	71500	1			71500		other	0
012	33	Picture	2-223-2-2	4956741	130318	7	5166	7	130000	5000	hit	322
012	33	Response	62	4975165	148742	1
012	34	Sound	P2/beat	5002238	24999	1			25000		other	0
012	34	Sound	test06	5048738	71500	1			71500		other	0
012	34	Picture	3-213-1-3	5107557	130318	7	5166	7	130000	5000	hit	326
012	34	Response	61	5118205	140966	1
012	35	Sound	P2/beat	5153053	24999	1			25000		other	0
012	35	Sound	n04	5199554	71500	1			71500		other	0
012	35	Picture	3-223-1-3	5258372	130318	7	5166	7	130000	5000	hit	330
012	35	Response	62	5270045	141991	1
012	36	Sound	P2/beat	5303869	24999	1			25000		other	0
012	36	Sound	n11	5350370	71500	1			71500		other	0
012	36	Picture	3-113-2-3	5409188	130318	7	5166	7	130000	5000	hit	334
012	36	Response	61	5419245	140375	1
012	37	Sound	P1/tapping1	5454684	24999	1			25000		other	0
012	37	Response	53	5459885	30200	1
012	37	Response	53	5465485	35800	2
012	37	Response	53	5472445	42760	1
012	37	Response	53	5479565	49880	1
012	37	Response	53	5486605	56920	1
012	37	Response	53	5493645	63959	1
012	37	Response	53	5500125	70440	1
012	37	Sound	f23	5501185	71500	1			71500		other	0
012	37	Picture	3-112-1-3	5560003	130318	7	5166	7	130000	5000	hit	345
012	37	Response	61	5565965	136280	1
012	37	Response	51	5572365	142680	1
012	38	Sound	P1/tapping	5605500	24999	1			25000		other	0
012	38	Response	53	5610285	29784	1
012	38	Response	53	5615645	35144	1
012	38	Response	53	5622125	41624	1
012	38	Response	53	5628605	48105	2
012	38	Response	53	5634925	54424	1
012	38	Response	53	5640925	60424	1
012	38	Response	53	5646845	66344	2
012	38	Sound	n10	5652000	71500	1			71500		other	0
012	38	Response	53	5652205	71704	3
012	38	Picture	2-112-1-2	5710819	130318	7	5166	7	130000	5000	hit	358
012	38	Response	61	5719245	138744	1
012	39	Sound	P1/tapping	5756316	24999	1			25000		other	0
012	39	Response	53	5761325	30008	1
012	39	Response	53	5766045	34728	1
012	39	Response	53	5771725	40408	1
012	39	Response	53	5777085	45768	1
012	39	Response	53	5782124	50808	1
012	39	Response	53	5787645	56328	2
012	39	Response	53	5793085	61768	1
012	39	Response	53	5798124	66808	1
012	39	Sound	test10	5802816	71500	1			71500		other	0
012	39	Response	53	5804605	73288	1
012	39	Picture	3-212-1-3	5861634	130318	7	5166	7	130000	5000	hit	371
012	39	Response	61	5868765	137448	1
012	40	Sound	P1/tapping	5907131	24999	1			25000		other	0
012	40	Response	53	5910845	28713	1
012	40	Response	53	5916045	33913	1
012	40	Response	53	5921804	39673	1
012	40	Response	53	5927324	45193	1
012	40	Response	53	5932845	50713	1
012	40	Response	53	5938605	56473	1
012	40	Response	53	5944364	62233	1
012	40	Response	53	5951086	68954	3
012	40	Sound	test16	5953632	71500	1			71500		other	0
012	40	Picture	2-212-1-2	6012450	130318	7	5166	7	130000	5000	hit	383
012	40	Response	61	6022525	140393	2
012	41	Sound	P0/none1	6057947	24999	1			25000		other	0
012	41	Sound	test03	6104447	71500	1			71500		other	0
012	41	Picture	2-221-1-2	6163265	130318	7	5166	7	130000	5000	hit	387
012	41	Response	62	6173084	140137	1
012	42	Sound	P0/none	6208762	24999	1			25000		other	0
012	42	Sound	f22	6255263	71500	1			71500		other	0
012	42	Picture	2-121-2-2	6314081	130318	7	5166	7	130000	5000	hit	391
012	42	Response	62	6327165	143402	3
012	43	Sound	P0/none	6359578	24999	1			25000		other	0
012	43	Sound	test04	6406078	71500	1			71500		other	0
012	43	Picture	3-221-1-3	6464896	130318	7	5166	7	130000	5000	hit	395
012	43	Response	62	6474204	139626	2
012	44	Sound	P0/none	6510393	24999	1			25000		other	0
012	44	Sound	test11	6556894	71500	1			71500		other	0
012	44	Picture	2-221-1-2	6615712	130318	7	5166	7	130000	5000	hit	399
012	44	Response	62	6633884	148490	1
012	45	Sound	P2/beat1	6661209	24999	1			25000		other	0
012	45	Sound	f04	6707709	71500	1			71500		other	0
012	45	Picture	2-113-1-2	6766528	130318	7	5166	7	130000	5000	hit	403
012	45	Response	61	6775324	139114	2
012	46	Sound	P2/beat	6812025	24999	1			25000		other	0
012	46	Sound	test05	6858525	71500	1			71500		other	0
012	46	Picture	3-213-1-3	6917343	130318	7	5166	7	130000	5000	hit	407
012	46	Response	61	6926204	139179	1
012	47	Sound	P2/beat	6962840	24999	1			25000		other	0
012	47	Sound	f20	7009340	71500	1			71500		other	0
012	47	Picture	2-123-2-2	7068159	130318	7	5166	7	130000	5000	hit	411
012	47	Response	62	7080524	142683	1
012	48	Sound	P2/beat	7113656	24999	1			25000		other	0
012	48	Sound	f24	7160156	71500	1			71500		other	0
012	48	Picture	2-113-1-2	7218974	130318	7	5166	7	130000	5000	hit	415
012	48	Response	61	7231964	143308	1
012	49	Sound	P2/both1	7264471	24999	1			25000		other	0
012	49	Response	53	7276684	37212	1
012	49	Response	53	7282284	42812	1
012	49	Response	53	7287484	48012	1
012	49	Response	53	7293644	54172	1
012	49	Response	53	7299804	60332	1
012	49	Response	53	7305724	66252	1
012	49	Sound	test18	7310972	71500	1			71500		other	0
012	49	Picture	2-224-1-2	7369790	130318	7	5166	7	130000	5000	hit	425
012	49	Response	62	7377804	138332	1
012	50	Response	53	7411164	20876	1
012	50	Sound	P2/both	7415287	24999	1			25000		other	0
012	50	Response	53	7417164	26876	1
012	50	Response	53	7424924	34637	1
012	50	Response	53	7432684	42396	2
012	50	Response	53	7438524	48236	1
012	50	Response	53	7444603	54316	2
012	50	Response	53	7450844	60556	1
012	50	Response	53	7457163	66876	1
012	50	Sound	test01	7461787	71500	1			71500		other	0
012	50	Picture	3-214-1-3	7520605	130318	7	5166	7	130000	5000	hit	437
012	50	Response	61	7529404	139117	2
012	51	Sound	P2/both	7566102	24999	1			25000		other	0
012	51	Response	53	7571644	30541	1
012	51	Response	53	7577243	36140	2
012	51	Response	53	7583484	42381	1
012	51	Response	53	7589803	48701	1
012	51	Response	53	7595723	54620	2
012	51	Response	53	7601803	60700	2
012	51	Response	53	7608604	67501	1
012	51	Sound	test17	7612603	71500	1			71500		other	0
012	51	Picture	3-214-1-3	7671421	130318	7	5166	7	130000	5000	hit	448
012	51	Response	61	7683643	142540	2
012	52	Sound	P2/both	7716918	25000	1			25000		other	0
012	52	Response	53	7723483	31565	1
012	52	Response	53	7728284	36365	1
012	52	Response	53	7734443	42525	1
012	52	Response	53	7740203	48285	1
012	52	Response	53	7746443	54525	2
012	52	Response	53	7752923	61005	1
012	52	Response	53	7758364	66445	2
012	52	Sound	test15	7763418	71500	1			71500		other	0
012	52	Picture	3-214-1-3	7822237	130318	7	5166	7	130000	5000	incorrect	459
012	52	Response	53	7824444	132525	1
012	52	Response	52	7839883	147965	2
012	53	Sound	P2/beat1	7867734	24999	1			25000		other	0
012	53	Sound	test02	7914234	71500	1			71500		other	0
012	53	Picture	3-223-1-3	7973052	130318	7	5166	7	130000	5000	hit	464
012	53	Response	62	7982523	139789	1
012	54	Sound	P2/beat	8018549	25000	1			25000		other	0
012	54	Sound	f08	8065049	71499	1			71500		other	0
012	54	Picture	3-113-2-3	8123868	130318	7	5166	7	130000	5000	hit	468
012	54	Response	61	8133563	140013	1
012	55	Sound	P2/beat	8169365	24999	1			25000		other	0
012	55	Sound	test23	8215865	71500	1			71500		other	0
012	55	Picture	3-213-1-3	8274683	130318	7	5166	7	130000	5000	hit	472
012	55	Response	61	8283804	139438	1
012	56	Sound	P2/beat	8320180	25000	1			25000		other	0
012	56	Sound	test25	8366680	71500	1			71500		other	0
012	56	Picture	2-223-1-2	8425499	130318	7	5166	7	130000	5000	hit	476
012	56	Response	62	8434523	139342	1
012	57	Sound	P0/none1	8470996	24999	1			25000		other	0
012	57	Sound	n01	8517496	71500	1			71500		other	0
012	57	Picture	2-211-1-2	8576314	130318	7	5166	7	130000	5000	incorrect	480
012	57	Response	52	8587803	141806	1
012	58	Sound	P0/none	8621811	24999	1			25000		other	0
012	58	Sound	n12	8668312	71500	1			71500		other	0
012	58	Picture	2-121-2-2	8727130	130318	7	5166	7	130000	5000	hit	484
012	58	Response	62	8739643	142831	2
012	59	Sound	P0/none	8772627	25000	1			25000		other	0
012	59	Sound	f17	8819127	71500	1			71500		other	0
012	59	Response	53	8869003	121375	1
012	59	Picture	2-121-2-2	8877946	130318	7	5166	7	130000	5000	hit	489
012	59	Response	62	8892683	145055	1
012	60	Sound	P0/none	8923443	25000	1			25000		other	0
012	60	Sound	n14	8969943	71500	1			71500		other	0
012	60	Picture	2-111-2-2	9028761	130318	7	5166	7	130000	5000	hit	493
012	60	Response	61	9037962	139519	1


Event Type	Code	Type	Response	RT	RT Uncertainty	Time	Uncertainty	Duration	Uncertainty	ReqTime	ReqDur

Sound	P1/tapping1	other				25082	1			25000
Sound	n05	other				71821	1			71500
Picture	2-122-2-2	hit	2	11564	8	130645	7	5166	7	130000	5000
Sound	P1/tapping	other				176127	1			25000
Sound	f18	other				222641	1			71500
Picture	3-122-1-3	hit	2	9628	7	281461	7	5166	7	130000	5000
Sound	P1/tapping	other				326950	1			25000
Sound	f09	other				373457	1			71500
Picture	2-122-1-2	hit	2	10012	7	432276	7	5166	7	130000	5000
Sound	P1/tapping	other				477768	1			25000
Sound	f06	other				524273	1			71500
Picture	3-122-1-3	hit	2	12237	7	583092	7	5166	7	130000	5000
Sound	P2/both1	other				628585	1			25000
Sound	f01	other				675089	1			71500
Picture	3-114-1-3	hit	1	12781	7	733907	7	5166	7	130000	5000
Sound	P2/both	other				779401	1			25000
Sound	test24	other				825904	1			71500
Picture	3-214-1-3	hit	1	14285	7	884723	7	5166	7	130000	5000
Sound	P2/both	other				930218	1			25000
Sound	test22	other				976720	1			71500
Picture	3-224-1-3	hit	2	10110	7	1035538	7	5166	7	130000	5000
Sound	P2/both	other				1081033	1			25000
Sound	test07	other				1127535	1			71500
Picture	3-214-1-3	hit	1	9294	7	1186354	7	5166	7	130000	5000
Sound	P2/beat1	other				1231849	1			25000
Sound	f02	other				1278351	1			71500
Picture	2-113-1-2	hit	1	9278	7	1337169	7	5166	7	130000	5000
Sound	P2/beat	other				1382665	1			25000
Sound	f19	other				1429167	1			71500
Picture	2-113-2-2	hit	1	8783	7	1487985	7	5166	7	130000	5000
Sound	P2/beat	other				1533481	1			25000
Sound	n07	other				1579982	1			71500
Picture	3-223-1-3	hit	2	8447	8	1638800	7	5166	7	130000	5000
Sound	P2/beat	other				1684296	1			25000
Sound	f07	other				1730797	1			71500
Picture	3-123-1-3	hit	2	11872	7	1789616	7	5166	7	130000	5000
Sound	P2/both1	other				1835112	1			25000
Sound	f05	other				1881613	1			71500
Picture	2-124-1-2	incorrect	1	14256	8	1940431	7	5166	7	130000	5000
Sound	P2/both	other				1985927	1			25000
Sound	test09	other				2032428	1			71500
Picture	3-224-1-3	hit	2	9600	8	2091247	7	5166	7	130000	5000
Sound	P2/both	other				2136743	1			25000
Sound	test12	other				2183244	1			71500
Picture	3-214-1-3	hit	1	9185	8	2242062	7	5166	7	130000	5000
Sound	P2/both	other				2287559	1			25000
Sound	test19	other				2334059	1			71500
Picture	2-224-1-2	hit	2	13649	7	2392878	7	5166	7	130000	5000
Sound	P1/tapping1	other				2438374	1			25000
Sound	f15	other				2484875	1			71500
Picture	2-122-2-2	hit	2	11634	7	2543693	7	5166	7	130000	5000
Sound	P1/tapping	other				2589189	1			25000
Sound	test21	other				2635690	1			71500
Picture	3-212-1-3	hit	1	8738	9	2694509	7	5166	7	130000	5000
Sound	P1/tapping	other				2740005	1			25000
Sound	f10	other				2786506	1			71500
Picture	3-112-1-3	incorrect	2	14643	7	2845324	7	5166	7	130000	5000
Sound	P1/tapping	other				2890821	1			25000
Sound	f13	other				2937321	1			71500
Picture	3-112-1-3	hit	1	8788	8	2996140	7	5166	7	130000	5000
Sound	P2/both1	other				3041636	1			25000
Sound	n03	other				3088137	1			71500
Picture	2-124-1-2	hit	2	9811	7	3146955	7	5166	7	130000	5000
Sound	P2/both	other				3192452	1			25000
Sound	n13	other				3238952	1			71500
Picture	3-214-1-3	hit	1	8916	7	3297771	7	5166	7	130000	5000
Sound	P2/both	other				3343267	1			25000
Sound	f11	other				3389768	1			71500
Picture	2-124-1-2	hit	2	8501	7	3448586	7	5166	7	130000	5000
Sound	P2/both	other				3494083	1			25000
Sound	f16	other				3540583	1			71500
Picture	2-114-1-2	hit	1	9845	7	3599402	7	5166	7	130000	5000
Sound	P0/none1	other				3644898	1			25000
Sound	f21	other				3691399	1			71500
Picture	2-121-2-2	incorrect	1	14549	7	3750217	7	5166	7	130000	5000
Sound	P0/none	other				3795714	1			25000
Sound	test14	other				3842214	1			71500
Picture	2-221-1-2	hit	2	15573	8	3901033	7	5166	7	130000	5000
Sound	P0/none	other				3946529	1			25000
Sound	f14	other				3993030	1			71500
Picture	3-111-1-3	hit	1	8518	7	4051848	7	5166	7	130000	5000
Sound	P0/none	other				4097345	1			25000
Sound	test08	other				4143845	1			71500
Picture	3-221-1-3	hit	2	8503	7	4202664	7	5166	7	130000	5000
Sound	P1/tapping1	other				4248160	1			25000
Sound	n09	other				4294661	1			71500
Picture	2-222-2-2	hit	2	13367	8	4353479	7	5166	7	130000	5000
Sound	P1/tapping	other				4398976	1			25000
Sound	test13	other				4445477	1			71500
Picture	2-212-1-2	incorrect	2	12071	7	4504295	7	5166	7	130000	5000
Sound	P1/tapping	other				4549791	1			25000
Sound	f03	other				4596292	1			71500
Picture	3-112-1-3	hit	1	9415	7	4655110	7	5166	7	130000	5000
Sound	P1/tapping	other				4700607	1			25000
Sound	f12	other				4747107	1			71500
Picture	2-122-1-2	hit	2	10760	7	4805926	7	5166	7	130000	5000
Sound	P2/beat1	other				4851423	1			25000
Sound	n06	other				4897923	1			71500
Picture	2-223-2-2	hit	2	18424	7	4956741	7	5166	7	130000	5000
Sound	P2/beat	other				5002238	1			25000
Sound	test06	other				5048738	1			71500
Picture	3-213-1-3	hit	1	10648	7	5107557	7	5166	7	130000	5000
Sound	P2/beat	other				5153053	1			25000
Sound	n04	other				5199554	1			71500
Picture	3-223-1-3	hit	2	11673	7	5258372	7	5166	7	130000	5000
Sound	P2/beat	other				5303869	1			25000
Sound	n11	other				5350370	1			71500
Picture	3-113-2-3	hit	1	10057	7	5409188	7	5166	7	130000	5000
Sound	P1/tapping1	other				5454684	1			25000
Sound	f23	other				5501185	1			71500
Picture	3-112-1-3	hit	1	5962	7	5560003	7	5166	7	130000	5000
Sound	P1/tapping	other				5605500	1			25000
Sound	n10	other				5652000	1			71500
Picture	2-112-1-2	hit	1	8426	7	5710819	7	5166	7	130000	5000
Sound	P1/tapping	other				5756316	1			25000
Sound	test10	other				5802816	1			71500
Picture	3-212-1-3	hit	1	7130	7	5861634	7	5166	7	130000	5000
Sound	P1/tapping	other				5907131	1			25000
Sound	test16	other				5953632	1			71500
Picture	2-212-1-2	hit	1	10075	8	6012450	7	5166	7	130000	5000
Sound	P0/none1	other				6057947	1			25000
Sound	test03	other				6104447	1			71500
Picture	2-221-1-2	hit	2	9819	7	6163265	7	5166	7	130000	5000
Sound	P0/none	other				6208762	1			25000
Sound	f22	other				6255263	1			71500
Picture	2-121-2-2	hit	2	13084	9	6314081	7	5166	7	130000	5000
Sound	P0/none	other				6359578	1			25000
Sound	test04	other				6406078	1			71500
Picture	3-221-1-3	hit	2	9308	8	6464896	7	5166	7	130000	5000
Sound	P0/none	other				6510393	1			25000
Sound	test11	other				6556894	1			71500
Picture	2-221-1-2	hit	2	18172	7	6615712	7	5166	7	130000	5000
Sound	P2/beat1	other				6661209	1			25000
Sound	f04	other				6707709	1			71500
Picture	2-113-1-2	hit	1	8796	8	6766528	7	5166	7	130000	5000
Sound	P2/beat	other				6812025	1			25000
Sound	test05	other				6858525	1			71500
Picture	3-213-1-3	hit	1	8861	7	6917343	7	5166	7	130000	5000
Sound	P2/beat	other				6962840	1			25000
Sound	f20	other				7009340	1			71500
Picture	2-123-2-2	hit	2	12365	7	7068159	7	5166	7	130000	5000
Sound	P2/beat	other				7113656	1			25000
Sound	f24	other				7160156	1			71500
Picture	2-113-1-2	hit	1	12990	7	7218974	7	5166	7	130000	5000
Sound	P2/both1	other				7264471	1			25000
Sound	test18	other				7310972	1			71500
Picture	2-224-1-2	hit	2	8014	7	7369790	7	5166	7	130000	5000
Sound	P2/both	other				7415287	1			25000
Sound	test01	other				7461787	1			71500
Picture	3-214-1-3	hit	1	8799	8	7520605	7	5166	7	130000	5000
Sound	P2/both	other				7566102	1			25000
Sound	test17	other				7612603	1			71500
Picture	3-214-1-3	hit	1	12222	8	7671421	7	5166	7	130000	5000
Sound	P2/both	other				7716918	1			25000
Sound	test15	other				7763418	1			71500
Picture	3-214-1-3	incorrect	3	2207	7	7822237	7	5166	7	130000	5000
Sound	P2/beat1	other				7867734	1			25000
Sound	test02	other				7914234	1			71500
Picture	3-223-1-3	hit	2	9471	7	7973052	7	5166	7	130000	5000
Sound	P2/beat	other				8018549	1			25000
Sound	f08	other				8065049	1			71500
Picture	3-113-2-3	hit	1	9695	7	8123868	7	5166	7	130000	5000
Sound	P2/beat	other				8169365	1			25000
Sound	test23	other				8215865	1			71500
Picture	3-213-1-3	hit	1	9120	7	8274683	7	5166	7	130000	5000
Sound	P2/beat	other				8320180	1			25000
Sound	test25	other				8366680	1			71500
Picture	2-223-1-2	hit	2	9024	7	8425499	7	5166	7	130000	5000
Sound	P0/none1	other				8470996	1			25000
Sound	n01	other				8517496	1			71500
Picture	2-211-1-2	incorrect	2	11488	7	8576314	7	5166	7	130000	5000
Sound	P0/none	other				8621811	1			25000
Sound	n12	other				8668312	1			71500
Picture	2-121-2-2	hit	2	12513	8	8727130	7	5166	7	130000	5000
Sound	P0/none	other				8772627	1			25000
Sound	f17	other				8819127	1			71500
Picture	2-121-2-2	hit	2	14737	7	8877946	7	5166	7	130000	5000
Sound	P0/none	other				8923443	1			25000
Sound	n14	other				8969943	1			71500
Picture	2-111-2-2	hit	1	9201	7	9028761	7	5166	7	130000	5000


{
   "app": "Presentation Version 22.1 Build 01.21.21",
   "device": "Dell Inc. OptiPlex 7050",
   "experiment": "{C8E97CB4-6FCA-44FA-B866-4A2D94B6B85C}",
   "os": "Windows 10 64 bit",
   "package": "",
   "parameters": {
      "configuration": "Default configuration"
   },
   "scenario": "entrain_list1_sess3_EB.sce",
   "subject": "012",
   "timestamp": "2022/10/14 09:08:09 GMT"
}
