Scenario - test
Logfile written - 04/04/2022 16:44:31

Subject	Trial	Event Type	Code	Time	TTime	Uncertainty	Duration	Uncertainty	ReqTime	ReqDur	Stim Type	Pair Index

005	1	Sound	P2/both1	25161	25001	1			25000		other	0
005	1	Response	53	28864	28704	1
005	1	Response	53	33904	33744	1
005	1	Response	53	39904	39744	1
005	1	Response	53	46224	46064	2
005	1	Response	53	52144	51984	1
005	1	Response	53	58704	58544	1
005	1	Response	53	64864	64704	1
005	1	Response	53	71184	71024	1
005	1	Sound	test06	71660	71499	1			71500		other	0
005	1	Picture	3-224-1-3	130479	130318	7	5166	7	130000	5000	hit	12
005	1	Response	62	142384	142224	1
005	2	Sound	P2/both	175975	25000	1			25000		other	0
005	2	Response	53	187744	36768	1
005	2	Response	53	192064	41088	1
005	2	Response	53	195984	45008	1
005	2	Response	53	199504	48528	1
005	2	Response	53	203744	52768	2
005	2	Response	53	207424	56448	1
005	2	Response	53	212224	61248	1
005	2	Response	53	217186	66210	3
005	2	Sound	f17	222477	71501	1			71500		other	0
005	2	Picture	2-114-2-2	281295	130319	7	5166	7	130000	5000	hit	24
005	2	Response	61	292784	141808	1
005	3	Sound	P2/both	326792	25000	1			25000		other	0
005	3	Response	53	329104	27312	1
005	3	Response	53	333024	31231	1
005	3	Response	53	338144	36352	1
005	3	Response	53	344224	42431	1
005	3	Response	53	350144	48352	1
005	3	Response	53	356224	54432	1
005	3	Response	53	362225	60433	1
005	3	Response	53	368224	66432	3
005	3	Sound	f02	373292	71499	1			71500		other	0
005	3	Picture	3-114-2-3	432111	130318	7	5166	7	130000	5000	hit	36
005	3	Response	61	442784	140991	1
005	4	Response	53	473664	21056	2
005	4	Sound	P2/both	477609	25001	1			25000		other	0
005	4	Response	53	481024	28416	1
005	4	Response	53	487184	34576	1
005	4	Response	53	493184	40576	1
005	4	Response	53	499985	47376	2
005	4	Response	53	506064	53456	2
005	4	Response	53	512224	59616	2
005	4	Response	53	517104	64496	2
005	4	Response	53	522304	69696	2
005	4	Sound	n09	524108	71500	1			71500		other	0
005	4	Picture	2-214-2-2	582926	130318	7	5166	7	130000	5000	incorrect	49
005	4	Response	52	592944	140336	1
005	5	Sound	P0/none1	628423	24999	1			25000		other	0
005	5	Sound	test15	674924	71501	1			71500		other	0
005	5	Picture	2-211-1-2	733742	130318	7	5166	7	130000	5000	hit	53
005	5	Response	61	748384	144960	1
005	6	Sound	P0/none	779239	24999	1			25000		other	0
005	6	Sound	test07	825740	71500	1			71500		other	0
005	6	Picture	3-221-1-3	884558	130318	7	5166	7	130000	5000	hit	57
005	6	Response	62	897824	143584	1
005	7	Sound	P0/none	930056	25000	1			25000		other	0
005	7	Sound	f16	976556	71500	1			71500		other	0
005	7	Picture	2-121-1-2	1035374	130318	7	5166	7	130000	5000	hit	61
005	7	Response	62	1046704	141648	2
005	8	Sound	P0/none	1080872	25000	1			25000		other	0
005	8	Sound	f15	1127373	71501	1			71500		other	0
005	8	Picture	2-111-2-2	1186190	130318	7	5166	7	130000	5000	hit	65
005	8	Response	61	1197264	141392	1
005	9	Sound	P1/tapping1	1231687	25000	1			25000		other	0
005	9	Response	53	1234544	27856	1
005	9	Response	53	1238544	31856	1
005	9	Response	53	1242144	35456	1
005	9	Response	53	1245824	39136	3
005	9	Response	53	1249584	42896	2
005	9	Response	53	1253503	46816	1
005	9	Response	53	1257503	50816	1
005	9	Response	53	1261743	55056	1
005	9	Response	53	1265904	59216	1
005	9	Response	53	1269503	62816	1
005	9	Response	53	1272863	66176	1
005	9	Response	53	1276464	69776	2
005	9	Sound	test24	1278187	71499	1			71500		other	0
005	9	Picture	2-212-2-2	1337006	130318	7	5166	7	130000	5000	hit	81
005	9	Response	61	1346224	139536	1
005	10	Sound	P1/tapping	1382502	24999	1			25000		other	0
005	10	Response	53	1385024	27521	2
005	10	Response	53	1388623	31120	2
005	10	Response	53	1391423	33920	1
005	10	Response	53	1394383	36880	1
005	10	Response	53	1397503	40000	2
005	10	Response	53	1401023	43520	2
005	10	Response	53	1403823	46320	1
005	10	Response	53	1407184	49681	1
005	10	Response	53	1410464	52960	1
005	10	Response	53	1413584	56081	2
005	10	Response	53	1417024	59521	2
005	10	Response	53	1420223	62720	1
005	10	Response	53	1423423	65920	1
005	10	Response	53	1426223	68720	1
005	10	Sound	n01	1429002	71499	1			71500		other	0
005	10	Response	53	1429263	71760	1
005	10	Picture	2-222-1-2	1487821	130318	7	5166	7	130000	5000	hit	100
005	10	Response	62	1499584	142081	1
005	11	Response	53	1532304	23985	1
005	11	Sound	P1/tapping	1533319	25000	1			25000		other	0
005	11	Response	53	1536064	27745	1
005	11	Response	53	1539743	31424	2
005	11	Response	53	1542703	34384	2
005	11	Response	53	1545904	37585	1
005	11	Response	53	1549183	40864	1
005	11	Response	53	1552303	43984	1
005	11	Response	53	1555264	46945	1
005	11	Response	53	1558703	50385	1
005	11	Response	53	1561583	53265	1
005	11	Response	53	1565103	56785	1
005	11	Response	53	1567904	59585	1
005	11	Response	53	1571103	62785	2
005	11	Response	53	1573663	65344	1
005	11	Response	53	1576703	68384	1
005	11	Response	53	1579504	71185	1
005	11	Sound	test12	1579820	71501	1			71500		other	0
005	11	Response	53	1582383	74064	2
005	11	Picture	3-222-1-3	1638637	130318	7	5166	7	130000	5000	hit	121
005	11	Response	62	1650224	141905	1
005	12	Sound	P1/tapping	1684135	25000	1			25000		other	0
005	12	Response	53	1685183	26049	2
005	12	Response	53	1688703	29569	2
005	12	Response	53	1691503	32368	1
005	12	Response	53	1694223	35089	2
005	12	Response	53	1697263	38128	1
005	12	Response	53	1699823	40688	1
005	12	Response	53	1702623	43489	2
005	12	Response	53	1705423	46288	1
005	12	Response	53	1707983	48848	1
005	12	Response	53	1711023	51889	2
005	12	Response	53	1713263	54129	1
005	12	Response	53	1716223	57089	1
005	12	Response	53	1718703	59568	1
005	12	Response	53	1721103	61968	2
005	12	Response	53	1723903	64769	2
005	12	Response	53	1726383	67248	1
005	12	Response	53	1730303	71169	1
005	12	Sound	test03	1730635	71500	1			71500		other	0
005	12	Picture	3-222-1-3	1789453	130318	7	5166	7	130000	5000	hit	142
005	12	Response	62	1798143	139009	1
005	13	Sound	P2/beat1	1834951	25000	1			25000		other	0
005	13	Sound	test04	1881451	71500	1			71500		other	0
005	13	Picture	3-213-1-3	1940269	130318	7	5166	7	130000	5000	hit	146
005	13	Response	61	1950464	140513	1
005	14	Sound	P2/beat	1985767	25000	1			25000		other	0
005	14	Sound	f12	2032266	71500	1			71500		other	0
005	14	Picture	3-123-1-3	2091085	130318	7	5166	7	130000	5000	hit	150
005	14	Response	62	2103183	142417	1
005	15	Sound	P2/beat	2136582	25000	1			25000		other	0
005	15	Sound	test21	2183082	71499	1			71500		other	0
005	15	Picture	2-213-2-2	2241900	130318	7	5166	7	130000	5000	hit	154
005	15	Response	61	2253824	142241	2
005	16	Sound	P2/beat	2287398	24999	1			25000		other	0
005	16	Sound	test14	2333899	71501	1			71500		other	0
005	16	Picture	2-213-1-2	2392716	130318	7	5166	7	130000	5000	incorrect	158
005	16	Response	52	2404623	142225	1
005	17	Sound	P0/none1	2438214	25000	1			25000		other	0
005	17	Sound	f08	2484714	71500	1			71500		other	0
005	17	Picture	2-121-1-2	2543532	130318	7	5166	7	130000	5000	hit	162
005	17	Response	62	2553263	140049	1
005	18	Sound	P0/none	2589030	25001	1			25000		other	0
005	18	Sound	f05	2635529	71499	1			71500		other	0
005	18	Picture	3-121-1-3	2694348	130318	7	5166	7	130000	5000	hit	166
005	18	Response	62	2702383	138353	2
005	19	Sound	P0/none	2739846	25000	1			25000		other	0
005	19	Sound	n05	2786346	71500	1			71500		other	0
005	19	Picture	2-111-2-2	2845164	130318	7	5166	7	130000	5000	hit	170
005	19	Response	61	2855264	140418	3
005	20	Sound	P0/none	2890661	24999	1			25000		other	0
005	20	Sound	f13	2937161	71499	1			71500		other	0
005	20	Picture	2-111-1-2	2995980	130318	7	5166	7	130000	5000	hit	174
005	20	Response	61	3004063	138401	1
005	21	Sound	P2/beat1	3041477	24999	1			25000		other	0
005	21	Sound	f06	3087978	71500	1			71500		other	0
005	21	Picture	3-113-1-3	3146796	130318	7	5166	7	130000	5000	hit	178
005	21	Response	61	3159663	143185	2
005	22	Sound	P2/beat	3192293	25000	1			25000		other	0
005	22	Response	53	3211983	44690	1
005	22	Response	52	3212222	44929	1
005	22	Sound	n03	3238794	71501	1			71500		other	0
005	22	Picture	3-113-1-3	3297611	130318	7	5166	7	130000	5000	hit	184
005	22	Response	61	3307503	140210	2
005	23	Sound	P2/beat	3343108	24999	1			25000		other	0
005	23	Sound	f22	3389609	71500	1			71500		other	0
005	23	Picture	2-113-2-2	3448427	130318	7	5166	7	130000	5000	hit	188
005	23	Response	61	3458224	140115	2
005	24	Sound	P2/beat	3493925	25001	1			25000		other	0
005	24	Sound	test11	3540425	71500	1			71500		other	0
005	24	Picture	3-213-1-3	3599243	130318	7	5166	7	130000	5000	hit	192
005	24	Response	61	3610143	141218	1
005	25	Sound	P2/both1	3644741	25000	1			25000		other	0
005	25	Response	53	3647183	27442	1
005	25	Response	53	3651022	31282	1
005	25	Response	53	3656142	36402	1
005	25	Response	53	3662383	42642	2
005	25	Response	53	3667183	47442	2
005	25	Response	53	3673983	54242	1
005	25	Response	53	3679903	60162	2
005	25	Response	53	3685903	66162	1
005	25	Sound	test05	3691242	71501	1			71500		other	0
005	25	Response	53	3692703	72962	1
005	25	Response	53	3696703	76962	2
005	25	Picture	3-224-1-3	3750059	130318	7	5166	7	130000	5000	hit	206
005	25	Response	62	3763663	143922	1
005	26	Response	53	3793903	23346	1
005	26	Sound	P2/both	3795557	25000	1			25000		other	0
005	26	Response	53	3800463	29906	1
005	26	Response	53	3805823	35266	1
005	26	Response	53	3812622	42066	1
005	26	Response	53	3818142	47586	2
005	26	Response	53	3823022	52466	1
005	26	Response	53	3828622	58066	1
005	26	Response	53	3834943	64386	2
005	26	Response	53	3840943	70386	1
005	26	Sound	n12	3842056	71499	1			71500		other	0
005	26	Picture	2-114-2-2	3900875	130318	7	5166	7	130000	5000	hit	219
005	26	Response	61	3913743	143186	1
005	27	Response	53	3943022	21650	1
005	27	Sound	P2/both	3946372	25000	1			25000		other	0
005	27	Response	53	3953502	32130	2
005	27	Response	53	3957982	36610	1
005	27	Response	53	3963662	42290	1
005	27	Response	53	3969022	47650	1
005	27	Response	53	3974542	53170	1
005	27	Response	53	3979982	58610	1
005	27	Response	53	3985983	64611	2
005	27	Response	53	3991982	70610	1
005	27	Sound	n10	3992872	71500	1			71500		other	0
005	27	Picture	2-124-1-2	4051691	130318	7	5166	7	130000	5000	hit	232
005	27	Response	62	4066142	144770	1
005	28	Sound	P2/both	4097188	25000	1			25000		other	0
005	28	Response	53	4099264	27075	1
005	28	Response	53	4103183	30995	2
005	28	Response	53	4107743	35554	2
005	28	Response	53	4113423	41235	3
005	28	Response	53	4119502	47314	1
005	28	Response	53	4125584	53395	2
005	28	Response	53	4131103	58915	2
005	28	Response	53	4137582	65394	1
005	28	Sound	test25	4143689	71501	1			71500		other	0
005	28	Response	53	4144622	72434	1
005	28	Picture	2-214-1-2	4202506	130318	7	5166	7	130000	5000	hit	245
005	28	Response	61	4217183	144995	1
005	29	Sound	P0/none1	4248004	25000	1			25000		other	0
005	29	Sound	f18	4294504	71500	1			71500		other	0
005	29	Picture	2-121-2-2	4353322	130318	7	5166	7	130000	5000	hit	249
005	29	Response	62	4372702	149698	2
005	30	Sound	P0/none	4398819	24999	1			25000		other	0
005	30	Sound	test10	4445320	71500	1			71500		other	0
005	30	Picture	3-221-1-3	4504138	130318	7	5166	7	130000	5000	hit	253
005	30	Response	62	4521182	147362	1
005	31	Sound	P0/none	4549636	25000	1			25000		other	0
005	31	Sound	test19	4596136	71500	1			71500		other	0
005	31	Picture	3-221-1-3	4654954	130318	7	5166	7	130000	5000	hit	257
005	31	Response	62	4674862	150226	1
005	32	Sound	P0/none	4700451	24999	1			25000		other	0
005	32	Sound	test18	4746952	71500	1			71500		other	0
005	32	Picture	2-211-1-2	4805770	130318	7	5166	7	130000	5000	hit	261
005	32	Response	61	4823022	147570	1
005	33	Sound	P1/tapping1	4851268	25000	1			25000		other	0
005	33	Response	53	4853342	27075	2
005	33	Response	53	4856222	29954	1
005	33	Response	53	4859342	33074	1
005	33	Response	53	4862542	36275	1
005	33	Response	53	4865022	38754	1
005	33	Response	53	4868862	42595	2
005	33	Response	53	4871182	44914	2
005	33	Response	53	4874462	48194	1
005	33	Response	53	4877022	50754	1
005	33	Response	53	4880222	53954	1
005	33	Response	53	4883102	56834	2
005	33	Response	53	4886062	59794	1
005	33	Response	53	4888542	62274	1
005	33	Response	53	4891662	65394	2
005	33	Response	53	4894462	68194	1
005	33	Response	53	4897662	71394	1
005	33	Sound	f11	4897766	71499	1			71500		other	0
005	33	Response	53	4900222	73954	1
005	33	Picture	3-122-1-3	4956586	130318	7	5166	7	130000	5000	hit	282
005	33	Response	62	4971262	144995	1
005	34	Sound	P1/tapping	5002083	25000	1			25000		other	0
005	34	Response	53	5003982	26899	2
005	34	Response	53	5006862	29778	2
005	34	Response	53	5009182	32098	1
005	34	Response	53	5011582	34499	2
005	34	Response	53	5014622	37539	2
005	34	Response	53	5017742	40658	1
005	34	Response	53	5022302	45219	1
005	34	Response	53	5025022	47939	1
005	34	Response	53	5027902	50818	1
005	34	Response	53	5030862	53778	1
005	34	Response	53	5034062	56978	1
005	34	Response	53	5036942	59858	2
005	34	Response	53	5039902	62818	2
005	34	Response	53	5042862	65778	1
005	34	Response	53	5045902	68818	1
005	34	Sound	n07	5048583	71499	1			71500		other	0
005	34	Response	53	5049502	72418	1
005	34	Response	53	5052222	75138	2
005	34	Picture	3-212-1-3	5107402	130318	7	5166	7	130000	5000	hit	303
005	34	Response	61	5118462	141379	2
005	35	Response	53	5148702	20803	2
005	35	Response	53	5152462	24563	1
005	35	Sound	P1/tapping	5152899	24999	1			25000		other	0
005	35	Response	53	5155742	27843	1
005	35	Response	53	5158622	30722	2
005	35	Response	53	5161101	33202	2
005	35	Response	53	5163982	36082	1
005	35	Response	53	5166702	38803	1
005	35	Response	53	5169342	41442	1
005	35	Response	53	5171982	44082	1
005	35	Response	53	5174702	46802	2
005	35	Response	53	5177422	49522	1
005	35	Response	53	5179901	52002	1
005	35	Response	53	5182862	54963	2
005	35	Response	53	5185422	57522	2
005	35	Response	53	5188062	60163	1
005	35	Response	53	5190302	62403	2
005	35	Response	53	5192701	64802	1
005	35	Response	53	5194783	66884	3
005	35	Response	53	5197022	69122	1
005	35	Response	53	5199102	71202	1
005	35	Sound	test09	5199399	71500	1			71500		other	0
005	35	Response	53	5200782	72882	2
005	35	Picture	3-212-1-3	5258218	130318	7	5166	7	130000	5000	hit	328
005	35	Response	61	5268622	140723	1
005	36	Sound	P1/tapping	5303714	24999	1			25000		other	0
005	36	Response	53	5306542	27827	1
005	36	Response	53	5310142	31426	2
005	36	Response	53	5312701	33986	1
005	36	Response	53	5315102	36387	1
005	36	Response	53	5317822	39106	1
005	36	Response	53	5320702	41987	2
005	36	Response	53	5323342	44626	1
005	36	Response	53	5326062	47346	1
005	36	Response	53	5329102	50387	3
005	36	Response	53	5331822	53106	1
005	36	Response	53	5334462	55746	1
005	36	Response	53	5337262	58546	1
005	36	Response	53	5339982	61267	1
005	36	Response	53	5342702	63987	2
005	36	Response	53	5344862	66146	1
005	36	Response	53	5347742	69026	1
005	36	Response	53	5350142	71426	1
005	36	Sound	test22	5350214	71499	1			71500		other	0
005	36	Picture	2-222-2-2	5409033	130318	8	5166	8	130000	5000	hit	349
005	36	Response	62	5422382	143667	1
005	37	Sound	P2/beat1	5454531	25000	1			25000		other	0
005	37	Sound	f14	5501032	71500	1			71500		other	0
005	37	Picture	2-113-2-2	5559849	130318	7	5166	7	130000	5000	hit	353
005	37	Response	61	5568222	138691	2
005	38	Sound	P2/beat	5605346	25000	1			25000		other	0
005	38	Sound	test17	5651846	71499	1			71500		other	0
005	38	Picture	3-223-1-3	5710665	130318	7	5166	7	130000	5000	hit	357
005	38	Response	62	5724942	144595	1
005	39	Sound	P2/beat	5756162	24999	1			25000		other	0
005	39	Sound	n14	5802662	71499	1			71500		other	0
005	39	Picture	2-123-2-2	5861481	130318	7	5166	7	130000	5000	hit	361
005	39	Response	62	5871582	140419	1
005	40	Sound	P2/beat	5906979	25000	1			25000		other	0
005	40	Sound	f01	5953479	71500	1			71500		other	0
005	40	Picture	3-123-1-3	6012297	130318	7	5166	7	130000	5000	hit	365
005	40	Response	62	6025662	143684	1
005	41	Sound	P2/both1	6057794	25000	1			25000		other	0
005	41	Response	53	6080142	47347	1
005	41	Response	53	6083741	50947	1
005	41	Response	53	6087661	54867	1
005	41	Response	53	6092141	59347	1
005	41	Response	53	6098861	66067	1
005	41	Sound	n06	6104295	71500	1			71500		other	0
005	41	Response	53	6105262	72467	1
005	41	Picture	2-214-2-2	6163113	130318	7	5166	7	130000	5000	incorrect	375
005	41	Response	53	6175102	142308	2
005	41	Response	51	6179662	146867	2
005	42	Sound	P2/both	6208610	25000	1			25000		other	0
005	42	Response	53	6216301	32691	1
005	42	Response	53	6221021	37411	2
005	42	Response	53	6226061	42451	1
005	42	Response	53	6231021	47411	2
005	42	Response	53	6236221	52611	1
005	42	Response	53	6241581	57971	1
005	42	Response	53	6247742	64131	2
005	42	Response	53	6253501	69891	1
005	42	Sound	f23	6255111	71501	1			71500		other	0
005	42	Picture	3-124-1-3	6313929	130318	7	5166	7	130000	5000	incorrect	388
005	42	Response	51	6332061	148451	1
005	43	Sound	P2/both	6359425	24999	1			25000		other	0
005	43	Response	53	6363821	29395	1
005	43	Response	53	6367421	32995	1
005	43	Response	53	6370541	36115	1
005	43	Response	53	6374301	39875	2
005	43	Response	53	6377661	43235	1
005	43	Response	53	6381341	46915	2
005	43	Response	53	6384861	50435	1
005	43	Response	53	6388781	54355	1
005	43	Response	53	6393101	58675	1
005	43	Response	53	6398622	64196	2
005	43	Response	53	6405341	70915	1
005	43	Sound	test02	6405926	71500	1			71500		other	0
005	43	Picture	3-214-1-3	6464745	130318	7	5166	7	130000	5000	hit	403
005	43	Response	61	6475421	140995	1
005	44	Response	53	6506381	21139	1
005	44	Sound	P2/both	6510242	24999	1			25000		other	0
005	44	Response	53	6513101	27859	1
005	44	Response	53	6520061	34819	2
005	44	Response	53	6525981	40739	1
005	44	Response	53	6532301	47059	1
005	44	Response	53	6538221	52979	3
005	44	Response	53	6544701	59459	1
005	44	Response	53	6550781	65539	1
005	44	Response	53	6556541	71299	1
005	44	Sound	test08	6556743	71500	1			71500		other	0
005	44	Picture	3-214-1-3	6615561	130318	7	5166	7	130000	5000	hit	416
005	44	Response	61	6625901	140659	1
005	45	Sound	P0/none1	6661058	25000	1			25000		other	0
005	45	Sound	f10	6707557	71499	1			71500		other	0
005	45	Picture	3-121-1-3	6766376	130318	7	5166	7	130000	5000	hit	420
005	45	Response	62	6784541	148483	2
005	46	Sound	P0/none	6811874	25000	1			25000		other	0
005	46	Sound	f04	6858373	71499	1			71500		other	0
005	46	Picture	3-121-1-3	6917192	130318	7	5166	7	130000	5000	hit	424
005	46	Response	62	6927101	140227	1
005	47	Sound	P0/none	6962691	25001	1			25000		other	0
005	47	Sound	n11	7009190	71500	1			71500		other	0
005	47	Picture	3-121-2-3	7068008	130318	7	5166	7	130000	5000	hit	428
005	47	Response	62	7076861	139171	1
005	48	Sound	P0/none	7113506	25001	1			25000		other	0
005	48	Sound	test16	7160006	71500	1			71500		other	0
005	48	Picture	2-221-1-2	7218824	130318	7	5166	7	130000	5000	incorrect	432
005	48	Response	51	7233341	144835	1
005	49	Sound	P2/beat1	7264321	24999	1			25000		other	0
005	49	Sound	test13	7310822	71501	1			71500		other	0
005	49	Picture	2-223-1-2	7369640	130318	7	5166	7	130000	5000	hit	436
005	49	Response	62	7386302	146980	2
005	50	Sound	P2/beat	7415137	25000	1			25000		other	0
005	50	Sound	f21	7461638	71500	1			71500		other	0
005	50	Picture	2-113-2-2	7520456	130318	7	5166	7	130000	5000	hit	440
005	50	Response	61	7540301	150163	1
005	51	Sound	P2/beat	7565952	24999	1			25000		other	0
005	51	Sound	n13	7612454	71500	1			71500		other	0
005	51	Picture	2-213-1-2	7671272	130318	7	5166	7	130000	5000	incorrect	444
005	51	Response	52	7689741	148788	1
005	52	Sound	P2/beat	7716770	25000	1			25000		other	0
005	52	Sound	f09	7763269	71500	1			71500		other	0
005	52	Picture	3-123-1-3	7822088	130318	7	5166	7	130000	5000	hit	448
005	52	Response	62	7835901	144132	1
005	53	Sound	P2/both1	7867585	25000	1			25000		other	0
005	53	Response	53	7869741	27156	1
005	53	Response	53	7873981	31395	1
005	53	Response	53	7879021	36436	1
005	53	Response	53	7884701	42115	1
005	53	Response	53	7891342	48756	1
005	53	Response	53	7897341	54756	1
005	53	Response	53	7903021	60436	2
005	53	Response	53	7909101	66515	1
005	53	Sound	f07	7914086	71501	1			71500		other	0
005	53	Response	53	7914861	72275	1
005	53	Picture	3-114-1-3	7972903	130318	7	5166	7	130000	5000	incorrect	461
005	53	Response	52	7986941	144355	1
005	54	Response	53	8017901	24500	1
005	54	Sound	P2/both	8018401	25000	1			25000		other	0
005	54	Response	53	8023741	30340	1
005	54	Response	53	8029501	36100	2
005	54	Response	53	8036061	42660	1
005	54	Response	53	8041582	48181	2
005	54	Response	53	8047261	53860	1
005	54	Response	53	8053501	60100	1
005	54	Response	53	8056620	63219	1
005	54	Response	53	8061021	67619	1
005	54	Sound	test23	8064901	71500	1			71500		other	0
005	54	Response	53	8066300	72899	2
005	54	Picture	2-214-2-2	8123719	130318	7	5166	7	130000	5000	incorrect	475
005	54	Response	52	8139901	146500	1
005	54	Response	52	8143180	149779	1
005	55	Response	51	8144620	403	2
005	55	Sound	P2/both	8169217	25000	1			25000		other	0
005	55	Response	53	8171261	27044	1
005	55	Response	53	8175740	31523	2
005	55	Response	53	8180701	36484	1
005	55	Response	53	8186141	41924	2
005	55	Response	53	8191261	47044	2
005	55	Response	53	8197341	53124	2
005	55	Response	53	8202941	58724	1
005	55	Response	53	8209021	64803	1
005	55	Response	53	8215101	70884	1
005	55	Sound	f03	8215717	71500	1			71500		other	0
005	55	Picture	3-124-1-3	8274535	130318	7	5166	7	130000	5000	hit	490
005	55	Response	62	8284781	140564	1
005	56	Response	53	8318701	23668	1
005	56	Sound	P2/both	8320033	25001	1			25000		other	0
005	56	Response	53	8324781	29748	2
005	56	Response	53	8330381	35348	2
005	56	Response	53	8336700	41668	1
005	56	Response	53	8343181	48148	1
005	56	Response	53	8349180	54148	1
005	56	Response	53	8355021	59988	1
005	56	Response	53	8360380	65348	2
005	56	Response	53	8366381	71348	1
005	56	Sound	f20	8366533	71500	1			71500		other	0
005	56	Picture	2-114-2-2	8425351	130318	7	5166	7	130000	5000	hit	503
005	56	Response	61	8436941	141908	1
005	57	Sound	P1/tapping1	8470849	25000	1			25000		other	0
005	57	Response	53	8473981	28132	1
005	57	Response	53	8477580	31731	2
005	57	Response	53	8481660	35812	2
005	57	Response	53	8485500	39651	2
005	57	Response	53	8488861	43012	3
005	57	Response	53	8492380	46532	1
005	57	Response	53	8495580	49731	1
005	57	Response	53	8499020	53172	1
005	57	Response	53	8512380	66532	2
005	57	Response	53	8515260	69411	1
005	57	Sound	test01	8517349	71500	1			71500		other	0
005	57	Response	53	8518780	72932	2
005	57	Picture	3-222-1-3	8576167	130318	7	5166	7	130000	5000	miss	0
005	57	Response	52	8596621	150772	2
005	58	Sound	P1/tapping	8621665	25000	1			25000		other	0
005	58	Response	53	8623180	26516	2
005	58	Response	53	8626780	30115	1
005	58	Response	53	8629580	32915	1
005	58	Response	53	8632780	36116	1
005	58	Response	53	8635580	38915	1
005	58	Response	53	8638060	41395	2
005	58	Response	53	8641580	44915	1
005	58	Response	53	8644220	47556	1
005	58	Response	53	8647180	50515	1
005	58	Response	53	8649900	53235	1
005	58	Response	53	8653100	56436	1
005	58	Response	53	8655820	59156	1
005	58	Response	53	8658700	62036	1
005	58	Response	53	8661740	65076	1
005	58	Response	53	8664220	67556	1
005	58	Response	53	8666620	69956	2
005	58	Sound	n04	8668164	71499	1			71500		other	0
005	58	Response	53	8669180	72515	1
005	58	Picture	3-212-1-3	8726983	130318	7	5166	7	130000	5000	incorrect	539
005	58	Response	52	8742300	145636	1
005	59	Sound	P1/tapping	8772480	25000	1			25000		other	0
005	59	Response	53	8778300	30820	1
005	59	Response	53	8781820	34340	1
005	59	Response	53	8784700	37220	2
005	59	Response	53	8787420	39940	1
005	59	Response	53	8789741	42260	2
005	59	Response	53	8792220	44739	1
005	59	Response	53	8794780	47300	1
005	59	Response	53	8797180	49700	1
005	59	Response	53	8799900	52419	1
005	59	Response	53	8802380	54900	1
005	59	Response	53	8804700	57220	1
005	59	Response	53	8806860	59379	1
005	59	Response	53	8808540	61059	1
005	59	Response	53	8811020	63539	1
005	59	Response	53	8813340	65860	1
005	59	Response	53	8815820	68339	1
005	59	Response	53	8818140	70660	1
005	59	Sound	f19	8818981	71500	1			71500		other	0
005	59	Picture	2-122-2-2	8877799	130318	7	5166	7	130000	5000	hit	560
005	59	Response	62	8887580	140100	1
005	60	Sound	P1/tapping	8923296	25000	1			25000		other	0
005	60	Response	53	8937500	39204	1
005	60	Response	53	8940460	42164	1
005	60	Response	53	8943981	45684	1
005	60	Response	53	8947020	48724	1
005	60	Response	53	8949580	51284	2
005	60	Response	53	8952300	54004	2
005	60	Response	53	8954860	56564	1
005	60	Response	53	8957100	58804	1
005	60	Response	53	8959580	61284	1
005	60	Response	53	8961580	63283	1
005	60	Response	53	8964060	65764	2
005	60	Response	53	8967500	69204	1
005	60	Sound	f24	8969795	71498	1			71500		other	0
005	60	Response	53	8970300	72004	1
005	60	Picture	2-122-1-2	9028615	130318	7	5166	7	130000	5000	hit	577
005	60	Response	62	9037980	139684	1


Event Type	Code	Type	Response	RT	RT Uncertainty	Time	Uncertainty	Duration	Uncertainty	ReqTime	ReqDur

Sound	P2/both1	other				25161	1			25000
Sound	test06	other				71660	1			71500
Picture	3-224-1-3	hit	2	11906	7	130479	7	5166	7	130000	5000
Sound	P2/both	other				175975	1			25000
Sound	f17	other				222477	1			71500
Picture	2-114-2-2	hit	1	11490	7	281295	7	5166	7	130000	5000
Sound	P2/both	other				326792	1			25000
Sound	f02	other				373292	1			71500
Picture	3-114-2-3	hit	1	10673	7	432111	7	5166	7	130000	5000
Sound	P2/both	other				477609	1			25000
Sound	n09	other				524108	1			71500
Picture	2-214-2-2	incorrect	2	10018	7	582926	7	5166	7	130000	5000
Sound	P0/none1	other				628423	1			25000
Sound	test15	other				674924	1			71500
Picture	2-211-1-2	hit	1	14642	7	733742	7	5166	7	130000	5000
Sound	P0/none	other				779239	1			25000
Sound	test07	other				825740	1			71500
Picture	3-221-1-3	hit	2	13266	7	884558	7	5166	7	130000	5000
Sound	P0/none	other				930056	1			25000
Sound	f16	other				976556	1			71500
Picture	2-121-1-2	hit	2	11330	8	1035374	7	5166	7	130000	5000
Sound	P0/none	other				1080872	1			25000
Sound	f15	other				1127373	1			71500
Picture	2-111-2-2	hit	1	11074	7	1186190	7	5166	7	130000	5000
Sound	P1/tapping1	other				1231687	1			25000
Sound	test24	other				1278187	1			71500
Picture	2-212-2-2	hit	1	9218	7	1337006	7	5166	7	130000	5000
Sound	P1/tapping	other				1382502	1			25000
Sound	n01	other				1429002	1			71500
Picture	2-222-1-2	hit	2	11763	7	1487821	7	5166	7	130000	5000
Sound	P1/tapping	other				1533319	1			25000
Sound	test12	other				1579820	1			71500
Picture	3-222-1-3	hit	2	11586	7	1638637	7	5166	7	130000	5000
Sound	P1/tapping	other				1684135	1			25000
Sound	test03	other				1730635	1			71500
Picture	3-222-1-3	hit	2	8690	7	1789453	7	5166	7	130000	5000
Sound	P2/beat1	other				1834951	1			25000
Sound	test04	other				1881451	1			71500
Picture	3-213-1-3	hit	1	10195	8	1940269	7	5166	7	130000	5000
Sound	P2/beat	other				1985767	1			25000
Sound	f12	other				2032266	1			71500
Picture	3-123-1-3	hit	2	12099	7	2091085	7	5166	7	130000	5000
Sound	P2/beat	other				2136582	1			25000
Sound	test21	other				2183082	1			71500
Picture	2-213-2-2	hit	1	11923	8	2241900	7	5166	7	130000	5000
Sound	P2/beat	other				2287398	1			25000
Sound	test14	other				2333899	1			71500
Picture	2-213-1-2	incorrect	2	11907	7	2392716	7	5166	7	130000	5000
Sound	P0/none1	other				2438214	1			25000
Sound	f08	other				2484714	1			71500
Picture	2-121-1-2	hit	2	9731	7	2543532	7	5166	7	130000	5000
Sound	P0/none	other				2589030	1			25000
Sound	f05	other				2635529	1			71500
Picture	3-121-1-3	hit	2	8035	9	2694348	7	5166	7	130000	5000
Sound	P0/none	other				2739846	1			25000
Sound	n05	other				2786346	1			71500
Picture	2-111-2-2	hit	1	10100	9	2845164	7	5166	7	130000	5000
Sound	P0/none	other				2890661	1			25000
Sound	f13	other				2937161	1			71500
Picture	2-111-1-2	hit	1	8083	7	2995980	7	5166	7	130000	5000
Sound	P2/beat1	other				3041477	1			25000
Sound	f06	other				3087978	1			71500
Picture	3-113-1-3	hit	1	12867	8	3146796	7	5166	7	130000	5000
Sound	P2/beat	other				3192293	1			25000
Sound	n03	other				3238794	1			71500
Picture	3-113-1-3	hit	1	9892	8	3297611	7	5166	7	130000	5000
Sound	P2/beat	other				3343108	1			25000
Sound	f22	other				3389609	1			71500
Picture	2-113-2-2	hit	1	9796	8	3448427	7	5166	7	130000	5000
Sound	P2/beat	other				3493925	1			25000
Sound	test11	other				3540425	1			71500
Picture	3-213-1-3	hit	1	10900	7	3599243	7	5166	7	130000	5000
Sound	P2/both1	other				3644741	1			25000
Sound	test05	other				3691242	1			71500
Picture	3-224-1-3	hit	2	13604	7	3750059	7	5166	7	130000	5000
Sound	P2/both	other				3795557	1			25000
Sound	n12	other				3842056	1			71500
Picture	2-114-2-2	hit	1	12868	7	3900875	7	5166	7	130000	5000
Sound	P2/both	other				3946372	1			25000
Sound	n10	other				3992872	1			71500
Picture	2-124-1-2	hit	2	14452	7	4051691	7	5166	7	130000	5000
Sound	P2/both	other				4097188	1			25000
Sound	test25	other				4143689	1			71500
Picture	2-214-1-2	hit	1	14677	7	4202506	7	5166	7	130000	5000
Sound	P0/none1	other				4248004	1			25000
Sound	f18	other				4294504	1			71500
Picture	2-121-2-2	hit	2	19380	8	4353322	7	5166	7	130000	5000
Sound	P0/none	other				4398819	1			25000
Sound	test10	other				4445320	1			71500
Picture	3-221-1-3	hit	2	17044	7	4504138	7	5166	7	130000	5000
Sound	P0/none	other				4549636	1			25000
Sound	test19	other				4596136	1			71500
Picture	3-221-1-3	hit	2	19908	7	4654954	7	5166	7	130000	5000
Sound	P0/none	other				4700451	1			25000
Sound	test18	other				4746952	1			71500
Picture	2-211-1-2	hit	1	17252	7	4805770	7	5166	7	130000	5000
Sound	P1/tapping1	other				4851268	1			25000
Sound	f11	other				4897766	1			71500
Picture	3-122-1-3	hit	2	14676	7	4956586	7	5166	7	130000	5000
Sound	P1/tapping	other				5002083	1			25000
Sound	n07	other				5048583	1			71500
Picture	3-212-1-3	hit	1	11061	8	5107402	7	5166	7	130000	5000
Sound	P1/tapping	other				5152899	1			25000
Sound	test09	other				5199399	1			71500
Picture	3-212-1-3	hit	1	10404	7	5258218	7	5166	7	130000	5000
Sound	P1/tapping	other				5303714	1			25000
Sound	test22	other				5350214	1			71500
Picture	2-222-2-2	hit	2	13349	8	5409033	8	5166	8	130000	5000
Sound	P2/beat1	other				5454531	1			25000
Sound	f14	other				5501032	1			71500
Picture	2-113-2-2	hit	1	8372	8	5559849	7	5166	7	130000	5000
Sound	P2/beat	other				5605346	1			25000
Sound	test17	other				5651846	1			71500
Picture	3-223-1-3	hit	2	14277	7	5710665	7	5166	7	130000	5000
Sound	P2/beat	other				5756162	1			25000
Sound	n14	other				5802662	1			71500
Picture	2-123-2-2	hit	2	10101	7	5861481	7	5166	7	130000	5000
Sound	P2/beat	other				5906979	1			25000
Sound	f01	other				5953479	1			71500
Picture	3-123-1-3	hit	2	13365	7	6012297	7	5166	7	130000	5000
Sound	P2/both1	other				6057794	1			25000
Sound	n06	other				6104295	1			71500
Picture	2-214-2-2	incorrect	3	11989	8	6163113	7	5166	7	130000	5000
Sound	P2/both	other				6208610	1			25000
Sound	f23	other				6255111	1			71500
Picture	3-124-1-3	incorrect	1	18133	7	6313929	7	5166	7	130000	5000
Sound	P2/both	other				6359425	1			25000
Sound	test02	other				6405926	1			71500
Picture	3-214-1-3	hit	1	10677	7	6464745	7	5166	7	130000	5000
Sound	P2/both	other				6510242	1			25000
Sound	test08	other				6556743	1			71500
Picture	3-214-1-3	hit	1	10341	7	6615561	7	5166	7	130000	5000
Sound	P0/none1	other				6661058	1			25000
Sound	f10	other				6707557	1			71500
Picture	3-121-1-3	hit	2	18165	8	6766376	7	5166	7	130000	5000
Sound	P0/none	other				6811874	1			25000
Sound	f04	other				6858373	1			71500
Picture	3-121-1-3	hit	2	9909	7	6917192	7	5166	7	130000	5000
Sound	P0/none	other				6962691	1			25000
Sound	n11	other				7009190	1			71500
Picture	3-121-2-3	hit	2	8853	7	7068008	7	5166	7	130000	5000
Sound	P0/none	other				7113506	1			25000
Sound	test16	other				7160006	1			71500
Picture	2-221-1-2	incorrect	1	14517	7	7218824	7	5166	7	130000	5000
Sound	P2/beat1	other				7264321	1			25000
Sound	test13	other				7310822	1			71500
Picture	2-223-1-2	hit	2	16662	8	7369640	7	5166	7	130000	5000
Sound	P2/beat	other				7415137	1			25000
Sound	f21	other				7461638	1			71500
Picture	2-113-2-2	hit	1	19845	7	7520456	7	5166	7	130000	5000
Sound	P2/beat	other				7565952	1			25000
Sound	n13	other				7612454	1			71500
Picture	2-213-1-2	incorrect	2	18469	7	7671272	7	5166	7	130000	5000
Sound	P2/beat	other				7716770	1			25000
Sound	f09	other				7763269	1			71500
Picture	3-123-1-3	hit	2	13813	7	7822088	7	5166	7	130000	5000
Sound	P2/both1	other				7867585	1			25000
Sound	f07	other				7914086	1			71500
Picture	3-114-1-3	incorrect	2	14037	7	7972903	7	5166	7	130000	5000
Sound	P2/both	other				8018401	1			25000
Sound	test23	other				8064901	1			71500
Picture	2-214-2-2	incorrect	2	16181	7	8123719	7	5166	7	130000	5000
Sound	P2/both	other				8169217	1			25000
Sound	f03	other				8215717	1			71500
Picture	3-124-1-3	hit	2	10245	7	8274535	7	5166	7	130000	5000
Sound	P2/both	other				8320033	1			25000
Sound	f20	other				8366533	1			71500
Picture	2-114-2-2	hit	1	11589	7	8425351	7	5166	7	130000	5000
Sound	P1/tapping1	other				8470849	1			25000
Sound	test01	other				8517349	1			71500
Picture	3-222-1-3	miss				8576167	7	5166	7	130000	5000
Sound	P1/tapping	other				8621665	1			25000
Sound	n04	other				8668164	1			71500
Picture	3-212-1-3	incorrect	2	15317	7	8726983	7	5166	7	130000	5000
Sound	P1/tapping	other				8772480	1			25000
Sound	f19	other				8818981	1			71500
Picture	2-122-2-2	hit	2	9782	7	8877799	7	5166	7	130000	5000
Sound	P1/tapping	other				8923296	1			25000
Sound	f24	other				8969795	1			71500
Picture	2-122-1-2	hit	2	9366	7	9028615	7	5166	7	130000	5000


{
   "app": "Presentation Version 22.1 Build 01.21.21",
   "device": "Dell Inc. OptiPlex 7050",
   "experiment": "{C8E97CB4-6FCA-44FA-B866-4A2D94B6B85C}",
   "os": "Windows 10 64 bit",
   "package": "",
   "parameters": {
      "configuration": "Default configuration"
   },
   "scenario": "entrain_list1_sess4_EB.sce",
   "subject": "005",
   "timestamp": "2022/04/04 14:29:22 GMT"
}
