Scenario - test
Logfile written - 04/04/2022 16:26:12

Subject	Trial	Event Type	Code	Time	TTime	Uncertainty	Duration	Uncertainty	ReqTime	ReqDur	Stim Type	Pair Index

005	1	Sound	P2/beat1	25160	24999	1			25000		other	0
005	1	Sound	n05	71660	71500	1			71500		other	0
005	1	Picture	3-113-1-3	130479	130318	7	5166	7	130000	5000	incorrect	4
005	1	Response	52	140931	140770	2
005	2	Sound	P2/beat	175976	25000	1			25000		other	0
005	2	Sound	f05	222477	71500	1			71500		other	0
005	2	Picture	3-113-1-3	281295	130318	7	5166	7	130000	5000	hit	8
005	2	Response	61	292851	141874	1
005	3	Sound	P2/beat	326792	25000	1			25000		other	0
005	3	Sound	n01	373292	71500	1			71500		other	0
005	3	Picture	3-223-1-3	432111	130318	7	5166	7	130000	5000	hit	12
005	3	Response	62	444370	142578	1
005	4	Sound	P2/beat	477608	25000	1			25000		other	0
005	4	Sound	test15	524107	71499	1			71500		other	0
005	4	Picture	2-223-1-2	582926	130318	7	5166	7	130000	5000	hit	16
005	4	Response	62	594050	141442	1
005	5	Sound	P1/tapping1	628424	25000	1			25000		other	0
005	5	Response	51	636450	33026	2
005	5	Response	53	636850	33426	1
005	5	Response	53	640050	36626	1
005	5	Response	53	642290	38866	1
005	5	Response	53	644210	40786	1
005	5	Response	53	646130	42706	2
005	5	Response	53	648370	44946	1
005	5	Response	53	649970	46546	1
005	5	Response	53	651650	48226	1
005	5	Response	53	652770	49346	1
005	5	Response	53	654210	50786	1
005	5	Response	53	655730	52306	2
005	5	Response	53	657170	53746	1
005	5	Response	53	660130	56706	1
005	5	Response	53	662690	59266	2
005	5	Response	53	665650	62226	2
005	5	Response	53	669650	66226	1
005	5	Response	53	672370	68946	1
005	5	Sound	f08	674923	71499	1			71500		other	0
005	5	Response	53	675970	72546	1
005	5	Picture	3-122-2-3	733742	130318	7	5166	7	130000	5000	hit	39
005	5	Response	62	743010	139586	2
005	6	Sound	P1/tapping	779240	25000	1			25000		other	0
005	6	Response	53	781490	27250	1
005	6	Response	53	785650	31410	2
005	6	Response	53	790050	35810	2
005	6	Response	53	793730	39490	2
005	6	Response	53	797090	42850	1
005	6	Response	53	800370	46130	1
005	6	Response	53	803810	49570	1
005	6	Response	53	806770	52530	1
005	6	Response	53	809810	55570	1
005	6	Response	53	812610	58370	1
005	6	Response	53	815250	61010	1
005	6	Response	53	818530	64290	1
005	6	Response	53	821330	67090	1
005	6	Response	53	823970	69730	2
005	6	Sound	f01	825739	71499	1			71500		other	0
005	6	Picture	2-122-1-2	884558	130318	7	5166	7	130000	5000	hit	57
005	6	Response	62	894450	140210	1
005	7	Sound	P1/tapping	930056	25000	1			25000		other	0
005	7	Response	53	932130	27074	2
005	7	Response	53	935570	30515	2
005	7	Response	53	938850	33794	1
005	7	Response	53	941730	36674	1
005	7	Response	53	944770	39714	2
005	7	Response	53	947490	42434	1
005	7	Response	53	950450	45394	1
005	7	Response	53	953250	48194	1
005	7	Response	53	956130	51074	1
005	7	Response	53	958770	53714	1
005	7	Response	53	961570	56514	1
005	7	Response	53	964290	59234	1
005	7	Response	53	966690	61634	1
005	7	Response	53	969170	64114	1
005	7	Response	53	971970	66914	1
005	7	Response	53	974210	69154	1
005	7	Sound	n03	976555	71500	1			71500		other	0
005	7	Response	53	976770	71714	1
005	7	Picture	3-122-1-3	1035374	130318	7	5166	7	130000	5000	hit	78
005	7	Response	62	1045410	140354	1
005	8	Sound	P1/tapping	1080872	25000	1			25000		other	0
005	8	Response	53	1082850	26978	1
005	8	Response	53	1085250	29378	1
005	8	Response	53	1087890	32018	1
005	8	Response	53	1091009	35138	1
005	8	Response	53	1093330	37458	1
005	8	Response	53	1096210	40338	1
005	8	Response	53	1099010	43138	1
005	8	Response	53	1101730	45858	1
005	8	Response	53	1104130	48258	1
005	8	Response	53	1106610	50738	2
005	8	Response	53	1109570	53698	1
005	8	Response	53	1112210	56338	1
005	8	Response	53	1114930	59058	1
005	8	Response	53	1117810	61939	1
005	8	Response	53	1120370	64498	1
005	8	Response	53	1122770	66898	1
005	8	Response	53	1125649	69778	2
005	8	Sound	test18	1127371	71500	1			71500		other	0
005	8	Response	53	1128290	72418	1
005	8	Picture	3-212-1-3	1186190	130318	7	5166	7	130000	5000	hit	100
005	8	Response	61	1196930	141058	2
005	9	Response	53	1229570	22882	1
005	9	Sound	P2/both1	1231687	25000	1			25000		other	0
005	9	Response	53	1236050	29363	1
005	9	Response	53	1239650	32962	1
005	9	Response	53	1242450	35762	1
005	9	Response	53	1248370	41682	1
005	9	Response	53	1255010	48322	2
005	9	Response	53	1260210	53522	1
005	9	Response	53	1265730	59042	1
005	9	Response	53	1269010	62322	1
005	9	Response	53	1273490	66802	1
005	9	Sound	test13	1278187	71500	1			71500		other	0
005	9	Response	53	1279570	72882	2
005	9	Picture	3-214-1-3	1337006	130318	7	5166	7	130000	5000	hit	115
005	9	Response	61	1351410	144722	1
005	10	Sound	P2/both	1382503	25000	1			25000		other	0
005	10	Response	53	1387970	30467	1
005	10	Response	52	1389650	32146	1
005	10	Response	53	1393410	35906	1
005	10	Response	53	1399650	42146	1
005	10	Response	53	1405330	47826	1
005	10	Response	53	1411330	53826	1
005	10	Response	53	1417170	59666	1
005	10	Response	53	1423410	65906	1
005	10	Sound	test04	1429003	71500	1			71500		other	0
005	10	Response	53	1429731	72227	2
005	10	Picture	2-224-1-2	1487822	130318	7	5166	7	130000	5000	hit	128
005	10	Response	62	1498770	141266	2
005	11	Sound	P2/both	1533319	25000	1			25000		other	0
005	11	Response	51	1539490	31170	1
005	11	Response	53	1544050	35730	1
005	11	Response	53	1550290	41970	2
005	11	Response	53	1556290	47970	1
005	11	Response	53	1562130	53811	1
005	11	Response	53	1568210	59890	2
005	11	Response	53	1574450	66130	1
005	11	Sound	f15	1579819	71500	1			71500		other	0
005	11	Response	53	1580690	72370	1
005	11	Picture	3-124-1-3	1638637	130318	7	5166	7	130000	5000	hit	140
005	11	Response	62	1648210	139890	1
005	12	Sound	P2/both	1684135	25000	1			25000		other	0
005	12	Response	53	1687170	28035	2
005	12	Response	53	1691090	31954	2
005	12	Response	53	1696530	37395	1
005	12	Response	53	1701890	42755	2
005	12	Response	53	1707490	48355	2
005	12	Response	53	1713490	54354	2
005	12	Response	53	1719410	60275	1
005	12	Response	53	1725010	65874	2
005	12	Response	53	1729890	70755	1
005	12	Sound	f21	1730635	71500	1			71500		other	0
005	12	Picture	3-124-1-3	1789453	130318	7	5166	7	130000	5000	hit	153
005	12	Response	62	1802770	143635	1
005	13	Sound	P0/none1	1834951	25000	1			25000		other	0
005	13	Sound	n07	1881451	71500	1			71500		other	0
005	13	Picture	2-221-1-2	1940269	130318	7	5166	7	130000	5000	hit	157
005	13	Response	62	1950370	140419	1
005	14	Sound	P0/none	1985767	25000	1			25000		other	0
005	14	Sound	n04	2032267	71500	1			71500		other	0
005	14	Picture	2-211-1-2	2091085	130318	7	5166	7	130000	5000	hit	161
005	14	Response	61	2099650	138883	1
005	15	Sound	P0/none	2136583	25000	1			25000		other	0
005	15	Sound	f03	2183082	71500	1			71500		other	0
005	15	Picture	2-111-1-2	2241901	130318	7	5166	7	130000	5000	incorrect	165
005	15	Response	52	2257089	145507	1
005	16	Sound	P0/none	2287398	25000	1			25000		other	0
005	16	Sound	test05	2333900	71501	1			71500		other	0
005	16	Picture	2-211-1-2	2392717	130318	7	5166	7	130000	5000	hit	169
005	16	Response	61	2404689	142291	1
005	17	Sound	P2/beat1	2438214	25000	1			25000		other	0
005	17	Response	53	2445809	32595	2
005	17	Sound	test16	2484714	71499	1			71500		other	0
005	17	Picture	3-213-1-3	2543533	130318	7	5166	7	130000	5000	hit	174
005	17	Response	61	2555169	141955	2
005	18	Sound	P2/beat	2589030	25000	1			25000		other	0
005	18	Sound	f11	2635529	71499	1			71500		other	0
005	18	Picture	3-113-1-3	2694348	130318	7	5166	7	130000	5000	incorrect	178
005	18	Response	52	2711409	147379	1
005	19	Sound	P2/beat	2739845	24999	1			25000		other	0
005	19	Sound	test07	2786346	71500	1			71500		other	0
005	19	Picture	2-223-1-2	2845164	130318	7	5166	7	130000	5000	hit	182
005	19	Response	62	2856609	141763	2
005	20	Sound	P2/beat	2890662	25000	1			25000		other	0
005	20	Sound	f23	2937162	71500	1			71500		other	0
005	20	Picture	2-113-1-2	2995980	130318	7	5166	7	130000	5000	hit	186
005	20	Response	61	3007169	141507	1
005	21	Sound	P0/none1	3041478	25001	1			25000		other	0
005	21	Sound	test23	3087978	71500	1			71500		other	0
005	21	Picture	2-221-2-2	3146796	130318	7	5166	7	130000	5000	hit	190
005	21	Response	62	3158689	142212	2
005	22	Sound	P0/none	3192294	25000	1			25000		other	0
005	22	Sound	f24	3238794	71500	1			71500		other	0
005	22	Picture	3-121-1-3	3297612	130318	7	5166	7	130000	5000	hit	194
005	22	Response	62	3306769	139475	1
005	23	Sound	P0/none	3343109	25000	1			25000		other	0
005	23	Sound	n06	3389609	71500	1			71500		other	0
005	23	Picture	3-211-1-3	3448428	130318	7	5166	7	130000	5000	incorrect	198
005	23	Response	52	3459329	141220	2
005	24	Sound	P0/none	3493925	25000	1			25000		other	0
005	24	Sound	test24	3540425	71500	1			71500		other	0
005	24	Picture	2-221-1-2	3599243	130318	7	5166	7	130000	5000	hit	202
005	24	Response	62	3609889	140964	1
005	25	Sound	P1/tapping1	3644741	25000	1			25000		other	0
005	25	Response	53	3655729	35988	2
005	25	Response	53	3658128	38387	1
005	25	Response	53	3661329	41588	1
005	25	Response	53	3664208	44467	2
005	25	Response	53	3666929	47188	1
005	25	Response	53	3670049	50307	1
005	25	Response	53	3673089	53348	1
005	25	Response	53	3676449	56708	2
005	25	Response	53	3679489	59748	1
005	25	Response	53	3682608	62867	1
005	25	Response	53	3685969	66228	1
005	25	Response	53	3689088	69347	2
005	25	Sound	test02	3691240	71499	1			71500		other	0
005	25	Picture	2-212-1-2	3750059	130318	7	5166	7	130000	5000	hit	218
005	25	Response	61	3760449	140708	1
005	26	Sound	P1/tapping	3795557	25000	1			25000		other	0
005	26	Response	53	3797409	26852	1
005	26	Response	53	3800849	30291	1
005	26	Response	53	3804609	34052	1
005	26	Response	53	3807409	36852	1
005	26	Response	53	3810449	39891	2
005	26	Response	53	3813409	42851	1
005	26	Response	53	3816529	45972	1
005	26	Response	53	3820928	50371	1
005	26	Response	53	3824128	53571	1
005	26	Response	53	3827009	56452	2
005	26	Response	53	3830049	59491	1
005	26	Response	53	3833009	62451	1
005	26	Response	53	3836129	65572	1
005	26	Response	53	3839249	68691	1
005	26	Sound	f14	3842056	71499	1			71500		other	0
005	26	Response	53	3842849	72292	1
005	26	Picture	2-122-2-2	3900875	130318	7	5166	7	130000	5000	hit	237
005	26	Response	62	3911649	141092	2
005	27	Sound	P1/tapping	3946373	25000	1			25000		other	0
005	27	Response	53	3951009	29636	2
005	27	Response	53	3955489	34116	1
005	27	Response	53	3958288	36916	1
005	27	Response	53	3960448	39076	2
005	27	Response	53	3962848	41476	1
005	27	Response	53	3965649	44276	1
005	27	Response	53	3968049	46676	1
005	27	Response	53	3970688	49315	1
005	27	Response	53	3973008	51635	1
005	27	Response	53	3975488	54115	1
005	27	Response	53	3977889	56516	2
005	27	Response	53	3980528	59155	1
005	27	Response	53	3984928	63555	1
005	27	Response	53	3987409	66036	1
005	27	Response	53	3989888	68516	1
005	27	Response	53	3992288	70916	1
005	27	Sound	f17	3992873	71500	1			71500		other	0
005	27	Response	53	3994208	72835	2
005	27	Picture	3-122-1-3	4051691	130318	7	5166	7	130000	5000	hit	258
005	27	Response	62	4061009	139636	1
005	28	Sound	P1/tapping	4097189	25000	1			25000		other	0
005	28	Response	53	4099169	26980	2
005	28	Response	53	4102688	30500	2
005	28	Response	53	4105248	33060	1
005	28	Response	53	4107968	35780	1
005	28	Response	53	4110608	38419	1
005	28	Response	53	4113168	40979	1
005	28	Response	53	4115808	43619	1
005	28	Response	53	4118368	46179	1
005	28	Response	51	4118528	46339	1
005	28	Response	53	4121009	48820	1
005	28	Response	53	4123648	51459	1
005	28	Response	53	4126128	53939	1
005	28	Response	53	4128608	56420	1
005	28	Response	53	4131090	58901	1
005	28	Response	53	4133729	61540	2
005	28	Response	53	4136288	64099	1
005	28	Response	51	4137168	64980	1
005	28	Response	53	4138768	66579	1
005	28	Response	53	4140769	68580	1
005	28	Response	53	4143329	71140	1
005	28	Sound	test17	4143689	71501	1			71500		other	0
005	28	Picture	2-222-2-2	4202507	130318	7	5166	7	130000	5000	hit	282
005	28	Response	62	4213329	141140	1
005	29	Sound	P2/beat1	4248004	25000	1			25000		other	0
005	29	Sound	f10	4294505	71500	1			71500		other	0
005	29	Picture	2-123-1-2	4353323	130318	7	5166	7	130000	5000	hit	286
005	29	Response	62	4362688	139684	1
005	30	Sound	P2/beat	4398821	25000	1			25000		other	0
005	30	Sound	test01	4445321	71500	1			71500		other	0
005	30	Picture	2-223-1-2	4504139	130318	7	5166	7	130000	5000	hit	290
005	30	Response	62	4516208	142388	1
005	31	Sound	P2/beat	4549636	25000	1			25000		other	0
005	31	Sound	test12	4596136	71499	1			71500		other	0
005	31	Picture	2-213-1-2	4654955	130318	7	5166	7	130000	5000	incorrect	294
005	31	Response	52	4664768	140132	1
005	32	Sound	P2/beat	4700453	25000	1			25000		other	0
005	32	Sound	test08	4746951	71499	1			71500		other	0
005	32	Picture	2-223-1-2	4805770	130318	7	5166	7	130000	5000	hit	298
005	32	Response	62	4816768	141316	1
005	33	Sound	P2/both1	4851268	25000	1			25000		other	0
005	33	Response	53	4857168	30900	1
005	33	Response	53	4863008	36740	1
005	33	Response	53	4868769	42501	1
005	33	Response	53	4874448	48180	1
005	33	Response	53	4880289	54021	2
005	33	Response	53	4886048	59780	1
005	33	Response	53	4892529	66261	2
005	33	Sound	f09	4897768	71499	1			71500		other	0
005	33	Picture	3-114-1-3	4956586	130318	7	5166	7	130000	5000	hit	309
005	33	Response	61	4966848	140580	2
005	34	Sound	P2/both	5002084	25000	1			25000		other	0
005	34	Response	53	5008368	31284	1
005	34	Response	53	5013808	36724	1
005	34	Response	53	5019488	42404	1
005	34	Response	53	5025328	48244	2
005	34	Response	53	5031728	54644	2
005	34	Response	53	5037248	60164	2
005	34	Response	53	5042928	65844	1
005	34	Sound	test03	5048584	71500	1			71500		other	0
005	34	Response	53	5048609	71524	1
005	34	Picture	3-214-1-3	5107402	130318	7	5166	7	130000	5000	hit	321
005	34	Response	61	5116928	139844	2
005	35	Sound	P2/both	5152899	24999	1			25000		other	0
005	35	Response	53	5159568	31668	1
005	35	Response	53	5164768	36868	2
005	35	Response	53	5170128	42228	4
005	35	Response	53	5175968	48068	1
005	35	Response	53	5181408	53508	1
005	35	Response	53	5187648	59748	1
005	35	Response	53	5193488	65588	1
005	35	Sound	f04	5199400	71500	1			71500		other	0
005	35	Response	53	5199648	71748	1
005	35	Picture	3-114-1-3	5258218	130318	7	5167	7	130000	5000	hit	333
005	35	Response	61	5267248	139348	3
005	36	Sound	P2/both	5303714	24999	1			25000		other	0
005	36	Response	53	5307648	28933	1
005	36	Response	53	5314128	35412	1
005	36	Response	53	5317008	38292	1
005	36	Response	53	5321408	42692	2
005	36	Response	53	5327008	48292	2
005	36	Response	53	5333248	54533	1
005	36	Response	53	5338688	59972	1
005	36	Response	53	5344768	66052	1
005	36	Sound	f18	5350216	71500	1			71500		other	0
005	36	Response	53	5350768	72052	1
005	36	Response	53	5353888	75172	1
005	36	Picture	2-114-2-2	5409034	130318	7	5166	7	130000	5000	hit	347
005	36	Response	61	5420208	141492	2
005	37	Response	53	5450848	21316	1
005	37	Sound	P0/none1	5454531	24999	1			25000		other	0
005	37	Sound	f19	5501032	71500	1			71500		other	0
005	37	Picture	3-121-1-3	5559850	130318	7	5166	7	130000	5000	hit	352
005	37	Response	62	5571648	142116	2
005	38	Sound	P0/none	5605346	24999	1			25000		other	0
005	38	Sound	test09	5651847	71500	1			71500		other	0
005	38	Picture	2-211-1-2	5710666	130318	7	5166	7	130000	5000	incorrect	356
005	38	Response	52	5722608	142261	1
005	39	Sound	P0/none	5756163	24999	1			25000		other	0
005	39	Sound	f02	5802664	71501	1			71500		other	0
005	39	Picture	3-121-2-3	5861482	130318	7	5166	7	130000	5000	hit	360
005	39	Response	62	5872768	141604	1
005	40	Sound	P0/none	5906979	25000	1			25000		other	0
005	40	Sound	n13	5953480	71500	1			71500		other	0
005	40	Picture	2-221-1-2	6012297	130318	7	5166	7	130000	5000	hit	364
005	40	Response	62	6022528	140549	1
005	41	Sound	P1/tapping1	6057795	25000	1			25000		other	0
005	41	Response	53	6064448	31653	2
005	41	Response	53	6068128	35333	2
005	41	Response	53	6071968	39172	1
005	41	Response	53	6075248	42452	1
005	41	Response	53	6078528	45733	2
005	41	Response	53	6081648	48853	3
005	41	Response	53	6085087	52292	1
005	41	Response	53	6088128	55333	1
005	41	Response	53	6091728	58933	1
005	41	Response	53	6095168	62373	1
005	41	Response	53	6098448	65653	1
005	41	Response	53	6101968	69173	3
005	41	Sound	f16	6104296	71501	1			71500		other	0
005	41	Response	53	6105248	72453	2
005	41	Picture	3-112-1-3	6163113	130318	7	5166	7	130000	5000	hit	381
005	41	Response	61	6176207	143412	1
005	42	Sound	P1/tapping	6208611	25000	1			25000		other	0
005	42	Response	53	6217328	33717	1
005	42	Response	53	6219887	36276	1
005	42	Response	53	6223008	39397	1
005	42	Response	53	6225728	42117	1
005	42	Response	53	6228688	45077	1
005	42	Response	53	6231408	47797	2
005	42	Response	53	6233888	50277	1
005	42	Response	53	6236768	53157	2
005	42	Response	53	6239088	55477	1
005	42	Response	53	6241008	57397	1
005	42	Response	53	6244608	60997	1
005	42	Response	53	6246929	63318	2
005	42	Response	53	6249487	65877	1
005	42	Response	53	6252207	68597	1
005	42	Response	53	6255007	71397	1
005	42	Sound	n14	6255111	71501	1			71500		other	0
005	42	Picture	3-112-1-3	6313929	130318	7	5166	7	130000	5000	incorrect	400
005	42	Response	52	6325888	142278	2
005	43	Sound	P1/tapping	6359425	24999	1			25000		other	0
005	43	Response	53	6361968	27541	2
005	43	Response	53	6364847	30421	1
005	43	Response	53	6367088	32661	1
005	43	Response	53	6369647	35221	1
005	43	Response	53	6371327	36901	1
005	43	Response	53	6373487	39061	2
005	43	Response	53	6375087	40660	1
005	43	Response	53	6377807	43381	1
005	43	Response	53	6379568	45141	1
005	43	Response	53	6382287	47861	2
005	43	Response	53	6385568	51141	3
005	43	Response	53	6393727	59301	2
005	43	Response	53	6399407	64980	2
005	43	Response	53	6402848	68422	1
005	43	Response	53	6405408	70981	2
005	43	Sound	f07	6405927	71501	1			71500		other	0
005	43	Picture	2-112-1-2	6464745	130318	7	5166	7	130000	5000	incorrect	419
005	43	Response	52	6475088	140661	1
005	44	Sound	P1/tapping	6510243	25000	1			25000		other	0
005	44	Response	53	6517168	31925	1
005	44	Response	53	6519888	34645	1
005	44	Response	53	6522687	37445	1
005	44	Response	53	6525567	40325	1
005	44	Response	53	6529567	44325	1
005	44	Response	53	6532368	47125	1
005	44	Response	53	6535808	50565	1
005	44	Response	53	6538608	53365	1
005	44	Response	53	6541808	56565	1
005	44	Response	53	6544927	59685	1
005	44	Response	53	6547647	62405	1
005	44	Response	53	6550447	65205	1
005	44	Response	53	6553487	68245	1
005	44	Response	53	6556367	71125	1
005	44	Sound	n11	6556743	71500	1			71500		other	0
005	44	Picture	2-112-1-2	6615561	130318	7	5166	7	130000	5000	hit	437
005	44	Response	61	6626288	141046	2
005	45	Sound	P2/both1	6661058	25000	1			25000		other	0
005	45	Response	53	6663967	27909	1
005	45	Response	53	6664847	28789	1
005	45	Response	53	6667248	31189	2
005	45	Response	53	6669727	33669	1
005	45	Response	53	6672447	36389	1
005	45	Response	53	6674608	38549	3
005	45	Response	53	6678527	42469	1
005	45	Response	53	6684367	48309	2
005	45	Response	53	6690527	54469	2
005	45	Response	53	6697248	61189	2
005	45	Response	53	6702448	66390	1
005	45	Sound	test10	6707559	71500	1			71500		other	0
005	45	Response	53	6708288	72229	2
005	45	Picture	2-224-1-2	6766377	130318	7	5166	7	130000	5000	hit	453
005	45	Response	62	6775008	138949	2
005	46	Sound	P2/both	6811874	25000	1			25000		other	0
005	46	Response	53	6817247	30373	2
005	46	Response	53	6823167	36293	2
005	46	Response	53	6829967	43093	1
005	46	Response	53	6835807	48933	1
005	46	Response	53	6841807	54933	1
005	46	Response	53	6847408	60534	3
005	46	Response	53	6852847	65973	2
005	46	Sound	test14	6858374	71499	1			71500		other	0
005	46	Response	53	6859167	72293	1
005	46	Response	53	6884528	97653	1
005	46	Picture	3-224-1-3	6917193	130318	7	5166	7	130000	5000	hit	466
005	46	Response	62	6928929	142054	2
005	47	Response	53	6959087	21397	2
005	47	Sound	P2/both	6962690	25000	1			25000		other	0
005	47	Response	53	6965407	27717	1
005	47	Response	53	6972607	34917	1
005	47	Response	53	6978927	41237	2
005	47	Response	53	6985488	47797	3
005	47	Response	53	6992208	54517	1
005	47	Response	53	6998367	60677	1
005	47	Response	53	7004367	66677	2
005	47	Sound	test21	7009190	71500	1			71500		other	0
005	47	Picture	2-224-2-2	7068009	130318	7	5166	7	130000	5000	hit	478
005	47	Response	62	7080607	142917	1
005	48	Response	53	7112847	24341	1
005	48	Sound	P2/both	7113506	24999	1			25000		other	0
005	48	Response	53	7118847	30341	1
005	48	Response	53	7124767	36261	1
005	48	Response	53	7130847	42341	1
005	48	Response	53	7137487	48981	1
005	48	Response	53	7143007	54501	2
005	48	Response	53	7148927	60421	1
005	48	Response	52	7149487	60981	1
005	48	Response	53	7155168	66662	1
005	48	Sound	test11	7160007	71500	1			71500		other	0
005	48	Response	53	7161008	72502	2
005	48	Response	53	7174927	86421	1
005	48	Picture	3-224-1-3	7218824	130318	7	5166	7	130000	5000	hit	493
005	48	Response	62	7229168	140661	1
005	49	Sound	P1/tapping1	7264321	24999	1			25000		other	0
005	49	Response	53	7264768	25446	2
005	49	Response	53	7269407	30085	2
005	49	Response	53	7274127	34805	1
005	49	Response	53	7278447	39125	1
005	49	Response	53	7282127	42805	2
005	49	Response	53	7285807	46485	2
005	49	Response	53	7289567	50245	2
005	49	Response	53	7293007	53685	1
005	49	Response	53	7297007	57685	1
005	49	Response	53	7300687	61365	1
005	49	Response	53	7304527	65205	1
005	49	Response	53	7308128	68805	2
005	49	Sound	f22	7310822	71500	1			71500		other	0
005	49	Response	53	7311647	72325	1
005	49	Response	53	7359327	120005	2
005	49	Picture	3-112-1-3	7369640	130318	7	5166	7	130000	5000	hit	511
005	49	Response	61	7377887	138565	1
005	50	Sound	P1/tapping	7415138	25000	1			25000		other	0
005	50	Response	53	7417407	27269	2
005	50	Response	53	7421087	30949	1
005	50	Response	53	7425087	34949	1
005	50	Response	53	7428448	38309	1
005	50	Response	53	7431967	41829	1
005	50	Response	53	7435167	45029	1
005	50	Response	53	7438687	48549	1
005	50	Response	53	7441727	51589	1
005	50	Response	53	7445167	55029	1
005	50	Response	53	7448207	58069	1
005	50	Response	53	7451727	61589	1
005	50	Response	53	7454927	64789	1
005	50	Response	53	7458207	68069	1
005	50	Response	53	7461567	71429	1
005	50	Sound	n12	7461638	71500	1			71500		other	0
005	50	Picture	3-112-1-3	7520456	130318	7	5166	7	130000	5000	hit	529
005	50	Response	61	7537967	147829	1
005	51	Response	52	7548127	7173	1
005	51	Sound	P1/tapping	7565954	25000	1			25000		other	0
005	51	Response	53	7568447	27493	1
005	51	Response	53	7571327	30373	1
005	51	Response	53	7574607	33653	1
005	51	Response	53	7577087	36133	1
005	51	Response	53	7580527	39574	2
005	51	Response	53	7583327	42373	1
005	51	Response	53	7586208	45254	2
005	51	Response	53	7589487	48533	2
005	51	Response	53	7592127	51173	1
005	51	Response	53	7595087	54133	2
005	51	Response	53	7598287	57334	1
005	51	Response	53	7601327	60373	1
005	51	Response	53	7604527	63573	1
005	51	Response	53	7607807	66853	1
005	51	Response	53	7608928	67974	1
005	51	Response	53	7611887	70934	1
005	51	Sound	test25	7612453	71499	1			71500		other	0
005	51	Picture	3-222-1-3	7671272	130318	7	5166	7	130000	5000	hit	550
005	51	Response	62	7681247	140293	2
005	52	Response	53	7715807	24037	2
005	52	Sound	P1/tapping	7716769	24999	1			25000		other	0
005	52	Response	53	7719407	27637	1
005	52	Response	53	7722527	30757	1
005	52	Response	53	7725407	33637	1
005	52	Response	53	7728447	36677	1
005	52	Response	53	7733407	41637	1
005	52	Response	53	7736367	44598	1
005	52	Response	53	7739247	47477	1
005	52	Response	53	7742287	50517	1
005	52	Response	53	7744847	53077	1
005	52	Response	53	7748607	56837	1
005	52	Response	53	7752127	60357	1
005	52	Response	53	7755087	63317	1
005	52	Response	53	7757727	65957	1
005	52	Response	53	7760687	68917	1
005	52	Sound	f20	7763269	71499	1			71500		other	0
005	52	Response	53	7763327	71557	1
005	52	Picture	3-112-1-3	7822088	130318	7	5166	7	130000	5000	hit	570
005	52	Response	61	7830847	139077	1
005	53	Sound	P0/none1	7867585	25000	1			25000		other	0
005	53	Sound	f12	7914086	71500	1			71500		other	0
005	53	Picture	3-111-1-3	7972904	130318	7	5166	7	130000	5000	hit	574
005	53	Response	61	7987087	144501	2
005	54	Sound	P0/none	8018401	25000	1			25000		other	0
005	54	Sound	test06	8064901	71500	1			71500		other	0
005	54	Response	53	8080287	86885	1
005	54	Response	52	8080927	87525	1
005	54	Picture	2-211-1-2	8123720	130318	7	5166	7	130000	5000	hit	580
005	54	Response	61	8134127	140725	1
005	55	Sound	P0/none	8169217	25000	1			25000		other	0
005	55	Sound	f06	8215717	71500	1			71500		other	0
005	55	Picture	2-121-1-2	8274536	130318	7	5166	7	130000	5000	incorrect	584
005	55	Response	51	8286607	142389	1
005	56	Sound	P0/none	8320034	25001	1			25000		other	0
005	56	Sound	n10	8366533	71500	1			71500		other	0
005	56	Picture	3-111-1-3	8425352	130318	7	5166	7	130000	5000	hit	588
005	56	Response	61	8435487	140454	1
005	57	Sound	P2/beat1	8470849	24999	1			25000		other	0
005	57	Sound	f13	8517349	71500	1			71500		other	0
005	57	Picture	2-123-1-2	8576167	130318	7	5166	7	130000	5000	hit	592
005	57	Response	62	8590287	144437	1
005	58	Sound	P2/beat	8621664	24999	1			25000		other	0
005	58	Sound	test22	8668165	71500	1			71500		other	0
005	58	Picture	2-213-2-2	8726983	130318	7	5166	7	130000	5000	hit	596
005	58	Response	61	8742687	146022	2
005	59	Sound	P2/beat	8772480	24999	1			25000		other	0
005	59	Sound	n09	8818981	71500	1			71500		other	0
005	59	Picture	3-223-1-3	8877799	130318	7	5166	7	130000	5000	hit	600
005	59	Response	62	8887727	140246	1
005	60	Sound	P2/beat	8923297	25000	1			25000		other	0
005	60	Sound	test19	8969796	71499	1			71500		other	0
005	60	Picture	2-213-1-2	9028615	130318	7	5166	7	130000	5000	hit	604
005	60	Response	61	9037727	139430	2


Event Type	Code	Type	Response	RT	RT Uncertainty	Time	Uncertainty	Duration	Uncertainty	ReqTime	ReqDur

Sound	P2/beat1	other				25160	1			25000
Sound	n05	other				71660	1			71500
Picture	3-113-1-3	incorrect	2	10452	8	130479	7	5166	7	130000	5000
Sound	P2/beat	other				175976	1			25000
Sound	f05	other				222477	1			71500
Picture	3-113-1-3	hit	1	11556	7	281295	7	5166	7	130000	5000
Sound	P2/beat	other				326792	1			25000
Sound	n01	other				373292	1			71500
Picture	3-223-1-3	hit	2	12260	7	432111	7	5166	7	130000	5000
Sound	P2/beat	other				477608	1			25000
Sound	test15	other				524107	1			71500
Picture	2-223-1-2	hit	2	11124	7	582926	7	5166	7	130000	5000
Sound	P1/tapping1	other				628424	1			25000
Sound	f08	other				674923	1			71500
Picture	3-122-2-3	hit	2	9268	8	733742	7	5166	7	130000	5000
Sound	P1/tapping	other				779240	1			25000
Sound	f01	other				825739	1			71500
Picture	2-122-1-2	hit	2	9892	8	884558	7	5166	7	130000	5000
Sound	P1/tapping	other				930056	1			25000
Sound	n03	other				976555	1			71500
Picture	3-122-1-3	hit	2	10036	7	1035374	7	5166	7	130000	5000
Sound	P1/tapping	other				1080872	1			25000
Sound	test18	other				1127371	1			71500
Picture	3-212-1-3	hit	1	10740	8	1186190	7	5166	7	130000	5000
Sound	P2/both1	other				1231687	1			25000
Sound	test13	other				1278187	1			71500
Picture	3-214-1-3	hit	1	14404	7	1337006	7	5166	7	130000	5000
Sound	P2/both	other				1382503	1			25000
Sound	test04	other				1429003	1			71500
Picture	2-224-1-2	hit	2	10948	8	1487822	7	5166	7	130000	5000
Sound	P2/both	other				1533319	1			25000
Sound	f15	other				1579819	1			71500
Picture	3-124-1-3	hit	2	9572	7	1638637	7	5166	7	130000	5000
Sound	P2/both	other				1684135	1			25000
Sound	f21	other				1730635	1			71500
Picture	3-124-1-3	hit	2	13316	7	1789453	7	5166	7	130000	5000
Sound	P0/none1	other				1834951	1			25000
Sound	n07	other				1881451	1			71500
Picture	2-221-1-2	hit	2	10100	7	1940269	7	5166	7	130000	5000
Sound	P0/none	other				1985767	1			25000
Sound	n04	other				2032267	1			71500
Picture	2-211-1-2	hit	1	8565	7	2091085	7	5166	7	130000	5000
Sound	P0/none	other				2136583	1			25000
Sound	f03	other				2183082	1			71500
Picture	2-111-1-2	incorrect	2	15189	7	2241901	7	5166	7	130000	5000
Sound	P0/none	other				2287398	1			25000
Sound	test05	other				2333900	1			71500
Picture	2-211-1-2	hit	1	11973	7	2392717	7	5166	7	130000	5000
Sound	P2/beat1	other				2438214	1			25000
Sound	test16	other				2484714	1			71500
Picture	3-213-1-3	hit	1	11637	8	2543533	7	5166	7	130000	5000
Sound	P2/beat	other				2589030	1			25000
Sound	f11	other				2635529	1			71500
Picture	3-113-1-3	incorrect	2	17061	7	2694348	7	5166	7	130000	5000
Sound	P2/beat	other				2739845	1			25000
Sound	test07	other				2786346	1			71500
Picture	2-223-1-2	hit	2	11445	8	2845164	7	5166	7	130000	5000
Sound	P2/beat	other				2890662	1			25000
Sound	f23	other				2937162	1			71500
Picture	2-113-1-2	hit	1	11189	7	2995980	7	5166	7	130000	5000
Sound	P0/none1	other				3041478	1			25000
Sound	test23	other				3087978	1			71500
Picture	2-221-2-2	hit	2	11894	8	3146796	7	5166	7	130000	5000
Sound	P0/none	other				3192294	1			25000
Sound	f24	other				3238794	1			71500
Picture	3-121-1-3	hit	2	9157	8	3297612	7	5166	7	130000	5000
Sound	P0/none	other				3343109	1			25000
Sound	n06	other				3389609	1			71500
Picture	3-211-1-3	incorrect	2	10901	8	3448428	7	5166	7	130000	5000
Sound	P0/none	other				3493925	1			25000
Sound	test24	other				3540425	1			71500
Picture	2-221-1-2	hit	2	10645	7	3599243	7	5166	7	130000	5000
Sound	P1/tapping1	other				3644741	1			25000
Sound	test02	other				3691240	1			71500
Picture	2-212-1-2	hit	1	10389	7	3750059	7	5166	7	130000	5000
Sound	P1/tapping	other				3795557	1			25000
Sound	f14	other				3842056	1			71500
Picture	2-122-2-2	hit	2	10774	8	3900875	7	5166	7	130000	5000
Sound	P1/tapping	other				3946373	1			25000
Sound	f17	other				3992873	1			71500
Picture	3-122-1-3	hit	2	9318	7	4051691	7	5166	7	130000	5000
Sound	P1/tapping	other				4097189	1			25000
Sound	test17	other				4143689	1			71500
Picture	2-222-2-2	hit	2	10822	7	4202507	7	5166	7	130000	5000
Sound	P2/beat1	other				4248004	1			25000
Sound	f10	other				4294505	1			71500
Picture	2-123-1-2	hit	2	9365	7	4353323	7	5166	7	130000	5000
Sound	P2/beat	other				4398821	1			25000
Sound	test01	other				4445321	1			71500
Picture	2-223-1-2	hit	2	12070	7	4504139	7	5166	7	130000	5000
Sound	P2/beat	other				4549636	1			25000
Sound	test12	other				4596136	1			71500
Picture	2-213-1-2	incorrect	2	9814	7	4654955	7	5166	7	130000	5000
Sound	P2/beat	other				4700453	1			25000
Sound	test08	other				4746951	1			71500
Picture	2-223-1-2	hit	2	10998	7	4805770	7	5166	7	130000	5000
Sound	P2/both1	other				4851268	1			25000
Sound	f09	other				4897768	1			71500
Picture	3-114-1-3	hit	1	10262	8	4956586	7	5166	7	130000	5000
Sound	P2/both	other				5002084	1			25000
Sound	test03	other				5048584	1			71500
Picture	3-214-1-3	hit	1	9526	8	5107402	7	5166	7	130000	5000
Sound	P2/both	other				5152899	1			25000
Sound	f04	other				5199400	1			71500
Picture	3-114-1-3	hit	1	9030	10	5258218	7	5167	7	130000	5000
Sound	P2/both	other				5303714	1			25000
Sound	f18	other				5350216	1			71500
Picture	2-114-2-2	hit	1	11174	8	5409034	7	5166	7	130000	5000
Sound	P0/none1	other				5454531	1			25000
Sound	f19	other				5501032	1			71500
Picture	3-121-1-3	hit	2	11798	8	5559850	7	5166	7	130000	5000
Sound	P0/none	other				5605346	1			25000
Sound	test09	other				5651847	1			71500
Picture	2-211-1-2	incorrect	2	11942	7	5710666	7	5166	7	130000	5000
Sound	P0/none	other				5756163	1			25000
Sound	f02	other				5802664	1			71500
Picture	3-121-2-3	hit	2	11286	7	5861482	7	5166	7	130000	5000
Sound	P0/none	other				5906979	1			25000
Sound	n13	other				5953480	1			71500
Picture	2-221-1-2	hit	2	10230	7	6012297	7	5166	7	130000	5000
Sound	P1/tapping1	other				6057795	1			25000
Sound	f16	other				6104296	1			71500
Picture	3-112-1-3	hit	1	13094	7	6163113	7	5166	7	130000	5000
Sound	P1/tapping	other				6208611	1			25000
Sound	n14	other				6255111	1			71500
Picture	3-112-1-3	incorrect	2	11959	8	6313929	7	5166	7	130000	5000
Sound	P1/tapping	other				6359425	1			25000
Sound	f07	other				6405927	1			71500
Picture	2-112-1-2	incorrect	2	10343	7	6464745	7	5166	7	130000	5000
Sound	P1/tapping	other				6510243	1			25000
Sound	n11	other				6556743	1			71500
Picture	2-112-1-2	hit	1	10727	8	6615561	7	5166	7	130000	5000
Sound	P2/both1	other				6661058	1			25000
Sound	test10	other				6707559	1			71500
Picture	2-224-1-2	hit	2	8631	8	6766377	7	5166	7	130000	5000
Sound	P2/both	other				6811874	1			25000
Sound	test14	other				6858374	1			71500
Picture	3-224-1-3	hit	2	11736	8	6917193	7	5166	7	130000	5000
Sound	P2/both	other				6962690	1			25000
Sound	test21	other				7009190	1			71500
Picture	2-224-2-2	hit	2	12599	8	7068009	7	5166	7	130000	5000
Sound	P2/both	other				7113506	1			25000
Sound	test11	other				7160007	1			71500
Picture	3-224-1-3	hit	2	10343	7	7218824	7	5166	7	130000	5000
Sound	P1/tapping1	other				7264321	1			25000
Sound	f22	other				7310822	1			71500
Picture	3-112-1-3	hit	1	8247	7	7369640	7	5166	7	130000	5000
Sound	P1/tapping	other				7415138	1			25000
Sound	n12	other				7461638	1			71500
Picture	3-112-1-3	hit	1	17511	7	7520456	7	5166	7	130000	5000
Sound	P1/tapping	other				7565954	1			25000
Sound	test25	other				7612453	1			71500
Picture	3-222-1-3	hit	2	9975	8	7671272	7	5166	7	130000	5000
Sound	P1/tapping	other				7716769	1			25000
Sound	f20	other				7763269	1			71500
Picture	3-112-1-3	hit	1	8759	7	7822088	7	5166	7	130000	5000
Sound	P0/none1	other				7867585	1			25000
Sound	f12	other				7914086	1			71500
Picture	3-111-1-3	hit	1	14183	8	7972904	7	5166	7	130000	5000
Sound	P0/none	other				8018401	1			25000
Sound	test06	other				8064901	1			71500
Picture	2-211-1-2	hit	1	10407	7	8123720	7	5166	7	130000	5000
Sound	P0/none	other				8169217	1			25000
Sound	f06	other				8215717	1			71500
Picture	2-121-1-2	incorrect	1	12071	7	8274536	7	5166	7	130000	5000
Sound	P0/none	other				8320034	1			25000
Sound	n10	other				8366533	1			71500
Picture	3-111-1-3	hit	1	10135	7	8425352	7	5166	7	130000	5000
Sound	P2/beat1	other				8470849	1			25000
Sound	f13	other				8517349	1			71500
Picture	2-123-1-2	hit	2	14119	7	8576167	7	5166	7	130000	5000
Sound	P2/beat	other				8621664	1			25000
Sound	test22	other				8668165	1			71500
Picture	2-213-2-2	hit	1	15703	8	8726983	7	5166	7	130000	5000
Sound	P2/beat	other				8772480	1			25000
Sound	n09	other				8818981	1			71500
Picture	3-223-1-3	hit	2	9927	7	8877799	7	5166	7	130000	5000
Sound	P2/beat	other				8923297	1			25000
Sound	test19	other				8969796	1			71500
Picture	2-213-1-2	hit	1	9112	9	9028615	7	5166	7	130000	5000

The following output port codes were not sent because of a conflict on the port.
Port	Code	Time(ms)
1	53	504861


{
   "app": "Presentation Version 22.1 Build 01.21.21",
   "device": "Dell Inc. OptiPlex 7050",
   "experiment": "{C8E97CB4-6FCA-44FA-B866-4A2D94B6B85C}",
   "os": "Windows 10 64 bit",
   "package": "",
   "parameters": {
      "configuration": "Default configuration"
   },
   "scenario": "entrain_list1_sess2_EB.sce",
   "subject": "005",
   "timestamp": "2022/04/04 14:10:51 GMT"
}
