Scenario - test
Logfile written - 04/04/2022 16:08:20

Subject	Trial	Event Type	Code	Time	TTime	Uncertainty	Duration	Uncertainty	ReqTime	ReqDur	Stim Type	Pair Index

005	1	Sound	P1/tapping1	25161	25000	1			25000		other	0
005	1	Response	53	29766	29605	1
005	1	Response	53	33286	33125	2
005	1	Response	53	36326	36165	1
005	1	Response	53	39446	39286	1
005	1	Response	53	42405	42245	2
005	1	Response	53	45526	45365	1
005	1	Response	53	48806	48646	2
005	1	Response	53	51925	51765	1
005	1	Response	53	54886	54725	2
005	1	Response	53	57925	57765	1
005	1	Response	53	60646	60486	2
005	1	Response	53	63525	63365	1
005	1	Response	53	66326	66165	1
005	1	Response	53	69126	68965	1
005	1	Sound	n05	71661	71500	1			71500		other	0
005	1	Response	53	72086	71926	1
005	1	Picture	2-122-2-2	130479	130318	7	5166	7	130000	5000	hit	19
005	1	Response	62	141606	141445	2
005	2	Sound	P1/tapping	175977	25001	1			25000		other	0
005	2	Response	53	178166	27189	1
005	2	Response	53	181046	30069	1
005	2	Response	53	184005	33029	1
005	2	Response	53	187126	36149	1
005	2	Response	53	189686	38709	2
005	2	Response	53	192725	41749	1
005	2	Response	53	195605	44629	1
005	2	Response	53	198885	47909	1
005	2	Response	53	202005	51029	1
005	2	Response	53	204645	53669	1
005	2	Response	53	207366	56390	2
005	2	Response	53	210086	59109	1
005	2	Response	53	212965	61989	1
005	2	Response	53	215685	64709	1
005	2	Response	53	218326	67349	1
005	2	Response	53	221206	70229	1
005	2	Sound	f18	222477	71501	1			71500		other	0
005	2	Response	53	223365	72389	1
005	2	Picture	3-122-1-3	281295	130318	7	5166	7	130000	5000	hit	40
005	2	Response	62	293126	142149	1
005	3	Sound	P1/tapping	326793	25001	1			25000		other	0
005	3	Response	53	332326	30534	1
005	3	Response	53	335445	33653	1
005	3	Response	53	338485	36693	2
005	3	Response	53	341366	39574	1
005	3	Response	53	344325	42533	2
005	3	Response	53	347365	45573	1
005	3	Response	53	350726	48933	1
005	3	Response	53	353605	51813	1
005	3	Response	53	356245	54453	1
005	3	Response	53	358805	57013	1
005	3	Response	53	361205	59413	1
005	3	Response	53	364245	62453	1
005	3	Response	53	366166	64373	1
005	3	Response	53	368725	66933	1
005	3	Response	53	371366	69574	1
005	3	Sound	f09	373293	71501	1			71500		other	0
005	3	Picture	2-122-1-2	432110	130318	7	5166	7	130000	5000	hit	59
005	3	Response	62	439526	137734	1
005	4	Sound	P1/tapping	477608	24999	1			25000		other	0
005	4	Response	53	479766	27158	1
005	4	Response	53	483445	30837	1
005	4	Response	53	484885	32277	1
005	4	Response	53	487285	34677	1
005	4	Response	53	488325	35717	1
005	4	Response	53	492086	39477	1
005	4	Response	53	495045	42437	1
005	4	Response	53	498166	45558	1
005	4	Response	53	501285	48677	1
005	4	Response	53	504245	51637	1
005	4	Response	53	507285	54677	1
005	4	Response	53	510245	57637	1
005	4	Response	53	513285	60677	2
005	4	Response	53	516485	63877	1
005	4	Response	53	519525	66917	2
005	4	Response	53	521845	69237	1
005	4	Sound	f06	524109	71501	1			71500		other	0
005	4	Response	53	524325	71717	3
005	4	Picture	3-122-1-3	582926	130318	7	5166	7	130000	5000	hit	80
005	4	Response	62	593686	141078	1
005	5	Response	53	625366	21942	1
005	5	Sound	P2/both1	628423	25000	1			25000		other	0
005	5	Response	53	635606	32182	1
005	5	Response	53	640965	37542	1
005	5	Response	53	646486	43062	2
005	5	Response	53	651686	48262	1
005	5	Response	53	657446	54022	1
005	5	Response	53	663686	60262	1
005	5	Response	53	669686	66262	1
005	5	Sound	f01	674924	71500	1			71500		other	0
005	5	Response	53	675446	72022	1
005	5	Picture	3-114-1-3	733742	130318	7	5166	7	130000	5000	hit	93
005	5	Response	61	744726	141302	1
005	6	Sound	P2/both	779238	24999	1			25000		other	0
005	6	Response	53	781765	27526	1
005	6	Response	53	786006	31766	1
005	6	Response	53	790405	36166	1
005	6	Response	53	796085	41846	2
005	6	Response	53	801685	47446	1
005	6	Response	53	807925	53686	1
005	6	Response	53	813126	58886	2
005	6	Response	53	819285	65046	2
005	6	Response	53	825285	71046	2
005	6	Sound	test24	825738	71499	1			71500		other	0
005	6	Response	53	869205	114966	1
005	6	Response	52	869445	115205	1
005	6	Picture	3-214-1-3	884558	130318	7	5166	7	130000	5000	hit	108
005	6	Response	61	894085	139846	1
005	7	Sound	P2/both	930055	25000	1			25000		other	0
005	7	Response	53	931845	26790	1
005	7	Response	53	936405	31350	2
005	7	Response	53	941925	36870	1
005	7	Response	53	947765	42710	1
005	7	Response	53	953526	48470	2
005	7	Response	53	959765	54710	1
005	7	Response	53	965126	60071	2
005	7	Response	53	971526	66471	2
005	7	Sound	test22	976555	71500	1			71500		other	0
005	7	Response	53	977525	72470	1
005	7	Picture	3-224-1-3	1035374	130318	7	5166	7	130000	5000	hit	121
005	7	Response	62	1045445	140390	1
005	8	Sound	P2/both	1080871	25000	1			25000		other	0
005	8	Response	53	1083125	27254	1
005	8	Response	53	1087925	32054	1
005	8	Response	53	1092325	36454	1
005	8	Response	53	1097525	41654	2
005	8	Response	53	1103286	47414	2
005	8	Response	53	1109045	53174	1
005	8	Response	53	1115125	59254	2
005	8	Response	53	1121205	65334	1
005	8	Response	53	1127045	71174	1
005	8	Sound	test07	1127370	71499	1			71500		other	0
005	8	Picture	3-214-1-3	1186190	130318	7	5166	7	130000	5000	hit	134
005	8	Response	61	1197365	141494	1
005	8	Response	51	1199445	143574	1
005	8	Response	52	1202725	146854	1
005	9	Response	51	1207845	1158	1
005	9	Sound	P2/beat1	1231687	25000	1			25000		other	0
005	9	Sound	f02	1278186	71499	1			71500		other	0
005	9	Picture	2-113-1-2	1337005	130318	7	5166	7	130000	5000	hit	141
005	9	Response	61	1348325	141638	2
005	10	Response	52	1378325	20822	1
005	10	Sound	P2/beat	1382502	24999	1			25000		other	0
005	10	Sound	f19	1429003	71500	1			71500		other	0
005	10	Picture	2-113-2-2	1487821	130318	7	5166	7	130000	5000	hit	146
005	10	Response	61	1496725	139222	2
005	11	Sound	P2/beat	1533319	25000	1			25000		other	0
005	11	Sound	n07	1579819	71500	1			71500		other	0
005	11	Picture	3-223-1-3	1638636	130318	8	5167	8	130000	5000	hit	150
005	11	Response	62	1649525	141206	1
005	12	Sound	P2/beat	1684135	25000	1			25000		other	0
005	12	Response	53	1695845	36710	2
005	12	Sound	f07	1730634	71499	1			71500		other	0
005	12	Picture	3-123-1-3	1789453	130318	7	5166	7	130000	5000	hit	155
005	12	Response	62	1806725	147590	1
005	13	Sound	P2/both1	1834950	24999	1			25000		other	0
005	13	Response	53	1841925	31975	1
005	13	Response	53	1846485	36535	1
005	13	Response	53	1852325	42375	1
005	13	Response	53	1857525	47574	1
005	13	Response	53	1863925	53975	1
005	13	Response	53	1869445	59495	1
005	13	Response	53	1874805	64855	1
005	13	Response	53	1881125	71175	1
005	13	Sound	f05	1881450	71500	1			71500		other	0
005	13	Picture	2-124-1-2	1940269	130318	7	5166	7	130000	5000	hit	167
005	13	Response	62	1951845	141895	1
005	14	Sound	P2/both	1985766	24999	1			25000		other	0
005	14	Response	53	1992886	32120	2
005	14	Response	53	1997525	36759	1
005	14	Response	53	2002405	41639	1
005	14	Response	53	2008165	47399	1
005	14	Response	53	2013286	52519	2
005	14	Response	53	2019285	58519	2
005	14	Response	53	2024405	63639	1
005	14	Response	53	2030645	69879	1
005	14	Sound	test09	2032265	71499	1			71500		other	0
005	14	Picture	3-224-1-3	2091084	130318	7	5166	7	130000	5000	hit	179
005	14	Response	62	2102325	141559	1
005	15	Sound	P2/both	2136582	25000	1			25000		other	0
005	15	Response	53	2137365	25783	1
005	15	Response	53	2142805	31223	1
005	15	Response	53	2148245	36663	1
005	15	Response	53	2153685	42103	1
005	15	Response	53	2159285	47703	2
005	15	Response	53	2165525	53943	2
005	15	Response	53	2170965	59383	1
005	15	Response	53	2176245	64663	2
005	15	Response	53	2182325	70743	1
005	15	Sound	test12	2183082	71500	1			71500		other	0
005	15	Picture	3-214-1-3	2241900	130318	7	5166	7	130000	5000	hit	192
005	15	Response	61	2250645	139063	1
005	16	Sound	P2/both	2287398	25000	1			25000		other	0
005	16	Response	53	2292565	30167	2
005	16	Response	53	2298085	35687	1
005	16	Response	53	2303365	40967	1
005	16	Response	53	2309445	47047	1
005	16	Response	53	2315445	53047	1
005	16	Response	53	2321205	58807	1
005	16	Response	53	2327365	64967	1
005	16	Response	53	2333205	70807	2
005	16	Sound	test19	2333898	71500	1			71500		other	0
005	16	Picture	2-224-1-2	2392716	130318	7	5166	7	130000	5000	hit	204
005	16	Response	62	2403925	141527	1
005	17	Sound	P1/tapping1	2438213	24999	1			25000		other	0
005	17	Response	53	2442725	29511	1
005	17	Response	53	2450245	37031	1
005	17	Response	53	2452964	39751	1
005	17	Response	53	2455364	42151	1
005	17	Response	53	2458325	45111	1
005	17	Response	53	2461284	48071	1
005	17	Response	53	2463685	50472	2
005	17	Response	53	2466325	53111	1
005	17	Response	53	2468565	55351	1
005	17	Response	53	2471204	57991	1
005	17	Response	53	2473765	60551	1
005	17	Response	53	2476244	63031	1
005	17	Response	53	2478805	65591	1
005	17	Response	53	2480964	67751	1
005	17	Response	53	2483364	70151	1
005	17	Sound	f15	2484714	71500	1			71500		other	0
005	17	Response	53	2485285	72071	1
005	17	Response	53	2487764	74551	1
005	17	Picture	2-122-2-2	2543532	130318	7	5166	7	130000	5000	hit	225
005	17	Response	62	2557365	144151	2
005	18	Response	53	2585605	21575	2
005	18	Sound	P1/tapping	2589030	25000	1			25000		other	0
005	18	Response	53	2592405	28375	1
005	18	Response	53	2596564	32535	2
005	18	Response	53	2599285	35255	2
005	18	Response	53	2602005	37975	1
005	18	Response	53	2604725	40696	2
005	18	Response	53	2607284	43255	1
005	18	Response	53	2609845	45816	2
005	18	Response	53	2612084	48055	1
005	18	Response	53	2614244	50215	1
005	18	Response	53	2616484	52455	1
005	18	Response	53	2617764	53735	1
005	18	Response	53	2619604	55575	1
005	18	Response	53	2623604	59575	1
005	18	Response	53	2626084	62055	1
005	18	Response	53	2628565	64535	1
005	18	Response	53	2631125	67095	2
005	18	Response	53	2633524	69495	2
005	18	Sound	test21	2635530	71500	1			71500		other	0
005	18	Response	53	2636244	72215	1
005	18	Picture	3-212-1-3	2694348	130318	7	5166	7	130000	5000	miss	0
005	19	Sound	P1/tapping	2739845	24999	1			25000		other	0
005	19	Response	53	2742405	27559	1
005	19	Response	53	2745684	30839	1
005	19	Response	53	2748644	33799	1
005	19	Response	53	2751124	36279	1
005	19	Response	53	2754164	39319	1
005	19	Response	53	2757284	42439	1
005	19	Response	53	2760565	45719	1
005	19	Response	53	2763204	48359	2
005	19	Response	53	2765605	50760	2
005	19	Response	53	2768404	53559	2
005	19	Response	53	2770724	55879	1
005	19	Response	53	2772724	57879	1
005	19	Response	53	2775844	60999	1
005	19	Response	53	2778244	63399	1
005	19	Response	53	2780884	66039	1
005	19	Response	53	2782644	67799	1
005	19	Response	53	2785525	70679	1
005	19	Sound	f10	2786345	71500	1			71500		other	0
005	19	Picture	3-112-1-3	2845164	130318	7	5166	7	130000	5000	hit	268
005	19	Response	61	2854085	139239	1
005	20	Sound	P1/tapping	2890661	25000	1			25000		other	0
005	20	Response	53	2893605	27943	1
005	20	Response	53	2897525	31864	2
005	20	Response	53	2900644	34983	1
005	20	Response	53	2903444	37783	1
005	20	Response	53	2906165	40504	2
005	20	Response	53	2908645	42984	2
005	20	Response	53	2912084	46423	2
005	20	Response	53	2914644	48983	1
005	20	Response	53	2917524	51863	1
005	20	Response	53	2920245	54584	2
005	20	Response	53	2922644	56983	2
005	20	Response	53	2925204	59543	1
005	20	Response	53	2927364	61703	1
005	20	Response	53	2929684	64023	1
005	20	Response	53	2931764	66103	2
005	20	Response	53	2935604	69943	1
005	20	Sound	f13	2937161	71500	1			71500		other	0
005	20	Picture	3-112-1-3	2995979	130318	7	5166	7	130000	5000	hit	288
005	20	Response	61	3005205	139543	1
005	21	Sound	P2/both1	3041477	25001	1			25000		other	0
005	21	Response	53	3048965	32488	1
005	21	Response	53	3053444	36967	1
005	21	Response	53	3058804	42327	1
005	21	Response	53	3064484	48007	1
005	21	Response	53	3070164	53687	2
005	21	Response	53	3076085	59608	1
005	21	Response	53	3082164	65687	2
005	21	Sound	n03	3087977	71500	1			71500		other	0
005	21	Response	53	3088484	72008	2
005	21	Picture	2-124-1-2	3146795	130318	7	5166	7	130000	5000	hit	300
005	21	Response	62	3157364	140887	1
005	22	Sound	P2/both	3192293	25000	1			25000		other	0
005	22	Response	51	3199444	32152	2
005	22	Response	53	3203364	36071	1
005	22	Response	53	3205844	38551	1
005	22	Response	53	3209684	42391	1
005	22	Response	53	3215604	48312	1
005	22	Response	53	3221364	54071	1
005	22	Response	53	3227364	60072	2
005	22	Response	53	3233524	66231	1
005	22	Sound	n13	3238793	71500	1			71500		other	0
005	22	Response	53	3239685	72392	2
005	22	Picture	3-214-1-3	3297611	130318	7	5166	7	130000	5000	hit	313
005	22	Response	61	3306564	139272	1
005	23	Response	53	3342884	24776	1
005	23	Sound	P2/both	3343108	24999	1			25000		other	0
005	23	Response	53	3349124	31016	1
005	23	Response	53	3354804	36696	1
005	23	Response	53	3360724	42616	1
005	23	Response	53	3367045	48936	1
005	23	Response	53	3372964	54856	1
005	23	Response	53	3378564	60456	1
005	23	Response	53	3384644	66535	2
005	23	Sound	f11	3389608	71500	1			71500		other	0
005	23	Picture	2-124-1-2	3448427	130318	7	5166	7	130000	5000	hit	325
005	23	Response	62	3457444	139336	2
005	23	Response	51	3468646	150537	2
005	24	Sound	P2/both	3493924	24999	1			25000		other	0
005	24	Response	53	3496164	27240	1
005	24	Response	53	3500404	31480	1
005	24	Response	53	3505365	36440	2
005	24	Response	53	3511204	42280	1
005	24	Response	53	3516404	47480	1
005	24	Response	53	3523044	54120	1
005	24	Response	53	3528804	59880	2
005	24	Response	53	3534724	65799	1
005	24	Sound	f16	3540424	71500	1			71500		other	0
005	24	Response	53	3541124	72200	1
005	24	Picture	2-114-1-2	3599243	130318	7	5166	7	130000	5000	hit	339
005	24	Response	61	3608164	139240	1
005	25	Sound	P0/none1	3644740	24999	1			25000		other	0
005	25	Response	53	3666404	46664	1
005	25	Sound	f21	3691241	71500	1			71500		other	0
005	25	Picture	2-121-2-2	3750059	130318	7	5166	7	130000	5000	hit	344
005	25	Response	62	3762485	142744	2
005	26	Sound	P0/none	3795557	25001	1			25000		other	0
005	26	Sound	test14	3842056	71500	1			71500		other	0
005	26	Picture	2-221-1-2	3900874	130318	7	5166	7	130000	5000	hit	348
005	26	Response	62	3920164	149608	1
005	27	Sound	P0/none	3946373	25001	1			25000		other	0
005	27	Sound	f14	3992871	71499	1			71500		other	0
005	27	Picture	3-111-1-3	4051690	130318	7	5166	7	130000	5000	hit	352
005	27	Response	61	4063124	141752	1
005	28	Sound	P0/none	4097188	25000	1			25000		other	0
005	28	Sound	test08	4143688	71500	1			71500		other	0
005	28	Picture	3-221-1-3	4202506	130318	7	5166	7	130000	5000	hit	356
005	28	Response	62	4218804	146616	1
005	29	Sound	P1/tapping1	4248003	25000	1			25000		other	0
005	29	Response	53	4250884	27880	1
005	29	Response	53	4253604	30600	1
005	29	Response	53	4255444	32440	1
005	29	Response	53	4257204	34200	1
005	29	Response	53	4258644	35640	2
005	29	Response	53	4259924	36920	1
005	29	Response	53	4261364	38360	2
005	29	Response	53	4262724	39721	2
005	29	Response	53	4264164	41160	1
005	29	Response	53	4265204	42200	2
005	29	Response	53	4267444	44440	1
005	29	Response	53	4268724	45720	1
005	29	Response	53	4270484	47481	1
005	29	Response	53	4272083	49080	1
005	29	Response	53	4273524	50520	1
005	29	Response	53	4275044	52040	1
005	29	Response	53	4276404	53400	1
005	29	Response	53	4277924	54920	1
005	29	Response	53	4279364	56360	1
005	29	Response	53	4280884	57880	1
005	29	Response	53	4282563	59560	1
005	29	Response	53	4284163	61160	1
005	29	Response	53	4285204	62200	1
005	29	Response	53	4286644	63640	1
005	29	Sound	n09	4294502	71499	1			71500		other	0
005	29	Picture	2-222-2-2	4353322	130318	7	5166	7	130000	5000	hit	384
005	29	Response	62	4363684	140680	1
005	30	Sound	P1/tapping	4398820	25001	1			25000		other	0
005	30	Response	53	4404564	30745	1
005	30	Response	53	4408004	34185	1
005	30	Response	53	4410324	36504	1
005	30	Response	53	4412003	38184	1
005	30	Response	53	4413923	40104	2
005	30	Response	53	4416564	42744	1
005	30	Response	53	4417924	44104	1
005	30	Response	53	4423684	49864	1
005	30	Response	53	4426324	52504	1
005	30	Response	53	4429364	55544	1
005	30	Response	53	4433044	59224	2
005	30	Response	53	4435204	61384	1
005	30	Response	53	4436803	62984	1
005	30	Response	53	4442804	68984	1
005	30	Sound	test13	4445319	71500	1			71500		other	0
005	30	Response	53	4445924	72104	1
005	30	Picture	2-212-1-2	4504138	130318	7	5166	7	130000	5000	hit	403
005	30	Response	61	4515124	141304	1
005	31	Sound	P1/tapping	4549635	24999	1			25000		other	0
005	31	Response	53	4552404	27768	1
005	31	Response	53	4554963	30328	1
005	31	Response	53	4557043	32408	2
005	31	Response	53	4558484	33849	1
005	31	Response	52	4560163	35528	1
005	31	Response	53	4561203	36568	1
005	31	Response	53	4563044	38408	2
005	31	Response	53	4564643	40008	1
005	31	Response	52	4566004	41369	2
005	31	Response	53	4566084	41449	1
005	31	Response	53	4567843	43208	1
005	31	Response	53	4572324	47688	2
005	31	Response	53	4574083	49448	1
005	31	Response	53	4577524	52888	2
005	31	Response	53	4581124	56488	1
005	31	Response	53	4583443	58808	1
005	31	Response	53	4585684	61049	2
005	31	Response	53	4587444	62808	2
005	31	Response	53	4589444	64808	1
005	31	Response	53	4591363	66728	2
005	31	Response	53	4592243	67608	1
005	31	Response	53	4595844	71208	1
005	31	Sound	f03	4596135	71500	1			71500		other	0
005	31	Response	53	4600164	75528	1
005	31	Picture	3-112-1-3	4654954	130318	7	5166	7	130000	5000	hit	430
005	31	Response	61	4664804	140169	1
005	32	Sound	P1/tapping	4700450	24999	1			25000		other	0
005	32	Response	53	4702964	27512	1
005	32	Response	53	4707044	31593	1
005	32	Response	53	4710964	35513	1
005	32	Response	53	4714404	38952	1
005	32	Response	53	4717683	42232	1
005	32	Response	53	4721044	45593	1
005	32	Response	53	4724324	48873	3
005	32	Response	53	4727364	51912	1
005	32	Response	53	4730564	55112	1
005	32	Response	53	4733683	58232	1
005	32	Response	53	4737204	61753	1
005	32	Response	53	4744084	68633	2
005	32	Sound	f12	4746952	71500	1			71500		other	0
005	32	Response	53	4747364	71912	1
005	32	Response	53	4793604	118153	1
005	32	Picture	2-122-1-2	4805769	130318	7	5166	7	130000	5000	hit	448
005	32	Response	62	4820324	144872	1
005	33	Sound	P2/beat1	4851267	24999	1			25000		other	0
005	33	Sound	n06	4897766	71499	1			71500		other	0
005	33	Picture	2-223-2-2	4956585	130318	7	5166	7	130000	5000	hit	452
005	33	Response	62	4969444	143177	1
005	34	Sound	P2/beat	5002082	24999	1			25000		other	0
005	34	Sound	test06	5048583	71500	1			71500		other	0
005	34	Picture	3-213-1-3	5107401	130318	7	5166	7	130000	5000	hit	456
005	34	Response	61	5117444	140361	1
005	35	Sound	P2/beat	5152898	24999	1			25000		other	0
005	35	Sound	n04	5199399	71500	1			71500		other	0
005	35	Picture	3-223-1-3	5258217	130318	7	5166	7	130000	5000	hit	460
005	35	Response	62	5271764	143865	1
005	36	Sound	P2/beat	5303714	25000	1			25000		other	0
005	36	Sound	n11	5350215	71501	1			71500		other	0
005	36	Picture	3-113-2-3	5409033	130318	7	5166	7	130000	5000	incorrect	464
005	36	Response	52	5427843	149129	2
005	37	Sound	P1/tapping1	5454530	24999	1			25000		other	0
005	37	Response	53	5470723	41193	1
005	37	Response	53	5475683	46153	1
005	37	Response	53	5478163	48633	1
005	37	Response	53	5481843	52313	1
005	37	Response	52	5486084	56553	2
005	37	Response	53	5488403	58873	1
005	37	Response	53	5491443	61913	1
005	37	Response	53	5495124	65594	2
005	37	Response	53	5497923	68393	1
005	37	Sound	f23	5501030	71499	1			71500		other	0
005	37	Response	53	5501363	71833	1
005	37	Picture	3-112-1-3	5559849	130318	7	5166	7	130000	5000	hit	478
005	37	Response	61	5567844	138313	1
005	38	Sound	P1/tapping	5605347	25000	1			25000		other	0
005	38	Response	53	5609203	28857	2
005	38	Response	53	5612803	32457	1
005	38	Response	53	5616243	35897	1
005	38	Response	53	5619523	39177	1
005	38	Response	53	5622243	41897	1
005	38	Response	53	5625123	44777	1
005	38	Response	53	5628083	47737	1
005	38	Response	53	5631283	50937	1
005	38	Response	53	5634243	53896	1
005	38	Response	53	5637283	56937	1
005	38	Response	53	5640483	60137	1
005	38	Response	53	5643683	63337	1
005	38	Response	53	5646643	66296	1
005	38	Response	53	5649843	69496	1
005	38	Sound	n10	5651846	71499	1			71500		other	0
005	38	Response	53	5652803	72457	1
005	38	Picture	2-112-1-2	5710665	130318	7	5166	7	130000	5000	hit	497
005	38	Response	61	5720163	139817	1
005	39	Sound	P1/tapping	5756162	25000	1			25000		other	0
005	39	Response	53	5759123	27961	1
005	39	Response	53	5761763	30601	1
005	39	Response	53	5765203	34041	2
005	39	Response	53	5768003	36841	2
005	39	Response	53	5770883	39721	1
005	39	Response	53	5773363	42201	1
005	39	Response	53	5776243	45081	1
005	39	Response	53	5779523	48361	1
005	39	Response	53	5782563	51401	1
005	39	Response	53	5785203	54041	1
005	39	Response	53	5787843	56681	1
005	39	Response	53	5791043	59881	1
005	39	Response	53	5793683	62520	1
005	39	Response	53	5796563	65401	1
005	39	Response	53	5799123	67961	1
005	39	Response	53	5802003	70841	2
005	39	Sound	test10	5802663	71500	1			71500		other	0
005	39	Response	53	5837683	106521	2
005	39	Picture	3-212-1-3	5861480	130318	7	5166	7	130000	5000	hit	518
005	39	Response	61	5876643	145481	1
005	40	Sound	P1/tapping	5906978	25000	1			25000		other	0
005	40	Response	53	5911923	29945	1
005	40	Response	53	5915683	33705	1
005	40	Response	53	5918724	36746	2
005	40	Response	53	5921523	39545	1
005	40	Response	53	5924403	42425	1
005	40	Response	53	5927443	45465	1
005	40	Response	53	5930483	48505	2
005	40	Response	53	5933603	51625	1
005	40	Response	53	5936563	54585	1
005	40	Response	53	5939283	57305	1
005	40	Response	53	5942163	60185	1
005	40	Response	53	5944803	62825	3
005	40	Response	53	5948323	66345	1
005	40	Response	53	5952163	70185	2
005	40	Sound	test16	5953478	71500	1			71500		other	0
005	40	Response	53	5955045	73066	2
005	40	Picture	2-212-1-2	6012296	130318	7	5166	7	130000	5000	hit	537
005	40	Response	61	6029203	147225	1
005	41	Sound	P0/none1	6057794	25000	1			25000		other	0
005	41	Sound	test03	6104295	71501	1			71500		other	0
005	41	Picture	2-221-1-2	6163112	130318	7	5166	7	130000	5000	incorrect	541
005	41	Response	51	6177524	144730	2
005	42	Sound	P0/none	6208609	24999	1			25000		other	0
005	42	Sound	f22	6255110	71500	1			71500		other	0
005	42	Picture	2-121-2-2	6313928	130318	7	5166	7	130000	5000	hit	545
005	42	Response	62	6326003	142393	1
005	43	Sound	P0/none	6359426	25001	1			25000		other	0
005	43	Sound	test04	6405926	71500	1			71500		other	0
005	43	Picture	3-221-1-3	6464744	130318	7	5166	7	130000	5000	hit	549
005	43	Response	62	6474643	140217	1
005	44	Sound	P0/none	6510240	24999	1			25000		other	0
005	44	Sound	test11	6556742	71500	1			71500		other	0
005	44	Picture	2-221-1-2	6615560	130318	7	5166	7	130000	5000	hit	553
005	44	Response	62	6635843	150601	2
005	45	Sound	P2/beat1	6661057	25000	1			25000		other	0
005	45	Sound	f04	6707558	71500	1			71500		other	0
005	45	Picture	2-113-1-2	6766376	130318	7	5166	7	130000	5000	hit	557
005	45	Response	61	6776163	140106	1
005	46	Sound	P2/beat	6811874	25000	1			25000		other	0
005	46	Response	53	6817603	30729	2
005	46	Sound	test05	6858373	71500	1			71500		other	0
005	46	Picture	3-213-1-3	6917192	130318	7	5166	7	130000	5000	hit	562
005	46	Response	61	6926003	139129	1
005	47	Sound	P2/beat	6962690	25001	1			25000		other	0
005	47	Sound	f20	7009189	71500	1			71500		other	0
005	47	Picture	2-123-2-2	7068007	130318	7	5166	7	130000	5000	hit	566
005	47	Response	62	7078883	141193	1
005	48	Sound	P2/beat	7113505	25000	1			25000		other	0
005	48	Sound	f24	7160005	71500	1			71500		other	0
005	48	Picture	2-113-1-2	7218823	130318	7	5166	7	130000	5000	hit	570
005	48	Response	61	7224403	135898	1
005	49	Sound	P2/both1	7264321	25000	1			25000		other	0
005	49	Response	53	7267123	27802	1
005	49	Response	53	7271602	32281	1
005	49	Response	53	7276082	36761	1
005	49	Response	53	7281923	42601	1
005	49	Response	53	7287683	48362	1
005	49	Response	53	7293043	53721	1
005	49	Response	53	7299603	60282	1
005	49	Response	53	7304563	65241	1
005	49	Sound	test18	7310821	71500	1			71500		other	0
005	49	Response	53	7311923	72602	1
005	49	Picture	2-224-1-2	7369639	130318	7	5166	7	130000	5000	hit	583
005	49	Response	62	7379923	140602	1
005	49	Response	52	7382642	143321	1
005	50	Sound	P2/both	7415137	25000	1			25000		other	0
005	50	Response	53	7417523	27386	1
005	50	Response	53	7421763	31626	2
005	50	Response	53	7426562	36426	1
005	50	Response	53	7432002	41866	1
005	50	Response	53	7437843	47706	1
005	50	Response	53	7444482	54346	1
005	50	Response	53	7450563	60426	2
005	50	Response	53	7456563	66426	1
005	50	Sound	test01	7461637	71500	1			71500		other	0
005	50	Picture	3-214-1-3	7520455	130318	7	5166	7	130000	5000	incorrect	596
005	50	Response	52	7532563	142426	2
005	51	Sound	P2/both	7565953	25000	1			25000		other	0
005	51	Response	53	7573442	32490	2
005	51	Response	53	7577842	36890	1
005	51	Response	53	7583042	42090	1
005	51	Response	53	7589442	48490	2
005	51	Response	53	7595602	54650	1
005	51	Response	53	7601122	60170	1
005	51	Response	53	7608163	67210	1
005	51	Sound	test17	7612452	71499	1			71500		other	0
005	51	Response	53	7613682	72730	2
005	51	Picture	3-214-1-3	7671271	130318	7	5166	7	130000	5000	hit	608
005	51	Response	61	7688642	147690	1
005	52	Sound	P2/both	7716768	25000	1			25000		other	0
005	52	Response	53	7724482	32714	1
005	52	Response	53	7729202	37434	1
005	52	Response	53	7733922	42154	2
005	52	Response	53	7739282	47514	1
005	52	Response	53	7744562	52794	1
005	52	Response	53	7750642	58874	1
005	52	Response	53	7757042	65274	1
005	52	Response	53	7763122	71354	1
005	52	Sound	test15	7763268	71499	1			71500		other	0
005	52	Picture	3-214-1-3	7822087	130318	7	5166	7	130000	5000	hit	620
005	52	Response	61	7830083	138314	2
005	53	Sound	P2/beat1	7867584	25000	1			25000		other	0
005	53	Sound	test02	7914084	71500	1			71500		other	0
005	53	Picture	3-223-1-3	7972903	130318	7	5166	7	130000	5000	hit	624
005	53	Response	62	7982882	140298	2
005	54	Sound	P2/beat	8018400	25000	1			25000		other	0
005	54	Sound	f08	8064901	71500	1			71500		other	0
005	54	Picture	3-113-2-3	8123719	130318	7	5166	7	130000	5000	hit	628
005	54	Response	61	8128962	135562	2
005	55	Sound	P2/beat	8169216	25000	1			25000		other	0
005	55	Sound	test23	8215716	71500	1			71500		other	0
005	55	Picture	3-213-1-3	8274535	130318	7	5166	7	130000	5000	incorrect	632
005	55	Response	52	8291122	146906	2
005	56	Sound	P2/beat	8320032	25000	1			25000		other	0
005	56	Sound	test25	8366531	71499	1			71500		other	0
005	56	Response	53	8377362	82330	1
005	56	Response	51	8377524	82492	3
005	56	Picture	2-223-1-2	8425350	130318	7	5166	7	130000	5000	hit	638
005	56	Response	62	8436002	140970	2
005	57	Sound	P0/none1	8470848	25000	1			25000		other	0
005	57	Sound	n01	8517348	71499	1			71500		other	0
005	57	Picture	2-211-1-2	8576166	130318	7	5166	7	130000	5000	incorrect	642
005	57	Response	52	8589202	143354	1
005	58	Sound	P0/none	8621663	24999	1			25000		other	0
005	58	Sound	n12	8668164	71500	1			71500		other	0
005	58	Picture	2-121-2-2	8726982	130318	7	5166	7	130000	5000	incorrect	646
005	58	Response	51	8739282	142618	1
005	59	Sound	P0/none	8772480	25001	1			25000		other	0
005	59	Sound	f17	8818980	71500	1			71500		other	0
005	59	Picture	2-121-2-2	8877798	130318	7	5166	7	130000	5000	hit	650
005	59	Response	62	8893843	146363	2
005	60	Sound	P0/none	8923296	25001	1			25000		other	0
005	60	Sound	n14	8969796	71500	1			71500		other	0
005	60	Picture	2-111-2-2	9028614	130318	7	5166	7	130000	5000	hit	654
005	60	Response	61	9040642	142346	1


Event Type	Code	Type	Response	RT	RT Uncertainty	Time	Uncertainty	Duration	Uncertainty	ReqTime	ReqDur

Sound	P1/tapping1	other				25161	1			25000
Sound	n05	other				71661	1			71500
Picture	2-122-2-2	hit	2	11127	8	130479	7	5166	7	130000	5000
Sound	P1/tapping	other				175977	1			25000
Sound	f18	other				222477	1			71500
Picture	3-122-1-3	hit	2	11831	7	281295	7	5166	7	130000	5000
Sound	P1/tapping	other				326793	1			25000
Sound	f09	other				373293	1			71500
Picture	2-122-1-2	hit	2	7416	7	432110	7	5166	7	130000	5000
Sound	P1/tapping	other				477608	1			25000
Sound	f06	other				524109	1			71500
Picture	3-122-1-3	hit	2	10760	7	582926	7	5166	7	130000	5000
Sound	P2/both1	other				628423	1			25000
Sound	f01	other				674924	1			71500
Picture	3-114-1-3	hit	1	10983	7	733742	7	5166	7	130000	5000
Sound	P2/both	other				779238	1			25000
Sound	test24	other				825738	1			71500
Picture	3-214-1-3	hit	1	9528	7	884558	7	5166	7	130000	5000
Sound	P2/both	other				930055	1			25000
Sound	test22	other				976555	1			71500
Picture	3-224-1-3	hit	2	10072	7	1035374	7	5166	7	130000	5000
Sound	P2/both	other				1080871	1			25000
Sound	test07	other				1127370	1			71500
Picture	3-214-1-3	hit	1	11176	7	1186190	7	5166	7	130000	5000
Sound	P2/beat1	other				1231687	1			25000
Sound	f02	other				1278186	1			71500
Picture	2-113-1-2	hit	1	11320	8	1337005	7	5166	7	130000	5000
Sound	P2/beat	other				1382502	1			25000
Sound	f19	other				1429003	1			71500
Picture	2-113-2-2	hit	1	8904	8	1487821	7	5166	7	130000	5000
Sound	P2/beat	other				1533319	1			25000
Sound	n07	other				1579819	1			71500
Picture	3-223-1-3	hit	2	10889	8	1638636	8	5167	8	130000	5000
Sound	P2/beat	other				1684135	1			25000
Sound	f07	other				1730634	1			71500
Picture	3-123-1-3	hit	2	17272	7	1789453	7	5166	7	130000	5000
Sound	P2/both1	other				1834950	1			25000
Sound	f05	other				1881450	1			71500
Picture	2-124-1-2	hit	2	11576	7	1940269	7	5166	7	130000	5000
Sound	P2/both	other				1985766	1			25000
Sound	test09	other				2032265	1			71500
Picture	3-224-1-3	hit	2	11241	7	2091084	7	5166	7	130000	5000
Sound	P2/both	other				2136582	1			25000
Sound	test12	other				2183082	1			71500
Picture	3-214-1-3	hit	1	8745	7	2241900	7	5166	7	130000	5000
Sound	P2/both	other				2287398	1			25000
Sound	test19	other				2333898	1			71500
Picture	2-224-1-2	hit	2	11209	7	2392716	7	5166	7	130000	5000
Sound	P1/tapping1	other				2438213	1			25000
Sound	f15	other				2484714	1			71500
Picture	2-122-2-2	hit	2	13833	8	2543532	7	5166	7	130000	5000
Sound	P1/tapping	other				2589030	1			25000
Sound	test21	other				2635530	1			71500
Picture	3-212-1-3	miss				2694348	7	5166	7	130000	5000
Sound	P1/tapping	other				2739845	1			25000
Sound	f10	other				2786345	1			71500
Picture	3-112-1-3	hit	1	8921	7	2845164	7	5166	7	130000	5000
Sound	P1/tapping	other				2890661	1			25000
Sound	f13	other				2937161	1			71500
Picture	3-112-1-3	hit	1	9225	7	2995979	7	5166	7	130000	5000
Sound	P2/both1	other				3041477	1			25000
Sound	n03	other				3087977	1			71500
Picture	2-124-1-2	hit	2	10569	7	3146795	7	5166	7	130000	5000
Sound	P2/both	other				3192293	1			25000
Sound	n13	other				3238793	1			71500
Picture	3-214-1-3	hit	1	8953	7	3297611	7	5166	7	130000	5000
Sound	P2/both	other				3343108	1			25000
Sound	f11	other				3389608	1			71500
Picture	2-124-1-2	hit	2	9017	8	3448427	7	5166	7	130000	5000
Sound	P2/both	other				3493924	1			25000
Sound	f16	other				3540424	1			71500
Picture	2-114-1-2	hit	1	8921	7	3599243	7	5166	7	130000	5000
Sound	P0/none1	other				3644740	1			25000
Sound	f21	other				3691241	1			71500
Picture	2-121-2-2	hit	2	12426	8	3750059	7	5166	7	130000	5000
Sound	P0/none	other				3795557	1			25000
Sound	test14	other				3842056	1			71500
Picture	2-221-1-2	hit	2	19290	7	3900874	7	5166	7	130000	5000
Sound	P0/none	other				3946373	1			25000
Sound	f14	other				3992871	1			71500
Picture	3-111-1-3	hit	1	11434	7	4051690	7	5166	7	130000	5000
Sound	P0/none	other				4097188	1			25000
Sound	test08	other				4143688	1			71500
Picture	3-221-1-3	hit	2	16298	7	4202506	7	5166	7	130000	5000
Sound	P1/tapping1	other				4248003	1			25000
Sound	n09	other				4294502	1			71500
Picture	2-222-2-2	hit	2	10362	7	4353322	7	5166	7	130000	5000
Sound	P1/tapping	other				4398820	1			25000
Sound	test13	other				4445319	1			71500
Picture	2-212-1-2	hit	1	10986	7	4504138	7	5166	7	130000	5000
Sound	P1/tapping	other				4549635	1			25000
Sound	f03	other				4596135	1			71500
Picture	3-112-1-3	hit	1	9850	7	4654954	7	5166	7	130000	5000
Sound	P1/tapping	other				4700450	1			25000
Sound	f12	other				4746952	1			71500
Picture	2-122-1-2	hit	2	14554	7	4805769	7	5166	7	130000	5000
Sound	P2/beat1	other				4851267	1			25000
Sound	n06	other				4897766	1			71500
Picture	2-223-2-2	hit	2	12858	7	4956585	7	5166	7	130000	5000
Sound	P2/beat	other				5002082	1			25000
Sound	test06	other				5048583	1			71500
Picture	3-213-1-3	hit	1	10042	7	5107401	7	5166	7	130000	5000
Sound	P2/beat	other				5152898	1			25000
Sound	n04	other				5199399	1			71500
Picture	3-223-1-3	hit	2	13547	7	5258217	7	5166	7	130000	5000
Sound	P2/beat	other				5303714	1			25000
Sound	n11	other				5350215	1			71500
Picture	3-113-2-3	incorrect	2	18811	8	5409033	7	5166	7	130000	5000
Sound	P1/tapping1	other				5454530	1			25000
Sound	f23	other				5501030	1			71500
Picture	3-112-1-3	hit	1	7995	7	5559849	7	5166	7	130000	5000
Sound	P1/tapping	other				5605347	1			25000
Sound	n10	other				5651846	1			71500
Picture	2-112-1-2	hit	1	9499	7	5710665	7	5166	7	130000	5000
Sound	P1/tapping	other				5756162	1			25000
Sound	test10	other				5802663	1			71500
Picture	3-212-1-3	hit	1	15163	7	5861480	7	5166	7	130000	5000
Sound	P1/tapping	other				5906978	1			25000
Sound	test16	other				5953478	1			71500
Picture	2-212-1-2	hit	1	16907	7	6012296	7	5166	7	130000	5000
Sound	P0/none1	other				6057794	1			25000
Sound	test03	other				6104295	1			71500
Picture	2-221-1-2	incorrect	1	14412	8	6163112	7	5166	7	130000	5000
Sound	P0/none	other				6208609	1			25000
Sound	f22	other				6255110	1			71500
Picture	2-121-2-2	hit	2	12075	7	6313928	7	5166	7	130000	5000
Sound	P0/none	other				6359426	1			25000
Sound	test04	other				6405926	1			71500
Picture	3-221-1-3	hit	2	9899	7	6464744	7	5166	7	130000	5000
Sound	P0/none	other				6510240	1			25000
Sound	test11	other				6556742	1			71500
Picture	2-221-1-2	hit	2	20283	8	6615560	7	5166	7	130000	5000
Sound	P2/beat1	other				6661057	1			25000
Sound	f04	other				6707558	1			71500
Picture	2-113-1-2	hit	1	9787	7	6766376	7	5166	7	130000	5000
Sound	P2/beat	other				6811874	1			25000
Sound	test05	other				6858373	1			71500
Picture	3-213-1-3	hit	1	8811	7	6917192	7	5166	7	130000	5000
Sound	P2/beat	other				6962690	1			25000
Sound	f20	other				7009189	1			71500
Picture	2-123-2-2	hit	2	10875	7	7068007	7	5166	7	130000	5000
Sound	P2/beat	other				7113505	1			25000
Sound	f24	other				7160005	1			71500
Picture	2-113-1-2	hit	1	5579	7	7218823	7	5166	7	130000	5000
Sound	P2/both1	other				7264321	1			25000
Sound	test18	other				7310821	1			71500
Picture	2-224-1-2	hit	2	10283	8	7369639	7	5166	7	130000	5000
Sound	P2/both	other				7415137	1			25000
Sound	test01	other				7461637	1			71500
Picture	3-214-1-3	incorrect	2	12108	8	7520455	7	5166	7	130000	5000
Sound	P2/both	other				7565953	1			25000
Sound	test17	other				7612452	1			71500
Picture	3-214-1-3	hit	1	17371	8	7671271	7	5166	7	130000	5000
Sound	P2/both	other				7716768	1			25000
Sound	test15	other				7763268	1			71500
Picture	3-214-1-3	hit	1	7996	8	7822087	7	5166	7	130000	5000
Sound	P2/beat1	other				7867584	1			25000
Sound	test02	other				7914084	1			71500
Picture	3-223-1-3	hit	2	9980	8	7972903	7	5166	7	130000	5000
Sound	P2/beat	other				8018400	1			25000
Sound	f08	other				8064901	1			71500
Picture	3-113-2-3	hit	1	5244	8	8123719	7	5166	7	130000	5000
Sound	P2/beat	other				8169216	1			25000
Sound	test23	other				8215716	1			71500
Picture	3-213-1-3	incorrect	2	16588	8	8274535	7	5166	7	130000	5000
Sound	P2/beat	other				8320032	1			25000
Sound	test25	other				8366531	1			71500
Picture	2-223-1-2	hit	2	10652	8	8425350	7	5166	7	130000	5000
Sound	P0/none1	other				8470848	1			25000
Sound	n01	other				8517348	1			71500
Picture	2-211-1-2	incorrect	2	13036	7	8576166	7	5166	7	130000	5000
Sound	P0/none	other				8621663	1			25000
Sound	n12	other				8668164	1			71500
Picture	2-121-2-2	incorrect	1	12300	7	8726982	7	5166	7	130000	5000
Sound	P0/none	other				8772480	1			25000
Sound	f17	other				8818980	1			71500
Picture	2-121-2-2	hit	2	16045	8	8877798	7	5166	7	130000	5000
Sound	P0/none	other				8923296	1			25000
Sound	n14	other				8969796	1			71500
Picture	2-111-2-2	hit	1	12028	7	9028614	7	5166	7	130000	5000


{
   "app": "Presentation Version 22.1 Build 01.21.21",
   "device": "Dell Inc. OptiPlex 7050",
   "experiment": "{C8E97CB4-6FCA-44FA-B866-4A2D94B6B85C}",
   "os": "Windows 10 64 bit",
   "package": "",
   "parameters": {
      "configuration": "Default configuration"
   },
   "scenario": "entrain_list1_sess3_EB.sce",
   "subject": "005",
   "timestamp": "2022/04/04 13:53:08 GMT"
}
