Scenario - test
Logfile written - 04/04/2022 15:50:19

Subject	Trial	Event Type	Code	Time	TTime	Uncertainty	Duration	Uncertainty	ReqTime	ReqDur	Stim Type	Pair Index

005	1	Sound	P0/none1	25161	25000	1			25000		other	0
005	1	Sound	f01	71660	71499	1			71500		other	0
005	1	Picture	2-111-1-2	130479	130318	7	5166	7	130000	5000	hit	4
005	1	Response	61	143739	143579	1
005	2	Sound	P0/none	175975	24999	1			25000		other	0
005	2	Sound	test01	222477	71501	1			71500		other	0
005	2	Picture	2-211-1-2	281294	130318	7	5166	7	130000	5000	hit	8
005	2	Response	61	293500	142524	2
005	3	Sound	P0/none	326792	25000	1			25000		other	0
005	3	Sound	test22	373292	71500	1			71500		other	0
005	3	Picture	3-211-1-3	432110	130318	7	5166	7	130000	5000	hit	12
005	3	Response	61	447819	146027	1
005	4	Sound	P0/none	477607	24999	1			25000		other	0
005	4	Sound	f07	524108	71500	1			71500		other	0
005	4	Picture	2-121-1-2	582926	130318	7	5166	7	130000	5000	hit	16
005	4	Response	62	595499	142891	2
005	5	Sound	P2/beat1	628423	25000	1			25000		other	0
005	5	Sound	f03	674924	71500	1			71500		other	0
005	5	Picture	2-123-1-2	733742	130318	7	5166	7	130000	5000	miss	0
005	5	Response	51	754139	150716	2
005	6	Sound	P2/beat	779239	25000	1			25000		other	0
005	6	Sound	n12	825738	71499	1			71500		other	0
005	6	Picture	3-123-1-3	884557	130318	7	5166	7	130000	5000	hit	24
005	6	Response	62	899580	145341	2
005	7	Sound	P2/beat	930054	24999	1			25000		other	0
005	7	Sound	test10	976556	71501	1			71500		other	0
005	7	Picture	2-213-1-2	1035373	130318	7	5166	7	130000	5000	incorrect	28
005	7	Response	52	1044699	139644	1
005	8	Sound	P2/beat	1080870	25000	1			25000		other	0
005	8	Sound	f17	1127371	71500	1			71500		other	0
005	8	Picture	3-113-1-3	1186189	130318	7	5166	7	130000	5000	hit	32
005	8	Response	61	1200139	144268	2
005	9	Sound	P0/none1	1231686	25000	1			25000		other	0
005	9	Sound	f09	1278185	71498	1			71500		other	0
005	9	Picture	2-111-1-2	1337004	130318	7	5166	7	130000	5000	incorrect	36
005	9	Response	52	1348219	141533	2
005	10	Sound	P0/none	1382502	25000	1			25000		other	0
005	10	Sound	test02	1429002	71500	1			71500		other	0
005	10	Picture	2-221-1-2	1487820	130318	7	5166	7	130000	5000	hit	40
005	10	Response	62	1502860	145358	2
005	11	Sound	P0/none	1533317	24999	1			25000		other	0
005	11	Sound	f20	1579818	71500	1			71500		other	0
005	11	Picture	3-121-1-3	1638635	130317	8	5167	8	130000	5000	hit	44
005	11	Response	62	1649419	141101	1
005	12	Sound	P0/none	1684133	25000	1			25000		other	0
005	12	Sound	test21	1730634	71500	1			71500		other	0
005	12	Picture	3-221-1-3	1789452	130318	7	5166	7	130000	5000	hit	48
005	12	Response	62	1800859	141725	2
005	13	Sound	P1/tapping1	1834949	24999	1			25000		other	0
005	13	Response	53	1840539	30590	1
005	13	Response	53	1846379	36429	1
005	13	Response	53	1850619	40669	1
005	13	Response	53	1855499	45549	1
005	13	Response	53	1860939	50989	1
005	13	Response	53	1863818	53869	1
005	13	Response	53	1867418	57469	1
005	13	Response	53	1870779	60830	2
005	13	Response	53	1874618	64669	1
005	13	Response	53	1878218	68269	1
005	13	Sound	test04	1881449	71500	1			71500		other	0
005	13	Response	53	1882059	72109	2
005	13	Picture	2-212-1-2	1940267	130318	7	5166	7	130000	5000	hit	63
005	13	Response	61	1953979	144029	1
005	14	Response	53	1983179	22414	1
005	14	Sound	P1/tapping	1985765	25000	1			25000		other	0
005	14	Response	53	1987499	26734	1
005	14	Response	53	1992138	31373	1
005	14	Response	53	1996138	35374	1
005	14	Response	53	2000378	39614	1
005	14	Response	53	2004378	43613	1
005	14	Response	53	2008618	47854	2
005	14	Response	53	2012618	51853	1
005	14	Response	53	2017178	56414	2
005	14	Response	53	2021258	60494	1
005	14	Response	53	2025338	64573	1
005	14	Response	53	2029178	68414	1
005	14	Sound	test23	2032265	71500	1			71500		other	0
005	14	Response	53	2033338	72573	1
005	14	Picture	3-222-1-3	2091083	130318	7	5166	7	130000	5000	incorrect	80
005	14	Response	51	2107979	147214	2
005	15	Sound	P1/tapping	2136580	24999	1			25000		other	0
005	15	Response	53	2142538	30958	1
005	15	Response	53	2146938	35358	1
005	15	Response	53	2150699	39119	2
005	15	Response	53	2154298	42718	1
005	15	Response	53	2157898	46318	2
005	15	Response	53	2161418	49838	1
005	15	Response	53	2165178	53598	1
005	15	Response	53	2168458	56878	1
005	15	Response	53	2172058	60478	1
005	15	Response	53	2174858	63278	1
005	15	Response	53	2178219	66638	1
005	15	Response	53	2181098	69518	1
005	15	Sound	test06	2183080	71499	1			71500		other	0
005	15	Response	53	2184138	72558	2
005	15	Response	53	2186938	75358	1
005	15	Response	53	2189658	78078	1
005	15	Picture	2-222-1-2	2241899	130318	7	5166	7	130000	5000	hit	99
005	15	Response	62	2253498	141918	2
005	16	Sound	P1/tapping	2287396	25000	1			25000		other	0
005	16	Response	51	2293338	30942	2
005	16	Response	51	2296858	34462	2
005	16	Response	53	2303178	40782	1
005	16	Response	53	2306379	43983	1
005	16	Response	53	2309898	47502	1
005	16	Response	53	2312858	50462	1
005	16	Response	53	2316218	53822	2
005	16	Response	53	2319498	57102	2
005	16	Response	53	2323018	60622	1
005	16	Response	53	2326298	63902	1
005	16	Response	53	2329578	67182	1
005	16	Response	53	2333018	70622	1
005	16	Sound	test07	2333896	71500	1			71500		other	0
005	16	Picture	2-212-1-2	2392715	130318	7	5166	7	130000	5000	miss	0
005	17	Response	51	2416778	3566	2
005	17	Sound	P2/both1	2438212	25000	1			25000		other	0
005	17	Response	53	2445738	32526	2
005	17	Response	53	2450379	37167	2
005	17	Response	53	2456058	42846	1
005	17	Response	53	2462218	49006	1
005	17	Response	53	2468298	55086	2
005	17	Response	53	2474138	60926	1
005	17	Response	53	2479658	66446	1
005	17	Sound	n01	2484712	71500	1			71500		other	0
005	17	Response	53	2485898	72686	1
005	17	Picture	3-214-1-3	2543530	130318	7	5166	7	130000	5000	miss	0
005	18	Response	52	2565178	1150	1
005	18	Sound	P2/both	2589028	25000	1			25000		other	0
005	18	Response	53	2596698	32670	1
005	18	Response	53	2601178	37150	1
005	18	Response	53	2606859	42831	2
005	18	Response	53	2612218	48190	1
005	18	Response	53	2618298	54270	1
005	18	Response	53	2624538	60510	2
005	18	Response	53	2630218	66190	1
005	18	Sound	f22	2635528	71500	1			71500		other	0
005	18	Picture	3-124-1-3	2694346	130318	7	5166	7	130000	5000	hit	138
005	18	Response	62	2704538	140510	1
005	19	Response	53	2735178	20335	2
005	19	Response	53	2738619	23775	2
005	19	Sound	P2/both	2739843	25000	1			25000		other	0
005	19	Response	53	2742698	27854	1
005	19	Response	53	2747498	32655	1
005	19	Response	53	2752858	38014	1
005	19	Response	53	2758698	43855	2
005	19	Response	53	2763898	49055	2
005	19	Response	53	2769818	54975	1
005	19	Response	53	2775739	60895	1
005	19	Response	53	2781738	66895	1
005	19	Sound	f19	2786344	71500	1			71500		other	0
005	19	Response	53	2787499	72655	2
005	19	Picture	3-114-1-3	2845162	130318	7	5166	7	130000	5000	incorrect	153
005	19	Response	52	2852778	137935	1
005	20	Sound	P2/both	2890660	25000	1			25000		other	0
005	20	Response	53	2897418	31759	1
005	20	Response	53	2902618	36959	1
005	20	Response	53	2908298	42639	1
005	20	Response	53	2914298	48639	1
005	20	Response	53	2920138	54479	1
005	20	Response	53	2926538	60879	1
005	20	Response	53	2932698	67039	2
005	20	Sound	test16	2937160	71500	1			71500		other	0
005	20	Picture	3-224-1-3	2995977	130318	7	5166	7	130000	5000	hit	164
005	20	Response	62	3004618	138959	1
005	21	Sound	P1/tapping1	3041475	25000	1			25000		other	0
005	21	Response	52	3048778	32303	1
005	21	Response	53	3049978	33503	1
005	21	Response	53	3053418	36943	1
005	21	Response	53	3058538	42063	1
005	21	Response	53	3064698	48223	1
005	21	Response	53	3068618	52143	2
005	21	Response	53	3071578	55103	2
005	21	Response	53	3074538	58063	2
005	21	Response	53	3077898	61423	1
005	21	Response	53	3080698	64223	1
005	21	Response	53	3084058	67583	2
005	21	Response	53	3087018	70543	2
005	21	Sound	test05	3087975	71500	1			71500		other	0
005	21	Picture	2-222-1-2	3146793	130318	7	5166	7	130000	5000	hit	180
005	21	Response	62	3156458	139983	1
005	22	Response	53	3187098	19807	2
005	22	Response	53	3191978	24687	2
005	22	Sound	P1/tapping	3192290	24999	1			25000		other	0
005	22	Response	53	3197178	29887	1
005	22	Response	53	3201978	34687	1
005	22	Response	53	3205338	38047	1
005	22	Response	53	3209738	42447	1
005	22	Response	53	3214698	47407	1
005	22	Response	53	3219178	51887	2
005	22	Response	53	3223498	56207	1
005	22	Response	53	3228138	60847	1
005	22	Response	53	3232458	65167	1
005	22	Response	53	3237098	69807	2
005	22	Sound	test08	3238791	71500	1			71500		other	0
005	22	Picture	2-212-1-2	3297609	130318	7	5166	7	130000	5000	incorrect	196
005	22	Response	52	3308378	141087	1
005	23	Response	53	3337898	19792	1
005	23	Sound	P1/tapping	3343106	25000	1			25000		other	0
005	23	Response	53	3344058	25951	1
005	23	Response	53	3348698	30592	1
005	23	Response	53	3352938	34831	1
005	23	Response	53	3356058	37951	1
005	23	Response	53	3360538	42431	1
005	23	Response	53	3365338	47231	1
005	23	Response	53	3369578	51471	2
005	23	Response	53	3374218	56111	1
005	23	Response	53	3378458	60351	1
005	23	Response	53	3382778	64671	1
005	23	Response	53	3387018	68911	3
005	23	Sound	test14	3389606	71500	1			71500		other	0
005	23	Picture	3-212-1-3	3448425	130318	7	5166	7	130000	5000	hit	212
005	23	Response	61	3457978	139872	1
005	24	Response	53	3488218	19296	1
005	24	Sound	P1/tapping	3493922	25000	1			25000		other	0
005	24	Response	53	3496378	27456	1
005	24	Response	53	3501258	32336	1
005	24	Response	53	3505658	36735	1
005	24	Response	53	3510698	41776	1
005	24	Response	53	3515658	46736	2
005	24	Response	53	3520218	51296	1
005	24	Response	53	3524778	55856	1
005	24	Response	53	3529338	60416	1
005	24	Response	53	3533978	65056	1
005	24	Response	53	3538698	69776	1
005	24	Sound	test19	3540421	71499	1			71500		other	0
005	24	Picture	3-212-1-3	3599240	130318	7	5166	7	130000	5000	hit	227
005	24	Response	61	3607418	138496	1
005	25	Sound	P2/beat1	3644737	24999	1			25000		other	0
005	25	Sound	f15	3691237	71499	1			71500		other	0
005	25	Picture	3-113-1-3	3750056	130318	7	5166	7	130000	5000	hit	231
005	25	Response	61	3760538	140800	1
005	26	Sound	P2/beat	3795553	25000	1			25000		other	0
005	26	Sound	f16	3842053	71500	1			71500		other	0
005	26	Picture	3-123-1-3	3900872	130318	7	5166	7	130000	5000	hit	235
005	26	Response	62	3909178	138624	1
005	27	Sound	P2/beat	3946369	25000	1			25000		other	0
005	27	Sound	f18	3992868	71499	1			71500		other	0
005	27	Picture	3-113-1-3	4051688	130318	7	5166	7	130000	5000	hit	239
005	27	Response	61	4059578	138208	1
005	28	Sound	P2/beat	4097185	25000	1			25000		other	0
005	28	Sound	test18	4143684	71499	1			71500		other	0
005	28	Picture	3-223-1-3	4202503	130318	7	5166	7	130000	5000	hit	243
005	28	Response	62	4214138	141952	2
005	29	Sound	P2/both1	4248001	25000	1			25000		other	0
005	29	Response	53	4250378	27377	2
005	29	Response	53	4254857	31857	1
005	29	Response	53	4259897	36896	1
005	29	Response	53	4265898	42897	1
005	29	Response	53	4271817	48817	1
005	29	Response	53	4277497	54496	1
005	29	Response	53	4283337	60337	1
005	29	Response	53	4289497	66497	1
005	29	Sound	f10	4294500	71499	1			71500		other	0
005	29	Response	53	4295577	72577	1
005	29	Picture	2-114-1-2	4353319	130318	7	5166	7	130000	5000	hit	256
005	29	Response	61	4363898	140897	1
005	30	Sound	P2/both	4398816	25000	1			25000		other	0
005	30	Response	53	4402378	28561	1
005	30	Response	53	4406617	32801	1
005	30	Response	53	4411258	37441	1
005	30	Response	53	4416777	42961	1
005	30	Response	53	4422537	48721	1
005	30	Response	53	4428457	54641	2
005	30	Response	53	4434618	60801	2
005	30	Response	53	4440458	66642	2
005	30	Sound	f12	4445316	71500	1			71500		other	0
005	30	Response	53	4446457	72641	2
005	30	Picture	2-114-1-2	4504135	130318	7	5166	7	130000	5000	hit	269
005	30	Response	61	4514457	140641	1
005	31	Sound	P2/both	4549633	25000	1			25000		other	0
005	31	Response	53	4551577	26945	1
005	31	Response	53	4556457	31825	2
005	31	Response	53	4561497	36865	1
005	31	Response	53	4566857	42225	1
005	31	Response	53	4572857	48225	2
005	31	Response	53	4579257	54625	1
005	31	Response	53	4585257	60625	2
005	31	Response	53	4591257	66625	2
005	31	Sound	n05	4596131	71499	1			71500		other	0
005	31	Response	53	4597097	72465	2
005	31	Picture	3-124-1-3	4654951	130318	7	5166	7	130000	5000	hit	282
005	31	Response	62	4669817	145185	1
005	32	Sound	P2/both	4700448	25000	1			25000		other	0
005	32	Response	53	4711897	36449	2
005	32	Response	53	4717577	42129	1
005	32	Response	53	4723897	48449	1
005	32	Response	53	4729977	54529	2
005	32	Response	53	4735897	60449	1
005	32	Response	53	4741657	66209	2
005	32	Sound	f13	4746949	71500	1			71500		other	0
005	32	Picture	3-124-1-3	4805766	130318	7	5166	7	130000	5000	hit	292
005	32	Response	62	4817017	141569	2
005	33	Sound	P0/none1	4851264	25000	1			25000		other	0
005	33	Sound	n09	4897763	71499	1			71500		other	0
005	33	Picture	3-211-1-3	4956582	130318	7	5166	7	130000	5000	hit	296
005	33	Response	61	4967497	141233	2
005	34	Sound	P0/none	5002079	24999	1			25000		other	0
005	34	Sound	test13	5048580	71500	1			71500		other	0
005	34	Picture	3-221-1-3	5107398	130318	7	5166	7	130000	5000	hit	300
005	34	Response	62	5117017	139937	2
005	35	Sound	P0/none	5152896	25000	1			25000		other	0
005	35	Sound	f11	5199395	71499	1			71500		other	0
005	35	Picture	2-111-1-2	5258214	130318	7	5166	7	130000	5000	incorrect	304
005	35	Response	52	5269577	141681	2
005	36	Sound	P0/none	5303711	25000	1			25000		other	0
005	36	Sound	test17	5350211	71500	1			71500		other	0
005	36	Picture	2-211-2-2	5409030	130318	7	5166	7	130000	5000	incorrect	308
005	36	Response	52	5421497	142786	1
005	37	Sound	P2/both1	5454526	24999	1			25000		other	0
005	37	Response	53	5457258	27731	2
005	37	Response	53	5461897	32370	3
005	37	Response	53	5466617	37090	1
005	37	Response	53	5472057	42530	1
005	37	Response	53	5478057	48530	1
005	37	Response	53	5483977	54450	1
005	37	Response	53	5490697	61170	1
005	37	Response	53	5496297	66770	1
005	37	Sound	f06	5501026	71499	1			71500		other	0
005	37	Response	53	5502217	72690	2
005	37	Picture	2-114-1-2	5559845	130318	7	5166	7	130000	5000	incorrect	321
005	37	Response	52	5572777	143250	1
005	38	Sound	P2/both	5605342	24999	1			25000		other	0
005	38	Response	53	5607337	26995	2
005	38	Response	53	5612217	31874	1
005	38	Response	53	5617097	36754	1
005	38	Response	53	5622617	42274	2
005	38	Response	53	5628457	48114	1
005	38	Response	53	5634537	54194	1
005	38	Response	53	5640777	60434	1
005	38	Response	53	5646777	66434	2
005	38	Sound	f24	5651842	71499	1			71500		other	0
005	38	Response	53	5653017	72674	1
005	38	Picture	3-114-1-3	5710661	130318	7	5166	7	130000	5000	hit	334
005	38	Response	61	5719577	139234	1
005	39	Sound	P2/both	5756158	24999	1			25000		other	0
005	39	Response	53	5762057	30898	1
005	39	Response	53	5767337	36178	1
005	39	Response	53	5773097	41938	1
005	39	Response	53	5779257	48099	1
005	39	Response	53	5785257	54098	1
005	39	Response	53	5791177	60018	1
005	39	Response	53	5797497	66338	1
005	39	Sound	f08	5802659	71500	1			71500		other	0
005	39	Picture	2-114-1-2	5861477	130318	7	5166	7	130000	5000	hit	345
005	39	Response	61	5874137	142978	1
005	40	Sound	P2/both	5906974	25000	1			25000		other	0
005	40	Response	53	5912377	30402	1
005	40	Response	53	5917977	36002	1
005	40	Response	53	5923897	41922	2
005	40	Response	53	5929657	47682	1
005	40	Response	53	5936617	54642	1
005	40	Response	53	5942457	60482	1
005	40	Response	53	5947977	66002	1
005	40	Sound	n04	5953475	71500	1			71500		other	0
005	40	Response	53	5954137	72162	1
005	40	Picture	2-224-1-2	6012293	130318	7	5166	7	130000	5000	hit	357
005	40	Response	62	6025337	143362	1
005	41	Sound	P2/beat1	6057790	25000	1			25000		other	0
005	41	Response	52	6062457	29666	2
005	41	Response	53	6062937	30147	1
005	41	Sound	test09	6104290	71499	1			71500		other	0
005	41	Picture	2-223-1-2	6163109	130318	7	5166	7	130000	5000	hit	363
005	41	Response	62	6174697	141906	1
005	42	Sound	P2/beat	6208607	25000	1			25000		other	0
005	42	Sound	test03	6255105	71499	1			71500		other	0
005	42	Picture	2-213-1-2	6313924	130318	7	5166	7	130000	5000	incorrect	367
005	42	Response	52	6324537	140931	1
005	43	Sound	P2/beat	6359422	25000	1			25000		other	0
005	43	Sound	n10	6405922	71500	1			71500		other	0
005	43	Picture	3-123-1-3	6464740	130318	7	5166	7	130000	5000	hit	371
005	43	Response	62	6476377	141955	1
005	44	Sound	P2/beat	6510237	24999	1			25000		other	0
005	44	Sound	test24	6556738	71501	1			71500		other	0
005	44	Picture	3-223-1-3	6615556	130318	7	5166	7	130000	5000	hit	375
005	44	Response	62	6626057	140819	1
005	45	Sound	P1/tapping1	6661054	25001	1			25000		other	0
005	45	Response	51	6674617	38563	2
005	45	Response	53	6678456	42403	1
005	45	Response	53	6683176	47123	1
005	45	Response	53	6687496	51443	1
005	45	Response	53	6691816	55763	1
005	45	Response	53	6696056	60003	1
005	45	Response	53	6700216	64163	1
005	45	Response	53	6704216	68163	1
005	45	Sound	f05	6707553	71499	1			71500		other	0
005	45	Response	53	6708136	72083	1
005	45	Picture	2-112-1-2	6766372	130318	7	5166	7	130000	5000	incorrect	388
005	45	Response	52	6781257	145203	1
005	46	Sound	P1/tapping	6811869	24999	1			25000		other	0
005	46	Response	53	6812296	25427	1
005	46	Response	53	6816537	29667	1
005	46	Response	53	6820136	33267	1
005	46	Response	53	6824216	37347	2
005	46	Response	53	6827817	40947	1
005	46	Response	53	6831817	44947	2
005	46	Response	53	6836056	49187	1
005	46	Response	53	6839896	53027	2
005	46	Response	53	6843896	57027	1
005	46	Response	53	6847576	60707	1
005	46	Response	53	6851576	64707	1
005	46	Response	53	6854616	67747	1
005	46	Sound	f04	6858369	71500	1			71500		other	0
005	46	Response	53	6858937	72067	2
005	46	Picture	2-122-1-2	6917188	130318	7	5166	7	130000	5000	hit	405
005	46	Response	62	6931256	144387	1
005	47	Sound	P1/tapping	6962686	25001	1			25000		other	0
005	47	Response	53	6966376	28691	2
005	47	Response	53	6970696	33011	2
005	47	Response	53	6974617	36931	2
005	47	Response	53	6978136	40451	1
005	47	Response	53	6981656	43971	1
005	47	Response	53	6985336	47651	1
005	47	Response	53	6988616	50931	1
005	47	Response	53	6991896	54211	2
005	47	Response	53	6995576	57891	2
005	47	Response	53	6998936	61251	1
005	47	Response	53	7002776	65091	1
005	47	Response	53	7006456	68771	1
005	47	Sound	n13	7009185	71500	1			71500		other	0
005	47	Response	53	7009816	72131	1
005	47	Picture	3-222-1-3	7068003	130318	7	5166	7	130000	5000	hit	422
005	47	Response	62	7078296	140611	2
005	48	Sound	P1/tapping	7113501	25000	1			25000		other	0
005	48	Response	53	7119176	30675	1
005	48	Response	53	7122616	34115	1
005	48	Response	53	7125736	37235	1
005	48	Response	53	7129336	40835	1
005	48	Response	52	7134856	46355	1
005	48	Response	53	7138296	49795	1
005	48	Response	53	7141656	53155	1
005	48	Response	53	7144776	56275	1
005	48	Response	53	7148456	59955	2
005	48	Response	53	7151336	62835	1
005	48	Response	53	7153976	65475	4
005	48	Response	53	7157736	69235	1
005	48	Sound	f21	7160001	71500	1			71500		other	0
005	48	Picture	3-112-1-3	7218819	130318	7	5166	7	130000	5000	hit	438
005	48	Response	61	7233096	144595	1
005	49	Sound	P0/none1	7264317	25000	1			25000		other	0
005	49	Sound	test25	7310817	71500	1			71500		other	0
005	49	Picture	3-211-1-3	7369635	130318	7	5166	7	130000	5000	hit	442
005	49	Response	61	7380056	140739	1
005	50	Sound	P0/none	7415132	24999	1			25000		other	0
005	50	Sound	test12	7461632	71500	1			71500		other	0
005	50	Picture	2-221-1-2	7520451	130318	7	5166	7	130000	5000	hit	446
005	50	Response	62	7530856	140723	1
005	51	Sound	P0/none	7565949	25000	1			25000		other	0
005	51	Sound	n03	7612448	71500	1			71500		other	0
005	51	Picture	2-111-1-2	7671267	130318	7	5166	7	130000	5000	hit	450
005	51	Response	61	7682296	141348	1
005	52	Sound	P0/none	7716764	25000	1			25000		other	0
005	52	Sound	f23	7763264	71500	1			71500		other	0
005	52	Picture	2-121-1-2	7822082	130318	7	5166	7	130000	5000	hit	454
005	52	Response	62	7831417	139653	2
005	53	Sound	P1/tapping1	7867580	25000	1			25000		other	0
005	53	Response	53	7872696	30116	1
005	53	Response	53	7876856	34276	1
005	53	Response	53	7880136	37556	1
005	53	Response	53	7883256	40676	1
005	53	Response	53	7887016	44436	1
005	53	Response	53	7890536	47956	2
005	53	Response	53	7894376	51796	1
005	53	Response	53	7897896	55316	1
005	53	Response	53	7901016	58436	1
005	53	Response	53	7904216	61636	1
005	53	Response	53	7907096	64516	1
005	53	Response	53	7909896	67316	1
005	53	Response	53	7912536	69956	1
005	53	Sound	f02	7914080	71500	1			71500		other	0
005	53	Picture	2-122-1-2	7972898	130318	7	5166	7	130000	5000	hit	471
005	53	Response	62	7982857	140277	1
005	54	Sound	P1/tapping	8018397	25001	1			25000		other	0
005	54	Response	53	8021496	28100	1
005	54	Response	53	8024616	31220	1
005	54	Response	53	8027976	34580	1
005	54	Response	53	8031336	37940	1
005	54	Response	53	8034216	40820	1
005	54	Response	53	8037815	44419	1
005	54	Response	53	8041176	47780	2
005	54	Response	53	8043896	50500	1
005	54	Response	53	8046776	53380	1
005	54	Response	53	8050296	56900	1
005	54	Response	53	8053416	60019	1
005	54	Response	53	8057176	63780	1
005	54	Response	53	8060696	67300	1
005	54	Response	53	8063735	70339	1
005	54	Sound	test15	8064896	71500	1			71500		other	0
005	54	Response	53	8070936	77540	1
005	54	Picture	3-222-1-3	8123714	130318	7	5166	7	130000	5000	incorrect	490
005	54	Response	51	8133656	140260	1
005	55	Sound	P1/tapping	8169212	25000	1			25000		other	0
005	55	Response	53	8175016	30804	1
005	55	Response	53	8177975	33764	1
005	55	Response	53	8181496	37284	1
005	55	Response	53	8185016	40804	1
005	55	Response	53	8187736	43525	2
005	55	Response	53	8190615	46404	1
005	55	Response	53	8193416	49204	1
005	55	Response	53	8196616	52404	1
005	55	Response	53	8199496	55284	1
005	55	Response	53	8202536	58324	1
005	55	Response	53	8205575	61364	1
005	55	Response	53	8207895	63684	1
005	55	Response	53	8211336	67124	1
005	55	Response	53	8214056	69844	2
005	55	Sound	test11	8215712	71500	1			71500		other	0
005	55	Picture	2-212-1-2	8274530	130318	7	5166	7	130000	5000	incorrect	508
005	55	Response	52	8289416	145204	1
005	56	Sound	P1/tapping	8320026	24999	1			25000		other	0
005	56	Response	53	8323016	27988	2
005	56	Response	53	8326136	31108	3
005	56	Response	53	8329736	34708	1
005	56	Response	53	8331655	36628	1
005	56	Response	53	8335656	40628	1
005	56	Response	53	8338615	43588	1
005	56	Response	53	8341095	46068	2
005	56	Response	53	8343975	48948	1
005	56	Response	53	8346376	51348	1
005	56	Response	53	8349096	54069	2
005	56	Response	53	8352056	57028	1
005	56	Response	53	8354455	59428	1
005	56	Response	53	8358616	63588	1
005	56	Response	53	8361496	66468	2
005	56	Response	53	8363976	68948	1
005	56	Sound	n06	8366528	71500	1			71500		other	0
005	56	Response	53	8369096	74069	2
005	56	Response	52	8423016	127988	1
005	56	Picture	3-222-1-3	8425346	130318	7	5166	7	130000	5000	hit	529
005	56	Response	62	8434296	139268	1
005	57	Sound	P2/both1	8470843	25000	1			25000		other	0
005	57	Response	53	8473576	27732	2
005	57	Response	53	8478696	32852	1
005	57	Response	53	8482855	37012	1
005	57	Response	53	8488216	42373	1
005	57	Response	53	8494616	48772	1
005	57	Response	53	8500296	54452	1
005	57	Response	53	8506296	60452	2
005	57	Response	53	8511736	65893	1
005	57	Sound	n11	8517343	71500	1			71500		other	0
005	57	Response	53	8517896	72053	2
005	57	Picture	2-124-1-2	8576162	130318	7	5166	7	130000	5000	incorrect	542
005	57	Response	51	8585496	139653	2
005	58	Response	53	8617336	20676	1
005	58	Sound	P2/both	8621660	25000	1			25000		other	0
005	58	Response	53	8624056	27396	2
005	58	Response	53	8630776	34116	1
005	58	Response	53	8636936	40276	2
005	58	Response	53	8644616	47956	2
005	58	Response	53	8650536	53876	1
005	58	Response	53	8656936	60276	1
005	58	Response	53	8662535	65876	1
005	58	Sound	n14	8668158	71499	1			71500		other	0
005	58	Response	53	8669096	72436	1
005	58	Picture	3-124-1-3	8726977	130318	7	5166	7	130000	5000	hit	555
005	58	Response	62	8740936	144276	2
005	59	Sound	P2/both	8772475	24999	1			25000		other	0
005	59	Response	53	8778295	30820	1
005	59	Response	53	8783495	36020	1
005	59	Response	53	8789176	41700	1
005	59	Response	53	8795015	47540	1
005	59	Response	53	8800936	53460	1
005	59	Response	53	8806456	58981	1
005	59	Response	53	8812696	65220	1
005	59	Response	53	8818296	70820	2
005	59	Sound	f14	8818975	71500	1			71500		other	0
005	59	Picture	3-124-1-3	8877793	130318	7	5166	7	130000	5000	hit	567
005	59	Response	62	8886296	138821	1
005	60	Sound	P2/both	8923290	24999	1			25000		other	0
005	60	Response	53	8925096	26805	1
005	60	Response	53	8929495	31204	1
005	60	Response	53	8934775	36484	1
005	60	Response	53	8939735	41444	1
005	60	Response	53	8946216	47925	1
005	60	Response	53	8951575	53285	1
005	60	Response	53	8957815	59525	1
005	60	Response	53	8963975	65685	1
005	60	Response	53	8969415	71125	1
005	60	Sound	n07	8969791	71501	1			71500		other	0
005	60	Picture	2-214-1-2	9028609	130318	7	5166	7	130000	5000	incorrect	580
005	60	Response	52	9045336	147045	1


Event Type	Code	Type	Response	RT	RT Uncertainty	Time	Uncertainty	Duration	Uncertainty	ReqTime	ReqDur

Sound	P0/none1	other				25161	1			25000
Sound	f01	other				71660	1			71500
Picture	2-111-1-2	hit	1	13261	7	130479	7	5166	7	130000	5000
Sound	P0/none	other				175975	1			25000
Sound	test01	other				222477	1			71500
Picture	2-211-1-2	hit	1	12206	8	281294	7	5166	7	130000	5000
Sound	P0/none	other				326792	1			25000
Sound	test22	other				373292	1			71500
Picture	3-211-1-3	hit	1	15709	7	432110	7	5166	7	130000	5000
Sound	P0/none	other				477607	1			25000
Sound	f07	other				524108	1			71500
Picture	2-121-1-2	hit	2	12573	8	582926	7	5166	7	130000	5000
Sound	P2/beat1	other				628423	1			25000
Sound	f03	other				674924	1			71500
Picture	2-123-1-2	miss				733742	7	5166	7	130000	5000
Sound	P2/beat	other				779239	1			25000
Sound	n12	other				825738	1			71500
Picture	3-123-1-3	hit	2	15022	8	884557	7	5166	7	130000	5000
Sound	P2/beat	other				930054	1			25000
Sound	test10	other				976556	1			71500
Picture	2-213-1-2	incorrect	2	9326	7	1035373	7	5166	7	130000	5000
Sound	P2/beat	other				1080870	1			25000
Sound	f17	other				1127371	1			71500
Picture	3-113-1-3	hit	1	13950	8	1186189	7	5166	7	130000	5000
Sound	P0/none1	other				1231686	1			25000
Sound	f09	other				1278185	1			71500
Picture	2-111-1-2	incorrect	2	11215	8	1337004	7	5166	7	130000	5000
Sound	P0/none	other				1382502	1			25000
Sound	test02	other				1429002	1			71500
Picture	2-221-1-2	hit	2	15039	8	1487820	7	5166	7	130000	5000
Sound	P0/none	other				1533317	1			25000
Sound	f20	other				1579818	1			71500
Picture	3-121-1-3	hit	2	10784	8	1638635	8	5167	8	130000	5000
Sound	P0/none	other				1684133	1			25000
Sound	test21	other				1730634	1			71500
Picture	3-221-1-3	hit	2	11407	8	1789452	7	5166	7	130000	5000
Sound	P1/tapping1	other				1834949	1			25000
Sound	test04	other				1881449	1			71500
Picture	2-212-1-2	hit	1	13711	7	1940267	7	5166	7	130000	5000
Sound	P1/tapping	other				1985765	1			25000
Sound	test23	other				2032265	1			71500
Picture	3-222-1-3	incorrect	1	16896	8	2091083	7	5166	7	130000	5000
Sound	P1/tapping	other				2136580	1			25000
Sound	test06	other				2183080	1			71500
Picture	2-222-1-2	hit	2	11600	8	2241899	7	5166	7	130000	5000
Sound	P1/tapping	other				2287396	1			25000
Sound	test07	other				2333896	1			71500
Picture	2-212-1-2	miss				2392715	7	5166	7	130000	5000
Sound	P2/both1	other				2438212	1			25000
Sound	n01	other				2484712	1			71500
Picture	3-214-1-3	miss				2543530	7	5166	7	130000	5000
Sound	P2/both	other				2589028	1			25000
Sound	f22	other				2635528	1			71500
Picture	3-124-1-3	hit	2	10192	7	2694346	7	5166	7	130000	5000
Sound	P2/both	other				2739843	1			25000
Sound	f19	other				2786344	1			71500
Picture	3-114-1-3	incorrect	2	7617	7	2845162	7	5166	7	130000	5000
Sound	P2/both	other				2890660	1			25000
Sound	test16	other				2937160	1			71500
Picture	3-224-1-3	hit	2	8641	7	2995977	7	5166	7	130000	5000
Sound	P1/tapping1	other				3041475	1			25000
Sound	test05	other				3087975	1			71500
Picture	2-222-1-2	hit	2	9665	7	3146793	7	5166	7	130000	5000
Sound	P1/tapping	other				3192290	1			25000
Sound	test08	other				3238791	1			71500
Picture	2-212-1-2	incorrect	2	10769	7	3297609	7	5166	7	130000	5000
Sound	P1/tapping	other				3343106	1			25000
Sound	test14	other				3389606	1			71500
Picture	3-212-1-3	hit	1	9554	7	3448425	7	5166	7	130000	5000
Sound	P1/tapping	other				3493922	1			25000
Sound	test19	other				3540421	1			71500
Picture	3-212-1-3	hit	1	8178	7	3599240	7	5166	7	130000	5000
Sound	P2/beat1	other				3644737	1			25000
Sound	f15	other				3691237	1			71500
Picture	3-113-1-3	hit	1	10482	7	3750056	7	5166	7	130000	5000
Sound	P2/beat	other				3795553	1			25000
Sound	f16	other				3842053	1			71500
Picture	3-123-1-3	hit	2	8306	7	3900872	7	5166	7	130000	5000
Sound	P2/beat	other				3946369	1			25000
Sound	f18	other				3992868	1			71500
Picture	3-113-1-3	hit	1	7890	7	4051688	7	5166	7	130000	5000
Sound	P2/beat	other				4097185	1			25000
Sound	test18	other				4143684	1			71500
Picture	3-223-1-3	hit	2	11634	8	4202503	7	5166	7	130000	5000
Sound	P2/both1	other				4248001	1			25000
Sound	f10	other				4294500	1			71500
Picture	2-114-1-2	hit	1	10578	7	4353319	7	5166	7	130000	5000
Sound	P2/both	other				4398816	1			25000
Sound	f12	other				4445316	1			71500
Picture	2-114-1-2	hit	1	10323	7	4504135	7	5166	7	130000	5000
Sound	P2/both	other				4549633	1			25000
Sound	n05	other				4596131	1			71500
Picture	3-124-1-3	hit	2	14867	7	4654951	7	5166	7	130000	5000
Sound	P2/both	other				4700448	1			25000
Sound	f13	other				4746949	1			71500
Picture	3-124-1-3	hit	2	11251	8	4805766	7	5166	7	130000	5000
Sound	P0/none1	other				4851264	1			25000
Sound	n09	other				4897763	1			71500
Picture	3-211-1-3	hit	1	10915	8	4956582	7	5166	7	130000	5000
Sound	P0/none	other				5002079	1			25000
Sound	test13	other				5048580	1			71500
Picture	3-221-1-3	hit	2	9619	8	5107398	7	5166	7	130000	5000
Sound	P0/none	other				5152896	1			25000
Sound	f11	other				5199395	1			71500
Picture	2-111-1-2	incorrect	2	11363	8	5258214	7	5166	7	130000	5000
Sound	P0/none	other				5303711	1			25000
Sound	test17	other				5350211	1			71500
Picture	2-211-2-2	incorrect	2	12468	7	5409030	7	5166	7	130000	5000
Sound	P2/both1	other				5454526	1			25000
Sound	f06	other				5501026	1			71500
Picture	2-114-1-2	incorrect	2	12931	7	5559845	7	5166	7	130000	5000
Sound	P2/both	other				5605342	1			25000
Sound	f24	other				5651842	1			71500
Picture	3-114-1-3	hit	1	8916	7	5710661	7	5166	7	130000	5000
Sound	P2/both	other				5756158	1			25000
Sound	f08	other				5802659	1			71500
Picture	2-114-1-2	hit	1	12660	7	5861477	7	5166	7	130000	5000
Sound	P2/both	other				5906974	1			25000
Sound	n04	other				5953475	1			71500
Picture	2-224-1-2	hit	2	13044	7	6012293	7	5166	7	130000	5000
Sound	P2/beat1	other				6057790	1			25000
Sound	test09	other				6104290	1			71500
Picture	2-223-1-2	hit	2	11588	7	6163109	7	5166	7	130000	5000
Sound	P2/beat	other				6208607	1			25000
Sound	test03	other				6255105	1			71500
Picture	2-213-1-2	incorrect	2	10612	7	6313924	7	5166	7	130000	5000
Sound	P2/beat	other				6359422	1			25000
Sound	n10	other				6405922	1			71500
Picture	3-123-1-3	hit	2	11637	7	6464740	7	5166	7	130000	5000
Sound	P2/beat	other				6510237	1			25000
Sound	test24	other				6556738	1			71500
Picture	3-223-1-3	hit	2	10501	7	6615556	7	5166	7	130000	5000
Sound	P1/tapping1	other				6661054	1			25000
Sound	f05	other				6707553	1			71500
Picture	2-112-1-2	incorrect	2	14885	7	6766372	7	5166	7	130000	5000
Sound	P1/tapping	other				6811869	1			25000
Sound	f04	other				6858369	1			71500
Picture	2-122-1-2	hit	2	14069	7	6917188	7	5166	7	130000	5000
Sound	P1/tapping	other				6962686	1			25000
Sound	n13	other				7009185	1			71500
Picture	3-222-1-3	hit	2	10293	8	7068003	7	5166	7	130000	5000
Sound	P1/tapping	other				7113501	1			25000
Sound	f21	other				7160001	1			71500
Picture	3-112-1-3	hit	1	14277	7	7218819	7	5166	7	130000	5000
Sound	P0/none1	other				7264317	1			25000
Sound	test25	other				7310817	1			71500
Picture	3-211-1-3	hit	1	10421	7	7369635	7	5166	7	130000	5000
Sound	P0/none	other				7415132	1			25000
Sound	test12	other				7461632	1			71500
Picture	2-221-1-2	hit	2	10405	7	7520451	7	5166	7	130000	5000
Sound	P0/none	other				7565949	1			25000
Sound	n03	other				7612448	1			71500
Picture	2-111-1-2	hit	1	11029	7	7671267	7	5166	7	130000	5000
Sound	P0/none	other				7716764	1			25000
Sound	f23	other				7763264	1			71500
Picture	2-121-1-2	hit	2	9334	8	7822082	7	5166	7	130000	5000
Sound	P1/tapping1	other				7867580	1			25000
Sound	f02	other				7914080	1			71500
Picture	2-122-1-2	hit	2	9958	7	7972898	7	5166	7	130000	5000
Sound	P1/tapping	other				8018397	1			25000
Sound	test15	other				8064896	1			71500
Picture	3-222-1-3	incorrect	1	9942	7	8123714	7	5166	7	130000	5000
Sound	P1/tapping	other				8169212	1			25000
Sound	test11	other				8215712	1			71500
Picture	2-212-1-2	incorrect	2	14886	7	8274530	7	5166	7	130000	5000
Sound	P1/tapping	other				8320026	1			25000
Sound	n06	other				8366528	1			71500
Picture	3-222-1-3	hit	2	8950	7	8425346	7	5166	7	130000	5000
Sound	P2/both1	other				8470843	1			25000
Sound	n11	other				8517343	1			71500
Picture	2-124-1-2	incorrect	1	9335	8	8576162	7	5166	7	130000	5000
Sound	P2/both	other				8621660	1			25000
Sound	n14	other				8668158	1			71500
Picture	3-124-1-3	hit	2	13958	8	8726977	7	5166	7	130000	5000
Sound	P2/both	other				8772475	1			25000
Sound	f14	other				8818975	1			71500
Picture	3-124-1-3	hit	2	8502	7	8877793	7	5166	7	130000	5000
Sound	P2/both	other				8923290	1			25000
Sound	n07	other				8969791	1			71500
Picture	2-214-1-2	incorrect	2	16727	7	9028609	7	5166	7	130000	5000


{
   "app": "Presentation Version 22.1 Build 01.21.21",
   "device": "Dell Inc. OptiPlex 7050",
   "experiment": "{C8E97CB4-6FCA-44FA-B866-4A2D94B6B85C}",
   "os": "Windows 10 64 bit",
   "package": "",
   "parameters": {
      "configuration": "Default configuration"
   },
   "scenario": "entrain_list1_sess1_EB.sce",
   "subject": "005",
   "timestamp": "2022/04/04 13:35:10 GMT"
}
