Scenario - test
Logfile written - 03/30/2022 15:40:09

Subject	Trial	Event Type	Code	Time	TTime	Uncertainty	Duration	Uncertainty	ReqTime	ReqDur	Stim Type	Pair Index

001	1	Sound	P2/both1	25159	24999	1			25000		other	0
001	1	Response	53	26732	26571	1
001	1	Response	53	31612	31451	1
001	1	Response	53	36972	36811	1
001	1	Response	53	42972	42811	1
001	1	Response	53	48732	48571	2
001	1	Response	53	55452	55291	1
001	1	Response	53	60972	60811	2
001	1	Response	53	66812	66651	1
001	1	Sound	test06	71661	71500	1			71500		other	0
001	1	Picture	3-224-1-3	130479	130318	7	5166	7	130000	5000	hit	12
001	1	Response	62	140732	140571	1
001	2	Sound	P2/both	175977	25000	1			25000		other	0
001	2	Response	53	177532	26555	1
001	2	Response	53	182012	31035	2
001	2	Response	53	187292	36316	1
001	2	Response	53	193612	42635	1
001	2	Response	53	199612	48635	1
001	2	Response	53	205372	54395	1
001	2	Response	53	210972	59995	2
001	2	Response	53	217052	66075	2
001	2	Sound	f17	222477	71500	1			71500		other	0
001	2	Picture	2-114-2-2	281295	130318	7	5166	7	130000	5000	incorrect	24
001	2	Response	52	294092	143115	1
001	3	Sound	P2/both	326793	25000	1			25000		other	0
001	3	Response	53	331532	29739	1
001	3	Response	53	337452	35659	1
001	3	Response	53	343932	42139	2
001	3	Response	53	350172	48379	1
001	3	Response	53	355852	54059	2
001	3	Response	53	362012	60219	1
001	3	Response	53	368171	66379	1
001	3	Sound	f02	373293	71501	1			71500		other	0
001	3	Picture	3-114-2-3	432111	130318	7	5166	7	130000	5000	hit	35
001	3	Response	61	443292	141500	2
001	4	Response	53	473612	21003	2
001	4	Sound	P2/both	477608	24999	1			25000		other	0
001	4	Response	53	478972	26363	2
001	4	Response	53	483372	30763	1
001	4	Response	53	488812	36203	1
001	4	Response	53	495691	43083	1
001	4	Response	53	501532	48923	2
001	4	Response	53	506972	54363	1
001	4	Response	53	512892	60283	1
001	4	Response	53	518972	66364	1
001	4	Sound	n09	524108	71499	1			71500		other	0
001	4	Picture	2-214-2-2	582927	130319	7	5166	7	130000	5000	hit	48
001	4	Response	61	593212	140603	1
001	5	Sound	P0/none1	628424	24999	1			25000		other	0
001	5	Sound	test15	674924	71499	1			71500		other	0
001	5	Picture	2-211-1-2	733743	130318	7	5166	7	130000	5000	hit	52
001	5	Response	61	745131	141707	3
001	6	Sound	P0/none	779242	25001	1			25000		other	0
001	6	Sound	test07	825740	71500	1			71500		other	0
001	6	Picture	3-221-1-3	884559	130318	7	5166	7	130000	5000	hit	56
001	6	Response	62	897131	142891	1
001	7	Sound	P0/none	930056	24999	1			25000		other	0
001	7	Sound	f16	976557	71500	1			71500		other	0
001	7	Picture	2-121-1-2	1035375	130318	7	5166	7	130000	5000	hit	60
001	7	Response	62	1046811	141755	1
001	8	Sound	P0/none	1080873	25000	1			25000		other	0
001	8	Sound	f15	1127373	71500	1			71500		other	0
001	8	Picture	2-111-2-2	1186191	130319	7	5166	7	130000	5000	hit	64
001	8	Response	61	1196011	140138	2
001	9	Sound	P1/tapping1	1231689	25000	1			25000		other	0
001	9	Response	53	1233371	26682	1
001	9	Response	53	1238651	31962	1
001	9	Response	53	1244091	37402	1
001	9	Response	53	1249451	42762	1
001	9	Response	53	1254491	47802	1
001	9	Response	53	1259691	53002	2
001	9	Response	53	1264971	58282	1
001	9	Response	53	1270731	64042	1
001	9	Response	53	1276971	70282	1
001	9	Sound	test24	1278189	71500	1			71500		other	0
001	9	Picture	2-212-2-2	1337007	130318	7	5166	7	130000	5000	hit	77
001	9	Response	61	1348571	141882	1
001	10	Sound	P1/tapping	1382504	25000	1			25000		other	0
001	10	Response	53	1384011	26506	1
001	10	Response	53	1389211	31706	1
001	10	Response	53	1394652	37147	4
001	10	Response	53	1400411	42906	1
001	10	Response	53	1405771	48266	1
001	10	Response	53	1411371	53866	1
001	10	Response	53	1416331	58826	1
001	10	Response	53	1420652	63147	2
001	10	Sound	n01	1429005	71500	1			71500		other	0
001	10	Picture	2-222-1-2	1487823	130318	7	5166	7	130000	5000	hit	89
001	10	Response	62	1502011	144506	1
001	11	Response	53	1521371	13050	1
001	11	Sound	P1/tapping	1533321	25000	1			25000		other	0
001	11	Response	53	1535211	26890	1
001	11	Response	53	1540411	32090	1
001	11	Response	53	1545611	37290	1
001	11	Response	53	1550971	42650	1
001	11	Response	53	1556971	48650	1
001	11	Response	53	1562571	54250	1
001	11	Response	53	1568571	60250	1
001	11	Sound	test12	1579820	71499	1			71500		other	0
001	11	Picture	3-222-1-3	1638639	130318	7	5166	7	130000	5000	hit	101
001	11	Response	62	1651611	143290	1
001	12	Sound	P1/tapping	1684138	25001	1			25000		other	0
001	12	Response	53	1686331	27194	1
001	12	Response	53	1691372	32235	1
001	12	Response	53	1696891	37754	1
001	12	Response	53	1702411	43274	1
001	12	Response	53	1708171	49034	1
001	12	Response	53	1713451	54314	1
001	12	Response	53	1718811	59674	2
001	12	Response	53	1723931	64794	1
001	12	Sound	test03	1730637	71500	1			71500		other	0
001	12	Picture	3-222-1-3	1789455	130318	7	5166	7	130000	5000	hit	113
001	12	Response	62	1803211	144074	1
001	13	Sound	P2/beat1	1834954	25001	1			25000		other	0
001	13	Sound	test04	1881452	71499	1			71500		other	0
001	13	Picture	3-213-1-3	1940271	130318	7	5166	7	130000	5000	hit	117
001	13	Response	61	1952891	142938	1
001	14	Sound	P2/beat	1985769	25000	1			25000		other	0
001	14	Sound	f12	2032268	71499	1			71500		other	0
001	14	Picture	3-123-1-3	2091087	130318	7	5166	7	130000	5000	hit	121
001	14	Response	62	2105051	144282	1
001	15	Sound	P2/beat	2136585	25000	1			25000		other	0
001	15	Sound	test21	2183085	71499	1			71500		other	0
001	15	Picture	2-213-2-2	2241904	130318	7	5166	7	130000	5000	incorrect	125
001	15	Response	52	2256891	145306	1
001	16	Sound	P2/beat	2287401	25000	1			25000		other	0
001	16	Sound	test14	2333900	71499	1			71500		other	0
001	16	Picture	2-213-1-2	2392720	130318	7	5166	7	130000	5000	hit	129
001	16	Response	61	2404411	142009	2
001	17	Sound	P0/none1	2438216	24998	1			25000		other	0
001	17	Sound	f08	2484718	71501	1			71500		other	0
001	17	Picture	2-121-1-2	2543536	130318	7	5166	7	130000	5000	hit	133
001	17	Response	62	2561451	148234	1
001	18	Sound	P0/none	2589034	25001	1			25000		other	0
001	18	Sound	f05	2635532	71499	1			71500		other	0
001	18	Picture	3-121-1-3	2694352	130318	7	5166	7	130000	5000	miss	0
001	19	Response	52	2716651	1802	1
001	19	Sound	P0/none	2739849	25000	1			25000		other	0
001	19	Sound	n05	2786350	71501	1			71500		other	0
001	19	Picture	2-111-2-2	2845168	130318	7	5166	7	130000	5000	hit	141
001	19	Response	61	2855210	140361	1
001	20	Sound	P0/none	2890666	25000	1			25000		other	0
001	20	Sound	f13	2937165	71499	1			71500		other	0
001	20	Picture	2-111-1-2	2995984	130318	7	5166	7	130000	5000	incorrect	145
001	20	Response	52	3013051	147386	2
001	21	Sound	P2/beat1	3041482	25001	1			25000		other	0
001	21	Response	53	3049210	32729	1
001	21	Sound	f06	3087982	71501	1			71500		other	0
001	21	Picture	3-113-1-3	3146800	130318	7	5166	7	130000	5000	hit	150
001	21	Response	61	3157771	141289	2
001	22	Sound	P2/beat	3192297	25000	1			25000		other	0
001	22	Sound	n03	3238797	71499	1			71500		other	0
001	22	Picture	3-113-1-3	3297616	130318	7	5166	7	130000	5000	hit	154
001	22	Response	61	3309690	142393	1
001	23	Sound	P2/beat	3343114	25001	1			25000		other	0
001	23	Sound	f22	3389614	71500	1			71500		other	0
001	23	Picture	2-113-2-2	3448432	130318	7	5166	7	130000	5000	hit	158
001	23	Response	61	3460171	142057	2
001	24	Sound	P2/beat	3493930	25000	1			25000		other	0
001	24	Sound	test11	3540430	71501	1			71500		other	0
001	24	Picture	3-213-1-3	3599248	130318	7	5166	7	130000	5000	hit	162
001	24	Response	61	3611770	142841	1
001	25	Sound	P2/both1	3644745	25000	1			25000		other	0
001	25	Response	53	3645130	25385	1
001	25	Response	53	3650571	30825	2
001	25	Response	53	3656651	36905	3
001	25	Response	53	3662650	42905	1
001	25	Response	53	3668411	48665	2
001	25	Response	53	3674730	54985	1
001	25	Response	53	3680250	60504	1
001	25	Response	53	3686330	66585	1
001	25	Sound	test05	3691246	71500	1			71500		other	0
001	25	Picture	3-224-1-3	3750064	130318	7	5166	7	130000	5000	hit	174
001	25	Response	62	3762970	143224	1
001	26	Sound	P2/both	3795562	25000	1			25000		other	0
001	26	Response	53	3797211	26649	1
001	26	Response	53	3801610	31048	1
001	26	Response	53	3806890	36328	1
001	26	Response	53	3813370	42808	1
001	26	Response	53	3818890	48328	2
001	26	Response	53	3825050	54488	1
001	26	Response	53	3831210	60648	2
001	26	Response	53	3837050	66488	2
001	26	Sound	n12	3842062	71501	1			71500		other	0
001	26	Picture	2-114-2-2	3900880	130318	7	5166	7	130000	5000	incorrect	186
001	26	Response	52	3918650	148089	1
001	27	Sound	P2/both	3946379	25001	1			25000		other	0
001	27	Response	53	3950090	28713	1
001	27	Response	53	3953610	32232	1
001	27	Response	53	3958170	36793	2
001	27	Response	53	3963530	42152	1
001	27	Response	53	3969530	48152	1
001	27	Response	53	3975530	54152	1
001	27	Response	53	3981450	60072	1
001	27	Response	53	3987370	65992	1
001	27	Sound	n10	3992877	71500	1			71500		other	0
001	27	Picture	2-124-1-2	4051696	130318	7	5166	7	130000	5000	hit	198
001	27	Response	62	4064730	143352	1
001	28	Response	53	4097050	24856	1
001	28	Sound	P2/both	4097194	25000	1			25000		other	0
001	28	Response	53	4102570	30376	1
001	28	Response	53	4108730	36536	1
001	28	Response	53	4114730	42536	1
001	28	Response	53	4121050	48856	1
001	28	Response	53	4126730	54536	1
001	28	Response	53	4132570	60376	1
001	28	Response	53	4138810	66616	1
001	28	Sound	test25	4143693	71499	1			71500		other	0
001	28	Picture	2-214-1-2	4202512	130318	7	5166	7	130000	5000	hit	210
001	28	Response	61	4212810	140616	1
001	29	Sound	P0/none1	4248010	25000	1			25000		other	0
001	29	Sound	f18	4294510	71500	1			71500		other	0
001	29	Picture	2-121-2-2	4353328	130319	7	5166	7	130000	5000	hit	214
001	29	Response	62	4366570	143560	1
001	30	Sound	P0/none	4398826	25000	1			25000		other	0
001	30	Sound	test10	4445326	71501	1			71500		other	0
001	30	Picture	3-221-1-3	4504144	130318	7	5166	7	130000	5000	hit	218
001	30	Response	62	4516410	142584	1
001	31	Sound	P0/none	4549643	25001	1			25000		other	0
001	31	Sound	test19	4596143	71501	1			71500		other	0
001	31	Picture	3-221-1-3	4654960	130318	7	5166	7	130000	5000	hit	222
001	31	Response	62	4667290	142648	1
001	32	Sound	P0/none	4700458	25000	1			25000		other	0
001	32	Sound	test18	4746958	71500	1			71500		other	0
001	32	Picture	2-211-1-2	4805776	130318	7	5166	7	130000	5000	hit	226
001	32	Response	61	4820890	145432	1
001	33	Sound	P1/tapping1	4851274	25000	1			25000		other	0
001	33	Response	53	4852890	26616	2
001	33	Response	53	4857690	31416	1
001	33	Response	53	4863210	36936	1
001	33	Response	53	4868890	42616	1
001	33	Response	53	4874970	48696	1
001	33	Response	53	4880650	54376	1
001	33	Response	53	4886170	59896	1
001	33	Response	53	4891770	65496	1
001	33	Sound	f11	4897774	71500	1			71500		other	0
001	33	Picture	3-122-1-3	4956593	130319	7	5166	7	130000	5000	hit	238
001	33	Response	62	4968170	141896	1
001	34	Sound	P1/tapping	5002090	25000	1			25000		other	0
001	34	Response	53	5003770	26680	1
001	34	Response	53	5009290	32199	2
001	34	Response	53	5014890	37799	1
001	34	Response	53	5020570	43479	1
001	34	Response	53	5026250	49160	1
001	34	Response	53	5032090	54999	1
001	34	Response	53	5037849	60759	1
001	34	Response	53	5043450	66359	2
001	34	Sound	n07	5048589	71499	1			71500		other	0
001	34	Picture	3-212-1-3	5107408	130318	7	5166	7	130000	5000	hit	250
001	34	Response	61	5118170	141080	1
001	35	Sound	P1/tapping	5152907	25001	1			25000		other	0
001	35	Response	53	5154650	26743	1
001	35	Response	53	5159610	31703	1
001	35	Response	53	5164970	37063	1
001	35	Response	53	5170730	42823	1
001	35	Response	53	5175690	47784	1
001	35	Response	53	5181290	53384	2
001	35	Response	53	5186490	58584	1
001	35	Response	53	5191689	63782	1
001	35	Sound	test09	5199406	71500	1			71500		other	0
001	35	Picture	3-212-1-3	5258225	130318	7	5166	7	130000	5000	hit	262
001	35	Response	61	5269689	141783	2
001	36	Sound	P1/tapping	5303722	25000	1			25000		other	0
001	36	Response	53	5305529	26807	1
001	36	Response	53	5310169	31447	1
001	36	Response	53	5315689	36967	1
001	36	Response	53	5320970	42247	1
001	36	Response	53	5326569	47847	1
001	36	Response	53	5332010	53288	2
001	36	Response	53	5337289	58567	2
001	36	Response	53	5342810	64087	1
001	36	Sound	test22	5350223	71500	1			71500		other	0
001	36	Picture	2-222-2-2	5409041	130318	7	5166	7	130000	5000	hit	274
001	36	Response	62	5420970	142247	1
001	37	Sound	P2/beat1	5454538	25000	1			25000		other	0
001	37	Sound	f14	5501038	71499	1			71500		other	0
001	37	Picture	2-113-2-2	5559857	130318	7	5166	7	130000	5000	hit	278
001	37	Response	61	5568969	139431	1
001	38	Sound	P2/beat	5605354	25000	1			25000		other	0
001	38	Sound	test17	5651854	71499	1			71500		other	0
001	38	Picture	3-223-1-3	5710673	130318	7	5166	7	130000	5000	hit	282
001	38	Response	62	5720089	139735	1
001	39	Sound	P2/beat	5756171	25000	1			25000		other	0
001	39	Sound	n14	5802670	71500	1			71500		other	0
001	39	Picture	2-123-2-2	5861489	130318	7	5166	7	130000	5000	hit	286
001	39	Response	62	5871529	140359	1
001	40	Sound	P2/beat	5906986	25000	1			25000		other	0
001	40	Sound	f01	5953487	71500	1			71500		other	0
001	40	Picture	3-123-1-3	6012305	130318	7	5166	7	130000	5000	hit	290
001	40	Response	62	6027449	145463	2
001	41	Sound	P2/both1	6057802	25000	1			25000		other	0
001	41	Response	53	6059529	26727	1
001	41	Response	53	6063849	31047	2
001	41	Response	53	6069129	36326	1
001	41	Response	53	6075289	42487	3
001	41	Response	53	6081209	48407	1
001	41	Response	53	6087529	54727	1
001	41	Response	53	6093049	60247	1
001	41	Response	53	6099289	66486	1
001	41	Sound	n06	6104302	71499	1			71500		other	0
001	41	Picture	2-214-2-2	6163121	130318	7	5166	7	130000	5000	hit	302
001	41	Response	61	6173449	140647	1
001	42	Response	53	6207529	23910	1
001	42	Sound	P2/both	6208619	25000	1			25000		other	0
001	42	Response	53	6213770	30151	1
001	42	Response	53	6219529	35910	1
001	42	Response	53	6225770	42151	1
001	42	Response	53	6231849	48230	1
001	42	Response	53	6237929	54310	1
001	42	Response	53	6243929	60310	1
001	42	Response	53	6249849	66230	1
001	42	Sound	f23	6255119	71500	1			71500		other	0
001	42	Picture	3-124-1-3	6313937	130318	7	5166	7	130000	5000	incorrect	314
001	42	Response	51	6328249	144630	1
001	43	Sound	P2/both	6359434	24999	1			25000		other	0
001	43	Response	53	6361049	26615	1
001	43	Response	53	6365849	31414	1
001	43	Response	53	6371129	36694	1
001	43	Response	53	6377129	42694	1
001	43	Response	53	6383210	48775	1
001	43	Response	53	6388889	54454	1
001	43	Response	53	6394890	60455	2
001	43	Response	53	6400569	66134	1
001	43	Sound	test02	6405934	71500	1			71500		other	0
001	43	Picture	3-214-1-3	6464753	130319	7	5166	7	130000	5000	hit	326
001	43	Response	61	6476969	142534	1
001	44	Sound	P2/both	6510252	25001	1			25000		other	0
001	44	Response	53	6511689	26438	1
001	44	Response	53	6516249	30998	2
001	44	Response	53	6521689	36438	1
001	44	Response	53	6527929	42678	1
001	44	Response	53	6533849	48598	1
001	44	Response	53	6539769	54518	1
001	44	Response	53	6545529	60278	2
001	44	Response	53	6551529	66278	1
001	44	Sound	test08	6556751	71500	1			71500		other	0
001	44	Picture	3-214-1-3	6615569	130318	7	5166	7	130000	5000	hit	338
001	44	Response	61	6625609	140358	1
001	45	Sound	P0/none1	6661067	25000	1			25000		other	0
001	45	Sound	f10	6707567	71500	1			71500		other	0
001	45	Picture	3-121-1-3	6766385	130318	7	5166	7	130000	5000	hit	342
001	45	Response	62	6779929	143863	2
001	46	Sound	P0/none	6811883	25000	1			25000		other	0
001	46	Sound	f04	6858382	71499	1			71500		other	0
001	46	Picture	3-121-1-3	6917202	130319	7	5166	7	130000	5000	hit	346
001	46	Response	62	6930889	144006	1
001	47	Sound	P0/none	6962699	25000	1			25000		other	0
001	47	Sound	n11	7009199	71500	1			71500		other	0
001	47	Picture	3-121-2-3	7068017	130318	7	5166	7	130000	5000	hit	350
001	47	Response	62	7079609	141910	2
001	48	Sound	P0/none	7113516	25001	1			25000		other	0
001	48	Sound	test16	7160016	71501	1			71500		other	0
001	48	Picture	2-221-1-2	7218834	130318	7	5166	7	130000	5000	hit	354
001	48	Response	62	7236489	147974	1
001	49	Sound	P2/beat1	7264330	24999	1			25000		other	0
001	49	Sound	test13	7310831	71500	1			71500		other	0
001	49	Picture	2-223-1-2	7369650	130318	7	5166	7	130000	5000	hit	358
001	49	Response	62	7382408	143077	1
001	50	Sound	P2/beat	7415147	25000	1			25000		other	0
001	50	Sound	f21	7461647	71500	1			71500		other	0
001	50	Picture	2-113-2-2	7520466	130318	7	5166	7	130000	5000	hit	362
001	50	Response	61	7534969	144821	1
001	51	Sound	P2/beat	7565963	25000	1			25000		other	0
001	51	Sound	n13	7612464	71500	1			71500		other	0
001	51	Picture	2-213-1-2	7671282	130318	7	5166	7	130000	5000	hit	366
001	51	Response	61	7680648	139685	1
001	52	Sound	P2/beat	7716781	25001	1			25000		other	0
001	52	Sound	f09	7763280	71501	1			71500		other	0
001	52	Picture	3-123-1-3	7822098	130318	7	5166	7	130000	5000	hit	370
001	52	Response	62	7833929	142149	1
001	53	Sound	P2/both1	7867596	25000	1			25000		other	0
001	53	Response	53	7868809	26213	1
001	53	Response	53	7873528	30932	1
001	53	Response	53	7879768	37172	2
001	53	Response	53	7885768	43172	1
001	53	Response	53	7891528	48933	1
001	53	Response	53	7898088	55492	1
001	53	Response	53	7903849	61254	2
001	53	Response	53	7909529	66934	2
001	53	Sound	f07	7914096	71500	1			71500		other	0
001	53	Picture	3-114-1-3	7972914	130318	7	5166	7	130000	5000	incorrect	382
001	53	Response	52	7986088	143493	1
001	54	Sound	P2/both	8018412	25000	1			25000		other	0
001	54	Response	53	8020008	26597	1
001	54	Response	53	8024408	30997	1
001	54	Response	53	8029688	36277	1
001	54	Response	53	8035608	42196	1
001	54	Response	53	8041608	48197	1
001	54	Response	53	8047288	53876	1
001	54	Response	53	8053848	60437	2
001	54	Response	53	8059848	66437	1
001	54	Sound	test23	8064912	71501	1			71500		other	0
001	54	Picture	2-214-2-2	8123730	130318	7	5166	7	130000	5000	hit	394
001	54	Response	61	8136088	142676	1
001	55	Response	53	8167368	23140	1
001	55	Sound	P2/both	8169229	25001	1			25000		other	0
001	55	Response	53	8174168	29940	1
001	55	Response	53	8180488	36260	2
001	55	Response	53	8186728	42500	2
001	55	Response	53	8193128	48900	1
001	55	Response	53	8198808	54580	1
001	55	Response	53	8205128	60900	1
001	55	Response	53	8211049	66821	2
001	55	Sound	f03	8215727	71499	1			71500		other	0
001	55	Picture	3-124-1-3	8274546	130318	7	5166	7	130000	5000	hit	406
001	55	Response	62	8285448	141221	2
001	56	Sound	P2/both	8320043	24999	1			25000		other	0
001	56	Response	53	8320648	25604	1
001	56	Response	53	8326088	31044	1
001	56	Response	53	8331448	36404	1
001	56	Response	53	8337848	42804	1
001	56	Response	53	8343768	48724	1
001	56	Response	53	8349848	54804	1
001	56	Response	53	8355688	60644	1
001	56	Response	53	8361848	66804	1
001	56	Sound	f20	8366545	71501	1			71500		other	0
001	56	Picture	2-114-2-2	8425362	130318	7	5166	7	130000	5000	hit	418
001	56	Response	61	8437128	142084	1
001	57	Sound	P1/tapping1	8470860	25000	1			25000		other	0
001	57	Response	53	8472808	26948	1
001	57	Response	53	8478328	32468	1
001	57	Response	53	8483929	38069	2
001	57	Response	53	8489928	44068	1
001	57	Response	53	8495689	49829	1
001	57	Response	53	8501768	55908	1
001	57	Response	53	8507688	61828	2
001	57	Response	53	8512888	67028	1
001	57	Sound	test01	8517361	71501	1			71500		other	0
001	57	Picture	3-222-1-3	8576178	130318	7	5166	7	130000	5000	hit	430
001	57	Response	62	8595368	149508	1
001	58	Sound	P1/tapping	8621676	25000	1			25000		other	0
001	58	Response	53	8623528	26852	1
001	58	Response	53	8628488	31812	1
001	58	Response	53	8634088	37412	1
001	58	Response	53	8640008	43332	1
001	58	Response	53	8646009	49333	1
001	58	Response	53	8651609	54933	1
001	58	Response	53	8656888	60212	1
001	58	Response	53	8662169	65493	2
001	58	Sound	n04	8668176	71500	1			71500		other	0
001	58	Picture	3-212-1-3	8726994	130318	7	5166	7	130000	5000	incorrect	442
001	58	Response	52	8744488	147812	1
001	59	Sound	P1/tapping	8772492	25000	1			25000		other	0
001	59	Response	53	8774408	26916	2
001	59	Response	53	8778888	31396	1
001	59	Response	53	8784648	37156	1
001	59	Response	53	8790168	42676	1
001	59	Response	53	8796249	48757	2
001	59	Response	53	8802008	54516	1
001	59	Response	53	8807128	59636	1
001	59	Response	53	8813208	65716	1
001	59	Sound	f19	8818992	71500	1			71500		other	0
001	59	Picture	2-122-2-2	8877810	130318	7	5166	7	130000	5000	hit	454
001	59	Response	62	8890568	143076	1
001	60	Sound	P1/tapping	8923308	25000	1			25000		other	0
001	60	Response	53	8924008	25700	1
001	60	Response	53	8929848	31540	1
001	60	Response	53	8935208	36900	1
001	60	Response	53	8941048	42740	1
001	60	Response	53	8946888	48580	1
001	60	Response	53	8952248	53940	1
001	60	Response	53	8957288	58980	1
001	60	Response	53	8962968	64660	2
001	60	Sound	f24	8969807	71499	1			71500		other	0
001	60	Picture	2-122-1-2	9028627	130318	7	5166	7	130000	5000	hit	466
001	60	Response	62	9042568	144260	2


Event Type	Code	Type	Response	RT	RT Uncertainty	Time	Uncertainty	Duration	Uncertainty	ReqTime	ReqDur

Sound	P2/both1	other				25159	1			25000
Sound	test06	other				71661	1			71500
Picture	3-224-1-3	hit	2	10253	7	130479	7	5166	7	130000	5000
Sound	P2/both	other				175977	1			25000
Sound	f17	other				222477	1			71500
Picture	2-114-2-2	incorrect	2	12797	7	281295	7	5166	7	130000	5000
Sound	P2/both	other				326793	1			25000
Sound	f02	other				373293	1			71500
Picture	3-114-2-3	hit	1	11181	8	432111	7	5166	7	130000	5000
Sound	P2/both	other				477608	1			25000
Sound	n09	other				524108	1			71500
Picture	2-214-2-2	hit	1	10284	7	582927	7	5166	7	130000	5000
Sound	P0/none1	other				628424	1			25000
Sound	test15	other				674924	1			71500
Picture	2-211-1-2	hit	1	11388	9	733743	7	5166	7	130000	5000
Sound	P0/none	other				779242	1			25000
Sound	test07	other				825740	1			71500
Picture	3-221-1-3	hit	2	12572	7	884559	7	5166	7	130000	5000
Sound	P0/none	other				930056	1			25000
Sound	f16	other				976557	1			71500
Picture	2-121-1-2	hit	2	11436	7	1035375	7	5166	7	130000	5000
Sound	P0/none	other				1080873	1			25000
Sound	f15	other				1127373	1			71500
Picture	2-111-2-2	hit	1	9820	8	1186191	7	5166	7	130000	5000
Sound	P1/tapping1	other				1231689	1			25000
Sound	test24	other				1278189	1			71500
Picture	2-212-2-2	hit	1	11564	7	1337007	7	5166	7	130000	5000
Sound	P1/tapping	other				1382504	1			25000
Sound	n01	other				1429005	1			71500
Picture	2-222-1-2	hit	2	14188	7	1487823	7	5166	7	130000	5000
Sound	P1/tapping	other				1533321	1			25000
Sound	test12	other				1579820	1			71500
Picture	3-222-1-3	hit	2	12972	7	1638639	7	5166	7	130000	5000
Sound	P1/tapping	other				1684138	1			25000
Sound	test03	other				1730637	1			71500
Picture	3-222-1-3	hit	2	13756	7	1789455	7	5166	7	130000	5000
Sound	P2/beat1	other				1834954	1			25000
Sound	test04	other				1881452	1			71500
Picture	3-213-1-3	hit	1	12620	7	1940271	7	5166	7	130000	5000
Sound	P2/beat	other				1985769	1			25000
Sound	f12	other				2032268	1			71500
Picture	3-123-1-3	hit	2	13964	7	2091087	7	5166	7	130000	5000
Sound	P2/beat	other				2136585	1			25000
Sound	test21	other				2183085	1			71500
Picture	2-213-2-2	incorrect	2	14988	7	2241904	7	5166	7	130000	5000
Sound	P2/beat	other				2287401	1			25000
Sound	test14	other				2333900	1			71500
Picture	2-213-1-2	hit	1	11691	8	2392720	7	5166	7	130000	5000
Sound	P0/none1	other				2438216	1			25000
Sound	f08	other				2484718	1			71500
Picture	2-121-1-2	hit	2	17915	7	2543536	7	5166	7	130000	5000
Sound	P0/none	other				2589034	1			25000
Sound	f05	other				2635532	1			71500
Picture	3-121-1-3	miss				2694352	7	5166	7	130000	5000
Sound	P0/none	other				2739849	1			25000
Sound	n05	other				2786350	1			71500
Picture	2-111-2-2	hit	1	10043	7	2845168	7	5166	7	130000	5000
Sound	P0/none	other				2890666	1			25000
Sound	f13	other				2937165	1			71500
Picture	2-111-1-2	incorrect	2	17068	8	2995984	7	5166	7	130000	5000
Sound	P2/beat1	other				3041482	1			25000
Sound	f06	other				3087982	1			71500
Picture	3-113-1-3	hit	1	10971	8	3146800	7	5166	7	130000	5000
Sound	P2/beat	other				3192297	1			25000
Sound	n03	other				3238797	1			71500
Picture	3-113-1-3	hit	1	12075	7	3297616	7	5166	7	130000	5000
Sound	P2/beat	other				3343114	1			25000
Sound	f22	other				3389614	1			71500
Picture	2-113-2-2	hit	1	11739	8	3448432	7	5166	7	130000	5000
Sound	P2/beat	other				3493930	1			25000
Sound	test11	other				3540430	1			71500
Picture	3-213-1-3	hit	1	12522	7	3599248	7	5166	7	130000	5000
Sound	P2/both1	other				3644745	1			25000
Sound	test05	other				3691246	1			71500
Picture	3-224-1-3	hit	2	12906	7	3750064	7	5166	7	130000	5000
Sound	P2/both	other				3795562	1			25000
Sound	n12	other				3842062	1			71500
Picture	2-114-2-2	incorrect	2	17770	7	3900880	7	5166	7	130000	5000
Sound	P2/both	other				3946379	1			25000
Sound	n10	other				3992877	1			71500
Picture	2-124-1-2	hit	2	13034	7	4051696	7	5166	7	130000	5000
Sound	P2/both	other				4097194	1			25000
Sound	test25	other				4143693	1			71500
Picture	2-214-1-2	hit	1	10298	7	4202512	7	5166	7	130000	5000
Sound	P0/none1	other				4248010	1			25000
Sound	f18	other				4294510	1			71500
Picture	2-121-2-2	hit	2	13242	7	4353328	7	5166	7	130000	5000
Sound	P0/none	other				4398826	1			25000
Sound	test10	other				4445326	1			71500
Picture	3-221-1-3	hit	2	12266	7	4504144	7	5166	7	130000	5000
Sound	P0/none	other				4549643	1			25000
Sound	test19	other				4596143	1			71500
Picture	3-221-1-3	hit	2	12329	7	4654960	7	5166	7	130000	5000
Sound	P0/none	other				4700458	1			25000
Sound	test18	other				4746958	1			71500
Picture	2-211-1-2	hit	1	15113	7	4805776	7	5166	7	130000	5000
Sound	P1/tapping1	other				4851274	1			25000
Sound	f11	other				4897774	1			71500
Picture	3-122-1-3	hit	2	11577	7	4956593	7	5166	7	130000	5000
Sound	P1/tapping	other				5002090	1			25000
Sound	n07	other				5048589	1			71500
Picture	3-212-1-3	hit	1	10761	7	5107408	7	5166	7	130000	5000
Sound	P1/tapping	other				5152907	1			25000
Sound	test09	other				5199406	1			71500
Picture	3-212-1-3	hit	1	11465	8	5258225	7	5166	7	130000	5000
Sound	P1/tapping	other				5303722	1			25000
Sound	test22	other				5350223	1			71500
Picture	2-222-2-2	hit	2	11929	7	5409041	7	5166	7	130000	5000
Sound	P2/beat1	other				5454538	1			25000
Sound	f14	other				5501038	1			71500
Picture	2-113-2-2	hit	1	9112	7	5559857	7	5166	7	130000	5000
Sound	P2/beat	other				5605354	1			25000
Sound	test17	other				5651854	1			71500
Picture	3-223-1-3	hit	2	9417	7	5710673	7	5166	7	130000	5000
Sound	P2/beat	other				5756171	1			25000
Sound	n14	other				5802670	1			71500
Picture	2-123-2-2	hit	2	10040	7	5861489	7	5166	7	130000	5000
Sound	P2/beat	other				5906986	1			25000
Sound	f01	other				5953487	1			71500
Picture	3-123-1-3	hit	2	15144	8	6012305	7	5166	7	130000	5000
Sound	P2/both1	other				6057802	1			25000
Sound	n06	other				6104302	1			71500
Picture	2-214-2-2	hit	1	10328	7	6163121	7	5166	7	130000	5000
Sound	P2/both	other				6208619	1			25000
Sound	f23	other				6255119	1			71500
Picture	3-124-1-3	incorrect	1	14312	7	6313937	7	5166	7	130000	5000
Sound	P2/both	other				6359434	1			25000
Sound	test02	other				6405934	1			71500
Picture	3-214-1-3	hit	1	12216	7	6464753	7	5166	7	130000	5000
Sound	P2/both	other				6510252	1			25000
Sound	test08	other				6556751	1			71500
Picture	3-214-1-3	hit	1	10040	7	6615569	7	5166	7	130000	5000
Sound	P0/none1	other				6661067	1			25000
Sound	f10	other				6707567	1			71500
Picture	3-121-1-3	hit	2	13544	9	6766385	7	5166	7	130000	5000
Sound	P0/none	other				6811883	1			25000
Sound	f04	other				6858382	1			71500
Picture	3-121-1-3	hit	2	13687	7	6917202	7	5166	7	130000	5000
Sound	P0/none	other				6962699	1			25000
Sound	n11	other				7009199	1			71500
Picture	3-121-2-3	hit	2	11591	8	7068017	7	5166	7	130000	5000
Sound	P0/none	other				7113516	1			25000
Sound	test16	other				7160016	1			71500
Picture	2-221-1-2	hit	2	17655	7	7218834	7	5166	7	130000	5000
Sound	P2/beat1	other				7264330	1			25000
Sound	test13	other				7310831	1			71500
Picture	2-223-1-2	hit	2	12759	7	7369650	7	5166	7	130000	5000
Sound	P2/beat	other				7415147	1			25000
Sound	f21	other				7461647	1			71500
Picture	2-113-2-2	hit	1	14503	7	7520466	7	5166	7	130000	5000
Sound	P2/beat	other				7565963	1			25000
Sound	n13	other				7612464	1			71500
Picture	2-213-1-2	hit	1	9366	7	7671282	7	5166	7	130000	5000
Sound	P2/beat	other				7716781	1			25000
Sound	f09	other				7763280	1			71500
Picture	3-123-1-3	hit	2	11831	7	7822098	7	5166	7	130000	5000
Sound	P2/both1	other				7867596	1			25000
Sound	f07	other				7914096	1			71500
Picture	3-114-1-3	incorrect	2	13174	7	7972914	7	5166	7	130000	5000
Sound	P2/both	other				8018412	1			25000
Sound	test23	other				8064912	1			71500
Picture	2-214-2-2	hit	1	12358	7	8123730	7	5166	7	130000	5000
Sound	P2/both	other				8169229	1			25000
Sound	f03	other				8215727	1			71500
Picture	3-124-1-3	hit	2	10902	8	8274546	7	5166	7	130000	5000
Sound	P2/both	other				8320043	1			25000
Sound	f20	other				8366545	1			71500
Picture	2-114-2-2	hit	1	11766	7	8425362	7	5166	7	130000	5000
Sound	P1/tapping1	other				8470860	1			25000
Sound	test01	other				8517361	1			71500
Picture	3-222-1-3	hit	2	19190	7	8576178	7	5166	7	130000	5000
Sound	P1/tapping	other				8621676	1			25000
Sound	n04	other				8668176	1			71500
Picture	3-212-1-3	incorrect	2	17494	7	8726994	7	5166	7	130000	5000
Sound	P1/tapping	other				8772492	1			25000
Sound	f19	other				8818992	1			71500
Picture	2-122-2-2	hit	2	12758	7	8877810	7	5166	7	130000	5000
Sound	P1/tapping	other				8923308	1			25000
Sound	f24	other				8969807	1			71500
Picture	2-122-1-2	hit	2	13941	8	9028627	7	5166	7	130000	5000


{
   "app": "Presentation Version 22.1 Build 01.21.21",
   "device": "Dell Inc. OptiPlex 7050",
   "experiment": "{C8E97CB4-6FCA-44FA-B866-4A2D94B6B85C}",
   "os": "Windows 10 64 bit",
   "package": "",
   "parameters": {
      "configuration": "Default configuration"
   },
   "scenario": "entrain_list1_sess4_EB.sce",
   "subject": "001",
   "timestamp": "2022/03/30 13:24:59 GMT"
}
