Scenario - test
Logfile written - 03/30/2022 15:03:01

Subject	Trial	Event Type	Code	Time	TTime	Uncertainty	Duration	Uncertainty	ReqTime	ReqDur	Stim Type	Pair Index

001	1	Sound	P2/beat1	25162	25002	1			25000		other	0
001	1	Sound	n05	71661	71500	1			71500		other	0
001	1	Picture	3-113-1-3	130479	130318	7	5166	7	130000	5000	incorrect	4
001	1	Response	52	141436	141275	1
001	2	Sound	P2/beat	175976	25000	1			25000		other	0
001	2	Sound	f05	222475	71499	1			71500		other	0
001	2	Picture	3-113-1-3	281295	130318	7	5166	7	130000	5000	hit	8
001	2	Response	61	292797	141820	2
001	3	Sound	P2/beat	326792	25000	1			25000		other	0
001	3	Sound	n01	373293	71500	1			71500		other	0
001	3	Picture	3-223-1-3	432111	130318	7	5166	7	130000	5000	hit	12
001	3	Response	62	443916	142123	1
001	4	Sound	P2/beat	477608	24999	1			25000		other	0
001	4	Sound	test15	524108	71499	1			71500		other	0
001	4	Picture	2-223-1-2	582927	130318	7	5166	7	130000	5000	hit	16
001	4	Response	62	593597	140988	2
001	5	Sound	P1/tapping1	628424	25000	1			25000		other	0
001	5	Response	53	629355	25931	1
001	5	Response	53	634476	31051	1
001	5	Response	53	640556	37131	1
001	5	Response	53	647435	44011	1
001	5	Response	53	653276	49851	1
001	5	Response	53	659757	56333	2
001	5	Response	53	665755	62331	2
001	5	Sound	f08	674924	71500	1			71500		other	0
001	5	Picture	3-122-2-3	733743	130318	7	5166	7	130000	5000	hit	27
001	5	Response	62	745035	141611	1
001	6	Response	53	779035	24795	1
001	6	Sound	P1/tapping	779241	25000	1			25000		other	0
001	6	Response	53	784956	30715	1
001	6	Response	53	790956	36716	1
001	6	Response	53	796796	42555	1
001	6	Response	53	802476	48235	2
001	6	Response	53	808236	53995	1
001	6	Response	53	814556	60316	2
001	6	Sound	f01	825741	71500	1			71500		other	0
001	6	Picture	2-122-1-2	884559	130318	7	5166	7	130000	5000	hit	38
001	6	Response	62	894955	140715	2
001	7	Sound	P1/tapping	930057	25001	2			25000		other	0
001	7	Response	53	930557	25500	1
001	7	Response	53	935916	30859	1
001	7	Response	53	941436	36379	1
001	7	Response	53	947355	42299	1
001	7	Response	53	952796	47740	1
001	7	Response	53	958796	53739	1
001	7	Response	53	964476	59419	1
001	7	Response	53	970316	65259	1
001	7	Sound	n03	976556	71500	1			71500		other	0
001	7	Picture	3-122-1-3	1035375	130318	7	5166	7	130000	5000	hit	50
001	7	Response	62	1046156	141099	1
001	8	Sound	P1/tapping	1080872	25000	1			25000		other	0
001	8	Response	53	1081035	25163	1
001	8	Response	53	1086075	30203	1
001	8	Response	53	1091435	35563	2
001	8	Response	53	1096955	41083	1
001	8	Response	53	1102475	46603	2
001	8	Response	53	1107995	52123	2
001	8	Response	53	1113676	57804	2
001	8	Response	53	1119356	63483	2
001	8	Sound	test18	1127372	71500	1			71500		other	0
001	8	Picture	3-212-1-3	1186191	130318	7	5166	7	130000	5000	hit	62
001	8	Response	61	1199835	143962	1
001	9	Sound	P2/both1	1231688	25000	1			25000		other	0
001	9	Response	53	1234155	27467	1
001	9	Response	53	1239435	32747	2
001	9	Response	53	1244076	37387	1
001	9	Response	53	1249596	42908	2
001	9	Response	53	1255676	48988	2
001	9	Response	53	1261676	54988	1
001	9	Response	53	1267355	60667	1
001	9	Response	53	1273195	66507	1
001	9	Sound	test13	1278188	71499	1			71500		other	0
001	9	Picture	3-214-1-3	1337007	130318	7	5166	7	130000	5000	hit	74
001	9	Response	61	1347195	140507	1
001	10	Sound	P2/both	1382504	25000	1			25000		other	0
001	10	Response	53	1382796	25292	2
001	10	Response	53	1388075	30571	2
001	10	Response	53	1394236	36732	1
001	10	Response	53	1400075	42571	1
001	10	Response	53	1406155	48650	2
001	10	Response	53	1412076	54571	2
001	10	Response	53	1417996	60491	2
001	10	Response	53	1424155	66651	1
001	10	Sound	test04	1429003	71499	1			71500		other	0
001	10	Picture	2-224-1-2	1487823	130318	7	5166	7	130000	5000	hit	86
001	10	Response	62	1498236	140732	1
001	11	Response	53	1531515	23195	1
001	11	Sound	P2/both	1533319	24999	1			25000		other	0
001	11	Response	53	1538556	30236	1
001	11	Response	53	1544955	36635	1
001	11	Response	53	1550795	42475	2
001	11	Response	53	1556795	48475	1
001	11	Response	53	1562955	54635	2
001	11	Response	53	1568875	60555	1
001	11	Response	53	1574956	66636	1
001	11	Sound	f15	1579820	71499	1			71500		other	0
001	11	Picture	3-124-1-3	1638639	130318	7	5166	7	130000	5000	hit	98
001	11	Response	62	1649275	140955	1
001	12	Response	53	1683275	24139	1
001	12	Sound	P2/both	1684136	24999	1			25000		other	0
001	12	Response	53	1689595	30459	1
001	12	Response	53	1695995	36859	2
001	12	Response	53	1702395	43259	1
001	12	Response	53	1708075	48939	1
001	12	Response	53	1714155	55019	1
001	12	Response	53	1719996	60859	1
001	12	Response	53	1726075	66939	1
001	12	Sound	f21	1730636	71500	1			71500		other	0
001	12	Picture	3-124-1-3	1789455	130318	7	5166	7	130000	5000	hit	110
001	12	Response	62	1799755	140619	1
001	13	Sound	P0/none1	1834952	25000	1			25000		other	0
001	13	Sound	n07	1881452	71499	1			71500		other	0
001	13	Picture	2-221-1-2	1940271	130318	7	5166	7	130000	5000	hit	114
001	13	Response	62	1952395	142443	1
001	14	Sound	P0/none	1985768	24999	1			25000		other	0
001	14	Sound	n04	2032267	71499	1			71500		other	0
001	14	Picture	2-211-1-2	2091087	130318	7	5166	7	130000	5000	hit	118
001	14	Response	61	2101515	140747	1
001	15	Sound	P0/none	2136584	24999	1			25000		other	0
001	15	Sound	f03	2183085	71500	1			71500		other	0
001	15	Picture	2-111-1-2	2241903	130318	7	5166	7	130000	5000	incorrect	122
001	15	Response	52	2254875	143291	1
001	16	Sound	P0/none	2287399	24999	1			25000		other	0
001	16	Sound	test05	2333901	71500	1			71500		other	0
001	16	Picture	2-211-1-2	2392719	130318	7	5166	7	130000	5000	hit	126
001	16	Response	61	2402795	140395	1
001	17	Sound	P2/beat1	2438216	24999	1			25000		other	0
001	17	Sound	test16	2484717	71501	1			71500		other	0
001	17	Picture	3-213-1-3	2543535	130318	7	5166	7	130000	5000	incorrect	130
001	17	Response	52	2556395	143179	1
001	18	Sound	P2/beat	2589032	25000	1			25000		other	0
001	18	Sound	f11	2635532	71500	1			71500		other	0
001	18	Picture	3-113-1-3	2694351	130318	7	5166	7	130000	5000	hit	134
001	18	Response	61	2704795	140762	2
001	19	Sound	P2/beat	2739848	25000	1			25000		other	0
001	19	Sound	test07	2786348	71500	1			71500		other	0
001	19	Picture	2-223-1-2	2845167	130318	7	5166	7	130000	5000	hit	138
001	19	Response	62	2858474	143626	1
001	20	Sound	P2/beat	2890664	25000	1			25000		other	0
001	20	Sound	f23	2937163	71499	1			71500		other	0
001	20	Picture	2-113-1-2	2995983	130318	7	5166	7	130000	5000	hit	142
001	20	Response	61	3008634	142970	2
001	21	Sound	P0/none1	3041480	25000	1			25000		other	0
001	21	Sound	test23	3087981	71500	1			71500		other	0
001	21	Picture	2-221-2-2	3146799	130318	7	5166	7	130000	5000	hit	146
001	21	Response	62	3158634	142154	1
001	22	Sound	P0/none	3192295	24999	1			25000		other	0
001	22	Sound	f24	3238796	71500	1			71500		other	0
001	22	Picture	3-121-1-3	3297615	130318	7	5166	7	130000	5000	hit	150
001	22	Response	62	3308635	141339	2
001	23	Sound	P0/none	3343112	25000	1			25000		other	0
001	23	Sound	n06	3389613	71500	1			71500		other	0
001	23	Picture	3-211-1-3	3448431	130319	7	5166	7	130000	5000	hit	154
001	23	Response	61	3458475	140363	2
001	24	Sound	P0/none	3493927	24999	1			25000		other	0
001	24	Sound	test24	3540429	71501	1			71500		other	0
001	24	Picture	2-221-1-2	3599247	130318	7	5166	7	130000	5000	hit	158
001	24	Response	62	3611194	142266	1
001	25	Sound	P1/tapping1	3644745	25000	1			25000		other	0
001	25	Response	53	3646154	26410	2
001	25	Response	53	3651754	32010	2
001	25	Response	53	3657434	37690	2
001	25	Response	53	3663275	43530	3
001	25	Response	53	3669194	49450	1
001	25	Response	53	3675755	56010	1
001	25	Response	53	3680715	60971	1
001	25	Sound	test02	3691244	71500	1			71500		other	0
001	25	Picture	2-212-1-2	3750063	130319	7	5166	7	130000	5000	incorrect	169
001	25	Response	52	3760954	141210	1
001	26	Sound	P1/tapping	3795560	25000	1			25000		other	0
001	26	Response	53	3796794	26234	1
001	26	Response	53	3802794	32234	1
001	26	Response	53	3808634	38074	1
001	26	Response	53	3814394	43834	1
001	26	Response	53	3819994	49434	1
001	26	Response	53	3825755	55194	1
001	26	Response	53	3830794	60234	1
001	26	Sound	f14	3842061	71500	1			71500		other	0
001	26	Picture	2-122-2-2	3900879	130318	7	5166	7	130000	5000	hit	180
001	26	Response	62	3912395	141834	1
001	27	Response	53	3945514	24138	1
001	27	Sound	P1/tapping	3946376	25000	1			25000		other	0
001	27	Response	53	3951434	30058	1
001	27	Response	53	3957914	36538	2
001	27	Response	53	3964074	42698	1
001	27	Response	53	3970074	48698	2
001	27	Response	53	3976876	55500	2
001	27	Sound	f17	3992876	71500	1			71500		other	0
001	27	Picture	3-122-1-3	4051695	130319	7	5166	7	130000	5000	hit	190
001	27	Response	62	4061515	140139	2
001	28	Sound	P1/tapping	4097192	25000	1			25000		other	0
001	28	Response	53	4098874	26682	2
001	28	Response	53	4104954	32762	2
001	28	Response	53	4110714	38522	1
001	28	Response	53	4117114	44922	1
001	28	Response	53	4122714	50522	1
001	28	Response	53	4128714	56522	1
001	28	Response	53	4134714	62522	1
001	28	Sound	test17	4143692	71500	1			71500		other	0
001	28	Picture	2-222-2-2	4202511	130318	7	5166	7	130000	5000	hit	201
001	28	Response	62	4212794	140602	1
001	29	Sound	P2/beat1	4248009	25000	1			25000		other	0
001	29	Sound	f10	4294509	71500	1			71500		other	0
001	29	Picture	2-123-1-2	4353327	130318	7	5166	7	130000	5000	hit	205
001	29	Response	62	4364714	141705	1
001	30	Sound	P2/beat	4398824	25000	1			25000		other	0
001	30	Sound	test01	4445325	71500	1			71500		other	0
001	30	Picture	2-223-1-2	4504143	130319	7	5166	7	130000	5000	hit	209
001	30	Response	62	4515915	142090	1
001	31	Sound	P2/beat	4549641	25000	1			25000		other	0
001	31	Sound	test12	4596140	71500	1			71500		other	0
001	31	Picture	2-213-1-2	4654959	130318	7	5166	7	130000	5000	hit	213
001	31	Response	61	4665674	141034	1
001	32	Sound	P2/beat	4700455	24999	1			25000		other	0
001	32	Sound	test08	4746956	71500	1			71500		other	0
001	32	Picture	2-223-1-2	4805775	130318	7	5166	7	130000	5000	hit	217
001	32	Response	62	4816714	141258	1
001	33	Sound	P2/both1	4851272	25000	1			25000		other	0
001	33	Response	53	4855834	29561	1
001	33	Response	53	4862554	36281	1
001	33	Response	53	4869274	43001	1
001	33	Response	53	4874954	48681	1
001	33	Response	53	4881275	55002	2
001	33	Response	53	4886955	60682	1
001	33	Response	53	4892954	66681	1
001	33	Sound	f09	4897772	71500	1			71500		other	0
001	33	Picture	3-114-1-3	4956591	130318	7	5166	7	130000	5000	hit	228
001	33	Response	61	4967754	141481	1
001	34	Sound	P2/both	5002088	25000	1			25000		other	0
001	34	Response	53	5009514	32425	1
001	34	Response	53	5014074	36985	1
001	34	Response	53	5019754	42666	1
001	34	Response	53	5025754	48665	1
001	34	Response	53	5031754	54665	1
001	34	Response	53	5037834	60745	1
001	34	Response	53	5043434	66345	1
001	34	Sound	test03	5048588	71500	1			71500		other	0
001	34	Picture	3-214-1-3	5107407	130319	7	5166	7	130000	5000	hit	239
001	34	Response	61	5118314	141225	1
001	35	Response	53	5152634	24729	2
001	35	Sound	P2/both	5152904	24999	1			25000		other	0
001	35	Response	53	5158234	30329	1
001	35	Response	53	5164074	36169	1
001	35	Response	53	5170314	42409	1
001	35	Response	53	5176394	48489	1
001	35	Response	53	5182154	54249	1
001	35	Response	53	5187914	60009	2
001	35	Response	53	5193753	65849	2
001	35	Sound	f04	5199405	71500	1			71500		other	0
001	35	Picture	3-114-1-3	5258223	130318	7	5166	7	130000	5000	hit	251
001	35	Response	61	5269674	141769	1
001	36	Response	53	5303193	24473	1
001	36	Sound	P2/both	5303720	24999	1			25000		other	0
001	36	Response	53	5309274	30553	1
001	36	Response	53	5315193	36473	2
001	36	Response	53	5321354	42634	1
001	36	Response	53	5327114	48393	1
001	36	Response	53	5332794	54073	1
001	36	Response	53	5338794	60073	1
001	36	Response	53	5344634	65913	1
001	36	Sound	f18	5350221	71501	1			71500		other	0
001	36	Picture	2-114-2-2	5409039	130319	7	5166	7	130000	5000	incorrect	263
001	36	Response	52	5419514	140793	1
001	37	Sound	P0/none1	5454537	25001	1			25000		other	0
001	37	Sound	f19	5501036	71499	1			71500		other	0
001	37	Picture	3-121-1-3	5559855	130318	7	5166	7	130000	5000	hit	267
001	37	Response	62	5570314	140777	1
001	38	Sound	P0/none	5605353	25000	1			25000		other	0
001	38	Sound	test09	5651851	71498	1			71500		other	0
001	38	Picture	2-211-1-2	5710671	130318	7	5166	7	130000	5000	hit	271
001	38	Response	61	5724314	143961	1
001	39	Sound	P0/none	5756169	25000	1			25000		other	0
001	39	Sound	f02	5802668	71499	1			71500		other	0
001	39	Picture	3-121-2-3	5861487	130319	7	5166	7	130000	5000	incorrect	275
001	39	Response	51	5879033	147864	1
001	40	Sound	P0/none	5906985	25000	1			25000		other	0
001	40	Sound	n13	5953485	71500	1			71500		other	0
001	40	Picture	2-221-1-2	6012303	130319	7	5166	7	130000	5000	hit	279
001	40	Response	62	6024473	142488	1
001	41	Sound	P1/tapping1	6057799	24998	1			25000		other	0
001	41	Response	53	6059193	26393	2
001	41	Response	53	6064393	31593	1
001	41	Response	53	6069913	37113	1
001	41	Response	53	6075433	42632	1
001	41	Response	53	6080793	47992	1
001	41	Response	53	6086073	53272	1
001	41	Response	53	6091433	58632	1
001	41	Response	53	6096953	64152	1
001	41	Sound	f16	6104300	71500	1			71500		other	0
001	41	Picture	3-112-1-3	6163119	130319	7	5166	7	130000	5000	hit	291
001	41	Response	61	6175193	142393	1
001	42	Sound	P1/tapping	6208617	25000	2			25000		other	0
001	42	Response	53	6209353	25736	1
001	42	Response	53	6215193	31576	1
001	42	Response	53	6221113	37497	1
001	42	Response	53	6227113	43497	1
001	42	Response	53	6232713	49097	1
001	42	Response	53	6238953	55336	1
001	42	Response	53	6244315	60698	3
001	42	Response	53	6249753	66136	1
001	42	Sound	n14	6255117	71500	1			71500		other	0
001	42	Picture	3-112-1-3	6313935	130318	7	5166	7	130000	5000	hit	303
001	42	Response	61	6325112	141496	2
001	43	Sound	P1/tapping	6359433	25000	1			25000		other	0
001	43	Response	53	6369514	35081	2
001	43	Response	53	6374633	40200	2
001	43	Response	53	6380793	46360	1
001	43	Response	53	6386633	52201	1
001	43	Response	53	6392953	58520	2
001	43	Response	53	6398153	63720	1
001	43	Response	53	6404234	69801	1
001	43	Sound	f07	6405933	71500	1			71500		other	0
001	43	Picture	2-112-1-2	6464751	130318	7	5166	7	130000	5000	incorrect	314
001	43	Response	52	6475433	141000	1
001	44	Sound	P1/tapping	6510249	25000	1			25000		other	0
001	44	Response	53	6511673	26424	1
001	44	Response	53	6516953	31704	1
001	44	Response	53	6522474	37225	2
001	44	Response	53	6527753	42504	1
001	44	Response	53	6532393	47144	1
001	44	Response	53	6538473	53224	1
001	44	Response	53	6545033	59784	1
001	44	Response	53	6554474	69225	1
001	44	Sound	n11	6556748	71499	1			71500		other	0
001	44	Picture	2-112-1-2	6615567	130318	7	5166	7	130000	5000	hit	326
001	44	Response	61	6627673	142424	1
001	45	Sound	P2/both1	6661064	25000	1			25000		other	0
001	45	Response	53	6662793	26728	1
001	45	Response	53	6667353	31288	1
001	45	Response	53	6672873	36808	1
001	45	Response	53	6678794	42729	2
001	45	Response	53	6684953	48888	1
001	45	Response	53	6690553	54488	1
001	45	Response	53	6696793	60728	1
001	45	Response	53	6702553	66488	1
001	45	Sound	test10	6707564	71499	1			71500		other	0
001	45	Picture	2-224-1-2	6766383	130318	7	5166	7	130000	5000	hit	338
001	45	Response	62	6778713	142648	1
001	46	Sound	P2/both	6811881	25000	1			25000		other	0
001	46	Response	53	6813833	26952	1
001	46	Response	53	6818393	31512	1
001	46	Response	53	6823913	37032	1
001	46	Response	53	6829753	42872	1
001	46	Response	53	6836153	49272	1
001	46	Response	53	6841834	54953	2
001	46	Response	53	6847673	60792	2
001	46	Response	53	6853913	67031	2
001	46	Sound	test14	6858381	71500	1			71500		other	0
001	46	Picture	3-224-1-3	6917199	130318	7	5166	7	130000	5000	hit	350
001	46	Response	62	6928153	141272	1
001	47	Response	53	6960713	23016	1
001	47	Sound	P2/both	6962697	25000	1			25000		other	0
001	47	Response	53	6967753	30056	1
001	47	Response	53	6974153	36456	1
001	47	Response	53	6980233	42536	1
001	47	Response	53	6986073	48376	1
001	47	Response	53	6992313	54616	1
001	47	Response	53	6997833	60136	1
001	47	Response	53	7003513	65816	1
001	47	Sound	test21	7009197	71500	1			71500		other	0
001	47	Picture	2-224-2-2	7068016	130319	7	5166	7	130000	5000	hit	362
001	47	Response	62	7081674	143977	2
001	48	Sound	P2/both	7113513	25000	1			25000		other	0
001	48	Response	53	7115114	26601	2
001	48	Response	53	7119834	31321	1
001	48	Response	53	7125353	36840	1
001	48	Response	53	7131353	42839	1
001	48	Response	53	7137034	48521	1
001	48	Response	53	7143033	54520	2
001	48	Response	53	7148953	60440	1
001	48	Response	53	7155033	66520	1
001	48	Sound	test11	7160014	71501	1			71500		other	0
001	48	Picture	3-224-1-3	7218832	130318	7	5166	7	130000	5000	hit	374
001	48	Response	62	7233513	145000	1
001	49	Sound	P1/tapping1	7264329	24999	1			25000		other	0
001	49	Response	53	7265993	26664	2
001	49	Response	53	7271593	32264	1
001	49	Response	53	7277513	38183	1
001	49	Response	53	7283433	44104	1
001	49	Response	53	7289993	50664	1
001	49	Response	53	7296873	57543	1
001	49	Response	53	7303193	63863	1
001	49	Sound	f22	7310829	71500	1			71500		other	0
001	49	Picture	3-112-1-3	7369648	130318	7	5166	7	130000	5000	hit	385
001	49	Response	61	7385833	146503	2
001	50	Sound	P1/tapping	7415145	25000	1			25000		other	0
001	50	Response	53	7416393	26247	1
001	50	Response	53	7422312	32167	1
001	50	Response	53	7427913	37768	2
001	50	Response	53	7433432	43287	1
001	50	Response	53	7437672	47527	1
001	50	Response	53	7445033	54887	1
001	50	Response	53	7450873	60727	1
001	50	Response	53	7455354	65208	1
001	50	Sound	n12	7461645	71499	1			71500		other	0
001	50	Picture	3-112-1-3	7520464	130318	7	5166	7	130000	5000	hit	397
001	50	Response	61	7531513	141368	2
001	51	Sound	P1/tapping	7565961	25000	1			25000		other	0
001	51	Response	53	7567593	26631	2
001	51	Response	53	7572633	31671	1
001	51	Response	53	7579273	38311	2
001	51	Response	53	7585673	44711	1
001	51	Response	53	7591273	50311	2
001	51	Response	53	7597193	56231	1
001	51	Response	53	7602552	61591	1
001	51	Response	53	7608553	67592	1
001	51	Sound	test25	7612461	71500	1			71500		other	0
001	51	Picture	3-222-1-3	7671280	130318	7	5166	7	130000	5000	hit	409
001	51	Response	62	7683673	142711	1
001	52	Response	53	7715193	23415	1
001	52	Sound	P1/tapping	7716778	25000	1			25000		other	0
001	52	Response	53	7722073	30295	1
001	52	Response	53	7728473	36695	1
001	52	Response	53	7734873	43095	2
001	52	Response	53	7741193	49416	1
001	52	Response	53	7747112	55335	1
001	52	Response	53	7752873	61095	1
001	52	Response	53	7758313	66535	1
001	52	Sound	f20	7763277	71499	1			71500		other	0
001	52	Picture	3-112-1-3	7822096	130318	7	5166	7	130000	5000	hit	421
001	52	Response	61	7833753	141975	2
001	53	Sound	P0/none1	7867593	25000	1			25000		other	0
001	53	Sound	f12	7914094	71500	1			71500		other	0
001	53	Picture	3-111-1-3	7972912	130318	7	5166	7	130000	5000	incorrect	425
001	53	Response	52	7986633	144039	1
001	54	Sound	P0/none	8018409	24999	1			25000		other	0
001	54	Sound	test06	8064910	71500	1			71500		other	0
001	54	Picture	2-211-1-2	8123728	130318	7	5166	7	130000	5000	hit	429
001	54	Response	61	8136233	142823	1
001	55	Sound	P0/none	8169225	25000	1			25000		other	0
001	55	Sound	f06	8215725	71500	1			71500		other	0
001	55	Picture	2-121-1-2	8274544	130318	7	5166	7	130000	5000	incorrect	433
001	55	Response	51	8286953	142727	1
001	56	Sound	P0/none	8320042	25000	1			25000		other	0
001	56	Sound	n10	8366541	71500	1			71500		other	0
001	56	Picture	3-111-1-3	8425360	130318	7	5166	7	130000	5000	hit	437
001	56	Response	61	8436392	141351	1
001	57	Sound	P2/beat1	8470858	25000	1			25000		other	0
001	57	Sound	f13	8517357	71499	1			71500		other	0
001	57	Picture	2-123-1-2	8576176	130318	7	5166	7	130000	5000	hit	441
001	57	Response	62	8588794	142936	2
001	58	Sound	P2/beat	8621674	25000	1			25000		other	0
001	58	Sound	test22	8668174	71500	1			71500		other	0
001	58	Picture	2-213-2-2	8726992	130318	7	5166	7	130000	5000	hit	445
001	58	Response	61	8738153	141479	1
001	59	Sound	P2/beat	8772489	24999	1			25000		other	0
001	59	Sound	n09	8818989	71499	1			71500		other	0
001	59	Picture	3-223-1-3	8877808	130318	7	5166	7	130000	5000	hit	449
001	59	Response	62	8890952	143462	1
001	60	Sound	P2/beat	8923306	25000	1			25000		other	0
001	60	Sound	test19	8969806	71500	1			71500		other	0
001	60	Picture	2-213-1-2	9028624	130318	7	5166	7	130000	5000	incorrect	453
001	60	Response	52	9045752	147446	1


Event Type	Code	Type	Response	RT	RT Uncertainty	Time	Uncertainty	Duration	Uncertainty	ReqTime	ReqDur

Sound	P2/beat1	other				25162	1			25000
Sound	n05	other				71661	1			71500
Picture	3-113-1-3	incorrect	2	10957	7	130479	7	5166	7	130000	5000
Sound	P2/beat	other				175976	1			25000
Sound	f05	other				222475	1			71500
Picture	3-113-1-3	hit	1	11502	8	281295	7	5166	7	130000	5000
Sound	P2/beat	other				326792	1			25000
Sound	n01	other				373293	1			71500
Picture	3-223-1-3	hit	2	11805	7	432111	7	5166	7	130000	5000
Sound	P2/beat	other				477608	1			25000
Sound	test15	other				524108	1			71500
Picture	2-223-1-2	hit	2	10670	8	582927	7	5166	7	130000	5000
Sound	P1/tapping1	other				628424	1			25000
Sound	f08	other				674924	1			71500
Picture	3-122-2-3	hit	2	11293	7	733743	7	5166	7	130000	5000
Sound	P1/tapping	other				779241	1			25000
Sound	f01	other				825741	1			71500
Picture	2-122-1-2	hit	2	10397	8	884559	7	5166	7	130000	5000
Sound	P1/tapping	other				930057	2			25000
Sound	n03	other				976556	1			71500
Picture	3-122-1-3	hit	2	10781	7	1035375	7	5166	7	130000	5000
Sound	P1/tapping	other				1080872	1			25000
Sound	test18	other				1127372	1			71500
Picture	3-212-1-3	hit	1	13644	7	1186191	7	5166	7	130000	5000
Sound	P2/both1	other				1231688	1			25000
Sound	test13	other				1278188	1			71500
Picture	3-214-1-3	hit	1	10189	7	1337007	7	5166	7	130000	5000
Sound	P2/both	other				1382504	1			25000
Sound	test04	other				1429003	1			71500
Picture	2-224-1-2	hit	2	10413	7	1487823	7	5166	7	130000	5000
Sound	P2/both	other				1533319	1			25000
Sound	f15	other				1579820	1			71500
Picture	3-124-1-3	hit	2	10636	7	1638639	7	5166	7	130000	5000
Sound	P2/both	other				1684136	1			25000
Sound	f21	other				1730636	1			71500
Picture	3-124-1-3	hit	2	10301	7	1789455	7	5166	7	130000	5000
Sound	P0/none1	other				1834952	1			25000
Sound	n07	other				1881452	1			71500
Picture	2-221-1-2	hit	2	12125	7	1940271	7	5166	7	130000	5000
Sound	P0/none	other				1985768	1			25000
Sound	n04	other				2032267	1			71500
Picture	2-211-1-2	hit	1	10429	7	2091087	7	5166	7	130000	5000
Sound	P0/none	other				2136584	1			25000
Sound	f03	other				2183085	1			71500
Picture	2-111-1-2	incorrect	2	12972	7	2241903	7	5166	7	130000	5000
Sound	P0/none	other				2287399	1			25000
Sound	test05	other				2333901	1			71500
Picture	2-211-1-2	hit	1	10076	7	2392719	7	5166	7	130000	5000
Sound	P2/beat1	other				2438216	1			25000
Sound	test16	other				2484717	1			71500
Picture	3-213-1-3	incorrect	2	12860	7	2543535	7	5166	7	130000	5000
Sound	P2/beat	other				2589032	1			25000
Sound	f11	other				2635532	1			71500
Picture	3-113-1-3	hit	1	10444	8	2694351	7	5166	7	130000	5000
Sound	P2/beat	other				2739848	1			25000
Sound	test07	other				2786348	1			71500
Picture	2-223-1-2	hit	2	13308	7	2845167	7	5166	7	130000	5000
Sound	P2/beat	other				2890664	1			25000
Sound	f23	other				2937163	1			71500
Picture	2-113-1-2	hit	1	12652	8	2995983	7	5166	7	130000	5000
Sound	P0/none1	other				3041480	1			25000
Sound	test23	other				3087981	1			71500
Picture	2-221-2-2	hit	2	11836	7	3146799	7	5166	7	130000	5000
Sound	P0/none	other				3192295	1			25000
Sound	f24	other				3238796	1			71500
Picture	3-121-1-3	hit	2	11020	8	3297615	7	5166	7	130000	5000
Sound	P0/none	other				3343112	1			25000
Sound	n06	other				3389613	1			71500
Picture	3-211-1-3	hit	1	10045	8	3448431	7	5166	7	130000	5000
Sound	P0/none	other				3493927	1			25000
Sound	test24	other				3540429	1			71500
Picture	2-221-1-2	hit	2	11948	7	3599247	7	5166	7	130000	5000
Sound	P1/tapping1	other				3644745	1			25000
Sound	test02	other				3691244	1			71500
Picture	2-212-1-2	incorrect	2	10892	7	3750063	7	5166	7	130000	5000
Sound	P1/tapping	other				3795560	1			25000
Sound	f14	other				3842061	1			71500
Picture	2-122-2-2	hit	2	11516	7	3900879	7	5166	7	130000	5000
Sound	P1/tapping	other				3946376	1			25000
Sound	f17	other				3992876	1			71500
Picture	3-122-1-3	hit	2	9820	8	4051695	7	5166	7	130000	5000
Sound	P1/tapping	other				4097192	1			25000
Sound	test17	other				4143692	1			71500
Picture	2-222-2-2	hit	2	10284	7	4202511	7	5166	7	130000	5000
Sound	P2/beat1	other				4248009	1			25000
Sound	f10	other				4294509	1			71500
Picture	2-123-1-2	hit	2	11387	7	4353327	7	5166	7	130000	5000
Sound	P2/beat	other				4398824	1			25000
Sound	test01	other				4445325	1			71500
Picture	2-223-1-2	hit	2	11772	7	4504143	7	5166	7	130000	5000
Sound	P2/beat	other				4549641	1			25000
Sound	test12	other				4596140	1			71500
Picture	2-213-1-2	hit	1	10715	7	4654959	7	5166	7	130000	5000
Sound	P2/beat	other				4700455	1			25000
Sound	test08	other				4746956	1			71500
Picture	2-223-1-2	hit	2	10939	7	4805775	7	5166	7	130000	5000
Sound	P2/both1	other				4851272	1			25000
Sound	f09	other				4897772	1			71500
Picture	3-114-1-3	hit	1	11163	7	4956591	7	5166	7	130000	5000
Sound	P2/both	other				5002088	1			25000
Sound	test03	other				5048588	1			71500
Picture	3-214-1-3	hit	1	10907	7	5107407	7	5166	7	130000	5000
Sound	P2/both	other				5152904	1			25000
Sound	f04	other				5199405	1			71500
Picture	3-114-1-3	hit	1	11451	7	5258223	7	5166	7	130000	5000
Sound	P2/both	other				5303720	1			25000
Sound	f18	other				5350221	1			71500
Picture	2-114-2-2	incorrect	2	10475	7	5409039	7	5166	7	130000	5000
Sound	P0/none1	other				5454537	1			25000
Sound	f19	other				5501036	1			71500
Picture	3-121-1-3	hit	2	10459	7	5559855	7	5166	7	130000	5000
Sound	P0/none	other				5605353	1			25000
Sound	test09	other				5651851	1			71500
Picture	2-211-1-2	hit	1	13643	7	5710671	7	5166	7	130000	5000
Sound	P0/none	other				5756169	1			25000
Sound	f02	other				5802668	1			71500
Picture	3-121-2-3	incorrect	1	17546	7	5861487	7	5166	7	130000	5000
Sound	P0/none	other				5906985	1			25000
Sound	n13	other				5953485	1			71500
Picture	2-221-1-2	hit	2	12170	7	6012303	7	5166	7	130000	5000
Sound	P1/tapping1	other				6057799	1			25000
Sound	f16	other				6104300	1			71500
Picture	3-112-1-3	hit	1	12074	7	6163119	7	5166	7	130000	5000
Sound	P1/tapping	other				6208617	2			25000
Sound	n14	other				6255117	1			71500
Picture	3-112-1-3	hit	1	11177	8	6313935	7	5166	7	130000	5000
Sound	P1/tapping	other				6359433	1			25000
Sound	f07	other				6405933	1			71500
Picture	2-112-1-2	incorrect	2	10682	8	6464751	7	5166	7	130000	5000
Sound	P1/tapping	other				6510249	1			25000
Sound	n11	other				6556748	1			71500
Picture	2-112-1-2	hit	1	12105	7	6615567	7	5166	7	130000	5000
Sound	P2/both1	other				6661064	1			25000
Sound	test10	other				6707564	1			71500
Picture	2-224-1-2	hit	2	12330	7	6766383	7	5166	7	130000	5000
Sound	P2/both	other				6811881	1			25000
Sound	test14	other				6858381	1			71500
Picture	3-224-1-3	hit	2	10954	8	6917199	7	5166	7	130000	5000
Sound	P2/both	other				6962697	1			25000
Sound	test21	other				7009197	1			71500
Picture	2-224-2-2	hit	2	13658	8	7068016	7	5166	7	130000	5000
Sound	P2/both	other				7113513	1			25000
Sound	test11	other				7160014	1			71500
Picture	3-224-1-3	hit	2	14681	7	7218832	7	5166	7	130000	5000
Sound	P1/tapping1	other				7264329	1			25000
Sound	f22	other				7310829	1			71500
Picture	3-112-1-3	hit	1	16185	8	7369648	7	5166	7	130000	5000
Sound	P1/tapping	other				7415145	1			25000
Sound	n12	other				7461645	1			71500
Picture	3-112-1-3	hit	1	11050	8	7520464	7	5166	7	130000	5000
Sound	P1/tapping	other				7565961	1			25000
Sound	test25	other				7612461	1			71500
Picture	3-222-1-3	hit	2	12393	7	7671280	7	5166	7	130000	5000
Sound	P1/tapping	other				7716778	1			25000
Sound	f20	other				7763277	1			71500
Picture	3-112-1-3	hit	1	11657	8	7822096	7	5166	7	130000	5000
Sound	P0/none1	other				7867593	1			25000
Sound	f12	other				7914094	1			71500
Picture	3-111-1-3	incorrect	2	13721	7	7972912	7	5166	7	130000	5000
Sound	P0/none	other				8018409	1			25000
Sound	test06	other				8064910	1			71500
Picture	2-211-1-2	hit	1	12505	7	8123728	7	5166	7	130000	5000
Sound	P0/none	other				8169225	1			25000
Sound	f06	other				8215725	1			71500
Picture	2-121-1-2	incorrect	1	12409	7	8274544	7	5166	7	130000	5000
Sound	P0/none	other				8320042	1			25000
Sound	n10	other				8366541	1			71500
Picture	3-111-1-3	hit	1	11032	7	8425360	7	5166	7	130000	5000
Sound	P2/beat1	other				8470858	1			25000
Sound	f13	other				8517357	1			71500
Picture	2-123-1-2	hit	2	12618	8	8576176	7	5166	7	130000	5000
Sound	P2/beat	other				8621674	1			25000
Sound	test22	other				8668174	1			71500
Picture	2-213-2-2	hit	1	11161	7	8726992	7	5166	7	130000	5000
Sound	P2/beat	other				8772489	1			25000
Sound	n09	other				8818989	1			71500
Picture	3-223-1-3	hit	2	13144	7	8877808	7	5166	7	130000	5000
Sound	P2/beat	other				8923306	1			25000
Sound	test19	other				8969806	1			71500
Picture	2-213-1-2	incorrect	2	17128	7	9028624	7	5166	7	130000	5000


{
   "app": "Presentation Version 22.1 Build 01.21.21",
   "device": "Dell Inc. OptiPlex 7050",
   "experiment": "{C8E97CB4-6FCA-44FA-B866-4A2D94B6B85C}",
   "os": "Windows 10 64 bit",
   "package": "",
   "parameters": {
      "configuration": "Default configuration"
   },
   "scenario": "entrain_list1_sess2_EB.sce",
   "subject": "001",
   "timestamp": "2022/03/30 12:47:50 GMT"
}
