Scenario - test
Logfile written - 03/30/2022 14:42:47

Subject	Trial	Event Type	Code	Time	TTime	Uncertainty	Duration	Uncertainty	ReqTime	ReqDur	Stim Type	Pair Index

001	1	Sound	P0/none1	25328	25001	1			25000		other	0
001	1	Sound	f01	71826	71499	1			71500		other	0
001	1	Picture	2-111-1-2	130645	130318	7	5166	7	130000	5000	incorrect	4
001	1	Response	52	144171	143844	2
001	2	Sound	P0/none	176143	25000	1			25000		other	0
001	2	Sound	test01	222643	71500	1			71500		other	0
001	2	Picture	2-211-1-2	281461	130318	7	5166	7	130000	5000	hit	8
001	2	Response	61	292331	141188	1
001	3	Sound	P0/none	326958	24999	1			25000		other	0
001	3	Sound	test22	373459	71500	1			71500		other	0
001	3	Picture	3-211-1-3	432277	130318	7	5166	7	130000	5000	incorrect	12
001	3	Response	52	443051	141092	1
001	4	Sound	P0/none	477775	25000	1			25000		other	0
001	4	Sound	f07	524276	71501	1			71500		other	0
001	4	Picture	2-121-1-2	583093	130318	7	5166	7	130000	5000	hit	16
001	4	Response	62	593451	140676	2
001	5	Sound	P2/beat1	628591	25000	1			25000		other	0
001	5	Sound	f03	675089	71499	1			71500		other	0
001	5	Picture	2-123-1-2	733909	130318	7	5166	7	130000	5000	hit	20
001	5	Response	62	747451	143860	2
001	6	Sound	P2/beat	779407	25001	1			25000		other	0
001	6	Sound	n12	825906	71499	1			71500		other	0
001	6	Picture	3-123-1-3	884725	130318	7	5166	7	130000	5000	hit	24
001	6	Response	62	896891	142485	1
001	7	Sound	P2/beat	930222	24999	1			25000		other	0
001	7	Sound	test10	976724	71501	1			71500		other	0
001	7	Picture	2-213-1-2	1035541	130318	7	5166	7	130000	5000	incorrect	28
001	7	Response	52	1046971	141748	2
001	8	Sound	P2/beat	1081038	24999	1			25000		other	0
001	8	Sound	f17	1127539	71501	1			71500		other	0
001	8	Picture	3-113-1-3	1186357	130318	7	5166	7	130000	5000	hit	32
001	8	Response	61	1194971	138932	1
001	9	Sound	P0/none1	1231855	25000	1			25000		other	0
001	9	Sound	f09	1278354	71500	1			71500		other	0
001	9	Picture	2-111-1-2	1337173	130318	7	5166	7	130000	5000	incorrect	36
001	9	Response	52	1348091	141236	2
001	10	Sound	P0/none	1382670	25000	1			25000		other	0
001	10	Sound	test02	1429171	71500	1			71500		other	0
001	10	Picture	2-221-1-2	1487989	130318	7	5166	7	130000	5000	incorrect	40
001	10	Response	51	1498570	140900	2
001	11	Sound	P0/none	1533485	24999	1			25000		other	0
001	11	Sound	f20	1579986	71499	1			71500		other	0
001	11	Picture	3-121-1-3	1638804	130318	7	5166	7	130000	5000	hit	44
001	11	Response	62	1651930	143444	2
001	12	Sound	P0/none	1684301	24999	1			25000		other	0
001	12	Sound	test21	1730802	71500	1			71500		other	0
001	12	Picture	3-221-1-3	1789620	130318	7	5166	7	130000	5000	hit	48
001	12	Response	62	1800010	140708	2
001	13	Sound	P1/tapping1	1835118	25000	1			25000		other	0
001	13	Response	53	1876330	66212	2
001	13	Sound	test04	1881618	71500	1			71500		other	0
001	13	Picture	2-212-1-2	1940436	130318	7	5166	7	130000	5000	incorrect	53
001	13	Response	52	1951770	141652	3
001	14	Response	53	1978090	17156	1
001	14	Response	53	1983851	22917	2
001	14	Sound	P1/tapping	1985933	24999	1			25000		other	0
001	14	Response	53	1992890	31956	2
001	14	Response	53	1998491	37557	2
001	14	Response	53	2004490	43556	1
001	14	Response	53	2010810	49876	2
001	14	Response	53	2016970	56036	2
001	14	Response	53	2022730	61796	2
001	14	Response	53	2028810	67876	1
001	14	Sound	test23	2032433	71499	1			71500		other	0
001	14	Response	53	2034491	73557	2
001	14	Picture	3-222-1-3	2091252	130318	7	5166	7	130000	5000	hit	67
001	14	Response	62	2104090	143156	1
001	15	Sound	P1/tapping	2136749	24999	1			25000		other	0
001	15	Response	53	2138410	26660	2
001	15	Response	53	2142810	31060	2
001	15	Response	53	2148650	36900	2
001	15	Response	53	2154890	43140	2
001	15	Response	53	2160970	49221	1
001	15	Response	53	2167210	55460	2
001	15	Response	53	2173290	61540	2
001	15	Response	53	2179210	67460	2
001	15	Sound	test06	2183249	71500	1			71500		other	0
001	15	Picture	2-222-1-2	2242068	130318	7	5166	7	130000	5000	hit	79
001	15	Response	62	2252570	140820	2
001	16	Sound	P1/tapping	2287566	25000	1			25000		other	0
001	16	Response	53	2290731	28165	1
001	16	Response	53	2295770	33204	2
001	16	Response	53	2301930	39364	2
001	16	Response	53	2307770	45204	2
001	16	Response	53	2313610	51044	2
001	16	Response	53	2319930	57365	1
001	16	Response	53	2325770	63204	2
001	16	Response	53	2331450	68885	1
001	16	Sound	test07	2334065	71500	1			71500		other	0
001	16	Picture	2-212-1-2	2392884	130318	7	5166	7	130000	5000	hit	91
001	16	Response	61	2408411	145845	2
001	17	Sound	P2/both1	2438382	25000	1			25000		other	0
001	17	Sound	n01	2484881	71499	1			71500		other	0
001	17	Picture	3-214-1-3	2543700	130318	7	5166	7	130000	5000	incorrect	95
001	17	Response	52	2556010	142628	1
001	18	Sound	P2/both	2589198	25001	1			25000		other	0
001	18	Response	53	2591210	27012	1
001	18	Response	53	2595930	31732	2
001	18	Response	53	2601210	37012	1
001	18	Response	53	2607050	42852	1
001	18	Response	53	2613210	49012	2
001	18	Response	53	2619370	55172	2
001	18	Response	53	2625130	60932	2
001	18	Response	53	2630570	66372	2
001	18	Sound	f22	2635697	71500	1			71500		other	0
001	18	Picture	3-124-1-3	2694516	130318	7	5166	7	130000	5000	hit	107
001	18	Response	62	2705210	141013	1
001	19	Sound	P2/both	2740014	25000	1			25000		other	0
001	19	Response	53	2742650	27636	2
001	19	Response	53	2746570	31557	1
001	19	Response	53	2751770	36756	2
001	19	Response	53	2757850	42836	2
001	19	Response	53	2763850	48836	2
001	19	Response	53	2769450	54436	1
001	19	Response	53	2775370	60356	1
001	19	Response	53	2780970	65957	1
001	19	Sound	f19	2786514	71500	1			71500		other	0
001	19	Picture	3-114-1-3	2845332	130318	7	5166	7	130000	5000	hit	119
001	19	Response	61	2858410	143397	2
001	20	Sound	P2/both	2890830	25000	1			25000		other	0
001	20	Response	53	2892330	26500	2
001	20	Response	53	2896890	31061	1
001	20	Response	53	2902490	36660	2
001	20	Response	53	2908650	42820	2
001	20	Response	53	2914570	48740	2
001	20	Response	53	2920250	54420	1
001	20	Response	53	2925770	59940	1
001	20	Response	53	2931690	65861	2
001	20	Sound	test16	2937328	71499	1			71500		other	0
001	20	Picture	3-224-1-3	2996148	130318	7	5166	7	130000	5000	hit	131
001	20	Response	62	3008170	142341	2
001	21	Sound	P1/tapping1	3041646	25000	1			25000		other	0
001	21	Sound	test05	3088145	71500	1			71500		other	0
001	21	Picture	2-222-1-2	3146964	130318	7	5166	7	130000	5000	hit	135
001	21	Response	62	3158090	141444	2
001	22	Sound	P1/tapping	3192461	25000	1			25000		other	0
001	22	Response	53	3193610	26149	2
001	22	Response	53	3199450	31988	1
001	22	Response	53	3205449	37988	2
001	22	Response	53	3211771	44310	2
001	22	Response	53	3218170	50709	2
001	22	Response	53	3224730	57268	2
001	22	Response	53	3230810	63348	1
001	22	Response	53	3238090	70629	2
001	22	Sound	test08	3238961	71500	1			71500		other	0
001	22	Picture	2-212-1-2	3297780	130318	7	5166	7	130000	5000	incorrect	147
001	22	Response	52	3311050	143588	1
001	23	Sound	P1/tapping	3343277	25000	1			25000		other	0
001	23	Response	53	3345449	27172	2
001	23	Response	53	3350570	32293	2
001	23	Response	53	3356411	38133	2
001	23	Response	53	3362570	44293	1
001	23	Response	53	3369130	50852	2
001	23	Response	53	3375210	56932	1
001	23	Response	53	3381130	62852	2
001	23	Response	53	3388090	69813	2
001	23	Sound	test14	3389778	71500	1			71500		other	0
001	23	Picture	3-212-1-3	3448596	130318	7	5166	7	130000	5000	hit	159
001	23	Response	61	3459130	140852	1
001	24	Sound	P1/tapping	3494093	25000	1			25000		other	0
001	24	Response	53	3495690	26597	2
001	24	Response	53	3500730	31636	1
001	24	Response	53	3506410	37316	2
001	24	Response	53	3512170	43076	2
001	24	Response	53	3518090	48997	2
001	24	Response	53	3524409	55316	3
001	24	Response	53	3530649	61556	1
001	24	Response	53	3536090	66996	2
001	24	Sound	test19	3540593	71500	1			71500		other	0
001	24	Picture	3-212-1-3	3599412	130318	7	5166	7	130000	5000	hit	171
001	24	Response	61	3609690	140596	2
001	25	Sound	P2/beat1	3644909	25000	1			25000		other	0
001	25	Sound	f15	3691410	71501	1			71500		other	0
001	25	Picture	3-113-1-3	3750228	130318	7	5166	7	130000	5000	hit	175
001	25	Response	61	3759929	140020	2
001	26	Sound	P2/beat	3795725	25000	1			25000		other	0
001	26	Sound	f16	3842225	71500	1			71500		other	0
001	26	Picture	3-123-1-3	3901043	130318	7	5166	7	130000	5000	hit	179
001	26	Response	62	3912729	142004	1
001	27	Sound	P2/beat	3946541	25000	1			25000		other	0
001	27	Sound	f18	3993040	71499	1			71500		other	0
001	27	Picture	3-113-1-3	4051859	130318	7	5166	7	130000	5000	incorrect	183
001	27	Response	52	4065689	144148	2
001	28	Sound	P2/beat	4097357	25000	1			25000		other	0
001	28	Sound	test18	4143858	71500	1			71500		other	0
001	28	Picture	3-223-1-3	4202675	130318	7	5166	7	130000	5000	incorrect	187
001	28	Response	51	4213849	141492	2
001	29	Sound	P2/both1	4248173	25000	1			25000		other	0
001	29	Sound	f10	4294674	71501	1			71500		other	0
001	29	Picture	2-114-1-2	4353491	130318	7	5166	7	130000	5000	incorrect	191
001	29	Response	52	4365449	142276	1
001	30	Response	53	4397929	23940	1
001	30	Sound	P2/both	4398989	25000	1			25000		other	0
001	30	Response	53	4403929	29940	2
001	30	Response	53	4410329	36340	1
001	30	Response	53	4416409	42420	2
001	30	Response	53	4422729	48740	2
001	30	Response	53	4428569	54580	1
001	30	Response	53	4434169	60180	2
001	30	Response	53	4440091	66102	2
001	30	Sound	f12	4445489	71499	1			71500		other	0
001	30	Picture	2-114-1-2	4504307	130318	7	5166	7	130000	5000	incorrect	203
001	30	Response	52	4516090	142101	1
001	31	Sound	P2/both	4549804	24999	1			25000		other	0
001	31	Response	53	4551129	26324	2
001	31	Response	53	4555849	31044	1
001	31	Response	53	4561529	36724	1
001	31	Response	53	4567529	42724	2
001	31	Response	53	4573049	48244	1
001	31	Response	53	4579130	54325	2
001	31	Response	53	4584649	59844	2
001	31	Response	53	4591289	66484	2
001	31	Sound	n05	4596306	71501	1			71500		other	0
001	31	Picture	3-124-1-3	4655123	130318	7	5166	7	130000	5000	hit	215
001	31	Response	62	4666009	141204	2
001	32	Sound	P2/both	4700621	25000	1			25000		other	0
001	32	Response	53	4703049	27428	2
001	32	Response	53	4707129	31508	1
001	32	Response	53	4712489	36868	2
001	32	Response	53	4717929	42308	1
001	32	Response	53	4724009	48388	1
001	32	Response	53	4730329	54708	1
001	32	Response	53	4736089	60468	1
001	32	Response	53	4742329	66708	2
001	32	Sound	f13	4747120	71499	1			71500		other	0
001	32	Picture	3-124-1-3	4805939	130318	7	5166	7	130000	5000	hit	227
001	32	Response	62	4818329	142708	1
001	33	Sound	P0/none1	4851437	25000	1			25000		other	0
001	33	Sound	n09	4897937	71500	1			71500		other	0
001	33	Picture	3-211-1-3	4956755	130318	7	5166	7	130000	5000	incorrect	231
001	33	Response	52	4966889	140452	2
001	34	Sound	P0/none	5002252	24999	1			25000		other	0
001	34	Sound	test13	5048752	71499	1			71500		other	0
001	34	Picture	3-221-1-3	5107571	130318	7	5166	7	130000	5000	hit	235
001	34	Response	62	5117369	140116	1
001	35	Sound	P0/none	5153069	25000	1			25000		other	0
001	35	Sound	f11	5199569	71500	1			71500		other	0
001	35	Picture	2-111-1-2	5258387	130318	7	5166	7	130000	5000	incorrect	239
001	35	Response	52	5268009	139940	1
001	36	Sound	P0/none	5303884	24999	1			25000		other	0
001	36	Sound	test17	5350385	71500	1			71500		other	0
001	36	Picture	2-211-2-2	5409203	130318	7	5166	7	130000	5000	incorrect	243
001	36	Response	52	5419689	140804	2
001	37	Sound	P2/both1	5454701	25000	1			25000		other	0
001	37	Sound	f06	5501201	71500	1			71500		other	0
001	37	Picture	2-114-1-2	5560019	130318	7	5166	7	130000	5000	incorrect	247
001	37	Response	52	5572088	142388	2
001	38	Response	53	5596089	15571	2
001	38	Sound	P2/both	5605517	25000	1			25000		other	0
001	38	Response	53	5607849	27332	1
001	38	Response	53	5611769	31252	1
001	38	Response	53	5617288	36771	2
001	38	Response	53	5622969	42452	2
001	38	Response	53	5629129	48612	2
001	38	Response	53	5634969	54452	2
001	38	Response	53	5640729	60212	2
001	38	Response	53	5646968	66451	2
001	38	Sound	f24	5652017	71500	1			71500		other	0
001	38	Picture	3-114-1-3	5710835	130318	7	5166	7	130000	5000	hit	260
001	38	Response	61	5719210	138693	1
001	39	Response	53	5756010	24677	3
001	39	Sound	P2/both	5756333	25000	1			25000		other	0
001	39	Response	53	5761928	30595	2
001	39	Response	53	5768248	36915	2
001	39	Response	53	5774089	42756	2
001	39	Response	53	5779928	48595	2
001	39	Response	53	5786169	54836	2
001	39	Response	53	5791929	60596	2
001	39	Response	53	5797529	66196	2
001	39	Sound	f08	5802833	71500	1			71500		other	0
001	39	Picture	2-114-1-2	5861651	130318	7	5166	7	130000	5000	hit	272
001	39	Response	61	5872409	141076	1
001	40	Response	53	5906088	23939	2
001	40	Sound	P2/both	5907148	24999	1			25000		other	0
001	40	Response	53	5912569	30420	2
001	40	Response	53	5918889	36740	1
001	40	Response	53	5925048	42899	2
001	40	Response	53	5930888	48739	2
001	40	Response	53	5936569	54420	1
001	40	Response	53	5942648	60499	2
001	40	Response	53	5948089	65940	1
001	40	Sound	n04	5953649	71500	1			71500		other	0
001	40	Picture	2-224-1-2	6012467	130318	7	5166	7	130000	5000	hit	284
001	40	Response	62	6022488	140339	1
001	41	Sound	P2/beat1	6057965	25000	1			25000		other	0
001	41	Sound	test09	6104464	71499	1			71500		other	0
001	41	Picture	2-223-1-2	6163283	130318	7	5166	7	130000	5000	hit	288
001	41	Response	62	6174088	141123	2
001	42	Sound	P2/beat	6208781	25000	1			25000		other	0
001	42	Sound	test03	6255281	71500	1			71500		other	0
001	42	Picture	2-213-1-2	6314099	130318	7	5166	7	130000	5000	incorrect	292
001	42	Response	52	6324808	141027	2
001	43	Sound	P2/beat	6359597	25000	1			25000		other	0
001	43	Sound	n10	6406097	71500	1			71500		other	0
001	43	Picture	3-123-1-3	6464915	130318	7	5166	7	130000	5000	hit	296
001	43	Response	62	6475368	140771	2
001	44	Sound	P2/beat	6510412	24999	1			25000		other	0
001	44	Sound	test24	6556912	71499	1			71500		other	0
001	44	Picture	3-223-1-3	6615731	130318	7	5166	7	130000	5000	hit	300
001	44	Response	62	6627928	142515	2
001	45	Sound	P1/tapping1	6661228	24999	1			25000		other	0
001	45	Sound	f05	6707728	71499	1			71500		other	0
001	45	Picture	2-112-1-2	6766547	130318	7	5166	7	130000	5000	hit	304
001	45	Response	61	6778969	142740	2
001	46	Sound	P1/tapping	6812045	25000	1			25000		other	0
001	46	Response	53	6815128	28083	1
001	46	Response	53	6819768	32723	1
001	46	Response	53	6825608	38563	1
001	46	Response	53	6831848	44803	2
001	46	Response	53	6838168	51123	2
001	46	Response	53	6844408	57363	2
001	46	Response	53	6851129	64084	2
001	46	Response	53	6857848	70803	2
001	46	Sound	f04	6858546	71500	1			71500		other	0
001	46	Picture	2-122-1-2	6917363	130318	7	5166	7	130000	5000	hit	316
001	46	Response	62	6930248	143203	2
001	47	Sound	P1/tapping	6962861	25000	1			25000		other	0
001	47	Response	53	6965048	27187	2
001	47	Response	53	6970008	32147	2
001	47	Response	53	6975928	38067	2
001	47	Response	53	6981848	43987	2
001	47	Response	53	6987928	50067	2
001	47	Response	53	6993928	56067	2
001	47	Response	53	6999768	61907	2
001	47	Response	53	7005448	67587	1
001	47	Sound	n13	7009360	71499	1			71500		other	0
001	47	Picture	3-222-1-3	7068179	130318	7	5166	7	130000	5000	hit	328
001	47	Response	62	7077849	139988	2
001	48	Sound	P1/tapping	7113677	25000	1			25000		other	0
001	48	Response	53	7115208	26531	2
001	48	Response	53	7121288	32611	2
001	48	Response	53	7127208	38531	2
001	48	Response	53	7133048	44371	2
001	48	Response	53	7138648	49971	1
001	48	Response	53	7144968	56291	1
001	48	Response	53	7151048	62371	1
001	48	Response	53	7156568	67891	2
001	48	Sound	f21	7160177	71500	1			71500		other	0
001	48	Picture	3-112-1-3	7218995	130318	7	5166	7	130000	5000	incorrect	340
001	48	Response	52	7229448	140771	2
001	49	Sound	P0/none1	7264492	24999	1			25000		other	0
001	49	Sound	test25	7310993	71500	1			71500		other	0
001	49	Picture	3-211-1-3	7369812	130319	7	5166	7	130000	5000	hit	344
001	49	Response	61	7380808	141315	1
001	50	Sound	P0/none	7415309	25000	1			25000		other	0
001	50	Sound	test12	7461809	71500	1			71500		other	0
001	50	Picture	2-221-1-2	7520627	130318	7	5166	7	130000	5000	hit	348
001	50	Response	62	7529928	139619	2
001	51	Sound	P0/none	7566125	25000	1			25000		other	0
001	51	Sound	n03	7612626	71501	1			71500		other	0
001	51	Picture	2-111-1-2	7671444	130318	7	5166	7	130000	5000	hit	352
001	51	Response	61	7680568	139442	2
001	52	Sound	P0/none	7716941	24999	1			25000		other	0
001	52	Sound	f23	7763441	71500	1			71500		other	0
001	52	Picture	2-121-1-2	7822260	130319	7	5166	7	130000	5000	hit	356
001	52	Response	62	7834008	142067	1
001	53	Sound	P1/tapping1	7867756	24999	1			25000		other	0
001	53	Sound	f02	7914256	71499	1			71500		other	0
001	53	Picture	2-122-1-2	7973076	130318	7	5166	7	130000	5000	hit	360
001	53	Response	62	7983768	141011	1
001	54	Sound	P1/tapping	8018572	24999	1			25000		other	0
001	54	Response	53	8020088	26514	2
001	54	Response	53	8025207	31634	2
001	54	Response	53	8030808	37235	1
001	54	Response	53	8037288	43714	2
001	54	Response	53	8043528	49955	3
001	54	Response	53	8049528	55954	2
001	54	Response	53	8055288	61715	1
001	54	Response	53	8060888	67314	2
001	54	Sound	test15	8065074	71501	1			71500		other	0
001	54	Picture	3-222-1-3	8123892	130318	7	5166	7	130000	5000	hit	372
001	54	Response	62	8134567	140994	2
001	55	Sound	P1/tapping	8169388	24999	1			25000		other	0
001	55	Response	53	8170888	26498	1
001	55	Response	53	8176807	32418	2
001	55	Response	53	8182568	38178	2
001	55	Response	53	8187608	43218	2
001	55	Response	53	8193688	49298	1
001	55	Response	53	8199447	55058	2
001	55	Response	53	8205287	60898	1
001	55	Response	53	8211688	67298	1
001	55	Sound	test11	8215889	71500	1			71500		other	0
001	55	Picture	2-212-1-2	8274708	130318	7	5166	7	130000	5000	incorrect	384
001	55	Response	52	8285048	140659	2
001	56	Sound	P1/tapping	8320205	25000	1			25000		other	0
001	56	Response	53	8321608	26402	1
001	56	Response	53	8327128	31922	1
001	56	Response	53	8332648	37442	1
001	56	Response	53	8338328	43122	2
001	56	Response	53	8344088	48882	1
001	56	Response	53	8349767	54562	1
001	56	Response	53	8355368	60163	2
001	56	Response	53	8360648	65443	2
001	56	Sound	n06	8366705	71500	1			71500		other	0
001	56	Picture	3-222-1-3	8425524	130318	7	5166	7	130000	5000	incorrect	396
001	56	Response	51	8437607	142402	1
001	57	Sound	P2/both1	8471021	25000	1			25000		other	0
001	57	Sound	n11	8517521	71500	1			71500		other	0
001	57	Picture	2-124-1-2	8576340	130318	7	5166	7	130000	5000	incorrect	400
001	57	Response	51	8587767	141746	1
001	58	Sound	P2/both	8621837	25000	1			25000		other	0
001	58	Response	53	8623687	26850	2
001	58	Response	53	8628247	31410	2
001	58	Response	53	8634007	37170	1
001	58	Response	53	8639687	42850	1
001	58	Response	53	8645767	48930	1
001	58	Response	53	8651607	54770	2
001	58	Response	53	8657447	60610	1
001	58	Response	53	8663047	66210	2
001	58	Sound	n14	8668338	71500	1			71500		other	0
001	58	Picture	3-124-1-3	8727156	130318	7	5166	7	130000	5000	incorrect	412
001	58	Response	51	8737687	140850	2
001	59	Sound	P2/both	8772654	25000	1			25000		other	0
001	59	Response	53	8773447	25794	1
001	59	Response	53	8778727	31074	2
001	59	Response	53	8784167	36514	1
001	59	Response	53	8790407	42754	2
001	59	Response	53	8796167	48514	2
001	59	Response	53	8802487	54834	2
001	59	Response	53	8808087	60434	1
001	59	Response	53	8814247	66594	1
001	59	Sound	f14	8819153	71499	1			71500		other	0
001	59	Picture	3-124-1-3	8877972	130319	7	5166	7	130000	5000	hit	424
001	59	Response	62	8887528	139875	2
001	60	Sound	P2/both	8923469	25000	1			25000		other	0
001	60	Response	53	8924247	25778	1
001	60	Response	53	8929207	30738	1
001	60	Response	53	8934807	36338	2
001	60	Response	53	8941127	42658	1
001	60	Response	53	8947207	48738	3
001	60	Response	53	8953447	54978	1
001	60	Response	53	8958887	60418	2
001	60	Response	53	8965127	66658	2
001	60	Sound	n07	8969970	71501	1			71500		other	0
001	60	Picture	2-214-1-2	9028788	130318	7	5166	7	130000	5000	hit	436
001	60	Response	61	9042727	144258	2


Event Type	Code	Type	Response	RT	RT Uncertainty	Time	Uncertainty	Duration	Uncertainty	ReqTime	ReqDur

Sound	P0/none1	other				25328	1			25000
Sound	f01	other				71826	1			71500
Picture	2-111-1-2	incorrect	2	13526	8	130645	7	5166	7	130000	5000
Sound	P0/none	other				176143	1			25000
Sound	test01	other				222643	1			71500
Picture	2-211-1-2	hit	1	10870	7	281461	7	5166	7	130000	5000
Sound	P0/none	other				326958	1			25000
Sound	test22	other				373459	1			71500
Picture	3-211-1-3	incorrect	2	10774	7	432277	7	5166	7	130000	5000
Sound	P0/none	other				477775	1			25000
Sound	f07	other				524276	1			71500
Picture	2-121-1-2	hit	2	10358	8	583093	7	5166	7	130000	5000
Sound	P2/beat1	other				628591	1			25000
Sound	f03	other				675089	1			71500
Picture	2-123-1-2	hit	2	13542	8	733909	7	5166	7	130000	5000
Sound	P2/beat	other				779407	1			25000
Sound	n12	other				825906	1			71500
Picture	3-123-1-3	hit	2	12167	7	884725	7	5166	7	130000	5000
Sound	P2/beat	other				930222	1			25000
Sound	test10	other				976724	1			71500
Picture	2-213-1-2	incorrect	2	11430	8	1035541	7	5166	7	130000	5000
Sound	P2/beat	other				1081038	1			25000
Sound	f17	other				1127539	1			71500
Picture	3-113-1-3	hit	1	8614	7	1186357	7	5166	7	130000	5000
Sound	P0/none1	other				1231855	1			25000
Sound	f09	other				1278354	1			71500
Picture	2-111-1-2	incorrect	2	10918	8	1337173	7	5166	7	130000	5000
Sound	P0/none	other				1382670	1			25000
Sound	test02	other				1429171	1			71500
Picture	2-221-1-2	incorrect	1	10582	9	1487989	7	5166	7	130000	5000
Sound	P0/none	other				1533485	1			25000
Sound	f20	other				1579986	1			71500
Picture	3-121-1-3	hit	2	13126	8	1638804	7	5166	7	130000	5000
Sound	P0/none	other				1684301	1			25000
Sound	test21	other				1730802	1			71500
Picture	3-221-1-3	hit	2	10390	8	1789620	7	5166	7	130000	5000
Sound	P1/tapping1	other				1835118	1			25000
Sound	test04	other				1881618	1			71500
Picture	2-212-1-2	incorrect	2	11334	9	1940436	7	5166	7	130000	5000
Sound	P1/tapping	other				1985933	1			25000
Sound	test23	other				2032433	1			71500
Picture	3-222-1-3	hit	2	12838	7	2091252	7	5166	7	130000	5000
Sound	P1/tapping	other				2136749	1			25000
Sound	test06	other				2183249	1			71500
Picture	2-222-1-2	hit	2	10502	9	2242068	7	5166	7	130000	5000
Sound	P1/tapping	other				2287566	1			25000
Sound	test07	other				2334065	1			71500
Picture	2-212-1-2	hit	1	15527	8	2392884	7	5166	7	130000	5000
Sound	P2/both1	other				2438382	1			25000
Sound	n01	other				2484881	1			71500
Picture	3-214-1-3	incorrect	2	12310	7	2543700	7	5166	7	130000	5000
Sound	P2/both	other				2589198	1			25000
Sound	f22	other				2635697	1			71500
Picture	3-124-1-3	hit	2	10694	7	2694516	7	5166	7	130000	5000
Sound	P2/both	other				2740014	1			25000
Sound	f19	other				2786514	1			71500
Picture	3-114-1-3	hit	1	13078	8	2845332	7	5166	7	130000	5000
Sound	P2/both	other				2890830	1			25000
Sound	test16	other				2937328	1			71500
Picture	3-224-1-3	hit	2	12022	8	2996148	7	5166	7	130000	5000
Sound	P1/tapping1	other				3041646	1			25000
Sound	test05	other				3088145	1			71500
Picture	2-222-1-2	hit	2	11126	8	3146964	7	5166	7	130000	5000
Sound	P1/tapping	other				3192461	1			25000
Sound	test08	other				3238961	1			71500
Picture	2-212-1-2	incorrect	2	13270	7	3297780	7	5166	7	130000	5000
Sound	P1/tapping	other				3343277	1			25000
Sound	test14	other				3389778	1			71500
Picture	3-212-1-3	hit	1	10534	7	3448596	7	5166	7	130000	5000
Sound	P1/tapping	other				3494093	1			25000
Sound	test19	other				3540593	1			71500
Picture	3-212-1-3	hit	1	10278	8	3599412	7	5166	7	130000	5000
Sound	P2/beat1	other				3644909	1			25000
Sound	f15	other				3691410	1			71500
Picture	3-113-1-3	hit	1	9702	8	3750228	7	5166	7	130000	5000
Sound	P2/beat	other				3795725	1			25000
Sound	f16	other				3842225	1			71500
Picture	3-123-1-3	hit	2	11686	7	3901043	7	5166	7	130000	5000
Sound	P2/beat	other				3946541	1			25000
Sound	f18	other				3993040	1			71500
Picture	3-113-1-3	incorrect	2	13830	8	4051859	7	5166	7	130000	5000
Sound	P2/beat	other				4097357	1			25000
Sound	test18	other				4143858	1			71500
Picture	3-223-1-3	incorrect	1	11174	8	4202675	7	5166	7	130000	5000
Sound	P2/both1	other				4248173	1			25000
Sound	f10	other				4294674	1			71500
Picture	2-114-1-2	incorrect	2	11958	8	4353491	7	5166	7	130000	5000
Sound	P2/both	other				4398989	1			25000
Sound	f12	other				4445489	1			71500
Picture	2-114-1-2	incorrect	2	11782	7	4504307	7	5166	7	130000	5000
Sound	P2/both	other				4549804	1			25000
Sound	n05	other				4596306	1			71500
Picture	3-124-1-3	hit	2	10886	8	4655123	7	5166	7	130000	5000
Sound	P2/both	other				4700621	1			25000
Sound	f13	other				4747120	1			71500
Picture	3-124-1-3	hit	2	12390	7	4805939	7	5166	7	130000	5000
Sound	P0/none1	other				4851437	1			25000
Sound	n09	other				4897937	1			71500
Picture	3-211-1-3	incorrect	2	10134	8	4956755	7	5166	7	130000	5000
Sound	P0/none	other				5002252	1			25000
Sound	test13	other				5048752	1			71500
Picture	3-221-1-3	hit	2	9797	7	5107571	7	5166	7	130000	5000
Sound	P0/none	other				5153069	1			25000
Sound	f11	other				5199569	1			71500
Picture	2-111-1-2	incorrect	2	9621	7	5258387	7	5166	7	130000	5000
Sound	P0/none	other				5303884	1			25000
Sound	test17	other				5350385	1			71500
Picture	2-211-2-2	incorrect	2	10486	8	5409203	7	5166	7	130000	5000
Sound	P2/both1	other				5454701	1			25000
Sound	f06	other				5501201	1			71500
Picture	2-114-1-2	incorrect	2	12069	8	5560019	7	5166	7	130000	5000
Sound	P2/both	other				5605517	1			25000
Sound	f24	other				5652017	1			71500
Picture	3-114-1-3	hit	1	8374	7	5710835	7	5166	7	130000	5000
Sound	P2/both	other				5756333	1			25000
Sound	f08	other				5802833	1			71500
Picture	2-114-1-2	hit	1	10758	7	5861651	7	5166	7	130000	5000
Sound	P2/both	other				5907148	1			25000
Sound	n04	other				5953649	1			71500
Picture	2-224-1-2	hit	2	10021	7	6012467	7	5166	7	130000	5000
Sound	P2/beat1	other				6057965	1			25000
Sound	test09	other				6104464	1			71500
Picture	2-223-1-2	hit	2	10805	8	6163283	7	5166	7	130000	5000
Sound	P2/beat	other				6208781	1			25000
Sound	test03	other				6255281	1			71500
Picture	2-213-1-2	incorrect	2	10709	8	6314099	7	5166	7	130000	5000
Sound	P2/beat	other				6359597	1			25000
Sound	n10	other				6406097	1			71500
Picture	3-123-1-3	hit	2	10453	8	6464915	7	5166	7	130000	5000
Sound	P2/beat	other				6510412	1			25000
Sound	test24	other				6556912	1			71500
Picture	3-223-1-3	hit	2	12197	8	6615731	7	5166	7	130000	5000
Sound	P1/tapping1	other				6661228	1			25000
Sound	f05	other				6707728	1			71500
Picture	2-112-1-2	hit	1	12421	8	6766547	7	5166	7	130000	5000
Sound	P1/tapping	other				6812045	1			25000
Sound	f04	other				6858546	1			71500
Picture	2-122-1-2	hit	2	12885	8	6917363	7	5166	7	130000	5000
Sound	P1/tapping	other				6962861	1			25000
Sound	n13	other				7009360	1			71500
Picture	3-222-1-3	hit	2	9670	8	7068179	7	5166	7	130000	5000
Sound	P1/tapping	other				7113677	1			25000
Sound	f21	other				7160177	1			71500
Picture	3-112-1-3	incorrect	2	10453	8	7218995	7	5166	7	130000	5000
Sound	P0/none1	other				7264492	1			25000
Sound	test25	other				7310993	1			71500
Picture	3-211-1-3	hit	1	10996	7	7369812	7	5166	7	130000	5000
Sound	P0/none	other				7415309	1			25000
Sound	test12	other				7461809	1			71500
Picture	2-221-1-2	hit	2	9300	8	7520627	7	5166	7	130000	5000
Sound	P0/none	other				7566125	1			25000
Sound	n03	other				7612626	1			71500
Picture	2-111-1-2	hit	1	9124	8	7671444	7	5166	7	130000	5000
Sound	P0/none	other				7716941	1			25000
Sound	f23	other				7763441	1			71500
Picture	2-121-1-2	hit	2	11748	7	7822260	7	5166	7	130000	5000
Sound	P1/tapping1	other				7867756	1			25000
Sound	f02	other				7914256	1			71500
Picture	2-122-1-2	hit	2	10692	7	7973076	7	5166	7	130000	5000
Sound	P1/tapping	other				8018572	1			25000
Sound	test15	other				8065074	1			71500
Picture	3-222-1-3	hit	2	10676	8	8123892	7	5166	7	130000	5000
Sound	P1/tapping	other				8169388	1			25000
Sound	test11	other				8215889	1			71500
Picture	2-212-1-2	incorrect	2	10341	9	8274708	7	5166	7	130000	5000
Sound	P1/tapping	other				8320205	1			25000
Sound	n06	other				8366705	1			71500
Picture	3-222-1-3	incorrect	1	12084	7	8425524	7	5166	7	130000	5000
Sound	P2/both1	other				8471021	1			25000
Sound	n11	other				8517521	1			71500
Picture	2-124-1-2	incorrect	1	11427	8	8576340	7	5166	7	130000	5000
Sound	P2/both	other				8621837	1			25000
Sound	n14	other				8668338	1			71500
Picture	3-124-1-3	incorrect	1	10531	8	8727156	7	5166	7	130000	5000
Sound	P2/both	other				8772654	1			25000
Sound	f14	other				8819153	1			71500
Picture	3-124-1-3	hit	2	9556	8	8877972	7	5166	7	130000	5000
Sound	P2/both	other				8923469	1			25000
Sound	n07	other				8969970	1			71500
Picture	2-214-1-2	hit	1	13939	8	9028788	7	5166	7	130000	5000


{
   "app": "Presentation Version 22.1 Build 01.21.21",
   "device": "Dell Inc. OptiPlex 7050",
   "experiment": "{C8E97CB4-6FCA-44FA-B866-4A2D94B6B85C}",
   "os": "Windows 10 64 bit",
   "package": "",
   "parameters": {
      "configuration": "Default configuration"
   },
   "scenario": "entrain_list1_sess1_EB.sce",
   "subject": "001",
   "timestamp": "2022/03/30 12:27:34 GMT"
}
