Scenario - test
Logfile written - 03/30/2022 15:20:55

Subject	Trial	Event Type	Code	Time	TTime	Uncertainty	Duration	Uncertainty	ReqTime	ReqDur	Stim Type	Pair Index

001	1	Sound	P1/tapping1	25163	25002	1			25000		other	0
001	1	Response	53	27097	26937	2
001	1	Response	53	32537	32376	1
001	1	Response	53	38777	38616	1
001	1	Response	53	44856	44696	1
001	1	Response	53	51177	51016	2
001	1	Response	53	56857	56696	1
001	1	Response	53	62297	62136	2
001	1	Response	53	68137	67976	2
001	1	Sound	n05	71661	71500	1			71500		other	0
001	1	Picture	2-122-2-2	130479	130318	7	5166	7	130000	5000	incorrect	12
001	1	Response	51	141737	141576	1
001	2	Sound	P1/tapping	175976	25000	1			25000		other	0
001	2	Response	53	177177	26200	1
001	2	Response	53	183337	32360	2
001	2	Response	53	188857	37880	2
001	2	Response	53	194857	43880	2
001	2	Response	53	200776	49800	1
001	2	Response	53	206697	55721	1
001	2	Response	53	212617	61640	1
001	2	Response	53	218617	67640	1
001	2	Sound	f18	222476	71500	1			71500		other	0
001	2	Picture	3-122-1-3	281295	130318	7	5166	7	130000	5000	hit	24
001	2	Response	62	293497	142520	1
001	3	Response	53	326137	24344	2
001	3	Sound	P1/tapping	326792	24999	1			25000		other	0
001	3	Response	53	332377	30584	1
001	3	Response	53	338696	36904	1
001	3	Response	53	344617	42824	2
001	3	Response	53	349737	47945	1
001	3	Response	53	355817	54024	2
001	3	Response	53	361977	60184	2
001	3	Response	53	367336	65544	1
001	3	Sound	f09	373293	71500	1			71500		other	0
001	3	Picture	2-122-1-2	432111	130318	7	5166	7	130000	5000	hit	36
001	3	Response	62	443737	141944	1
001	4	Sound	P1/tapping	477609	25000	1			25000		other	0
001	4	Response	53	478297	25688	2
001	4	Response	53	484697	32088	1
001	4	Response	53	491497	38888	1
001	4	Response	53	497817	45208	2
001	4	Response	53	503976	51368	1
001	4	Response	53	509976	57368	1
001	4	Response	53	516137	63528	1
001	4	Response	53	521737	69128	1
001	4	Sound	f06	524109	71500	1			71500		other	0
001	4	Picture	3-122-1-3	582927	130318	7	5166	7	130000	5000	hit	48
001	4	Response	62	595897	143288	1
001	5	Sound	P2/both1	628425	25000	1			25000		other	0
001	5	Response	53	631577	28152	1
001	5	Response	53	635977	32552	2
001	5	Response	53	640696	37271	1
001	5	Response	53	646377	42952	1
001	5	Response	53	652456	49032	1
001	5	Response	53	658456	55032	2
001	5	Response	53	664377	60952	2
001	5	Response	53	670137	66712	2
001	5	Sound	f01	674924	71499	1			71500		other	0
001	5	Picture	3-114-1-3	733743	130319	7	5166	7	130000	5000	incorrect	60
001	5	Response	52	747577	144152	1
001	6	Sound	P2/both	779241	25000	1			25000		other	0
001	6	Response	53	783017	28776	1
001	6	Response	53	786776	32535	1
001	6	Response	53	791257	37016	1
001	6	Response	53	797017	42776	1
001	6	Response	53	803096	48856	1
001	6	Response	53	808537	54296	1
001	6	Response	53	814617	60376	1
001	6	Response	53	820617	66376	2
001	6	Sound	test24	825740	71500	1			71500		other	0
001	6	Picture	3-214-1-3	884559	130318	7	5166	7	130000	5000	incorrect	72
001	6	Response	52	900456	146216	2
001	7	Response	53	929977	24920	1
001	7	Sound	P2/both	930056	24999	1			25000		other	0
001	7	Response	53	935657	30600	1
001	7	Response	53	941657	36600	2
001	7	Response	53	947577	42520	2
001	7	Response	53	953337	48280	2
001	7	Response	53	959337	54280	2
001	7	Response	53	965097	60040	2
001	7	Response	53	971496	66439	2
001	7	Sound	test22	976557	71500	1			71500		other	0
001	7	Picture	3-224-1-3	1035375	130318	7	5166	7	130000	5000	hit	84
001	7	Response	62	1051337	146280	1
001	8	Response	53	1080457	24584	2
001	8	Sound	P2/both	1080873	25000	1			25000		other	0
001	8	Response	53	1086616	30743	2
001	8	Response	53	1092936	37063	2
001	8	Response	53	1098937	43064	1
001	8	Response	53	1105176	49303	1
001	8	Response	53	1110696	54823	2
001	8	Response	53	1116776	60903	1
001	8	Response	53	1122296	66423	2
001	8	Sound	test07	1127374	71501	1			71500		other	0
001	8	Picture	3-214-1-3	1186191	130318	7	5166	7	130000	5000	hit	96
001	8	Response	61	1197817	141943	2
001	9	Sound	P2/beat1	1231688	24999	1			25000		other	0
001	9	Sound	f02	1278189	71500	1			71500		other	0
001	9	Picture	2-113-1-2	1337007	130318	7	5166	7	130000	5000	hit	100
001	9	Response	61	1347017	140328	1
001	10	Sound	P2/beat	1382506	25001	1			25000		other	0
001	10	Sound	f19	1429005	71500	1			71500		other	0
001	10	Picture	2-113-2-2	1487823	130318	7	5166	7	130000	5000	hit	104
001	10	Response	61	1497816	140311	1
001	11	Sound	P2/beat	1533321	25000	1			25000		other	0
001	11	Sound	n07	1579821	71500	1			71500		other	0
001	11	Picture	3-223-1-3	1638639	130318	7	5166	7	130000	5000	hit	108
001	11	Response	62	1653097	144775	2
001	12	Sound	P2/beat	1684137	25000	1			25000		other	0
001	12	Sound	f07	1730638	71501	1			71500		other	0
001	12	Picture	3-123-1-3	1789456	130318	7	5166	7	130000	5000	hit	112
001	12	Response	62	1801576	142439	1
001	13	Sound	P2/both1	1834953	24999	1			25000		other	0
001	13	Response	53	1836456	26503	1
001	13	Response	53	1841576	31623	2
001	13	Response	53	1847096	37143	2
001	13	Response	53	1852776	42823	1
001	13	Response	53	1858536	48583	2
001	13	Response	53	1864296	54343	1
001	13	Response	53	1870616	60663	1
001	13	Response	53	1876616	66662	1
001	13	Sound	f05	1881453	71500	1			71500		other	0
001	13	Picture	2-124-1-2	1940272	130318	7	5166	7	130000	5000	hit	124
001	13	Response	62	1956856	146903	2
001	14	Sound	P2/both	1985769	25000	1			25000		other	0
001	14	Response	53	1987016	26247	2
001	14	Response	53	1991976	31207	1
001	14	Response	53	1997336	36567	1
001	14	Response	53	2003416	42647	1
001	14	Response	53	2009416	48647	1
001	14	Response	53	2015016	54247	1
001	14	Response	53	2021416	60647	2
001	14	Response	53	2027496	66727	1
001	14	Sound	test09	2032270	71501	1			71500		other	0
001	14	Picture	3-224-1-3	2091088	130319	7	5166	7	130000	5000	hit	136
001	14	Response	62	2104936	144167	2
001	15	Sound	P2/both	2136585	25000	1			25000		other	0
001	15	Response	53	2137896	26311	1
001	15	Response	53	2142696	31111	2
001	15	Response	53	2148616	37031	1
001	15	Response	53	2154376	42791	1
001	15	Response	53	2160616	49031	1
001	15	Response	53	2166296	54711	2
001	15	Response	53	2172537	60951	2
001	15	Response	53	2178456	66871	1
001	15	Sound	test12	2183086	71500	1			71500		other	0
001	15	Picture	3-214-1-3	2241904	130318	7	5166	7	130000	5000	hit	148
001	15	Response	61	2252456	140871	2
001	16	Sound	P2/both	2287401	25000	1			25000		other	0
001	16	Response	53	2291816	29415	1
001	16	Response	53	2298696	36295	1
001	16	Response	53	2304776	42375	1
001	16	Response	53	2311096	48695	1
001	16	Response	53	2317176	54774	2
001	16	Response	53	2323176	60775	1
001	16	Response	53	2329176	66774	1
001	16	Sound	test19	2333901	71500	1			71500		other	0
001	16	Picture	2-224-1-2	2392720	130318	7	5166	7	130000	5000	hit	159
001	16	Response	62	2407176	144775	1
001	17	Sound	P1/tapping1	2438217	25000	1			25000		other	0
001	17	Response	53	2438856	25638	1
001	17	Response	53	2444456	31238	1
001	17	Response	53	2450856	37639	2
001	17	Response	53	2457896	44678	1
001	17	Response	53	2463976	50758	2
001	17	Response	53	2470376	57159	1
001	17	Response	53	2475815	62598	1
001	17	Response	53	2481736	68518	1
001	17	Sound	f15	2484717	71500	1			71500		other	0
001	17	Picture	2-122-2-2	2543536	130318	7	5166	7	130000	5000	hit	171
001	17	Response	62	2556775	143558	1
001	18	Sound	P1/tapping	2589033	24999	1			25000		other	0
001	18	Response	53	2590776	26742	1
001	18	Response	53	2597496	33463	2
001	18	Response	53	2603016	38982	1
001	18	Response	53	2608776	44742	1
001	18	Response	53	2614696	50663	1
001	18	Response	53	2621016	56982	2
001	18	Response	53	2627416	63382	2
001	18	Response	53	2633335	69302	1
001	18	Sound	test21	2635534	71501	1			71500		other	0
001	18	Picture	3-212-1-3	2694352	130318	7	5166	7	130000	5000	hit	183
001	18	Response	61	2711096	147062	2
001	19	Sound	P1/tapping	2739850	25001	1			25000		other	0
001	19	Response	53	2741656	26806	3
001	19	Response	53	2746536	31686	2
001	19	Response	53	2752295	37446	1
001	19	Response	53	2757976	43126	2
001	19	Response	53	2763976	49127	1
001	19	Response	53	2769496	54646	1
001	19	Response	53	2775175	60326	2
001	19	Response	53	2781016	66166	2
001	19	Sound	f10	2786349	71500	1			71500		other	0
001	19	Picture	3-112-1-3	2845168	130318	7	5166	7	130000	5000	hit	195
001	19	Response	61	2862376	147526	1
001	20	Sound	P1/tapping	2890666	25000	1			25000		other	0
001	20	Response	53	2895736	30070	1
001	20	Response	53	2902456	36790	1
001	20	Response	53	2908856	43190	1
001	20	Response	53	2915336	49670	2
001	20	Response	53	2921176	55510	1
001	20	Response	53	2927816	62150	1
001	20	Response	53	2933175	67510	1
001	20	Sound	f13	2937165	71500	1			71500		other	0
001	20	Response	53	2938616	72950	1
001	20	Picture	3-112-1-3	2995984	130319	7	5166	7	130000	5000	incorrect	207
001	20	Response	52	3011896	146230	1
001	21	Sound	P2/both1	3041482	25000	1			25000		other	0
001	21	Response	53	3045736	29255	2
001	21	Response	53	3051655	35174	1
001	21	Response	53	3057656	41174	1
001	21	Response	53	3064455	47974	1
001	21	Response	53	3070695	54214	1
001	21	Response	53	3076616	60135	2
001	21	Response	53	3082856	66374	1
001	21	Sound	n03	3087980	71499	1			71500		other	0
001	21	Picture	2-124-1-2	3146800	130319	7	5166	7	130000	5000	hit	218
001	21	Response	62	3158456	141974	2
001	22	Sound	P2/both	3192298	25000	1			25000		other	0
001	22	Response	53	3193655	26358	1
001	22	Response	53	3198295	30997	2
001	22	Response	53	3203575	36278	1
001	22	Response	53	3209655	42358	1
001	22	Response	53	3215495	48198	1
001	22	Response	53	3221415	54118	2
001	22	Response	53	3228216	60918	1
001	22	Response	53	3233976	66678	2
001	22	Sound	n13	3238798	71500	1			71500		other	0
001	22	Picture	3-214-1-3	3297616	130318	7	5166	7	130000	5000	hit	230
001	22	Response	61	3308856	141558	2
001	23	Response	53	3342375	24262	1
001	23	Sound	P2/both	3343113	24999	1			25000		other	0
001	23	Response	53	3348375	30261	2
001	23	Response	53	3354615	36502	2
001	23	Response	53	3360295	42181	1
001	23	Response	53	3366135	48021	1
001	23	Response	53	3372215	54102	1
001	23	Response	53	3378295	60182	1
001	23	Response	53	3384215	66101	1
001	23	Sound	f11	3389614	71500	1			71500		other	0
001	23	Picture	2-124-1-2	3448432	130318	7	5166	7	130000	5000	hit	242
001	23	Response	62	3460936	142822	2
001	24	Sound	P2/both	3493929	24999	1			25000		other	0
001	24	Response	53	3495575	26646	2
001	24	Response	53	3499975	31045	1
001	24	Response	53	3505415	36485	2
001	24	Response	53	3510935	42006	1
001	24	Response	53	3517175	48245	2
001	24	Response	53	3523256	54327	1
001	24	Response	53	3529096	60166	1
001	24	Response	53	3534935	66005	2
001	24	Sound	f16	3540430	71500	1			71500		other	0
001	24	Picture	2-114-1-2	3599248	130318	7	5166	7	130000	5000	incorrect	254
001	24	Response	52	3614616	145686	1
001	25	Sound	P0/none1	3644746	25001	1			25000		other	0
001	25	Sound	f21	3691247	71501	1			71500		other	0
001	25	Picture	2-121-2-2	3750064	130318	7	5166	7	130000	5000	hit	258
001	25	Response	62	3763256	143510	2
001	26	Sound	P0/none	3795562	25000	1			25000		other	0
001	26	Sound	test14	3842062	71500	1			71500		other	0
001	26	Picture	2-221-1-2	3900880	130318	7	5166	7	130000	5000	hit	262
001	26	Response	62	3919655	149093	1
001	27	Sound	P0/none	3946379	25001	1			25000		other	0
001	27	Sound	f14	3992877	71499	1			71500		other	0
001	27	Picture	3-111-1-3	4051696	130318	7	5166	7	130000	5000	hit	266
001	27	Response	61	4063095	141717	2
001	28	Sound	P0/none	4097193	24999	1			25000		other	0
001	28	Sound	test08	4143695	71501	1			71500		other	0
001	28	Picture	3-221-1-3	4202512	130318	7	5166	7	130000	5000	hit	270
001	28	Response	62	4213735	141541	3
001	29	Sound	P1/tapping1	4248010	25000	1			25000		other	0
001	29	Response	53	4249735	26725	1
001	29	Response	53	4254855	31845	1
001	29	Response	53	4260535	37525	2
001	29	Response	53	4266775	43765	1
001	29	Response	53	4271975	48964	1
001	29	Response	53	4277495	54485	1
001	29	Response	53	4282855	59845	1
001	29	Response	53	4288615	65605	1
001	29	Sound	n09	4294510	71500	1			71500		other	0
001	29	Picture	2-222-2-2	4353328	130318	7	5166	7	130000	5000	hit	282
001	29	Response	62	4366775	143765	2
001	30	Sound	P1/tapping	4398826	25000	1			25000		other	0
001	30	Response	53	4405815	31989	1
001	30	Response	53	4410455	36629	2
001	30	Response	53	4415735	41908	2
001	30	Response	53	4420695	46869	1
001	30	Response	53	4425975	52149	1
001	30	Response	53	4431415	57589	1
001	30	Response	53	4436695	62869	1
001	30	Response	53	4442136	68309	2
001	30	Sound	test13	4445325	71499	1			71500		other	0
001	30	Picture	2-212-1-2	4504145	130318	7	5166	7	130000	5000	hit	294
001	30	Response	61	4514696	140869	1
001	31	Response	53	4549015	24373	2
001	31	Sound	P1/tapping	4549643	25000	1			25000		other	0
001	31	Response	53	4554695	30053	1
001	31	Response	53	4559975	35333	1
001	31	Response	53	4565655	41013	2
001	31	Response	53	4570775	46133	1
001	31	Response	53	4576375	51733	2
001	31	Response	53	4581495	56852	2
001	31	Sound	f03	4596142	71499	1			71500		other	0
001	31	Picture	3-112-1-3	4654961	130319	7	5166	7	130000	5000	hit	305
001	31	Response	61	4666615	141973	2
001	32	Sound	P1/tapping	4700458	25000	1			25000		other	0
001	32	Response	53	4702935	27477	1
001	32	Response	53	4707735	32276	1
001	32	Response	53	4713014	37556	1
001	32	Response	53	4718855	43396	1
001	32	Response	53	4724215	48756	2
001	32	Response	53	4729414	53956	2
001	32	Response	53	4735015	59557	1
001	32	Response	53	4740615	65157	1
001	32	Sound	f12	4746958	71500	1			71500		other	0
001	32	Picture	2-122-1-2	4805777	130318	7	5166	7	130000	5000	hit	317
001	32	Response	62	4817735	142277	2
001	33	Sound	P2/beat1	4851274	25000	1			25000		other	0
001	33	Sound	n06	4897774	71499	1			71500		other	0
001	33	Picture	2-223-2-2	4956593	130318	7	5166	7	130000	5000	hit	321
001	33	Response	62	4972775	146500	2
001	34	Sound	P2/beat	5002091	25000	1			25000		other	0
001	34	Sound	test06	5048590	71500	1			71500		other	0
001	34	Picture	3-213-1-3	5107409	130318	7	5166	7	130000	5000	hit	325
001	34	Response	61	5120215	143124	2
001	35	Sound	P2/beat	5152907	25000	1			25000		other	0
001	35	Sound	n04	5199407	71501	1			71500		other	0
001	35	Picture	3-223-1-3	5258225	130318	7	5166	7	130000	5000	hit	329
001	35	Response	62	5273255	145349	1
001	36	Sound	P2/beat	5303722	24999	1			25000		other	0
001	36	Sound	n11	5350223	71500	1			71500		other	0
001	36	Picture	3-113-2-3	5409041	130319	7	5166	7	130000	5000	hit	333
001	36	Response	61	5419095	140372	2
001	37	Sound	P1/tapping1	5454539	25000	1			25000		other	0
001	37	Response	53	5457015	27476	2
001	37	Response	53	5464455	34916	2
001	37	Response	53	5470855	41316	2
001	37	Response	53	5477255	47716	1
001	37	Response	53	5483574	54036	1
001	37	Response	53	5488854	59316	1
001	37	Response	53	5494695	65156	1
001	37	Response	53	5500695	71156	1
001	37	Sound	f23	5501040	71501	1			71500		other	0
001	37	Picture	3-112-1-3	5559857	130318	7	5166	7	130000	5000	incorrect	345
001	37	Response	52	5576934	147395	1
001	38	Sound	P1/tapping	5605354	24999	1			25000		other	0
001	38	Response	53	5609335	28980	2
001	38	Response	53	5614535	34180	2
001	38	Response	53	5620214	39860	2
001	38	Response	53	5625814	45460	2
001	38	Response	53	5631735	51380	1
001	38	Response	53	5637174	56819	3
001	38	Response	53	5642774	62420	2
001	38	Response	53	5648614	68259	1
001	38	Sound	n10	5651854	71499	1			71500		other	0
001	38	Picture	2-112-1-2	5710673	130318	7	5166	7	130000	5000	incorrect	357
001	38	Response	52	5721655	141300	1
001	39	Sound	P1/tapping	5756171	25000	1			25000		other	0
001	39	Response	53	5758134	26964	1
001	39	Response	53	5763174	32003	1
001	39	Response	53	5768374	37203	1
001	39	Response	53	5773814	42643	1
001	39	Response	53	5779415	48244	1
001	39	Response	53	5784535	53364	1
001	39	Response	53	5789975	58804	2
001	39	Response	53	5795334	64163	1
001	39	Sound	test10	5802671	71500	1			71500		other	0
001	39	Picture	3-212-1-3	5861489	130318	7	5166	7	130000	5000	hit	369
001	39	Response	61	5871974	140803	1
001	40	Sound	P1/tapping	5906987	25000	1			25000		other	0
001	40	Response	53	5919014	37027	1
001	40	Response	53	5923814	41827	2
001	40	Response	53	5929014	47028	1
001	40	Response	53	5933574	51587	2
001	40	Response	53	5938774	56787	1
001	40	Response	53	5943974	61987	1
001	40	Response	53	5948374	66387	1
001	40	Sound	test16	5953487	71500	1			71500		other	0
001	40	Response	53	5953894	71907	1
001	40	Picture	2-212-1-2	6012305	130318	7	5166	7	130000	5000	hit	381
001	40	Response	61	6023734	141748	1
001	41	Sound	P0/none1	6057803	25000	1			25000		other	0
001	41	Sound	test03	6104303	71500	1			71500		other	0
001	41	Picture	2-221-1-2	6163121	130318	7	5166	7	130000	5000	hit	385
001	41	Response	62	6174374	141571	2
001	42	Sound	P0/none	6208618	24999	1			25000		other	0
001	42	Sound	f22	6255118	71499	1			71500		other	0
001	42	Picture	2-121-2-2	6313938	130318	7	5166	7	130000	5000	hit	389
001	42	Response	62	6327494	143875	1
001	43	Sound	P0/none	6359435	25000	1			25000		other	0
001	43	Sound	test04	6405935	71500	1			71500		other	0
001	43	Picture	3-221-1-3	6464754	130319	7	5166	7	130000	5000	hit	393
001	43	Response	62	6474614	140179	1
001	44	Sound	P0/none	6510251	25000	1			25000		other	0
001	44	Sound	test11	6556752	71500	1			71500		other	0
001	44	Picture	2-221-1-2	6615570	130318	7	5166	7	130000	5000	hit	397
001	44	Response	62	6630054	144803	1
001	45	Sound	P2/beat1	6661067	25000	1			25000		other	0
001	45	Sound	f04	6707567	71500	1			71500		other	0
001	45	Picture	2-113-1-2	6766386	130318	7	5166	7	130000	5000	hit	401
001	45	Response	61	6777734	141667	2
001	46	Sound	P2/beat	6811884	25001	1			25000		other	0
001	46	Sound	test05	6858383	71500	1			71500		other	0
001	46	Picture	3-213-1-3	6917202	130318	7	5166	7	130000	5000	hit	405
001	46	Response	61	6931334	144451	1
001	47	Sound	P2/beat	6962699	24999	1			25000		other	0
001	47	Sound	f20	7009199	71499	1			71500		other	0
001	47	Picture	2-123-2-2	7068018	130318	7	5166	7	130000	5000	hit	409
001	47	Response	62	7079734	142035	1
001	48	Sound	P2/beat	7113515	25000	1			25000		other	0
001	48	Sound	f24	7160016	71500	1			71500		other	0
001	48	Picture	2-113-1-2	7218834	130318	7	5166	7	130000	5000	hit	413
001	48	Response	61	7233254	144738	1
001	49	Sound	P2/both1	7264332	25000	1			25000		other	0
001	49	Response	53	7265974	26642	1
001	49	Response	53	7270613	31282	2
001	49	Response	53	7276134	36802	2
001	49	Response	53	7281574	42242	2
001	49	Response	53	7287494	48162	3
001	49	Response	53	7294374	55042	2
001	49	Response	53	7299653	60322	1
001	49	Response	53	7305574	66242	2
001	49	Sound	test18	7310831	71499	1			71500		other	0
001	49	Picture	2-224-1-2	7369650	130318	7	5166	7	130000	5000	hit	425
001	49	Response	62	7383894	144562	1
001	50	Sound	P2/both	7415148	25000	1			25000		other	0
001	50	Response	53	7415574	25427	2
001	50	Response	53	7420934	30786	1
001	50	Response	53	7426934	36786	2
001	50	Response	53	7432774	42626	1
001	50	Response	53	7439014	48866	2
001	50	Response	53	7444774	54626	1
001	50	Response	53	7450454	60306	1
001	50	Response	53	7456294	66146	2
001	50	Sound	test01	7461648	71500	1			71500		other	0
001	50	Picture	3-214-1-3	7520466	130318	7	5166	7	130000	5000	incorrect	437
001	50	Response	52	7537574	147426	1
001	51	Response	53	7565894	24930	1
001	51	Sound	P2/both	7565964	25000	1			25000		other	0
001	51	Response	53	7571013	30049	1
001	51	Response	53	7576693	35730	1
001	51	Response	53	7583173	42209	1
001	51	Response	53	7588774	47810	2
001	51	Response	53	7595094	54130	2
001	51	Response	53	7600614	59650	2
001	51	Response	53	7606614	65650	1
001	51	Sound	test17	7612464	71500	1			71500		other	0
001	51	Picture	3-214-1-3	7671282	130319	7	5166	7	130000	5000	hit	449
001	51	Response	61	7683094	142130	1
001	52	Sound	P2/both	7716780	25000	1			25000		other	0
001	52	Response	53	7718293	26513	2
001	52	Response	53	7722933	31153	1
001	52	Response	53	7728774	36994	1
001	52	Response	53	7734774	42994	1
001	52	Response	53	7741014	49233	2
001	52	Response	53	7746533	54753	1
001	52	Response	53	7752613	60833	2
001	52	Response	53	7758773	66993	1
001	52	Sound	test15	7763281	71501	1			71500		other	0
001	52	Picture	3-214-1-3	7822098	130318	7	5166	7	130000	5000	hit	461
001	52	Response	61	7835814	144034	1
001	53	Sound	P2/beat1	7867597	25000	1			25000		other	0
001	53	Sound	test02	7914097	71501	1			71500		other	0
001	53	Picture	3-223-1-3	7972915	130318	7	5166	7	130000	5000	hit	465
001	53	Response	62	7987493	144897	1
001	54	Sound	P2/beat	8018412	25000	1			25000		other	0
001	54	Sound	f08	8064911	71499	1			71500		other	0
001	54	Picture	3-113-2-3	8123731	130318	7	5166	7	130000	5000	hit	469
001	54	Response	61	8134773	141361	2
001	55	Sound	P2/beat	8169228	25000	1			25000		other	0
001	55	Sound	test23	8215729	71500	1			71500		other	0
001	55	Picture	3-213-1-3	8274547	130319	7	5166	7	130000	5000	hit	473
001	55	Response	61	8285733	141505	1
001	56	Sound	P2/beat	8320044	25000	1			25000		other	0
001	56	Sound	test25	8366544	71500	1			71500		other	0
001	56	Picture	2-223-1-2	8425363	130318	7	5166	7	130000	5000	hit	477
001	56	Response	62	8436053	141009	2
001	57	Sound	P0/none1	8470861	25000	1			25000		other	0
001	57	Sound	n01	8517361	71500	1			71500		other	0
001	57	Picture	2-211-1-2	8576179	130318	7	5166	7	130000	5000	incorrect	481
001	57	Response	52	8587893	142033	1
001	58	Sound	P0/none	8621676	25000	1			25000		other	0
001	58	Sound	n12	8668176	71500	1			71500		other	0
001	58	Picture	2-121-2-2	8726995	130318	7	5166	7	130000	5000	hit	485
001	58	Response	62	8740453	143777	1
001	59	Sound	P0/none	8772493	25001	1			25000		other	0
001	59	Sound	f17	8818993	71500	1			71500		other	0
001	59	Picture	2-121-2-2	8877811	130318	7	5166	7	130000	5000	incorrect	489
001	59	Response	51	8890933	143440	1
001	60	Sound	P0/none	8923308	25000	1			25000		other	0
001	60	Sound	n14	8969808	71499	1			71500		other	0
001	60	Picture	2-111-2-2	9028627	130318	7	5166	7	130000	5000	hit	493
001	60	Response	61	9038613	140304	1


Event Type	Code	Type	Response	RT	RT Uncertainty	Time	Uncertainty	Duration	Uncertainty	ReqTime	ReqDur

Sound	P1/tapping1	other				25163	1			25000
Sound	n05	other				71661	1			71500
Picture	2-122-2-2	incorrect	1	11258	7	130479	7	5166	7	130000	5000
Sound	P1/tapping	other				175976	1			25000
Sound	f18	other				222476	1			71500
Picture	3-122-1-3	hit	2	12202	7	281295	7	5166	7	130000	5000
Sound	P1/tapping	other				326792	1			25000
Sound	f09	other				373293	1			71500
Picture	2-122-1-2	hit	2	11626	7	432111	7	5166	7	130000	5000
Sound	P1/tapping	other				477609	1			25000
Sound	f06	other				524109	1			71500
Picture	3-122-1-3	hit	2	12970	7	582927	7	5166	7	130000	5000
Sound	P2/both1	other				628425	1			25000
Sound	f01	other				674924	1			71500
Picture	3-114-1-3	incorrect	2	13833	7	733743	7	5166	7	130000	5000
Sound	P2/both	other				779241	1			25000
Sound	test24	other				825740	1			71500
Picture	3-214-1-3	incorrect	2	15897	8	884559	7	5166	7	130000	5000
Sound	P2/both	other				930056	1			25000
Sound	test22	other				976557	1			71500
Picture	3-224-1-3	hit	2	15961	7	1035375	7	5166	7	130000	5000
Sound	P2/both	other				1080873	1			25000
Sound	test07	other				1127374	1			71500
Picture	3-214-1-3	hit	1	11625	8	1186191	7	5166	7	130000	5000
Sound	P2/beat1	other				1231688	1			25000
Sound	f02	other				1278189	1			71500
Picture	2-113-1-2	hit	1	10009	7	1337007	7	5166	7	130000	5000
Sound	P2/beat	other				1382506	1			25000
Sound	f19	other				1429005	1			71500
Picture	2-113-2-2	hit	1	9993	7	1487823	7	5166	7	130000	5000
Sound	P2/beat	other				1533321	1			25000
Sound	n07	other				1579821	1			71500
Picture	3-223-1-3	hit	2	14457	8	1638639	7	5166	7	130000	5000
Sound	P2/beat	other				1684137	1			25000
Sound	f07	other				1730638	1			71500
Picture	3-123-1-3	hit	2	12120	7	1789456	7	5166	7	130000	5000
Sound	P2/both1	other				1834953	1			25000
Sound	f05	other				1881453	1			71500
Picture	2-124-1-2	hit	2	16585	8	1940272	7	5166	7	130000	5000
Sound	P2/both	other				1985769	1			25000
Sound	test09	other				2032270	1			71500
Picture	3-224-1-3	hit	2	13848	8	2091088	7	5166	7	130000	5000
Sound	P2/both	other				2136585	1			25000
Sound	test12	other				2183086	1			71500
Picture	3-214-1-3	hit	1	10552	8	2241904	7	5166	7	130000	5000
Sound	P2/both	other				2287401	1			25000
Sound	test19	other				2333901	1			71500
Picture	2-224-1-2	hit	2	14456	7	2392720	7	5166	7	130000	5000
Sound	P1/tapping1	other				2438217	1			25000
Sound	f15	other				2484717	1			71500
Picture	2-122-2-2	hit	2	13240	7	2543536	7	5166	7	130000	5000
Sound	P1/tapping	other				2589033	1			25000
Sound	test21	other				2635534	1			71500
Picture	3-212-1-3	hit	1	16744	8	2694352	7	5166	7	130000	5000
Sound	P1/tapping	other				2739850	1			25000
Sound	f10	other				2786349	1			71500
Picture	3-112-1-3	hit	1	17208	7	2845168	7	5166	7	130000	5000
Sound	P1/tapping	other				2890666	1			25000
Sound	f13	other				2937165	1			71500
Picture	3-112-1-3	incorrect	2	15912	7	2995984	7	5166	7	130000	5000
Sound	P2/both1	other				3041482	1			25000
Sound	n03	other				3087980	1			71500
Picture	2-124-1-2	hit	2	11655	8	3146800	7	5166	7	130000	5000
Sound	P2/both	other				3192298	1			25000
Sound	n13	other				3238798	1			71500
Picture	3-214-1-3	hit	1	11240	8	3297616	7	5166	7	130000	5000
Sound	P2/both	other				3343113	1			25000
Sound	f11	other				3389614	1			71500
Picture	2-124-1-2	hit	2	12504	9	3448432	7	5166	7	130000	5000
Sound	P2/both	other				3493929	1			25000
Sound	f16	other				3540430	1			71500
Picture	2-114-1-2	incorrect	2	15367	7	3599248	7	5166	7	130000	5000
Sound	P0/none1	other				3644746	1			25000
Sound	f21	other				3691247	1			71500
Picture	2-121-2-2	hit	2	13192	8	3750064	7	5166	7	130000	5000
Sound	P0/none	other				3795562	1			25000
Sound	test14	other				3842062	1			71500
Picture	2-221-1-2	hit	2	18775	7	3900880	7	5166	7	130000	5000
Sound	P0/none	other				3946379	1			25000
Sound	f14	other				3992877	1			71500
Picture	3-111-1-3	hit	1	11399	8	4051696	7	5166	7	130000	5000
Sound	P0/none	other				4097193	1			25000
Sound	test08	other				4143695	1			71500
Picture	3-221-1-3	hit	2	11223	9	4202512	7	5166	7	130000	5000
Sound	P1/tapping1	other				4248010	1			25000
Sound	n09	other				4294510	1			71500
Picture	2-222-2-2	hit	2	13446	8	4353328	7	5166	7	130000	5000
Sound	P1/tapping	other				4398826	1			25000
Sound	test13	other				4445325	1			71500
Picture	2-212-1-2	hit	1	10551	7	4504145	7	5166	7	130000	5000
Sound	P1/tapping	other				4549643	1			25000
Sound	f03	other				4596142	1			71500
Picture	3-112-1-3	hit	1	11655	8	4654961	7	5166	7	130000	5000
Sound	P1/tapping	other				4700458	1			25000
Sound	f12	other				4746958	1			71500
Picture	2-122-1-2	hit	2	11958	8	4805777	7	5166	7	130000	5000
Sound	P2/beat1	other				4851274	1			25000
Sound	n06	other				4897774	1			71500
Picture	2-223-2-2	hit	2	16182	8	4956593	7	5166	7	130000	5000
Sound	P2/beat	other				5002091	1			25000
Sound	test06	other				5048590	1			71500
Picture	3-213-1-3	hit	1	12806	8	5107409	7	5166	7	130000	5000
Sound	P2/beat	other				5152907	1			25000
Sound	n04	other				5199407	1			71500
Picture	3-223-1-3	hit	2	15030	7	5258225	7	5166	7	130000	5000
Sound	P2/beat	other				5303722	1			25000
Sound	n11	other				5350223	1			71500
Picture	3-113-2-3	hit	1	10054	8	5409041	7	5166	7	130000	5000
Sound	P1/tapping1	other				5454539	1			25000
Sound	f23	other				5501040	1			71500
Picture	3-112-1-3	incorrect	2	17077	7	5559857	7	5166	7	130000	5000
Sound	P1/tapping	other				5605354	1			25000
Sound	n10	other				5651854	1			71500
Picture	2-112-1-2	incorrect	2	10981	7	5710673	7	5166	7	130000	5000
Sound	P1/tapping	other				5756171	1			25000
Sound	test10	other				5802671	1			71500
Picture	3-212-1-3	hit	1	10485	7	5861489	7	5166	7	130000	5000
Sound	P1/tapping	other				5906987	1			25000
Sound	test16	other				5953487	1			71500
Picture	2-212-1-2	hit	1	11429	7	6012305	7	5166	7	130000	5000
Sound	P0/none1	other				6057803	1			25000
Sound	test03	other				6104303	1			71500
Picture	2-221-1-2	hit	2	11252	8	6163121	7	5166	7	130000	5000
Sound	P0/none	other				6208618	1			25000
Sound	f22	other				6255118	1			71500
Picture	2-121-2-2	hit	2	13557	8	6313938	7	5166	7	130000	5000
Sound	P0/none	other				6359435	1			25000
Sound	test04	other				6405935	1			71500
Picture	3-221-1-3	hit	2	9860	7	6464754	7	5166	7	130000	5000
Sound	P0/none	other				6510251	1			25000
Sound	test11	other				6556752	1			71500
Picture	2-221-1-2	hit	2	14484	7	6615570	7	5166	7	130000	5000
Sound	P2/beat1	other				6661067	1			25000
Sound	f04	other				6707567	1			71500
Picture	2-113-1-2	hit	1	11348	8	6766386	7	5166	7	130000	5000
Sound	P2/beat	other				6811884	1			25000
Sound	test05	other				6858383	1			71500
Picture	3-213-1-3	hit	1	14132	7	6917202	7	5166	7	130000	5000
Sound	P2/beat	other				6962699	1			25000
Sound	f20	other				7009199	1			71500
Picture	2-123-2-2	hit	2	11716	7	7068018	7	5166	7	130000	5000
Sound	P2/beat	other				7113515	1			25000
Sound	f24	other				7160016	1			71500
Picture	2-113-1-2	hit	1	14419	7	7218834	7	5166	7	130000	5000
Sound	P2/both1	other				7264332	1			25000
Sound	test18	other				7310831	1			71500
Picture	2-224-1-2	hit	2	14244	7	7369650	7	5166	7	130000	5000
Sound	P2/both	other				7415148	1			25000
Sound	test01	other				7461648	1			71500
Picture	3-214-1-3	incorrect	2	17108	7	7520466	7	5166	7	130000	5000
Sound	P2/both	other				7565964	1			25000
Sound	test17	other				7612464	1			71500
Picture	3-214-1-3	hit	1	11811	8	7671282	7	5166	7	130000	5000
Sound	P2/both	other				7716780	1			25000
Sound	test15	other				7763281	1			71500
Picture	3-214-1-3	hit	1	13715	7	7822098	7	5166	7	130000	5000
Sound	P2/beat1	other				7867597	1			25000
Sound	test02	other				7914097	1			71500
Picture	3-223-1-3	hit	2	14579	7	7972915	7	5166	7	130000	5000
Sound	P2/beat	other				8018412	1			25000
Sound	f08	other				8064911	1			71500
Picture	3-113-2-3	hit	1	11043	8	8123731	7	5166	7	130000	5000
Sound	P2/beat	other				8169228	1			25000
Sound	test23	other				8215729	1			71500
Picture	3-213-1-3	hit	1	11186	8	8274547	7	5166	7	130000	5000
Sound	P2/beat	other				8320044	1			25000
Sound	test25	other				8366544	1			71500
Picture	2-223-1-2	hit	2	10691	8	8425363	7	5166	7	130000	5000
Sound	P0/none1	other				8470861	1			25000
Sound	n01	other				8517361	1			71500
Picture	2-211-1-2	incorrect	2	11714	7	8576179	7	5166	7	130000	5000
Sound	P0/none	other				8621676	1			25000
Sound	n12	other				8668176	1			71500
Picture	2-121-2-2	hit	2	13458	7	8726995	7	5166	7	130000	5000
Sound	P0/none	other				8772493	1			25000
Sound	f17	other				8818993	1			71500
Picture	2-121-2-2	incorrect	1	13122	7	8877811	7	5166	7	130000	5000
Sound	P0/none	other				8923308	1			25000
Sound	n14	other				8969808	1			71500
Picture	2-111-2-2	hit	1	9986	7	9028627	7	5166	7	130000	5000


{
   "app": "Presentation Version 22.1 Build 01.21.21",
   "device": "Dell Inc. OptiPlex 7050",
   "experiment": "{C8E97CB4-6FCA-44FA-B866-4A2D94B6B85C}",
   "os": "Windows 10 64 bit",
   "package": "",
   "parameters": {
      "configuration": "Default configuration"
   },
   "scenario": "entrain_list1_sess3_EB.sce",
   "subject": "001",
   "timestamp": "2022/03/30 13:05:43 GMT"
}
