Scenario - test
Logfile written - 04/05/2022 11:10:10

Subject	Trial	Event Type	Code	Time	TTime	Uncertainty	Duration	Uncertainty	ReqTime	ReqDur	Stim Type	Pair Index

006	1	Sound	P2/both1	25160	24999	1			25000		other	0
006	1	Response	53	27755	27594	2
006	1	Response	53	32075	31914	2
006	1	Response	53	37035	36874	1
006	1	Response	53	42955	42794	2
006	1	Response	53	48395	48234	2
006	1	Response	53	54154	53993	1
006	1	Response	53	61034	60874	2
006	1	Response	53	66795	66634	3
006	1	Sound	test06	71660	71499	1			71500		other	0
006	1	Picture	3-224-1-3	130479	130318	7	5166	7	130000	5000	hit	12
006	1	Response	62	145675	145514	2
006	2	Sound	P2/both	175976	24999	1			25000		other	0
006	2	Response	53	177834	26858	1
006	2	Response	53	182394	31418	1
006	2	Response	53	187675	36698	1
006	2	Response	53	193274	42298	2
006	2	Response	53	198875	47898	2
006	2	Response	53	204155	53178	2
006	2	Response	53	210315	59338	1
006	2	Response	53	216475	65498	2
006	2	Sound	f17	222476	71500	1			71500		other	0
006	2	Response	53	222874	71898	1
006	2	Picture	2-114-2-2	281294	130318	7	5166	7	130000	5000	hit	25
006	2	Response	61	291355	140378	2
006	3	Response	53	326634	24842	1
006	3	Sound	P2/both	326791	24999	1			25000		other	0
006	3	Response	53	333515	31723	1
006	3	Response	53	338634	36842	1
006	3	Response	53	344234	42442	1
006	3	Response	53	349995	48203	2
006	3	Response	53	355675	53883	1
006	3	Response	53	361914	60122	1
006	3	Response	53	371114	69322	1
006	3	Sound	f02	373292	71500	1			71500		other	0
006	3	Picture	3-114-2-3	432110	130318	7	5166	7	130000	5000	hit	37
006	3	Response	61	439114	137322	2
006	4	Response	53	476635	24027	2
006	4	Sound	P2/both	477609	25001	1			25000		other	0
006	4	Response	53	482314	29706	2
006	4	Response	53	487995	35387	2
006	4	Response	53	494234	41627	1
006	4	Response	53	499995	47387	2
006	4	Response	53	506234	53627	1
006	4	Response	53	511355	58747	2
006	4	Response	53	517514	64907	1
006	4	Sound	n09	524108	71500	1			71500		other	0
006	4	Picture	2-214-2-2	582926	130318	7	5166	7	130000	5000	incorrect	49
006	4	Response	52	596474	143867	2
006	5	Sound	P0/none1	628423	25000	1			25000		other	0
006	5	Sound	test15	674923	71499	1			71500		other	0
006	5	Picture	2-211-1-2	733742	130318	7	5166	7	130000	5000	incorrect	53
006	5	Response	52	745834	142411	1
006	6	Sound	P0/none	779239	25000	1			25000		other	0
006	6	Sound	test07	825739	71500	1			71500		other	0
006	6	Picture	3-221-1-3	884557	130318	7	5166	7	130000	5000	hit	57
006	6	Response	62	894634	140395	1
006	7	Sound	P0/none	930055	25000	1			25000		other	0
006	7	Sound	f16	976555	71500	1			71500		other	0
006	7	Picture	2-121-1-2	1035373	130318	7	5166	7	130000	5000	hit	61
006	7	Response	62	1043754	138699	2
006	8	Sound	P0/none	1080871	25000	1			25000		other	0
006	8	Sound	f15	1127371	71500	1			71500		other	0
006	8	Picture	2-111-2-2	1186189	130318	7	5166	7	130000	5000	hit	65
006	8	Response	61	1199114	143244	2
006	9	Response	53	1227354	20668	1
006	9	Sound	P1/tapping1	1231687	25000	1			25000		other	0
006	9	Response	53	1232554	25867	1
006	9	Response	53	1237195	30508	2
006	9	Response	53	1242554	35868	2
006	9	Response	53	1247834	41148	1
006	9	Response	53	1253034	46348	2
006	9	Response	53	1258154	51467	1
006	9	Response	53	1263274	56587	1
006	9	Response	53	1268154	61467	2
006	9	Response	53	1273354	66667	2
006	9	Sound	test24	1278186	71499	1			71500		other	0
006	9	Response	53	1278314	71627	2
006	9	Picture	2-212-2-2	1337005	130318	7	5166	7	130000	5000	hit	80
006	9	Response	61	1345994	139308	2
006	10	Sound	P1/tapping	1382502	25000	1			25000		other	0
006	10	Response	53	1384634	27132	1
006	10	Response	53	1389354	31852	2
006	10	Response	53	1394394	36892	2
006	10	Response	53	1399914	42412	3
006	10	Response	53	1405594	48092	1
006	10	Response	53	1410474	52972	1
006	10	Response	53	1415594	58092	2
006	10	Response	53	1419914	62412	2
006	10	Response	53	1424874	67372	2
006	10	Sound	n01	1429003	71500	1			71500		other	0
006	10	Picture	2-222-1-2	1487820	130318	7	5166	7	130000	5000	hit	93
006	10	Response	62	1496314	138812	1
006	11	Sound	P1/tapping	1533318	25000	1			25000		other	0
006	11	Response	53	1534555	26237	2
006	11	Response	53	1539034	30716	2
006	11	Response	53	1544555	36237	2
006	11	Response	53	1549275	40957	2
006	11	Response	53	1554154	45836	1
006	11	Response	53	1559194	50876	3
006	11	Response	53	1563994	55676	2
006	11	Response	53	1569274	60956	2
006	11	Response	53	1574154	65836	1
006	11	Response	53	1579194	70876	1
006	11	Sound	test12	1579819	71501	1			71500		other	0
006	11	Picture	3-222-1-3	1638636	130318	7	5166	7	130000	5000	hit	107
006	11	Response	62	1649754	141436	1
006	12	Sound	P1/tapping	1684133	24999	1			25000		other	0
006	12	Response	53	1686394	27261	1
006	12	Response	53	1691034	31900	1
006	12	Response	53	1695993	36860	1
006	12	Response	53	1701514	42381	1
006	12	Response	53	1706633	47499	1
006	12	Response	53	1711754	52620	1
006	12	Response	53	1717194	58060	3
006	12	Response	53	1721515	62381	2
006	12	Response	53	1726394	67260	1
006	12	Sound	test03	1730634	71500	1			71500		other	0
006	12	Picture	3-222-1-3	1789452	130318	7	5166	7	130000	5000	hit	120
006	12	Response	62	1798874	139740	1
006	13	Sound	P2/beat1	1834949	24999	1			25000		other	0
006	13	Sound	test04	1881450	71500	1			71500		other	0
006	13	Picture	3-213-1-3	1940268	130318	7	5166	7	130000	5000	incorrect	124
006	13	Response	52	1948874	138924	1
006	14	Sound	P2/beat	1985764	24999	1			25000		other	0
006	14	Response	53	1990954	30189	2
006	14	Sound	f12	2032264	71499	1			71500		other	0
006	14	Picture	3-123-1-3	2091083	130318	7	5166	7	130000	5000	hit	129
006	14	Response	62	2099194	138429	2
006	15	Sound	P2/beat	2136581	25000	1			25000		other	0
006	15	Sound	test21	2183082	71501	1			71500		other	0
006	15	Picture	2-213-2-2	2241899	130318	7	5166	7	130000	5000	hit	133
006	15	Response	61	2253994	142413	2
006	16	Sound	P2/beat	2287396	24999	1			25000		other	0
006	16	Sound	test14	2333896	71500	1			71500		other	0
006	16	Picture	2-213-1-2	2392715	130318	7	5166	7	130000	5000	hit	137
006	16	Response	61	2409194	146797	2
006	17	Sound	P0/none1	2438212	25000	1			25000		other	0
006	17	Sound	f08	2484712	71500	1			71500		other	0
006	17	Picture	2-121-1-2	2543531	130318	7	5166	7	130000	5000	hit	141
006	17	Response	62	2553194	139981	2
006	18	Sound	P0/none	2589029	25000	1			25000		other	0
006	18	Sound	f05	2635528	71500	1			71500		other	0
006	18	Picture	3-121-1-3	2694346	130318	7	5166	7	130000	5000	hit	145
006	18	Response	62	2704074	140046	1
006	19	Sound	P0/none	2739843	24999	1			25000		other	0
006	19	Sound	n05	2786343	71499	1			71500		other	0
006	19	Picture	2-111-2-2	2845162	130318	7	5166	7	130000	5000	hit	149
006	19	Response	61	2853114	138270	2
006	20	Sound	P0/none	2890659	25000	1			25000		other	0
006	20	Sound	f13	2937160	71500	1			71500		other	0
006	20	Picture	2-111-1-2	2995978	130318	7	5166	7	130000	5000	hit	153
006	20	Response	61	3002634	136974	2
006	21	Sound	P2/beat1	3041475	25000	1			25000		other	0
006	21	Sound	f06	3087976	71500	1			71500		other	0
006	21	Picture	3-113-1-3	3146794	130318	7	5166	7	130000	5000	hit	157
006	21	Response	61	3154873	138397	1
006	22	Sound	P2/beat	3192291	25000	1			25000		other	0
006	22	Sound	n03	3238791	71500	1			71500		other	0
006	22	Picture	3-113-1-3	3297609	130318	7	5166	7	130000	5000	hit	161
006	22	Response	61	3305113	137822	1
006	23	Sound	P2/beat	3343106	24999	1			25000		other	0
006	23	Sound	f22	3389607	71500	1			71500		other	0
006	23	Picture	2-113-2-2	3448425	130318	7	5166	7	130000	5000	hit	165
006	23	Response	61	3461513	143406	2
006	24	Sound	P2/beat	3493923	25000	1			25000		other	0
006	24	Sound	test11	3540421	71498	1			71500		other	0
006	24	Picture	3-213-1-3	3599241	130318	7	5166	7	130000	5000	hit	169
006	24	Response	61	3606073	137150	2
006	25	Sound	P2/both1	3644738	25000	1			25000		other	0
006	25	Response	53	3647993	28255	2
006	25	Response	53	3652553	32815	1
006	25	Response	53	3657353	37615	1
006	25	Response	53	3662554	42815	1
006	25	Response	53	3668073	48335	2
006	25	Response	53	3674073	54335	2
006	25	Response	53	3679913	60175	1
006	25	Response	53	3685993	66254	1
006	25	Sound	test05	3691239	71500	1			71500		other	0
006	25	Picture	3-224-1-3	3750057	130318	7	5166	7	130000	5000	hit	181
006	25	Response	62	3760073	140335	2
006	26	Sound	P2/both	3795553	24999	1			25000		other	0
006	26	Response	53	3797193	26639	2
006	26	Response	53	3801513	30959	1
006	26	Response	53	3807033	36479	2
006	26	Response	53	3813113	42559	1
006	26	Response	53	3819113	48558	2
006	26	Response	53	3824633	54079	3
006	26	Response	53	3831353	60799	1
006	26	Response	53	3836554	65999	3
006	26	Sound	n12	3842055	71501	1			71500		other	0
006	26	Picture	2-114-2-2	3900872	130318	7	5166	7	130000	5000	incorrect	193
006	26	Response	52	3913673	143119	1
006	27	Sound	P2/both	3946371	25001	1			25000		other	0
006	27	Response	53	3947433	26062	1
006	27	Response	53	3951993	30623	1
006	27	Response	53	3957273	35903	2
006	27	Response	53	3962793	41423	1
006	27	Response	53	3968473	47102	1
006	27	Response	53	3974393	53023	1
006	27	Response	53	3980073	58703	2
006	27	Response	53	3985833	64462	1
006	27	Response	53	3991673	70303	1
006	27	Sound	n10	3992870	71500	1			71500		other	0
006	27	Picture	2-124-1-2	4051688	130318	7	5166	7	130000	5000	hit	206
006	27	Response	62	4059833	138463	2
006	28	Response	53	4094953	22767	1
006	28	Sound	P2/both	4097186	25000	1			25000		other	0
006	28	Response	53	4100873	28687	1
006	28	Response	53	4106473	34287	1
006	28	Response	53	4113033	40847	2
006	28	Response	53	4118473	46287	1
006	28	Response	53	4124233	52047	2
006	28	Response	53	4130153	57967	1
006	28	Response	53	4135833	63647	1
006	28	Response	53	4141993	69807	1
006	28	Sound	test25	4143685	71500	1			71500		other	0
006	28	Picture	2-214-1-2	4202504	130318	7	5166	7	130000	5000	hit	219
006	28	Response	61	4211913	139727	2
006	29	Sound	P0/none1	4248002	25000	1			25000		other	0
006	29	Sound	f18	4294502	71500	1			71500		other	0
006	29	Picture	2-121-2-2	4353320	130318	7	5166	7	130000	5000	hit	223
006	29	Response	62	4364873	141871	1
006	30	Sound	P0/none	4398817	24999	1			25000		other	0
006	30	Sound	test10	4445317	71500	1			71500		other	0
006	30	Picture	3-221-1-3	4504136	130318	7	5166	7	130000	5000	incorrect	227
006	30	Response	51	4518392	144575	1
006	31	Sound	P0/none	4549633	25000	1			25000		other	0
006	31	Sound	test19	4596132	71499	1			71500		other	0
006	31	Picture	3-221-1-3	4654951	130318	7	5166	7	130000	5000	hit	231
006	31	Response	62	4663993	139360	2
006	32	Sound	P0/none	4700448	24999	1			25000		other	0
006	32	Sound	test18	4746950	71501	1			71500		other	0
006	32	Picture	2-211-1-2	4805767	130318	7	5166	7	130000	5000	hit	235
006	32	Response	61	4817433	141984	1
006	33	Sound	P1/tapping1	4851265	25000	1			25000		other	0
006	33	Response	53	4853192	26928	2
006	33	Response	53	4857673	31409	2
006	33	Response	53	4862553	36288	1
006	33	Response	53	4867513	41248	1
006	33	Response	53	4872712	46448	2
006	33	Response	53	4877752	51488	1
006	33	Response	53	4882312	56047	1
006	33	Response	53	4887192	60928	1
006	33	Response	53	4892312	66047	1
006	33	Response	53	4897592	71328	1
006	33	Sound	f11	4897764	71500	1			71500		other	0
006	33	Picture	3-122-1-3	4956583	130318	7	5166	7	130000	5000	hit	249
006	33	Response	62	4965673	139408	2
006	34	Sound	P1/tapping	5002081	25001	1			25000		other	0
006	34	Response	53	5005032	27952	1
006	34	Response	53	5009912	32832	2
006	34	Response	53	5014793	37713	1
006	34	Response	53	5020312	43232	1
006	34	Response	53	5025112	48031	1
006	34	Response	53	5029992	52912	2
006	34	Response	53	5035433	58352	1
006	34	Response	53	5040392	63311	2
006	34	Response	53	5045112	68032	2
006	34	Sound	n07	5048581	71500	1			71500		other	0
006	34	Picture	3-212-1-3	5107399	130318	7	5166	7	130000	5000	hit	262
006	34	Response	61	5115032	137952	1
006	35	Sound	P1/tapping	5152895	24999	1			25000		other	0
006	35	Response	53	5154793	26896	2
006	35	Response	53	5158872	30976	2
006	35	Response	53	5163673	35776	2
006	35	Response	53	5168632	40736	1
006	35	Response	53	5173353	45457	2
006	35	Response	53	5177912	50016	1
006	35	Response	53	5183113	55217	1
006	35	Response	53	5188152	60256	2
006	35	Response	53	5192552	64656	1
006	35	Response	53	5197432	69536	2
006	35	Sound	test09	5199395	71499	1			71500		other	0
006	35	Picture	3-212-1-3	5258214	130318	7	5166	7	130000	5000	hit	276
006	35	Response	61	5266232	138336	2
006	36	Sound	P1/tapping	5303712	25000	1			25000		other	0
006	36	Response	53	5305273	26561	2
006	36	Response	53	5309592	30880	1
006	36	Response	53	5314312	35600	2
006	36	Response	53	5319193	40481	1
006	36	Response	53	5324393	45680	1
006	36	Response	53	5329272	50560	1
006	36	Response	53	5334312	55600	1
006	36	Response	53	5339112	60400	2
006	36	Response	53	5344472	65760	2
006	36	Response	53	5349112	70400	1
006	36	Sound	test22	5350211	71499	1			71500		other	0
006	36	Picture	2-222-2-2	5409030	130318	7	5166	7	130000	5000	hit	290
006	36	Response	62	5417112	138400	1
006	37	Sound	P2/beat1	5454528	25000	1			25000		other	0
006	37	Sound	f14	5501029	71501	1			71500		other	0
006	37	Picture	2-113-2-2	5559846	130318	7	5166	7	130000	5000	hit	294
006	37	Response	61	5566232	136705	1
006	38	Sound	P2/beat	5605344	25000	1			25000		other	0
006	38	Sound	test17	5651844	71500	1			71500		other	0
006	38	Picture	3-223-1-3	5710662	130318	7	5166	7	130000	5000	hit	298
006	38	Response	62	5721832	141488	1
006	39	Sound	P2/beat	5756159	25000	1			25000		other	0
006	39	Sound	n14	5802660	71500	1			71500		other	0
006	39	Picture	2-123-2-2	5861478	130318	7	5166	7	130000	5000	incorrect	302
006	39	Response	51	5876872	145713	2
006	40	Sound	P2/beat	5906975	25000	1			25000		other	0
006	40	Sound	f01	5953476	71501	1			71500		other	0
006	40	Picture	3-123-1-3	6012293	130318	7	5166	7	130000	5000	hit	306
006	40	Response	62	6026152	144177	1
006	41	Sound	P2/both1	6057791	25000	1			25000		other	0
006	41	Response	53	6059832	27041	1
006	41	Response	53	6064152	31361	1
006	41	Response	53	6069352	36561	1
006	41	Response	53	6074632	41841	1
006	41	Response	53	6080232	47441	1
006	41	Response	53	6086152	53361	1
006	41	Response	53	6091832	59041	1
006	41	Response	53	6097272	64481	1
006	41	Response	53	6103432	70641	1
006	41	Sound	n06	6104291	71500	1			71500		other	0
006	41	Picture	2-214-2-2	6163109	130318	7	5166	7	130000	5000	incorrect	319
006	41	Response	52	6174872	142081	1
006	42	Sound	P2/both	6208606	24999	1			25000		other	0
006	42	Response	53	6208633	25026	2
006	42	Response	53	6214152	30545	2
006	42	Response	53	6219352	35745	2
006	42	Response	53	6225832	42225	1
006	42	Response	53	6231512	47906	1
006	42	Response	53	6237672	54065	2
006	42	Response	53	6243271	59665	2
006	42	Response	53	6249272	65665	2
006	42	Sound	f23	6255106	71499	1			71500		other	0
006	42	Picture	3-124-1-3	6313925	130318	7	5166	7	130000	5000	hit	331
006	42	Response	62	6328392	144785	1
006	43	Sound	P2/both	6359423	25000	1			25000		other	0
006	43	Response	53	6359432	25009	1
006	43	Response	53	6364632	30209	2
006	43	Response	53	6370472	36049	1
006	43	Response	53	6375912	41489	1
006	43	Response	53	6382152	47729	2
006	43	Response	53	6387832	53409	1
006	43	Response	53	6394232	59809	1
006	43	Response	53	6400072	65649	1
006	43	Sound	test02	6405922	71500	1			71500		other	0
006	43	Response	53	6406152	71729	1
006	43	Picture	3-214-1-3	6464741	130318	7	5166	7	130000	5000	hit	344
006	43	Response	61	6471592	137169	2
006	44	Response	53	6508392	23153	1
006	44	Sound	P2/both	6510238	24999	1			25000		other	0
006	44	Response	53	6515112	29873	1
006	44	Response	53	6523912	38673	2
006	44	Response	53	6528473	43234	1
006	44	Response	53	6533832	48593	2
006	44	Response	53	6539192	53953	2
006	44	Response	53	6544792	59553	2
006	44	Response	53	6551032	65793	2
006	44	Sound	test08	6556738	71499	1			71500		other	0
006	44	Picture	3-214-1-3	6615557	130318	7	5166	7	130000	5000	hit	356
006	44	Response	61	6620632	135394	3
006	44	Response	51	6634632	149393	2
006	45	Sound	P0/none1	6661054	25000	1			25000		other	0
006	45	Sound	f10	6707554	71500	1			71500		other	0
006	45	Picture	3-121-1-3	6766372	130318	7	5166	7	130000	5000	hit	361
006	45	Response	62	6782472	146417	2
006	46	Sound	P0/none	6811869	24999	1			25000		other	0
006	46	Sound	f04	6858371	71501	1			71500		other	0
006	46	Picture	3-121-1-3	6917188	130318	7	5166	7	130000	5000	hit	365
006	46	Response	62	6926632	139762	2
006	47	Sound	P0/none	6962685	24999	1			25000		other	0
006	47	Sound	n11	7009186	71501	1			71500		other	0
006	47	Picture	3-121-2-3	7068004	130318	7	5166	7	130000	5000	hit	369
006	47	Response	62	7080472	142786	2
006	48	Sound	P0/none	7113501	24999	1			25000		other	0
006	48	Sound	test16	7160001	71500	1			71500		other	0
006	48	Picture	2-221-1-2	7218820	130318	7	5166	7	130000	5000	incorrect	373
006	48	Response	51	7230391	141890	2
006	49	Sound	P2/beat1	7264317	25000	1			25000		other	0
006	49	Sound	test13	7310818	71500	1			71500		other	0
006	49	Picture	2-223-1-2	7369636	130318	7	5166	7	130000	5000	hit	377
006	49	Response	62	7377991	138674	1
006	50	Sound	P2/beat	7415134	25000	1			25000		other	0
006	50	Sound	f21	7461634	71500	1			71500		other	0
006	50	Picture	2-113-2-2	7520451	130318	7	5166	7	130000	5000	incorrect	381
006	50	Response	52	7534712	144579	1
006	51	Sound	P2/beat	7565948	24999	1			25000		other	0
006	51	Sound	n13	7612450	71501	1			71500		other	0
006	51	Picture	2-213-1-2	7671267	130318	7	5166	7	130000	5000	hit	385
006	51	Response	61	7678391	137442	2
006	52	Sound	P2/beat	7716764	24999	1			25000		other	0
006	52	Sound	f09	7763265	71500	1			71500		other	0
006	52	Picture	3-123-1-3	7822083	130318	7	5166	7	130000	5000	hit	389
006	52	Response	62	7833431	141666	2
006	53	Sound	P2/both1	7867581	25000	1			25000		other	0
006	53	Response	53	7869832	27251	1
006	53	Response	53	7873911	31330	1
006	53	Response	53	7879111	36530	2
006	53	Response	53	7884872	42291	2
006	53	Response	53	7890631	48051	1
006	53	Response	53	7896231	53651	1
006	53	Response	53	7901751	59170	1
006	53	Response	53	7907591	65010	1
006	53	Response	53	7913911	71330	2
006	53	Sound	f07	7914081	71500	1			71500		other	0
006	53	Picture	3-114-1-3	7972899	130318	7	5166	7	130000	5000	hit	402
006	53	Response	61	7984631	142050	1
006	54	Sound	P2/both	8018396	25000	1			25000		other	0
006	54	Response	53	8019912	26515	2
006	54	Response	53	8024391	30994	1
006	54	Response	53	8029831	36434	2
006	54	Response	53	8035751	42355	1
006	54	Response	53	8041351	47955	2
006	54	Response	53	8046071	52675	1
006	54	Response	53	8052791	59395	1
006	54	Response	53	8058392	64995	1
006	54	Sound	test23	8064897	71500	1			71500		other	0
006	54	Picture	2-214-2-2	8123715	130318	7	5166	7	130000	5000	hit	414
006	54	Response	61	8133831	140435	2
006	55	Response	53	8165111	20899	2
006	55	Sound	P2/both	8169213	25001	1			25000		other	0
006	55	Response	53	8172471	28259	1
006	55	Response	53	8179272	35059	2
006	55	Response	53	8185431	41218	1
006	55	Response	53	8191832	47619	1
006	55	Response	53	8197351	53139	2
006	55	Response	53	8203991	59779	2
006	55	Response	53	8209671	65459	1
006	55	Sound	f03	8215713	71500	1			71500		other	0
006	55	Picture	3-124-1-3	8274531	130318	7	5166	7	130000	5000	hit	426
006	55	Response	62	8283031	138819	1
006	56	Response	53	8318071	23043	1
006	56	Sound	P2/both	8320027	24999	1			25000		other	0
006	56	Response	53	8324712	29684	2
006	56	Response	53	8330391	35363	1
006	56	Response	53	8336711	41683	2
006	56	Response	53	8342311	47283	2
006	56	Response	53	8347991	52963	1
006	56	Response	53	8353911	58883	1
006	56	Response	53	8359751	64723	1
006	56	Sound	f20	8366527	71499	1			71500		other	0
006	56	Picture	2-114-2-2	8425346	130318	7	5166	7	130000	5000	hit	438
006	56	Response	61	8433431	138403	2
006	57	Sound	P1/tapping1	8470844	25000	1			25000		other	0
006	57	Response	53	8472871	27027	1
006	57	Response	53	8477511	31667	1
006	57	Response	53	8482711	36867	1
006	57	Response	53	8488711	42867	1
006	57	Response	53	8494792	48948	2
006	57	Response	53	8500071	54227	3
006	57	Response	53	8505191	59347	2
006	57	Response	53	8510311	64467	1
006	57	Response	53	8516791	70947	1
006	57	Sound	test01	8517344	71500	1			71500		other	0
006	57	Picture	3-222-1-3	8576162	130318	7	5166	7	130000	5000	incorrect	451
006	57	Response	51	8590551	144707	2
006	58	Sound	P1/tapping	8621660	25000	1			25000		other	0
006	58	Response	53	8623751	27091	1
006	58	Response	53	8628231	31571	2
006	58	Response	53	8633351	36691	1
006	58	Response	53	8638631	41971	1
006	58	Response	53	8643751	47091	1
006	58	Response	53	8648791	52131	1
006	58	Response	53	8653270	56611	1
006	58	Response	53	8657591	60931	2
006	58	Response	53	8662231	65571	1
006	58	Sound	n04	8668159	71499	1			71500		other	0
006	58	Picture	3-212-1-3	8726978	130318	7	5166	7	130000	5000	incorrect	464
006	58	Response	52	8739911	143251	2
006	59	Sound	P1/tapping	8772475	25000	1			25000		other	0
006	59	Response	53	8774231	26755	2
006	59	Response	53	8779351	31875	2
006	59	Response	53	8784391	36915	1
006	59	Response	53	8789591	42115	1
006	59	Response	53	8794550	47075	1
006	59	Response	53	8799990	52515	1
006	59	Response	53	8804711	57235	1
006	59	Response	53	8809591	62115	2
006	59	Response	53	8816150	68675	1
006	59	Sound	f19	8818976	71500	1			71500		other	0
006	59	Picture	2-122-2-2	8877794	130318	7	5166	7	130000	5000	hit	477
006	59	Response	62	8885911	138435	2
006	60	Sound	P1/tapping	8923292	25000	1			25000		other	0
006	60	Response	53	8925111	26819	1
006	60	Response	53	8929911	31620	2
006	60	Response	53	8934471	36179	1
006	60	Response	53	8940231	41939	1
006	60	Response	53	8944871	46579	1
006	60	Response	53	8950311	52019	2
006	60	Response	53	8955511	57220	1
006	60	Response	53	8960711	62419	2
006	60	Response	53	8965991	67700	2
006	60	Sound	f24	8969791	71500	1			71500		other	0
006	60	Picture	2-122-1-2	9028610	130318	7	5166	7	130000	5000	hit	490
006	60	Response	62	9036551	138260	1


Event Type	Code	Type	Response	RT	RT Uncertainty	Time	Uncertainty	Duration	Uncertainty	ReqTime	ReqDur

Sound	P2/both1	other				25160	1			25000
Sound	test06	other				71660	1			71500
Picture	3-224-1-3	hit	2	15196	8	130479	7	5166	7	130000	5000
Sound	P2/both	other				175976	1			25000
Sound	f17	other				222476	1			71500
Picture	2-114-2-2	hit	1	10060	8	281294	7	5166	7	130000	5000
Sound	P2/both	other				326791	1			25000
Sound	f02	other				373292	1			71500
Picture	3-114-2-3	hit	1	7004	8	432110	7	5166	7	130000	5000
Sound	P2/both	other				477609	1			25000
Sound	n09	other				524108	1			71500
Picture	2-214-2-2	incorrect	2	13548	8	582926	7	5166	7	130000	5000
Sound	P0/none1	other				628423	1			25000
Sound	test15	other				674923	1			71500
Picture	2-211-1-2	incorrect	2	12092	7	733742	7	5166	7	130000	5000
Sound	P0/none	other				779239	1			25000
Sound	test07	other				825739	1			71500
Picture	3-221-1-3	hit	2	10077	7	884557	7	5166	7	130000	5000
Sound	P0/none	other				930055	1			25000
Sound	f16	other				976555	1			71500
Picture	2-121-1-2	hit	2	8381	8	1035373	7	5166	7	130000	5000
Sound	P0/none	other				1080871	1			25000
Sound	f15	other				1127371	1			71500
Picture	2-111-2-2	hit	1	12925	8	1186189	7	5166	7	130000	5000
Sound	P1/tapping1	other				1231687	1			25000
Sound	test24	other				1278186	1			71500
Picture	2-212-2-2	hit	1	8989	8	1337005	7	5166	7	130000	5000
Sound	P1/tapping	other				1382502	1			25000
Sound	n01	other				1429003	1			71500
Picture	2-222-1-2	hit	2	8494	7	1487820	7	5166	7	130000	5000
Sound	P1/tapping	other				1533318	1			25000
Sound	test12	other				1579819	1			71500
Picture	3-222-1-3	hit	2	11118	7	1638636	7	5166	7	130000	5000
Sound	P1/tapping	other				1684133	1			25000
Sound	test03	other				1730634	1			71500
Picture	3-222-1-3	hit	2	9422	7	1789452	7	5166	7	130000	5000
Sound	P2/beat1	other				1834949	1			25000
Sound	test04	other				1881450	1			71500
Picture	3-213-1-3	incorrect	2	8606	7	1940268	7	5166	7	130000	5000
Sound	P2/beat	other				1985764	1			25000
Sound	f12	other				2032264	1			71500
Picture	3-123-1-3	hit	2	8110	8	2091083	7	5166	7	130000	5000
Sound	P2/beat	other				2136581	1			25000
Sound	test21	other				2183082	1			71500
Picture	2-213-2-2	hit	1	12095	8	2241899	7	5166	7	130000	5000
Sound	P2/beat	other				2287396	1			25000
Sound	test14	other				2333896	1			71500
Picture	2-213-1-2	hit	1	16479	8	2392715	7	5166	7	130000	5000
Sound	P0/none1	other				2438212	1			25000
Sound	f08	other				2484712	1			71500
Picture	2-121-1-2	hit	2	9663	9	2543531	7	5166	7	130000	5000
Sound	P0/none	other				2589029	1			25000
Sound	f05	other				2635528	1			71500
Picture	3-121-1-3	hit	2	9727	7	2694346	7	5166	7	130000	5000
Sound	P0/none	other				2739843	1			25000
Sound	n05	other				2786343	1			71500
Picture	2-111-2-2	hit	1	7952	8	2845162	7	5166	7	130000	5000
Sound	P0/none	other				2890659	1			25000
Sound	f13	other				2937160	1			71500
Picture	2-111-1-2	hit	1	6656	9	2995978	7	5166	7	130000	5000
Sound	P2/beat1	other				3041475	1			25000
Sound	f06	other				3087976	1			71500
Picture	3-113-1-3	hit	1	8079	7	3146794	7	5166	7	130000	5000
Sound	P2/beat	other				3192291	1			25000
Sound	n03	other				3238791	1			71500
Picture	3-113-1-3	hit	1	7503	7	3297609	7	5166	7	130000	5000
Sound	P2/beat	other				3343106	1			25000
Sound	f22	other				3389607	1			71500
Picture	2-113-2-2	hit	1	13088	8	3448425	7	5166	7	130000	5000
Sound	P2/beat	other				3493923	1			25000
Sound	test11	other				3540421	1			71500
Picture	3-213-1-3	hit	1	6832	8	3599241	7	5166	7	130000	5000
Sound	P2/both1	other				3644738	1			25000
Sound	test05	other				3691239	1			71500
Picture	3-224-1-3	hit	2	10016	8	3750057	7	5166	7	130000	5000
Sound	P2/both	other				3795553	1			25000
Sound	n12	other				3842055	1			71500
Picture	2-114-2-2	incorrect	2	12801	7	3900872	7	5166	7	130000	5000
Sound	P2/both	other				3946371	1			25000
Sound	n10	other				3992870	1			71500
Picture	2-124-1-2	hit	2	8145	8	4051688	7	5166	7	130000	5000
Sound	P2/both	other				4097186	1			25000
Sound	test25	other				4143685	1			71500
Picture	2-214-1-2	hit	1	9409	8	4202504	7	5166	7	130000	5000
Sound	P0/none1	other				4248002	1			25000
Sound	f18	other				4294502	1			71500
Picture	2-121-2-2	hit	2	11553	7	4353320	7	5166	7	130000	5000
Sound	P0/none	other				4398817	1			25000
Sound	test10	other				4445317	1			71500
Picture	3-221-1-3	incorrect	1	14257	7	4504136	7	5166	7	130000	5000
Sound	P0/none	other				4549633	1			25000
Sound	test19	other				4596132	1			71500
Picture	3-221-1-3	hit	2	9042	9	4654951	7	5166	7	130000	5000
Sound	P0/none	other				4700448	1			25000
Sound	test18	other				4746950	1			71500
Picture	2-211-1-2	hit	1	11666	7	4805767	7	5166	7	130000	5000
Sound	P1/tapping1	other				4851265	1			25000
Sound	f11	other				4897764	1			71500
Picture	3-122-1-3	hit	2	9090	8	4956583	7	5166	7	130000	5000
Sound	P1/tapping	other				5002081	1			25000
Sound	n07	other				5048581	1			71500
Picture	3-212-1-3	hit	1	7634	7	5107399	7	5166	7	130000	5000
Sound	P1/tapping	other				5152895	1			25000
Sound	test09	other				5199395	1			71500
Picture	3-212-1-3	hit	1	8018	8	5258214	7	5166	7	130000	5000
Sound	P1/tapping	other				5303712	1			25000
Sound	test22	other				5350211	1			71500
Picture	2-222-2-2	hit	2	8082	7	5409030	7	5166	7	130000	5000
Sound	P2/beat1	other				5454528	1			25000
Sound	f14	other				5501029	1			71500
Picture	2-113-2-2	hit	1	6386	7	5559846	7	5166	7	130000	5000
Sound	P2/beat	other				5605344	1			25000
Sound	test17	other				5651844	1			71500
Picture	3-223-1-3	hit	2	11170	7	5710662	7	5166	7	130000	5000
Sound	P2/beat	other				5756159	1			25000
Sound	n14	other				5802660	1			71500
Picture	2-123-2-2	incorrect	1	15395	8	5861478	7	5166	7	130000	5000
Sound	P2/beat	other				5906975	1			25000
Sound	f01	other				5953476	1			71500
Picture	3-123-1-3	hit	2	13859	7	6012293	7	5166	7	130000	5000
Sound	P2/both1	other				6057791	1			25000
Sound	n06	other				6104291	1			71500
Picture	2-214-2-2	incorrect	2	11763	7	6163109	7	5166	7	130000	5000
Sound	P2/both	other				6208606	1			25000
Sound	f23	other				6255106	1			71500
Picture	3-124-1-3	hit	2	14467	7	6313925	7	5166	7	130000	5000
Sound	P2/both	other				6359423	1			25000
Sound	test02	other				6405922	1			71500
Picture	3-214-1-3	hit	1	6851	8	6464741	7	5166	7	130000	5000
Sound	P2/both	other				6510238	1			25000
Sound	test08	other				6556738	1			71500
Picture	3-214-1-3	hit	1	5076	9	6615557	7	5166	7	130000	5000
Sound	P0/none1	other				6661054	1			25000
Sound	f10	other				6707554	1			71500
Picture	3-121-1-3	hit	2	16099	8	6766372	7	5166	7	130000	5000
Sound	P0/none	other				6811869	1			25000
Sound	f04	other				6858371	1			71500
Picture	3-121-1-3	hit	2	9443	8	6917188	7	5166	7	130000	5000
Sound	P0/none	other				6962685	1			25000
Sound	n11	other				7009186	1			71500
Picture	3-121-2-3	hit	2	12468	8	7068004	7	5166	7	130000	5000
Sound	P0/none	other				7113501	1			25000
Sound	test16	other				7160001	1			71500
Picture	2-221-1-2	incorrect	1	11572	8	7218820	7	5166	7	130000	5000
Sound	P2/beat1	other				7264317	1			25000
Sound	test13	other				7310818	1			71500
Picture	2-223-1-2	hit	2	8356	7	7369636	7	5166	7	130000	5000
Sound	P2/beat	other				7415134	1			25000
Sound	f21	other				7461634	1			71500
Picture	2-113-2-2	incorrect	2	14261	7	7520451	7	5166	7	130000	5000
Sound	P2/beat	other				7565948	1			25000
Sound	n13	other				7612450	1			71500
Picture	2-213-1-2	hit	1	7124	8	7671267	7	5166	7	130000	5000
Sound	P2/beat	other				7716764	1			25000
Sound	f09	other				7763265	1			71500
Picture	3-123-1-3	hit	2	11348	8	7822083	7	5166	7	130000	5000
Sound	P2/both1	other				7867581	1			25000
Sound	f07	other				7914081	1			71500
Picture	3-114-1-3	hit	1	11732	7	7972899	7	5166	7	130000	5000
Sound	P2/both	other				8018396	1			25000
Sound	test23	other				8064897	1			71500
Picture	2-214-2-2	hit	1	10116	8	8123715	7	5166	7	130000	5000
Sound	P2/both	other				8169213	1			25000
Sound	f03	other				8215713	1			71500
Picture	3-124-1-3	hit	2	8500	8	8274531	7	5166	7	130000	5000
Sound	P2/both	other				8320027	1			25000
Sound	f20	other				8366527	1			71500
Picture	2-114-2-2	hit	1	8085	8	8425346	7	5166	7	130000	5000
Sound	P1/tapping1	other				8470844	1			25000
Sound	test01	other				8517344	1			71500
Picture	3-222-1-3	incorrect	1	14389	8	8576162	7	5166	7	130000	5000
Sound	P1/tapping	other				8621660	1			25000
Sound	n04	other				8668159	1			71500
Picture	3-212-1-3	incorrect	2	12933	8	8726978	7	5166	7	130000	5000
Sound	P1/tapping	other				8772475	1			25000
Sound	f19	other				8818976	1			71500
Picture	2-122-2-2	hit	2	8117	8	8877794	7	5166	7	130000	5000
Sound	P1/tapping	other				8923292	1			25000
Sound	f24	other				8969791	1			71500
Picture	2-122-1-2	hit	2	7942	7	9028610	7	5166	7	130000	5000

The following output port codes were not sent because of a conflict on the port.
Port	Code	Time(ms)
1	53	620863
1	53	635943


{
   "app": "Presentation Version 22.1 Build 01.21.21",
   "device": "Dell Inc. OptiPlex 7050",
   "experiment": "{C8E97CB4-6FCA-44FA-B866-4A2D94B6B85C}",
   "os": "Windows 10 64 bit",
   "package": "",
   "parameters": {
      "configuration": "Default configuration"
   },
   "scenario": "entrain_list1_sess4_EB.sce",
   "subject": "006",
   "timestamp": "2022/04/05 08:54:54 GMT"
}
