Scenario - test
Logfile written - 04/05/2022 10:33:40

Subject	Trial	Event Type	Code	Time	TTime	Uncertainty	Duration	Uncertainty	ReqTime	ReqDur	Stim Type	Pair Index

006	1	Response	53	22121	21961	1
006	1	Sound	P1/tapping1	25160	24999	1			25000		other	0
006	1	Response	53	27721	27560	1
006	1	Response	53	33241	33081	1
006	1	Response	53	38441	38281	1
006	1	Response	53	43001	42841	1
006	1	Response	51	49241	49081	2
006	1	Response	53	55321	55160	1
006	1	Response	53	60441	60281	2
006	1	Response	53	65801	65641	1
006	1	Response	53	70281	70121	1
006	1	Sound	n05	71659	71499	1			71500		other	0
006	1	Picture	2-122-2-2	130479	130318	7	5166	7	130000	5000	hit	14
006	1	Response	62	142201	142041	2
006	2	Sound	P1/tapping	175975	24999	1			25000		other	0
006	2	Response	53	177881	26905	1
006	2	Response	53	182281	31305	1
006	2	Response	53	186681	35705	1
006	2	Response	53	191641	40665	1
006	2	Response	53	196362	45386	2
006	2	Response	53	201561	50585	1
006	2	Response	53	206041	55065	2
006	2	Response	53	211001	60025	1
006	2	Response	53	214441	63465	2
006	2	Response	53	219721	68745	1
006	2	Sound	f18	222475	71499	1			71500		other	0
006	2	Picture	3-122-1-3	281294	130318	7	5166	7	130000	5000	hit	28
006	2	Response	62	292841	141865	1
006	3	Sound	P1/tapping	326791	25000	1			25000		other	0
006	3	Response	53	328521	26729	2
006	3	Response	53	333002	31210	2
006	3	Response	53	337642	35850	2
006	3	Response	53	342281	40489	1
006	3	Response	53	346841	45050	2
006	3	Response	53	352521	50729	1
006	3	Response	53	357321	55529	1
006	3	Response	53	363241	61449	2
006	3	Response	53	367961	66169	2
006	3	Response	53	372921	71129	1
006	3	Sound	f09	373292	71500	1			71500		other	0
006	3	Picture	2-122-1-2	432110	130318	7	5166	7	130000	5000	hit	42
006	3	Response	62	447321	145529	1
006	4	Sound	P1/tapping	477608	25001	1			25000		other	0
006	4	Response	53	479561	26954	2
006	4	Response	53	484281	31674	1
006	4	Response	53	489321	36713	1
006	4	Response	53	494601	41993	1
006	4	Response	53	499241	46633	1
006	4	Response	53	503961	51353	1
006	4	Response	53	508921	56313	2
006	4	Response	53	513881	61273	2
006	4	Response	53	518841	66233	1
006	4	Sound	f06	524108	71500	1			71500		other	0
006	4	Picture	3-122-1-3	582926	130318	7	5166	7	130000	5000	hit	55
006	4	Response	62	599241	146633	1
006	5	Sound	P2/both1	628423	25000	1			25000		other	0
006	5	Response	53	630281	26858	2
006	5	Response	53	634921	31498	1
006	5	Response	53	639961	36538	2
006	5	Response	53	645721	42298	1
006	5	Response	53	651641	48218	2
006	5	Response	53	658441	55018	2
006	5	Response	53	664522	61098	2
006	5	Response	53	670281	66858	1
006	5	Sound	f01	674923	71499	1			71500		other	0
006	5	Picture	3-114-1-3	733741	130318	7	5166	7	130000	5000	hit	67
006	5	Response	61	749161	145738	2
006	6	Sound	P2/both	779238	24999	1			25000		other	0
006	6	Response	53	781401	27162	2
006	6	Response	53	787082	32843	2
006	6	Response	53	791641	37402	1
006	6	Response	53	796601	42362	1
006	6	Response	53	802361	48122	1
006	6	Response	53	808361	54122	1
006	6	Response	53	813721	59482	2
006	6	Response	53	819801	65562	2
006	6	Sound	test24	825738	71499	1			71500		other	0
006	6	Picture	3-214-1-3	884557	130318	7	5166	7	130000	5000	incorrect	79
006	6	Response	52	902761	148522	1
006	7	Response	53	928121	23067	2
006	7	Sound	P2/both	930055	25000	1			25000		other	0
006	7	Response	53	935961	30906	1
006	7	Response	53	941081	36027	2
006	7	Response	53	947241	42186	2
006	7	Response	53	953961	48907	1
006	7	Response	53	959321	54266	2
006	7	Response	53	965001	59946	2
006	7	Response	53	971641	66586	1
006	7	Sound	test22	976555	71500	1			71500		other	0
006	7	Picture	3-224-1-3	1035373	130318	7	5166	7	130000	5000	hit	91
006	7	Response	62	1047960	142906	1
006	8	Sound	P2/both	1080871	25000	2			25000		other	0
006	8	Response	53	1082361	26491	1
006	8	Response	53	1087160	31290	1
006	8	Response	53	1092441	36570	2
006	8	Response	53	1097960	42090	1
006	8	Response	53	1103961	48091	1
006	8	Response	53	1109641	53770	1
006	8	Response	53	1115081	59210	1
006	8	Response	53	1121641	65770	1
006	8	Sound	test07	1127370	71500	1			71500		other	0
006	8	Picture	3-214-1-3	1186188	130318	7	5166	7	130000	5000	incorrect	103
006	8	Response	52	1201001	145130	1
006	9	Sound	P2/beat1	1231686	25001	1			25000		other	0
006	9	Sound	f02	1278186	71500	1			71500		other	0
006	9	Picture	2-113-1-2	1337004	130318	7	5166	7	130000	5000	hit	107
006	9	Response	61	1345001	138315	1
006	10	Sound	P2/beat	1382501	25000	1			25000		other	0
006	10	Sound	f19	1429001	71500	1			71500		other	0
006	10	Picture	2-113-2-2	1487820	130318	7	5166	7	130000	5000	hit	111
006	10	Response	61	1494841	137339	1
006	11	Sound	P2/beat	1533317	25000	1			25000		other	0
006	11	Sound	n07	1579818	71500	1			71500		other	0
006	11	Picture	3-223-1-3	1638635	130318	7	5166	7	130000	5000	hit	115
006	11	Response	62	1647001	138683	2
006	12	Sound	P2/beat	1684133	25001	1			25000		other	0
006	12	Sound	f07	1730633	71500	1			71500		other	0
006	12	Picture	3-123-1-3	1789451	130318	7	5166	7	130000	5000	hit	119
006	12	Response	62	1803241	144108	1
006	13	Sound	P2/both1	1834949	25000	1			25000		other	0
006	13	Response	53	1836680	26731	2
006	13	Response	53	1841240	31292	1
006	13	Response	53	1848040	38091	1
006	13	Response	53	1852840	42891	2
006	13	Response	53	1859080	49132	2
006	13	Response	53	1864360	54412	2
006	13	Response	53	1870201	60252	2
006	13	Response	53	1876600	66652	1
006	13	Sound	f05	1881449	71501	1			71500		other	0
006	13	Picture	2-124-1-2	1940267	130318	7	5166	7	130000	5000	hit	131
006	13	Response	62	1952601	142652	1
006	14	Sound	P2/both	1985764	25000	1			25000		other	0
006	14	Response	53	1988600	27836	2
006	14	Response	53	1993320	32556	1
006	14	Response	53	1998041	37276	2
006	14	Response	53	2003640	42875	2
006	14	Response	53	2009480	48716	2
006	14	Response	53	2015960	55196	2
006	14	Response	53	2021640	60876	2
006	14	Response	53	2027560	66796	1
006	14	Sound	test09	2032264	71500	1			71500		other	0
006	14	Picture	3-224-1-3	2091082	130318	7	5166	7	130000	5000	hit	143
006	14	Response	62	2103401	142636	2
006	15	Sound	P2/both	2136580	25000	1			25000		other	0
006	15	Response	53	2138361	26781	1
006	15	Response	53	2142760	31180	1
006	15	Response	53	2147960	36380	3
006	15	Response	53	2153640	42060	1
006	15	Response	53	2159641	48061	2
006	15	Response	53	2165640	54060	1
006	15	Response	53	2171480	59900	1
006	15	Response	53	2177160	65580	2
006	15	Sound	test12	2183080	71500	1			71500		other	0
006	15	Picture	3-214-1-3	2241898	130318	7	5166	7	130000	5000	hit	155
006	15	Response	61	2250360	138780	2
006	16	Sound	P2/both	2287395	25000	1			25000		other	0
006	16	Response	53	2289080	26684	2
006	16	Response	53	2293481	31085	2
006	16	Response	53	2299080	36684	2
006	16	Response	53	2305080	42685	1
006	16	Response	53	2311160	48765	1
006	16	Response	53	2317241	54845	1
006	16	Response	53	2323000	60604	1
006	16	Response	53	2328840	66445	1
006	16	Sound	test19	2333894	71499	1			71500		other	0
006	16	Picture	2-224-1-2	2392714	130318	7	5166	7	130000	5000	incorrect	167
006	16	Response	51	2410040	147644	1
006	17	Sound	P1/tapping1	2438210	24999	1			25000		other	0
006	17	Response	53	2441240	28029	1
006	17	Response	53	2445801	32589	2
006	17	Response	53	2450920	37708	1
006	17	Response	53	2456440	43229	1
006	17	Response	53	2461720	48508	1
006	17	Response	53	2467240	54029	1
006	17	Response	53	2472600	59389	2
006	17	Response	53	2478280	65069	1
006	17	Response	53	2483800	70589	1
006	17	Sound	f15	2484710	71499	1			71500		other	0
006	17	Picture	2-122-2-2	2543529	130318	7	5166	7	130000	5000	hit	180
006	17	Response	62	2553560	140349	1
006	18	Sound	P1/tapping	2589027	24999	1			25000		other	0
006	18	Response	53	2590760	26733	2
006	18	Response	53	2596360	32333	2
006	18	Response	53	2601560	37533	2
006	18	Response	53	2607240	43213	1
006	18	Response	53	2612280	48253	1
006	18	Response	53	2617720	53693	1
006	18	Response	53	2623240	59213	1
006	18	Response	53	2629080	65053	3
006	18	Response	53	2634361	70334	2
006	18	Sound	test21	2635526	71499	1			71500		other	0
006	18	Picture	3-212-1-3	2694345	130318	7	5166	7	130000	5000	hit	193
006	18	Response	61	2701561	137534	1
006	19	Response	53	2739640	24797	2
006	19	Sound	P1/tapping	2739843	25000	1			25000		other	0
006	19	Response	53	2744680	29837	2
006	19	Response	53	2750120	35277	2
006	19	Response	53	2755480	40637	1
006	19	Response	53	2760361	45519	1
006	19	Response	53	2765720	50877	1
006	19	Response	53	2771640	56797	1
006	19	Response	53	2776520	61677	1
006	19	Response	53	2781400	66557	1
006	19	Sound	f10	2786343	71501	1			71500		other	0
006	19	Response	53	2786359	71517	2
006	19	Picture	3-112-1-3	2845161	130318	7	5166	7	130000	5000	hit	207
006	19	Response	61	2854760	139917	2
006	20	Sound	P1/tapping	2890659	25000	1			25000		other	0
006	20	Response	53	2892680	27021	1
006	20	Response	53	2897720	32062	2
006	20	Response	53	2903320	37662	2
006	20	Response	53	2909160	43502	1
006	20	Response	53	2913880	48222	2
006	20	Response	53	2919000	53342	1
006	20	Response	53	2924601	58942	1
006	20	Response	53	2929721	64062	2
006	20	Response	53	2935160	69502	1
006	20	Sound	f13	2937157	71499	1			71500		other	0
006	20	Picture	3-112-1-3	2995976	130318	7	5166	7	130000	5000	hit	220
006	20	Response	61	3005560	139902	2
006	21	Sound	P2/both1	3041474	25000	1			25000		other	0
006	21	Response	53	3043400	26926	1
006	21	Response	53	3048120	31646	1
006	21	Response	53	3053800	37326	1
006	21	Response	53	3059560	43086	1
006	21	Response	53	3065320	48846	1
006	21	Response	53	3070680	54206	2
006	21	Response	53	3077001	60526	2
006	21	Response	53	3082760	66286	1
006	21	Sound	n03	3087973	71499	1			71500		other	0
006	21	Picture	2-124-1-2	3146792	130318	7	5166	7	130000	5000	hit	232
006	21	Response	62	3158840	142366	2
006	22	Sound	P2/both	3192290	25000	1			25000		other	0
006	22	Response	53	3196120	28830	3
006	22	Response	53	3201240	33950	2
006	22	Response	53	3207480	40190	3
006	22	Response	53	3213720	46430	2
006	22	Response	53	3220200	52910	2
006	22	Response	53	3226201	58911	2
006	22	Response	53	3232280	64990	2
006	22	Response	53	3238440	71150	1
006	22	Sound	n13	3238790	71500	1			71500		other	0
006	22	Picture	3-214-1-3	3297608	130318	7	5166	7	130000	5000	incorrect	244
006	22	Response	52	3311000	143710	2
006	23	Sound	P2/both	3343105	24999	1			25000		other	0
006	23	Response	53	3345880	27774	1
006	23	Response	53	3350520	32414	1
006	23	Response	53	3355320	37215	1
006	23	Response	53	3361240	43134	1
006	23	Response	53	3367159	49054	2
006	23	Response	53	3372599	54494	2
006	23	Response	53	3378840	60734	1
006	23	Response	53	3384840	66734	2
006	23	Sound	f11	3389606	71500	1			71500		other	0
006	23	Picture	2-124-1-2	3448423	130318	7	5166	7	130000	5000	hit	256
006	23	Response	62	3459400	141294	1
006	24	Sound	P2/both	3493921	25000	1			25000		other	0
006	24	Response	53	3495560	26639	1
006	24	Response	53	3500840	31918	1
006	24	Response	53	3505640	36718	2
006	24	Response	53	3511640	42718	2
006	24	Response	53	3518520	49599	1
006	24	Response	53	3523800	54879	2
006	24	Response	53	3530520	61599	2
006	24	Response	53	3535799	66878	1
006	24	Sound	f16	3540422	71501	1			71500		other	0
006	24	Picture	2-114-1-2	3599239	130318	7	5166	7	130000	5000	incorrect	268
006	24	Response	52	3614280	145358	2
006	25	Sound	P0/none1	3644737	25000	1			25000		other	0
006	25	Sound	f21	3691237	71500	1			71500		other	0
006	25	Picture	2-121-2-2	3750055	130318	7	5166	7	130000	5000	hit	272
006	25	Response	62	3761720	141983	2
006	26	Sound	P0/none	3795552	24999	1			25000		other	0
006	26	Sound	test14	3842052	71500	1			71500		other	0
006	26	Picture	2-221-1-2	3900870	130318	7	5166	7	130000	5000	hit	276
006	26	Response	62	3912280	141727	1
006	27	Sound	P0/none	3946368	24999	1			25000		other	0
006	27	Sound	f14	3992868	71499	1			71500		other	0
006	27	Picture	3-111-1-3	4051686	130318	7	5166	7	130000	5000	hit	280
006	27	Response	61	4057720	136351	1
006	27	Response	51	4067559	146191	1
006	28	Sound	P0/none	4097183	24999	1			25000		other	0
006	28	Sound	test08	4143684	71500	1			71500		other	0
006	28	Picture	3-221-1-3	4202502	130318	7	5166	7	130000	5000	hit	285
006	28	Response	62	4213240	141056	1
006	29	Sound	P1/tapping1	4247999	25000	1			25000		other	0
006	29	Response	53	4249719	26720	1
006	29	Response	53	4253880	30880	1
006	29	Response	53	4259000	36000	2
006	29	Response	53	4264839	41840	2
006	29	Response	53	4270199	47200	2
006	29	Response	53	4275799	52799	1
006	29	Response	53	4280919	57920	1
006	29	Response	53	4286439	63439	1
006	29	Response	53	4291559	68560	1
006	29	Sound	n09	4294499	71499	1			71500		other	0
006	29	Picture	2-222-2-2	4353318	130318	7	5166	7	130000	5000	hit	298
006	29	Response	62	4366680	143681	1
006	30	Sound	P1/tapping	4398816	25000	1			25000		other	0
006	30	Response	53	4400679	26864	1
006	30	Response	53	4405159	31344	2
006	30	Response	53	4410439	36624	1
006	30	Response	53	4415799	41984	1
006	30	Response	53	4420919	47104	2
006	30	Response	53	4426039	52224	3
006	30	Response	53	4431559	57744	1
006	30	Response	53	4436519	62704	1
006	30	Response	53	4441479	67664	3
006	30	Sound	test13	4445315	71500	1			71500		other	0
006	30	Picture	2-212-1-2	4504133	130318	7	5166	7	130000	5000	hit	311
006	30	Response	61	4520119	146304	2
006	31	Sound	P1/tapping	4549631	25000	1			25000		other	0
006	31	Response	53	4551719	27088	2
006	31	Response	53	4556439	31808	2
006	31	Response	53	4561079	36448	2
006	31	Response	53	4565719	41088	3
006	31	Response	53	4570919	46288	2
006	31	Response	53	4575399	50768	1
006	31	Response	53	4580999	56368	1
006	31	Response	53	4585879	61248	1
006	31	Response	53	4591639	67008	1
006	31	Sound	f03	4596131	71500	1			71500		other	0
006	31	Picture	3-112-1-3	4654949	130318	7	5166	7	130000	5000	hit	324
006	31	Response	61	4662120	137489	2
006	32	Sound	P1/tapping	4700447	25000	1			25000		other	0
006	32	Response	53	4702119	26672	1
006	32	Response	53	4706519	31072	2
006	32	Response	53	4710999	35552	2
006	32	Response	53	4716599	41152	2
006	32	Response	53	4721239	45792	1
006	32	Response	53	4726999	51552	1
006	32	Response	53	4732600	57153	3
006	32	Response	53	4739079	63633	1
006	32	Response	53	4743479	68032	1
006	32	Sound	f12	4746946	71499	1			71500		other	0
006	32	Picture	2-122-1-2	4805765	130318	7	5166	7	130000	5000	hit	337
006	32	Response	62	4817479	142032	1
006	33	Sound	P2/beat1	4851263	25000	1			25000		other	0
006	33	Sound	n06	4897762	71500	1			71500		other	0
006	33	Picture	2-223-2-2	4956580	130318	7	5166	7	130000	5000	hit	341
006	33	Response	62	4969399	143137	1
006	34	Sound	P2/beat	5002077	24999	1			25000		other	0
006	34	Sound	test06	5048577	71499	1			71500		other	0
006	34	Picture	3-213-1-3	5107396	130318	7	5166	7	130000	5000	hit	345
006	34	Response	61	5119959	142881	1
006	35	Sound	P2/beat	5152894	25000	1			25000		other	0
006	35	Sound	n04	5199392	71499	1			71500		other	0
006	35	Picture	3-223-1-3	5258212	130318	7	5166	7	130000	5000	hit	349
006	35	Response	62	5273799	145905	2
006	36	Sound	P2/beat	5303708	24999	1			25000		other	0
006	36	Sound	n11	5350209	71499	1			71500		other	0
006	36	Picture	3-113-2-3	5409028	130318	7	5166	7	130000	5000	hit	353
006	36	Response	61	5421159	142450	2
006	37	Response	53	5450360	20835	1
006	37	Sound	P1/tapping1	5454525	25000	1			25000		other	0
006	37	Response	53	5458199	28674	2
006	37	Response	53	5463319	33794	1
006	37	Response	53	5468039	38514	2
006	37	Response	53	5473159	43633	2
006	37	Response	53	5477959	48434	1
006	37	Response	53	5482359	52834	1
006	37	Response	53	5487559	58034	2
006	37	Response	53	5492599	63073	1
006	37	Response	53	5497880	68354	1
006	37	Sound	f23	5501025	71500	1			71500		other	0
006	37	Picture	3-112-1-3	5559843	130318	7	5166	7	130000	5000	hit	367
006	37	Response	61	5570359	140834	1
006	38	Sound	P1/tapping	5605340	24999	1			25000		other	0
006	38	Response	53	5607319	26978	2
006	38	Response	53	5611799	31458	1
006	38	Response	53	5616359	36018	1
006	38	Response	53	5621559	41218	1
006	38	Response	53	5626198	45857	1
006	38	Response	53	5631399	51058	1
006	38	Response	53	5636279	55938	2
006	38	Response	53	5641558	61217	1
006	38	Response	53	5646759	66418	2
006	38	Response	53	5650839	70498	1
006	38	Sound	n10	5651841	71500	1			71500		other	0
006	38	Picture	2-112-1-2	5710659	130318	7	5166	7	130000	5000	incorrect	381
006	38	Response	52	5722199	141858	2
006	39	Sound	P1/tapping	5756157	25000	1			25000		other	0
006	39	Response	53	5757879	26722	2
006	39	Response	53	5762679	31522	2
006	39	Response	53	5767639	36482	2
006	39	Response	53	5773159	42002	3
006	39	Response	53	5778519	47362	1
006	39	Response	53	5784599	53442	1
006	39	Response	53	5789559	58402	1
006	39	Response	53	5795239	64082	1
006	39	Response	53	5799798	68642	1
006	39	Sound	test10	5802657	71501	1			71500		other	0
006	39	Response	53	5805239	74082	2
006	39	Picture	3-212-1-3	5861475	130318	7	5166	7	130000	5000	hit	395
006	39	Response	61	5877719	146562	1
006	40	Sound	P1/tapping	5906972	25000	1			25000		other	0
006	40	Response	53	5908599	26626	1
006	40	Response	53	5912759	30787	2
006	40	Response	53	5917638	35666	1
006	40	Response	53	5922118	40146	2
006	40	Response	53	5926999	45026	2
006	40	Response	53	5931479	49506	1
006	40	Response	53	5936518	54546	1
006	40	Response	53	5941479	59506	1
006	40	Response	53	5945638	63666	1
006	40	Response	53	5950599	68626	1
006	40	Sound	test16	5953472	71499	1			71500		other	0
006	40	Picture	2-212-1-2	6012291	130318	7	5166	7	130000	5000	incorrect	409
006	40	Response	52	6023479	141506	2
006	41	Sound	P0/none1	6057787	24999	1			25000		other	0
006	41	Sound	test03	6104287	71499	1			71500		other	0
006	41	Picture	2-221-1-2	6163106	130318	7	5166	7	130000	5000	hit	413
006	41	Response	62	6175078	142290	1
006	42	Sound	P0/none	6208603	24999	1			25000		other	0
006	42	Sound	f22	6255105	71501	1			71500		other	0
006	42	Picture	2-121-2-2	6313922	130318	7	5166	7	130000	5000	hit	417
006	42	Response	62	6329158	145554	1
006	43	Sound	P0/none	6359419	24999	1			25000		other	0
006	43	Sound	test04	6405919	71499	1			71500		other	0
006	43	Picture	3-221-1-3	6464738	130318	7	5166	7	130000	5000	hit	421
006	43	Response	62	6478918	144499	1
006	44	Sound	P0/none	6510235	25000	1			25000		other	0
006	44	Sound	test11	6556735	71500	1			71500		other	0
006	44	Picture	2-221-1-2	6615553	130318	7	5166	7	130000	5000	hit	425
006	44	Response	62	6629158	143923	2
006	45	Sound	P2/beat1	6661052	25001	1			25000		other	0
006	45	Sound	f04	6707550	71500	1			71500		other	0
006	45	Picture	2-113-1-2	6766369	130318	7	5166	7	130000	5000	hit	429
006	45	Response	61	6772678	136627	1
006	45	Response	51	6784998	148947	3
006	46	Sound	P2/beat	6811866	24999	1			25000		other	0
006	46	Sound	test05	6858367	71500	1			71500		other	0
006	46	Picture	3-213-1-3	6917185	130318	7	5166	7	130000	5000	incorrect	434
006	46	Response	52	6928998	142131	2
006	47	Sound	P2/beat	6962682	25000	1			25000		other	0
006	47	Sound	f20	7009183	71500	1			71500		other	0
006	47	Picture	2-123-2-2	7068001	130318	7	5166	7	130000	5000	hit	438
006	47	Response	62	7080038	142356	2
006	48	Sound	P2/beat	7113498	25000	1			25000		other	0
006	48	Sound	f24	7159998	71500	1			71500		other	0
006	48	Picture	2-113-1-2	7218816	130318	7	5166	7	130000	5000	hit	442
006	48	Response	61	7225718	137220	2
006	49	Sound	P2/both1	7264314	25000	1			25000		other	0
006	49	Response	53	7265958	26644	2
006	49	Response	53	7270598	31284	1
006	49	Response	53	7275958	36644	2
006	49	Response	53	7281798	42484	2
006	49	Response	53	7287478	48164	2
006	49	Response	53	7293638	54324	2
006	49	Response	53	7300038	60724	1
006	49	Response	53	7305958	66644	2
006	49	Sound	test18	7310814	71500	1			71500		other	0
006	49	Picture	2-224-1-2	7369632	130318	7	5166	7	130000	5000	hit	454
006	49	Response	62	7380438	141124	2
006	50	Sound	P2/both	7415129	25000	1			25000		other	0
006	50	Response	53	7416998	26868	1
006	50	Response	53	7421558	31428	1
006	50	Response	53	7426758	36628	2
006	50	Response	53	7432919	42789	2
006	50	Response	53	7438918	48788	1
006	50	Response	53	7444598	54468	1
006	50	Response	53	7450678	60548	1
006	50	Response	53	7456918	66788	1
006	50	Sound	test01	7461628	71499	1			71500		other	0
006	50	Picture	3-214-1-3	7520448	130318	7	5166	7	130000	5000	incorrect	466
006	50	Response	52	7535158	145029	1
006	51	Sound	P2/both	7565944	24999	1			25000		other	0
006	51	Response	53	7568118	27173	2
006	51	Response	53	7572518	31572	2
006	51	Response	53	7578278	37333	2
006	51	Response	53	7583878	42932	2
006	51	Response	53	7589718	48772	2
006	51	Response	53	7595558	54612	1
006	51	Response	53	7601718	60772	3
006	51	Response	53	7607718	66772	1
006	51	Sound	test17	7612446	71500	1			71500		other	0
006	51	Picture	3-214-1-3	7671263	130318	7	5166	7	130000	5000	hit	478
006	51	Response	61	7687318	146372	2
006	52	Sound	P2/both	7716762	25000	1			25000		other	0
006	52	Response	53	7717878	26116	1
006	52	Response	53	7723159	31397	2
006	52	Response	53	7728838	37077	1
006	52	Response	53	7734757	42996	1
006	52	Response	53	7740758	48997	2
006	52	Response	53	7746678	54916	1
006	52	Response	53	7752038	60277	2
006	52	Response	53	7758118	66357	1
006	52	Sound	test15	7763261	71499	1			71500		other	0
006	52	Picture	3-214-1-3	7822079	130318	7	5166	7	130000	5000	hit	490
006	52	Response	61	7833558	141797	2
006	53	Sound	P2/beat1	7867577	25000	1			25000		other	0
006	53	Sound	test02	7914077	71500	1			71500		other	0
006	53	Picture	3-223-1-3	7972895	130318	7	5166	7	130000	5000	hit	494
006	53	Response	62	7981398	138821	2
006	54	Sound	P2/beat	8018393	25000	1			25000		other	0
006	54	Sound	f08	8064892	71499	1			71500		other	0
006	54	Picture	3-113-2-3	8123711	130318	7	5166	7	130000	5000	hit	498
006	54	Response	61	8132597	139205	1
006	55	Sound	P2/beat	8169209	25000	1			25000		other	0
006	55	Sound	test23	8215708	71500	1			71500		other	0
006	55	Picture	3-213-1-3	8274526	130318	7	5166	7	130000	5000	hit	502
006	55	Response	61	8284678	140469	2
006	56	Sound	P2/beat	8320024	25000	1			25000		other	0
006	56	Sound	test25	8366524	71500	1			71500		other	0
006	56	Picture	2-223-1-2	8425342	130318	7	5166	7	130000	5000	hit	506
006	56	Response	62	8434838	139814	1
006	57	Sound	P0/none1	8470840	25001	1			25000		other	0
006	57	Sound	n01	8517339	71499	1			71500		other	0
006	57	Picture	2-211-1-2	8576158	130318	7	5166	7	130000	5000	incorrect	510
006	57	Response	52	8589238	143398	2
006	58	Sound	P0/none	8621656	25000	1			25000		other	0
006	58	Sound	n12	8668157	71501	1			71500		other	0
006	58	Picture	2-121-2-2	8726974	130318	7	5166	7	130000	5000	hit	514
006	58	Response	62	8743237	146582	1
006	59	Sound	P0/none	8772470	24999	1			25000		other	0
006	59	Sound	f17	8818971	71499	1			71500		other	0
006	59	Picture	2-121-2-2	8877789	130318	7	5166	7	130000	5000	hit	518
006	59	Response	62	8887317	139846	1
006	60	Sound	P0/none	8923287	25000	1			25000		other	0
006	60	Sound	n14	8969788	71501	1			71500		other	0
006	60	Picture	2-111-2-2	9028605	130318	7	5166	7	130000	5000	hit	522
006	60	Response	61	9038517	140230	1


Event Type	Code	Type	Response	RT	RT Uncertainty	Time	Uncertainty	Duration	Uncertainty	ReqTime	ReqDur

Sound	P1/tapping1	other				25160	1			25000
Sound	n05	other				71659	1			71500
Picture	2-122-2-2	hit	2	11723	8	130479	7	5166	7	130000	5000
Sound	P1/tapping	other				175975	1			25000
Sound	f18	other				222475	1			71500
Picture	3-122-1-3	hit	2	11547	7	281294	7	5166	7	130000	5000
Sound	P1/tapping	other				326791	1			25000
Sound	f09	other				373292	1			71500
Picture	2-122-1-2	hit	2	15211	7	432110	7	5166	7	130000	5000
Sound	P1/tapping	other				477608	1			25000
Sound	f06	other				524108	1			71500
Picture	3-122-1-3	hit	2	16315	7	582926	7	5166	7	130000	5000
Sound	P2/both1	other				628423	1			25000
Sound	f01	other				674923	1			71500
Picture	3-114-1-3	hit	1	15420	8	733741	7	5166	7	130000	5000
Sound	P2/both	other				779238	1			25000
Sound	test24	other				825738	1			71500
Picture	3-214-1-3	incorrect	2	18204	7	884557	7	5166	7	130000	5000
Sound	P2/both	other				930055	1			25000
Sound	test22	other				976555	1			71500
Picture	3-224-1-3	hit	2	12588	7	1035373	7	5166	7	130000	5000
Sound	P2/both	other				1080871	2			25000
Sound	test07	other				1127370	1			71500
Picture	3-214-1-3	incorrect	2	14812	7	1186188	7	5166	7	130000	5000
Sound	P2/beat1	other				1231686	1			25000
Sound	f02	other				1278186	1			71500
Picture	2-113-1-2	hit	1	7997	7	1337004	7	5166	7	130000	5000
Sound	P2/beat	other				1382501	1			25000
Sound	f19	other				1429001	1			71500
Picture	2-113-2-2	hit	1	7021	7	1487820	7	5166	7	130000	5000
Sound	P2/beat	other				1533317	1			25000
Sound	n07	other				1579818	1			71500
Picture	3-223-1-3	hit	2	8365	8	1638635	7	5166	7	130000	5000
Sound	P2/beat	other				1684133	1			25000
Sound	f07	other				1730633	1			71500
Picture	3-123-1-3	hit	2	13790	7	1789451	7	5166	7	130000	5000
Sound	P2/both1	other				1834949	1			25000
Sound	f05	other				1881449	1			71500
Picture	2-124-1-2	hit	2	12334	7	1940267	7	5166	7	130000	5000
Sound	P2/both	other				1985764	1			25000
Sound	test09	other				2032264	1			71500
Picture	3-224-1-3	hit	2	12318	8	2091082	7	5166	7	130000	5000
Sound	P2/both	other				2136580	1			25000
Sound	test12	other				2183080	1			71500
Picture	3-214-1-3	hit	1	8462	8	2241898	7	5166	7	130000	5000
Sound	P2/both	other				2287395	1			25000
Sound	test19	other				2333894	1			71500
Picture	2-224-1-2	incorrect	1	17326	8	2392714	7	5166	7	130000	5000
Sound	P1/tapping1	other				2438210	1			25000
Sound	f15	other				2484710	1			71500
Picture	2-122-2-2	hit	2	10031	7	2543529	7	5166	7	130000	5000
Sound	P1/tapping	other				2589027	1			25000
Sound	test21	other				2635526	1			71500
Picture	3-212-1-3	hit	1	7216	7	2694345	7	5166	7	130000	5000
Sound	P1/tapping	other				2739843	1			25000
Sound	f10	other				2786343	1			71500
Picture	3-112-1-3	hit	1	9599	8	2845161	7	5166	7	130000	5000
Sound	P1/tapping	other				2890659	1			25000
Sound	f13	other				2937157	1			71500
Picture	3-112-1-3	hit	1	9584	8	2995976	7	5166	7	130000	5000
Sound	P2/both1	other				3041474	1			25000
Sound	n03	other				3087973	1			71500
Picture	2-124-1-2	hit	2	12048	8	3146792	7	5166	7	130000	5000
Sound	P2/both	other				3192290	1			25000
Sound	n13	other				3238790	1			71500
Picture	3-214-1-3	incorrect	2	13392	8	3297608	7	5166	7	130000	5000
Sound	P2/both	other				3343105	1			25000
Sound	f11	other				3389606	1			71500
Picture	2-124-1-2	hit	2	10976	7	3448423	7	5166	7	130000	5000
Sound	P2/both	other				3493921	1			25000
Sound	f16	other				3540422	1			71500
Picture	2-114-1-2	incorrect	2	15040	8	3599239	7	5166	7	130000	5000
Sound	P0/none1	other				3644737	1			25000
Sound	f21	other				3691237	1			71500
Picture	2-121-2-2	hit	2	11665	8	3750055	7	5166	7	130000	5000
Sound	P0/none	other				3795552	1			25000
Sound	test14	other				3842052	1			71500
Picture	2-221-1-2	hit	2	11409	7	3900870	7	5166	7	130000	5000
Sound	P0/none	other				3946368	1			25000
Sound	f14	other				3992868	1			71500
Picture	3-111-1-3	hit	1	6033	7	4051686	7	5166	7	130000	5000
Sound	P0/none	other				4097183	1			25000
Sound	test08	other				4143684	1			71500
Picture	3-221-1-3	hit	2	10738	7	4202502	7	5166	7	130000	5000
Sound	P1/tapping1	other				4247999	1			25000
Sound	n09	other				4294499	1			71500
Picture	2-222-2-2	hit	2	13362	7	4353318	7	5166	7	130000	5000
Sound	P1/tapping	other				4398816	1			25000
Sound	test13	other				4445315	1			71500
Picture	2-212-1-2	hit	1	15986	8	4504133	7	5166	7	130000	5000
Sound	P1/tapping	other				4549631	1			25000
Sound	f03	other				4596131	1			71500
Picture	3-112-1-3	hit	1	7171	9	4654949	7	5166	7	130000	5000
Sound	P1/tapping	other				4700447	1			25000
Sound	f12	other				4746946	1			71500
Picture	2-122-1-2	hit	2	11714	7	4805765	7	5166	7	130000	5000
Sound	P2/beat1	other				4851263	1			25000
Sound	n06	other				4897762	1			71500
Picture	2-223-2-2	hit	2	12819	7	4956580	7	5166	7	130000	5000
Sound	P2/beat	other				5002077	1			25000
Sound	test06	other				5048577	1			71500
Picture	3-213-1-3	hit	1	12563	7	5107396	7	5166	7	130000	5000
Sound	P2/beat	other				5152894	1			25000
Sound	n04	other				5199392	1			71500
Picture	3-223-1-3	hit	2	15587	8	5258212	7	5166	7	130000	5000
Sound	P2/beat	other				5303708	1			25000
Sound	n11	other				5350209	1			71500
Picture	3-113-2-3	hit	1	12132	8	5409028	7	5166	7	130000	5000
Sound	P1/tapping1	other				5454525	1			25000
Sound	f23	other				5501025	1			71500
Picture	3-112-1-3	hit	1	10516	7	5559843	7	5166	7	130000	5000
Sound	P1/tapping	other				5605340	1			25000
Sound	n10	other				5651841	1			71500
Picture	2-112-1-2	incorrect	2	11540	8	5710659	7	5166	7	130000	5000
Sound	P1/tapping	other				5756157	1			25000
Sound	test10	other				5802657	1			71500
Picture	3-212-1-3	hit	1	16244	7	5861475	7	5166	7	130000	5000
Sound	P1/tapping	other				5906972	1			25000
Sound	test16	other				5953472	1			71500
Picture	2-212-1-2	incorrect	2	11188	8	6012291	7	5166	7	130000	5000
Sound	P0/none1	other				6057787	1			25000
Sound	test03	other				6104287	1			71500
Picture	2-221-1-2	hit	2	11972	7	6163106	7	5166	7	130000	5000
Sound	P0/none	other				6208603	1			25000
Sound	f22	other				6255105	1			71500
Picture	2-121-2-2	hit	2	15236	7	6313922	7	5166	7	130000	5000
Sound	P0/none	other				6359419	1			25000
Sound	test04	other				6405919	1			71500
Picture	3-221-1-3	hit	2	14180	7	6464738	7	5166	7	130000	5000
Sound	P0/none	other				6510235	1			25000
Sound	test11	other				6556735	1			71500
Picture	2-221-1-2	hit	2	13605	8	6615553	7	5166	7	130000	5000
Sound	P2/beat1	other				6661052	1			25000
Sound	f04	other				6707550	1			71500
Picture	2-113-1-2	hit	1	6309	7	6766369	7	5166	7	130000	5000
Sound	P2/beat	other				6811866	1			25000
Sound	test05	other				6858367	1			71500
Picture	3-213-1-3	incorrect	2	11813	8	6917185	7	5166	7	130000	5000
Sound	P2/beat	other				6962682	1			25000
Sound	f20	other				7009183	1			71500
Picture	2-123-2-2	hit	2	12038	8	7068001	7	5166	7	130000	5000
Sound	P2/beat	other				7113498	1			25000
Sound	f24	other				7159998	1			71500
Picture	2-113-1-2	hit	1	6902	8	7218816	7	5166	7	130000	5000
Sound	P2/both1	other				7264314	1			25000
Sound	test18	other				7310814	1			71500
Picture	2-224-1-2	hit	2	10806	8	7369632	7	5166	7	130000	5000
Sound	P2/both	other				7415129	1			25000
Sound	test01	other				7461628	1			71500
Picture	3-214-1-3	incorrect	2	14710	7	7520448	7	5166	7	130000	5000
Sound	P2/both	other				7565944	1			25000
Sound	test17	other				7612446	1			71500
Picture	3-214-1-3	hit	1	16054	8	7671263	7	5166	7	130000	5000
Sound	P2/both	other				7716762	1			25000
Sound	test15	other				7763261	1			71500
Picture	3-214-1-3	hit	1	11479	8	7822079	7	5166	7	130000	5000
Sound	P2/beat1	other				7867577	1			25000
Sound	test02	other				7914077	1			71500
Picture	3-223-1-3	hit	2	8503	8	7972895	7	5166	7	130000	5000
Sound	P2/beat	other				8018393	1			25000
Sound	f08	other				8064892	1			71500
Picture	3-113-2-3	hit	1	8887	7	8123711	7	5166	7	130000	5000
Sound	P2/beat	other				8169209	1			25000
Sound	test23	other				8215708	1			71500
Picture	3-213-1-3	hit	1	10151	8	8274526	7	5166	7	130000	5000
Sound	P2/beat	other				8320024	1			25000
Sound	test25	other				8366524	1			71500
Picture	2-223-1-2	hit	2	9496	7	8425342	7	5166	7	130000	5000
Sound	P0/none1	other				8470840	1			25000
Sound	n01	other				8517339	1			71500
Picture	2-211-1-2	incorrect	2	13080	8	8576158	7	5166	7	130000	5000
Sound	P0/none	other				8621656	1			25000
Sound	n12	other				8668157	1			71500
Picture	2-121-2-2	hit	2	16264	7	8726974	7	5166	7	130000	5000
Sound	P0/none	other				8772470	1			25000
Sound	f17	other				8818971	1			71500
Picture	2-121-2-2	hit	2	9528	7	8877789	7	5166	7	130000	5000
Sound	P0/none	other				8923287	1			25000
Sound	n14	other				8969788	1			71500
Picture	2-111-2-2	hit	1	9912	7	9028605	7	5166	7	130000	5000

The following output port codes were not sent because of a conflict on the port.
Port	Code	Time(ms)
1	53	278636


{
   "app": "Presentation Version 22.1 Build 01.21.21",
   "device": "Dell Inc. OptiPlex 7050",
   "experiment": "{C8E97CB4-6FCA-44FA-B866-4A2D94B6B85C}",
   "os": "Windows 10 64 bit",
   "package": "",
   "parameters": {
      "configuration": "Default configuration"
   },
   "scenario": "entrain_list1_sess3_EB.sce",
   "subject": "006",
   "timestamp": "2022/04/05 08:18:29 GMT"
}
