Scenario - test
Logfile written - 04/05/2022 10:51:53

Subject	Trial	Event Type	Code	Time	TTime	Uncertainty	Duration	Uncertainty	ReqTime	ReqDur	Stim Type	Pair Index

006	1	Sound	P2/beat1	25159	24998	1			25000		other	0
006	1	Sound	n05	71661	71500	1			71500		other	0
006	1	Picture	3-113-1-3	130479	130318	7	5166	7	130000	5000	hit	4
006	1	Response	61	140426	140266	2
006	2	Sound	P2/beat	175976	25000	1			25000		other	0
006	2	Sound	f05	222477	71500	1			71500		other	0
006	2	Picture	3-113-1-3	281294	130318	7	5166	7	130000	5000	hit	8
006	2	Response	61	292106	141130	1
006	3	Sound	P2/beat	326792	25000	1			25000		other	0
006	3	Sound	n01	373293	71501	1			71500		other	0
006	3	Picture	3-223-1-3	432110	130318	7	5166	7	130000	5000	hit	12
006	3	Response	62	441786	139994	2
006	4	Sound	P2/beat	477607	24999	1			25000		other	0
006	4	Sound	test15	524108	71500	1			71500		other	0
006	4	Picture	2-223-1-2	582926	130318	7	5166	7	130000	5000	hit	16
006	4	Response	62	594106	141498	1
006	5	Response	53	623866	20443	1
006	5	Sound	P1/tapping1	628424	25001	1			25000		other	0
006	5	Response	53	629546	26122	1
006	5	Response	53	634506	31083	2
006	5	Response	53	639946	36523	2
006	5	Response	53	645146	41723	1
006	5	Response	53	650026	46602	1
006	5	Response	53	655386	51963	2
006	5	Response	53	660586	57163	2
006	5	Response	53	666106	62682	2
006	5	Response	53	670906	67482	2
006	5	Sound	f08	674923	71499	1			71500		other	0
006	5	Picture	3-122-2-3	733742	130318	7	5166	7	130000	5000	hit	30
006	5	Response	62	743306	139882	2
006	6	Sound	P1/tapping	779239	25000	1			25000		other	0
006	6	Response	53	780587	26348	2
006	6	Response	53	785145	30906	1
006	6	Response	53	789946	35707	2
006	6	Response	53	795625	41386	1
006	6	Response	53	800506	46267	1
006	6	Response	53	805386	51147	2
006	6	Response	53	810347	56108	2
006	6	Response	53	815546	61306	1
006	6	Response	53	820266	66027	2
006	6	Response	53	825226	70987	1
006	6	Sound	f01	825739	71500	1			71500		other	0
006	6	Picture	2-122-1-2	884557	130318	7	5166	7	130000	5000	hit	44
006	6	Response	62	892507	138267	2
006	7	Response	53	922506	17451	2
006	7	Response	53	926906	21851	1
006	7	Sound	P1/tapping	930055	25000	1			25000		other	0
006	7	Response	53	932026	26971	1
006	7	Response	53	936826	31771	1
006	7	Response	53	941226	36171	2
006	7	Response	53	946266	41211	1
006	7	Response	53	951305	46250	2
006	7	Response	53	955865	50810	2
006	7	Response	53	960506	55451	2
006	7	Response	53	964746	59691	2
006	7	Response	53	969866	64811	2
006	7	Response	53	975226	70171	2
006	7	Sound	n03	976555	71500	1			71500		other	0
006	7	Picture	3-122-1-3	1035373	130318	7	5166	7	130000	5000	hit	60
006	7	Response	62	1044906	139851	2
006	8	Sound	P1/tapping	1080871	25001	1			25000		other	0
006	8	Response	53	1083066	27195	1
006	8	Response	53	1087706	31835	2
006	8	Response	53	1092425	36555	2
006	8	Response	53	1097226	41355	1
006	8	Response	53	1101147	45276	2
006	8	Response	53	1106745	50875	1
006	8	Response	53	1111306	55435	2
006	8	Response	53	1116026	60155	1
006	8	Response	53	1121065	65195	2
006	8	Response	53	1125786	69915	1
006	8	Sound	test18	1127372	71501	1			71500		other	0
006	8	Picture	3-212-1-3	1186189	130318	7	5166	7	130000	5000	hit	74
006	8	Response	61	1194186	138315	1
006	9	Response	53	1230187	23501	1
006	9	Sound	P2/both1	1231687	25000	1			25000		other	0
006	9	Response	53	1235946	29259	3
006	9	Response	53	1242266	35579	1
006	9	Response	53	1247865	41179	3
006	9	Response	53	1254026	47339	2
006	9	Response	53	1259706	53020	2
006	9	Response	53	1265706	59020	1
006	9	Response	53	1272346	65660	2
006	9	Sound	test13	1278185	71499	1			71500		other	0
006	9	Picture	3-214-1-3	1337004	130318	7	5166	7	130000	5000	hit	86
006	9	Response	61	1342186	135499	1
006	9	Response	51	1351465	144779	1
006	10	Sound	P2/both	1382501	24999	1			25000		other	0
006	10	Response	53	1384746	27244	2
006	10	Response	53	1388985	31483	2
006	10	Response	53	1394265	36763	1
006	10	Response	53	1399545	42043	2
006	10	Response	53	1405946	48444	2
006	10	Response	53	1410906	53403	1
006	10	Response	53	1417145	59643	2
006	10	Response	53	1422506	65004	1
006	10	Sound	test04	1429002	71500	1			71500		other	0
006	10	Picture	2-224-1-2	1487820	130318	7	5166	7	130000	5000	hit	99
006	10	Response	62	1503227	145724	2
006	11	Sound	P2/both	1533318	25000	1			25000		other	0
006	11	Response	53	1535386	27069	2
006	11	Response	53	1540106	31788	1
006	11	Response	53	1545065	36748	2
006	11	Response	53	1550985	42668	1
006	11	Response	53	1556265	47948	1
006	11	Response	53	1562185	53867	1
006	11	Response	53	1567946	59628	2
006	11	Response	53	1573946	65628	2
006	11	Sound	f15	1579818	71500	1			71500		other	0
006	11	Picture	3-124-1-3	1638636	130318	7	5166	7	130000	5000	hit	111
006	11	Response	62	1645945	137628	2
006	12	Sound	P2/both	1684134	25000	1			25000		other	0
006	12	Response	53	1686026	26892	1
006	12	Response	53	1691786	32653	1
006	12	Response	53	1696505	37372	1
006	12	Response	53	1701786	42652	1
006	12	Response	53	1707706	48572	1
006	12	Response	53	1713225	54092	1
006	12	Response	53	1719146	60013	2
006	12	Response	53	1724665	65532	2
006	12	Response	53	1730265	71132	2
006	12	Sound	f21	1730634	71501	1			71500		other	0
006	12	Picture	3-124-1-3	1789451	130318	7	5166	7	130000	5000	hit	124
006	12	Response	62	1805385	146252	2
006	13	Sound	P0/none1	1834949	25000	1			25000		other	0
006	13	Sound	n07	1881450	71501	1			71500		other	0
006	13	Picture	2-221-1-2	1940267	130318	7	5166	7	130000	5000	hit	128
006	13	Response	62	1954425	144476	2
006	14	Sound	P0/none	1985765	25000	1			25000		other	0
006	14	Sound	n04	2032264	71499	1			71500		other	0
006	14	Picture	2-211-1-2	2091083	130318	7	5166	7	130000	5000	incorrect	132
006	14	Response	52	2104265	143500	1
006	15	Sound	P0/none	2136581	25001	1			25000		other	0
006	15	Sound	f03	2183081	71501	1			71500		other	0
006	15	Picture	2-111-1-2	2241899	130318	7	5166	7	130000	5000	incorrect	136
006	15	Response	52	2257226	145645	2
006	16	Sound	P0/none	2287396	25000	1			25000		other	0
006	16	Sound	test05	2333895	71499	1			71500		other	0
006	16	Picture	2-211-1-2	2392714	130318	7	5166	7	130000	5000	hit	140
006	16	Response	61	2401385	138989	2
006	17	Sound	P2/beat1	2438212	25000	1			25000		other	0
006	17	Sound	test16	2484712	71500	1			71500		other	0
006	17	Picture	3-213-1-3	2543530	130318	7	5166	7	130000	5000	hit	144
006	17	Response	61	2550345	137133	1
006	18	Sound	P2/beat	2589028	25000	1			25000		other	0
006	18	Sound	f11	2635528	71500	1			71500		other	0
006	18	Picture	3-113-1-3	2694346	130318	7	5166	7	130000	5000	hit	148
006	18	Response	61	2704185	140158	2
006	19	Sound	P2/beat	2739844	25000	1			25000		other	0
006	19	Sound	test07	2786343	71500	1			71500		other	0
006	19	Picture	2-223-1-2	2845161	130318	7	5166	7	130000	5000	hit	152
006	19	Response	62	2856025	141182	1
006	20	Sound	P2/beat	2890659	25000	1			25000		other	0
006	20	Sound	f23	2937157	71498	1			71500		other	0
006	20	Picture	2-113-1-2	2995977	130318	7	5166	7	130000	5000	incorrect	156
006	20	Response	52	3011065	145406	1
006	21	Sound	P0/none1	3041474	25000	1			25000		other	0
006	21	Sound	test23	3087975	71500	1			71500		other	0
006	21	Picture	2-221-2-2	3146793	130318	7	5166	7	130000	5000	hit	160
006	21	Response	62	3156185	139710	1
006	22	Sound	P0/none	3192291	25000	1			25000		other	0
006	22	Sound	f24	3238791	71500	1			71500		other	0
006	22	Picture	3-121-1-3	3297609	130318	7	5166	7	130000	5000	hit	164
006	22	Response	62	3306666	139375	2
006	23	Sound	P0/none	3343106	25000	1			25000		other	0
006	23	Sound	n06	3389607	71500	1			71500		other	0
006	23	Picture	3-211-1-3	3448424	130318	7	5166	7	130000	5000	incorrect	168
006	23	Response	52	3458425	140319	1
006	24	Sound	P0/none	3493922	25000	1			25000		other	0
006	24	Sound	test24	3540421	71499	1			71500		other	0
006	24	Picture	2-221-1-2	3599240	130318	7	5166	7	130000	5000	hit	172
006	24	Response	62	3618265	149343	2
006	25	Response	53	3642985	23247	1
006	25	Sound	P1/tapping1	3644737	24999	1			25000		other	0
006	25	Response	53	3648105	28367	1
006	25	Response	53	3653705	33967	1
006	25	Response	53	3658505	38767	1
006	25	Response	53	3664505	44767	1
006	25	Response	53	3669545	49807	2
006	25	Response	53	3674825	55087	2
006	25	Response	53	3679945	60207	2
006	25	Response	53	3684825	65087	2
006	25	Response	53	3689945	70207	2
006	25	Sound	test02	3691238	71500	1			71500		other	0
006	25	Picture	2-212-1-2	3750056	130318	7	5166	7	130000	5000	hit	186
006	25	Response	61	3765945	146207	2
006	26	Sound	P1/tapping	3795553	24999	1			25000		other	0
006	26	Response	53	3797465	26911	2
006	26	Response	53	3801945	31391	2
006	26	Response	53	3807384	36830	2
006	26	Response	53	3812265	41712	1
006	26	Response	53	3816824	46271	2
006	26	Response	53	3821545	50991	2
006	26	Response	53	3826504	55951	1
006	26	Response	53	3830985	60432	1
006	26	Response	53	3835865	65311	1
006	26	Response	53	3840185	69631	2
006	26	Sound	f14	3842053	71500	1			71500		other	0
006	26	Picture	2-122-2-2	3900872	130318	7	5166	7	130000	5000	hit	200
006	26	Response	62	3908905	138351	3
006	27	Response	53	3946025	24656	3
006	27	Sound	P1/tapping	3946368	24999	1			25000		other	0
006	27	Response	53	3951145	29776	1
006	27	Response	53	3956024	34655	3
006	27	Response	53	3960344	38975	1
006	27	Response	53	3965145	43775	1
006	27	Response	53	3969544	48175	1
006	27	Response	53	3974344	52975	1
006	27	Response	53	3978584	57215	2
006	27	Response	53	3983625	62256	2
006	27	Response	53	3987944	66575	1
006	27	Sound	f17	3992869	71500	1			71500		other	0
006	27	Response	53	3993144	71775	2
006	27	Picture	3-122-1-3	4051687	130318	7	5166	7	130000	5000	hit	215
006	27	Response	62	4061384	140015	1
006	28	Sound	P1/tapping	4097185	25000	1			25000		other	0
006	28	Response	53	4099944	27759	2
006	28	Response	53	4104744	32559	1
006	28	Response	53	4109464	37279	1
006	28	Response	53	4113625	41440	1
006	28	Response	53	4118584	46399	2
006	28	Response	53	4122664	50479	2
006	28	Response	53	4128024	55839	1
006	28	Response	53	4132664	60479	1
006	28	Response	53	4137545	65360	1
006	28	Response	53	4142265	70080	2
006	28	Sound	test17	4143685	71500	1			71500		other	0
006	28	Picture	2-222-2-2	4202503	130318	7	5166	7	130000	5000	hit	229
006	28	Response	62	4215944	143759	1
006	29	Sound	P2/beat1	4247999	24999	1			25000		other	0
006	29	Sound	f10	4294501	71500	1			71500		other	0
006	29	Picture	2-123-1-2	4353319	130318	7	5166	7	130000	5000	hit	233
006	29	Response	62	4372344	149344	2
006	30	Sound	P2/beat	4398816	24999	1			25000		other	0
006	30	Sound	test01	4445316	71500	1			71500		other	0
006	30	Picture	2-223-1-2	4504134	130318	7	5166	7	130000	5000	hit	237
006	30	Response	62	4515304	141488	1
006	31	Sound	P2/beat	4549632	25000	1			25000		other	0
006	31	Sound	test12	4596131	71499	1			71500		other	0
006	31	Picture	2-213-1-2	4654950	130318	7	5166	7	130000	5000	hit	241
006	31	Response	61	4668584	143952	1
006	32	Sound	P2/beat	4700448	25000	1			25000		other	0
006	32	Sound	test08	4746947	71500	1			71500		other	0
006	32	Picture	2-223-1-2	4805766	130318	7	5166	7	130000	5000	hit	245
006	32	Response	62	4817945	142497	2
006	33	Sound	P2/both1	4851264	25000	1			25000		other	0
006	33	Response	53	4853624	27361	2
006	33	Response	53	4858104	31841	1
006	33	Response	53	4863144	36881	1
006	33	Response	53	4869224	42961	2
006	33	Response	53	4874904	48640	2
006	33	Response	53	4880505	54241	2
006	33	Response	53	4886504	60241	2
006	33	Response	53	4891944	65681	2
006	33	Sound	f09	4897763	71499	1			71500		other	0
006	33	Picture	3-114-1-3	4956582	130318	7	5166	7	130000	5000	hit	257
006	33	Response	61	4963704	137441	1
006	34	Sound	P2/both	5002079	24999	1			25000		other	0
006	34	Response	53	5004264	27185	1
006	34	Response	53	5008504	31425	1
006	34	Response	53	5013304	36225	1
006	34	Response	53	5019064	41985	2
006	34	Response	53	5024745	47665	3
006	34	Response	53	5030585	53506	1
006	34	Response	53	5035944	58865	1
006	34	Response	53	5041385	64305	1
006	34	Sound	test03	5048579	71500	1			71500		other	0
006	34	Picture	3-214-1-3	5107397	130318	7	5166	7	130000	5000	hit	269
006	34	Response	61	5115385	138305	1
006	35	Response	53	5152744	24849	2
006	35	Sound	P2/both	5152895	25000	1			25000		other	0
006	35	Response	53	5157864	29969	2
006	35	Response	53	5163384	35488	2
006	35	Response	53	5168024	40129	1
006	35	Response	53	5173864	45969	1
006	35	Response	53	5180024	52129	1
006	35	Response	53	5186104	58209	1
006	35	Response	53	5192024	64129	1
006	35	Response	53	5198904	71009	2
006	35	Sound	f04	5199396	71501	1			71500		other	0
006	35	Picture	3-114-1-3	5258213	130318	7	5166	7	130000	5000	hit	282
006	35	Response	61	5267224	139329	2
006	36	Response	53	5302744	24033	1
006	36	Sound	P2/both	5303711	25000	1			25000		other	0
006	36	Response	53	5308664	29953	1
006	36	Response	53	5314584	35873	1
006	36	Response	53	5320264	41554	2
006	36	Response	53	5326024	47313	1
006	36	Response	53	5332024	53313	1
006	36	Response	53	5338264	59554	1
006	36	Response	53	5344024	65313	1
006	36	Sound	f18	5350210	71499	1			71500		other	0
006	36	Picture	2-114-2-2	5409029	130318	7	5166	7	130000	5000	hit	294
006	36	Response	61	5419464	140753	2
006	37	Sound	P0/none1	5454527	25000	1			25000		other	0
006	37	Sound	f19	5501027	71500	1			71500		other	0
006	37	Picture	3-121-1-3	5559845	130318	7	5166	7	130000	5000	hit	298
006	37	Response	62	5570584	141057	2
006	38	Sound	P0/none	5605342	25000	1			25000		other	0
006	38	Sound	test09	5651842	71500	1			71500		other	0
006	38	Picture	2-211-1-2	5710660	130318	7	5166	7	130000	5000	hit	302
006	38	Response	61	5721144	140802	2
006	39	Sound	P0/none	5756158	25000	1			25000		other	0
006	39	Sound	f02	5802657	71499	1			71500		other	0
006	39	Picture	3-121-2-3	5861476	130318	7	5166	7	130000	5000	hit	306
006	39	Response	62	5870904	139746	1
006	40	Sound	P0/none	5906973	24999	1			25000		other	0
006	40	Sound	n13	5953474	71500	1			71500		other	0
006	40	Picture	2-221-1-2	6012292	130318	7	5166	7	130000	5000	hit	310
006	40	Response	62	6026344	144370	2
006	41	Response	53	6057544	24754	2
006	41	Sound	P1/tapping1	6057790	25000	1			25000		other	0
006	41	Response	53	6062904	30114	2
006	41	Response	53	6067623	34834	1
006	41	Response	53	6072664	39874	1
006	41	Response	53	6077543	44754	1
006	41	Response	53	6082424	49634	2
006	41	Response	53	6087944	55154	1
006	41	Response	53	6094664	61875	1
006	41	Response	53	6098664	65875	2
006	41	Response	53	6102983	70194	2
006	41	Sound	f16	6104290	71501	1			71500		other	0
006	41	Picture	3-112-1-3	6163108	130318	7	5166	7	130000	5000	hit	324
006	41	Response	61	6174584	141794	1
006	42	Sound	P1/tapping	6208605	25000	1			25000		other	0
006	42	Response	53	6211143	27538	1
006	42	Response	53	6216264	32658	2
006	42	Response	53	6220983	37378	1
006	42	Response	53	6226023	42418	1
006	42	Response	53	6230903	47298	2
006	42	Response	53	6236664	53058	1
006	42	Response	53	6241063	57458	2
006	42	Response	53	6245943	62338	1
006	42	Response	53	6250664	67059	2
006	42	Sound	n14	6255105	71500	1			71500		other	0
006	42	Picture	3-112-1-3	6313923	130318	7	5166	7	130000	5000	hit	337
006	42	Response	61	6322583	138978	2
006	43	Sound	P1/tapping	6359421	25000	1			25000		other	0
006	43	Response	53	6360024	25603	1
006	43	Response	53	6364743	30322	1
006	43	Response	53	6369943	35522	2
006	43	Response	53	6374583	40162	1
006	43	Response	53	6379864	45442	1
006	43	Response	53	6384824	50403	1
006	43	Response	53	6389703	55282	1
006	43	Response	53	6394503	60082	1
006	43	Response	53	6399544	65123	2
006	43	Response	53	6404184	69763	2
006	43	Sound	f07	6405921	71500	1			71500		other	0
006	43	Picture	2-112-1-2	6464739	130318	7	5166	7	130000	5000	hit	351
006	43	Response	61	6482343	147922	2
006	44	Sound	P1/tapping	6510237	25000	1			25000		other	0
006	44	Response	53	6512503	27266	1
006	44	Response	53	6517143	31906	1
006	44	Response	53	6521944	36707	2
006	44	Response	53	6526743	41506	1
006	44	Response	53	6531783	46546	1
006	44	Response	53	6536183	50946	1
006	44	Response	53	6541063	55827	1
006	44	Response	53	6545544	60307	2
006	44	Response	53	6549784	64547	1
006	44	Response	53	6554344	69107	1
006	44	Sound	n11	6556737	71501	1			71500		other	0
006	44	Picture	2-112-1-2	6615555	130318	7	5166	7	130000	5000	hit	365
006	44	Response	61	6631384	146147	3
006	45	Sound	P2/both1	6661052	25000	1			25000		other	0
006	45	Response	53	6663543	27491	2
006	45	Response	53	6668424	32372	1
006	45	Response	53	6673063	37011	2
006	45	Response	53	6678503	42451	1
006	45	Response	53	6684183	48131	1
006	45	Response	53	6690183	54131	2
006	45	Response	53	6696103	60051	1
006	45	Response	53	6702343	66291	1
006	45	Sound	test10	6707552	71499	1			71500		other	0
006	45	Picture	2-224-1-2	6766371	130318	7	5166	7	130000	5000	hit	377
006	45	Response	62	6777063	141011	1
006	46	Sound	P2/both	6811869	25000	1			25000		other	0
006	46	Response	53	6813383	26515	1
006	46	Response	53	6818263	31395	2
006	46	Response	53	6824183	37315	2
006	46	Response	53	6829383	42515	3
006	46	Response	53	6834983	48115	2
006	46	Response	53	6840744	53876	2
006	46	Response	53	6845703	58835	1
006	46	Response	53	6851943	65075	1
006	46	Sound	test14	6858368	71500	1			71500		other	0
006	46	Response	53	6858904	72035	2
006	46	Picture	3-224-1-3	6917186	130318	7	5166	7	130000	5000	hit	390
006	46	Response	62	6930664	143795	1
006	47	Response	53	6961223	23539	2
006	47	Sound	P2/both	6962683	24999	1			25000		other	0
006	47	Response	53	6967223	29539	1
006	47	Response	53	6972823	35139	1
006	47	Response	53	6978663	40979	2
006	47	Response	53	6985303	47619	1
006	47	Response	53	6992023	54339	1
006	47	Response	53	6998184	60499	2
006	47	Response	53	7004104	66420	2
006	47	Sound	test21	7009184	71500	1			71500		other	0
006	47	Picture	2-224-2-2	7068002	130318	7	5166	7	130000	5000	hit	402
006	47	Response	62	7081224	143539	3
006	48	Response	53	7111623	23123	2
006	48	Sound	P2/both	7113499	24999	1			25000		other	0
006	48	Response	53	7118343	29843	2
006	48	Response	53	7123783	35283	1
006	48	Response	53	7130823	42323	2
006	48	Response	53	7135623	47123	1
006	48	Response	53	7141783	53283	2
006	48	Response	53	7148103	59603	1
006	48	Response	53	7155303	66803	2
006	48	Sound	test11	7160000	71500	1			71500		other	0
006	48	Picture	3-224-1-3	7218818	130318	7	5166	7	130000	5000	hit	414
006	48	Response	62	7232344	143844	3
006	49	Sound	P1/tapping1	7264316	25001	1			25000		other	0
006	49	Response	53	7266023	26707	2
006	49	Response	53	7270023	30707	2
006	49	Response	53	7275063	35747	1
006	49	Response	53	7280183	40867	2
006	49	Response	53	7285463	46147	2
006	49	Response	53	7290663	51347	2
006	49	Response	53	7295863	56548	2
006	49	Response	53	7300823	61507	2
006	49	Response	53	7306423	67107	1
006	49	Response	53	7310583	71267	1
006	49	Sound	f22	7310815	71500	1			71500		other	0
006	49	Picture	3-112-1-3	7369634	130318	7	5166	7	130000	5000	incorrect	428
006	49	Response	52	7383303	143988	2
006	50	Sound	P1/tapping	7415132	25000	1			25000		other	0
006	50	Response	53	7416823	26692	2
006	50	Response	53	7420983	30852	2
006	50	Response	53	7427063	36932	1
006	50	Response	53	7432503	42372	2
006	50	Response	53	7436903	46771	1
006	50	Response	53	7442423	52292	1
006	50	Response	53	7447143	57011	1
006	50	Response	53	7452583	62452	2
006	50	Response	53	7457543	67412	2
006	50	Sound	n12	7461631	71499	1			71500		other	0
006	50	Response	53	7462743	72612	1
006	50	Picture	3-112-1-3	7520450	130318	7	5166	7	130000	5000	incorrect	442
006	50	Response	52	7534423	144292	1
006	51	Sound	P1/tapping	7565947	25000	1			25000		other	0
006	51	Response	53	7568103	27156	2
006	51	Response	53	7572343	31396	1
006	51	Response	53	7577943	36996	1
006	51	Response	53	7582743	41796	1
006	51	Response	53	7588423	47476	1
006	51	Response	53	7593624	52677	2
006	51	Response	53	7599063	58116	1
006	51	Response	53	7604263	63316	1
006	51	Response	53	7609783	68836	2
006	51	Sound	test25	7612447	71500	1			71500		other	0
006	51	Picture	3-222-1-3	7671265	130318	7	5166	7	130000	5000	hit	455
006	51	Response	62	7682503	141556	2
006	52	Response	53	7716743	24980	1
006	52	Sound	P1/tapping	7716763	25000	1			25000		other	0
006	52	Response	53	7721863	30100	2
006	52	Response	53	7726823	35060	2
006	52	Response	53	7732343	40580	2
006	52	Response	53	7737543	45780	1
006	52	Response	53	7742423	50660	1
006	52	Response	53	7747303	55540	1
006	52	Response	53	7751943	60180	2
006	52	Response	53	7756903	65140	2
006	52	Response	53	7761623	69860	1
006	52	Sound	f20	7763264	71501	1			71500		other	0
006	52	Picture	3-112-1-3	7822081	130318	7	5166	7	130000	5000	hit	469
006	52	Response	61	7830023	138260	1
006	53	Sound	P0/none1	7867578	24999	1			25000		other	0
006	53	Sound	f12	7914080	71501	1			71500		other	0
006	53	Picture	3-111-1-3	7972897	130318	7	5166	7	130000	5000	incorrect	473
006	53	Response	52	7985622	143044	1
006	54	Sound	P0/none	8018394	24999	2			25000		other	0
006	54	Sound	test06	8064895	71501	1			71500		other	0
006	54	Picture	2-211-1-2	8123713	130318	7	5166	7	130000	5000	incorrect	477
006	54	Response	52	8132343	138948	2
006	55	Sound	P0/none	8169209	24999	1			25000		other	0
006	55	Sound	f06	8215709	71499	1			71500		other	0
006	55	Picture	2-121-1-2	8274528	130318	7	5166	7	130000	5000	incorrect	481
006	55	Response	51	8288263	144053	1
006	56	Sound	P0/none	8320027	25001	1			25000		other	0
006	56	Sound	n10	8366526	71500	1			71500		other	0
006	56	Picture	3-111-1-3	8425344	130318	7	5166	7	130000	5000	hit	485
006	56	Response	61	8433223	138197	2
006	57	Sound	P2/beat1	8470842	25000	1			25000		other	0
006	57	Sound	f13	8517342	71500	1			71500		other	0
006	57	Picture	2-123-1-2	8576160	130318	7	5166	7	130000	5000	hit	489
006	57	Response	62	8585703	139861	1
006	58	Sound	P2/beat	8621657	24999	1			25000		other	0
006	58	Sound	test22	8668157	71499	1			71500		other	0
006	58	Picture	2-213-2-2	8726976	130318	7	5166	7	130000	5000	incorrect	493
006	58	Response	52	8740103	143446	1
006	59	Sound	P2/beat	8772473	24999	1			25000		other	0
006	59	Sound	n09	8818973	71500	1			71500		other	0
006	59	Picture	3-223-1-3	8877792	130318	7	5166	7	130000	5000	hit	497
006	59	Response	62	8887942	140469	1
006	60	Sound	P2/beat	8923289	25000	1			25000		other	0
006	60	Sound	test19	8969790	71501	1			71500		other	0
006	60	Picture	2-213-1-2	9028608	130318	7	5166	7	130000	5000	incorrect	501
006	60	Response	52	9042982	144693	1


Event Type	Code	Type	Response	RT	RT Uncertainty	Time	Uncertainty	Duration	Uncertainty	ReqTime	ReqDur

Sound	P2/beat1	other				25159	1			25000
Sound	n05	other				71661	1			71500
Picture	3-113-1-3	hit	1	9948	8	130479	7	5166	7	130000	5000
Sound	P2/beat	other				175976	1			25000
Sound	f05	other				222477	1			71500
Picture	3-113-1-3	hit	1	10812	7	281294	7	5166	7	130000	5000
Sound	P2/beat	other				326792	1			25000
Sound	n01	other				373293	1			71500
Picture	3-223-1-3	hit	2	9676	8	432110	7	5166	7	130000	5000
Sound	P2/beat	other				477607	1			25000
Sound	test15	other				524108	1			71500
Picture	2-223-1-2	hit	2	11180	7	582926	7	5166	7	130000	5000
Sound	P1/tapping1	other				628424	1			25000
Sound	f08	other				674923	1			71500
Picture	3-122-2-3	hit	2	9564	8	733742	7	5166	7	130000	5000
Sound	P1/tapping	other				779239	1			25000
Sound	f01	other				825739	1			71500
Picture	2-122-1-2	hit	2	7949	8	884557	7	5166	7	130000	5000
Sound	P1/tapping	other				930055	1			25000
Sound	n03	other				976555	1			71500
Picture	3-122-1-3	hit	2	9533	8	1035373	7	5166	7	130000	5000
Sound	P1/tapping	other				1080871	1			25000
Sound	test18	other				1127372	1			71500
Picture	3-212-1-3	hit	1	7997	7	1186189	7	5166	7	130000	5000
Sound	P2/both1	other				1231687	1			25000
Sound	test13	other				1278185	1			71500
Picture	3-214-1-3	hit	1	5181	7	1337004	7	5166	7	130000	5000
Sound	P2/both	other				1382501	1			25000
Sound	test04	other				1429002	1			71500
Picture	2-224-1-2	hit	2	15406	8	1487820	7	5166	7	130000	5000
Sound	P2/both	other				1533318	1			25000
Sound	f15	other				1579818	1			71500
Picture	3-124-1-3	hit	2	7310	8	1638636	7	5166	7	130000	5000
Sound	P2/both	other				1684134	1			25000
Sound	f21	other				1730634	1			71500
Picture	3-124-1-3	hit	2	15934	8	1789451	7	5166	7	130000	5000
Sound	P0/none1	other				1834949	1			25000
Sound	n07	other				1881450	1			71500
Picture	2-221-1-2	hit	2	14158	8	1940267	7	5166	7	130000	5000
Sound	P0/none	other				1985765	1			25000
Sound	n04	other				2032264	1			71500
Picture	2-211-1-2	incorrect	2	13182	7	2091083	7	5166	7	130000	5000
Sound	P0/none	other				2136581	1			25000
Sound	f03	other				2183081	1			71500
Picture	2-111-1-2	incorrect	2	15327	8	2241899	7	5166	7	130000	5000
Sound	P0/none	other				2287396	1			25000
Sound	test05	other				2333895	1			71500
Picture	2-211-1-2	hit	1	8671	8	2392714	7	5166	7	130000	5000
Sound	P2/beat1	other				2438212	1			25000
Sound	test16	other				2484712	1			71500
Picture	3-213-1-3	hit	1	6815	7	2543530	7	5166	7	130000	5000
Sound	P2/beat	other				2589028	1			25000
Sound	f11	other				2635528	1			71500
Picture	3-113-1-3	hit	1	9839	8	2694346	7	5166	7	130000	5000
Sound	P2/beat	other				2739844	1			25000
Sound	test07	other				2786343	1			71500
Picture	2-223-1-2	hit	2	10864	7	2845161	7	5166	7	130000	5000
Sound	P2/beat	other				2890659	1			25000
Sound	f23	other				2937157	1			71500
Picture	2-113-1-2	incorrect	2	15088	7	2995977	7	5166	7	130000	5000
Sound	P0/none1	other				3041474	1			25000
Sound	test23	other				3087975	1			71500
Picture	2-221-2-2	hit	2	9392	7	3146793	7	5166	7	130000	5000
Sound	P0/none	other				3192291	1			25000
Sound	f24	other				3238791	1			71500
Picture	3-121-1-3	hit	2	9057	8	3297609	7	5166	7	130000	5000
Sound	P0/none	other				3343106	1			25000
Sound	n06	other				3389607	1			71500
Picture	3-211-1-3	incorrect	2	10001	7	3448424	7	5166	7	130000	5000
Sound	P0/none	other				3493922	1			25000
Sound	test24	other				3540421	1			71500
Picture	2-221-1-2	hit	2	19025	8	3599240	7	5166	7	130000	5000
Sound	P1/tapping1	other				3644737	1			25000
Sound	test02	other				3691238	1			71500
Picture	2-212-1-2	hit	1	15889	8	3750056	7	5166	7	130000	5000
Sound	P1/tapping	other				3795553	1			25000
Sound	f14	other				3842053	1			71500
Picture	2-122-2-2	hit	2	8033	9	3900872	7	5166	7	130000	5000
Sound	P1/tapping	other				3946368	1			25000
Sound	f17	other				3992869	1			71500
Picture	3-122-1-3	hit	2	9697	7	4051687	7	5166	7	130000	5000
Sound	P1/tapping	other				4097185	1			25000
Sound	test17	other				4143685	1			71500
Picture	2-222-2-2	hit	2	13442	7	4202503	7	5166	7	130000	5000
Sound	P2/beat1	other				4247999	1			25000
Sound	f10	other				4294501	1			71500
Picture	2-123-1-2	hit	2	19026	8	4353319	7	5166	7	130000	5000
Sound	P2/beat	other				4398816	1			25000
Sound	test01	other				4445316	1			71500
Picture	2-223-1-2	hit	2	11170	7	4504134	7	5166	7	130000	5000
Sound	P2/beat	other				4549632	1			25000
Sound	test12	other				4596131	1			71500
Picture	2-213-1-2	hit	1	13634	7	4654950	7	5166	7	130000	5000
Sound	P2/beat	other				4700448	1			25000
Sound	test08	other				4746947	1			71500
Picture	2-223-1-2	hit	2	12179	8	4805766	7	5166	7	130000	5000
Sound	P2/both1	other				4851264	1			25000
Sound	f09	other				4897763	1			71500
Picture	3-114-1-3	hit	1	7122	7	4956582	7	5166	7	130000	5000
Sound	P2/both	other				5002079	1			25000
Sound	test03	other				5048579	1			71500
Picture	3-214-1-3	hit	1	7987	7	5107397	7	5166	7	130000	5000
Sound	P2/both	other				5152895	1			25000
Sound	f04	other				5199396	1			71500
Picture	3-114-1-3	hit	1	9011	8	5258213	7	5166	7	130000	5000
Sound	P2/both	other				5303711	1			25000
Sound	f18	other				5350210	1			71500
Picture	2-114-2-2	hit	1	10435	8	5409029	7	5166	7	130000	5000
Sound	P0/none1	other				5454527	1			25000
Sound	f19	other				5501027	1			71500
Picture	3-121-1-3	hit	2	10739	8	5559845	7	5166	7	130000	5000
Sound	P0/none	other				5605342	1			25000
Sound	test09	other				5651842	1			71500
Picture	2-211-1-2	hit	1	10483	9	5710660	7	5166	7	130000	5000
Sound	P0/none	other				5756158	1			25000
Sound	f02	other				5802657	1			71500
Picture	3-121-2-3	hit	2	9428	7	5861476	7	5166	7	130000	5000
Sound	P0/none	other				5906973	1			25000
Sound	n13	other				5953474	1			71500
Picture	2-221-1-2	hit	2	14052	8	6012292	7	5166	7	130000	5000
Sound	P1/tapping1	other				6057790	1			25000
Sound	f16	other				6104290	1			71500
Picture	3-112-1-3	hit	1	11476	7	6163108	7	5166	7	130000	5000
Sound	P1/tapping	other				6208605	1			25000
Sound	n14	other				6255105	1			71500
Picture	3-112-1-3	hit	1	8660	8	6313923	7	5166	7	130000	5000
Sound	P1/tapping	other				6359421	1			25000
Sound	f07	other				6405921	1			71500
Picture	2-112-1-2	hit	1	17604	8	6464739	7	5166	7	130000	5000
Sound	P1/tapping	other				6510237	1			25000
Sound	n11	other				6556737	1			71500
Picture	2-112-1-2	hit	1	15829	9	6615555	7	5166	7	130000	5000
Sound	P2/both1	other				6661052	1			25000
Sound	test10	other				6707552	1			71500
Picture	2-224-1-2	hit	2	10693	7	6766371	7	5166	7	130000	5000
Sound	P2/both	other				6811869	1			25000
Sound	test14	other				6858368	1			71500
Picture	3-224-1-3	hit	2	13477	7	6917186	7	5166	7	130000	5000
Sound	P2/both	other				6962683	1			25000
Sound	test21	other				7009184	1			71500
Picture	2-224-2-2	hit	2	13221	9	7068002	7	5166	7	130000	5000
Sound	P2/both	other				7113499	1			25000
Sound	test11	other				7160000	1			71500
Picture	3-224-1-3	hit	2	13526	9	7218818	7	5166	7	130000	5000
Sound	P1/tapping1	other				7264316	1			25000
Sound	f22	other				7310815	1			71500
Picture	3-112-1-3	incorrect	2	13670	8	7369634	7	5166	7	130000	5000
Sound	P1/tapping	other				7415132	1			25000
Sound	n12	other				7461631	1			71500
Picture	3-112-1-3	incorrect	2	13973	7	7520450	7	5166	7	130000	5000
Sound	P1/tapping	other				7565947	1			25000
Sound	test25	other				7612447	1			71500
Picture	3-222-1-3	hit	2	11237	9	7671265	7	5166	7	130000	5000
Sound	P1/tapping	other				7716763	1			25000
Sound	f20	other				7763264	1			71500
Picture	3-112-1-3	hit	1	7942	7	7822081	7	5166	7	130000	5000
Sound	P0/none1	other				7867578	1			25000
Sound	f12	other				7914080	1			71500
Picture	3-111-1-3	incorrect	2	12726	7	7972897	7	5166	7	130000	5000
Sound	P0/none	other				8018394	2			25000
Sound	test06	other				8064895	1			71500
Picture	2-211-1-2	incorrect	2	8630	8	8123713	7	5166	7	130000	5000
Sound	P0/none	other				8169209	1			25000
Sound	f06	other				8215709	1			71500
Picture	2-121-1-2	incorrect	1	13735	7	8274528	7	5166	7	130000	5000
Sound	P0/none	other				8320027	1			25000
Sound	n10	other				8366526	1			71500
Picture	3-111-1-3	hit	1	7878	8	8425344	7	5166	7	130000	5000
Sound	P2/beat1	other				8470842	1			25000
Sound	f13	other				8517342	1			71500
Picture	2-123-1-2	hit	2	9543	7	8576160	7	5166	7	130000	5000
Sound	P2/beat	other				8621657	1			25000
Sound	test22	other				8668157	1			71500
Picture	2-213-2-2	incorrect	2	13128	8	8726976	7	5166	7	130000	5000
Sound	P2/beat	other				8772473	1			25000
Sound	n09	other				8818973	1			71500
Picture	3-223-1-3	hit	2	10150	7	8877792	7	5166	7	130000	5000
Sound	P2/beat	other				8923289	1			25000
Sound	test19	other				8969790	1			71500
Picture	2-213-1-2	incorrect	2	14375	7	9028608	7	5166	7	130000	5000

The following output port codes were not sent because of a conflict on the port.
Port	Code	Time(ms)
1	2	771676


{
   "app": "Presentation Version 22.1 Build 01.21.21",
   "device": "Dell Inc. OptiPlex 7050",
   "experiment": "{C8E97CB4-6FCA-44FA-B866-4A2D94B6B85C}",
   "os": "Windows 10 64 bit",
   "package": "",
   "parameters": {
      "configuration": "Default configuration"
   },
   "scenario": "entrain_list1_sess2_EB.sce",
   "subject": "006",
   "timestamp": "2022/04/05 08:36:39 GMT"
}
