Scenario - test
Logfile written - 04/05/2022 10:15:33

Subject	Trial	Event Type	Code	Time	TTime	Uncertainty	Duration	Uncertainty	ReqTime	ReqDur	Stim Type	Pair Index

006	1	Sound	P0/none1	25162	25002	1			25000		other	0
006	1	Sound	f01	71661	71500	1			71500		other	0
006	1	Picture	2-111-1-2	130478	130318	7	5166	7	130000	5000	hit	4
006	1	Response	61	143836	143676	2
006	2	Sound	P0/none	175975	24999	1			25000		other	0
006	2	Sound	test01	222477	71501	1			71500		other	0
006	2	Picture	2-211-1-2	281294	130318	7	5166	7	130000	5000	hit	8
006	2	Response	61	288796	137820	1
006	3	Sound	P0/none	326791	24999	1			25000		other	0
006	3	Sound	test22	373291	71499	1			71500		other	0
006	3	Picture	3-211-1-3	432110	130318	7	5166	7	130000	5000	incorrect	12
006	3	Response	52	444716	142924	2
006	4	Sound	P0/none	477606	24999	1			25000		other	0
006	4	Sound	f07	524107	71500	1			71500		other	0
006	4	Picture	2-121-1-2	582925	130318	7	5166	7	130000	5000	incorrect	16
006	4	Response	51	599356	146749	1
006	4	Response	52	599756	147149	2
006	5	Sound	P2/beat1	628422	25000	1			25000		other	0
006	5	Sound	f03	674922	71499	1			71500		other	0
006	5	Picture	2-123-1-2	733741	130318	7	5166	7	130000	5000	hit	21
006	5	Response	62	742876	139453	1
006	6	Sound	P2/beat	779238	25000	1			25000		other	0
006	6	Sound	n12	825738	71500	1			71500		other	0
006	6	Picture	3-123-1-3	884556	130318	7	5166	7	130000	5000	incorrect	25
006	6	Response	51	896716	142478	1
006	7	Sound	P2/beat	930053	24999	1			25000		other	0
006	7	Sound	test10	976555	71501	1			71500		other	0
006	7	Picture	2-213-1-2	1035372	130318	7	5166	7	130000	5000	incorrect	29
006	7	Response	52	1050316	145262	1
006	8	Sound	P2/beat	1080869	24999	1			25000		other	0
006	8	Sound	f17	1127368	71499	1			71500		other	0
006	8	Picture	3-113-1-3	1186187	130318	7	5166	7	130000	5000	hit	33
006	8	Response	61	1193116	137246	1
006	8	Response	51	1200557	144687	2
006	9	Sound	P0/none1	1231685	25000	1			25000		other	0
006	9	Sound	f09	1278186	71501	1			71500		other	0
006	9	Picture	2-111-1-2	1337003	130318	7	5166	7	130000	5000	incorrect	38
006	9	Response	52	1345756	139071	1
006	10	Response	52	1358555	1055	3
006	10	Sound	P0/none	1382500	25000	1			25000		other	0
006	10	Sound	test02	1429000	71500	1			71500		other	0
006	10	Picture	2-221-1-2	1487818	130318	7	5166	7	130000	5000	hit	43
006	10	Response	62	1495596	138095	1
006	10	Response	52	1503036	145536	2
006	11	Sound	P0/none	1533316	25000	1			25000		other	0
006	11	Sound	f20	1579816	71499	1			71500		other	0
006	11	Picture	3-121-1-3	1638634	130318	7	5166	7	130000	5000	hit	48
006	11	Response	62	1652557	144241	2
006	12	Sound	P0/none	1684132	25000	1			25000		other	0
006	12	Sound	test21	1730633	71501	1			71500		other	0
006	12	Picture	3-221-1-3	1789449	130318	7	5166	7	130000	5000	hit	52
006	12	Response	62	1804876	145744	2
006	13	Response	53	1830076	20129	1
006	13	Sound	P1/tapping1	1834947	25000	1			25000		other	0
006	13	Response	53	1835596	25649	1
006	13	Response	53	1840555	30608	1
006	13	Response	53	1846796	36849	1
006	13	Response	53	1852476	42529	1
006	13	Response	53	1857995	48048	1
006	13	Response	53	1864476	54529	1
006	13	Response	53	1869515	59568	1
006	13	Response	53	1875115	65168	2
006	13	Response	53	1880716	70769	1
006	13	Sound	test04	1881447	71500	1			71500		other	0
006	13	Picture	2-212-1-2	1940265	130318	7	5166	7	130000	5000	miss	0
006	14	Response	51	1961436	673	1
006	14	Response	53	1979036	18274	2
006	14	Response	53	1983355	22593	1
006	14	Sound	P1/tapping	1985762	24999	1			25000		other	0
006	14	Response	53	1988795	28033	1
006	14	Response	53	1993515	32753	1
006	14	Response	53	1998875	38113	2
006	14	Response	53	2003995	43233	1
006	14	Response	53	2008316	47553	1
006	14	Response	53	2013915	53153	1
006	14	Response	53	2018955	58193	1
006	14	Response	53	2024715	63953	1
006	14	Response	53	2030315	69553	1
006	14	Sound	test23	2032261	71499	1			71500		other	0
006	14	Picture	3-222-1-3	2091081	130318	7	5166	7	130000	5000	hit	81
006	14	Response	62	2103515	142753	1
006	15	Response	53	2130796	19218	1
006	15	Response	53	2135435	23857	1
006	15	Sound	P1/tapping	2136578	25000	1			25000		other	0
006	15	Response	53	2140395	28817	1
006	15	Response	53	2146075	34497	1
006	15	Response	53	2150635	39057	1
006	15	Response	53	2156155	44577	1
006	15	Response	53	2161995	50417	1
006	15	Response	53	2167195	55617	1
006	15	Response	53	2174476	62898	1
006	15	Response	53	2178716	67138	2
006	15	Sound	test06	2183078	71500	1			71500		other	0
006	15	Picture	2-222-1-2	2241896	130318	7	5166	7	130000	5000	hit	95
006	15	Response	62	2255115	143537	1
006	16	Response	53	2280716	18322	1
006	16	Response	53	2285835	23441	2
006	16	Sound	P1/tapping	2287393	25000	1			25000		other	0
006	16	Response	53	2290555	28161	1
006	16	Response	53	2295195	32802	1
006	16	Response	53	2299916	37522	1
006	16	Response	53	2304795	42401	1
006	16	Response	53	2309996	47602	1
006	16	Response	53	2315516	53122	2
006	16	Response	53	2320075	57681	2
006	16	Response	53	2324716	62322	1
006	16	Response	53	2329116	66723	2
006	16	Response	53	2333756	71362	2
006	16	Sound	test07	2333893	71499	1			71500		other	0
006	16	Picture	2-212-1-2	2392712	130318	7	5166	7	130000	5000	incorrect	111
006	16	Response	52	2405035	142642	2
006	17	Response	53	2429756	16546	1
006	17	Sound	P2/both1	2438209	25000	1			25000		other	0
006	17	Response	53	2439915	26706	2
006	17	Response	53	2444955	31746	1
006	17	Response	53	2449916	36706	2
006	17	Response	53	2455595	42386	2
006	17	Response	53	2461595	48386	1
006	17	Response	53	2467115	53906	1
006	17	Response	53	2473515	60306	1
006	17	Response	53	2479355	66146	3
006	17	Sound	n01	2484710	71500	1			71500		other	0
006	17	Picture	3-214-1-3	2543527	130318	7	5166	7	130000	5000	hit	124
006	17	Response	61	2560315	147106	1
006	18	Response	53	2583675	19651	2
006	18	Sound	P2/both	2589025	25000	1			25000		other	0
006	18	Response	53	2591276	27251	2
006	18	Response	53	2597755	33730	1
006	18	Response	53	2604555	40531	1
006	18	Response	53	2610715	46691	1
006	18	Response	53	2617115	53090	2
006	18	Response	53	2623675	59650	1
006	18	Response	53	2628635	64610	1
006	18	Response	53	2634876	70851	1
006	18	Sound	f22	2635525	71501	1			71500		other	0
006	18	Picture	3-124-1-3	2694343	130318	7	5166	7	130000	5000	hit	137
006	18	Response	62	2709515	145490	1
006	19	Response	53	2733355	18515	1
006	19	Sound	P2/both	2739840	24999	1			25000		other	0
006	19	Response	53	2742315	27475	1
006	19	Response	53	2748715	33875	2
006	19	Response	53	2754955	40115	1
006	19	Response	53	2761275	46435	1
006	19	Response	53	2767275	52435	1
006	19	Response	53	2773435	58595	1
006	19	Response	53	2780475	65635	2
006	19	Sound	f19	2786339	71499	1			71500		other	0
006	19	Response	53	2786875	72035	1
006	19	Picture	3-114-1-3	2845158	130318	7	5166	7	130000	5000	hit	150
006	19	Response	61	2851756	136916	2
006	19	Response	51	2860155	145315	2
006	20	Sound	P2/both	2890656	25000	1			25000		other	0
006	20	Response	53	2892955	27299	1
006	20	Response	53	2897516	31860	2
006	20	Response	53	2903195	37539	2
006	20	Response	53	2908875	43219	1
006	20	Response	53	2914715	49059	1
006	20	Response	53	2920315	54659	1
006	20	Response	53	2926235	60579	1
006	20	Response	53	2931755	66099	3
006	20	Sound	test16	2937156	71500	1			71500		other	0
006	20	Picture	3-224-1-3	2995974	130318	7	5166	7	130000	5000	hit	163
006	20	Response	62	3009195	143539	1
006	21	Response	53	3038236	21764	2
006	21	Sound	P1/tapping1	3041472	25000	1			25000		other	0
006	21	Response	53	3043035	26563	2
006	21	Response	53	3049755	33283	1
006	21	Response	53	3054875	38403	1
006	21	Response	53	3060476	44004	3
006	21	Response	53	3065515	49043	1
006	21	Response	53	3071755	55284	1
006	21	Response	53	3077995	61523	1
006	21	Response	53	3083916	67444	1
006	21	Sound	test05	3087970	71499	1			71500		other	0
006	21	Picture	2-222-1-2	3146789	130318	7	5166	7	130000	5000	hit	176
006	21	Response	62	3161675	145204	1
006	22	Response	53	3184715	17428	1
006	22	Response	53	3191116	23829	1
006	22	Sound	P1/tapping	3192286	24999	1			25000		other	0
006	22	Response	53	3197195	29908	1
006	22	Response	53	3202555	35268	1
006	22	Response	53	3208075	40788	2
006	22	Response	53	3214315	47028	2
006	22	Response	53	3220235	52948	1
006	22	Response	53	3225516	58229	3
006	22	Response	53	3231035	63748	1
006	22	Response	53	3236475	69188	1
006	22	Sound	test08	3238787	71500	1			71500		other	0
006	22	Picture	2-212-1-2	3297605	130318	7	5166	7	130000	5000	hit	190
006	22	Response	61	3313355	146068	1
006	23	Response	53	3339755	21652	1
006	23	Sound	P1/tapping	3343102	25000	1			25000		other	0
006	23	Response	53	3345355	27252	1
006	23	Response	53	3350875	32772	1
006	23	Response	53	3355515	37412	1
006	23	Response	53	3361275	43172	3
006	23	Response	53	3365835	47732	1
006	23	Response	53	3371356	53253	1
006	23	Response	53	3376235	58132	1
006	23	Response	53	3381595	63492	1
006	23	Response	53	3386795	68692	2
006	23	Sound	test14	3389602	71499	1			71500		other	0
006	23	Picture	3-212-1-3	3448421	130318	7	5166	7	130000	5000	hit	204
006	23	Response	61	3457355	139252	2
006	23	Response	51	3467115	149013	1
006	24	Sound	P1/tapping	3493916	24998	1			25000		other	0
006	24	Response	53	3496075	27157	1
006	24	Response	53	3500555	31637	1
006	24	Response	53	3505595	36677	1
006	24	Response	53	3511115	42197	1
006	24	Response	53	3516395	47477	1
006	24	Response	53	3521755	52837	1
006	24	Response	53	3526795	57876	1
006	24	Response	53	3532395	63477	1
006	24	Response	53	3537274	68356	1
006	24	Sound	test19	3540419	71500	1			71500		other	0
006	24	Picture	3-212-1-3	3599236	130318	7	5166	7	130000	5000	hit	218
006	24	Response	61	3610796	141877	1
006	25	Sound	P2/beat1	3644733	24999	1			25000		other	0
006	25	Sound	f15	3691233	71499	1			71500		other	0
006	25	Picture	3-113-1-3	3750052	130318	7	5166	7	130000	5000	hit	222
006	25	Response	61	3756395	136661	2
006	25	Response	51	3763354	143620	1
006	26	Sound	P2/beat	3795549	25000	1			25000		other	0
006	26	Sound	f16	3842049	71500	1			71500		other	0
006	26	Picture	3-123-1-3	3900867	130318	7	5166	7	130000	5000	hit	227
006	26	Response	62	3914955	144405	1
006	27	Sound	P2/beat	3946365	25000	1			25000		other	0
006	27	Sound	f18	3992865	71500	1			71500		other	0
006	27	Picture	3-113-1-3	4051683	130318	7	5166	7	130000	5000	hit	231
006	27	Response	61	4060875	139510	1
006	28	Sound	P2/beat	4097181	25000	1			25000		other	0
006	28	Sound	test18	4143680	71499	1			71500		other	0
006	28	Picture	3-223-1-3	4202499	130318	7	5166	7	130000	5000	incorrect	235
006	28	Response	51	4208154	135974	1
006	28	Response	51	4217035	144854	1
006	29	Sound	P2/both1	4247996	25000	1			25000		other	0
006	29	Response	53	4249995	26998	1
006	29	Response	53	4254154	31158	3
006	29	Response	53	4259754	36758	1
006	29	Response	53	4265514	42518	1
006	29	Response	53	4271755	48759	2
006	29	Response	53	4277675	54678	1
006	29	Response	53	4283755	60759	1
006	29	Response	53	4289595	66599	1
006	29	Sound	f10	4294496	71500	1			71500		other	0
006	29	Picture	2-114-1-2	4353314	130318	7	5166	7	130000	5000	hit	248
006	29	Response	61	4361754	138758	1
006	30	Sound	P2/both	4398813	25001	1			25000		other	0
006	30	Response	53	4401355	27543	1
006	30	Response	53	4405994	32182	1
006	30	Response	53	4410794	36983	1
006	30	Response	53	4416875	43063	2
006	30	Response	53	4422714	48902	1
006	30	Response	53	4428634	54822	2
006	30	Response	53	4434794	60982	3
006	30	Response	53	4440314	66502	1
006	30	Sound	f12	4445312	71500	1			71500		other	0
006	30	Picture	2-114-1-2	4504130	130318	7	5166	7	130000	5000	incorrect	260
006	30	Response	52	4519914	146102	1
006	31	Sound	P2/both	4549627	24999	1			25000		other	0
006	31	Response	53	4551755	27128	2
006	31	Response	53	4556395	31767	2
006	31	Response	53	4561354	36727	1
006	31	Response	53	4567594	42967	1
006	31	Response	53	4573354	48727	1
006	31	Response	53	4579354	54727	1
006	31	Response	53	4588074	63447	1
006	31	Response	53	4592075	67448	1
006	31	Sound	n05	4596127	71499	1			71500		other	0
006	31	Picture	3-124-1-3	4654945	130318	7	5166	7	130000	5000	hit	272
006	31	Response	62	4673034	148407	1
006	32	Sound	P2/both	4700443	25000	1			25000		other	0
006	32	Response	53	4702954	27511	1
006	32	Response	53	4707674	32231	1
006	32	Response	53	4712075	36632	1
006	32	Response	53	4717994	42551	1
006	32	Response	53	4723754	48311	1
006	32	Response	53	4730234	54791	1
006	32	Response	53	4736635	61191	1
006	32	Response	53	4742154	66711	2
006	32	Sound	f13	4746943	71500	1			71500		other	0
006	32	Picture	3-124-1-3	4805761	130318	7	5166	7	130000	5000	hit	284
006	32	Response	62	4817194	141751	1
006	33	Sound	P0/none1	4851258	24999	1			25000		other	0
006	33	Sound	n09	4897760	71501	1			71500		other	0
006	33	Picture	3-211-1-3	4956577	130318	7	5166	7	130000	5000	hit	288
006	33	Response	61	4962075	135816	2
006	33	Response	51	4968635	142376	2
006	34	Sound	P0/none	5002074	25000	1			25000		other	0
006	34	Sound	test13	5048573	71499	1			71500		other	0
006	34	Picture	3-221-1-3	5107392	130318	7	5166	7	130000	5000	hit	293
006	34	Response	62	5117754	140680	1
006	35	Sound	P0/none	5152890	25001	1			25000		other	0
006	35	Sound	f11	5199389	71500	1			71500		other	0
006	35	Picture	2-111-1-2	5258208	130318	7	5166	7	130000	5000	hit	297
006	35	Response	61	5275915	148025	1
006	36	Sound	P0/none	5303705	24999	1			25000		other	0
006	36	Sound	test17	5350206	71500	1			71500		other	0
006	36	Picture	2-211-2-2	5409023	130318	7	5166	7	130000	5000	incorrect	301
006	36	Response	52	5424714	146009	1
006	37	Sound	P2/both1	5454520	24999	1			25000		other	0
006	37	Response	53	5456794	27273	1
006	37	Response	53	5461434	31912	1
006	37	Response	53	5466554	37033	1
006	37	Response	53	5472155	42634	2
006	37	Response	53	5478314	48793	2
006	37	Response	53	5484394	54873	1
006	37	Response	53	5490074	60553	1
006	37	Response	53	5496795	67274	2
006	37	Sound	f06	5501021	71500	1			71500		other	0
006	37	Picture	2-114-1-2	5559839	130318	7	5166	7	130000	5000	incorrect	313
006	37	Response	52	5580074	150553	2
006	38	Sound	P2/both	5605336	25000	1			25000		other	0
006	38	Response	53	5611994	31657	2
006	38	Response	53	5616794	36457	3
006	38	Response	53	5622794	42457	1
006	38	Response	53	5628714	48377	1
006	38	Response	53	5634634	54297	1
006	38	Response	53	5640714	60378	1
006	38	Response	53	5646314	65977	1
006	38	Sound	f24	5651836	71499	1			71500		other	0
006	38	Picture	3-114-1-3	5710655	130318	7	5166	7	130000	5000	hit	324
006	38	Response	61	5716794	136458	2
006	38	Response	51	5726394	146057	1
006	39	Sound	P2/both	5756152	25000	1			25000		other	0
006	39	Response	53	5758234	27082	1
006	39	Response	53	5763354	32201	1
006	39	Response	53	5768473	37321	1
006	39	Response	53	5774154	43001	1
006	39	Response	53	5779675	48522	2
006	39	Response	53	5785595	54442	2
006	39	Response	53	5791753	60601	1
006	39	Response	53	5797754	66601	1
006	39	Sound	f08	5802651	71499	1			71500		other	0
006	39	Picture	2-114-1-2	5861470	130318	7	5166	7	130000	5000	hit	337
006	39	Response	61	5876234	145081	1
006	40	Sound	P2/both	5906967	24999	1			25000		other	0
006	40	Response	53	5909434	27466	1
006	40	Response	53	5914234	32266	1
006	40	Response	53	5919273	37305	1
006	40	Response	53	5924394	42425	1
006	40	Response	53	5930394	48426	1
006	40	Response	53	5936554	54586	1
006	40	Response	53	5942153	60185	2
006	40	Response	53	5948474	66506	1
006	40	Sound	n04	5953467	71499	1			71500		other	0
006	40	Picture	2-224-1-2	6012286	130318	7	5166	7	130000	5000	hit	349
006	40	Response	62	6021434	139466	1
006	41	Sound	P2/beat1	6057784	25000	1			25000		other	0
006	41	Sound	test09	6104283	71499	1			71500		other	0
006	41	Picture	2-223-1-2	6163102	130318	7	5166	7	130000	5000	hit	353
006	41	Response	62	6181514	148731	1
006	42	Sound	P2/beat	6208599	24999	1			25000		other	0
006	42	Sound	test03	6255099	71499	1			71500		other	0
006	42	Picture	2-213-1-2	6313917	130318	7	5166	7	130000	5000	hit	357
006	42	Response	61	6324714	141114	3
006	43	Sound	P2/beat	6359414	24999	1			25000		other	0
006	43	Sound	n10	6405915	71500	1			71500		other	0
006	43	Picture	3-123-1-3	6464733	130318	7	5166	7	130000	5000	hit	361
006	43	Response	62	6477434	143019	2
006	44	Sound	P2/beat	6510230	25000	1			25000		other	0
006	44	Sound	test24	6556731	71501	1			71500		other	0
006	44	Picture	3-223-1-3	6615549	130318	7	5166	7	130000	5000	miss	0
006	45	Response	52	6639674	3627	1
006	45	Response	53	6658634	22588	2
006	45	Sound	P1/tapping1	6661047	25000	1			25000		other	0
006	45	Response	53	6665034	28987	1
006	45	Response	53	6670473	34427	1
006	45	Response	53	6675674	39628	2
006	45	Response	53	6681113	45067	1
006	45	Response	53	6685754	49707	1
006	45	Response	53	6691273	55227	1
006	45	Response	53	6696714	60667	1
006	45	Response	53	6702313	66267	1
006	45	Sound	f05	6707546	71500	1			71500		other	0
006	45	Response	53	6708233	72187	2
006	45	Picture	2-112-1-2	6766364	130318	7	5166	7	130000	5000	incorrect	379
006	45	Response	52	6777994	141947	1
006	46	Response	53	6809113	22251	2
006	46	Sound	P1/tapping	6811862	25000	1			25000		other	0
006	46	Response	53	6814233	27371	1
006	46	Response	53	6819353	32491	1
006	46	Response	53	6823993	37132	2
006	46	Response	53	6829753	42891	2
006	46	Response	53	6835353	48491	1
006	46	Response	53	6840233	53371	1
006	46	Response	53	6845593	58731	2
006	46	Response	53	6850233	63371	1
006	46	Response	53	6855433	68571	1
006	46	Sound	f04	6858362	71500	1			71500		other	0
006	46	Picture	2-122-1-2	6917180	130318	7	5166	7	130000	5000	hit	393
006	46	Response	62	6929673	142811	1
006	47	Response	53	6953673	15996	2
006	47	Response	53	6958953	21276	1
006	47	Sound	P1/tapping	6962677	24999	1			25000		other	0
006	47	Response	53	6964634	26956	1
006	47	Response	53	6969113	31436	1
006	47	Response	53	6975033	37356	1
006	47	Response	53	6979993	42316	1
006	47	Response	53	6985753	48076	2
006	47	Response	53	6990713	53035	2
006	47	Response	53	6996313	58635	1
006	47	Response	53	7001353	63676	1
006	47	Response	53	7006313	68636	1
006	47	Sound	n13	7009177	71499	1			71500		other	0
006	47	Picture	3-222-1-3	7067996	130318	7	5166	7	130000	5000	hit	408
006	47	Response	62	7083354	145677	2
006	48	Response	53	7106633	18140	1
006	48	Response	53	7113193	24700	1
006	48	Sound	P1/tapping	7113494	25000	1			25000		other	0
006	48	Response	53	7118633	30140	1
006	48	Response	53	7123113	34620	1
006	48	Response	53	7128953	40460	2
006	48	Response	53	7134473	45980	1
006	48	Response	53	7140313	51820	1
006	48	Response	53	7145753	57260	1
006	48	Response	53	7151113	62620	1
006	48	Response	53	7156633	68140	2
006	48	Sound	f21	7159993	71500	1			71500		other	0
006	48	Picture	3-112-1-3	7218811	130318	7	5166	7	130000	5000	incorrect	422
006	48	Response	52	7232153	143660	1
006	49	Sound	P0/none1	7264309	25000	1			25000		other	0
006	49	Sound	test25	7310809	71501	1			71500		other	0
006	49	Picture	3-211-1-3	7369627	130318	7	5166	7	130000	5000	hit	426
006	49	Response	61	7384794	145485	1
006	50	Sound	P0/none	7415124	25000	1			25000		other	0
006	50	Sound	test12	7461625	71500	1			71500		other	0
006	50	Picture	2-221-1-2	7520443	130318	7	5166	7	130000	5000	hit	430
006	50	Response	62	7533513	143389	1
006	51	Sound	P0/none	7565941	25001	1			25000		other	0
006	51	Sound	n03	7612440	71500	1			71500		other	0
006	51	Picture	2-111-1-2	7671258	130318	7	5166	7	130000	5000	hit	434
006	51	Response	61	7679433	138493	1
006	52	Sound	P0/none	7716755	24999	1			25000		other	0
006	52	Sound	f23	7763256	71501	1			71500		other	0
006	52	Picture	2-121-1-2	7822074	130318	7	5166	7	130000	5000	hit	438
006	52	Response	62	7832953	141197	2
006	53	Response	53	7862233	19661	1
006	53	Sound	P1/tapping1	7867572	25001	1			25000		other	0
006	53	Response	53	7869673	27101	1
006	53	Response	53	7874074	31502	2
006	53	Response	53	7879193	36621	1
006	53	Response	53	7883993	41421	1
006	53	Response	53	7888313	45741	1
006	53	Response	53	7893433	50861	1
006	53	Response	53	7897913	55342	1
006	53	Response	53	7902153	59582	1
006	53	Response	53	7907113	64541	1
006	53	Response	53	7911273	68701	1
006	53	Sound	f02	7914072	71501	1			71500		other	0
006	53	Picture	2-122-1-2	7972890	130318	7	5166	7	130000	5000	hit	453
006	53	Response	62	7983513	140941	1
006	54	Response	53	8011833	18445	1
006	54	Response	53	8016873	23485	2
006	54	Sound	P1/tapping	8018387	25000	1			25000		other	0
006	54	Response	53	8021673	28286	1
006	54	Response	53	8026633	33246	1
006	54	Response	53	8030794	37407	2
006	54	Response	53	8036634	43246	2
006	54	Response	53	8041753	48366	1
006	54	Response	53	8047593	54206	1
006	54	Response	53	8052473	59086	2
006	54	Response	53	8057273	63886	1
006	54	Response	53	8062472	69085	1
006	54	Sound	test15	8064887	71500	1			71500		other	0
006	54	Picture	3-222-1-3	8123705	130318	7	5166	7	130000	5000	hit	468
006	54	Response	62	8137673	144286	1
006	55	Sound	P1/tapping	8169203	25000	1			25000		other	0
006	55	Response	53	8171834	27631	2
006	55	Response	53	8177433	33230	1
006	55	Response	53	8182312	38110	1
006	55	Response	53	8187353	43150	1
006	55	Response	53	8191833	47630	1
006	55	Response	53	8197113	52910	1
006	55	Response	53	8201593	57390	1
006	55	Response	53	8206153	61950	1
006	55	Response	53	8210233	66030	1
006	55	Response	53	8215513	71310	2
006	55	Sound	test11	8215704	71501	1			71500		other	0
006	55	Picture	2-212-1-2	8274521	130318	7	5166	7	130000	5000	incorrect	482
006	55	Response	52	8293193	148990	1
006	56	Response	53	8312873	17854	1
006	56	Response	53	8318233	23214	1
006	56	Sound	P1/tapping	8320019	25000	1			25000		other	0
006	56	Response	53	8322553	27534	1
006	56	Response	53	8327673	32654	1
006	56	Response	53	8332713	37694	2
006	56	Response	53	8337753	42734	1
006	56	Response	53	8342552	47534	1
006	56	Response	53	8348073	53054	1
006	56	Response	53	8351833	56814	1
006	56	Response	53	8356553	61534	2
006	56	Response	53	8360632	65614	1
006	56	Response	53	8365353	70334	1
006	56	Sound	n06	8366519	71501	1			71500		other	0
006	56	Picture	3-222-1-3	8425337	130318	7	5166	7	130000	5000	hit	498
006	56	Response	62	8438873	143855	1
006	57	Sound	P2/both1	8470834	24999	1			25000		other	0
006	57	Response	53	8472713	26879	1
006	57	Response	53	8477353	31519	2
006	57	Response	53	8482233	36399	2
006	57	Response	53	8488232	42398	1
006	57	Response	53	8494232	48398	1
006	57	Response	53	8498633	52798	1
006	57	Response	53	8505593	59758	2
006	57	Response	53	8511753	65918	1
006	57	Sound	n11	8517334	71500	1			71500		other	0
006	57	Picture	2-124-1-2	8576152	130318	7	5166	7	130000	5000	hit	510
006	57	Response	62	8587113	141278	2
006	58	Sound	P2/both	8621650	25000	1			25000		other	0
006	58	Response	53	8623992	27342	2
006	58	Response	53	8628793	32143	1
006	58	Response	53	8633833	37183	1
006	58	Response	53	8639753	43103	3
006	58	Response	53	8645753	49103	2
006	58	Response	53	8651513	54863	2
006	58	Response	53	8658233	61583	1
006	58	Response	53	8663432	66782	1
006	58	Sound	n14	8668148	71498	1			71500		other	0
006	58	Picture	3-124-1-3	8726968	130318	7	5166	7	130000	5000	incorrect	522
006	58	Response	51	8736553	139903	1
006	59	Sound	P2/both	8772466	25000	1			25000		other	0
006	59	Response	53	8774472	27006	1
006	59	Response	53	8778954	31488	4
006	59	Response	53	8784553	37087	1
006	59	Response	53	8790553	43087	1
006	59	Response	53	8796393	48928	2
006	59	Response	53	8803673	56207	2
006	59	Response	53	8809033	61567	1
006	59	Response	53	8814713	67247	2
006	59	Sound	f14	8818965	71500	1			71500		other	0
006	59	Response	53	8820873	73407	1
006	59	Picture	3-124-1-3	8877784	130318	7	5166	7	130000	5000	hit	535
006	59	Response	62	8886553	139087	1
006	60	Sound	P2/both	8923280	24999	1			25000		other	0
006	60	Response	53	8925352	27071	1
006	60	Response	53	8930393	32111	1
006	60	Response	53	8935432	37151	1
006	60	Response	53	8941353	43071	1
006	60	Response	53	8947192	48911	1
006	60	Response	53	8953032	54751	2
006	60	Response	53	8959033	60752	1
006	60	Response	53	8965112	66831	2
006	60	Sound	n07	8969782	71501	1			71500		other	0
006	60	Picture	2-214-1-2	9028599	130318	7	5166	7	130000	5000	hit	547
006	60	Response	61	9041833	143551	2


Event Type	Code	Type	Response	RT	RT Uncertainty	Time	Uncertainty	Duration	Uncertainty	ReqTime	ReqDur

Sound	P0/none1	other				25162	1			25000
Sound	f01	other				71661	1			71500
Picture	2-111-1-2	hit	1	13358	8	130478	7	5166	7	130000	5000
Sound	P0/none	other				175975	1			25000
Sound	test01	other				222477	1			71500
Picture	2-211-1-2	hit	1	7502	8	281294	7	5166	7	130000	5000
Sound	P0/none	other				326791	1			25000
Sound	test22	other				373291	1			71500
Picture	3-211-1-3	incorrect	2	12606	8	432110	7	5166	7	130000	5000
Sound	P0/none	other				477606	1			25000
Sound	f07	other				524107	1			71500
Picture	2-121-1-2	incorrect	1	16431	7	582925	7	5166	7	130000	5000
Sound	P2/beat1	other				628422	1			25000
Sound	f03	other				674922	1			71500
Picture	2-123-1-2	hit	2	9135	7	733741	7	5166	7	130000	5000
Sound	P2/beat	other				779238	1			25000
Sound	n12	other				825738	1			71500
Picture	3-123-1-3	incorrect	1	12160	7	884556	7	5166	7	130000	5000
Sound	P2/beat	other				930053	1			25000
Sound	test10	other				976555	1			71500
Picture	2-213-1-2	incorrect	2	14944	7	1035372	7	5166	7	130000	5000
Sound	P2/beat	other				1080869	1			25000
Sound	f17	other				1127368	1			71500
Picture	3-113-1-3	hit	1	6929	7	1186187	7	5166	7	130000	5000
Sound	P0/none1	other				1231685	1			25000
Sound	f09	other				1278186	1			71500
Picture	2-111-1-2	incorrect	2	8753	7	1337003	7	5166	7	130000	5000
Sound	P0/none	other				1382500	1			25000
Sound	test02	other				1429000	1			71500
Picture	2-221-1-2	hit	2	7777	7	1487818	7	5166	7	130000	5000
Sound	P0/none	other				1533316	1			25000
Sound	f20	other				1579816	1			71500
Picture	3-121-1-3	hit	2	13923	8	1638634	7	5166	7	130000	5000
Sound	P0/none	other				1684132	1			25000
Sound	test21	other				1730633	1			71500
Picture	3-221-1-3	hit	2	15426	8	1789449	7	5166	7	130000	5000
Sound	P1/tapping1	other				1834947	1			25000
Sound	test04	other				1881447	1			71500
Picture	2-212-1-2	miss				1940265	7	5166	7	130000	5000
Sound	P1/tapping	other				1985762	1			25000
Sound	test23	other				2032261	1			71500
Picture	3-222-1-3	hit	2	12434	8	2091081	7	5166	7	130000	5000
Sound	P1/tapping	other				2136578	1			25000
Sound	test06	other				2183078	1			71500
Picture	2-222-1-2	hit	2	13219	7	2241896	7	5166	7	130000	5000
Sound	P1/tapping	other				2287393	1			25000
Sound	test07	other				2333893	1			71500
Picture	2-212-1-2	incorrect	2	12324	8	2392712	7	5166	7	130000	5000
Sound	P2/both1	other				2438209	1			25000
Sound	n01	other				2484710	1			71500
Picture	3-214-1-3	hit	1	16788	7	2543527	7	5166	7	130000	5000
Sound	P2/both	other				2589025	1			25000
Sound	f22	other				2635525	1			71500
Picture	3-124-1-3	hit	2	15172	7	2694343	7	5166	7	130000	5000
Sound	P2/both	other				2739840	1			25000
Sound	f19	other				2786339	1			71500
Picture	3-114-1-3	hit	1	6598	8	2845158	7	5166	7	130000	5000
Sound	P2/both	other				2890656	1			25000
Sound	test16	other				2937156	1			71500
Picture	3-224-1-3	hit	2	13221	7	2995974	7	5166	7	130000	5000
Sound	P1/tapping1	other				3041472	1			25000
Sound	test05	other				3087970	1			71500
Picture	2-222-1-2	hit	2	14886	7	3146789	7	5166	7	130000	5000
Sound	P1/tapping	other				3192286	1			25000
Sound	test08	other				3238787	1			71500
Picture	2-212-1-2	hit	1	15750	7	3297605	7	5166	7	130000	5000
Sound	P1/tapping	other				3343102	1			25000
Sound	test14	other				3389602	1			71500
Picture	3-212-1-3	hit	1	8934	8	3448421	7	5166	7	130000	5000
Sound	P1/tapping	other				3493916	1			25000
Sound	test19	other				3540419	1			71500
Picture	3-212-1-3	hit	1	11559	7	3599236	7	5166	7	130000	5000
Sound	P2/beat1	other				3644733	1			25000
Sound	f15	other				3691233	1			71500
Picture	3-113-1-3	hit	1	6343	8	3750052	7	5166	7	130000	5000
Sound	P2/beat	other				3795549	1			25000
Sound	f16	other				3842049	1			71500
Picture	3-123-1-3	hit	2	14087	7	3900867	7	5166	7	130000	5000
Sound	P2/beat	other				3946365	1			25000
Sound	f18	other				3992865	1			71500
Picture	3-113-1-3	hit	1	9192	7	4051683	7	5166	7	130000	5000
Sound	P2/beat	other				4097181	1			25000
Sound	test18	other				4143680	1			71500
Picture	3-223-1-3	incorrect	1	5656	7	4202499	7	5166	7	130000	5000
Sound	P2/both1	other				4247996	1			25000
Sound	f10	other				4294496	1			71500
Picture	2-114-1-2	hit	1	8440	7	4353314	7	5166	7	130000	5000
Sound	P2/both	other				4398813	1			25000
Sound	f12	other				4445312	1			71500
Picture	2-114-1-2	incorrect	2	15784	7	4504130	7	5166	7	130000	5000
Sound	P2/both	other				4549627	1			25000
Sound	n05	other				4596127	1			71500
Picture	3-124-1-3	hit	2	18089	7	4654945	7	5166	7	130000	5000
Sound	P2/both	other				4700443	1			25000
Sound	f13	other				4746943	1			71500
Picture	3-124-1-3	hit	2	11433	7	4805761	7	5166	7	130000	5000
Sound	P0/none1	other				4851258	1			25000
Sound	n09	other				4897760	1			71500
Picture	3-211-1-3	hit	1	5498	8	4956577	7	5166	7	130000	5000
Sound	P0/none	other				5002074	1			25000
Sound	test13	other				5048573	1			71500
Picture	3-221-1-3	hit	2	10362	7	5107392	7	5166	7	130000	5000
Sound	P0/none	other				5152890	1			25000
Sound	f11	other				5199389	1			71500
Picture	2-111-1-2	hit	1	17707	7	5258208	7	5166	7	130000	5000
Sound	P0/none	other				5303705	1			25000
Sound	test17	other				5350206	1			71500
Picture	2-211-2-2	incorrect	2	15691	7	5409023	7	5166	7	130000	5000
Sound	P2/both1	other				5454520	1			25000
Sound	f06	other				5501021	1			71500
Picture	2-114-1-2	incorrect	2	20235	8	5559839	7	5166	7	130000	5000
Sound	P2/both	other				5605336	1			25000
Sound	f24	other				5651836	1			71500
Picture	3-114-1-3	hit	1	6140	8	5710655	7	5166	7	130000	5000
Sound	P2/both	other				5756152	1			25000
Sound	f08	other				5802651	1			71500
Picture	2-114-1-2	hit	1	14763	8	5861470	7	5166	7	130000	5000
Sound	P2/both	other				5906967	1			25000
Sound	n04	other				5953467	1			71500
Picture	2-224-1-2	hit	2	9148	7	6012286	7	5166	7	130000	5000
Sound	P2/beat1	other				6057784	1			25000
Sound	test09	other				6104283	1			71500
Picture	2-223-1-2	hit	2	18412	7	6163102	7	5166	7	130000	5000
Sound	P2/beat	other				6208599	1			25000
Sound	test03	other				6255099	1			71500
Picture	2-213-1-2	hit	1	10796	9	6313917	7	5166	7	130000	5000
Sound	P2/beat	other				6359414	1			25000
Sound	n10	other				6405915	1			71500
Picture	3-123-1-3	hit	2	12701	8	6464733	7	5166	7	130000	5000
Sound	P2/beat	other				6510230	1			25000
Sound	test24	other				6556731	1			71500
Picture	3-223-1-3	miss				6615549	7	5166	7	130000	5000
Sound	P1/tapping1	other				6661047	1			25000
Sound	f05	other				6707546	1			71500
Picture	2-112-1-2	incorrect	2	11630	8	6766364	7	5166	7	130000	5000
Sound	P1/tapping	other				6811862	1			25000
Sound	f04	other				6858362	1			71500
Picture	2-122-1-2	hit	2	12493	7	6917180	7	5166	7	130000	5000
Sound	P1/tapping	other				6962677	1			25000
Sound	n13	other				7009177	1			71500
Picture	3-222-1-3	hit	2	15359	8	7067996	7	5166	7	130000	5000
Sound	P1/tapping	other				7113494	1			25000
Sound	f21	other				7159993	1			71500
Picture	3-112-1-3	incorrect	2	13342	7	7218811	7	5166	7	130000	5000
Sound	P0/none1	other				7264309	1			25000
Sound	test25	other				7310809	1			71500
Picture	3-211-1-3	hit	1	15167	7	7369627	7	5166	7	130000	5000
Sound	P0/none	other				7415124	1			25000
Sound	test12	other				7461625	1			71500
Picture	2-221-1-2	hit	2	13071	7	7520443	7	5166	7	130000	5000
Sound	P0/none	other				7565941	1			25000
Sound	n03	other				7612440	1			71500
Picture	2-111-1-2	hit	1	8175	7	7671258	7	5166	7	130000	5000
Sound	P0/none	other				7716755	1			25000
Sound	f23	other				7763256	1			71500
Picture	2-121-1-2	hit	2	10879	8	7822074	7	5166	7	130000	5000
Sound	P1/tapping1	other				7867572	1			25000
Sound	f02	other				7914072	1			71500
Picture	2-122-1-2	hit	2	10623	7	7972890	7	5166	7	130000	5000
Sound	P1/tapping	other				8018387	1			25000
Sound	test15	other				8064887	1			71500
Picture	3-222-1-3	hit	2	13968	7	8123705	7	5166	7	130000	5000
Sound	P1/tapping	other				8169203	1			25000
Sound	test11	other				8215704	1			71500
Picture	2-212-1-2	incorrect	2	18672	7	8274521	7	5166	7	130000	5000
Sound	P1/tapping	other				8320019	1			25000
Sound	n06	other				8366519	1			71500
Picture	3-222-1-3	hit	2	13537	7	8425337	7	5166	7	130000	5000
Sound	P2/both1	other				8470834	1			25000
Sound	n11	other				8517334	1			71500
Picture	2-124-1-2	hit	2	10960	8	8576152	7	5166	7	130000	5000
Sound	P2/both	other				8621650	1			25000
Sound	n14	other				8668148	1			71500
Picture	3-124-1-3	incorrect	1	9584	7	8726968	7	5166	7	130000	5000
Sound	P2/both	other				8772466	1			25000
Sound	f14	other				8818965	1			71500
Picture	3-124-1-3	hit	2	8769	7	8877784	7	5166	7	130000	5000
Sound	P2/both	other				8923280	1			25000
Sound	n07	other				8969782	1			71500
Picture	2-214-1-2	hit	1	13233	8	9028599	7	5166	7	130000	5000


{
   "app": "Presentation Version 22.1 Build 01.21.21",
   "device": "Dell Inc. OptiPlex 7050",
   "experiment": "{C8E97CB4-6FCA-44FA-B866-4A2D94B6B85C}",
   "os": "Windows 10 64 bit",
   "package": "",
   "parameters": {
      "configuration": "Default configuration"
   },
   "scenario": "entrain_list1_sess1_EB.sce",
   "subject": "006",
   "timestamp": "2022/04/05 08:00:22 GMT"
}
