Scenario - test												
Logfile written - 11/09/2022 16:07:25												
												
Subject	Trial	Event Type	Code	Time	TTime	Uncertainty	Duration	Uncertainty	ReqTime	ReqDur	Stim Type	Pair Index
												
18	1	Sound	P2/beat1	25160	25000	1			25000		other	0
18	1	Sound	n05	71660	71500	1			71500		other	0
18	1	Picture	3-113-1-3	130478	130318	7	5166	7	130000	5000	incorrect	4
18	1	Response	52	143467	143306	1						
18	2	Sound	P2/beat	175975	25000	1			25000		other	0
18	2	Sound	f05	222475	71500	1			71500		other	0
18	2	Picture	3-113-1-3	281293	130318	7	5166	7	130000	5000	hit	8
18	2	Response	61	291147	140171	1						
18	3	Sound	P2/beat	326791	25000	1			25000		other	0
18	3	Sound	n01	373290	71500	1			71500		other	0
18	3	Picture	3-223-1-3	432108	130317	7	5166	7	130000	5000	hit	12
18	3	Response	62	443866	142076	1						
18	4	Sound	P2/beat	477605	25000	1			25000		other	0
18	4	Sound	test15	524105	71500	1			71500		other	0
18	4	Picture	2-223-1-2	582923	130318	7	5166	7	130000	5000	hit	16
18	4	Response	62	599386	146781	1						
18	5	Sound	P1/tapping1	628420	25000	1			25000		other	0
18	5	Response	53	634266	30845	1						
18	5	Response	53	640346	36925	1						
18	5	Response	53	645946	42525	1						
18	5	Response	53	652986	49565	2						
18	5	Response	53	658266	54845	1						
18	5	Response	53	663786	60365	1						
18	5	Response	53	669546	66125	1						
18	5	Sound	f08	674921	71500	1			71500		other	0
18	5	Picture	3-122-2-3	733738	130317	7	5166	7	130000	5000	hit	27
18	5	Response	62	751226	147806	1						
18	6	Sound	P1/tapping	779235	25000	1			25000		other	0
18	6	Response	53	784826	30590	2						
18	6	Response	53	790826	36591	1						
18	6	Response	53	796746	42510	1						
18	6	Response	53	802106	47871	1						
18	6	Response	53	807786	53550	1						
18	6	Response	53	813386	59150	1						
18	6	Response	53	818506	64270	1						
18	6	Response	53	823386	69151	2						
18	6	Sound	f01	825735	71500	1			71500		other	0
18	6	Picture	2-122-1-2	884553	130318	7	5166	7	130000	5000	hit	39
18	6	Response	62	897707	143471	3						
18	7	Sound	P1/tapping	930050	25000	1			25000		other	0
18	7	Response	53	934507	29456	2						
18	7	Response	53	940026	34976	2						
18	7	Response	53	945546	40495	1						
18	7	Response	53	950826	45775	1						
18	7	Response	53	956186	51135	1						
18	7	Response	53	962186	57135	1						
18	7	Response	53	967786	62735	2						
18	7	Response	53	976106	71055	1						
18	7	Sound	n03	976551	71500	1			71500		other	0
18	7	Picture	3-122-1-3	1035368	130317	7	5166	7	130000	5000	hit	51
18	7	Response	62	1049946	144895	1						
18	8	Sound	P1/tapping	1080865	25000	1			25000		other	0
18	8	Response	53	1086106	30240	1						
18	8	Response	53	1091545	35680	2						
18	8	Response	53	1097386	41520	2						
18	8	Response	53	1102826	46960	1						
18	8	Response	53	1108746	52881	2						
18	8	Response	53	1114106	58241	3						
18	8	Response	53	1119146	63281	3						
18	8	Sound	test18	1127365	71500	1			71500		other	0
18	8	Picture	3-212-1-3	1186183	130317	7	5166	7	130000	5000	hit	62
18	8	Response	61	1198265	142400	2						
18	9	Sound	P2/both1	1231680	25000	1			25000		other	0
18	9	Response	53	1237145	30465	1						
18	9	Response	53	1242906	36226	1						
18	9	Response	53	1249066	42386	2						
18	9	Response	53	1254985	48305	1						
18	9	Response	53	1260586	53905	1						
18	9	Response	53	1266105	59425	1						
18	9	Response	53	1272427	65746	3						
18	9	Sound	test13	1278180	71500	1			71500		other	0
18	9	Response	53	1278986	72305	1						
18	9	Picture	3-214-1-3	1336998	130317	7	5166	7	130000	5000	incorrect	74
18	9	Response	52	1351066	144385	1						
18	10	Sound	P2/both	1382495	25000	1			25000		other	0
18	10	Sound	test04	1428995	71500	1			71500		other	0
18	10	Picture	2-224-1-2	1487813	130318	7	5166	7	130000	5000	incorrect	78
18	10	Response	51	1503225	145730	1						
18	11	Sound	P2/both	1533310	25000	1			25000		other	0
18	11	Response	53	1534746	26435	1						
18	11	Response	53	1539865	31555	1						
18	11	Response	53	1545066	36756	3						
18	11	Response	53	1550905	42595	1						
18	11	Response	53	1556505	48195	2						
18	11	Response	53	1562425	54114	1						
18	11	Response	53	1568345	60035	1						
18	11	Response	53	1574185	65875	1						
18	11	Sound	f15	1579810	71500	1			71500		other	0
18	11	Picture	3-124-1-3	1638628	130317	7	5166	7	130000	5000	hit	90
18	11	Response	62	1649385	141075	2						
18	12	Sound	P2/both	1684125	25000	1			25000		other	0
18	12	Response	53	1685945	26820	1						
18	12	Response	53	1690665	31540	1						
18	12	Response	53	1696025	36899	1						
18	12	Response	53	1701706	42581	3						
18	12	Response	53	1707705	48580	1						
18	12	Response	53	1712905	53780	2						
18	12	Response	53	1718665	59540	1						
18	12	Response	53	1725065	65940	1						
18	12	Sound	f21	1730625	71500	1			71500		other	0
18	12	Picture	3-124-1-3	1789443	130317	7	5166	7	130000	5000	hit	102
18	12	Response	62	1802905	143780	1						
18	13	Sound	P0/none1	1834940	25000	1			25000		other	0
18	13	Sound	n07	1881440	71500	1			71500		other	0
18	13	Picture	2-221-1-2	1940258	130318	7	5166	7	130000	5000	incorrect	106
18	13	Response	51	1950105	140164	1						
18	14	Sound	P0/none	1985755	25000	1			25000		other	0
18	14	Sound	n04	2032255	71500	1			71500		other	0
18	14	Picture	2-211-1-2	2091073	130317	7	5166	7	130000	5000	hit	110
18	14	Response	61	2100985	140229	2						
18	15	Sound	P0/none	2136570	25000	1			25000		other	0
18	15	Sound	f03	2183070	71500	1			71500		other	0
18	15	Picture	2-111-1-2	2241888	130318	7	5166	7	130000	5000	hit	114
18	15	Response	61	2255545	143974	1						
18	16	Sound	P0/none	2287385	25000	1			25000		other	0
18	16	Sound	test05	2333885	71500	1			71500		other	0
18	16	Picture	2-211-1-2	2392703	130317	7	5166	7	130000	5000	hit	118
18	16	Response	61	2402745	140359	1						
18	17	Sound	P2/beat1	2438200	25000	1			25000		other	0
18	17	Sound	test16	2484700	71500	1			71500		other	0
18	17	Picture	3-213-1-3	2543518	130317	7	5166	7	130000	5000	hit	122
18	17	Response	61	2553464	140264	1						
18	18	Sound	P2/beat	2589015	25000	1			25000		other	0
18	18	Sound	f11	2635515	71500	1			71500		other	0
18	18	Picture	3-113-1-3	2694333	130317	7	5166	7	130000	5000	hit	126
18	18	Response	61	2704344	140329	1						
18	19	Sound	P2/beat	2739830	25000	1			25000		other	0
18	19	Sound	test07	2786330	71500	1			71500		other	0
18	19	Picture	2-223-1-2	2845148	130317	7	5166	7	130000	5000	hit	130
18	19	Response	62	2858264	143433	1						
18	20	Sound	P2/beat	2890645	25000	1			25000		other	0
18	20	Sound	f23	2937146	71500	1			71500		other	0
18	20	Picture	2-113-1-2	2995963	130317	7	5166	7	130000	5000	hit	134
18	20	Response	61	3008264	142618	1						
18	21	Sound	P0/none1	3041461	25000	1			25000		other	0
18	21	Sound	test23	3087961	71500	1			71500		other	0
18	21	Picture	2-221-2-2	3146778	130317	7	5166	7	130000	5000	hit	138
18	21	Response	62	3157944	141483	1						
18	22	Sound	P0/none	3192276	25000	1			25000		other	0
18	22	Sound	f24	3238775	71500	1			71500		other	0
18	22	Picture	3-121-1-3	3297593	130317	7	5166	7	130000	5000	hit	142
18	22	Response	62	3312344	145068	1						
18	23	Sound	P0/none	3343090	25000	1			25000		other	0
18	23	Sound	n06	3389591	71500	1			71500		other	0
18	23	Picture	3-211-1-3	3448408	130318	7	5166	7	130000	5000	hit	146
18	23	Response	61	3460024	141933	1						
18	24	Sound	P0/none	3493905	25000	1			25000		other	0
18	24	Sound	test24	3540406	71500	1			71500		other	0
18	24	Picture	2-221-1-2	3599223	130318	7	5166	7	130000	5000	hit	150
18	24	Response	62	3612503	143598	1						
18	25	Sound	P1/tapping1	3644721	25000	1			25000		other	0
18	25	Response	53	3648823	29103	1						
18	25	Response	53	3654024	34303	1						
18	25	Response	53	3659384	39663	2						
18	25	Response	53	3664743	45023	1						
18	25	Response	53	3670743	51023	1						
18	25	Response	53	3675943	56223	1						
18	25	Response	53	3681223	61503	1						
18	25	Response	53	3685943	66223	1						
18	25	Sound	test02	3691220	71500	1			71500		other	0
18	25	Picture	2-212-1-2	3750038	130318	7	5166	7	130000	5000	hit	162
18	25	Response	61	3766263	146542	1						
18	26	Sound	P1/tapping	3795535	25000	1			25000		other	0
18	26	Response	53	3799703	29167	1						
18	26	Response	53	3804983	34447	1						
18	26	Response	53	3810263	39727	1						
18	26	Response	53	3815623	45087	1						
18	26	Response	53	3820983	50447	2						
18	26	Response	53	3826024	55488	1						
18	26	Response	53	3831223	60687	1						
18	26	Response	53	3836663	66127	2						
18	26	Response	53	3841223	70687	1						
18	26	Sound	f14	3842036	71500	1			71500		other	0
18	26	Picture	2-122-2-2	3900853	130318	7	5166	7	130000	5000	hit	175
18	26	Response	62	3913143	142607	2						
18	27	Sound	P1/tapping	3946351	25000	1			25000		other	0
18	27	Response	53	3950583	29232	1						
18	27	Response	53	3956503	35152	1						
18	27	Response	53	3962103	40752	1						
18	27	Response	53	3967303	45952	2						
18	27	Response	53	3972663	51312	1						
18	27	Response	53	3977703	56352	1						
18	27	Response	53	3983064	61713	2						
18	27	Response	53	3988263	66912	1						
18	27	Sound	f17	3992851	71500	1			71500		other	0
18	27	Picture	3-122-1-3	4051668	130318	7	5166	7	130000	5000	hit	187
18	27	Response	62	4066183	144832	1						
18	28	Sound	P1/tapping	4097166	25000	1			25000		other	0
18	28	Response	53	4101303	29137	1						
18	28	Response	53	4106583	34417	1						
18	28	Response	53	4112423	40257	2						
18	28	Response	53	4116583	44417	1						
18	28	Response	53	4121863	49697	2						
18	28	Response	53	4126023	53857	1						
18	28	Response	53	4131863	59697	1						
18	28	Response	53	4136983	64817	1						
18	28	Response	53	4141463	69297	1						
18	28	Sound	test17	4143666	71500	1			71500		other	0
18	28	Picture	2-222-2-2	4202483	130318	7	5166	7	130000	5000	incorrect	200
18	28	Response	51	4213943	141777	2						
18	29	Sound	P2/beat1	4247981	25000	1			25000		other	0
18	29	Sound	f10	4294481	71500	1			71500		other	0
18	29	Picture	2-123-1-2	4353299	130318	7	5166	7	130000	5000	hit	204
18	29	Response	62	4367543	144562	1						
18	30	Sound	P2/beat	4398796	25000	1			25000		other	0
18	30	Sound	test01	4445296	71500	1			71500		other	0
18	30	Picture	2-223-1-2	4504114	130318	7	5166	7	130000	5000	hit	208
18	30	Response	62	4517062	143266	1						
18	31	Sound	P2/beat	4549611	25000	1			25000		other	0
18	31	Sound	test12	4596111	71500	1			71500		other	0
18	31	Picture	2-213-1-2	4654929	130317	7	5166	7	130000	5000	incorrect	212
18	31	Response	52	4669143	144531	1						
18	32	Sound	P2/beat	4700426	25000	1			25000		other	0
18	32	Sound	test08	4746926	71500	1			71500		other	0
18	32	Picture	2-223-1-2	4805744	130317	7	5166	7	130000	5000	hit	216
18	32	Response	62	4820502	145076	1						
18	33	Sound	P2/both1	4851241	25000	1			25000		other	0
18	33	Response	53	4857062	30821	1						
18	33	Response	53	4862982	36741	2						
18	33	Response	53	4868982	42741	1						
18	33	Response	53	4875062	48821	1						
18	33	Response	53	4881142	54901	2						
18	33	Response	53	4886823	60581	1						
18	33	Response	53	4892182	65941	1						
18	33	Sound	f09	4897741	71500	1			71500		other	0
18	33	Picture	3-114-1-3	4956559	130318	7	5166	7	130000	5000	hit	227
18	33	Response	61	4965622	139381	1						
18	34	Sound	P2/both	5002056	25000	1			25000		other	0
18	34	Response	53	5003782	26726	1						
18	34	Response	53	5008502	31446	1						
18	34	Response	53	5014182	37126	1						
18	34	Response	53	5019782	42726	1						
18	34	Response	53	5025542	48486	1						
18	34	Response	53	5031382	54326	1						
18	34	Response	53	5037382	60326	1						
18	34	Response	53	5043222	66166	1						
18	34	Sound	test03	5048556	71500	1			71500		other	0
18	34	Picture	3-214-1-3	5107374	130318	7	5166	7	130000	5000	hit	239
18	34	Response	61	5117542	140485	2						
18	35	Sound	P2/both	5152872	25000	1			25000		other	0
18	35	Response	53	5154822	26950	1						
18	35	Response	53	5159462	31590	1						
18	35	Response	53	5164982	37110	1						
18	35	Response	53	5170742	42870	1						
18	35	Response	53	5176503	48631	2						
18	35	Response	53	5182422	54550	1						
18	35	Response	53	5188103	60231	2						
18	35	Response	53	5194102	66230	1						
18	35	Sound	f04	5199371	71500	1			71500		other	0
18	35	Picture	3-114-1-3	5258189	130317	7	5166	7	130000	5000	hit	251
18	35	Response	61	5268902	141030	1						
18	36	Response	53	5300982	22295	1						
18	36	Sound	P2/both	5303687	25000	1			25000		other	0
18	36	Response	53	5308822	30135	1						
18	36	Response	53	5314662	35975	1						
18	36	Response	53	5320742	42055	1						
18	36	Response	53	5326502	47815	1						
18	36	Response	53	5332502	53815	1						
18	36	Response	53	5338262	59575	1						
18	36	Response	53	5344262	65575	1						
18	36	Sound	f18	5350186	71500	1			71500		other	0
18	36	Picture	2-114-2-2	5409004	130317	7	5166	7	130000	5000	hit	263
18	36	Response	61	5425542	146855	2						
18	37	Sound	P0/none1	5454501	25000	1			25000		other	0
18	37	Sound	f19	5501002	71500	1			71500		other	0
18	37	Picture	3-121-1-3	5559819	130318	7	5166	7	130000	5000	incorrect	267
18	37	Response	51	5569702	140200	1						
18	38	Sound	P0/none	5605317	25000	1			25000		other	0
18	38	Sound	test09	5651817	71500	1			71500		other	0
18	38	Picture	2-211-1-2	5710635	130318	7	5166	7	130000	5000	incorrect	271
18	38	Response	52	5723702	143385	3						
18	39	Sound	P0/none	5756132	25000	1			25000		other	0
18	39	Sound	f02	5802632	71500	1			71500		other	0
18	39	Picture	3-121-2-3	5861450	130318	7	5166	7	130000	5000	hit	275
18	39	Response	62	5873622	142490	1						
18	40	Sound	P0/none	5906947	25000	1			25000		other	0
18	40	Sound	n13	5953447	71500	1			71500		other	0
18	40	Picture	2-221-1-2	6012265	130318	7	5166	7	130000	5000	hit	279
18	40	Response	62	6026741	144794	1						
18	41	Sound	P1/tapping1	6057762	25000	1			25000		other	0
18	41	Response	53	6059541	26779	1						
18	41	Response	53	6064501	31739	1						
18	41	Response	53	6070341	37579	1						
18	41	Response	53	6075541	42779	2						
18	41	Response	53	6080821	48059	1						
18	41	Response	53	6086261	53499	1						
18	41	Response	53	6091701	58939	2						
18	41	Response	53	6096661	63898	1						
18	41	Response	53	6101701	68939	1						
18	41	Sound	f16	6104262	71500	1			71500		other	0
18	41	Picture	3-112-1-3	6163080	130318	7	5166	7	130000	5000	hit	292
18	41	Response	61	6174021	141259	1						
18	42	Sound	P1/tapping	6208577	25000	1			25000		other	0
18	42	Response	53	6212901	29324	1						
18	42	Response	53	6218581	35004	2						
18	42	Response	53	6224421	40844	2						
18	42	Response	53	6229541	45964	2						
18	42	Response	53	6235221	51644	1						
18	42	Response	53	6240821	57244	1						
18	42	Response	53	6246341	62764	1						
18	42	Response	53	6251621	68044	1						
18	42	Sound	n14	6255077	71500	1			71500		other	0
18	42	Picture	3-112-1-3	6313895	130317	7	5166	7	130000	5000	hit	304
18	42	Response	61	6323781	140203	2						
18	43	Sound	P1/tapping	6359392	25000	1			25000		other	0
18	43	Response	53	6364261	29868	1						
18	43	Response	53	6370261	35868	1						
18	43	Response	53	6375061	40668	1						
18	43	Response	53	6380181	45788	1						
18	43	Response	53	6385781	51388	1						
18	43	Response	53	6391701	57308	1						
18	43	Response	53	6397061	62668	1						
18	43	Response	53	6401701	67308	1						
18	43	Sound	f07	6405892	71500	1			71500		other	0
18	43	Picture	2-112-1-2	6464710	130318	7	5166	7	130000	5000	incorrect	316
18	43	Response	52	6480821	146428	1						
18	44	Sound	P1/tapping	6510208	25000	1			25000		other	0
18	44	Response	53	6515061	29853	2						
18	44	Response	53	6520661	35453	2						
18	44	Response	53	6526101	40893	1						
18	44	Response	53	6531301	46093	1						
18	44	Response	53	6536661	51453	2						
18	44	Response	53	6541941	56733	2						
18	44	Response	53	6547221	62013	1						
18	44	Sound	n11	6556707	71500	1			71500		other	0
18	44	Picture	2-112-1-2	6615525	130317	7	5166	7	130000	5000	hit	327
18	44	Response	61	6627701	142493	1						
18	45	Sound	P2/both1	6661023	25000	1			25000		other	0
18	45	Response	53	6665861	29838	1						
18	45	Response	53	6671541	35518	1						
18	45	Response	53	6677301	41278	1						
18	45	Response	53	6683300	47278	1						
18	45	Response	53	6689541	53518	2						
18	45	Response	53	6695621	59598	1						
18	45	Response	53	6701621	65598	1						
18	45	Sound	test10	6707523	71500	1			71500		other	0
18	45	Response	53	6708100	72078	2						
18	45	Picture	2-224-1-2	6766340	130317	7	5166	7	130000	5000	hit	339
18	45	Response	62	6775781	139758	2						
18	46	Sound	P2/both	6811838	25000	1			25000		other	0
18	46	Response	53	6813301	26463	1						
18	46	Response	53	6817941	31103	2						
18	46	Response	53	6823861	37023	1						
18	46	Response	53	6829541	42703	4						
18	46	Response	53	6834661	47823	1						
18	46	Response	53	6840580	53742	1						
18	46	Response	53	6846821	59983	1						
18	46	Response	53	6852661	65823	1						
18	46	Sound	test14	6858338	71500	1			71500		other	0
18	46	Picture	3-224-1-3	6917155	130317	7	5166	7	130000	5000	hit	351
18	46	Response	62	6926261	139423	2						
18	47	Response	53	6962100	24447	1						
18	47	Sound	P2/both	6962653	25000	1			25000		other	0
18	47	Response	53	6967780	30127	1						
18	47	Response	53	6973860	36207	1						
18	47	Response	53	6979620	41967	2						
18	47	Response	53	6985700	48047	1						
18	47	Response	53	6991140	53487	1						
18	47	Response	53	6996822	59169	3						
18	47	Response	53	7003060	65407	2						
18	47	Sound	test21	7009153	71500	1			71500		other	0
18	47	Picture	2-224-2-2	7067971	130318	7	5166	7	130000	5000	incorrect	363
18	47	Response	51	7079380	141727	1						
18	48	Response	53	7113220	24752	1						
18	48	Sound	P2/both	7113468	25000	1			25000		other	0
18	48	Response	53	7118660	30192	1						
18	48	Response	53	7124341	35873	2						
18	48	Response	53	7130340	41872	1						
18	48	Response	53	7136100	47632	1						
18	48	Response	53	7142500	54032	1						
18	48	Response	53	7148660	60192	1						
18	48	Response	53	7154260	65792	1						
18	48	Sound	test11	7159968	71500	1			71500		other	0
18	48	Picture	3-224-1-3	7218786	130317	7	5166	7	130000	5000	hit	375
18	48	Response	62	7230500	142032	1						
18	49	Sound	P1/tapping1	7264283	25000	1			25000		other	0
18	49	Response	53	7266100	26817	1						
18	49	Response	53	7270820	31537	1						
18	49	Response	53	7277380	38097	1						
18	49	Response	53	7283061	43777	2						
18	49	Response	53	7289300	50017	2						
18	49	Response	53	7294820	55537	1						
18	49	Response	53	7300500	61217	2						
18	49	Response	53	7306100	66817	2						
18	49	Sound	f22	7310783	71500	1			71500		other	0
18	49	Picture	3-112-1-3	7369601	130318	7	5166	7	130000	5000	incorrect	387
18	49	Response	52	7381540	142257	1						
18	50	Response	53	7415055	24957	80						
18	50	Sound	P1/tapping	7415095	24997	41			25000		other	0
18	50	Response	53	7420340	30242	1						
18	50	Response	53	7427140	37041	1						
18	50	Response	53	7432740	42641	2						
18	50	Response	53	7438100	48002	1						
18	50	Response	53	7443620	53522	2						
18	50	Response	53	7449060	58961	2						
18	50	Response	53	7455380	65281	1						
18	50	Sound	n12	7461598	71500	1			71500		other	0
18	50	Picture	3-112-1-3	7520416	130318	7	5166	7	130000	5000	hit	399
18	50	Response	61	7529780	139682	1						
18	51	Sound	P1/tapping	7565913	25000	1			25000		other	0
18	51	Response	53	7566820	25906	2						
18	51	Response	53	7572101	31187	2						
18	51	Response	53	7578500	37586	1						
18	51	Response	53	7584500	43586	1						
18	51	Response	53	7590500	49586	1						
18	51	Response	53	7596579	55666	1						
18	51	Response	53	7602020	61106	1						
18	51	Response	53	7607540	66626	1						
18	51	Sound	test25	7612413	71500	1			71500		other	0
18	51	Picture	3-222-1-3	7671231	130318	7	5166	7	130000	5000	incorrect	411
18	51	Response	51	7682259	141346	1						
18	52	Sound	P1/tapping	7716728	25000	1			25000		other	0
18	52	Response	53	7719860	28131	1						
18	52	Response	53	7725219	33491	1						
18	52	Response	53	7731379	39651	2						
18	52	Response	53	7737219	45491	1						
18	52	Response	53	7742580	50852	2						
18	52	Response	53	7748739	57011	1						
18	52	Response	53	7754099	62371	1						
18	52	Response	53	7759539	67811	1						
18	52	Sound	f20	7763229	71500	1			71500		other	0
18	52	Picture	3-112-1-3	7822046	130318	7	5166	7	130000	5000	hit	423
18	52	Response	61	7833619	141891	1						
18	53	Sound	P0/none1	7867544	25000	1			25000		other	0
18	53	Sound	f12	7914044	71500	1			71500		other	0
18	53	Picture	3-111-1-3	7972862	130318	7	5166	7	130000	5000	hit	427
18	53	Response	61	7982100	139556	1						
18	54	Sound	P0/none	8018359	25000	1			25000		other	0
18	54	Sound	test06	8064859	71500	1			71500		other	0
18	54	Picture	2-211-1-2	8123677	130318	7	5166	7	130000	5000	hit	431
18	54	Response	61	8132819	139460	2						
18	55	Sound	P0/none	8169174	25000	1			25000		other	0
18	55	Sound	f06	8215674	71500	1			71500		other	0
18	55	Picture	2-121-1-2	8274492	130318	7	5166	7	130000	5000	incorrect	435
18	55	Response	51	8285059	140885	2						
18	56	Sound	P0/none	8319989	25000	1			25000		other	0
18	56	Sound	n10	8366489	71500	1			71500		other	0
18	56	Picture	3-111-1-3	8425307	130317	7	5166	7	130000	5000	hit	439
18	56	Response	61	8434899	139909	1						
18	57	Sound	P2/beat1	8470805	25000	1			25000		other	0
18	57	Sound	f13	8517304	71500	1			71500		other	0
18	57	Picture	2-123-1-2	8576122	130318	7	5166	7	130000	5000	hit	443
18	57	Response	62	8587699	141894	1						
18	58	Sound	P2/beat	8621619	25000	1			25000		other	0
18	58	Sound	test22	8668119	71500	1			71500		other	0
18	58	Picture	2-213-2-2	8726937	130318	7	5166	7	130000	5000	hit	447
18	58	Response	61	8736739	140119	1						
18	59	Sound	P2/beat	8772434	25000	1			25000		other	0
18	59	Sound	n09	8818934	71500	1			71500		other	0
18	59	Picture	3-223-1-3	8877752	130318	7	5166	7	130000	5000	hit	451
18	59	Response	62	8889618	142184	1						
18	60	Sound	P2/beat	8923250	25000	1			25000		other	0
18	60	Sound	test19	8969750	71500	1			71500		other	0
18	60	Picture	2-213-1-2	9028567	130318	7	5166	7	130000	5000	hit	455
18	60	Response	61	9040498	142248	1						
												
												
Event Type	Code	Type	Response	RT	RT Uncertainty	Time	Uncertainty	Duration	Uncertainty	ReqTime	ReqDur	
												
Sound	P2/beat1	other				25160	1			25000		
Sound	n05	other				71660	1			71500		
Picture	3-113-1-3	incorrect	2	12989	7	130478	7	5166	7	130000	5000	
Sound	P2/beat	other				175975	1			25000		
Sound	f05	other				222475	1			71500		
Picture	3-113-1-3	hit	1	9854	7	281293	7	5166	7	130000	5000	
Sound	P2/beat	other				326791	1			25000		
Sound	n01	other				373290	1			71500		
Picture	3-223-1-3	hit	2	11758	7	432108	7	5166	7	130000	5000	
Sound	P2/beat	other				477605	1			25000		
Sound	test15	other				524105	1			71500		
Picture	2-223-1-2	hit	2	16463	7	582923	7	5166	7	130000	5000	
Sound	P1/tapping1	other				628420	1			25000		
Sound	f08	other				674921	1			71500		
Picture	3-122-2-3	hit	2	17488	7	733738	7	5166	7	130000	5000	
Sound	P1/tapping	other				779235	1			25000		
Sound	f01	other				825735	1			71500		
Picture	2-122-1-2	hit	2	13154	9	884553	7	5166	7	130000	5000	
Sound	P1/tapping	other				930050	1			25000		
Sound	n03	other				976551	1			71500		
Picture	3-122-1-3	hit	2	14578	7	1035368	7	5166	7	130000	5000	
Sound	P1/tapping	other				1080865	1			25000		
Sound	test18	other				1127365	1			71500		
Picture	3-212-1-3	hit	1	12082	8	1186183	7	5166	7	130000	5000	
Sound	P2/both1	other				1231680	1			25000		
Sound	test13	other				1278180	1			71500		
Picture	3-214-1-3	incorrect	2	14068	7	1336998	7	5166	7	130000	5000	
Sound	P2/both	other				1382495	1			25000		
Sound	test04	other				1428995	1			71500		
Picture	2-224-1-2	incorrect	1	15412	7	1487813	7	5166	7	130000	5000	
Sound	P2/both	other				1533310	1			25000		
Sound	f15	other				1579810	1			71500		
Picture	3-124-1-3	hit	2	10757	8	1638628	7	5166	7	130000	5000	
Sound	P2/both	other				1684125	1			25000		
Sound	f21	other				1730625	1			71500		
Picture	3-124-1-3	hit	2	13462	7	1789443	7	5166	7	130000	5000	
Sound	P0/none1	other				1834940	1			25000		
Sound	n07	other				1881440	1			71500		
Picture	2-221-1-2	incorrect	1	9847	7	1940258	7	5166	7	130000	5000	
Sound	P0/none	other				1985755	1			25000		
Sound	n04	other				2032255	1			71500		
Picture	2-211-1-2	hit	1	9912	8	2091073	7	5166	7	130000	5000	
Sound	P0/none	other				2136570	1			25000		
Sound	f03	other				2183070	1			71500		
Picture	2-111-1-2	hit	1	13657	7	2241888	7	5166	7	130000	5000	
Sound	P0/none	other				2287385	1			25000		
Sound	test05	other				2333885	1			71500		
Picture	2-211-1-2	hit	1	10042	7	2392703	7	5166	7	130000	5000	
Sound	P2/beat1	other				2438200	1			25000		
Sound	test16	other				2484700	1			71500		
Picture	3-213-1-3	hit	1	9946	7	2543518	7	5166	7	130000	5000	
Sound	P2/beat	other				2589015	1			25000		
Sound	f11	other				2635515	1			71500		
Picture	3-113-1-3	hit	1	10011	7	2694333	7	5166	7	130000	5000	
Sound	P2/beat	other				2739830	1			25000		
Sound	test07	other				2786330	1			71500		
Picture	2-223-1-2	hit	2	13116	7	2845148	7	5166	7	130000	5000	
Sound	P2/beat	other				2890645	1			25000		
Sound	f23	other				2937146	1			71500		
Picture	2-113-1-2	hit	1	12301	7	2995963	7	5166	7	130000	5000	
Sound	P0/none1	other				3041461	1			25000		
Sound	test23	other				3087961	1			71500		
Picture	2-221-2-2	hit	2	11166	7	3146778	7	5166	7	130000	5000	
Sound	P0/none	other				3192276	1			25000		
Sound	f24	other				3238775	1			71500		
Picture	3-121-1-3	hit	2	14751	7	3297593	7	5166	7	130000	5000	
Sound	P0/none	other				3343090	1			25000		
Sound	n06	other				3389591	1			71500		
Picture	3-211-1-3	hit	1	11615	7	3448408	7	5166	7	130000	5000	
Sound	P0/none	other				3493905	1			25000		
Sound	test24	other				3540406	1			71500		
Picture	2-221-1-2	hit	2	13280	7	3599223	7	5166	7	130000	5000	
Sound	P1/tapping1	other				3644721	1			25000		
Sound	test02	other				3691220	1			71500		
Picture	2-212-1-2	hit	1	16225	7	3750038	7	5166	7	130000	5000	
Sound	P1/tapping	other				3795535	1			25000		
Sound	f14	other				3842036	1			71500		
Picture	2-122-2-2	hit	2	12290	8	3900853	7	5166	7	130000	5000	
Sound	P1/tapping	other				3946351	1			25000		
Sound	f17	other				3992851	1			71500		
Picture	3-122-1-3	hit	2	14515	7	4051668	7	5166	7	130000	5000	
Sound	P1/tapping	other				4097166	1			25000		
Sound	test17	other				4143666	1			71500		
Picture	2-222-2-2	incorrect	1	11460	8	4202483	7	5166	7	130000	5000	
Sound	P2/beat1	other				4247981	1			25000		
Sound	f10	other				4294481	1			71500		
Picture	2-123-1-2	hit	2	14244	7	4353299	7	5166	7	130000	5000	
Sound	P2/beat	other				4398796	1			25000		
Sound	test01	other				4445296	1			71500		
Picture	2-223-1-2	hit	2	12949	7	4504114	7	5166	7	130000	5000	
Sound	P2/beat	other				4549611	1			25000		
Sound	test12	other				4596111	1			71500		
Picture	2-213-1-2	incorrect	2	14214	7	4654929	7	5166	7	130000	5000	
Sound	P2/beat	other				4700426	1			25000		
Sound	test08	other				4746926	1			71500		
Picture	2-223-1-2	hit	2	14758	7	4805744	7	5166	7	130000	5000	
Sound	P2/both1	other				4851241	1			25000		
Sound	f09	other				4897741	1			71500		
Picture	3-114-1-3	hit	1	9063	7	4956559	7	5166	7	130000	5000	
Sound	P2/both	other				5002056	1			25000		
Sound	test03	other				5048556	1			71500		
Picture	3-214-1-3	hit	1	10168	8	5107374	7	5166	7	130000	5000	
Sound	P2/both	other				5152872	1			25000		
Sound	f04	other				5199371	1			71500		
Picture	3-114-1-3	hit	1	10713	7	5258189	7	5166	7	130000	5000	
Sound	P2/both	other				5303687	1			25000		
Sound	f18	other				5350186	1			71500		
Picture	2-114-2-2	hit	1	16537	8	5409004	7	5166	7	130000	5000	
Sound	P0/none1	other				5454501	1			25000		
Sound	f19	other				5501002	1			71500		
Picture	3-121-1-3	incorrect	1	9882	7	5559819	7	5166	7	130000	5000	
Sound	P0/none	other				5605317	1			25000		
Sound	test09	other				5651817	1			71500		
Picture	2-211-1-2	incorrect	2	13067	9	5710635	7	5166	7	130000	5000	
Sound	P0/none	other				5756132	1			25000		
Sound	f02	other				5802632	1			71500		
Picture	3-121-2-3	hit	2	12172	7	5861450	7	5166	7	130000	5000	
Sound	P0/none	other				5906947	1			25000		
Sound	n13	other				5953447	1			71500		
Picture	2-221-1-2	hit	2	14477	7	6012265	7	5166	7	130000	5000	
Sound	P1/tapping1	other				6057762	1			25000		
Sound	f16	other				6104262	1			71500		
Picture	3-112-1-3	hit	1	10941	7	6163080	7	5166	7	130000	5000	
Sound	P1/tapping	other				6208577	1			25000		
Sound	n14	other				6255077	1			71500		
Picture	3-112-1-3	hit	1	9886	8	6313895	7	5166	7	130000	5000	
Sound	P1/tapping	other				6359392	1			25000		
Sound	f07	other				6405892	1			71500		
Picture	2-112-1-2	incorrect	2	16110	7	6464710	7	5166	7	130000	5000	
Sound	P1/tapping	other				6510208	1			25000		
Sound	n11	other				6556707	1			71500		
Picture	2-112-1-2	hit	1	12175	7	6615525	7	5166	7	130000	5000	
Sound	P2/both1	other				6661023	1			25000		
Sound	test10	other				6707523	1			71500		
Picture	2-224-1-2	hit	2	9440	8	6766340	7	5166	7	130000	5000	
Sound	P2/both	other				6811838	1			25000		
Sound	test14	other				6858338	1			71500		
Picture	3-224-1-3	hit	2	9105	8	6917155	7	5166	7	130000	5000	
Sound	P2/both	other				6962653	1			25000		
Sound	test21	other				7009153	1			71500		
Picture	2-224-2-2	incorrect	1	11409	7	7067971	7	5166	7	130000	5000	
Sound	P2/both	other				7113468	1			25000		
Sound	test11	other				7159968	1			71500		
Picture	3-224-1-3	hit	2	11714	7	7218786	7	5166	7	130000	5000	
Sound	P1/tapping1	other				7264283	1			25000		
Sound	f22	other				7310783	1			71500		
Picture	3-112-1-3	incorrect	2	11939	7	7369601	7	5166	7	130000	5000	
Sound	P1/tapping	other				7415095	41			25000		
Sound	n12	other				7461598	1			71500		
Picture	3-112-1-3	hit	1	9364	7	7520416	7	5166	7	130000	5000	
Sound	P1/tapping	other				7565913	1			25000		
Sound	test25	other				7612413	1			71500		
Picture	3-222-1-3	incorrect	1	11028	7	7671231	7	5166	7	130000	5000	
Sound	P1/tapping	other				7716728	1			25000		
Sound	f20	other				7763229	1			71500		
Picture	3-112-1-3	hit	1	11573	7	7822046	7	5166	7	130000	5000	
Sound	P0/none1	other				7867544	1			25000		
Sound	f12	other				7914044	1			71500		
Picture	3-111-1-3	hit	1	9238	7	7972862	7	5166	7	130000	5000	
Sound	P0/none	other				8018359	1			25000		
Sound	test06	other				8064859	1			71500		
Picture	2-211-1-2	hit	1	9143	8	8123677	7	5166	7	130000	5000	
Sound	P0/none	other				8169174	1			25000		
Sound	f06	other				8215674	1			71500		
Picture	2-121-1-2	incorrect	1	10567	8	8274492	7	5166	7	130000	5000	
Sound	P0/none	other				8319989	1			25000		
Sound	n10	other				8366489	1			71500		
Picture	3-111-1-3	hit	1	9592	7	8425307	7	5166	7	130000	5000	
Sound	P2/beat1	other				8470805	1			25000		
Sound	f13	other				8517304	1			71500		
Picture	2-123-1-2	hit	2	11577	7	8576122	7	5166	7	130000	5000	
Sound	P2/beat	other				8621619	1			25000		
Sound	test22	other				8668119	1			71500		
Picture	2-213-2-2	hit	1	9801	7	8726937	7	5166	7	130000	5000	
Sound	P2/beat	other				8772434	1			25000		
Sound	n09	other				8818934	1			71500		
Picture	3-223-1-3	hit	2	11866	7	8877752	7	5166	7	130000	5000	
Sound	P2/beat	other				8923250	1			25000		
Sound	test19	other				8969750	1			71500		
Picture	2-213-1-2	hit	1	11931	7	9028567	7	5166	7	130000	5000	
												
The following output port codes were not sent because of a conflict on the port.												
Port	Code	Time(ms)										
1	2	741514										
												
												
{												
"   ""app"": ""Presentation Version 22.1 Build 01.21.21"","												
"   ""device"": ""Dell Inc. OptiPlex 7050"","												
"   ""experiment"": ""{C8E97CB4-6FCA-44FA-B866-4A2D94B6B85C}"","												
"   ""os"": ""Windows 10 64 bit"","												
"   ""package"": """","												
"   ""parameters"": {"												
"      ""configuration"": ""Default configuration"""												
   },												
"   ""scenario"": ""entrain_list1_sess2_EB.sce"","												
"   ""subject"": ""019"","												
"   ""timestamp"": ""2022/11/09 14:52:16 GMT"""												
}												
