Scenario - test												
Logfile written - 11/09/2022 15:26:11												
												
Subject	Trial	Event Type	Code	Time	TTime	Uncertainty	Duration	Uncertainty	ReqTime	ReqDur	Stim Type	Pair Index
												
18	1	Sound	P0/none1	25112	24785	1			25000		other	0
18	1	Sound	f01	71822	71495	1			71500		other	0
18	1	Picture	2-111-1-2	130645	130317	7	5166	7	130000	5000	hit	4
18	1	Response	61	138750	138423	1						
18	2	Sound	P0/none	176128	24986	1			25000		other	0
18	2	Sound	test01	222641	71498	1			71500		other	0
18	2	Picture	2-211-1-2	281460	130317	7	5166	7	130000	5000	incorrect	8
18	2	Response	52	296910	145768	2						
18	3	Sound	P0/none	326950	24993	1			25000		other	0
18	3	Sound	test22	373456	71499	1			71500		other	0
18	3	Picture	3-211-1-3	432275	130317	7	5166	7	130000	5000	hit	12
18	3	Response	61	445710	143753	2						
18	4	Sound	P0/none	477767	24995	1			25000		other	0
18	4	Sound	f07	524271	71499	1			71500		other	0
18	4	Picture	2-121-1-2	583089	130317	7	5166	7	130000	5000	hit	16
18	4	Response	62	597070	144298	1						
18	5	Sound	P2/beat1	628583	24996	1			25000		other	0
18	5	Sound	f03	675086	71499	1			71500		other	0
18	5	Picture	2-123-1-2	733904	130317	7	5166	7	130000	5000	hit	20
18	5	Response	62	750110	146523	1						
18	6	Sound	P2/beat	779399	24997	1			25000		other	0
18	6	Sound	n12	825901	71499	1			71500		other	0
18	6	Picture	3-123-1-3	884719	130317	7	5166	7	130000	5000	incorrect	24
18	6	Response	51	897390	142988	1						
18	7	Sound	P2/beat	930214	24998	1			25000		other	0
18	7	Sound	test10	976716	71499	1			71500		other	0
18	7	Picture	2-213-1-2	1035534	130318	7	5166	7	130000	5000	incorrect	28
18	7	Response	52	1048030	142813	1						
18	8	Sound	P2/beat	1081030	24998	1			25000		other	0
18	8	Sound	f17	1127531	71499	1			71500		other	0
18	8	Picture	3-113-1-3	1186349	130318	7	5166	7	130000	5000	hit	32
18	8	Response	61	1196270	140238	2						
18	9	Sound	P0/none1	1231845	24998	1			25000		other	0
18	9	Sound	f09	1278347	71500	1			71500		other	0
18	9	Picture	2-111-1-2	1337164	130317	7	5166	7	130000	5000	incorrect	36
18	9	Response	52	1355309	148462	1						
18	10	Sound	P0/none	1382660	24998	1			25000		other	0
18	10	Sound	test02	1429161	71499	1			71500		other	0
18	10	Picture	2-221-1-2	1487979	130318	7	5166	7	130000	5000	incorrect	40
18	10	Response	51	1506029	148367	1						
18	11	Sound	P0/none	1533475	24998	1			25000		other	0
18	11	Sound	f20	1579977	71500	1			71500		other	0
18	11	Picture	3-121-1-3	1638794	130317	7	5166	7	130000	5000	miss	0
18	12	Response	52	1661309	2018	1						
18	12	Sound	P0/none	1684290	24999	1			25000		other	0
18	12	Sound	test21	1730791	71500	1			71500		other	0
18	12	Picture	3-221-1-3	1789609	130318	7	5166	7	130000	5000	incorrect	48
18	12	Response	51	1802029	142737	2						
18	13	Sound	P1/tapping1	1835105	24999	1			25000		other	0
18	13	Response	53	1844749	34642	1						
18	13	Response	53	1849469	39362	1						
18	13	Response	53	1854509	44402	2						
18	13	Response	53	1859629	49522	1						
18	13	Response	53	1865149	55042	1						
18	13	Response	53	1870349	60242	1						
18	13	Response	53	1875710	65603	2						
18	13	Response	53	1881389	71282	2						
18	13	Sound	test04	1881607	71500	1			71500		other	0
18	13	Picture	2-212-1-2	1940424	130318	7	5166	7	130000	5000	incorrect	60
18	13	Response	52	1956589	146482	1						
18	14	Sound	P1/tapping	1985921	24999	1			25000		other	0
18	14	Response	53	1992429	31507	3						
18	14	Response	53	1996989	36067	1						
18	14	Response	53	2002269	41347	1						
18	14	Response	53	2007950	47027	1						
18	14	Response	53	2013870	52948	2						
18	14	Response	53	2020029	59107	2						
18	14	Response	53	2025469	64547	1						
18	14	Response	53	2030749	69827	1						
18	14	Sound	test23	2032422	71500	1			71500		other	0
18	14	Picture	3-222-1-3	2091239	130317	7	5166	7	130000	5000	hit	72
18	14	Response	62	2104829	143907	1						
18	15	Sound	P1/tapping	2136736	24999	1			25000		other	0
18	15	Response	53	2143229	31492	1						
18	15	Response	53	2148909	37172	1						
18	15	Response	53	2154429	42692	1						
18	15	Response	53	2160350	48613	3						
18	15	Response	53	2165309	53572	1						
18	15	Response	53	2171229	59492	1						
18	15	Response	53	2176509	64772	2						
18	15	Response	53	2182029	70292	1						
18	15	Sound	test06	2183237	71500	1			71500		other	0
18	15	Picture	2-222-1-2	2242054	130317	7	5166	7	130000	5000	hit	84
18	15	Response	62	2261229	149492	2						
18	16	Sound	P1/tapping	2287551	24999	1			25000		other	0
18	16	Response	53	2296669	34117	1						
18	16	Response	53	2302029	39477	1						
18	16	Response	53	2307389	44837	1						
18	16	Response	53	2312989	50437	1						
18	16	Response	53	2319149	56597	2						
18	16	Response	53	2324349	61797	1						
18	16	Response	53	2329709	67157	1						
18	16	Sound	test07	2334051	71500	1			71500		other	0
18	16	Picture	2-212-1-2	2392869	130318	7	5166	7	130000	5000	hit	95
18	16	Response	61	2408108	145556	1						
18	17	Sound	P2/both1	2438366	24999	1			25000		other	0
18	17	Response	53	2444348	30981	1						
18	17	Response	53	2449948	36581	1						
18	17	Response	53	2456188	42821	2						
18	17	Response	53	2461948	48581	1						
18	17	Response	53	2467628	54261	1						
18	17	Response	53	2473628	60262	1						
18	17	Response	53	2479628	66261	1						
18	17	Sound	n01	2484867	71500	1			71500		other	0
18	17	Response	53	2485789	72422	2						
18	17	Picture	3-214-1-3	2543685	130318	7	5166	7	130000	5000	incorrect	107
18	17	Response	52	2559068	145701	3						
18	18	Sound	P2/both	2589181	24999	1			25000		other	0
18	18	Response	53	2595228	31046	1						
18	18	Response	53	2600908	36726	1						
18	18	Response	53	2606988	42806	1						
18	18	Response	53	2612668	48486	1						
18	18	Response	53	2618348	54166	1						
18	18	Response	53	2624428	60246	1						
18	18	Response	53	2631068	66886	1						
18	18	Sound	f22	2635682	71500	1			71500		other	0
18	18	Picture	3-124-1-3	2694500	130317	7	5166	7	130000	5000	incorrect	118
18	18	Response	51	2706748	142566	1						
18	19	Sound	P2/both	2739996	24999	1			25000		other	0
18	19	Response	53	2741788	26791	1						
18	19	Response	53	2746909	31911	1						
18	19	Response	53	2752188	37191	1						
18	19	Response	53	2758188	43191	1						
18	19	Response	53	2763949	48952	2						
18	19	Response	53	2769548	54551	1						
18	19	Response	53	2775548	60551	1						
18	19	Response	53	2781228	66231	1						
18	19	Sound	f19	2786497	71500	1			71500		other	0
18	19	Picture	3-114-1-3	2845315	130318	7	5166	7	130000	5000	hit	130
18	19	Response	61	2856588	141591	1						
18	20	Sound	P2/both	2890811	24999	1			25000		other	0
18	20	Response	53	2892668	26856	1						
18	20	Response	53	2896988	31176	2						
18	20	Response	53	2902908	37096	2						
18	20	Response	53	2908588	42776	1						
18	20	Response	53	2914508	48696	2						
18	20	Response	53	2919948	54136	2						
18	20	Response	53	2926108	60296	2						
18	20	Response	53	2932028	66216	2						
18	20	Sound	test16	2937312	71500	1			71500		other	0
18	20	Picture	3-224-1-3	2996130	130318	7	5166	7	130000	5000	hit	142
18	20	Response	62	3012108	146296	1						
18	21	Sound	P1/tapping1	3041626	24999	1			25000		other	0
18	21	Response	53	3043788	27160	1						
18	21	Response	53	3048508	31880	1						
18	21	Response	53	3054508	37881	2						
18	21	Response	53	3059708	43081	1						
18	21	Response	53	3065708	49080	1						
18	21	Response	53	3070909	54282	2						
18	21	Response	53	3076108	59480	1						
18	21	Response	53	3081468	64840	2						
18	21	Response	53	3086268	69640	1						
18	21	Sound	test05	3088127	71500	1			71500		other	0
18	21	Picture	2-222-1-2	3146945	130317	7	5166	7	130000	5000	hit	155
18	21	Response	62	3163228	146601	1						
18	22	Sound	P1/tapping	3192442	24999	1			25000		other	0
18	22	Response	53	3194508	27066	1						
18	22	Response	53	3199308	31866	2						
18	22	Response	53	3204829	37386	2						
18	22	Response	53	3209548	42106	1						
18	22	Response	53	3214988	47546	1						
18	22	Response	53	3219948	52506	1						
18	22	Response	53	3225148	57706	2						
18	22	Response	53	3230348	62906	1						
18	22	Response	53	3235228	67786	1						
18	22	Sound	test08	3238942	71500	1			71500		other	0
18	22	Picture	2-212-1-2	3297760	130318	7	5166	7	130000	5000	incorrect	168
18	22	Response	52	3313628	146185	1						
18	23	Sound	P1/tapping	3343257	24999	1			25000		other	0
18	23	Response	53	3345628	27371	1						
18	23	Response	53	3350348	32090	2						
18	23	Response	53	3355868	37610	1						
18	23	Response	53	3360668	42410	1						
18	23	Response	53	3365388	47130	2						
18	23	Response	53	3371068	52810	1						
18	23	Response	53	3375868	57610	2						
18	23	Response	53	3381068	62810	1						
18	23	Response	53	3386348	68090	1						
18	23	Sound	test14	3389757	71500	1			71500		other	0
18	23	Picture	3-212-1-3	3448575	130317	7	5166	7	130000	5000	hit	181
18	23	Response	61	3461068	142810	1						
18	24	Sound	P1/tapping	3494072	24999	1			25000		other	0
18	24	Response	53	3496348	27275	2						
18	24	Response	53	3500827	31755	2						
18	24	Response	53	3506747	37675	1						
18	24	Response	53	3511708	42636	2						
18	24	Response	53	3516427	47355	1						
18	24	Response	53	3521867	52795	1						
18	24	Response	53	3526668	57595	1						
18	24	Response	53	3531308	62235	1						
18	24	Response	53	3536508	67435	1						
18	24	Sound	test19	3540572	71499	1			71500		other	0
18	24	Picture	3-212-1-3	3599390	130318	7	5166	7	130000	5000	hit	194
18	24	Response	61	3611708	142635	1						
18	25	Sound	P2/beat1	3644887	24999	1			25000		other	0
18	25	Sound	f15	3691387	71500	1			71500		other	0
18	25	Picture	3-113-1-3	3750205	130318	7	5166	7	130000	5000	hit	198
18	25	Response	61	3762427	142540	1						
18	26	Sound	P2/beat	3795702	24999	1			25000		other	0
18	26	Sound	f16	3842202	71500	1			71500		other	0
18	26	Picture	3-123-1-3	3901020	130318	7	5166	7	130000	5000	hit	202
18	26	Response	62	3914507	143805	2						
18	27	Sound	P2/beat	3946517	24999	1			25000		other	0
18	27	Sound	f18	3993017	71500	1			71500		other	0
18	27	Picture	3-113-1-3	4051835	130318	7	5166	7	130000	5000	hit	206
18	27	Response	61	4061867	140349	2						
18	28	Sound	P2/beat	4097332	24999	1			25000		other	0
18	28	Sound	test18	4143833	71500	1			71500		other	0
18	28	Picture	3-223-1-3	4202650	130317	7	5166	7	130000	5000	incorrect	210
18	28	Response	51	4215387	143054	2						
18	29	Sound	P2/both1	4248147	24999	1			25000		other	0
18	29	Response	53	4250187	27039	1						
18	29	Response	53	4254747	31599	1						
18	29	Response	53	4260347	37199	1						
18	29	Response	53	4266427	43279	1						
18	29	Response	53	4271867	48719	1						
18	29	Response	53	4277787	54639	1						
18	29	Response	53	4283547	60399	1						
18	29	Response	53	4288987	65839	1						
18	29	Sound	f10	4294648	71500	1			71500		other	0
18	29	Response	53	4295227	72079	2						
18	29	Picture	2-114-1-2	4353466	130318	7	5166	7	130000	5000	hit	223
18	29	Response	61	4364667	141519	1						
18	30	Sound	P2/both	4398962	24999	1			25000		other	0
18	30	Response	53	4400587	26623	1						
18	30	Response	53	4405226	31263	1						
18	30	Response	53	4410986	37023	2						
18	30	Response	53	4416507	42543	1						
18	30	Response	53	4422426	48463	1						
18	30	Response	53	4427706	53743	2						
18	30	Response	53	4433946	59983	1						
18	30	Response	53	4439787	65823	2						
18	30	Sound	f12	4445463	71499	1			71500		other	0
18	30	Picture	2-114-1-2	4504281	130317	7	5166	7	130000	5000	incorrect	235
18	30	Response	52	4518267	144303	1						
18	31	Sound	P2/both	4549778	24999	1			25000		other	0
18	31	Response	53	4551467	26689	2						
18	31	Response	53	4556507	31728	1						
18	31	Response	53	4561627	36848	1						
18	31	Response	53	4566586	41808	1						
18	31	Response	53	4572747	47968	1						
18	31	Response	53	4578347	53568	2						
18	31	Response	53	4584747	59969	2						
18	31	Response	53	4590587	65808	1						
18	31	Sound	n05	4596278	71500	1			71500		other	0
18	31	Picture	3-124-1-3	4655096	130318	7	5166	7	130000	5000	hit	247
18	31	Response	62	4671947	147168	1						
18	32	Sound	P2/both	4700593	24999	1			25000		other	0
18	32	Response	53	4702506	26913	1						
18	32	Response	53	4707226	31633	1						
18	32	Response	53	4713226	37633	1						
18	32	Response	53	4718026	42433	2						
18	32	Response	53	4723706	48113	1						
18	32	Response	53	4729946	54353	2						
18	32	Response	53	4735707	60113	2						
18	32	Response	53	4741306	65713	2						
18	32	Sound	f13	4747093	71499	1			71500		other	0
18	32	Response	53	4747386	71793	1						
18	32	Picture	3-124-1-3	4805911	130318	7	5166	8	130000	5000	hit	260
18	32	Response	62	4822906	147313	1						
18	33	Sound	P0/none1	4851408	24999	1			25000		other	0
18	33	Sound	n09	4897908	71500	1			71500		other	0
18	33	Picture	3-211-1-3	4956726	130318	7	5166	7	130000	5000	hit	264
18	33	Response	61	4969146	142737	1						
18	34	Sound	P0/none	5002223	24999	1			25000		other	0
18	34	Sound	test13	5048723	71500	1			71500		other	0
18	34	Picture	3-221-1-3	5107541	130318	7	5166	7	130000	5000	hit	268
18	34	Response	62	5120666	143442	2						
18	35	Sound	P0/none	5153039	25000	1			25000		other	0
18	35	Sound	f11	5199539	71500	1			71500		other	0
18	35	Picture	2-111-1-2	5258357	130318	7	5166	7	130000	5000	miss	0
18	36	Response	51	5280826	1972	1						
18	36	Sound	P0/none	5303854	24999	1			25000		other	0
18	36	Sound	test17	5350354	71500	1			71500		other	0
18	36	Picture	2-211-2-2	5409172	130318	7	5166	7	130000	5000	incorrect	276
18	36	Response	52	5420026	141172	1						
18	37	Sound	P2/both1	5454669	24999	1			25000		other	0
18	37	Response	53	5456906	27236	1						
18	37	Response	53	5461306	31636	2						
18	37	Response	53	5466746	37076	1						
18	37	Response	53	5471946	42277	2						
18	37	Response	53	5478186	48516	2						
18	37	Response	53	5483066	53396	1						
18	37	Response	53	5488906	59237	1						
18	37	Response	53	5494986	65316	1						
18	37	Sound	f06	5501169	71500	1			71500		other	0
18	37	Picture	2-114-1-2	5559987	130318	7	5166	7	130000	5000	hit	288
18	37	Response	61	5570746	141076	1						
18	38	Sound	P2/both	5605484	24999	1			25000		other	0
18	38	Response	53	5608906	28421	1						
18	38	Response	53	5615546	35061	1						
18	38	Response	53	5622346	41861	1						
18	38	Response	53	5628106	47621	1						
18	38	Response	53	5634266	53782	1						
18	38	Response	53	5640266	59781	1						
18	38	Response	53	5646266	65781	1						
18	38	Sound	f24	5651984	71500	1			71500		other	0
18	38	Picture	3-114-1-3	5710802	130318	7	5166	7	130000	5000	hit	299
18	38	Response	61	5720025	139541	1						
18	39	Sound	P2/both	5756299	24999	1			25000		other	0
18	39	Response	53	5758346	27046	2						
18	39	Response	53	5762745	31446	1						
18	39	Response	53	5768426	37126	1						
18	39	Response	53	5773705	42406	1						
18	39	Response	53	5780026	48726	1						
18	39	Response	53	5785946	54646	1						
18	39	Response	53	5791946	60646	1						
18	39	Response	53	5797546	66246	1						
18	39	Sound	f08	5802799	71500	1			71500		other	0
18	39	Picture	2-114-1-2	5861617	130318	7	5166	7	130000	5000	hit	311
18	39	Response	61	5872665	141366	1						
18	40	Sound	P2/both	5907114	24999	1			25000		other	0
18	40	Response	53	5909385	27270	2						
18	40	Response	53	5913385	31270	1						
18	40	Response	53	5919226	37111	1						
18	40	Response	53	5924825	42710	1						
18	40	Response	53	5930426	48311	1						
18	40	Response	53	5936586	54471	2						
18	40	Response	53	5942265	60150	1						
18	40	Response	53	5948425	66310	1						
18	40	Sound	n04	5953615	71500	1			71500		other	0
18	40	Picture	2-224-1-2	6012433	130318	7	5166	7	130000	5000	hit	323
18	40	Response	62	6027225	145110	1						
18	41	Sound	P2/beat1	6057929	24999	1			25000		other	0
18	41	Sound	test09	6104430	71500	1			71500		other	0
18	41	Picture	2-223-1-2	6163248	130318	7	5166	7	130000	5000	hit	327
18	41	Response	62	6179545	146615	1						
18	42	Sound	P2/beat	6208745	24999	1			25000		other	0
18	42	Sound	test03	6255245	71500	1			71500		other	0
18	42	Picture	2-213-1-2	6314063	130318	7	5166	7	130000	5000	incorrect	331
18	42	Response	52	6329385	145640	1						
18	43	Sound	P2/beat	6359560	24999	1			25000		other	0
18	43	Sound	n10	6406060	71500	1			71500		other	0
18	43	Picture	3-123-1-3	6464878	130318	7	5166	7	130000	5000	hit	335
18	43	Response	62	6483865	149305	1						
18	44	Sound	P2/beat	6510375	25000	1			25000		other	0
18	44	Sound	test24	6556875	71500	1			71500		other	0
18	44	Picture	3-223-1-3	6615693	130318	7	5166	7	130000	5000	hit	339
18	44	Response	62	6628825	143449	1						
18	45	Sound	P1/tapping1	6661190	25000	1			25000		other	0
18	45	Response	53	6664505	28314	1						
18	45	Response	53	6669385	33194	1						
18	45	Response	53	6674425	38234	2						
18	45	Response	53	6679625	43434	1						
18	45	Response	53	6684905	48714	1						
18	45	Response	53	6690345	54154	1						
18	45	Response	53	6695785	59594	1						
18	45	Response	53	6701065	64874	2						
18	45	Response	53	6705945	69754	2						
18	45	Sound	f05	6707691	71500	1			71500		other	0
18	45	Picture	2-112-1-2	6766509	130318	7	5166	7	130000	5000	incorrect	352
18	45	Response	52	6781625	145434	1						
18	46	Response	53	6808824	21818	2						
18	46	Sound	P1/tapping	6812006	24999	1			25000		other	0
18	46	Response	53	6813705	26698	1						
18	46	Response	53	6818904	31898	1						
18	46	Response	53	6823864	36858	1						
18	46	Response	53	6829064	42058	1						
18	46	Response	53	6835145	48138	1						
18	46	Response	53	6840265	53258	1						
18	46	Response	53	6846025	59019	2						
18	46	Response	53	6850905	63898	1						
18	46	Response	53	6856185	69179	2						
18	46	Sound	f04	6858506	71500	1			71500		other	0
18	46	Picture	2-122-1-2	6917324	130318	7	5166	7	130000	5000	hit	366
18	46	Response	62	6932024	145018	1						
18	47	Sound	P1/tapping	6962826	25004	1			25000		other	0
18	47	Response	53	6964664	26843	1						
18	47	Response	53	6970024	32203	1						
18	47	Response	53	6975944	38123	1						
18	47	Response	53	6981544	43723	1						
18	47	Response	53	6986824	49003	1						
18	47	Response	53	6991944	54123	1						
18	47	Response	53	6997704	59883	1						
18	47	Response	53	7003464	65643	1						
18	47	Response	53	7008505	70684	2						
18	47	Sound	n13	7009321	71500	1			71500		other	0
18	47	Picture	3-222-1-3	7068139	130318	7	5166	7	130000	5000	hit	379
18	47	Response	62	7080824	143003	1						
18	48	Sound	P1/tapping	7113636	25000	1			25000		other	0
18	48	Response	53	7117144	28508	1						
18	48	Response	53	7121624	32988	1						
18	48	Response	53	7127464	38828	1						
18	48	Response	53	7132664	44028	1						
18	48	Response	53	7137464	48828	1						
18	48	Response	53	7142424	53788	1						
18	48	Response	53	7147464	58828	1						
18	48	Response	53	7152504	63868	1						
18	48	Response	53	7157224	68588	1						
18	48	Sound	f21	7160136	71500	1			71500		other	0
18	48	Picture	3-112-1-3	7218954	130318	7	5166	7	130000	5000	hit	392
18	48	Response	61	7230024	141387	1						
18	49	Sound	P0/none1	7264451	25000	1			25000		other	0
18	49	Sound	test25	7310952	71500	1			71500		other	0
18	49	Picture	3-211-1-3	7369769	130318	7	5166	7	130000	5000	hit	396
18	49	Response	61	7388664	149212	1						
18	50	Sound	P0/none	7415266	25000	1			25000		other	0
18	50	Sound	test12	7461767	71500	1			71500		other	0
18	50	Picture	2-221-1-2	7520585	130318	7	5166	7	130000	5000	hit	400
18	50	Response	62	7531065	140798	2						
18	51	Sound	P0/none	7566082	25000	1			25000		other	0
18	51	Sound	n03	7612582	71500	1			71500		other	0
18	51	Picture	2-111-1-2	7671400	130318	7	5166	7	130000	5000	incorrect	404
18	51	Response	52	7685384	144302	1						
18	52	Sound	P0/none	7716897	24999	1			25000		other	0
18	52	Sound	f23	7763397	71500	1			71500		other	0
18	52	Picture	2-121-1-2	7822215	130318	7	5166	7	130000	5000	hit	408
18	52	Response	62	7835623	143726	1						
18	53	Sound	P1/tapping1	7867712	24999	1			25000		other	0
18	53	Response	53	7871704	28991	2						
18	53	Response	53	7877063	34351	3						
18	53	Response	53	7882184	39471	1						
18	53	Response	53	7887303	44590	1						
18	53	Response	53	7892424	49711	1						
18	53	Response	53	7898104	55391	1						
18	53	Response	53	7902984	60271	1						
18	53	Response	53	7907943	65230	1						
18	53	Response	53	7912743	70031	1						
18	53	Sound	f02	7914213	71500	1			71500		other	0
18	53	Picture	2-122-1-2	7973030	130318	7	5166	7	130000	5000	hit	421
18	53	Response	62	7986743	144031	1						
18	54	Sound	P1/tapping	8018528	25000	1			25000		other	0
18	54	Response	53	8021063	27535	2						
18	54	Response	53	8025623	32095	1						
18	54	Response	53	8030663	37135	2						
18	54	Response	53	8035865	42336	1						
18	54	Response	53	8040983	47455	1						
18	54	Response	53	8045943	52415	1						
18	54	Response	53	8050823	57295	1						
18	54	Response	53	8055783	62255	1						
18	54	Response	53	8060583	67055	1						
18	54	Sound	test15	8065028	71500	1			71500		other	0
18	54	Picture	3-222-1-3	8123846	130318	7	5166	7	130000	5000	hit	434
18	54	Response	62	8137783	144255	1						
18	55	Sound	P1/tapping	8169343	25000	1			25000		other	0
18	55	Response	53	8171943	27600	1						
18	55	Response	53	8176903	32560	1						
18	55	Response	53	8182743	38400	1						
18	55	Response	53	8188263	43920	1						
18	55	Response	53	8193783	49440	1						
18	55	Response	53	8199063	54720	2						
18	55	Response	53	8204103	59760	1						
18	55	Response	53	8209783	65440	1						
18	55	Response	53	8214663	70320	3						
18	55	Sound	test11	8215843	71500	1			71500		other	0
18	55	Picture	2-212-1-2	8274661	130318	7	5166	7	130000	5000	hit	447
18	55	Response	61	8292103	147760	1						
18	56	Sound	P1/tapping	8320158	25000	1			25000		other	0
18	56	Response	53	8324743	29585	2						
18	56	Response	53	8330423	35265	1						
18	56	Response	53	8335703	40545	1						
18	56	Response	53	8342423	47264	1						
18	56	Response	53	8347543	52384	2						
18	56	Response	53	8352343	57184	2						
18	56	Response	53	8358103	62944	1						
18	56	Response	53	8363303	68144	1						
18	56	Sound	n06	8366658	71500	1			71500		other	0
18	56	Picture	3-222-1-3	8425476	130318	7	5166	7	130000	5000	incorrect	459
18	56	Response	51	8441143	145984	2						
18	57	Sound	P2/both1	8470974	25000	1			25000		other	0
18	57	Response	53	8477223	31249	1						
18	57	Response	53	8482503	36529	1						
18	57	Response	53	8488183	42209	1						
18	57	Response	53	8493783	47809	1						
18	57	Response	53	8499783	53809	2						
18	57	Response	53	8505864	59890	2						
18	57	Response	53	8511703	65729	2						
18	57	Sound	n11	8517474	71500	1			71500		other	0
18	57	Response	53	8517703	71729	2						
18	57	Picture	2-124-1-2	8576291	130318	7	5166	7	130000	5000	incorrect	471
18	57	Response	51	8589943	143969	1						
18	58	Sound	P2/both	8621789	25000	1			25000		other	0
18	58	Response	53	8623463	26674	1						
18	58	Response	53	8628023	31234	1						
18	58	Response	53	8633943	37154	1						
18	58	Response	53	8639623	42834	1						
18	58	Response	53	8645303	48514	1						
18	58	Response	53	8650663	53874	1						
18	58	Response	53	8656983	60194	1						
18	58	Response	53	8662903	66114	1						
18	58	Sound	n14	8668289	71500	1			71500		other	0
18	58	Picture	3-124-1-3	8727107	130318	7	5166	7	130000	5000	incorrect	483
18	58	Response	51	8738183	141394	1						
18	59	Sound	P2/both	8772604	25000	1			25000		other	0
18	59	Response	53	8774103	26499	2						
18	59	Response	53	8778743	31139	2						
18	59	Response	53	8784743	37139	1						
18	59	Response	53	8790343	42738	1						
18	59	Response	53	8796503	48898	1						
18	59	Response	53	8801783	54179	1						
18	59	Response	53	8807783	60178	1						
18	59	Response	53	8814103	66499	1						
18	59	Sound	f14	8819104	71500	1			71500		other	0
18	59	Picture	3-124-1-3	8877922	130318	7	5166	7	130000	5000	hit	495
18	59	Response	62	8890023	142418	1						
18	60	Sound	P2/both	8923419	25000	1			25000		other	0
18	60	Response	53	8925143	26723	2						
18	60	Response	53	8929703	31283	2						
18	60	Response	53	8935063	36643	1						
18	60	Response	53	8940983	42563	1						
18	60	Response	53	8946743	48323	1						
18	60	Response	53	8953223	54803	1						
18	60	Response	53	8959303	60884	2						
18	60	Response	53	8964823	66403	1						
18	60	Sound	n07	8969919	71500	1			71500		other	0
18	60	Picture	2-214-1-2	9028737	130318	7	5166	7	130000	5000	hit	507
18	60	Response	61	9044982	146563	1						
												
												
Event Type	Code	Type	Response	RT	RT Uncertainty	Time	Uncertainty	Duration	Uncertainty	ReqTime	ReqDur	
												
Sound	P0/none1	other				25112	1			25000		
Sound	f01	other				71822	1			71500		
Picture	2-111-1-2	hit	1	8106	7	130645	7	5166	7	130000	5000	
Sound	P0/none	other				176128	1			25000		
Sound	test01	other				222641	1			71500		
Picture	2-211-1-2	incorrect	2	15451	8	281460	7	5166	7	130000	5000	
Sound	P0/none	other				326950	1			25000		
Sound	test22	other				373456	1			71500		
Picture	3-211-1-3	hit	1	13436	8	432275	7	5166	7	130000	5000	
Sound	P0/none	other				477767	1			25000		
Sound	f07	other				524271	1			71500		
Picture	2-121-1-2	hit	2	13981	7	583089	7	5166	7	130000	5000	
Sound	P2/beat1	other				628583	1			25000		
Sound	f03	other				675086	1			71500		
Picture	2-123-1-2	hit	2	16206	7	733904	7	5166	7	130000	5000	
Sound	P2/beat	other				779399	1			25000		
Sound	n12	other				825901	1			71500		
Picture	3-123-1-3	incorrect	1	12671	7	884719	7	5166	7	130000	5000	
Sound	P2/beat	other				930214	1			25000		
Sound	test10	other				976716	1			71500		
Picture	2-213-1-2	incorrect	2	12496	7	1035534	7	5166	7	130000	5000	
Sound	P2/beat	other				1081030	1			25000		
Sound	f17	other				1127531	1			71500		
Picture	3-113-1-3	hit	1	9920	8	1186349	7	5166	7	130000	5000	
Sound	P0/none1	other				1231845	1			25000		
Sound	f09	other				1278347	1			71500		
Picture	2-111-1-2	incorrect	2	18145	7	1337164	7	5166	7	130000	5000	
Sound	P0/none	other				1382660	1			25000		
Sound	test02	other				1429161	1			71500		
Picture	2-221-1-2	incorrect	1	18050	7	1487979	7	5166	7	130000	5000	
Sound	P0/none	other				1533475	1			25000		
Sound	f20	other				1579977	1			71500		
Picture	3-121-1-3	miss				1638794	7	5166	7	130000	5000	
Sound	P0/none	other				1684290	1			25000		
Sound	test21	other				1730791	1			71500		
Picture	3-221-1-3	incorrect	1	12420	8	1789609	7	5166	7	130000	5000	
Sound	P1/tapping1	other				1835105	1			25000		
Sound	test04	other				1881607	1			71500		
Picture	2-212-1-2	incorrect	2	16164	8	1940424	7	5166	7	130000	5000	
Sound	P1/tapping	other				1985921	1			25000		
Sound	test23	other				2032422	1			71500		
Picture	3-222-1-3	hit	2	13590	7	2091239	7	5166	7	130000	5000	
Sound	P1/tapping	other				2136736	1			25000		
Sound	test06	other				2183237	1			71500		
Picture	2-222-1-2	hit	2	19174	8	2242054	7	5166	7	130000	5000	
Sound	P1/tapping	other				2287551	1			25000		
Sound	test07	other				2334051	1			71500		
Picture	2-212-1-2	hit	1	15239	7	2392869	7	5166	7	130000	5000	
Sound	P2/both1	other				2438366	1			25000		
Sound	n01	other				2484867	1			71500		
Picture	3-214-1-3	incorrect	2	15384	9	2543685	7	5166	7	130000	5000	
Sound	P2/both	other				2589181	1			25000		
Sound	f22	other				2635682	1			71500		
Picture	3-124-1-3	incorrect	1	12248	7	2694500	7	5166	7	130000	5000	
Sound	P2/both	other				2739996	1			25000		
Sound	f19	other				2786497	1			71500		
Picture	3-114-1-3	hit	1	11273	7	2845315	7	5166	7	130000	5000	
Sound	P2/both	other				2890811	1			25000		
Sound	test16	other				2937312	1			71500		
Picture	3-224-1-3	hit	2	15978	7	2996130	7	5166	7	130000	5000	
Sound	P1/tapping1	other				3041626	1			25000		
Sound	test05	other				3088127	1			71500		
Picture	2-222-1-2	hit	2	16283	7	3146945	7	5166	7	130000	5000	
Sound	P1/tapping	other				3192442	1			25000		
Sound	test08	other				3238942	1			71500		
Picture	2-212-1-2	incorrect	2	15868	7	3297760	7	5166	7	130000	5000	
Sound	P1/tapping	other				3343257	1			25000		
Sound	test14	other				3389757	1			71500		
Picture	3-212-1-3	hit	1	12493	7	3448575	7	5166	7	130000	5000	
Sound	P1/tapping	other				3494072	1			25000		
Sound	test19	other				3540572	1			71500		
Picture	3-212-1-3	hit	1	12317	7	3599390	7	5166	7	130000	5000	
Sound	P2/beat1	other				3644887	1			25000		
Sound	f15	other				3691387	1			71500		
Picture	3-113-1-3	hit	1	12222	7	3750205	7	5166	7	130000	5000	
Sound	P2/beat	other				3795702	1			25000		
Sound	f16	other				3842202	1			71500		
Picture	3-123-1-3	hit	2	13487	8	3901020	7	5166	7	130000	5000	
Sound	P2/beat	other				3946517	1			25000		
Sound	f18	other				3993017	1			71500		
Picture	3-113-1-3	hit	1	10031	8	4051835	7	5166	7	130000	5000	
Sound	P2/beat	other				4097332	1			25000		
Sound	test18	other				4143833	1			71500		
Picture	3-223-1-3	incorrect	1	12736	8	4202650	7	5166	7	130000	5000	
Sound	P2/both1	other				4248147	1			25000		
Sound	f10	other				4294648	1			71500		
Picture	2-114-1-2	hit	1	11201	7	4353466	7	5166	7	130000	5000	
Sound	P2/both	other				4398962	1			25000		
Sound	f12	other				4445463	1			71500		
Picture	2-114-1-2	incorrect	2	13986	7	4504281	7	5166	7	130000	5000	
Sound	P2/both	other				4549778	1			25000		
Sound	n05	other				4596278	1			71500		
Picture	3-124-1-3	hit	2	16851	7	4655096	7	5166	7	130000	5000	
Sound	P2/both	other				4700593	1			25000		
Sound	f13	other				4747093	1			71500		
Picture	3-124-1-3	hit	2	16995	8	4805911	7	5166	8	130000	5000	
Sound	P0/none1	other				4851408	1			25000		
Sound	n09	other				4897908	1			71500		
Picture	3-211-1-3	hit	1	12420	7	4956726	7	5166	7	130000	5000	
Sound	P0/none	other				5002223	1			25000		
Sound	test13	other				5048723	1			71500		
Picture	3-221-1-3	hit	2	13125	8	5107541	7	5166	7	130000	5000	
Sound	P0/none	other				5153039	1			25000		
Sound	f11	other				5199539	1			71500		
Picture	2-111-1-2	miss				5258357	7	5166	7	130000	5000	
Sound	P0/none	other				5303854	1			25000		
Sound	test17	other				5350354	1			71500		
Picture	2-211-2-2	incorrect	2	10854	7	5409172	7	5166	7	130000	5000	
Sound	P2/both1	other				5454669	1			25000		
Sound	f06	other				5501169	1			71500		
Picture	2-114-1-2	hit	1	10759	7	5559987	7	5166	7	130000	5000	
Sound	P2/both	other				5605484	1			25000		
Sound	f24	other				5651984	1			71500		
Picture	3-114-1-3	hit	1	9223	7	5710802	7	5166	7	130000	5000	
Sound	P2/both	other				5756299	1			25000		
Sound	f08	other				5802799	1			71500		
Picture	2-114-1-2	hit	1	11048	7	5861617	7	5166	7	130000	5000	
Sound	P2/both	other				5907114	1			25000		
Sound	n04	other				5953615	1			71500		
Picture	2-224-1-2	hit	2	14793	7	6012433	7	5166	7	130000	5000	
Sound	P2/beat1	other				6057929	1			25000		
Sound	test09	other				6104430	1			71500		
Picture	2-223-1-2	hit	2	16297	7	6163248	7	5166	7	130000	5000	
Sound	P2/beat	other				6208745	1			25000		
Sound	test03	other				6255245	1			71500		
Picture	2-213-1-2	incorrect	2	15322	7	6314063	7	5166	7	130000	5000	
Sound	P2/beat	other				6359560	1			25000		
Sound	n10	other				6406060	1			71500		
Picture	3-123-1-3	hit	2	18987	7	6464878	7	5166	7	130000	5000	
Sound	P2/beat	other				6510375	1			25000		
Sound	test24	other				6556875	1			71500		
Picture	3-223-1-3	hit	2	13131	7	6615693	7	5166	7	130000	5000	
Sound	P1/tapping1	other				6661190	1			25000		
Sound	f05	other				6707691	1			71500		
Picture	2-112-1-2	incorrect	2	15116	7	6766509	7	5166	7	130000	5000	
Sound	P1/tapping	other				6812006	1			25000		
Sound	f04	other				6858506	1			71500		
Picture	2-122-1-2	hit	2	14701	7	6917324	7	5166	7	130000	5000	
Sound	P1/tapping	other				6962826	1			25000		
Sound	n13	other				7009321	1			71500		
Picture	3-222-1-3	hit	2	12685	7	7068139	7	5166	7	130000	5000	
Sound	P1/tapping	other				7113636	1			25000		
Sound	f21	other				7160136	1			71500		
Picture	3-112-1-3	hit	1	11070	7	7218954	7	5166	7	130000	5000	
Sound	P0/none1	other				7264451	1			25000		
Sound	test25	other				7310952	1			71500		
Picture	3-211-1-3	hit	1	18895	7	7369769	7	5166	7	130000	5000	
Sound	P0/none	other				7415266	1			25000		
Sound	test12	other				7461767	1			71500		
Picture	2-221-1-2	hit	2	10480	8	7520585	7	5166	7	130000	5000	
Sound	P0/none	other				7566082	1			25000		
Sound	n03	other				7612582	1			71500		
Picture	2-111-1-2	incorrect	2	13984	7	7671400	7	5166	7	130000	5000	
Sound	P0/none	other				7716897	1			25000		
Sound	f23	other				7763397	1			71500		
Picture	2-121-1-2	hit	2	13408	7	7822215	7	5166	7	130000	5000	
Sound	P1/tapping1	other				7867712	1			25000		
Sound	f02	other				7914213	1			71500		
Picture	2-122-1-2	hit	2	13713	7	7973030	7	5166	7	130000	5000	
Sound	P1/tapping	other				8018528	1			25000		
Sound	test15	other				8065028	1			71500		
Picture	3-222-1-3	hit	2	13938	7	8123846	7	5166	7	130000	5000	
Sound	P1/tapping	other				8169343	1			25000		
Sound	test11	other				8215843	1			71500		
Picture	2-212-1-2	hit	1	17442	7	8274661	7	5166	7	130000	5000	
Sound	P1/tapping	other				8320158	1			25000		
Sound	n06	other				8366658	1			71500		
Picture	3-222-1-3	incorrect	1	15667	8	8425476	7	5166	7	130000	5000	
Sound	P2/both1	other				8470974	1			25000		
Sound	n11	other				8517474	1			71500		
Picture	2-124-1-2	incorrect	1	13652	7	8576291	7	5166	7	130000	5000	
Sound	P2/both	other				8621789	1			25000		
Sound	n14	other				8668289	1			71500		
Picture	3-124-1-3	incorrect	1	11076	7	8727107	7	5166	7	130000	5000	
Sound	P2/both	other				8772604	1			25000		
Sound	f14	other				8819104	1			71500		
Picture	3-124-1-3	hit	2	12101	7	8877922	7	5166	7	130000	5000	
Sound	P2/both	other				8923419	1			25000		
Sound	n07	other				8969919	1			71500		
Picture	2-214-1-2	hit	1	16245	7	9028737	7	5166	7	130000	5000	
												
												
{												
"   ""app"": ""Presentation Version 22.1 Build 01.21.21"","												
"   ""device"": ""Dell Inc. OptiPlex 7050"","												
"   ""experiment"": ""{C8E97CB4-6FCA-44FA-B866-4A2D94B6B85C}"","												
"   ""os"": ""Windows 10 64 bit"","												
"   ""package"": """","												
"   ""parameters"": {"												
"      ""configuration"": ""Default configuration"""												
   },												
"   ""scenario"": ""entrain_list1_sess1_EB.sce"","												
"   ""subject"": ""019"","												
"   ""timestamp"": ""2022/11/09 14:10:45 GMT"""												
}												
