Scenario - test
Logfile written - 10/24/2022 14:52:03

Subject	Trial	Event Type	Code	Time	TTime	Uncertainty	Duration	Uncertainty	ReqTime	ReqDur	Stim Type	Pair Index

016	1	Sound	P1/tapping1	25160	25000	1			25000		other	0
016	1	Response	53	27579	27418	1
016	1	Response	53	32618	32458	2
016	1	Response	53	40858	40698	1
016	1	Response	53	46458	46298	2
016	1	Response	53	52378	52218	1
016	1	Response	53	58619	58459	3
016	1	Response	53	65018	64858	2
016	1	Response	53	70859	70699	2
016	1	Sound	n05	71660	71500	1			71500		other	0
016	1	Picture	2-122-2-2	130479	130319	7	5166	7	130000	5000	incorrect	12
016	1	Response	51	141178	141018	1
016	2	Sound	P1/tapping	175976	24999	1			25000		other	0
016	2	Response	53	178218	27241	2
016	2	Response	53	183818	32841	1
016	2	Response	53	190938	39961	1
016	2	Response	53	197978	47001	1
016	2	Response	53	205018	54041	1
016	2	Response	53	212458	61482	1
016	2	Response	53	220778	69801	2
016	2	Sound	f18	222477	71500	1			71500		other	0
016	2	Picture	3-122-1-3	281295	130318	7	5166	7	130000	5000	hit	23
016	2	Response	62	291898	140921	1
016	3	Sound	P1/tapping	326793	25000	1			25000		other	0
016	3	Response	53	329498	27705	1
016	3	Response	53	335098	33305	1
016	3	Response	53	341658	39865	1
016	3	Response	53	347818	46025	1
016	3	Response	53	354698	52905	3
016	3	Response	53	360938	59145	2
016	3	Response	53	367498	65705	1
016	3	Sound	f09	373293	71500	1			71500		other	0
016	3	Picture	2-122-1-2	432112	130319	7	5166	7	130000	5000	incorrect	34
016	3	Response	51	444298	142505	2
016	4	Response	53	476378	23769	2
016	4	Sound	P1/tapping	477609	25000	1			25000		other	0
016	4	Response	53	484058	31449	2
016	4	Response	53	492218	39609	1
016	4	Response	53	502458	49849	1
016	4	Response	53	512858	60249	1
016	4	Sound	f06	524109	71500	1			71500		other	0
016	4	Picture	3-122-1-3	582928	130319	7	5166	7	130000	5000	hit	43
016	4	Response	62	594298	141689	2
016	5	Sound	P2/both1	628425	25000	1			25000		other	0
016	5	Response	53	630458	27033	2
016	5	Response	53	635258	31833	1
016	5	Response	53	639898	36472	1
016	5	Response	53	645978	42552	2
016	5	Response	53	652218	48792	1
016	5	Response	53	657818	54392	1
016	5	Response	53	663898	60472	2
016	5	Response	53	669418	65993	2
016	5	Sound	f01	674925	71500	1			71500		other	0
016	5	Picture	3-114-1-3	733744	130319	7	5166	7	130000	5000	incorrect	55
016	5	Response	52	744938	141512	1
016	6	Response	53	778458	24216	1
016	6	Sound	P2/both	779241	25000	1			25000		other	0
016	6	Response	53	783978	29736	1
016	6	Response	53	790138	35896	1
016	6	Response	53	796138	41896	2
016	6	Response	53	802698	48456	1
016	6	Response	53	808618	54376	2
016	6	Response	53	814698	60456	1
016	6	Response	53	820458	66216	1
016	6	Sound	test24	825741	71500	1			71500		other	0
016	6	Picture	3-214-1-3	884560	130319	7	5166	7	130000	5000	incorrect	67
016	6	Response	52	898538	144296	1
016	7	Response	53	929578	24520	3
016	7	Sound	P2/both	930058	25000	1			25000		other	0
016	7	Response	53	934778	29721	2
016	7	Response	53	940938	35880	1
016	7	Response	53	946938	41880	1
016	7	Response	53	952858	47801	2
016	7	Response	53	959177	54119	1
016	7	Response	53	965178	60120	1
016	7	Response	53	970778	65720	2
016	7	Sound	test22	976558	71500	1			71500		other	0
016	7	Picture	3-224-1-3	1035376	130319	7	5166	7	130000	5000	hit	79
016	7	Response	62	1047978	142920	1
016	8	Sound	P2/both	1080873	24999	1			25000		other	0
016	8	Response	53	1082298	26424	2
016	8	Response	53	1087738	31864	2
016	8	Response	53	1092298	36423	1
016	8	Response	53	1097738	41864	2
016	8	Response	53	1104058	48184	2
016	8	Response	53	1110618	54744	1
016	8	Response	53	1116458	60584	1
016	8	Response	53	1122298	66424	2
016	8	Sound	test07	1127374	71500	1			71500		other	0
016	8	Picture	3-214-1-3	1186193	130319	7	5166	7	130000	5000	hit	91
016	8	Response	61	1196938	141063	2
016	9	Sound	P2/beat1	1231690	25000	1			25000		other	0
016	9	Sound	f02	1278190	71500	1			71500		other	0
016	9	Picture	2-113-1-2	1337009	130319	7	5166	7	130000	5000	hit	95
016	9	Response	61	1348858	142167	1
016	10	Sound	P2/beat	1382507	25000	1			25000		other	0
016	10	Sound	f19	1429007	71500	1			71500		other	0
016	10	Picture	2-113-2-2	1487825	130318	7	5166	7	130000	5000	hit	99
016	10	Response	61	1503977	146470	1
016	11	Sound	P2/beat	1533323	25000	1			25000		other	0
016	11	Sound	n07	1579823	71500	1			71500		other	0
016	11	Picture	3-223-1-3	1638642	130319	7	5166	7	130000	5000	incorrect	103
016	11	Response	51	1648137	139815	1
016	12	Sound	P2/beat	1684139	25000	1			25000		other	0
016	12	Sound	f07	1730639	71500	1			71500		other	0
016	12	Picture	3-123-1-3	1789458	130319	7	5166	7	130000	5000	incorrect	107
016	12	Response	51	1799497	140358	2
016	13	Response	53	1832777	22822	2
016	13	Sound	P2/both1	1834955	25000	1			25000		other	0
016	13	Response	53	1838938	28982	1
016	13	Response	53	1847017	37062	2
016	13	Response	53	1852457	42502	1
016	13	Response	53	1857897	47942	2
016	13	Response	53	1863817	53862	2
016	13	Response	53	1870217	60262	1
016	13	Response	53	1875497	65542	1
016	13	Sound	f05	1881459	71504	1			71500		other	0
016	13	Picture	2-124-1-2	1940274	130318	7	5166	7	130000	5000	hit	119
016	13	Response	62	1949817	139862	1
016	14	Response	53	1983017	22245	1
016	14	Sound	P2/both	1985772	25000	1			25000		other	0
016	14	Response	53	1990377	29605	1
016	14	Response	53	1997177	36405	2
016	14	Response	53	2003577	42806	1
016	14	Response	53	2009097	48325	1
016	14	Response	53	2015257	54485	1
016	14	Response	53	2021097	60325	2
016	14	Response	53	2026137	65365	1
016	14	Sound	test09	2032272	71500	1			71500		other	0
016	14	Picture	3-224-1-3	2091090	130318	7	5166	7	130000	5000	incorrect	131
016	14	Response	51	2102377	141605	1
016	15	Sound	P2/both	2136588	25000	1			25000		other	0
016	15	Response	53	2138297	26709	1
016	15	Response	53	2142377	30789	2
016	15	Response	53	2147656	36069	2
016	15	Response	53	2154377	42789	1
016	15	Response	53	2159817	48229	1
016	15	Response	53	2165897	54309	1
016	15	Response	53	2172057	60469	2
016	15	Response	53	2177497	65909	1
016	15	Sound	test12	2183088	71500	1			71500		other	0
016	15	Picture	3-214-1-3	2241906	130319	7	5166	7	130000	5000	hit	143
016	15	Response	61	2252537	140949	1
016	16	Response	53	2284297	21893	1
016	16	Sound	P2/both	2287404	25000	1			25000		other	0
016	16	Response	53	2291017	28613	1
016	16	Response	53	2298057	35653	1
016	16	Response	53	2304457	42053	1
016	16	Response	53	2310297	47893	2
016	16	Response	53	2316377	53973	1
016	16	Response	53	2322457	60053	2
016	16	Response	53	2327897	65493	1
016	16	Sound	test19	2333904	71500	1			71500		other	0
016	16	Picture	2-224-1-2	2392723	130319	7	5166	7	130000	5000	hit	155
016	16	Response	62	2406297	143893	1
016	17	Sound	P1/tapping1	2438220	25000	1			25000		other	0
016	17	Response	53	2440297	27077	2
016	17	Response	53	2445898	32677	2
016	17	Response	53	2453178	39957	1
016	17	Response	53	2460457	47237	1
016	17	Response	53	2466857	53637	2
016	17	Response	53	2475577	62357	1
016	17	Sound	f15	2484720	71500	1			71500		other	0
016	17	Picture	2-122-2-2	2543539	130319	7	5166	7	130000	5000	incorrect	165
016	17	Response	51	2556057	142837	2
016	18	Sound	P1/tapping	2589036	25000	1			25000		other	0
016	18	Response	53	2590137	26100	1
016	18	Response	53	2598457	34420	2
016	18	Response	53	2608057	44020	2
016	18	Response	53	2617577	53540	2
016	18	Response	53	2627977	63940	1
016	18	Sound	test21	2635536	71500	1			71500		other	0
016	18	Picture	3-212-1-3	2694355	130319	7	5166	7	130000	5000	incorrect	174
016	18	Response	52	2707017	142980	1
016	19	Response	53	2738777	23924	1
016	19	Sound	P1/tapping	2739853	25000	1			25000		other	0
016	19	Response	53	2748857	34004	1
016	19	Response	53	2758537	43684	1
016	19	Response	53	2770937	56084	2
016	19	Response	53	2780857	66004	1
016	19	Sound	f10	2786353	71500	1			71500		other	0
016	19	Picture	3-112-1-3	2845171	130318	7	5166	7	130000	5000	hit	183
016	19	Response	61	2860856	146004	3
016	20	Sound	P1/tapping	2890669	25000	1			25000		other	0
016	20	Response	53	2894297	28627	3
016	20	Response	53	2900697	35028	2
016	20	Response	53	2906537	40868	2
016	20	Response	53	2913337	47667	2
016	20	Response	53	2919257	53588	3
016	20	Response	53	2925497	59828	1
016	20	Response	53	2932377	66708	2
016	20	Sound	f13	2937169	71500	1			71500		other	0
016	20	Picture	3-112-1-3	2995988	130318	7	5166	7	130000	5000	incorrect	194
016	20	Response	52	3012136	146467	1
016	21	Sound	P2/both1	3041485	25000	1			25000		other	0
016	21	Response	53	3041817	25331	1
016	21	Response	53	3047176	30691	1
016	21	Response	53	3053017	36531	2
016	21	Response	53	3058457	41971	2
016	21	Response	53	3064376	47891	1
016	21	Response	53	3070937	54451	2
016	21	Response	53	3077097	60611	2
016	21	Response	53	3082856	66371	1
016	21	Sound	n03	3087985	71500	1			71500		other	0
016	21	Picture	2-124-1-2	3146804	130319	7	5166	7	130000	5000	incorrect	206
016	21	Response	51	3156216	139731	2
016	22	Response	53	3189577	22275	1
016	22	Sound	P2/both	3192301	25000	1			25000		other	0
016	22	Response	53	3196376	29075	1
016	22	Response	53	3203336	36035	2
016	22	Response	53	3209657	42355	1
016	22	Response	53	3215256	47955	1
016	22	Response	53	3221256	53955	1
016	22	Response	53	3227496	60195	1
016	22	Response	53	3233337	66036	2
016	22	Sound	n13	3238801	71500	1			71500		other	0
016	22	Picture	3-214-1-3	3297620	130318	7	5166	7	130000	5000	hit	218
016	22	Response	61	3308457	141156	2
016	23	Sound	P2/both	3343118	25000	1			25000		other	0
016	23	Response	53	3344856	26739	1
016	23	Response	53	3348296	30179	1
016	23	Response	53	3353336	35219	2
016	23	Response	53	3358857	40739	2
016	23	Response	53	3365736	47619	1
016	23	Response	53	3371096	52979	1
016	23	Response	53	3377336	59219	1
016	23	Response	53	3382777	64659	2
016	23	Sound	f11	3389617	71500	1			71500		other	0
016	23	Picture	2-124-1-2	3448436	130319	7	5166	7	130000	5000	hit	230
016	23	Response	62	3464296	146179	1
016	24	Sound	P2/both	3493934	25000	1			25000		other	0
016	24	Response	53	3495176	26242	1
016	24	Response	53	3499176	30242	1
016	24	Response	53	3504296	35362	1
016	24	Response	53	3510056	41122	1
016	24	Response	53	3516056	47122	1
016	24	Response	53	3521976	53042	1
016	24	Response	53	3528056	59122	2
016	24	Sound	f16	3540434	71500	1			71500		other	0
016	24	Picture	2-114-1-2	3599253	130319	7	5166	7	130000	5000	hit	241
016	24	Response	61	3610696	141762	1
016	25	Sound	P0/none1	3644750	25000	1			25000		other	0
016	25	Sound	f21	3691250	71500	1			71500		other	0
016	25	Picture	2-121-2-2	3750069	130319	7	5166	7	130000	5000	hit	245
016	25	Response	62	3762376	142626	1
016	26	Sound	P0/none	3795566	25000	1			25000		other	0
016	26	Sound	test14	3842066	71500	1			71500		other	0
016	26	Picture	2-221-1-2	3900885	130319	7	5166	7	130000	5000	hit	249
016	26	Response	62	3912856	142290	1
016	27	Sound	P0/none	3946382	25000	1			25000		other	0
016	27	Sound	f14	3992882	71500	1			71500		other	0
016	27	Picture	3-111-1-3	4051701	130319	7	5166	7	130000	5000	hit	253
016	27	Response	61	4062696	141313	1
016	28	Sound	P0/none	4097199	25000	1			25000		other	0
016	28	Sound	test08	4143699	71500	1			71500		other	0
016	28	Picture	3-221-1-3	4202518	130318	7	5166	7	130000	5000	hit	257
016	28	Response	62	4214056	141857	2
016	29	Sound	P1/tapping1	4248015	25000	1			25000		other	0
016	29	Response	53	4250616	27601	2
016	29	Response	53	4256456	33441	1
016	29	Response	53	4262056	39040	1
016	29	Response	53	4267976	44961	2
016	29	Response	53	4273736	50721	1
016	29	Response	53	4280056	57041	2
016	29	Response	53	4286617	63601	2
016	29	Response	53	4292857	69842	1
016	29	Sound	n09	4294515	71500	1			71500		other	0
016	29	Picture	2-222-2-2	4353334	130319	7	5166	7	130000	5000	hit	269
016	29	Response	62	4367736	144721	2
016	30	Sound	P1/tapping	4398832	25000	1			25000		other	0
016	30	Response	53	4400616	26784	1
016	30	Response	53	4406776	32944	1
016	30	Response	53	4412456	38624	1
016	30	Response	53	4418376	44544	1
016	30	Response	53	4423416	49584	1
016	30	Response	53	4429496	55664	3
016	30	Response	53	4435496	61665	1
016	30	Response	53	4440616	66784	2
016	30	Sound	test13	4445331	71500	1			71500		other	0
016	30	Picture	2-212-1-2	4504150	130319	7	5166	7	130000	5000	incorrect	281
016	30	Response	52	4515896	142064	2
016	31	Sound	P1/tapping	4549648	25000	1			25000		other	0
016	31	Response	53	4553336	28688	1
016	31	Response	53	4560296	35649	2
016	31	Response	53	4565416	40769	1
016	31	Response	53	4571416	46769	2
016	31	Response	53	4577096	52448	2
016	31	Response	53	4582376	57728	2
016	31	Response	53	4587896	63248	1
016	31	Response	53	4592856	68208	1
016	31	Sound	f03	4596147	71500	1			71500		other	0
016	31	Picture	3-112-1-3	4654966	130319	7	5166	7	130000	5000	hit	293
016	31	Response	61	4668856	144208	2
016	32	Sound	P1/tapping	4700464	25000	1			25000		other	0
016	32	Response	53	4704056	28592	3
016	32	Response	53	4710216	34752	2
016	32	Response	53	4715816	40352	1
016	32	Response	53	4722696	47232	2
016	32	Response	53	4728056	52592	1
016	32	Response	53	4733736	58272	2
016	32	Response	53	4740535	65072	1
016	32	Response	53	4745496	70032	2
016	32	Sound	f12	4746964	71500	1			71500		other	0
016	32	Picture	2-122-1-2	4805783	130319	7	5166	7	130000	5000	hit	305
016	32	Response	62	4818696	143232	2
016	33	Sound	P2/beat1	4851280	25000	1			25000		other	0
016	33	Sound	n06	4897780	71500	1			71500		other	0
016	33	Picture	2-223-2-2	4956599	130319	7	5166	7	130000	5000	incorrect	309
016	33	Response	51	4967335	141055	1
016	34	Sound	P2/beat	5002096	25000	1			25000		other	0
016	34	Sound	test06	5048596	71500	1			71500		other	0
016	34	Picture	3-213-1-3	5107415	130319	7	5166	7	130000	5000	hit	313
016	34	Response	61	5119175	142079	2
016	35	Sound	P2/beat	5152913	25000	1			25000		other	0
016	35	Sound	n04	5199413	71500	1			71500		other	0
016	35	Picture	3-223-1-3	5258231	130318	7	5166	7	130000	5000	incorrect	317
016	35	Response	51	5270615	142702	2
016	36	Sound	P2/beat	5303730	25001	1			25000		other	0
016	36	Sound	n11	5350229	71500	1			71500		other	0
016	36	Picture	3-113-2-3	5409048	130319	7	5166	7	130000	5000	hit	321
016	36	Response	61	5421496	142767	2
016	37	Sound	P1/tapping1	5454545	25000	1			25000		other	0
016	37	Response	53	5459175	29630	1
016	37	Response	53	5464456	34911	2
016	37	Response	53	5471095	41550	1
016	37	Response	53	5477655	48110	2
016	37	Response	53	5483335	53790	1
016	37	Response	53	5488775	59230	1
016	37	Response	53	5494455	64910	1
016	37	Sound	f23	5501045	71500	1			71500		other	0
016	37	Picture	3-112-1-3	5559864	130319	7	5166	7	130000	5000	hit	332
016	37	Response	61	5569335	139790	2
016	38	Response	53	5604935	24574	2
016	38	Sound	P1/tapping	5605361	25000	1			25000		other	0
016	38	Response	53	5611735	31373	2
016	38	Response	53	5617575	37213	1
016	38	Response	53	5623736	43374	2
016	38	Response	53	5629655	49293	2
016	38	Response	53	5635815	55453	1
016	38	Response	53	5642215	61854	1
016	38	Response	53	5647015	66653	2
016	38	Sound	n10	5651861	71500	1			71500		other	0
016	38	Picture	2-112-1-2	5710680	130319	7	5166	7	130000	5000	incorrect	344
016	38	Response	52	5721096	140734	2
016	39	Sound	P1/tapping	5756178	25000	1			25000		other	0
016	39	Response	53	5758535	27357	2
016	39	Response	53	5763656	32478	2
016	39	Response	53	5770295	39117	1
016	39	Response	53	5779255	48077	1
016	39	Response	53	5783895	52717	2
016	39	Response	53	5790695	59517	1
016	39	Response	53	5797015	65837	1
016	39	Sound	test10	5802678	71500	1			71500		other	0
016	39	Picture	3-212-1-3	5861496	130319	7	5166	7	130000	5000	hit	355
016	39	Response	61	5873415	142237	1
016	40	Sound	P1/tapping	5906994	25000	1			25000		other	0
016	40	Response	53	5910775	28781	2
016	40	Response	53	5916535	34541	1
016	40	Response	53	5922055	40061	2
016	40	Response	53	5927735	45741	1
016	40	Response	53	5933895	51901	1
016	40	Response	53	5939336	57342	2
016	40	Response	53	5945255	63261	1
016	40	Response	53	5951174	69180	1
016	40	Sound	test16	5953494	71500	1			71500		other	0
016	40	Picture	2-212-1-2	6012313	130319	7	5166	7	130000	5000	hit	367
016	40	Response	61	6023015	141021	3
016	41	Sound	P0/none1	6057810	25000	1			25000		other	0
016	41	Sound	test03	6104310	71500	1			71500		other	0
016	41	Picture	2-221-1-2	6163129	130319	7	5166	7	130000	5000	hit	371
016	41	Response	62	6175095	142284	2
016	42	Sound	P0/none	6208626	25000	1			25000		other	0
016	42	Sound	f22	6255126	71500	1			71500		other	0
016	42	Picture	2-121-2-2	6313945	130319	7	5166	7	130000	5000	hit	375
016	42	Response	62	6327655	144028	2
016	43	Sound	P0/none	6359443	25000	1			25000		other	0
016	43	Sound	test04	6405943	71500	1			71500		other	0
016	43	Picture	3-221-1-3	6464762	130318	7	5166	7	130000	5000	hit	379
016	43	Response	62	6481095	146652	1
016	44	Sound	P0/none	6510259	25000	1			25000		other	0
016	44	Sound	test11	6556759	71500	1			71500		other	0
016	44	Picture	2-221-1-2	6615578	130319	7	5166	7	130000	5000	incorrect	383
016	44	Response	51	6625494	140235	1
016	45	Sound	P2/beat1	6661075	25000	1			25000		other	0
016	45	Sound	f04	6707575	71500	1			71500		other	0
016	45	Picture	2-113-1-2	6766394	130319	7	5166	7	130000	5000	incorrect	387
016	45	Response	52	6780614	144539	2
016	46	Sound	P2/beat	6811892	25000	1			25000		other	0
016	46	Sound	test05	6858393	71501	1			71500		other	0
016	46	Picture	3-213-1-3	6917210	130319	7	5166	7	130000	5000	hit	391
016	46	Response	61	6926774	139883	2
016	47	Sound	P2/beat	6962708	25000	1			25000		other	0
016	47	Sound	f20	7009208	71500	1			71500		other	0
016	47	Picture	2-123-2-2	7068027	130319	7	5166	7	130000	5000	incorrect	395
016	47	Response	51	7077334	139626	2
016	48	Sound	P2/beat	7113524	25000	1			25000		other	0
016	48	Sound	f24	7160024	71500	1			71500		other	0
016	48	Picture	2-113-1-2	7218843	130318	7	5166	7	130000	5000	incorrect	399
016	48	Response	52	7230455	141930	1
016	49	Response	53	7262934	23593	1
016	49	Sound	P2/both1	7264340	25000	1			25000		other	0
016	49	Response	53	7268694	29353	1
016	49	Response	53	7274934	35593	2
016	49	Response	53	7281094	41753	2
016	49	Response	53	7287254	47913	2
016	49	Response	53	7293334	53994	2
016	49	Response	53	7299734	60393	1
016	49	Response	53	7304934	65593	2
016	49	Sound	test18	7310840	71500	1			71500		other	0
016	49	Picture	2-224-1-2	7369659	130319	7	5166	7	130000	5000	hit	411
016	49	Response	62	7382374	143034	2
016	50	Response	53	7415094	24937	1
016	50	Sound	P2/both	7415157	25000	1			25000		other	0
016	50	Response	53	7420454	30297	1
016	50	Response	53	7426294	36137	1
016	50	Response	53	7431894	41737	1
016	50	Response	53	7437334	47177	1
016	50	Response	53	7443574	53417	1
016	50	Response	53	7449334	59177	2
016	50	Response	53	7455174	65017	1
016	50	Sound	test01	7461657	71500	1			71500		other	0
016	50	Picture	3-214-1-3	7520475	130319	7	5166	7	130000	5000	hit	423
016	50	Response	61	7530854	140697	1
016	51	Sound	P2/both	7565973	25000	1			25000		other	0
016	51	Response	53	7566294	25321	1
016	51	Response	53	7571494	30521	2
016	51	Response	53	7577174	36201	1
016	51	Response	53	7583174	42201	1
016	51	Response	53	7589094	48121	2
016	51	Response	53	7594534	53561	1
016	51	Response	53	7601014	60041	2
016	51	Response	53	7606134	65161	1
016	51	Sound	test17	7612473	71500	1			71500		other	0
016	51	Picture	3-214-1-3	7671292	130319	7	5166	7	130000	5000	hit	435
016	51	Response	61	7681894	140921	1
016	52	Sound	P2/both	7716789	25000	1			25000		other	0
016	52	Response	53	7726614	34824	2
016	52	Response	53	7730214	38424	1
016	52	Response	53	7734534	42744	2
016	52	Response	53	7739494	47704	2
016	52	Response	53	7745574	53785	2
016	52	Response	53	7751094	59304	2
016	52	Response	53	7756935	65145	2
016	52	Sound	test15	7763289	71500	1			71500		other	0
016	52	Picture	3-214-1-3	7822108	130318	7	5166	7	130000	5000	incorrect	446
016	52	Response	52	7830934	139144	1
016	53	Sound	P2/beat1	7867606	25000	1			25000		other	0
016	53	Sound	test02	7914106	71500	1			71500		other	0
016	53	Picture	3-223-1-3	7972924	130319	7	5166	7	130000	5000	incorrect	450
016	53	Response	51	7985334	142728	2
016	54	Sound	P2/beat	8018422	25000	1			25000		other	0
016	54	Sound	f08	8064922	71500	1			71500		other	0
016	54	Picture	3-113-2-3	8123741	130319	7	5166	7	130000	5000	hit	454
016	54	Response	61	8133734	140312	2
016	55	Sound	P2/beat	8169244	25005	1			25000		other	0
016	55	Response	53	8175333	31095	1
016	55	Sound	test23	8215738	71500	1			71500		other	0
016	55	Picture	3-213-1-3	8274557	130319	7	5166	7	130000	5000	hit	459
016	55	Response	61	8289414	145176	1
016	56	Sound	P2/beat	8320054	25000	1			25000		other	0
016	56	Sound	test25	8366554	71500	1			71500		other	0
016	56	Picture	2-223-1-2	8425373	130319	7	5166	7	130000	5000	incorrect	463
016	56	Response	51	8434614	139559	1
016	57	Sound	P0/none1	8470871	25000	1			25000		other	0
016	57	Sound	n01	8517371	71500	1			71500		other	0
016	57	Picture	2-211-1-2	8576189	130319	7	5166	7	130000	5000	incorrect	467
016	57	Response	52	8585413	139542	2
016	58	Sound	P0/none	8621687	25000	1			25000		other	0
016	58	Sound	n12	8668187	71500	1			71500		other	0
016	58	Picture	2-121-2-2	8727006	130318	7	5166	7	130000	5000	hit	471
016	58	Response	62	8737174	140486	1
016	59	Sound	P0/none	8772503	25000	1			25000		other	0
016	59	Sound	f17	8819003	71500	1			71500		other	0
016	59	Picture	2-121-2-2	8877822	130318	7	5166	7	130000	5000	incorrect	475
016	59	Response	51	8890373	142870	2
016	60	Sound	P0/none	8923320	25000	1			25000		other	0
016	60	Sound	n14	8969820	71500	1			71500		other	0
016	60	Picture	2-111-2-2	9028638	130319	7	5166	7	130000	5000	hit	479
016	60	Response	61	9037814	139494	2


Event Type	Code	Type	Response	RT	RT Uncertainty	Time	Uncertainty	Duration	Uncertainty	ReqTime	ReqDur

Sound	P1/tapping1	other				25160	1			25000
Sound	n05	other				71660	1			71500
Picture	2-122-2-2	incorrect	1	10699	7	130479	7	5166	7	130000	5000
Sound	P1/tapping	other				175976	1			25000
Sound	f18	other				222477	1			71500
Picture	3-122-1-3	hit	2	10603	7	281295	7	5166	7	130000	5000
Sound	P1/tapping	other				326793	1			25000
Sound	f09	other				373293	1			71500
Picture	2-122-1-2	incorrect	1	12187	8	432112	7	5166	7	130000	5000
Sound	P1/tapping	other				477609	1			25000
Sound	f06	other				524109	1			71500
Picture	3-122-1-3	hit	2	11370	8	582928	7	5166	7	130000	5000
Sound	P2/both1	other				628425	1			25000
Sound	f01	other				674925	1			71500
Picture	3-114-1-3	incorrect	2	11194	8	733744	7	5166	7	130000	5000
Sound	P2/both	other				779241	1			25000
Sound	test24	other				825741	1			71500
Picture	3-214-1-3	incorrect	2	13978	7	884560	7	5166	7	130000	5000
Sound	P2/both	other				930058	1			25000
Sound	test22	other				976558	1			71500
Picture	3-224-1-3	hit	2	12601	7	1035376	7	5166	7	130000	5000
Sound	P2/both	other				1080873	1			25000
Sound	test07	other				1127374	1			71500
Picture	3-214-1-3	hit	1	10745	8	1186193	7	5166	7	130000	5000
Sound	P2/beat1	other				1231690	1			25000
Sound	f02	other				1278190	1			71500
Picture	2-113-1-2	hit	1	11849	8	1337009	7	5166	7	130000	5000
Sound	P2/beat	other				1382507	1			25000
Sound	f19	other				1429007	1			71500
Picture	2-113-2-2	hit	1	16152	7	1487825	7	5166	7	130000	5000
Sound	P2/beat	other				1533323	1			25000
Sound	n07	other				1579823	1			71500
Picture	3-223-1-3	incorrect	1	9496	7	1638642	7	5166	7	130000	5000
Sound	P2/beat	other				1684139	1			25000
Sound	f07	other				1730639	1			71500
Picture	3-123-1-3	incorrect	1	10040	8	1789458	7	5166	7	130000	5000
Sound	P2/both1	other				1834955	1			25000
Sound	f05	other				1881459	1			71500
Picture	2-124-1-2	hit	2	9543	7	1940274	7	5166	7	130000	5000
Sound	P2/both	other				1985772	1			25000
Sound	test09	other				2032272	1			71500
Picture	3-224-1-3	incorrect	1	11287	7	2091090	7	5166	7	130000	5000
Sound	P2/both	other				2136588	1			25000
Sound	test12	other				2183088	1			71500
Picture	3-214-1-3	hit	1	10630	7	2241906	7	5166	7	130000	5000
Sound	P2/both	other				2287404	1			25000
Sound	test19	other				2333904	1			71500
Picture	2-224-1-2	hit	2	13574	7	2392723	7	5166	7	130000	5000
Sound	P1/tapping1	other				2438220	1			25000
Sound	f15	other				2484720	1			71500
Picture	2-122-2-2	incorrect	1	12518	8	2543539	7	5166	7	130000	5000
Sound	P1/tapping	other				2589036	1			25000
Sound	test21	other				2635536	1			71500
Picture	3-212-1-3	incorrect	2	12662	7	2694355	7	5166	7	130000	5000
Sound	P1/tapping	other				2739853	1			25000
Sound	f10	other				2786353	1			71500
Picture	3-112-1-3	hit	1	15685	9	2845171	7	5166	7	130000	5000
Sound	P1/tapping	other				2890669	1			25000
Sound	f13	other				2937169	1			71500
Picture	3-112-1-3	incorrect	2	16149	7	2995988	7	5166	7	130000	5000
Sound	P2/both1	other				3041485	1			25000
Sound	n03	other				3087985	1			71500
Picture	2-124-1-2	incorrect	1	9413	8	3146804	7	5166	7	130000	5000
Sound	P2/both	other				3192301	1			25000
Sound	n13	other				3238801	1			71500
Picture	3-214-1-3	hit	1	10837	8	3297620	7	5166	7	130000	5000
Sound	P2/both	other				3343118	1			25000
Sound	f11	other				3389617	1			71500
Picture	2-124-1-2	hit	2	15860	7	3448436	7	5166	7	130000	5000
Sound	P2/both	other				3493934	1			25000
Sound	f16	other				3540434	1			71500
Picture	2-114-1-2	hit	1	11444	7	3599253	7	5166	7	130000	5000
Sound	P0/none1	other				3644750	1			25000
Sound	f21	other				3691250	1			71500
Picture	2-121-2-2	hit	2	12308	7	3750069	7	5166	7	130000	5000
Sound	P0/none	other				3795566	1			25000
Sound	test14	other				3842066	1			71500
Picture	2-221-1-2	hit	2	11971	7	3900885	7	5166	7	130000	5000
Sound	P0/none	other				3946382	1			25000
Sound	f14	other				3992882	1			71500
Picture	3-111-1-3	hit	1	10995	7	4051701	7	5166	7	130000	5000
Sound	P0/none	other				4097199	1			25000
Sound	test08	other				4143699	1			71500
Picture	3-221-1-3	hit	2	11539	8	4202518	7	5166	7	130000	5000
Sound	P1/tapping1	other				4248015	1			25000
Sound	n09	other				4294515	1			71500
Picture	2-222-2-2	hit	2	14402	8	4353334	7	5166	7	130000	5000
Sound	P1/tapping	other				4398832	1			25000
Sound	test13	other				4445331	1			71500
Picture	2-212-1-2	incorrect	2	11746	8	4504150	7	5166	7	130000	5000
Sound	P1/tapping	other				4549648	1			25000
Sound	f03	other				4596147	1			71500
Picture	3-112-1-3	hit	1	13889	8	4654966	7	5166	7	130000	5000
Sound	P1/tapping	other				4700464	1			25000
Sound	f12	other				4746964	1			71500
Picture	2-122-1-2	hit	2	12913	8	4805783	7	5166	7	130000	5000
Sound	P2/beat1	other				4851280	1			25000
Sound	n06	other				4897780	1			71500
Picture	2-223-2-2	incorrect	1	10737	8	4956599	7	5166	7	130000	5000
Sound	P2/beat	other				5002096	1			25000
Sound	test06	other				5048596	1			71500
Picture	3-213-1-3	hit	1	11760	8	5107415	7	5166	7	130000	5000
Sound	P2/beat	other				5152913	1			25000
Sound	n04	other				5199413	1			71500
Picture	3-223-1-3	incorrect	1	12384	8	5258231	7	5166	7	130000	5000
Sound	P2/beat	other				5303730	1			25000
Sound	n11	other				5350229	1			71500
Picture	3-113-2-3	hit	1	12448	8	5409048	7	5166	7	130000	5000
Sound	P1/tapping1	other				5454545	1			25000
Sound	f23	other				5501045	1			71500
Picture	3-112-1-3	hit	1	9471	8	5559864	7	5166	7	130000	5000
Sound	P1/tapping	other				5605361	1			25000
Sound	n10	other				5651861	1			71500
Picture	2-112-1-2	incorrect	2	10415	8	5710680	7	5166	7	130000	5000
Sound	P1/tapping	other				5756178	1			25000
Sound	test10	other				5802678	1			71500
Picture	3-212-1-3	hit	1	11918	7	5861496	7	5166	7	130000	5000
Sound	P1/tapping	other				5906994	1			25000
Sound	test16	other				5953494	1			71500
Picture	2-212-1-2	hit	1	10702	9	6012313	7	5166	7	130000	5000
Sound	P0/none1	other				6057810	1			25000
Sound	test03	other				6104310	1			71500
Picture	2-221-1-2	hit	2	11966	8	6163129	7	5166	7	130000	5000
Sound	P0/none	other				6208626	1			25000
Sound	f22	other				6255126	1			71500
Picture	2-121-2-2	hit	2	13709	8	6313945	7	5166	7	130000	5000
Sound	P0/none	other				6359443	1			25000
Sound	test04	other				6405943	1			71500
Picture	3-221-1-3	hit	2	16333	7	6464762	7	5166	7	130000	5000
Sound	P0/none	other				6510259	1			25000
Sound	test11	other				6556759	1			71500
Picture	2-221-1-2	incorrect	1	9917	7	6615578	7	5166	7	130000	5000
Sound	P2/beat1	other				6661075	1			25000
Sound	f04	other				6707575	1			71500
Picture	2-113-1-2	incorrect	2	14220	8	6766394	7	5166	7	130000	5000
Sound	P2/beat	other				6811892	1			25000
Sound	test05	other				6858393	1			71500
Picture	3-213-1-3	hit	1	9564	8	6917210	7	5166	7	130000	5000
Sound	P2/beat	other				6962708	1			25000
Sound	f20	other				7009208	1			71500
Picture	2-123-2-2	incorrect	1	9308	8	7068027	7	5166	7	130000	5000
Sound	P2/beat	other				7113524	1			25000
Sound	f24	other				7160024	1			71500
Picture	2-113-1-2	incorrect	2	11612	7	7218843	7	5166	7	130000	5000
Sound	P2/both1	other				7264340	1			25000
Sound	test18	other				7310840	1			71500
Picture	2-224-1-2	hit	2	12715	8	7369659	7	5166	7	130000	5000
Sound	P2/both	other				7415157	1			25000
Sound	test01	other				7461657	1			71500
Picture	3-214-1-3	hit	1	10378	7	7520475	7	5166	7	130000	5000
Sound	P2/both	other				7565973	1			25000
Sound	test17	other				7612473	1			71500
Picture	3-214-1-3	hit	1	10602	7	7671292	7	5166	7	130000	5000
Sound	P2/both	other				7716789	1			25000
Sound	test15	other				7763289	1			71500
Picture	3-214-1-3	incorrect	2	8826	7	7822108	7	5166	7	130000	5000
Sound	P2/beat1	other				7867606	1			25000
Sound	test02	other				7914106	1			71500
Picture	3-223-1-3	incorrect	1	12409	8	7972924	7	5166	7	130000	5000
Sound	P2/beat	other				8018422	1			25000
Sound	f08	other				8064922	1			71500
Picture	3-113-2-3	hit	1	9993	8	8123741	7	5166	7	130000	5000
Sound	P2/beat	other				8169244	1			25000
Sound	test23	other				8215738	1			71500
Picture	3-213-1-3	hit	1	14857	7	8274557	7	5166	7	130000	5000
Sound	P2/beat	other				8320054	1			25000
Sound	test25	other				8366554	1			71500
Picture	2-223-1-2	incorrect	1	9240	7	8425373	7	5166	7	130000	5000
Sound	P0/none1	other				8470871	1			25000
Sound	n01	other				8517371	1			71500
Picture	2-211-1-2	incorrect	2	9224	8	8576189	7	5166	7	130000	5000
Sound	P0/none	other				8621687	1			25000
Sound	n12	other				8668187	1			71500
Picture	2-121-2-2	hit	2	10168	7	8727006	7	5166	7	130000	5000
Sound	P0/none	other				8772503	1			25000
Sound	f17	other				8819003	1			71500
Picture	2-121-2-2	incorrect	1	12551	8	8877822	7	5166	7	130000	5000
Sound	P0/none	other				8923320	1			25000
Sound	n14	other				8969820	1			71500
Picture	2-111-2-2	hit	1	9175	8	9028638	7	5166	7	130000	5000


{
   "app": "Presentation Version 22.1 Build 01.21.21",
   "device": "Dell Inc. OptiPlex 7050",
   "experiment": "{C8E97CB4-6FCA-44FA-B866-4A2D94B6B85C}",
   "os": "Windows 10 64 bit",
   "package": "",
   "parameters": {
      "configuration": "Default configuration"
   },
   "scenario": "entrain_list1_sess3_EB.sce",
   "subject": "016",
   "timestamp": "2022/10/24 12:36:53 GMT"
}
