Scenario - test
Logfile written - 10/24/2022 15:30:46

Subject	Trial	Event Type	Code	Time	TTime	Uncertainty	Duration	Uncertainty	ReqTime	ReqDur	Stim Type	Pair Index

016	1	Sound	P2/beat1	25327	25000	1			25000		other	0
016	1	Sound	n05	71827	71500	1			71500		other	0
016	1	Picture	3-113-1-3	130646	130318	7	5166	7	130000	5000	incorrect	4
016	1	Response	52	140522	140195	2
016	2	Sound	P2/beat	176143	25000	1			25000		other	0
016	2	Sound	f05	222643	71500	1			71500		other	0
016	2	Picture	3-113-1-3	281462	130319	7	5166	7	130000	5000	hit	8
016	2	Response	61	293562	142419	1
016	3	Sound	P2/beat	326960	25000	1			25000		other	0
016	3	Sound	n01	373459	71500	1			71500		other	0
016	3	Picture	3-223-1-3	432278	130318	7	5166	7	130000	5000	hit	12
016	3	Response	62	441722	139762	1
016	4	Sound	P2/beat	477776	25000	1			25000		other	0
016	4	Sound	test15	524276	71500	1			71500		other	0
016	4	Picture	2-223-1-2	583094	130319	7	5166	7	130000	5000	hit	16
016	4	Response	62	596682	143906	1
016	5	Sound	P1/tapping1	628592	25000	1			25000		other	0
016	5	Response	53	632362	28770	1
016	5	Response	53	640442	36850	1
016	5	Response	53	647082	43490	1
016	5	Response	53	653322	49730	1
016	5	Response	53	659482	55890	1
016	5	Response	53	665482	61890	1
016	5	Response	53	671242	67650	1
016	5	Sound	f08	675092	71500	1			71500		other	0
016	5	Picture	3-122-2-3	733911	130319	7	5166	7	130000	5000	hit	27
016	5	Response	62	742362	138770	2
016	6	Sound	P1/tapping	779408	25000	1			25000		other	0
016	6	Response	53	781242	26834	1
016	6	Response	53	786682	32273	1
016	6	Response	53	792922	38514	1
016	6	Response	53	799402	44993	2
016	6	Response	53	805322	50913	1
016	6	Response	53	811002	56593	1
016	6	Response	53	817003	62594	1
016	6	Response	53	823002	68593	1
016	6	Sound	f01	825908	71500	1			71500		other	0
016	6	Picture	2-122-1-2	884727	130319	7	5166	7	130000	5000	incorrect	39
016	6	Response	51	899722	145314	2
016	7	Sound	P1/tapping	930224	25000	1			25000		other	0
016	7	Response	53	932922	27697	1
016	7	Response	53	938602	33377	1
016	7	Response	53	947402	42177	1
016	7	Response	53	953642	48417	1
016	7	Response	53	962922	57698	1
016	7	Response	53	968042	62817	1
016	7	Sound	n03	976724	71500	1			71500		other	0
016	7	Picture	3-122-1-3	1035543	130319	7	5166	7	130000	5000	hit	49
016	7	Response	62	1046762	141537	1
016	8	Sound	P1/tapping	1081040	25000	1			25000		other	0
016	8	Response	53	1088442	32401	1
016	8	Response	53	1095882	39841	1
016	8	Response	53	1101402	45361	1
016	8	Response	53	1107322	51281	1
016	8	Response	53	1112842	56801	2
016	8	Response	53	1118522	62481	1
016	8	Response	53	1125322	69281	2
016	8	Sound	test18	1127541	71500	1			71500		other	0
016	8	Picture	3-212-1-3	1186359	130319	7	5166	7	130000	5000	incorrect	60
016	8	Response	52	1196842	140801	1
016	9	Sound	P2/both1	1231857	25000	1			25000		other	0
016	9	Response	53	1234122	27265	1
016	9	Response	53	1238442	31585	1
016	9	Response	53	1243242	36385	1
016	9	Response	53	1249002	42145	1
016	9	Response	53	1254602	47745	2
016	9	Response	53	1260122	53265	2
016	9	Response	53	1266522	59664	1
016	9	Response	53	1272362	65505	1
016	9	Sound	test13	1278357	71500	1			71500		other	0
016	9	Picture	3-214-1-3	1337176	130318	7	5166	7	130000	5000	incorrect	72
016	9	Response	52	1346202	139345	1
016	10	Sound	P2/both	1382673	25000	1			25000		other	0
016	10	Response	53	1384602	26928	2
016	10	Response	53	1389161	31488	2
016	10	Response	53	1393642	35968	1
016	10	Response	53	1399562	41888	2
016	10	Response	53	1405242	47568	1
016	10	Response	53	1411242	53568	2
016	10	Response	53	1416842	59168	1
016	10	Response	53	1422682	65008	1
016	10	Sound	test04	1429173	71500	1			71500		other	0
016	10	Picture	2-224-1-2	1487992	130319	7	5166	7	130000	5000	hit	84
016	10	Response	62	1499481	141808	3
016	11	Sound	P2/both	1533489	25000	1			25000		other	0
016	11	Response	53	1535161	26672	1
016	11	Response	53	1538921	30432	1
016	11	Response	53	1544121	35632	1
016	11	Response	53	1549802	41312	2
016	11	Response	53	1555641	47152	1
016	11	Response	53	1561322	52832	1
016	11	Response	53	1567161	58672	1
016	11	Response	53	1573561	65072	1
016	11	Sound	f15	1579989	71500	1			71500		other	0
016	11	Picture	3-124-1-3	1638808	130318	7	5166	7	130000	5000	hit	96
016	11	Response	62	1651241	142752	1
016	12	Response	53	1681401	22096	1
016	12	Sound	P2/both	1684306	25000	1			25000		other	0
016	12	Response	53	1688201	28896	2
016	12	Response	53	1695481	36176	1
016	12	Response	53	1701161	41856	1
016	12	Response	53	1707641	48335	1
016	12	Response	53	1713161	53856	1
016	12	Response	53	1721001	61696	2
016	12	Response	53	1725241	65936	1
016	12	Sound	f21	1730805	71500	1			71500		other	0
016	12	Picture	3-124-1-3	1789624	130319	7	5166	7	130000	5000	hit	108
016	12	Response	62	1798441	139136	1
016	13	Sound	P0/none1	1835122	25000	1			25000		other	0
016	13	Sound	n07	1881622	71500	1			71500		other	0
016	13	Picture	2-221-1-2	1940441	130319	7	5166	7	130000	5000	incorrect	112
016	13	Response	51	1949321	139199	1
016	14	Sound	P0/none	1985938	25000	1			25000		other	0
016	14	Sound	n04	2032438	71500	1			71500		other	0
016	14	Picture	2-211-1-2	2091257	130319	7	5166	7	130000	5000	miss	0
016	15	Sound	P0/none	2136754	25000	1			25000		other	0
016	15	Sound	f03	2183254	71500	1			71500		other	0
016	15	Picture	2-111-1-2	2242073	130319	7	5166	7	130000	5000	incorrect	119
016	15	Response	52	2249961	138207	1
016	16	Sound	P0/none	2287570	25000	1			25000		other	0
016	16	Sound	test05	2334071	71500	1			71500		other	0
016	16	Picture	2-211-1-2	2392889	130318	7	5166	7	130000	5000	hit	123
016	16	Response	61	2401801	139230	1
016	17	Sound	P2/beat1	2438386	25000	1			25000		other	0
016	17	Sound	test16	2484886	71500	1			71500		other	0
016	17	Picture	3-213-1-3	2543705	130319	7	5166	7	130000	5000	hit	127
016	17	Response	61	2556041	142655	1
016	18	Sound	P2/beat	2589203	25000	1			25000		other	0
016	18	Sound	f11	2635703	71500	1			71500		other	0
016	18	Picture	3-113-1-3	2694522	130319	7	5166	7	130000	5000	incorrect	131
016	18	Response	52	2704841	140637	1
016	19	Sound	P2/beat	2740019	25000	1			25000		other	0
016	19	Sound	test07	2786519	71500	1			71500		other	0
016	19	Picture	2-223-1-2	2845338	130319	7	5166	7	130000	5000	hit	135
016	19	Response	62	2855561	140542	1
016	20	Sound	P2/beat	2890835	25000	1			25000		other	0
016	20	Sound	f23	2937335	71500	1			71500		other	0
016	20	Picture	2-113-1-2	2996154	130319	7	5166	7	130000	5000	incorrect	139
016	20	Response	52	3009321	143485	1
016	21	Sound	P0/none1	3041652	25000	1			25000		other	0
016	21	Sound	test23	3088151	71500	1			71500		other	0
016	21	Picture	2-221-2-2	3146970	130319	7	5166	7	130000	5000	hit	143
016	21	Response	62	3162200	145549	1
016	22	Sound	P0/none	3192468	25000	1			25000		other	0
016	22	Sound	f24	3238968	71500	1			71500		other	0
016	22	Picture	3-121-1-3	3297787	130318	7	5166	7	130000	5000	hit	147
016	22	Response	62	3310201	142733	2
016	23	Sound	P0/none	3343284	25000	1			25000		other	0
016	23	Sound	n06	3389784	71500	1			71500		other	0
016	23	Picture	3-211-1-3	3448603	130319	7	5166	7	130000	5000	hit	151
016	23	Response	61	3459800	141516	2
016	24	Sound	P0/none	3494100	25000	1			25000		other	0
016	24	Sound	test24	3540600	71500	1			71500		other	0
016	24	Picture	2-221-1-2	3599419	130319	7	5166	7	130000	5000	hit	155
016	24	Response	62	3612280	143180	1
016	25	Sound	P1/tapping1	3644917	25000	1			25000		other	0
016	25	Response	53	3649720	29804	2
016	25	Response	53	3656280	36364	1
016	25	Response	53	3663240	43323	1
016	25	Response	53	3669640	49724	1
016	25	Response	53	3675560	55644	1
016	25	Response	53	3682120	62203	1
016	25	Response	53	3688680	68764	1
016	25	Sound	test02	3691416	71500	1			71500		other	0
016	25	Picture	2-212-1-2	3750235	130319	7	5166	7	130000	5000	incorrect	166
016	25	Response	52	3762120	142203	1
016	26	Response	53	3793641	22907	1
016	26	Sound	P1/tapping	3795733	25000	1			25000		other	0
016	26	Response	53	3801081	30348	2
016	26	Response	53	3807560	36827	2
016	26	Response	53	3813561	42827	1
016	26	Response	53	3819080	48347	2
016	26	Response	53	3825960	55227	2
016	26	Response	53	3838680	67947	1
016	26	Sound	f14	3842233	71500	1			71500		other	0
016	26	Picture	2-122-2-2	3901052	130319	7	5166	7	130000	5000	hit	177
016	26	Response	62	3915080	144347	1
016	27	Response	53	3945880	24331	1
016	27	Sound	P1/tapping	3946549	25000	1			25000		other	0
016	27	Response	53	3952600	31051	2
016	27	Response	53	3958840	37291	1
016	27	Response	53	3965720	44171	1
016	27	Response	53	3971481	49931	1
016	27	Response	53	3976600	55051	1
016	27	Sound	f17	3993049	71500	1			71500		other	0
016	27	Picture	3-122-1-3	4051868	130318	7	5166	7	130000	5000	incorrect	187
016	27	Response	51	4061640	140091	1
016	28	Response	53	4093480	21114	1
016	28	Sound	P1/tapping	4097365	25000	1			25000		other	0
016	28	Response	53	4102520	30154	1
016	28	Response	53	4108600	36234	2
016	28	Response	53	4117480	45115	1
016	28	Response	53	4123320	50955	1
016	28	Response	53	4129080	56714	1
016	28	Response	53	4135161	62795	1
016	28	Response	53	4141560	69194	3
016	28	Sound	test17	4143865	71500	1			71500		other	0
016	28	Picture	2-222-2-2	4202684	130319	7	5166	7	130000	5000	incorrect	199
016	28	Response	51	4212761	140395	1
016	29	Sound	P2/beat1	4248182	25000	1			25000		other	0
016	29	Sound	f10	4294682	71500	1			71500		other	0
016	29	Picture	2-123-1-2	4353500	130319	7	5166	7	130000	5000	incorrect	203
016	29	Response	51	4365720	142538	1
016	30	Sound	P2/beat	4398998	25000	1			25000		other	0
016	30	Sound	test01	4445498	71500	1			71500		other	0
016	30	Picture	2-223-1-2	4504317	130319	7	5166	7	130000	5000	hit	207
016	30	Response	62	4515720	141722	1
016	31	Sound	P2/beat	4549814	25000	1			25000		other	0
016	31	Sound	test12	4596314	71500	1			71500		other	0
016	31	Picture	2-213-1-2	4655133	130318	7	5166	7	130000	5000	hit	211
016	31	Response	61	4669000	144185	1
016	32	Sound	P2/beat	4700630	25000	1			25000		other	0
016	32	Sound	test08	4747130	71500	1			71500		other	0
016	32	Picture	2-223-1-2	4805949	130319	7	5166	7	130000	5000	hit	215
016	32	Response	62	4815320	139689	1
016	33	Sound	P2/both1	4851447	25000	1			25000		other	0
016	33	Response	53	4853079	26633	1
016	33	Response	53	4857080	30633	1
016	33	Response	53	4862440	35993	1
016	33	Response	53	4868440	41993	2
016	33	Response	53	4873959	47513	1
016	33	Response	53	4880039	53593	1
016	33	Response	53	4885720	59273	2
016	33	Response	53	4891559	65113	1
016	33	Sound	f09	4897947	71500	1			71500		other	0
016	33	Picture	3-114-1-3	4956765	130319	7	5166	7	130000	5000	hit	227
016	33	Response	61	4966120	139673	1
016	34	Response	53	4997959	20696	1
016	34	Sound	P2/both	5002263	25000	1			25000		other	0
016	34	Response	53	5005799	28536	1
016	34	Response	53	5012760	35497	2
016	34	Response	53	5018599	41336	3
016	34	Response	53	5024599	47336	1
016	34	Response	53	5030359	53096	1
016	34	Response	53	5036840	59577	1
016	34	Response	53	5042279	65016	1
016	34	Sound	test03	5048763	71500	1			71500		other	0
016	34	Picture	3-214-1-3	5107582	130319	7	5166	7	130000	5000	hit	239
016	34	Response	61	5121160	143897	1
016	35	Response	53	5148599	20520	1
016	35	Sound	P2/both	5153079	25000	1			25000		other	0
016	35	Response	53	5156919	28840	3
016	35	Response	53	5163320	35241	2
016	35	Response	53	5168999	40920	1
016	35	Response	53	5174759	46680	1
016	35	Response	53	5180519	52440	1
016	35	Response	53	5186600	58520	1
016	35	Response	53	5193319	65240	1
016	35	Response	53	5199399	71320	3
016	35	Sound	f04	5199579	71500	1			71500		other	0
016	35	Picture	3-114-1-3	5258398	130319	7	5166	7	130000	5000	incorrect	252
016	35	Response	52	5269640	141560	1
016	36	Sound	P2/both	5303896	25000	1			25000		other	0
016	36	Response	53	5307239	28344	1
016	36	Response	53	5310199	31304	1
016	36	Response	53	5314679	35784	1
016	36	Response	53	5320919	42024	1
016	36	Response	53	5326439	47544	1
016	36	Response	53	5332839	53944	2
016	36	Response	53	5339159	60264	1
016	36	Response	53	5345239	66344	1
016	36	Sound	f18	5350395	71500	1			71500		other	0
016	36	Picture	2-114-2-2	5409214	130319	7	5166	7	130000	5000	hit	264
016	36	Response	61	5417959	139064	1
016	37	Sound	P0/none1	5454712	25000	1			25000		other	0
016	37	Sound	f19	5501211	71500	1			71500		other	0
016	37	Picture	3-121-1-3	5560030	130319	7	5166	7	130000	5000	hit	268
016	37	Response	62	5570679	140967	2
016	38	Sound	P0/none	5605528	25000	1			25000		other	0
016	38	Sound	test09	5652028	71500	1			71500		other	0
016	38	Picture	2-211-1-2	5710847	130319	7	5166	7	130000	5000	hit	272
016	38	Response	61	5721319	140791	1
016	39	Sound	P0/none	5756344	25000	1			25000		other	0
016	39	Sound	f02	5802844	71500	1			71500		other	0
016	39	Picture	3-121-2-3	5861663	130319	7	5166	7	130000	5000	hit	276
016	39	Response	62	5872999	141654	2
016	40	Sound	P0/none	5907160	25000	1			25000		other	0
016	40	Sound	n13	5953660	71500	1			71500		other	0
016	40	Picture	2-221-1-2	6012479	130319	7	5166	7	130000	5000	incorrect	280
016	40	Response	51	6022359	140198	2
016	41	Sound	P1/tapping1	6057977	25000	1			25000		other	0
016	41	Response	53	6060999	28022	1
016	41	Response	53	6067159	34182	2
016	41	Response	53	6074119	41142	1
016	41	Response	53	6079720	46743	2
016	41	Response	53	6086439	53462	1
016	41	Response	53	6092599	59622	1
016	41	Response	53	6099079	66102	1
016	41	Sound	f16	6104477	71500	1			71500		other	0
016	41	Picture	3-112-1-3	6163296	130319	7	5166	7	130000	5000	hit	291
016	41	Response	61	6172359	139382	1
016	42	Response	53	6207479	23685	1
016	42	Sound	P1/tapping	6208793	25000	1			25000		other	0
016	42	Response	53	6214839	31045	1
016	42	Response	53	6221959	38166	1
016	42	Response	53	6228999	45205	1
016	42	Response	53	6234919	51126	1
016	42	Response	53	6241479	57686	1
016	42	Response	53	6249079	65286	1
016	42	Sound	n14	6255293	71500	1			71500		other	0
016	42	Picture	3-112-1-3	6314112	130319	7	5166	7	130000	5000	hit	302
016	42	Response	61	6327079	143285	1
016	43	Sound	P1/tapping	6359610	25000	1			25000		other	0
016	43	Response	53	6361639	27029	1
016	43	Response	53	6368199	33589	1
016	43	Response	53	6374838	40229	1
016	43	Response	53	6380519	45909	1
016	43	Response	53	6386679	52069	1
016	43	Response	53	6393159	58549	1
016	43	Response	53	6399559	64949	1
016	43	Sound	f07	6406109	71500	1			71500		other	0
016	43	Picture	2-112-1-2	6464928	130319	7	5166	7	130000	5000	incorrect	313
016	43	Response	52	6481719	147110	2
016	44	Sound	P1/tapping	6510426	25000	1			25000		other	0
016	44	Response	53	6514119	28693	1
016	44	Response	53	6523239	37813	2
016	44	Response	53	6534199	48773	1
016	44	Response	53	6544439	59013	2
016	44	Response	53	6554598	69173	1
016	44	Sound	n11	6556926	71500	1			71500		other	0
016	44	Picture	2-112-1-2	6615744	130318	7	5166	7	130000	5000	hit	322
016	44	Response	61	6624358	138933	1
016	45	Sound	P2/both1	6661242	25000	1			25000		other	0
016	45	Response	53	6663479	27236	2
016	45	Response	53	6667798	31556	2
016	45	Response	53	6672518	36276	1
016	45	Response	53	6678599	42356	1
016	45	Response	53	6684678	48436	1
016	45	Response	53	6690758	54516	1
016	45	Response	53	6697318	61076	1
016	45	Response	53	6702678	66436	2
016	45	Sound	test10	6707742	71500	1			71500		other	0
016	45	Picture	2-224-1-2	6766561	130318	7	5166	7	130000	5000	hit	334
016	45	Response	62	6780599	144357	1
016	46	Response	53	6809158	22100	1
016	46	Sound	P2/both	6812058	25000	1			25000		other	0
016	46	Response	53	6816838	29780	1
016	46	Response	53	6822518	35460	1
016	46	Response	53	6828118	41060	1
016	46	Response	53	6834279	47221	1
016	46	Response	53	6840278	53220	3
016	46	Response	53	6846598	59540	1
016	46	Response	53	6852438	65380	1
016	46	Sound	test14	6858559	71500	1			71500		other	0
016	46	Picture	3-224-1-3	6917377	130319	7	5166	7	130000	5000	incorrect	346
016	46	Response	51	6929478	142420	1
016	47	Sound	P2/both	6962874	25000	1			25000		other	0
016	47	Response	53	6963319	25444	2
016	47	Response	53	6968439	30564	2
016	47	Response	53	6973879	36004	1
016	47	Response	53	6980198	42324	1
016	47	Response	53	6985558	47684	1
016	47	Response	53	6991559	53684	2
016	47	Response	53	6994598	56724	1
016	47	Response	53	6997958	60084	1
016	47	Response	53	7003398	65524	1
016	47	Sound	test21	7009374	71500	1			71500		other	0
016	47	Picture	2-224-2-2	7068193	130319	7	5166	7	130000	5000	incorrect	359
016	47	Response	51	7073878	136004	1
016	47	Response	52	7083158	145284	1
016	48	Sound	P2/both	7113691	25000	1			25000		other	0
016	48	Response	53	7113958	25267	1
016	48	Response	53	7118998	30307	1
016	48	Response	53	7123719	35028	1
016	48	Response	53	7129638	40947	1
016	48	Response	53	7134998	46307	1
016	48	Response	53	7141158	52467	1
016	48	Response	53	7146598	57907	1
016	48	Response	53	7153158	64467	1
016	48	Sound	test11	7160191	71500	1			71500		other	0
016	48	Picture	3-224-1-3	7219010	130318	7	5166	7	130000	5000	incorrect	372
016	48	Response	51	7227238	138547	1
016	49	Sound	P1/tapping1	7264507	25000	1			25000		other	0
016	49	Response	53	7266759	27252	2
016	49	Response	53	7270678	31171	2
016	49	Response	53	7278598	39091	3
016	49	Response	53	7284358	44851	1
016	49	Response	53	7290678	51171	1
016	49	Response	53	7297158	57651	1
016	49	Response	53	7303878	64371	1
016	49	Response	53	7310518	71011	1
016	49	Sound	f22	7311007	71500	1			71500		other	0
016	49	Picture	3-112-1-3	7369826	130319	7	5166	7	130000	5000	hit	384
016	49	Response	61	7382359	142852	2
016	50	Sound	P1/tapping	7415323	25000	1			25000		other	0
016	50	Response	53	7417958	27634	1
016	50	Response	53	7428038	37714	1
016	50	Response	53	7434678	44355	1
016	50	Response	53	7441558	51234	1
016	50	Response	53	7447878	57555	1
016	50	Response	53	7456358	66035	2
016	50	Sound	n12	7461823	71500	1			71500		other	0
016	50	Picture	3-112-1-3	7520642	130319	7	5166	7	130000	5000	hit	394
016	50	Response	61	7532198	141874	1
016	51	Sound	P1/tapping	7566140	25000	1			25000		other	0
016	51	Response	53	7566999	25859	2
016	51	Response	53	7573318	32178	2
016	51	Response	53	7579078	37938	1
016	51	Response	53	7585478	44338	1
016	51	Response	53	7591638	50499	2
016	51	Response	53	7597638	56498	1
016	51	Response	53	7604598	63458	1
016	51	Response	53	7611478	70338	1
016	51	Sound	test25	7612639	71500	1			71500		other	0
016	51	Picture	3-222-1-3	7671458	130319	7	5166	7	130000	5000	hit	406
016	51	Response	62	7682038	140898	1
016	52	Sound	P1/tapping	7716956	25000	1			25000		other	0
016	52	Response	53	7718198	26242	1
016	52	Response	53	7725798	33842	1
016	52	Response	53	7732518	40562	1
016	52	Response	53	7738438	46482	1
016	52	Response	53	7744678	52722	1
016	52	Response	53	7750359	58403	2
016	52	Response	53	7755958	64002	1
016	52	Sound	f20	7763456	71500	1			71500		other	0
016	52	Picture	3-112-1-3	7822275	130319	7	5166	7	130000	5000	hit	417
016	52	Response	61	7834918	142961	1
016	53	Sound	P0/none1	7867772	25000	1			25000		other	0
016	53	Sound	f12	7914272	71500	1			71500		other	0
016	53	Picture	3-111-1-3	7973091	130319	7	5166	7	130000	5000	incorrect	421
016	53	Response	52	7985718	142945	2
016	54	Sound	P0/none	8018588	25000	1			25000		other	0
016	54	Sound	test06	8065088	71500	1			71500		other	0
016	54	Picture	2-211-1-2	8123907	130319	7	5166	7	130000	5000	incorrect	425
016	54	Response	52	8141718	148129	1
016	55	Sound	P0/none	8169405	25000	1			25000		other	0
016	55	Sound	f06	8215905	71500	1			71500		other	0
016	55	Picture	2-121-1-2	8274724	130319	7	5166	7	130000	5000	incorrect	429
016	55	Response	51	8284678	140272	1
016	56	Sound	P0/none	8320221	25000	1			25000		other	0
016	56	Sound	n10	8366721	71500	1			71500		other	0
016	56	Picture	3-111-1-3	8425540	130319	7	5166	7	130000	5000	hit	433
016	56	Response	61	8435557	140336	1
016	57	Sound	P2/beat1	8471037	25000	1			25000		other	0
016	57	Sound	f13	8517537	71500	1			71500		other	0
016	57	Picture	2-123-1-2	8576356	130319	7	5166	7	130000	5000	incorrect	437
016	57	Response	51	8588757	142720	3
016	58	Sound	P2/beat	8621853	25000	1			25000		other	0
016	58	Sound	test22	8668353	71500	1			71500		other	0
016	58	Picture	2-213-2-2	8727172	130319	7	5166	7	130000	5000	hit	441
016	58	Response	61	8738118	141264	2
016	59	Sound	P2/beat	8772670	25000	1			25000		other	0
016	59	Sound	n09	8819170	71500	1			71500		other	0
016	59	Response	53	8851397	103727	2
016	59	Picture	3-223-1-3	8877989	130319	7	5166	7	130000	5000	hit	446
016	59	Response	62	8890517	142847	2
016	60	Sound	P2/beat	8923486	25000	1			25000		other	0
016	60	Sound	test19	8969986	71500	1			71500		other	0
016	60	Picture	2-213-1-2	9028805	130319	7	5166	7	130000	5000	hit	450
016	60	Response	61	9039957	141471	1


Event Type	Code	Type	Response	RT	RT Uncertainty	Time	Uncertainty	Duration	Uncertainty	ReqTime	ReqDur

Sound	P2/beat1	other				25327	1			25000
Sound	n05	other				71827	1			71500
Picture	3-113-1-3	incorrect	2	9877	8	130646	7	5166	7	130000	5000
Sound	P2/beat	other				176143	1			25000
Sound	f05	other				222643	1			71500
Picture	3-113-1-3	hit	1	12100	7	281462	7	5166	7	130000	5000
Sound	P2/beat	other				326960	1			25000
Sound	n01	other				373459	1			71500
Picture	3-223-1-3	hit	2	9444	7	432278	7	5166	7	130000	5000
Sound	P2/beat	other				477776	1			25000
Sound	test15	other				524276	1			71500
Picture	2-223-1-2	hit	2	13587	7	583094	7	5166	7	130000	5000
Sound	P1/tapping1	other				628592	1			25000
Sound	f08	other				675092	1			71500
Picture	3-122-2-3	hit	2	8451	8	733911	7	5166	7	130000	5000
Sound	P1/tapping	other				779408	1			25000
Sound	f01	other				825908	1			71500
Picture	2-122-1-2	incorrect	1	14995	8	884727	7	5166	7	130000	5000
Sound	P1/tapping	other				930224	1			25000
Sound	n03	other				976724	1			71500
Picture	3-122-1-3	hit	2	11218	7	1035543	7	5166	7	130000	5000
Sound	P1/tapping	other				1081040	1			25000
Sound	test18	other				1127541	1			71500
Picture	3-212-1-3	incorrect	2	10482	7	1186359	7	5166	7	130000	5000
Sound	P2/both1	other				1231857	1			25000
Sound	test13	other				1278357	1			71500
Picture	3-214-1-3	incorrect	2	9026	7	1337176	7	5166	7	130000	5000
Sound	P2/both	other				1382673	1			25000
Sound	test04	other				1429173	1			71500
Picture	2-224-1-2	hit	2	11490	9	1487992	7	5166	7	130000	5000
Sound	P2/both	other				1533489	1			25000
Sound	f15	other				1579989	1			71500
Picture	3-124-1-3	hit	2	12433	7	1638808	7	5166	7	130000	5000
Sound	P2/both	other				1684306	1			25000
Sound	f21	other				1730805	1			71500
Picture	3-124-1-3	hit	2	8817	7	1789624	7	5166	7	130000	5000
Sound	P0/none1	other				1835122	1			25000
Sound	n07	other				1881622	1			71500
Picture	2-221-1-2	incorrect	1	8881	7	1940441	7	5166	7	130000	5000
Sound	P0/none	other				1985938	1			25000
Sound	n04	other				2032438	1			71500
Picture	2-211-1-2	miss				2091257	7	5166	7	130000	5000
Sound	P0/none	other				2136754	1			25000
Sound	f03	other				2183254	1			71500
Picture	2-111-1-2	incorrect	2	7888	7	2242073	7	5166	7	130000	5000
Sound	P0/none	other				2287570	1			25000
Sound	test05	other				2334071	1			71500
Picture	2-211-1-2	hit	1	8912	7	2392889	7	5166	7	130000	5000
Sound	P2/beat1	other				2438386	1			25000
Sound	test16	other				2484886	1			71500
Picture	3-213-1-3	hit	1	12336	7	2543705	7	5166	7	130000	5000
Sound	P2/beat	other				2589203	1			25000
Sound	f11	other				2635703	1			71500
Picture	3-113-1-3	incorrect	2	10319	7	2694522	7	5166	7	130000	5000
Sound	P2/beat	other				2740019	1			25000
Sound	test07	other				2786519	1			71500
Picture	2-223-1-2	hit	2	10223	7	2845338	7	5166	7	130000	5000
Sound	P2/beat	other				2890835	1			25000
Sound	f23	other				2937335	1			71500
Picture	2-113-1-2	incorrect	2	13167	8	2996154	7	5166	7	130000	5000
Sound	P0/none1	other				3041652	1			25000
Sound	test23	other				3088151	1			71500
Picture	2-221-2-2	hit	2	15230	7	3146970	7	5166	7	130000	5000
Sound	P0/none	other				3192468	1			25000
Sound	f24	other				3238968	1			71500
Picture	3-121-1-3	hit	2	12415	8	3297787	7	5166	7	130000	5000
Sound	P0/none	other				3343284	1			25000
Sound	n06	other				3389784	1			71500
Picture	3-211-1-3	hit	1	11198	8	3448603	7	5166	7	130000	5000
Sound	P0/none	other				3494100	1			25000
Sound	test24	other				3540600	1			71500
Picture	2-221-1-2	hit	2	12861	8	3599419	7	5166	7	130000	5000
Sound	P1/tapping1	other				3644917	1			25000
Sound	test02	other				3691416	1			71500
Picture	2-212-1-2	incorrect	2	11885	7	3750235	7	5166	7	130000	5000
Sound	P1/tapping	other				3795733	1			25000
Sound	f14	other				3842233	1			71500
Picture	2-122-2-2	hit	2	14028	7	3901052	7	5166	7	130000	5000
Sound	P1/tapping	other				3946549	1			25000
Sound	f17	other				3993049	1			71500
Picture	3-122-1-3	incorrect	1	9773	7	4051868	7	5166	7	130000	5000
Sound	P1/tapping	other				4097365	1			25000
Sound	test17	other				4143865	1			71500
Picture	2-222-2-2	incorrect	1	10077	7	4202684	7	5166	7	130000	5000
Sound	P2/beat1	other				4248182	1			25000
Sound	f10	other				4294682	1			71500
Picture	2-123-1-2	incorrect	1	12220	8	4353500	7	5166	7	130000	5000
Sound	P2/beat	other				4398998	1			25000
Sound	test01	other				4445498	1			71500
Picture	2-223-1-2	hit	2	11403	7	4504317	7	5166	7	130000	5000
Sound	P2/beat	other				4549814	1			25000
Sound	test12	other				4596314	1			71500
Picture	2-213-1-2	hit	1	13867	7	4655133	7	5166	7	130000	5000
Sound	P2/beat	other				4700630	1			25000
Sound	test08	other				4747130	1			71500
Picture	2-223-1-2	hit	2	9370	7	4805949	7	5166	7	130000	5000
Sound	P2/both1	other				4851447	1			25000
Sound	f09	other				4897947	1			71500
Picture	3-114-1-3	hit	1	9354	8	4956765	7	5166	7	130000	5000
Sound	P2/both	other				5002263	1			25000
Sound	test03	other				5048763	1			71500
Picture	3-214-1-3	hit	1	13578	7	5107582	7	5166	7	130000	5000
Sound	P2/both	other				5153079	1			25000
Sound	f04	other				5199579	1			71500
Picture	3-114-1-3	incorrect	2	11242	7	5258398	7	5166	7	130000	5000
Sound	P2/both	other				5303896	1			25000
Sound	f18	other				5350395	1			71500
Picture	2-114-2-2	hit	1	8745	7	5409214	7	5166	7	130000	5000
Sound	P0/none1	other				5454712	1			25000
Sound	f19	other				5501211	1			71500
Picture	3-121-1-3	hit	2	10649	8	5560030	7	5166	7	130000	5000
Sound	P0/none	other				5605528	1			25000
Sound	test09	other				5652028	1			71500
Picture	2-211-1-2	hit	1	10472	7	5710847	7	5166	7	130000	5000
Sound	P0/none	other				5756344	1			25000
Sound	f02	other				5802844	1			71500
Picture	3-121-2-3	hit	2	11336	9	5861663	7	5166	7	130000	5000
Sound	P0/none	other				5907160	1			25000
Sound	n13	other				5953660	1			71500
Picture	2-221-1-2	incorrect	1	9880	8	6012479	7	5166	7	130000	5000
Sound	P1/tapping1	other				6057977	1			25000
Sound	f16	other				6104477	1			71500
Picture	3-112-1-3	hit	1	9063	7	6163296	7	5166	7	130000	5000
Sound	P1/tapping	other				6208793	1			25000
Sound	n14	other				6255293	1			71500
Picture	3-112-1-3	hit	1	12967	7	6314112	7	5166	7	130000	5000
Sound	P1/tapping	other				6359610	1			25000
Sound	f07	other				6406109	1			71500
Picture	2-112-1-2	incorrect	2	16791	8	6464928	7	5166	7	130000	5000
Sound	P1/tapping	other				6510426	1			25000
Sound	n11	other				6556926	1			71500
Picture	2-112-1-2	hit	1	8614	7	6615744	7	5166	7	130000	5000
Sound	P2/both1	other				6661242	1			25000
Sound	test10	other				6707742	1			71500
Picture	2-224-1-2	hit	2	14038	7	6766561	7	5166	7	130000	5000
Sound	P2/both	other				6812058	1			25000
Sound	test14	other				6858559	1			71500
Picture	3-224-1-3	incorrect	1	12101	7	6917377	7	5166	7	130000	5000
Sound	P2/both	other				6962874	1			25000
Sound	test21	other				7009374	1			71500
Picture	2-224-2-2	incorrect	1	5685	7	7068193	7	5166	7	130000	5000
Sound	P2/both	other				7113691	1			25000
Sound	test11	other				7160191	1			71500
Picture	3-224-1-3	incorrect	1	8229	7	7219010	7	5166	7	130000	5000
Sound	P1/tapping1	other				7264507	1			25000
Sound	f22	other				7311007	1			71500
Picture	3-112-1-3	hit	1	12533	8	7369826	7	5166	7	130000	5000
Sound	P1/tapping	other				7415323	1			25000
Sound	n12	other				7461823	1			71500
Picture	3-112-1-3	hit	1	11556	7	7520642	7	5166	7	130000	5000
Sound	P1/tapping	other				7566140	1			25000
Sound	test25	other				7612639	1			71500
Picture	3-222-1-3	hit	2	10580	7	7671458	7	5166	7	130000	5000
Sound	P1/tapping	other				7716956	1			25000
Sound	f20	other				7763456	1			71500
Picture	3-112-1-3	hit	1	12643	7	7822275	7	5166	7	130000	5000
Sound	P0/none1	other				7867772	1			25000
Sound	f12	other				7914272	1			71500
Picture	3-111-1-3	incorrect	2	12627	8	7973091	7	5166	7	130000	5000
Sound	P0/none	other				8018588	1			25000
Sound	test06	other				8065088	1			71500
Picture	2-211-1-2	incorrect	2	17811	7	8123907	7	5166	7	130000	5000
Sound	P0/none	other				8169405	1			25000
Sound	f06	other				8215905	1			71500
Picture	2-121-1-2	incorrect	1	9954	7	8274724	7	5166	7	130000	5000
Sound	P0/none	other				8320221	1			25000
Sound	n10	other				8366721	1			71500
Picture	3-111-1-3	hit	1	10018	7	8425540	7	5166	7	130000	5000
Sound	P2/beat1	other				8471037	1			25000
Sound	f13	other				8517537	1			71500
Picture	2-123-1-2	incorrect	1	12401	9	8576356	7	5166	7	130000	5000
Sound	P2/beat	other				8621853	1			25000
Sound	test22	other				8668353	1			71500
Picture	2-213-2-2	hit	1	10945	8	8727172	7	5166	7	130000	5000
Sound	P2/beat	other				8772670	1			25000
Sound	n09	other				8819170	1			71500
Picture	3-223-1-3	hit	2	12528	8	8877989	7	5166	7	130000	5000
Sound	P2/beat	other				8923486	1			25000
Sound	test19	other				8969986	1			71500
Picture	2-213-1-2	hit	1	11152	7	9028805	7	5166	7	130000	5000


{
   "app": "Presentation Version 22.1 Build 01.21.21",
   "device": "Dell Inc. OptiPlex 7050",
   "experiment": "{C8E97CB4-6FCA-44FA-B866-4A2D94B6B85C}",
   "os": "Windows 10 64 bit",
   "package": "",
   "parameters": {
      "configuration": "Default configuration"
   },
   "scenario": "entrain_list1_sess2_EB.sce",
   "subject": "016",
   "timestamp": "2022/10/24 13:15:34 GMT"
}
