Scenario - test
Logfile written - 11/18/2022 14:30:22

Subject	Trial	Event Type	Code	Time	TTime	Uncertainty	Duration	Uncertainty	ReqTime	ReqDur	Stim Type	Pair Index

022	1	Sound	P1/tapping1	25160	25000	1			25000		other	0
022	1	Response	53	28881	28720	1
022	1	Response	53	31680	31520	2
022	1	Response	53	36721	36560	1
022	1	Response	53	41280	41120	1
022	1	Response	53	46401	46240	3
022	1	Response	53	50561	50400	2
022	1	Response	53	54960	54800	1
022	1	Response	53	59600	59440	1
022	1	Response	53	63761	63601	3
022	1	Response	53	68401	68240	1
022	1	Sound	n05	71660	71500	1			71500		other	0
022	1	Picture	2-122-2-2	130478	130317	7	5166	7	130000	5000	incorrect	14
022	1	Response	51	144801	144640	2
022	2	Sound	P1/tapping	175975	25000	1			25000		other	0
022	2	Response	53	182481	31505	1
022	2	Response	53	187521	36545	2
022	2	Response	53	191601	40626	1
022	2	Response	53	195760	44785	1
022	2	Response	53	200001	49025	1
022	2	Response	53	204241	53265	1
022	2	Response	53	210161	59185	1
022	2	Response	53	215681	64706	3
022	2	Response	53	221121	70145	1
022	2	Sound	f18	222475	71500	1			71500		other	0
022	2	Picture	3-122-1-3	281292	130317	7	5166	7	130000	5000	hit	27
022	2	Response	62	293360	142385	2
022	3	Response	53	320400	18610	2
022	3	Sound	P1/tapping	326790	25000	1			25000		other	0
022	3	Response	53	328800	27010	1
022	3	Response	53	333360	31570	1
022	3	Response	53	338560	36770	1
022	3	Response	53	343281	41491	2
022	3	Response	53	347600	45810	1
022	3	Response	53	352480	50690	2
022	3	Response	53	357521	55731	2
022	3	Response	53	361840	60050	1
022	3	Response	53	366320	64530	3
022	3	Response	53	370241	68451	2
022	3	Sound	f09	373290	71500	1			71500		other	0
022	3	Picture	2-122-1-2	432107	130317	7	5166	7	130000	5000	hit	42
022	3	Response	62	445200	143410	1
022	4	Sound	P1/tapping	477605	25000	1			25000		other	0
022	4	Response	53	484800	32196	1
022	4	Response	53	488880	36276	1
022	4	Response	53	493041	40436	1
022	4	Response	53	497120	44516	1
022	4	Response	53	501280	48676	1
022	4	Response	53	505680	53076	1
022	4	Response	53	510480	57876	1
022	4	Response	53	515280	62676	1
022	4	Response	53	520080	67476	1
022	4	Sound	f06	524105	71500	1			71500		other	0
022	4	Response	53	525361	72756	2
022	4	Picture	3-122-1-3	582922	130317	7	5166	7	130000	5000	hit	56
022	4	Response	62	598400	145796	2
022	5	Sound	P2/both1	628419	25000	1			25000		other	0
022	5	Response	53	631520	28101	2
022	5	Response	53	636160	32741	1
022	5	Response	53	640400	36981	1
022	5	Response	53	646640	43221	1
022	5	Response	53	652400	48981	2
022	5	Response	53	658080	54661	1
022	5	Response	53	663761	60341	3
022	5	Response	53	669120	65701	1
022	5	Sound	f01	674919	71500	1			71500		other	0
022	5	Picture	3-114-1-3	733736	130317	7	5166	7	130000	5000	hit	68
022	5	Response	61	742401	138982	3
022	5	Response	51	754080	150661	3
022	6	Sound	P2/both	779233	25000	1			25000		other	0
022	6	Response	53	780960	26726	2
022	6	Response	53	785440	31206	2
022	6	Response	53	790640	36406	1
022	6	Response	53	796720	42486	2
022	6	Response	53	802401	48167	3
022	6	Response	53	808720	54486	1
022	6	Response	53	814480	60246	2
022	6	Response	53	820801	66567	3
022	6	Sound	test24	825734	71500	1			71500		other	0
022	6	Picture	3-214-1-3	884551	130317	7	5166	7	130000	5000	hit	81
022	6	Response	61	893760	139526	2
022	6	Response	51	898561	144327	2
022	7	Sound	P2/both	930048	25000	1			25000		other	0
022	7	Response	53	931920	26871	1
022	7	Response	53	936400	31351	2
022	7	Response	53	941840	36791	3
022	7	Response	53	947840	42791	1
022	7	Response	53	952960	47911	1
022	7	Response	53	959280	54231	2
022	7	Response	53	965520	60471	1
022	7	Response	53	971680	66631	2
022	7	Sound	test22	976548	71500	1			71500		other	0
022	7	Picture	3-224-1-3	1035366	130317	7	5166	7	130000	5000	hit	94
022	7	Response	62	1045600	140551	1
022	7	Response	52	1051600	146551	2
022	8	Sound	P2/both	1080863	25000	1			25000		other	0
022	8	Response	53	1084240	28377	1
022	8	Response	53	1087600	31736	2
022	8	Response	53	1092880	37017	1
022	8	Response	53	1098960	43097	2
022	8	Response	53	1104720	48857	1
022	8	Response	53	1110321	54457	2
022	8	Response	53	1116240	60377	1
022	8	Response	53	1121760	65897	1
022	8	Sound	test07	1127363	71500	1			71500		other	0
022	8	Picture	3-214-1-3	1186180	130317	7	5166	7	130000	5000	hit	107
022	8	Response	61	1194960	139096	1
022	8	Response	51	1199680	143817	2
022	9	Sound	P2/beat1	1231678	25000	1			25000		other	0
022	9	Sound	f02	1278178	71500	1			71500		other	0
022	9	Picture	2-113-1-2	1336995	130317	7	5166	7	130000	5000	hit	112
022	9	Response	61	1353759	147081	2
022	9	Response	51	1357440	150762	3
022	10	Sound	P2/beat	1382492	25000	1			25000		other	0
022	10	Sound	f19	1428992	71500	1			71500		other	0
022	10	Picture	2-113-2-2	1487810	130317	7	5166	7	130000	5000	hit	117
022	10	Response	61	1496720	139227	1
022	10	Response	51	1502879	145387	1
022	11	Sound	P2/beat	1533307	25000	1			25000		other	0
022	11	Sound	n07	1579807	71500	1			71500		other	0
022	11	Picture	3-223-1-3	1638624	130317	7	5166	7	130000	5000	hit	122
022	11	Response	62	1649199	140892	1
022	11	Response	52	1653999	145692	2
022	12	Response	52	1659440	319	2
022	12	Sound	P2/beat	1684121	25000	1			25000		other	0
022	12	Sound	f07	1730621	71500	1			71500		other	0
022	12	Picture	3-123-1-3	1789439	130317	7	5166	7	130000	5000	hit	128
022	12	Response	62	1804879	145757	1
022	12	Response	52	1809679	150557	1
022	13	Sound	P2/both1	1834936	25000	1			25000		other	0
022	13	Response	53	1841039	31102	2
022	13	Response	53	1846399	36462	1
022	13	Response	53	1851519	41582	3
022	13	Response	53	1857839	47902	2
022	13	Response	53	1863519	53582	1
022	13	Response	53	1870159	60222	2
022	13	Response	53	1876239	66303	2
022	13	Sound	f05	1881436	71500	1			71500		other	0
022	13	Response	53	1882399	72463	1
022	13	Picture	2-124-1-2	1940254	130317	7	5166	7	130000	5000	hit	141
022	13	Response	62	1950239	140302	1
022	13	Response	52	1954879	144942	2
022	14	Sound	P2/both	1985751	25000	1			25000		other	0
022	14	Response	53	1988479	27728	1
022	14	Response	53	1992319	31567	1
022	14	Response	53	1997279	36527	1
022	14	Response	53	2003039	42288	3
022	14	Response	53	2009119	48367	1
022	14	Response	53	2014879	54128	1
022	14	Response	53	2021279	60528	1
022	14	Response	53	2027119	66367	1
022	14	Sound	test09	2032251	71500	1			71500		other	0
022	14	Picture	3-224-1-3	2091068	130317	7	5166	7	130000	5000	hit	154
022	14	Response	62	2100959	140208	2
022	14	Response	52	2105518	144767	1
022	15	Sound	P2/both	2136566	25000	1			25000		other	0
022	15	Response	53	2139839	28273	1
022	15	Response	53	2143438	31873	2
022	15	Response	53	2148638	37073	3
022	15	Response	53	2154559	42993	2
022	15	Response	53	2159918	48353	2
022	15	Response	53	2165358	53793	1
022	15	Response	53	2171118	59553	2
022	15	Response	53	2178079	66513	3
022	15	Sound	test12	2183066	71500	1			71500		other	0
022	15	Response	53	2184799	73233	1
022	15	Picture	3-214-1-3	2241883	130317	7	5166	7	130000	5000	hit	168
022	15	Response	61	2250959	139393	1
022	15	Response	51	2254638	143073	1
022	16	Sound	P2/both	2287380	25000	1			25000		other	0
022	16	Response	53	2290718	28338	2
022	16	Response	53	2294478	32098	1
022	16	Response	53	2299599	37218	1
022	16	Response	53	2305279	42898	2
022	16	Response	53	2312479	50098	2
022	16	Response	53	2317199	54818	2
022	16	Response	53	2322638	60258	1
022	16	Response	53	2328318	65938	1
022	16	Sound	test19	2333880	71500	1			71500		other	0
022	16	Picture	2-224-1-2	2392698	130317	7	5166	7	130000	5000	incorrect	181
022	16	Response	51	2403918	141538	1
022	16	Response	51	2407838	145458	1
022	17	Sound	P1/tapping1	2438195	25000	1			25000		other	0
022	17	Response	53	2440239	27043	2
022	17	Response	53	2444638	31443	2
022	17	Response	53	2450719	37523	1
022	17	Response	53	2455918	42723	1
022	17	Response	53	2460960	47764	3
022	17	Response	53	2467038	53843	2
022	17	Response	53	2472079	58883	2
022	17	Response	53	2477599	64403	1
022	17	Response	53	2482878	69683	1
022	17	Sound	f15	2484695	71500	1			71500		other	0
022	17	Picture	2-122-2-2	2543512	130317	7	5166	7	130000	5000	hit	195
022	17	Response	62	2557998	144803	1
022	17	Response	52	2563438	150243	1
022	18	Sound	P1/tapping	2589009	25000	1			25000		other	0
022	18	Response	53	2592718	28708	1
022	18	Response	53	2595998	31988	2
022	18	Response	53	2601758	37748	2
022	18	Response	53	2607038	43029	1
022	18	Response	53	2612318	48308	3
022	18	Response	53	2617598	53588	1
022	18	Response	53	2622878	58868	1
022	18	Response	53	2628238	64228	2
022	18	Response	53	2632878	68868	2
022	18	Sound	test21	2635509	71500	1			71500		other	0
022	18	Picture	3-212-1-3	2694327	130317	7	5166	7	130000	5000	incorrect	209
022	18	Response	52	2708558	144548	2
022	19	Sound	P1/tapping	2739824	25000	1			25000		other	0
022	19	Response	53	2743518	28694	3
022	19	Response	53	2747678	32853	3
022	19	Response	53	2753918	39093	2
022	19	Response	53	2758958	44133	2
022	19	Response	53	2764398	49573	2
022	19	Response	53	2768958	54133	1
022	19	Response	53	2773438	58614	3
022	19	Response	53	2779758	64933	1
022	19	Response	53	2784799	69974	3
022	19	Sound	f10	2786324	71500	1			71500		other	0
022	19	Picture	3-112-1-3	2845142	130317	7	5166	7	130000	5000	incorrect	222
022	19	Response	52	2859278	144454	1
022	20	Sound	P1/tapping	2890639	25000	1			25000		other	0
022	20	Response	53	2893039	27399	2
022	20	Response	53	2897038	31399	2
022	20	Response	53	2902078	36439	2
022	20	Response	53	2906398	40758	1
022	20	Response	53	2911598	45959	2
022	20	Response	53	2916398	50759	2
022	20	Response	53	2921038	55399	1
022	20	Response	53	2925599	59959	2
022	20	Response	53	2929838	64198	1
022	20	Response	53	2933998	68358	2
022	20	Sound	f13	2937139	71500	1			71500		other	0
022	20	Picture	3-112-1-3	2995956	130317	7	5166	7	130000	5000	hit	236
022	20	Response	61	3004718	139079	1
022	20	Response	51	3016318	150679	3
022	21	Sound	P2/both1	3041453	25000	1			25000		other	0
022	21	Response	53	3047358	30905	1
022	21	Response	53	3052878	36424	2
022	21	Response	53	3058318	41864	2
022	21	Response	53	3064157	47704	1
022	21	Response	53	3070478	54025	3
022	21	Response	53	3075918	59464	2
022	21	Response	53	3081678	65224	1
022	21	Sound	n03	3087954	71500	1			71500		other	0
022	21	Response	53	3088958	72504	1
022	21	Picture	2-124-1-2	3146771	130317	7	5166	7	130000	5000	hit	249
022	21	Response	62	3157518	141064	2
022	22	Response	52	3169118	1849	1
022	22	Sound	P2/both	3192268	25000	1			25000		other	0
022	22	Response	53	3194398	27129	2
022	22	Response	53	3198798	31529	1
022	22	Response	53	3204158	36889	1
022	22	Response	53	3209518	42249	2
022	22	Response	53	3215198	47929	1
022	22	Response	53	3220878	53609	1
022	22	Response	53	3227038	59769	3
022	22	Response	53	3233118	65849	2
022	22	Sound	n13	3238768	71500	1			71500		other	0
022	22	Response	53	3240799	73530	3
022	22	Picture	3-214-1-3	3297586	130317	7	5166	7	130000	5000	hit	263
022	22	Response	61	3304958	137689	2
022	22	Response	51	3309598	142329	2
022	22	Response	51	3315359	148090	3
022	23	Sound	P2/both	3343083	25000	1			25000		other	0
022	23	Response	53	3345357	27274	2
022	23	Response	53	3349277	31194	2
022	23	Response	53	3354637	36554	1
022	23	Response	53	3360238	42155	2
022	23	Response	53	3366317	48234	1
022	23	Response	53	3372157	54074	1
022	23	Response	53	3377758	59674	1
022	23	Response	53	3383037	64954	2
022	23	Response	53	3388477	70394	1
022	23	Sound	f11	3389583	71500	1			71500		other	0
022	23	Picture	2-124-1-2	3448400	130317	7	5166	7	130000	5000	hit	278
022	23	Response	62	3459198	141114	3
022	23	Response	52	3468557	150474	1
022	24	Sound	P2/both	3493897	25000	1			25000		other	0
022	24	Response	53	3496077	27180	1
022	24	Response	53	3500477	31579	2
022	24	Response	53	3505277	36379	2
022	24	Response	53	3511197	42299	2
022	24	Response	53	3516557	47660	1
022	24	Response	53	3522637	53739	1
022	24	Response	53	3528077	59180	2
022	24	Response	53	3534477	65579	1
022	24	Sound	f16	3540397	71500	1			71500		other	0
022	24	Picture	2-114-1-2	3599215	130317	7	5166	7	130000	5000	hit	291
022	24	Response	61	3609278	140380	2
022	25	Response	51	3620797	1085	1
022	25	Sound	P0/none1	3644712	25000	1			25000		other	0
022	25	Sound	f21	3691212	71500	1			71500		other	0
022	25	Picture	2-121-2-2	3750030	130317	7	5166	7	130000	5000	incorrect	296
022	25	Response	51	3768877	149165	1
022	26	Response	51	3773037	2510	1
022	26	Sound	P0/none	3795527	25000	1			25000		other	0
022	26	Sound	test14	3842027	71500	1			71500		other	0
022	26	Picture	2-221-1-2	3900844	130317	7	5166	7	130000	5000	hit	301
022	26	Response	62	3911677	141150	1
022	26	Response	52	3916557	146030	1
022	27	Sound	P0/none	3946342	25000	1			25000		other	0
022	27	Sound	f14	3992841	71500	1			71500		other	0
022	27	Picture	3-111-1-3	4051659	130317	7	5166	7	130000	5000	hit	306
022	27	Response	61	4060557	139215	1
022	27	Response	51	4065837	144495	2
022	28	Sound	P0/none	4097156	25000	1			25000		other	0
022	28	Sound	test08	4143656	71500	1			71500		other	0
022	28	Picture	3-221-1-3	4202474	130317	7	5166	7	130000	5000	hit	311
022	28	Response	62	4212317	140161	2
022	28	Response	52	4216957	144800	1
022	29	Sound	P1/tapping1	4247971	25000	1			25000		other	0
022	29	Response	53	4250557	27585	1
022	29	Response	53	4255116	32145	1
022	29	Response	53	4260717	37745	1
022	29	Response	53	4265917	42945	2
022	29	Response	53	4271276	48305	2
022	29	Response	53	4276717	53745	1
022	29	Response	53	4282237	59265	1
022	29	Response	53	4287036	64065	1
022	29	Response	53	4291836	68865	1
022	29	Sound	n09	4294471	71500	1			71500		other	0
022	29	Picture	2-222-2-2	4353288	130317	7	5166	7	130000	5000	hit	325
022	29	Response	62	4362317	139345	2
022	29	Response	52	4366956	143985	2
022	30	Sound	P1/tapping	4398785	25000	1			25000		other	0
022	30	Response	53	4403117	29331	2
022	30	Response	53	4408076	34291	2
022	30	Response	53	4414156	40371	2
022	30	Response	53	4419516	45731	1
022	30	Response	53	4425597	51811	1
022	30	Response	53	4431116	57331	2
022	30	Response	53	4436156	62370	1
022	30	Response	53	4441036	67251	1
022	30	Sound	test13	4445286	71500	1			71500		other	0
022	30	Picture	2-212-1-2	4504103	130317	7	5166	7	130000	5000	hit	338
022	30	Response	61	4514557	140771	2
022	30	Response	51	4518396	144611	1
022	31	Sound	P1/tapping	4549600	25000	1			25000		other	0
022	31	Response	53	4554156	29556	2
022	31	Response	53	4558236	33635	1
022	31	Response	53	4562076	37476	1
022	31	Response	53	4566236	41636	2
022	31	Response	53	4570076	45476	1
022	31	Response	53	4574316	49715	1
022	31	Response	53	4578076	53476	1
022	31	Response	53	4582556	57956	2
022	31	Response	53	4587037	62436	3
022	31	Response	53	4591357	66756	2
022	31	Response	53	4595836	71236	1
022	31	Sound	f03	4596100	71500	1			71500		other	0
022	31	Picture	3-112-1-3	4654918	130317	7	5166	7	130000	5000	hit	354
022	31	Response	61	4667836	143236	2
022	32	Sound	P1/tapping	4700415	25000	1			25000		other	0
022	32	Response	53	4703437	28022	3
022	32	Response	53	4707276	31861	1
022	32	Response	53	4711436	36021	1
022	32	Response	53	4715436	40021	2
022	32	Response	53	4719196	43781	1
022	32	Response	53	4723196	47781	3
022	32	Response	53	4726796	51381	1
022	32	Response	53	4730877	55462	3
022	32	Response	53	4735196	59781	1
022	32	Response	53	4740156	64741	1
022	32	Response	53	4745036	69621	1
022	32	Sound	f12	4746915	71500	1			71500		other	0
022	32	Picture	2-122-1-2	4805732	130317	7	5166	7	130000	5000	hit	369
022	32	Response	62	4819197	143782	1
022	32	Response	52	4823516	148101	1
022	33	Sound	P2/beat1	4851230	25000	1			25000		other	0
022	33	Sound	n06	4897730	71500	1			71500		other	0
022	33	Picture	2-223-2-2	4956547	130317	7	5166	7	130000	5000	hit	374
022	33	Response	62	4963916	137686	1
022	33	Response	52	4968957	142727	1
022	34	Sound	P2/beat	5002044	25000	1			25000		other	0
022	34	Sound	test06	5048544	71500	1			71500		other	0
022	34	Picture	3-213-1-3	5107362	130317	7	5166	7	130000	5000	hit	379
022	34	Response	61	5121436	144391	2
022	34	Response	51	5125836	148791	1
022	35	Sound	P2/beat	5152859	25000	1			25000		other	0
022	35	Sound	n04	5199359	71500	1			71500		other	0
022	35	Picture	3-223-1-3	5258177	130317	7	5166	7	130000	5000	hit	384
022	35	Response	62	5277036	149176	1
022	36	Response	52	5281916	3242	1
022	36	Sound	P2/beat	5303674	25000	1			25000		other	0
022	36	Sound	n11	5350174	71500	1			71500		other	0
022	36	Picture	3-113-2-3	5408991	130317	7	5166	7	130000	5000	incorrect	389
022	36	Response	52	5425596	146922	2
022	37	Sound	P1/tapping1	5454492	25004	1			25000		other	0
022	37	Response	53	5456556	27067	1
022	37	Response	53	5460956	31467	1
022	37	Response	53	5466636	37147	1
022	37	Response	53	5471916	42427	2
022	37	Response	53	5477356	47867	1
022	37	Response	53	5482876	53387	2
022	37	Response	53	5489356	59867	1
022	37	Response	53	5494475	64987	1
022	37	Response	53	5499276	69787	1
022	37	Sound	f23	5500988	71500	1			71500		other	0
022	37	Picture	3-112-1-3	5559806	130317	7	5166	7	130000	5000	hit	402
022	37	Response	61	5567435	137947	1
022	37	Response	51	5571836	142347	2
022	38	Sound	P1/tapping	5605303	25000	1			25000		other	0
022	38	Response	53	5608076	27773	3
022	38	Response	53	5612075	31772	1
022	38	Response	53	5617196	36893	2
022	38	Response	53	5622075	41772	2
022	38	Response	53	5626475	46172	1
022	38	Response	53	5631356	51053	3
022	38	Response	53	5635755	55452	1
022	38	Response	53	5640955	60652	2
022	38	Response	53	5645595	65292	1
022	38	Response	53	5650235	69932	1
022	38	Sound	n10	5651803	71500	1			71500		other	0
022	38	Picture	2-112-1-2	5710621	130317	7	5166	7	130000	5000	hit	417
022	38	Response	61	5720155	139852	1
022	38	Response	51	5723836	143533	3
022	39	Sound	P1/tapping	5756118	25000	1			25000		other	0
022	39	Response	53	5758396	27278	3
022	39	Response	53	5762475	31357	2
022	39	Response	53	5767275	36157	1
022	39	Response	53	5772475	41357	1
022	39	Response	53	5777195	46077	2
022	39	Response	53	5781515	50397	2
022	39	Response	53	5785435	54317	1
022	39	Response	53	5789995	58877	1
022	39	Response	53	5794795	63677	1
022	39	Response	53	5799195	68077	1
022	39	Sound	test10	5802618	71500	1			71500		other	0
022	39	Picture	3-212-1-3	5861435	130317	7	5166	7	130000	5000	hit	432
022	39	Response	61	5869595	138477	2
022	39	Response	51	5873755	142637	2
022	40	Sound	P1/tapping	5906933	25000	1			25000		other	0
022	40	Response	53	5910315	28383	1
022	40	Response	53	5913995	32062	1
022	40	Response	53	5918635	36703	1
022	40	Response	53	5922635	40703	1
022	40	Response	53	5926715	44782	1
022	40	Response	53	5931035	49103	1
022	40	Response	53	5936475	54543	2
022	40	Response	53	5939995	58062	1
022	40	Response	53	5944955	63023	1
022	40	Response	53	5949835	67902	1
022	40	Sound	test16	5953432	71500	1			71500		other	0
022	40	Response	53	5954555	72622	1
022	40	Picture	2-212-1-2	6012250	130317	7	5166	7	130000	5000	incorrect	448
022	40	Response	52	6026315	144382	1
022	40	Response	52	6031435	149503	2
022	41	Sound	P0/none1	6057747	25000	1			25000		other	0
022	41	Sound	test03	6104247	71500	1			71500		other	0
022	41	Picture	2-221-1-2	6163064	130317	7	5166	7	130000	5000	hit	453
022	41	Response	62	6174155	141408	1
022	41	Response	52	6179274	146527	1
022	42	Sound	P0/none	6208562	25000	1			25000		other	0
022	42	Sound	f22	6255062	71500	1			71500		other	0
022	42	Picture	2-121-2-2	6313879	130317	7	5166	7	130000	5000	hit	458
022	42	Response	62	6325355	141793	2
022	42	Response	52	6330315	146753	1
022	43	Sound	P0/none	6359377	25000	1			25000		other	0
022	43	Sound	test04	6405876	71500	1			71500		other	0
022	43	Picture	3-221-1-3	6464694	130317	7	5166	7	130000	5000	hit	463
022	43	Response	62	6476955	142578	2
022	43	Response	52	6481435	147058	2
022	44	Sound	P0/none	6510191	25000	1			25000		other	0
022	44	Sound	test11	6556691	71500	1			71500		other	0
022	44	Picture	2-221-1-2	6615509	130317	7	5166	7	130000	5000	hit	468
022	44	Response	62	6626554	141363	1
022	44	Response	52	6630634	145443	2
022	45	Sound	P2/beat1	6661006	25000	1			25000		other	0
022	45	Sound	f04	6707506	71500	1			71500		other	0
022	45	Picture	2-113-1-2	6766323	130317	7	5166	7	130000	5000	hit	473
022	45	Response	61	6777755	141748	1
022	45	Response	51	6782394	146388	1
022	46	Sound	P2/beat	6811820	25000	1			25000		other	0
022	46	Sound	test05	6858321	71500	1			71500		other	0
022	46	Picture	3-213-1-3	6917138	130317	7	5166	7	130000	5000	hit	478
022	46	Response	61	6925194	138374	2
022	46	Response	51	6928954	142133	2
022	47	Response	51	6938554	919	1
022	47	Sound	P2/beat	6962635	25000	1			25000		other	0
022	47	Sound	f20	7009135	71500	1			71500		other	0
022	47	Picture	2-123-2-2	7067953	130317	7	5166	7	130000	5000	hit	484
022	47	Response	62	7081834	144199	1
022	47	Response	52	7085914	148279	2
022	48	Sound	P2/beat	7113450	25000	1			25000		other	0
022	48	Sound	f24	7159950	71500	1			71500		other	0
022	48	Picture	2-113-1-2	7218767	130317	7	5166	7	130000	5000	hit	489
022	48	Response	61	7225834	137384	1
022	48	Response	51	7229674	141224	1
022	49	Sound	P2/both1	7264265	25000	1			25000		other	0
022	49	Response	53	7266554	27289	1
022	49	Response	53	7271034	31769	2
022	49	Response	53	7276074	36809	2
022	49	Response	53	7281514	42249	2
022	49	Response	53	7287034	47769	2
022	49	Response	53	7293194	53929	1
022	49	Response	53	7299514	60249	1
022	49	Response	53	7307754	68489	2
022	49	Sound	test18	7310765	71500	1			71500		other	0
022	49	Picture	2-224-1-2	7369582	130317	7	5166	7	130000	5000	hit	502
022	49	Response	62	7379834	140569	1
022	49	Response	52	7383754	144489	1
022	50	Sound	P2/both	7415079	25000	1			25000		other	0
022	50	Response	53	7416794	26714	2
022	50	Response	53	7421194	31114	1
022	50	Response	53	7426874	36794	1
022	50	Response	53	7431834	41754	2
022	50	Response	53	7437434	47354	2
022	50	Response	53	7443994	53914	1
022	50	Response	53	7449514	59434	1
022	50	Response	53	7455594	65514	2
022	50	Response	53	7461514	71434	2
022	50	Sound	test01	7461580	71500	1			71500		other	0
022	50	Picture	3-214-1-3	7520397	130317	7	5166	7	130000	5000	hit	516
022	50	Response	61	7529034	138954	1
022	50	Response	51	7532474	142394	1
022	51	Sound	P2/both	7565894	25000	1			25000		other	0
022	51	Response	53	7567914	27019	1
022	51	Response	53	7572633	31739	2
022	51	Response	53	7577673	36779	1
022	51	Response	53	7583193	42299	1
022	51	Response	53	7589513	48619	1
022	51	Response	53	7595514	54619	2
022	51	Response	53	7600953	60059	2
022	51	Response	53	7606633	65739	1
022	51	Sound	test17	7612394	71500	1			71500		other	0
022	51	Picture	3-214-1-3	7671211	130317	7	5166	7	130000	5000	hit	529
022	51	Response	61	7678553	137659	2
022	51	Response	51	7683034	142139	1
022	52	Sound	P2/both	7716709	25000	1			25000		other	0
022	52	Response	53	7719114	27405	2
022	52	Response	53	7723113	31404	2
022	52	Response	53	7728074	36365	2
022	52	Response	53	7733833	42124	2
022	52	Response	53	7739433	47724	1
022	52	Response	53	7745513	53804	2
022	52	Response	53	7751433	59724	2
022	52	Response	53	7757193	65484	2
022	52	Response	53	7763033	71324	1
022	52	Sound	test15	7763209	71500	1			71500		other	0
022	52	Picture	3-214-1-3	7822026	130317	7	5166	7	130000	5000	hit	543
022	52	Response	61	7829193	137484	1
022	52	Response	51	7833193	141484	1
022	52	Response	51	7838153	146444	1
022	53	Sound	P2/beat1	7867524	25000	1			25000		other	0
022	53	Sound	test02	7914024	71500	1			71500		other	0
022	53	Picture	3-223-1-3	7972841	130317	7	5166	7	130000	5000	hit	549
022	53	Response	62	7982073	139550	2
022	53	Response	52	7986474	143950	2
022	54	Sound	P2/beat	8018338	25000	1			25000		other	0
022	54	Sound	f08	8064838	71500	1			71500		other	0
022	54	Picture	3-113-2-3	8123656	130317	7	5166	7	130000	5000	hit	554
022	54	Response	61	8131833	138495	1
022	54	Response	51	8135433	142094	1
022	54	Response	51	8141113	147775	1
022	55	Sound	P2/beat	8169153	25000	1			25000		other	0
022	55	Sound	test23	8215653	71500	1			71500		other	0
022	55	Picture	3-213-1-3	8274470	130317	7	5166	7	130000	5000	hit	560
022	55	Response	61	8286793	142640	2
022	55	Response	51	8291593	147440	2
022	56	Sound	P2/beat	8319968	25000	1			25000		other	0
022	56	Sound	test25	8366467	71500	1			71500		other	0
022	56	Picture	2-223-1-2	8425285	130317	7	5166	7	130000	5000	hit	565
022	56	Response	62	8435353	140385	2
022	56	Response	52	8439993	145025	2
022	57	Sound	P0/none1	8470782	25000	1			25000		other	0
022	57	Sound	n01	8517282	71500	1			71500		other	0
022	57	Picture	2-211-1-2	8576100	130317	7	5166	7	130000	5000	incorrect	570
022	57	Response	52	8585433	139650	2
022	57	Response	52	8590073	144290	2
022	58	Sound	P0/none	8621597	25000	1			25000		other	0
022	58	Sound	n12	8668097	71500	1			71500		other	0
022	58	Picture	2-121-2-2	8726914	130317	7	5166	7	130000	5000	hit	575
022	58	Response	62	8740472	143875	1
022	58	Response	52	8745272	148675	1
022	59	Sound	P0/none	8772412	25000	1			25000		other	0
022	59	Sound	f17	8818912	71500	1			71500		other	0
022	59	Picture	2-121-2-2	8877729	130317	7	5166	7	130000	5000	hit	580
022	59	Response	62	8887913	140501	1
022	59	Response	52	8892232	144820	1
022	60	Sound	P0/none	8923226	25000	1			25000		other	0
022	60	Sound	n14	8969726	71500	1			71500		other	0
022	60	Picture	2-111-2-2	9028544	130317	7	5166	7	130000	5000	hit	585
022	60	Response	61	9037032	138806	2
022	60	Response	51	9041272	143046	2


Event Type	Code	Type	Response	RT	RT Uncertainty	Time	Uncertainty	Duration	Uncertainty	ReqTime	ReqDur

Sound	P1/tapping1	other				25160	1			25000
Sound	n05	other				71660	1			71500
Picture	2-122-2-2	incorrect	1	14323	8	130478	7	5166	7	130000	5000
Sound	P1/tapping	other				175975	1			25000
Sound	f18	other				222475	1			71500
Picture	3-122-1-3	hit	2	12068	8	281292	7	5166	7	130000	5000
Sound	P1/tapping	other				326790	1			25000
Sound	f09	other				373290	1			71500
Picture	2-122-1-2	hit	2	13093	7	432107	7	5166	7	130000	5000
Sound	P1/tapping	other				477605	1			25000
Sound	f06	other				524105	1			71500
Picture	3-122-1-3	hit	2	15479	9	582922	7	5166	7	130000	5000
Sound	P2/both1	other				628419	1			25000
Sound	f01	other				674919	1			71500
Picture	3-114-1-3	hit	1	8664	9	733736	7	5166	7	130000	5000
Sound	P2/both	other				779233	1			25000
Sound	test24	other				825734	1			71500
Picture	3-214-1-3	hit	1	9209	8	884551	7	5166	7	130000	5000
Sound	P2/both	other				930048	1			25000
Sound	test22	other				976548	1			71500
Picture	3-224-1-3	hit	2	10234	7	1035366	7	5166	7	130000	5000
Sound	P2/both	other				1080863	1			25000
Sound	test07	other				1127363	1			71500
Picture	3-214-1-3	hit	1	8779	8	1186180	7	5166	7	130000	5000
Sound	P2/beat1	other				1231678	1			25000
Sound	f02	other				1278178	1			71500
Picture	2-113-1-2	hit	1	16764	8	1336995	7	5166	7	130000	5000
Sound	P2/beat	other				1382492	1			25000
Sound	f19	other				1428992	1			71500
Picture	2-113-2-2	hit	1	8910	7	1487810	7	5166	7	130000	5000
Sound	P2/beat	other				1533307	1			25000
Sound	n07	other				1579807	1			71500
Picture	3-223-1-3	hit	2	10575	7	1638624	7	5166	7	130000	5000
Sound	P2/beat	other				1684121	1			25000
Sound	f07	other				1730621	1			71500
Picture	3-123-1-3	hit	2	15440	7	1789439	7	5166	7	130000	5000
Sound	P2/both1	other				1834936	1			25000
Sound	f05	other				1881436	1			71500
Picture	2-124-1-2	hit	2	9985	7	1940254	7	5166	7	130000	5000
Sound	P2/both	other				1985751	1			25000
Sound	test09	other				2032251	1			71500
Picture	3-224-1-3	hit	2	9890	8	2091068	7	5166	7	130000	5000
Sound	P2/both	other				2136566	1			25000
Sound	test12	other				2183066	1			71500
Picture	3-214-1-3	hit	1	9076	7	2241883	7	5166	7	130000	5000
Sound	P2/both	other				2287380	1			25000
Sound	test19	other				2333880	1			71500
Picture	2-224-1-2	incorrect	1	11221	7	2392698	7	5166	7	130000	5000
Sound	P1/tapping1	other				2438195	1			25000
Sound	f15	other				2484695	1			71500
Picture	2-122-2-2	hit	2	14486	7	2543512	7	5166	7	130000	5000
Sound	P1/tapping	other				2589009	1			25000
Sound	test21	other				2635509	1			71500
Picture	3-212-1-3	incorrect	2	14231	8	2694327	7	5166	7	130000	5000
Sound	P1/tapping	other				2739824	1			25000
Sound	f10	other				2786324	1			71500
Picture	3-112-1-3	incorrect	2	14137	7	2845142	7	5166	7	130000	5000
Sound	P1/tapping	other				2890639	1			25000
Sound	f13	other				2937139	1			71500
Picture	3-112-1-3	hit	1	8761	7	2995956	7	5166	7	130000	5000
Sound	P2/both1	other				3041453	1			25000
Sound	n03	other				3087954	1			71500
Picture	2-124-1-2	hit	2	10747	8	3146771	7	5166	7	130000	5000
Sound	P2/both	other				3192268	1			25000
Sound	n13	other				3238768	1			71500
Picture	3-214-1-3	hit	1	7372	8	3297586	7	5166	7	130000	5000
Sound	P2/both	other				3343083	1			25000
Sound	f11	other				3389583	1			71500
Picture	2-124-1-2	hit	2	10797	9	3448400	7	5166	7	130000	5000
Sound	P2/both	other				3493897	1			25000
Sound	f16	other				3540397	1			71500
Picture	2-114-1-2	hit	1	10063	8	3599215	7	5166	7	130000	5000
Sound	P0/none1	other				3644712	1			25000
Sound	f21	other				3691212	1			71500
Picture	2-121-2-2	incorrect	1	18848	7	3750030	7	5166	7	130000	5000
Sound	P0/none	other				3795527	1			25000
Sound	test14	other				3842027	1			71500
Picture	2-221-1-2	hit	2	10833	7	3900844	7	5166	7	130000	5000
Sound	P0/none	other				3946342	1			25000
Sound	f14	other				3992841	1			71500
Picture	3-111-1-3	hit	1	8898	7	4051659	7	5166	7	130000	5000
Sound	P0/none	other				4097156	1			25000
Sound	test08	other				4143656	1			71500
Picture	3-221-1-3	hit	2	9843	8	4202474	7	5166	7	130000	5000
Sound	P1/tapping1	other				4247971	1			25000
Sound	n09	other				4294471	1			71500
Picture	2-222-2-2	hit	2	9028	8	4353288	7	5166	7	130000	5000
Sound	P1/tapping	other				4398785	1			25000
Sound	test13	other				4445286	1			71500
Picture	2-212-1-2	hit	1	10453	8	4504103	7	5166	7	130000	5000
Sound	P1/tapping	other				4549600	1			25000
Sound	f03	other				4596100	1			71500
Picture	3-112-1-3	hit	1	12918	8	4654918	7	5166	7	130000	5000
Sound	P1/tapping	other				4700415	1			25000
Sound	f12	other				4746915	1			71500
Picture	2-122-1-2	hit	2	13464	7	4805732	7	5166	7	130000	5000
Sound	P2/beat1	other				4851230	1			25000
Sound	n06	other				4897730	1			71500
Picture	2-223-2-2	hit	2	7369	7	4956547	7	5166	7	130000	5000
Sound	P2/beat	other				5002044	1			25000
Sound	test06	other				5048544	1			71500
Picture	3-213-1-3	hit	1	14074	8	5107362	7	5166	7	130000	5000
Sound	P2/beat	other				5152859	1			25000
Sound	n04	other				5199359	1			71500
Picture	3-223-1-3	hit	2	18859	7	5258177	7	5166	7	130000	5000
Sound	P2/beat	other				5303674	1			25000
Sound	n11	other				5350174	1			71500
Picture	3-113-2-3	incorrect	2	16605	8	5408991	7	5166	7	130000	5000
Sound	P1/tapping1	other				5454492	1			25000
Sound	f23	other				5500988	1			71500
Picture	3-112-1-3	hit	1	7630	7	5559806	7	5166	7	130000	5000
Sound	P1/tapping	other				5605303	1			25000
Sound	n10	other				5651803	1			71500
Picture	2-112-1-2	hit	1	9535	7	5710621	7	5166	7	130000	5000
Sound	P1/tapping	other				5756118	1			25000
Sound	test10	other				5802618	1			71500
Picture	3-212-1-3	hit	1	8160	8	5861435	7	5166	7	130000	5000
Sound	P1/tapping	other				5906933	1			25000
Sound	test16	other				5953432	1			71500
Picture	2-212-1-2	incorrect	2	14065	7	6012250	7	5166	7	130000	5000
Sound	P0/none1	other				6057747	1			25000
Sound	test03	other				6104247	1			71500
Picture	2-221-1-2	hit	2	11090	7	6163064	7	5166	7	130000	5000
Sound	P0/none	other				6208562	1			25000
Sound	f22	other				6255062	1			71500
Picture	2-121-2-2	hit	2	11476	8	6313879	7	5166	7	130000	5000
Sound	P0/none	other				6359377	1			25000
Sound	test04	other				6405876	1			71500
Picture	3-221-1-3	hit	2	12261	8	6464694	7	5166	7	130000	5000
Sound	P0/none	other				6510191	1			25000
Sound	test11	other				6556691	1			71500
Picture	2-221-1-2	hit	2	11046	7	6615509	7	5166	7	130000	5000
Sound	P2/beat1	other				6661006	1			25000
Sound	f04	other				6707506	1			71500
Picture	2-113-1-2	hit	1	11431	7	6766323	7	5166	7	130000	5000
Sound	P2/beat	other				6811820	1			25000
Sound	test05	other				6858321	1			71500
Picture	3-213-1-3	hit	1	8056	8	6917138	7	5166	7	130000	5000
Sound	P2/beat	other				6962635	1			25000
Sound	f20	other				7009135	1			71500
Picture	2-123-2-2	hit	2	13881	7	7067953	7	5166	7	130000	5000
Sound	P2/beat	other				7113450	1			25000
Sound	f24	other				7159950	1			71500
Picture	2-113-1-2	hit	1	7067	7	7218767	7	5166	7	130000	5000
Sound	P2/both1	other				7264265	1			25000
Sound	test18	other				7310765	1			71500
Picture	2-224-1-2	hit	2	10252	7	7369582	7	5166	7	130000	5000
Sound	P2/both	other				7415079	1			25000
Sound	test01	other				7461580	1			71500
Picture	3-214-1-3	hit	1	8637	7	7520397	7	5166	7	130000	5000
Sound	P2/both	other				7565894	1			25000
Sound	test17	other				7612394	1			71500
Picture	3-214-1-3	hit	1	7342	8	7671211	7	5166	7	130000	5000
Sound	P2/both	other				7716709	1			25000
Sound	test15	other				7763209	1			71500
Picture	3-214-1-3	hit	1	7167	7	7822026	7	5166	7	130000	5000
Sound	P2/beat1	other				7867524	1			25000
Sound	test02	other				7914024	1			71500
Picture	3-223-1-3	hit	2	9233	8	7972841	7	5166	7	130000	5000
Sound	P2/beat	other				8018338	1			25000
Sound	f08	other				8064838	1			71500
Picture	3-113-2-3	hit	1	8178	7	8123656	7	5166	7	130000	5000
Sound	P2/beat	other				8169153	1			25000
Sound	test23	other				8215653	1			71500
Picture	3-213-1-3	hit	1	12323	8	8274470	7	5166	7	130000	5000
Sound	P2/beat	other				8319968	1			25000
Sound	test25	other				8366467	1			71500
Picture	2-223-1-2	hit	2	10068	8	8425285	7	5166	7	130000	5000
Sound	P0/none1	other				8470782	1			25000
Sound	n01	other				8517282	1			71500
Picture	2-211-1-2	incorrect	2	9333	8	8576100	7	5166	7	130000	5000
Sound	P0/none	other				8621597	1			25000
Sound	n12	other				8668097	1			71500
Picture	2-121-2-2	hit	2	13558	7	8726914	7	5166	7	130000	5000
Sound	P0/none	other				8772412	1			25000
Sound	f17	other				8818912	1			71500
Picture	2-121-2-2	hit	2	10183	8	8877729	7	5166	7	130000	5000
Sound	P0/none	other				8923226	1			25000
Sound	n14	other				8969726	1			71500
Picture	2-111-2-2	hit	1	8489	8	9028544	7	5166	7	130000	5000


{
   "app": "Presentation Version 22.1 Build 01.21.21",
   "device": "Dell Inc. OptiPlex 7050",
   "experiment": "{C8E97CB4-6FCA-44FA-B866-4A2D94B6B85C}",
   "os": "Windows 10 64 bit",
   "package": "",
   "parameters": {
      "configuration": "Default configuration"
   },
   "scenario": "entrain_list1_sess3_EB.sce",
   "subject": "022",
   "timestamp": "2022/11/18 13:15:13 GMT"
}
