Scenario - test
Logfile written - 04/22/2022 13:32:34

Subject	Trial	Event Type	Code	Time	TTime	Uncertainty	Duration	Uncertainty	ReqTime	ReqDur	Stim Type	Pair Index

010	1	Sound	P0/none1	25326	24999	1			25000		other	0
010	1	Sound	f01	71827	71500	1			71500		other	0
010	1	Picture	2-111-1-2	130645	130318	7	5166	7	130000	5000	hit	4
010	1	Response	61	140186	139859	1
010	2	Sound	P0/none	176143	25000	1			25000		other	0
010	2	Sound	test01	222643	71501	1			71500		other	0
010	2	Picture	2-211-1-2	281461	130318	7	5166	7	130000	5000	hit	8
010	2	Response	61	292586	141443	2
010	3	Sound	P0/none	326958	24999	1			25000		other	0
010	3	Sound	test22	373459	71500	1			71500		other	0
010	3	Picture	3-211-1-3	432277	130318	7	5166	7	130000	5000	hit	12
010	3	Response	61	441386	139427	2
010	4	Sound	P0/none	477774	25000	1			25000		other	0
010	4	Sound	f07	524274	71500	1			71500		other	0
010	4	Picture	2-121-1-2	583092	130318	7	5166	7	130000	5000	hit	16
010	4	Response	62	592986	140212	1
010	5	Sound	P2/beat1	628590	25000	1			25000		other	0
010	5	Sound	f03	675090	71501	1			71500		other	0
010	5	Picture	2-123-1-2	733908	130318	7	5166	7	130000	5000	hit	20
010	5	Response	62	748185	144596	2
010	6	Sound	P2/beat	779406	25000	1			25000		other	0
010	6	Sound	n12	825905	71499	1			71500		other	0
010	6	Picture	3-123-1-3	884723	130318	7	5166	7	130000	5000	hit	24
010	6	Response	62	893385	138980	2
010	7	Sound	P2/beat	930220	25000	1			25000		other	0
010	7	Sound	test10	976720	71499	1			71500		other	0
010	7	Picture	2-213-1-2	1035539	130318	7	5166	7	130000	5000	hit	28
010	7	Response	61	1048905	143684	2
010	8	Sound	P2/beat	1081037	25000	1			25000		other	0
010	8	Sound	f17	1127537	71500	1			71500		other	0
010	8	Picture	3-113-1-3	1186354	130318	7	5166	7	130000	5000	hit	32
010	8	Response	61	1198825	142789	2
010	9	Sound	P0/none1	1231852	25000	1			25000		other	0
010	9	Sound	f09	1278351	71499	1			71500		other	0
010	9	Picture	2-111-1-2	1337170	130318	7	5166	7	130000	5000	incorrect	36
010	9	Response	52	1353385	146533	1
010	10	Sound	P0/none	1382668	25000	1			25000		other	0
010	10	Sound	test02	1429168	71500	1			71500		other	0
010	10	Picture	2-221-1-2	1487985	130318	7	5167	7	130000	5000	hit	40
010	10	Response	62	1502745	145077	1
010	11	Sound	P0/none	1533483	25000	1			25000		other	0
010	11	Sound	f20	1579983	71500	1			71500		other	0
010	11	Picture	3-121-1-3	1638801	130318	7	5166	7	130000	5000	hit	44
010	11	Response	62	1648745	140262	3
010	12	Sound	P0/none	1684298	24999	1			25000		other	0
010	12	Sound	test21	1730799	71500	1			71500		other	0
010	12	Picture	3-221-1-3	1789617	130318	7	5166	7	130000	5000	incorrect	48
010	12	Response	51	1801465	142166	1
010	13	Sound	P1/tapping1	1835113	24998	1			25000		other	0
010	13	Response	53	1851386	41271	1
010	13	Response	53	1856825	46710	2
010	13	Response	53	1862825	52710	2
010	13	Response	53	1868585	58470	2
010	13	Response	53	1874665	64551	2
010	13	Response	53	1880185	70070	2
010	13	Sound	test04	1881614	71499	1			71500		other	0
010	13	Picture	2-212-1-2	1940433	130318	7	5166	7	130000	5000	incorrect	58
010	13	Response	52	1951705	141590	2
010	14	Response	53	1984745	23815	2
010	14	Sound	P1/tapping	1985929	24999	1			25000		other	0
010	14	Response	53	1990585	29655	1
010	14	Response	53	1996185	35255	2
010	14	Response	53	2002265	41335	1
010	14	Response	53	2007385	46454	2
010	14	Response	53	2013145	52215	1
010	14	Response	53	2018265	57335	2
010	14	Response	53	2023545	62615	1
010	14	Response	53	2029385	68455	1
010	14	Sound	test23	2032430	71500	1			71500		other	0
010	14	Response	53	2034985	74055	2
010	14	Picture	3-222-1-3	2091248	130318	7	5166	7	130000	5000	hit	72
010	14	Response	62	2106986	146055	2
010	15	Sound	P1/tapping	2136746	25000	1			25000		other	0
010	15	Response	53	2138665	26920	1
010	15	Response	53	2143944	32199	2
010	15	Response	53	2149705	37959	1
010	15	Response	53	2155465	43719	2
010	15	Response	53	2161545	49799	1
010	15	Response	53	2166984	55239	3
010	15	Response	53	2173385	61639	2
010	15	Response	53	2178825	67079	1
010	15	Sound	test06	2183246	71500	1			71500		other	0
010	15	Response	53	2184346	72600	2
010	15	Picture	2-222-1-2	2242064	130318	7	5166	7	130000	5000	hit	85
010	15	Response	62	2251865	140119	1
010	16	Sound	P1/tapping	2287562	25000	1			25000		other	0
010	16	Response	53	2290344	27783	2
010	16	Response	53	2295385	32824	2
010	16	Response	53	2302265	39703	1
010	16	Response	53	2307785	45223	2
010	16	Response	53	2313865	51303	2
010	16	Response	53	2318985	56423	1
010	16	Response	53	2324985	62423	2
010	16	Response	53	2330905	68343	1
010	16	Sound	test07	2334062	71501	1			71500		other	0
010	16	Response	53	2335944	73383	2
010	16	Picture	2-212-1-2	2392879	130318	7	5166	7	130000	5000	hit	98
010	16	Response	61	2403305	140744	2
010	17	Sound	P2/both1	2438378	25001	1			25000		other	0
010	17	Response	53	2440905	27528	1
010	17	Response	53	2445704	32327	2
010	17	Response	53	2450184	36807	1
010	17	Response	53	2455465	42088	1
010	17	Response	53	2461144	47768	1
010	17	Response	53	2466825	53448	1
010	17	Response	53	2472824	59447	1
010	17	Response	53	2478505	65128	2
010	17	Response	53	2484185	70808	2
010	17	Sound	n01	2484877	71500	1			71500		other	0
010	17	Picture	3-214-1-3	2543695	130318	7	5166	7	130000	5000	hit	111
010	17	Response	61	2556424	143047	1
010	18	Sound	P2/both	2589193	25000	1			25000		other	0
010	18	Response	53	2624584	60392	1
010	18	Response	53	2629064	64872	1
010	18	Response	53	2634264	70072	1
010	18	Sound	f22	2635693	71501	1			71500		other	0
010	18	Picture	3-124-1-3	2694510	130318	7	5166	7	130000	5000	hit	118
010	18	Response	62	2705465	141273	2
010	19	Response	53	2730744	15736	1
010	19	Sound	P2/both	2740007	24999	1			25000		other	0
010	19	Response	53	2741784	26776	1
010	19	Response	53	2746264	31256	2
010	19	Response	53	2751784	36776	2
010	19	Response	53	2757144	42136	2
010	19	Response	53	2762584	47576	1
010	19	Response	53	2768184	53176	2
010	19	Response	53	2774264	59256	1
010	19	Response	53	2779944	64936	2
010	19	Response	53	2786024	71016	2
010	19	Sound	f19	2786508	71500	1			71500		other	0
010	19	Picture	3-114-1-3	2845326	130318	7	5166	7	130000	5000	hit	132
010	19	Response	61	2853704	138696	2
010	20	Sound	P2/both	2890824	25000	1			25000		other	0
010	20	Response	53	2893065	27241	1
010	20	Response	53	2897704	31880	2
010	20	Response	53	2901944	36120	1
010	20	Response	53	2907384	41560	1
010	20	Response	53	2912904	47081	2
010	20	Response	53	2919465	53641	2
010	20	Response	53	2925384	59560	2
010	20	Response	53	2931064	65240	2
010	20	Response	53	2937224	71400	2
010	20	Sound	test16	2937324	71500	1			71500		other	0
010	20	Picture	3-224-1-3	2996142	130318	7	5166	7	130000	5000	hit	145
010	20	Response	62	3007384	141560	1
010	21	Sound	P1/tapping1	3041639	24999	1			25000		other	0
010	21	Response	53	3041864	25225	1
010	21	Response	53	3047304	30665	1
010	21	Response	53	3052744	36105	1
010	21	Response	53	3058985	42346	2
010	21	Response	53	3064664	48025	2
010	21	Response	53	3070664	54025	2
010	21	Response	53	3076104	59465	2
010	21	Response	53	3082184	65545	1
010	21	Response	53	3087544	70905	1
010	21	Sound	test05	3088140	71501	1			71500		other	0
010	21	Picture	2-222-1-2	3146957	130318	7	5166	7	130000	5000	hit	158
010	21	Response	62	3157144	140505	1
010	22	Sound	P1/tapping	3192455	25000	1			25000		other	0
010	22	Response	53	3194424	26969	2
010	22	Response	53	3199144	31690	2
010	22	Response	53	3204584	37129	2
010	22	Response	53	3210104	42649	2
010	22	Response	53	3215545	48090	1
010	22	Response	53	3221145	53690	1
010	22	Response	53	3226104	58649	2
010	22	Response	53	3231065	63610	2
010	22	Response	53	3236584	69129	1
010	22	Sound	test08	3238955	71500	1			71500		other	0
010	22	Picture	2-212-1-2	3297773	130318	7	5166	7	130000	5000	incorrect	171
010	22	Response	52	3317544	150089	1
010	23	Response	53	3343064	24794	2
010	23	Sound	P1/tapping	3343270	24999	1			25000		other	0
010	23	Response	53	3348824	30553	1
010	23	Response	53	3354665	36394	2
010	23	Response	53	3360744	42474	1
010	23	Response	53	3366504	48233	1
010	23	Response	53	3372184	53914	1
010	23	Response	53	3378104	59834	1
010	23	Response	53	3383704	65433	1
010	23	Response	53	3389384	71113	1
010	23	Sound	test14	3389771	71500	1			71500		other	0
010	23	Picture	3-212-1-3	3448588	130318	7	5166	7	130000	5000	hit	184
010	23	Response	61	3460824	142554	1
010	24	Sound	P1/tapping	3494086	25000	1			25000		other	0
010	24	Response	53	3503464	34378	1
010	24	Response	53	3508744	39658	1
010	24	Response	53	3515704	46618	2
010	24	Response	53	3520984	51898	1
010	24	Response	53	3528024	58938	1
010	24	Response	53	3534104	65018	1
010	24	Response	53	3540344	71258	1
010	24	Sound	test19	3540587	71501	1			71500		other	0
010	24	Picture	3-212-1-3	3599404	130318	7	5166	7	130000	5000	incorrect	195
010	24	Response	52	3612664	143578	2
010	25	Sound	P2/beat1	3644902	25000	1			25000		other	0
010	25	Sound	f15	3691402	71500	1			71500		other	0
010	25	Picture	3-113-1-3	3750220	130318	7	5166	7	130000	5000	hit	199
010	25	Response	61	3759864	139962	2
010	26	Sound	P2/beat	3795717	24999	1			25000		other	0
010	26	Sound	f16	3842217	71500	1			71500		other	0
010	26	Picture	3-123-1-3	3901035	130318	7	5166	7	130000	5000	hit	203
010	26	Response	62	3911304	140586	2
010	27	Sound	P2/beat	3946534	25001	1			25000		other	0
010	27	Sound	f18	3993033	71500	1			71500		other	0
010	27	Picture	3-113-1-3	4051851	130318	7	5166	7	130000	5000	hit	207
010	27	Response	61	4062824	141291	2
010	28	Sound	P2/beat	4097349	25000	1			25000		other	0
010	28	Sound	test18	4143848	71500	1			71500		other	0
010	28	Picture	3-223-1-3	4202667	130318	7	5166	7	130000	5000	hit	211
010	28	Response	62	4220664	148315	2
010	29	Sound	P2/both1	4248164	25000	1			25000		other	0
010	29	Response	53	4250903	27739	1
010	29	Response	53	4255064	31899	1
010	29	Response	53	4259944	36779	1
010	29	Response	53	4265064	41899	2
010	29	Response	53	4270424	47259	1
010	29	Response	53	4276584	53419	1
010	29	Response	53	4282024	58860	1
010	29	Response	53	4287623	64459	1
010	29	Response	53	4293143	69979	1
010	29	Sound	f10	4294664	71500	1			71500		other	0
010	29	Picture	2-114-1-2	4353482	130318	7	5166	7	130000	5000	hit	224
010	29	Response	61	4369383	146219	2
010	30	Sound	P2/both	4398979	24999	1			25000		other	0
010	30	Response	53	4414023	40044	2
010	30	Response	53	4418183	44203	1
010	30	Response	53	4422903	48924	2
010	30	Response	53	4428663	54684	1
010	30	Response	53	4434423	60444	1
010	30	Response	53	4439863	65884	1
010	30	Response	53	4445383	71404	2
010	30	Sound	f12	4445479	71500	1			71500		other	0
010	30	Picture	2-114-1-2	4504298	130318	7	5166	7	130000	5000	incorrect	235
010	30	Response	52	4519624	145644	1
010	31	Sound	P2/both	4549795	24999	1			25000		other	0
010	31	Response	53	4557463	32668	2
010	31	Response	53	4561864	37069	2
010	31	Response	53	4566823	42028	1
010	31	Response	53	4572743	47948	2
010	31	Response	53	4577543	52748	1
010	31	Response	51	4582583	57788	1
010	31	Response	53	4585543	60748	2
010	31	Response	53	4591624	66829	1
010	31	Sound	n05	4596294	71499	1			71500		other	0
010	31	Response	53	4596904	72109	1
010	31	Picture	3-124-1-3	4655113	130318	7	5166	7	130000	5000	hit	248
010	31	Response	62	4672263	147468	1
010	32	Sound	P2/both	4700610	24999	1			25000		other	0
010	32	Response	53	4708023	32412	1
010	32	Response	53	4712263	36652	1
010	32	Response	53	4717623	42012	1
010	32	Response	53	4722983	47372	2
010	32	Response	53	4728263	52652	2
010	32	Response	53	4733143	57533	1
010	32	Response	53	4738183	62572	1
010	32	Response	53	4742984	67373	2
010	32	Sound	f13	4747110	71499	1			71500		other	0
010	32	Picture	3-124-1-3	4805929	130318	7	5166	7	130000	5000	hit	260
010	32	Response	62	4814743	139132	2
010	33	Sound	P0/none1	4851426	24999	1			25000		other	0
010	33	Sound	n09	4897927	71500	1			71500		other	0
010	33	Picture	3-211-1-3	4956744	130318	7	5166	7	130000	5000	hit	264
010	33	Response	61	4971944	145517	2
010	34	Sound	P0/none	5002242	25000	1			25000		other	0
010	34	Sound	test13	5048742	71500	1			71500		other	0
010	34	Picture	3-221-1-3	5107560	130318	7	5166	7	130000	5000	hit	268
010	34	Response	62	5118903	141661	2
010	35	Sound	P0/none	5153057	24999	1			25000		other	0
010	35	Sound	f11	5199557	71500	1			71500		other	0
010	35	Picture	2-111-1-2	5258376	130318	7	5166	7	130000	5000	hit	272
010	35	Response	61	5267063	139005	2
010	36	Sound	P0/none	5303874	25000	1			25000		other	0
010	36	Sound	test17	5350373	71499	1			71500		other	0
010	36	Picture	2-211-2-2	5409191	130318	7	5166	7	130000	5000	hit	276
010	36	Response	61	5416743	137870	2
010	37	Sound	P2/both1	5454689	25000	1			25000		other	0
010	37	Response	53	5457144	27455	2
010	37	Response	53	5461303	31614	1
010	37	Response	53	5466583	36895	2
010	37	Response	53	5471623	41934	1
010	37	Response	53	5477863	48174	2
010	37	Response	53	5483863	54174	2
010	37	Response	53	5489303	59614	2
010	37	Response	53	5494503	64814	2
010	37	Response	53	5499943	70254	1
010	37	Sound	f06	5501188	71499	1			71500		other	0
010	37	Picture	2-114-1-2	5560007	130318	7	5166	7	130000	5000	hit	289
010	37	Response	61	5569623	139934	1
010	38	Sound	P2/both	5605503	24999	1			25000		other	0
010	38	Response	53	5614584	34079	2
010	38	Response	53	5618662	38158	1
010	38	Response	53	5622903	42398	1
010	38	Response	53	5627543	47038	1
010	38	Response	53	5633063	52558	1
010	38	Response	53	5638423	57918	1
010	38	Response	53	5644423	63918	1
010	38	Response	53	5650262	69758	1
010	38	Sound	f24	5652003	71499	1			71500		other	0
010	38	Picture	3-114-1-3	5710822	130318	7	5166	7	130000	5000	hit	301
010	38	Response	61	5719543	139038	2
010	39	Response	53	5754103	22783	2
010	39	Sound	P2/both	5756319	24999	1			25000		other	0
010	39	Response	53	5760743	29423	1
010	39	Response	53	5766103	34783	1
010	39	Response	53	5772663	41343	1
010	39	Response	53	5777943	46623	2
010	39	Response	53	5783703	52383	2
010	39	Response	53	5790422	59102	1
010	39	Response	53	5795783	64463	1
010	39	Response	53	5800503	69183	2
010	39	Sound	f08	5802819	71499	1			71500		other	0
010	39	Response	53	5805063	73743	2
010	39	Picture	2-114-1-2	5861638	130318	7	5166	7	130000	5000	hit	315
010	39	Response	61	5869863	138543	2
010	40	Response	53	5896343	14207	1
010	40	Sound	P2/both	5907136	25000	1			25000		other	0
010	40	Response	53	5907304	25168	3
010	40	Response	53	5912423	30287	1
010	40	Response	53	5918102	35967	1
010	40	Response	53	5923703	41567	2
010	40	Response	53	5929702	47566	1
010	40	Response	53	5935943	53807	1
010	40	Response	53	5942502	60367	1
010	40	Response	53	5947462	65327	1
010	40	Response	53	5953463	71327	2
010	40	Sound	n04	5953636	71500	1			71500		other	0
010	40	Picture	2-224-1-2	6012454	130318	7	5166	7	130000	5000	hit	329
010	40	Response	62	6023223	141087	1
010	41	Sound	P2/beat1	6057951	25000	1			25000		other	0
010	41	Sound	test09	6104452	71500	1			71500		other	0
010	41	Picture	2-223-1-2	6163269	130318	7	5166	7	130000	5000	hit	333
010	41	Response	62	6174343	141392	2
010	42	Sound	P2/beat	6208767	25000	1			25000		other	0
010	42	Sound	test03	6255267	71500	1			71500		other	0
010	42	Picture	2-213-1-2	6314085	130318	7	5166	7	130000	5000	hit	337
010	42	Response	61	6327943	144176	2
010	43	Sound	P2/beat	6359583	25000	1			25000		other	0
010	43	Sound	n10	6406083	71501	1			71500		other	0
010	43	Picture	3-123-1-3	6464901	130318	7	5166	7	130000	5000	hit	341
010	43	Response	62	6473223	138640	1
010	44	Sound	P2/beat	6510398	25000	1			25000		other	0
010	44	Sound	test24	6556898	71500	1			71500		other	0
010	44	Picture	3-223-1-3	6615716	130318	7	5166	7	130000	5000	hit	345
010	44	Response	62	6625302	139904	1
010	45	Sound	P1/tapping1	6661213	24999	1			25000		other	0
010	45	Response	53	6662902	26688	2
010	45	Response	53	6667462	31249	1
010	45	Response	53	6672742	36528	2
010	45	Response	53	6677942	41728	2
010	45	Response	53	6683782	47568	1
010	45	Response	53	6689382	53168	1
010	45	Response	53	6694422	58208	2
010	45	Response	53	6700182	63968	1
010	45	Response	53	6705942	69728	1
010	45	Sound	f05	6707714	71501	1			71500		other	0
010	45	Picture	2-112-1-2	6766532	130318	7	5166	7	130000	5000	hit	358
010	45	Response	61	6784822	148608	2
010	46	Response	53	6806902	19873	2
010	46	Sound	P1/tapping	6812030	25001	1			25000		other	0
010	46	Response	53	6812342	25313	2
010	46	Response	53	6817542	30513	1
010	46	Response	53	6822582	35553	1
010	46	Response	53	6828342	41313	2
010	46	Response	53	6833142	46113	2
010	46	Response	53	6838662	51632	2
010	46	Response	53	6843622	56593	2
010	46	Response	53	6848422	61393	1
010	46	Response	53	6853942	66912	1
010	46	Sound	f04	6858530	71500	1			71500		other	0
010	46	Response	53	6859062	72033	1
010	46	Picture	2-122-1-2	6917347	130318	7	5166	7	130000	5000	hit	373
010	46	Response	62	6926262	139232	1
010	47	Response	53	6957622	19777	2
010	47	Sound	P1/tapping	6962844	24999	1			25000		other	0
010	47	Response	53	6964342	26497	1
010	47	Response	53	6969622	31777	2
010	47	Response	53	6975702	37857	1
010	47	Response	53	6980502	42657	1
010	47	Response	53	6986102	48257	1
010	47	Response	53	6991782	53937	1
010	47	Response	53	6997702	59857	2
010	47	Response	53	7002662	64817	1
010	47	Response	53	7008182	70337	2
010	47	Sound	n13	7009345	71500	1			71500		other	0
010	47	Picture	3-222-1-3	7068163	130318	7	5166	7	130000	5000	hit	387
010	47	Response	62	7079702	141857	1
010	48	Response	53	7110182	21521	1
010	48	Sound	P1/tapping	7113660	24999	1			25000		other	0
010	48	Response	53	7115862	27201	2
010	48	Response	53	7121382	32721	1
010	48	Response	53	7126662	38001	1
010	48	Response	53	7132022	43361	1
010	48	Response	53	7136982	48321	1
010	48	Response	53	7142182	53521	2
010	48	Response	53	7147302	58642	2
010	48	Response	53	7153862	65201	2
010	48	Response	53	7158502	69841	1
010	48	Sound	f21	7160160	71499	1			71500		other	0
010	48	Picture	3-112-1-3	7218979	130318	7	5166	7	130000	5000	hit	401
010	48	Response	61	7237462	148801	2
010	49	Sound	P0/none1	7264475	24999	1			25000		other	0
010	49	Sound	test25	7310977	71500	1			71500		other	0
010	49	Picture	3-211-1-3	7369794	130318	7	5166	7	130000	5000	hit	405
010	49	Response	61	7384502	145025	1
010	50	Sound	P0/none	7415292	25000	1			25000		other	0
010	50	Sound	test12	7461792	71500	1			71500		other	0
010	50	Picture	2-221-1-2	7520610	130318	7	5166	7	130000	5000	hit	409
010	50	Response	62	7529142	138850	2
010	51	Sound	P0/none	7566108	25001	1			25000		other	0
010	51	Sound	n03	7612607	71500	1			71500		other	0
010	51	Picture	2-111-1-2	7671426	130318	7	5166	7	130000	5000	hit	413
010	51	Response	61	7680902	139794	1
010	52	Sound	P0/none	7716924	25000	1			25000		other	0
010	52	Sound	f23	7763423	71500	1			71500		other	0
010	52	Picture	2-121-1-2	7822241	130318	7	5166	7	130000	5000	hit	417
010	52	Response	62	7837462	145538	1
010	53	Response	53	7863862	21123	2
010	53	Sound	P1/tapping1	7867740	25001	1			25000		other	0
010	53	Response	53	7870581	27842	1
010	53	Response	53	7877301	34562	1
010	53	Response	53	7883142	40403	1
010	53	Response	53	7888662	45923	2
010	53	Response	53	7894582	51843	2
010	53	Response	53	7900022	57283	2
010	53	Response	53	7906102	63363	2
010	53	Response	53	7911301	68563	1
010	53	Sound	f02	7914239	71500	1			71500		other	0
010	53	Response	53	7917381	74642	1
010	53	Picture	2-122-1-2	7973057	130318	7	5166	7	130000	5000	hit	431
010	53	Response	62	7986022	143283	1
010	54	Response	53	8015301	21747	1
010	54	Sound	P1/tapping	8018555	25000	1			25000		other	0
010	54	Response	53	8022821	29267	2
010	54	Response	53	8028581	35027	2
010	54	Response	53	8035221	41667	1
010	54	Response	53	8040901	47347	2
010	54	Response	53	8046341	52787	1
010	54	Response	53	8052022	58467	1
010	54	Response	53	8057941	64387	2
010	54	Response	53	8063781	70227	2
010	54	Sound	test15	8065054	71500	1			71500		other	0
010	54	Picture	3-222-1-3	8123872	130318	7	5166	7	130000	5000	hit	444
010	54	Response	62	8137221	143667	2
010	55	Sound	P1/tapping	8169370	25000	1			25000		other	0
010	55	Response	53	8171701	27331	1
010	55	Response	53	8176662	32292	1
010	55	Response	53	8182902	38532	2
010	55	Response	53	8189301	44931	1
010	55	Response	53	8195061	50691	1
010	55	Response	53	8201621	57251	1
010	55	Response	53	8208021	63651	1
010	55	Response	53	8214661	70291	2
010	55	Sound	test11	8215869	71499	1			71500		other	0
010	55	Picture	2-212-1-2	8274688	130318	7	5166	7	130000	5000	hit	456
010	55	Response	61	8287062	142692	2
010	56	Sound	P1/tapping	8320185	25000	1			25000		other	0
010	56	Response	53	8327301	32115	1
010	56	Response	53	8332741	37556	1
010	56	Response	53	8338901	43716	1
010	56	Response	53	8344341	49156	1
010	56	Response	53	8349861	54675	1
010	56	Response	53	8355221	60036	1
010	56	Response	53	8360261	65075	1
010	56	Response	53	8366581	71396	2
010	56	Sound	n06	8366685	71500	1			71500		other	0
010	56	Picture	3-222-1-3	8425504	130318	7	5166	7	130000	5000	hit	468
010	56	Response	62	8435541	140356	2
010	57	Sound	P2/both1	8471001	25000	1			25000		other	0
010	57	Sound	n11	8517501	71499	1			71500		other	0
010	57	Picture	2-124-1-2	8576319	130318	7	5166	7	130000	5000	hit	472
010	57	Response	62	8592421	146419	2
010	58	Response	53	8620181	23364	1
010	58	Sound	P2/both	8621816	24999	1			25000		other	0
010	58	Response	53	8626981	30165	1
010	58	Response	53	8632581	35764	2
010	58	Response	53	8638421	41604	2
010	58	Response	53	8644341	47524	1
010	58	Response	53	8650101	53284	1
010	58	Response	53	8656021	59204	2
010	58	Response	53	8662341	65524	2
010	58	Response	53	8667621	70804	2
010	58	Sound	n14	8668316	71499	1			71500		other	0
010	58	Picture	3-124-1-3	8727135	130318	7	5166	7	130000	5000	hit	485
010	58	Response	62	8742501	145684	2
010	59	Response	53	8763141	15508	1
010	59	Sound	P2/both	8772633	25000	1			25000		other	0
010	59	Response	53	8774501	26869	1
010	59	Response	53	8779141	31508	1
010	59	Response	53	8783941	36308	1
010	59	Response	53	8789461	41828	1
010	59	Response	53	8795221	47588	1
010	59	Response	53	8801621	53988	1
010	59	Response	53	8806901	59268	1
010	59	Response	53	8813061	65428	2
010	59	Response	53	8818981	71348	2
010	59	Sound	f14	8819133	71500	1			71500		other	0
010	59	Picture	3-124-1-3	8877951	130318	7	5166	7	130000	5000	hit	499
010	59	Response	62	8888981	141348	1
010	60	Response	53	8914101	15652	2
010	60	Sound	P2/both	8923448	25000	1			25000		other	0
010	60	Response	53	8925541	27093	1
010	60	Response	53	8930181	31732	1
010	60	Response	53	8935621	37172	1
010	60	Response	53	8940981	42532	2
010	60	Response	53	8946421	47973	1
010	60	Response	53	8952262	53813	1
010	60	Response	53	8958101	59653	2
010	60	Response	53	8963301	64852	1
010	60	Response	53	8969061	70613	2
010	60	Sound	n07	8969948	71500	1			71500		other	0
010	60	Picture	2-214-1-2	9028766	130318	7	5166	7	130000	5000	hit	513
010	60	Response	61	9042101	143653	2


Event Type	Code	Type	Response	RT	RT Uncertainty	Time	Uncertainty	Duration	Uncertainty	ReqTime	ReqDur

Sound	P0/none1	other				25326	1			25000
Sound	f01	other				71827	1			71500
Picture	2-111-1-2	hit	1	9540	7	130645	7	5166	7	130000	5000
Sound	P0/none	other				176143	1			25000
Sound	test01	other				222643	1			71500
Picture	2-211-1-2	hit	1	11125	8	281461	7	5166	7	130000	5000
Sound	P0/none	other				326958	1			25000
Sound	test22	other				373459	1			71500
Picture	3-211-1-3	hit	1	9109	8	432277	7	5166	7	130000	5000
Sound	P0/none	other				477774	1			25000
Sound	f07	other				524274	1			71500
Picture	2-121-1-2	hit	2	9894	7	583092	7	5166	7	130000	5000
Sound	P2/beat1	other				628590	1			25000
Sound	f03	other				675090	1			71500
Picture	2-123-1-2	hit	2	14278	8	733908	7	5166	7	130000	5000
Sound	P2/beat	other				779406	1			25000
Sound	n12	other				825905	1			71500
Picture	3-123-1-3	hit	2	8662	8	884723	7	5166	7	130000	5000
Sound	P2/beat	other				930220	1			25000
Sound	test10	other				976720	1			71500
Picture	2-213-1-2	hit	1	13366	8	1035539	7	5166	7	130000	5000
Sound	P2/beat	other				1081037	1			25000
Sound	f17	other				1127537	1			71500
Picture	3-113-1-3	hit	1	12471	8	1186354	7	5166	7	130000	5000
Sound	P0/none1	other				1231852	1			25000
Sound	f09	other				1278351	1			71500
Picture	2-111-1-2	incorrect	2	16215	7	1337170	7	5166	7	130000	5000
Sound	P0/none	other				1382668	1			25000
Sound	test02	other				1429168	1			71500
Picture	2-221-1-2	hit	2	14760	8	1487985	7	5167	7	130000	5000
Sound	P0/none	other				1533483	1			25000
Sound	f20	other				1579983	1			71500
Picture	3-121-1-3	hit	2	9944	9	1638801	7	5166	7	130000	5000
Sound	P0/none	other				1684298	1			25000
Sound	test21	other				1730799	1			71500
Picture	3-221-1-3	incorrect	1	11848	7	1789617	7	5166	7	130000	5000
Sound	P1/tapping1	other				1835113	1			25000
Sound	test04	other				1881614	1			71500
Picture	2-212-1-2	incorrect	2	11272	8	1940433	7	5166	7	130000	5000
Sound	P1/tapping	other				1985929	1			25000
Sound	test23	other				2032430	1			71500
Picture	3-222-1-3	hit	2	15737	8	2091248	7	5166	7	130000	5000
Sound	P1/tapping	other				2136746	1			25000
Sound	test06	other				2183246	1			71500
Picture	2-222-1-2	hit	2	9801	7	2242064	7	5166	7	130000	5000
Sound	P1/tapping	other				2287562	1			25000
Sound	test07	other				2334062	1			71500
Picture	2-212-1-2	hit	1	10426	8	2392879	7	5166	7	130000	5000
Sound	P2/both1	other				2438378	1			25000
Sound	n01	other				2484877	1			71500
Picture	3-214-1-3	hit	1	12729	7	2543695	7	5166	7	130000	5000
Sound	P2/both	other				2589193	1			25000
Sound	f22	other				2635693	1			71500
Picture	3-124-1-3	hit	2	10954	8	2694510	7	5166	7	130000	5000
Sound	P2/both	other				2740007	1			25000
Sound	f19	other				2786508	1			71500
Picture	3-114-1-3	hit	1	8378	8	2845326	7	5166	7	130000	5000
Sound	P2/both	other				2890824	1			25000
Sound	test16	other				2937324	1			71500
Picture	3-224-1-3	hit	2	11242	7	2996142	7	5166	7	130000	5000
Sound	P1/tapping1	other				3041639	1			25000
Sound	test05	other				3088140	1			71500
Picture	2-222-1-2	hit	2	10187	7	3146957	7	5166	7	130000	5000
Sound	P1/tapping	other				3192455	1			25000
Sound	test08	other				3238955	1			71500
Picture	2-212-1-2	incorrect	2	19771	7	3297773	7	5166	7	130000	5000
Sound	P1/tapping	other				3343270	1			25000
Sound	test14	other				3389771	1			71500
Picture	3-212-1-3	hit	1	12236	7	3448588	7	5166	7	130000	5000
Sound	P1/tapping	other				3494086	1			25000
Sound	test19	other				3540587	1			71500
Picture	3-212-1-3	incorrect	2	13260	8	3599404	7	5166	7	130000	5000
Sound	P2/beat1	other				3644902	1			25000
Sound	f15	other				3691402	1			71500
Picture	3-113-1-3	hit	1	9644	9	3750220	7	5166	7	130000	5000
Sound	P2/beat	other				3795717	1			25000
Sound	f16	other				3842217	1			71500
Picture	3-123-1-3	hit	2	10268	8	3901035	7	5166	7	130000	5000
Sound	P2/beat	other				3946534	1			25000
Sound	f18	other				3993033	1			71500
Picture	3-113-1-3	hit	1	10973	8	4051851	7	5166	7	130000	5000
Sound	P2/beat	other				4097349	1			25000
Sound	test18	other				4143848	1			71500
Picture	3-223-1-3	hit	2	17997	8	4202667	7	5166	7	130000	5000
Sound	P2/both1	other				4248164	1			25000
Sound	f10	other				4294664	1			71500
Picture	2-114-1-2	hit	1	15901	8	4353482	7	5166	7	130000	5000
Sound	P2/both	other				4398979	1			25000
Sound	f12	other				4445479	1			71500
Picture	2-114-1-2	incorrect	2	15326	7	4504298	7	5166	7	130000	5000
Sound	P2/both	other				4549795	1			25000
Sound	n05	other				4596294	1			71500
Picture	3-124-1-3	hit	2	17150	7	4655113	7	5166	7	130000	5000
Sound	P2/both	other				4700610	1			25000
Sound	f13	other				4747110	1			71500
Picture	3-124-1-3	hit	2	8814	8	4805929	7	5166	7	130000	5000
Sound	P0/none1	other				4851426	1			25000
Sound	n09	other				4897927	1			71500
Picture	3-211-1-3	hit	1	15199	8	4956744	7	5166	7	130000	5000
Sound	P0/none	other				5002242	1			25000
Sound	test13	other				5048742	1			71500
Picture	3-221-1-3	hit	2	11343	8	5107560	7	5166	7	130000	5000
Sound	P0/none	other				5153057	1			25000
Sound	f11	other				5199557	1			71500
Picture	2-111-1-2	hit	1	8687	8	5258376	7	5166	7	130000	5000
Sound	P0/none	other				5303874	1			25000
Sound	test17	other				5350373	1			71500
Picture	2-211-2-2	hit	1	7552	8	5409191	7	5166	7	130000	5000
Sound	P2/both1	other				5454689	1			25000
Sound	f06	other				5501188	1			71500
Picture	2-114-1-2	hit	1	9616	7	5560007	7	5166	7	130000	5000
Sound	P2/both	other				5605503	1			25000
Sound	f24	other				5652003	1			71500
Picture	3-114-1-3	hit	1	8720	8	5710822	7	5166	7	130000	5000
Sound	P2/both	other				5756319	1			25000
Sound	f08	other				5802819	1			71500
Picture	2-114-1-2	hit	1	8224	8	5861638	7	5166	7	130000	5000
Sound	P2/both	other				5907136	1			25000
Sound	n04	other				5953636	1			71500
Picture	2-224-1-2	hit	2	10769	7	6012454	7	5166	7	130000	5000
Sound	P2/beat1	other				6057951	1			25000
Sound	test09	other				6104452	1			71500
Picture	2-223-1-2	hit	2	11074	8	6163269	7	5166	7	130000	5000
Sound	P2/beat	other				6208767	1			25000
Sound	test03	other				6255267	1			71500
Picture	2-213-1-2	hit	1	13858	8	6314085	7	5166	7	130000	5000
Sound	P2/beat	other				6359583	1			25000
Sound	n10	other				6406083	1			71500
Picture	3-123-1-3	hit	2	8322	7	6464901	7	5166	7	130000	5000
Sound	P2/beat	other				6510398	1			25000
Sound	test24	other				6556898	1			71500
Picture	3-223-1-3	hit	2	9586	7	6615716	7	5166	7	130000	5000
Sound	P1/tapping1	other				6661213	1			25000
Sound	f05	other				6707714	1			71500
Picture	2-112-1-2	hit	1	18290	8	6766532	7	5166	7	130000	5000
Sound	P1/tapping	other				6812030	1			25000
Sound	f04	other				6858530	1			71500
Picture	2-122-1-2	hit	2	8914	7	6917347	7	5166	7	130000	5000
Sound	P1/tapping	other				6962844	1			25000
Sound	n13	other				7009345	1			71500
Picture	3-222-1-3	hit	2	11539	7	7068163	7	5166	7	130000	5000
Sound	P1/tapping	other				7113660	1			25000
Sound	f21	other				7160160	1			71500
Picture	3-112-1-3	hit	1	18483	8	7218979	7	5166	7	130000	5000
Sound	P0/none1	other				7264475	1			25000
Sound	test25	other				7310977	1			71500
Picture	3-211-1-3	hit	1	14707	7	7369794	7	5166	7	130000	5000
Sound	P0/none	other				7415292	1			25000
Sound	test12	other				7461792	1			71500
Picture	2-221-1-2	hit	2	8532	8	7520610	7	5166	7	130000	5000
Sound	P0/none	other				7566108	1			25000
Sound	n03	other				7612607	1			71500
Picture	2-111-1-2	hit	1	9476	7	7671426	7	5166	7	130000	5000
Sound	P0/none	other				7716924	1			25000
Sound	f23	other				7763423	1			71500
Picture	2-121-1-2	hit	2	15220	7	7822241	7	5166	7	130000	5000
Sound	P1/tapping1	other				7867740	1			25000
Sound	f02	other				7914239	1			71500
Picture	2-122-1-2	hit	2	12965	7	7973057	7	5166	7	130000	5000
Sound	P1/tapping	other				8018555	1			25000
Sound	test15	other				8065054	1			71500
Picture	3-222-1-3	hit	2	13349	8	8123872	7	5166	7	130000	5000
Sound	P1/tapping	other				8169370	1			25000
Sound	test11	other				8215869	1			71500
Picture	2-212-1-2	hit	1	12374	8	8274688	7	5166	7	130000	5000
Sound	P1/tapping	other				8320185	1			25000
Sound	n06	other				8366685	1			71500
Picture	3-222-1-3	hit	2	10037	8	8425504	7	5166	7	130000	5000
Sound	P2/both1	other				8471001	1			25000
Sound	n11	other				8517501	1			71500
Picture	2-124-1-2	hit	2	16102	8	8576319	7	5166	7	130000	5000
Sound	P2/both	other				8621816	1			25000
Sound	n14	other				8668316	1			71500
Picture	3-124-1-3	hit	2	15366	9	8727135	7	5166	7	130000	5000
Sound	P2/both	other				8772633	1			25000
Sound	f14	other				8819133	1			71500
Picture	3-124-1-3	hit	2	11030	7	8877951	7	5166	7	130000	5000
Sound	P2/both	other				8923448	1			25000
Sound	n07	other				8969948	1			71500
Picture	2-214-1-2	hit	1	13335	8	9028766	7	5166	7	130000	5000


{
   "app": "Presentation Version 22.1 Build 01.21.21",
   "device": "Dell Inc. OptiPlex 7050",
   "experiment": "{C8E97CB4-6FCA-44FA-B866-4A2D94B6B85C}",
   "os": "Windows 10 64 bit",
   "package": "",
   "parameters": {
      "configuration": "Default configuration"
   },
   "scenario": "entrain_list1_sess1_EB.sce",
   "subject": "010",
   "timestamp": "2022/04/22 11:17:24 GMT"
}
