Scenario - test
Logfile written - 04/22/2022 13:15:19

Subject	Trial	Event Type	Code	Time	TTime	Uncertainty	Duration	Uncertainty	ReqTime	ReqDur	Stim Type	Pair Index

010	1	Sound	P2/beat1	25161	25000	1			25000		other	0
010	1	Sound	n05	71660	71500	1			71500		other	0
010	1	Picture	3-113-1-3	130479	130318	7	5166	7	130000	5000	incorrect	4
010	1	Response	52	143072	142911	1
010	2	Sound	P2/beat	175976	25000	1			25000		other	0
010	2	Sound	f05	222475	71499	1			71500		other	0
010	2	Picture	3-113-1-3	281294	130318	7	5166	7	130000	5000	incorrect	8
010	2	Response	52	294671	143695	2
010	3	Sound	P2/beat	326790	24999	1			25000		other	0
010	3	Sound	n01	373291	71500	1			71500		other	0
010	3	Picture	3-223-1-3	432110	130318	7	5166	7	130000	5000	hit	12
010	3	Response	62	451232	149440	2
010	4	Sound	P2/beat	477607	25000	1			25000		other	0
010	4	Sound	test15	524105	71498	1			71500		other	0
010	4	Picture	2-223-1-2	582925	130318	7	5166	7	130000	5000	hit	16
010	4	Response	62	597871	145264	2
010	5	Response	53	625951	22528	2
010	5	Sound	P1/tapping1	628422	25000	1			25000		other	0
010	5	Response	53	632831	29409	2
010	5	Response	53	638751	35328	1
010	5	Response	53	645311	41888	2
010	5	Response	53	651791	48368	1
010	5	Response	53	659871	56448	2
010	5	Response	53	666671	63248	1
010	5	Response	53	673073	69650	2
010	5	Sound	f08	674923	71501	1			71500		other	0
010	5	Picture	3-122-2-3	733741	130318	7	5166	7	130000	5000	hit	28
010	5	Response	62	745791	142368	1
010	6	Response	53	776831	22593	1
010	6	Sound	P1/tapping	779238	25000	1			25000		other	0
010	6	Response	53	784111	29873	2
010	6	Response	53	791071	36833	2
010	6	Response	53	798351	44113	1
010	6	Response	53	805151	50913	2
010	6	Response	53	811871	57633	1
010	6	Response	53	818751	64513	2
010	6	Response	53	824991	70753	2
010	6	Sound	f01	825739	71501	1			71500		other	0
010	6	Picture	2-122-1-2	884556	130318	7	5166	7	130000	5000	hit	40
010	6	Response	62	904271	150033	2
010	7	Response	53	924271	19217	1
010	7	Sound	P1/tapping	930054	25000	1			25000		other	0
010	7	Response	53	931071	26017	1
010	7	Response	53	936031	30977	2
010	7	Response	53	942191	37137	1
010	7	Response	53	949071	44017	2
010	7	Response	53	955232	50178	1
010	7	Response	53	961311	56257	2
010	7	Response	53	967471	62417	1
010	7	Response	53	973871	68817	2
010	7	Sound	n03	976554	71501	1			71500		other	0
010	7	Picture	3-122-1-3	1035372	130318	7	5166	7	130000	5000	incorrect	53
010	7	Response	51	1046591	141537	2
010	8	Sound	P1/tapping	1080869	24999	1			25000		other	0
010	8	Response	53	1090272	34402	1
010	8	Response	53	1095711	39841	2
010	8	Response	53	1100831	44962	1
010	8	Response	53	1107232	51362	2
010	8	Response	53	1114271	58401	2
010	8	Response	53	1120511	64642	2
010	8	Response	53	1126591	70721	2
010	8	Sound	test18	1127369	71500	1			71500		other	0
010	8	Picture	3-212-1-3	1186187	130318	7	5166	7	130000	5000	incorrect	64
010	8	Response	52	1194911	139042	2
010	8	Response	51	1200271	144401	1
010	9	Sound	P2/both1	1231685	25000	1			25000		other	0
010	9	Response	53	1234030	27346	3
010	9	Response	53	1238271	31586	1
010	9	Response	53	1243311	36626	2
010	9	Response	53	1248751	42066	1
010	9	Response	53	1254911	48226	3
010	9	Response	53	1260431	53746	1
010	9	Response	53	1266511	59826	2
010	9	Response	53	1272511	65826	1
010	9	Response	53	1277551	70866	1
010	9	Sound	test13	1278185	71500	1			71500		other	0
010	9	Picture	3-214-1-3	1337003	130318	7	5166	7	130000	5000	incorrect	78
010	9	Response	52	1356271	149586	2
010	10	Sound	P2/both	1382500	25000	1			25000		other	0
010	10	Response	53	1384111	26611	1
010	10	Response	53	1389071	31571	2
010	10	Response	53	1394111	36610	2
010	10	Response	53	1399631	42131	2
010	10	Response	53	1405310	47810	2
010	10	Response	53	1410991	53491	2
010	10	Response	53	1416510	59010	2
010	10	Response	53	1422751	65251	1
010	10	Response	53	1428830	71330	1
010	10	Sound	test04	1428999	71499	1			71500		other	0
010	10	Picture	2-224-1-2	1487818	130318	7	5166	7	130000	5000	hit	91
010	10	Response	62	1502271	144771	1
010	11	Sound	P2/both	1533315	24999	1			25000		other	0
010	11	Response	53	1535150	26834	2
010	11	Response	53	1539790	31475	1
010	11	Response	53	1545071	36755	2
010	11	Response	53	1550111	41795	2
010	11	Response	53	1556031	47715	1
010	11	Response	53	1561391	53075	2
010	11	Response	53	1567630	59315	2
010	11	Response	53	1574430	66115	1
010	11	Response	53	1579390	71075	1
010	11	Sound	f15	1579816	71501	1			71500		other	0
010	11	Picture	3-124-1-3	1638634	130318	7	5166	7	130000	5000	hit	104
010	11	Response	62	1651950	143635	1
010	12	Sound	P2/both	1684131	24999	1			25000		other	0
010	12	Response	53	1686911	27779	1
010	12	Response	53	1691071	31939	3
010	12	Response	53	1695710	36579	2
010	12	Response	53	1701311	42180	1
010	12	Response	53	1707151	48020	1
010	12	Response	53	1712670	53539	2
010	12	Response	53	1718350	59219	2
010	12	Response	53	1724351	65219	1
010	12	Response	53	1730351	71219	2
010	12	Sound	f21	1730631	71500	1			71500		other	0
010	12	Picture	3-124-1-3	1789449	130318	7	5166	7	130000	5000	hit	117
010	12	Response	62	1802030	142899	2
010	13	Sound	P0/none1	1834947	25000	1			25000		other	0
010	13	Sound	n07	1881446	71499	1			71500		other	0
010	13	Picture	2-221-1-2	1940265	130318	7	5166	7	130000	5000	hit	121
010	13	Response	62	1952590	142644	2
010	14	Sound	P0/none	1985762	25000	1			25000		other	0
010	14	Sound	n04	2032262	71499	1			71500		other	0
010	14	Picture	2-211-1-2	2091080	130318	7	5166	7	130000	5000	hit	125
010	14	Response	61	2102110	141348	2
010	15	Sound	P0/none	2136577	25000	1			25000		other	0
010	15	Sound	f03	2183078	71501	1			71500		other	0
010	15	Picture	2-111-1-2	2241895	130317	8	5167	8	130000	5000	incorrect	129
010	15	Response	52	2257551	145973	1
010	16	Sound	P0/none	2287392	24999	1			25000		other	0
010	16	Sound	test05	2333893	71500	1			71500		other	0
010	16	Picture	2-211-1-2	2392711	130318	7	5166	7	130000	5000	hit	133
010	16	Response	61	2405310	142917	1
010	17	Sound	P2/beat1	2438209	25000	1			25000		other	0
010	17	Sound	test16	2484709	71500	1			71500		other	0
010	17	Picture	3-213-1-3	2543527	130318	7	5166	7	130000	5000	hit	137
010	17	Response	61	2560110	146901	2
010	18	Sound	P2/beat	2589024	25000	1			25000		other	0
010	18	Sound	f11	2635524	71499	1			71500		other	0
010	18	Picture	3-113-1-3	2694342	130318	7	5166	7	130000	5000	hit	141
010	18	Response	61	2704510	140486	1
010	19	Sound	P2/beat	2739840	25000	1			25000		other	0
010	19	Sound	test07	2786340	71500	1			71500		other	0
010	19	Picture	2-223-1-2	2845158	130318	7	5166	7	130000	5000	hit	145
010	19	Response	62	2855550	140710	1
010	20	Sound	P2/beat	2890655	25000	1			25000		other	0
010	20	Sound	f23	2937156	71501	1			71500		other	0
010	20	Picture	2-113-1-2	2995973	130318	7	5166	7	130000	5000	hit	149
010	20	Response	61	3004910	139254	1
010	21	Sound	P0/none1	3041470	25000	1			25000		other	0
010	21	Sound	test23	3087971	71500	1			71500		other	0
010	21	Picture	2-221-2-2	3146789	130318	7	5166	7	130000	5000	hit	153
010	21	Response	62	3160350	143879	1
010	22	Sound	P0/none	3192286	25000	1			25000		other	0
010	22	Sound	f24	3238786	71500	1			71500		other	0
010	22	Picture	3-121-1-3	3297604	130318	7	5166	7	130000	5000	hit	157
010	22	Response	62	3309389	142103	2
010	23	Sound	P0/none	3343102	25000	1			25000		other	0
010	23	Sound	n06	3389601	71499	1			71500		other	0
010	23	Picture	3-211-1-3	3448420	130318	7	5166	7	130000	5000	hit	161
010	23	Response	61	3460590	142488	2
010	24	Sound	P0/none	3493917	25000	1			25000		other	0
010	24	Sound	test24	3540416	71499	1			71500		other	0
010	24	Picture	2-221-1-2	3599235	130318	7	5166	7	130000	5000	hit	165
010	24	Response	62	3610109	141192	1
010	25	Sound	P1/tapping1	3644733	25000	1			25000		other	0
010	25	Response	53	3646669	26936	2
010	25	Response	53	3651070	31337	2
010	25	Response	53	3656749	37016	1
010	25	Response	53	3662429	42696	1
010	25	Response	53	3668189	48456	2
010	25	Response	53	3673709	53976	2
010	25	Response	53	3679309	59576	2
010	25	Response	53	3684749	65016	3
010	25	Response	53	3690269	70536	1
010	25	Sound	test02	3691233	71500	1			71500		other	0
010	25	Picture	2-212-1-2	3750051	130318	7	5166	7	130000	5000	incorrect	178
010	25	Response	52	3759469	139736	2
010	26	Sound	P1/tapping	3795547	24999	1			25000		other	0
010	26	Response	53	3797149	26601	2
010	26	Response	53	3801709	31161	1
010	26	Response	53	3806989	36441	1
010	26	Response	53	3812109	41561	2
010	26	Response	53	3818109	47561	1
010	26	Response	53	3824029	53481	1
010	26	Response	53	3830669	60121	1
010	26	Response	53	3836349	65801	1
010	26	Sound	f14	3842048	71499	1			71500		other	0
010	26	Response	53	3842349	71801	1
010	26	Picture	2-122-2-2	3900866	130318	7	5166	7	130000	5000	hit	191
010	26	Response	62	3914109	143561	2
010	27	Sound	P1/tapping	3946364	25000	1			25000		other	0
010	27	Response	53	3948510	27146	2
010	27	Response	53	3953229	31865	1
010	27	Response	53	3958589	37225	2
010	27	Response	53	3964590	43226	2
010	27	Response	53	3969869	48505	2
010	27	Response	53	3975389	54025	1
010	27	Response	53	3981229	59865	1
010	27	Response	53	3986909	65545	2
010	27	Response	53	3992350	70986	1
010	27	Sound	f17	3992864	71500	1			71500		other	0
010	27	Picture	3-122-1-3	4051682	130318	7	5166	7	130000	5000	hit	204
010	27	Response	62	4062989	141625	2
010	28	Response	53	4095230	23050	3
010	28	Sound	P1/tapping	4097179	24999	1			25000		other	0
010	28	Response	53	4101389	29210	1
010	28	Response	53	4107309	35130	1
010	28	Response	53	4112989	40810	2
010	28	Response	53	4119389	47210	2
010	28	Response	53	4124989	52809	2
010	28	Response	53	4131309	59129	1
010	28	Response	53	4137069	64890	2
010	28	Response	53	4143229	71049	1
010	28	Sound	test17	4143679	71499	1			71500		other	0
010	28	Picture	2-222-2-2	4202498	130318	7	5166	7	130000	5000	hit	217
010	28	Response	62	4219069	146890	2
010	29	Sound	P2/beat1	4247995	25000	1			25000		other	0
010	29	Sound	f10	4294495	71500	1			71500		other	0
010	29	Picture	2-123-1-2	4353313	130318	7	5166	7	130000	5000	incorrect	221
010	29	Response	51	4369469	146474	2
010	30	Sound	P2/beat	4398811	25000	1			25000		other	0
010	30	Sound	test01	4445311	71500	1			71500		other	0
010	30	Picture	2-223-1-2	4504129	130318	7	5166	7	130000	5000	hit	225
010	30	Response	62	4516669	142858	2
010	31	Sound	P2/beat	4549626	25000	1			25000		other	0
010	31	Sound	test12	4596126	71500	1			71500		other	0
010	31	Picture	2-213-1-2	4654944	130318	7	5166	7	130000	5000	hit	229
010	31	Response	61	4667709	143083	2
010	32	Sound	P2/beat	4700442	25000	1			25000		other	0
010	32	Sound	test08	4746942	71500	1			71500		other	0
010	32	Picture	2-223-1-2	4805760	130318	7	5166	7	130000	5000	hit	233
010	32	Response	62	4825309	149867	1
010	33	Sound	P2/both1	4851256	24999	1			25000		other	0
010	33	Response	53	4853549	27292	2
010	33	Response	53	4858029	31772	1
010	33	Response	53	4862988	36731	2
010	33	Response	53	4868589	42332	2
010	33	Response	53	4874668	48411	2
010	33	Response	53	4880349	54092	1
010	33	Response	53	4886669	60412	1
010	33	Response	53	4891949	65692	2
010	33	Sound	f09	4897758	71500	1			71500		other	0
010	33	Response	53	4898189	71932	1
010	33	Picture	3-114-1-3	4956575	130318	7	5166	7	130000	5000	hit	246
010	33	Response	61	4967229	140972	2
010	34	Sound	P2/both	5002072	25000	1			25000		other	0
010	34	Response	53	5005548	28476	2
010	34	Response	53	5009949	32876	2
010	34	Response	53	5013949	36876	1
010	34	Response	53	5018829	41756	1
010	34	Response	53	5024348	47276	2
010	34	Response	53	5029709	52637	1
010	34	Response	53	5036269	59196	1
010	34	Response	53	5041949	64876	2
010	34	Response	53	5047868	70796	2
010	34	Sound	test03	5048572	71500	1			71500		other	0
010	34	Picture	3-214-1-3	5107391	130318	7	5166	7	130000	5000	hit	259
010	34	Response	61	5116429	139356	1
010	35	Response	53	5147229	19341	2
010	35	Sound	P2/both	5152888	25000	1			25000		other	0
010	35	Response	53	5154829	26940	1
010	35	Response	53	5158828	30940	1
010	35	Response	53	5164349	36461	2
010	35	Response	53	5169789	41901	1
010	35	Response	53	5175549	47660	1
010	35	Response	53	5180748	52860	1
010	35	Response	53	5186989	59101	2
010	35	Response	53	5192348	64460	1
010	35	Response	53	5198349	70461	1
010	35	Sound	f04	5199388	71500	1			71500		other	0
010	35	Picture	3-114-1-3	5258206	130318	7	5166	7	130000	5000	hit	273
010	35	Response	61	5266828	138940	2
010	36	Sound	P2/both	5303704	25000	1			25000		other	0
010	36	Response	53	5306029	27325	2
010	36	Response	53	5309868	31164	1
010	36	Response	53	5315069	36365	2
010	36	Response	53	5320589	41885	2
010	36	Response	53	5327308	48604	1
010	36	Response	53	5332028	53325	1
010	36	Response	53	5337388	58684	1
010	36	Response	53	5343149	64445	2
010	36	Response	53	5348908	70204	2
010	36	Sound	f18	5350204	71501	1			71500		other	0
010	36	Picture	2-114-2-2	5409022	130318	7	5166	7	130000	5000	hit	286
010	36	Response	61	5419388	140684	2
010	37	Sound	P0/none1	5454519	24999	1			25000		other	0
010	37	Sound	f19	5501019	71499	1			71500		other	0
010	37	Picture	3-121-1-3	5559837	130318	7	5166	7	130000	5000	hit	290
010	37	Response	62	5575308	145789	2
010	38	Sound	P0/none	5605335	25000	1			25000		other	0
010	38	Sound	test09	5651835	71500	1			71500		other	0
010	38	Picture	2-211-1-2	5710653	130318	7	5166	7	130000	5000	hit	294
010	38	Response	61	5725708	145373	2
010	39	Sound	P0/none	5756151	25000	1			25000		other	0
010	39	Sound	f02	5802649	71499	1			71500		other	0
010	39	Picture	3-121-2-3	5861468	130318	7	5166	7	130000	5000	hit	298
010	39	Response	62	5870508	139358	2
010	40	Sound	P0/none	5906966	25000	1			25000		other	0
010	40	Sound	n13	5953466	71500	1			71500		other	0
010	40	Picture	2-221-1-2	6012284	130318	7	5166	7	130000	5000	hit	302
010	40	Response	62	6023548	141582	2
010	41	Sound	P1/tapping1	6057781	24999	1			25000		other	0
010	41	Response	53	6060348	27566	2
010	41	Response	53	6064508	31726	1
010	41	Response	53	6070508	37726	2
010	41	Response	53	6076668	43886	1
010	41	Response	53	6083148	50366	2
010	41	Response	53	6089388	56606	2
010	41	Response	53	6095709	62927	1
010	41	Response	53	6102188	69406	1
010	41	Sound	f16	6104281	71499	1			71500		other	0
010	41	Picture	3-112-1-3	6163099	130318	7	5166	7	130000	5000	incorrect	314
010	41	Response	52	6178588	145807	1
010	42	Sound	P1/tapping	6208598	25001	1			25000		other	0
010	42	Response	53	6211548	27951	2
010	42	Response	53	6215788	32190	2
010	42	Response	53	6222108	38511	2
010	42	Response	53	6228668	45071	1
010	42	Response	53	6233868	50271	2
010	42	Response	53	6240668	57071	2
010	42	Response	53	6248508	64911	2
010	42	Response	53	6253548	69951	2
010	42	Sound	n14	6255098	71501	1			71500		other	0
010	42	Picture	3-112-1-3	6313915	130318	7	5166	7	130000	5000	miss	0
010	43	Response	52	6338509	4096	2
010	43	Sound	P1/tapping	6359413	25001	1			25000		other	0
010	43	Response	53	6360828	26415	2
010	43	Response	53	6365628	31215	2
010	43	Response	53	6371468	37055	2
010	43	Response	53	6377148	42735	2
010	43	Response	53	6382988	48575	1
010	43	Response	53	6388908	54495	1
010	43	Response	53	6394348	59935	2
010	43	Response	53	6399788	65375	2
010	43	Response	53	6405388	70975	2
010	43	Sound	f07	6405913	71500	1			71500		other	0
010	43	Picture	2-112-1-2	6464731	130318	7	5166	7	130000	5000	hit	339
010	43	Response	61	6476508	142095	2
010	44	Sound	P1/tapping	6510228	24999	1			25000		other	0
010	44	Response	53	6511867	26639	2
010	44	Response	53	6516588	31359	1
010	44	Response	53	6522268	37039	2
010	44	Response	53	6527948	42719	1
010	44	Response	53	6534188	48959	1
010	44	Response	53	6539468	54240	2
010	44	Response	53	6544188	58959	1
010	44	Response	53	6550507	65279	1
010	44	Response	53	6555868	70639	1
010	44	Sound	n11	6556727	71499	1			71500		other	0
010	44	Picture	2-112-1-2	6615546	130318	7	5166	7	130000	5000	hit	352
010	44	Response	61	6625548	140320	2
010	45	Sound	P2/both1	6661043	24999	1			25000		other	0
010	45	Response	53	6662987	26944	1
010	45	Response	53	6667788	31744	2
010	45	Response	53	6672588	36544	2
010	45	Response	53	6677948	41904	2
010	45	Response	53	6683388	47344	1
010	45	Response	53	6688988	52944	2
010	45	Response	53	6694827	58783	2
010	45	Response	53	6700508	64464	2
010	45	Response	53	6705948	69904	1
010	45	Sound	test10	6707543	71499	1			71500		other	0
010	45	Picture	2-224-1-2	6766362	130318	7	5166	7	130000	5000	hit	365
010	45	Response	62	6775867	139824	2
010	46	Sound	P2/both	6811859	25000	1			25000		other	0
010	46	Response	53	6815148	28288	2
010	46	Response	53	6819387	32528	2
010	46	Response	53	6823948	37088	2
010	46	Response	53	6828987	42128	2
010	46	Response	53	6834988	48129	1
010	46	Response	53	6841708	54848	2
010	46	Response	53	6847148	60288	1
010	46	Response	53	6852907	66048	2
010	46	Response	53	6858188	71329	2
010	46	Sound	test14	6858360	71501	1			71500		other	0
010	46	Picture	3-224-1-3	6917177	130318	7	5166	7	130000	5000	hit	378
010	46	Response	62	6930108	143248	2
010	47	Sound	P2/both	6962675	25000	1			25000		other	0
010	47	Response	53	6965547	27872	2
010	47	Response	53	6969947	32273	2
010	47	Response	53	6974427	36752	3
010	47	Response	53	6979708	42033	1
010	47	Response	53	6985628	47953	2
010	47	Response	53	6991948	54273	1
010	47	Response	53	6997628	59953	1
010	47	Response	53	7003227	65552	2
010	47	Response	53	7008668	70993	1
010	47	Sound	test21	7009175	71500	1			71500		other	0
010	47	Picture	2-224-2-2	7067993	130318	7	5166	7	130000	5000	hit	391
010	47	Response	62	7084427	146752	1
010	48	Sound	P2/both	7113491	25000	1			25000		other	0
010	48	Response	53	7116267	27777	1
010	48	Response	53	7120028	31538	3
010	48	Response	53	7125627	37137	2
010	48	Response	53	7130907	42417	1
010	48	Response	53	7136667	48177	2
010	48	Response	53	7142107	53617	2
010	48	Response	53	7148267	59777	1
010	48	Response	53	7153468	64977	2
010	48	Response	53	7159227	70737	2
010	48	Sound	test11	7159990	71500	1			71500		other	0
010	48	Picture	3-224-1-3	7218808	130318	7	5166	7	130000	5000	hit	404
010	48	Response	62	7234587	146097	2
010	49	Sound	P1/tapping1	7264305	24999	1			25000		other	0
010	49	Response	53	7268907	29601	2
010	49	Response	53	7276507	37201	1
010	49	Response	53	7281947	42641	2
010	49	Response	53	7287627	48321	1
010	49	Response	53	7293547	54241	2
010	49	Response	53	7299467	60161	1
010	49	Response	53	7304667	65361	1
010	49	Sound	f22	7310806	71500	1			71500		other	0
010	49	Response	53	7311148	71842	2
010	49	Picture	3-112-1-3	7369624	130318	7	5166	7	130000	5000	incorrect	416
010	49	Response	52	7381548	142242	1
010	50	Response	53	7412187	22066	1
010	50	Sound	P1/tapping	7415121	25000	1			25000		other	0
010	50	Response	53	7418668	28546	1
010	50	Response	53	7424348	34226	2
010	50	Response	53	7429868	39746	2
010	50	Response	53	7435947	45826	1
010	50	Response	53	7441548	51426	1
010	50	Response	53	7447307	57186	1
010	50	Response	53	7452427	62306	2
010	50	Response	53	7458827	68705	2
010	50	Sound	n12	7461622	71500	1			71500		other	0
010	50	Response	53	7464027	73906	2
010	50	Picture	3-112-1-3	7520440	130318	7	5166	7	130000	5000	hit	430
010	50	Response	61	7531387	141265	1
010	51	Sound	P1/tapping	7565937	24999	1			25000		other	0
010	51	Response	53	7568667	27730	2
010	51	Response	53	7573147	32210	1
010	51	Response	53	7578747	37810	2
010	51	Response	53	7586027	45090	2
010	51	Response	53	7590987	50050	2
010	51	Response	53	7596507	55570	1
010	51	Response	53	7601547	60610	1
010	51	Response	53	7606428	65490	2
010	51	Response	53	7611867	70930	2
010	51	Sound	test25	7612437	71499	1			71500		other	0
010	51	Picture	3-222-1-3	7671255	130318	7	5166	7	130000	5000	hit	443
010	51	Response	62	7686428	145490	1
010	52	Sound	P1/tapping	7716752	24999	1			25000		other	0
010	52	Response	53	7720027	28274	1
010	52	Response	53	7724427	32674	1
010	52	Response	53	7731227	39474	1
010	52	Response	53	7736427	44674	2
010	52	Response	53	7742827	51075	1
010	52	Response	53	7748267	56514	1
010	52	Response	53	7753467	61714	2
010	52	Response	53	7758907	67154	2
010	52	Sound	f20	7763252	71500	1			71500		other	0
010	52	Response	53	7764587	72834	1
010	52	Picture	3-112-1-3	7822071	130318	7	5166	7	130000	5000	miss	0
010	53	Response	51	7844507	1939	2
010	53	Sound	P0/none1	7867568	24999	1			25000		other	0
010	53	Sound	f12	7914067	71499	1			71500		other	0
010	53	Picture	3-111-1-3	7972886	130318	7	5166	7	130000	5000	hit	460
010	53	Response	61	7983547	140979	2
010	54	Sound	P0/none	8018384	25000	1			25000		other	0
010	54	Sound	test06	8064883	71500	1			71500		other	0
010	54	Picture	2-211-1-2	8123702	130318	7	5166	7	130000	5000	hit	464
010	54	Response	61	8133867	140483	1
010	55	Sound	P0/none	8169200	25000	1			25000		other	0
010	55	Sound	f06	8215699	71500	1			71500		other	0
010	55	Picture	2-121-1-2	8274517	130318	7	5166	7	130000	5000	hit	468
010	55	Response	62	8288667	144467	2
010	56	Sound	P0/none	8320014	24999	1			25000		other	0
010	56	Sound	n10	8366516	71501	1			71500		other	0
010	56	Picture	3-111-1-3	8425333	130318	7	5166	7	130000	5000	hit	472
010	56	Response	61	8436747	141732	2
010	57	Sound	P2/beat1	8470831	25000	1			25000		other	0
010	57	Sound	f13	8517331	71501	1			71500		other	0
010	57	Picture	2-123-1-2	8576149	130318	7	5166	7	130000	5000	hit	476
010	57	Response	62	8587147	141317	1
010	58	Sound	P2/beat	8621646	25000	1			25000		other	0
010	58	Sound	test22	8668146	71500	1			71500		other	0
010	58	Picture	2-213-2-2	8726964	130318	7	5166	7	130000	5000	hit	480
010	58	Response	61	8737386	140740	2
010	59	Sound	P2/beat	8772461	24999	1			25000		other	0
010	59	Sound	n09	8818963	71501	1			71500		other	0
010	59	Picture	3-223-1-3	8877780	130318	7	5166	7	130000	5000	hit	484
010	59	Response	62	8888106	140645	1
010	60	Sound	P2/beat	8923278	25000	1			25000		other	0
010	60	Sound	test19	8969777	71500	1			71500		other	0
010	60	Picture	2-213-1-2	9028595	130318	7	5166	7	130000	5000	hit	488
010	60	Response	61	9040266	141989	2


Event Type	Code	Type	Response	RT	RT Uncertainty	Time	Uncertainty	Duration	Uncertainty	ReqTime	ReqDur

Sound	P2/beat1	other				25161	1			25000
Sound	n05	other				71660	1			71500
Picture	3-113-1-3	incorrect	2	12593	7	130479	7	5166	7	130000	5000
Sound	P2/beat	other				175976	1			25000
Sound	f05	other				222475	1			71500
Picture	3-113-1-3	incorrect	2	13377	8	281294	7	5166	7	130000	5000
Sound	P2/beat	other				326790	1			25000
Sound	n01	other				373291	1			71500
Picture	3-223-1-3	hit	2	19122	8	432110	7	5166	7	130000	5000
Sound	P2/beat	other				477607	1			25000
Sound	test15	other				524105	1			71500
Picture	2-223-1-2	hit	2	14946	8	582925	7	5166	7	130000	5000
Sound	P1/tapping1	other				628422	1			25000
Sound	f08	other				674923	1			71500
Picture	3-122-2-3	hit	2	12050	7	733741	7	5166	7	130000	5000
Sound	P1/tapping	other				779238	1			25000
Sound	f01	other				825739	1			71500
Picture	2-122-1-2	hit	2	19715	8	884556	7	5166	7	130000	5000
Sound	P1/tapping	other				930054	1			25000
Sound	n03	other				976554	1			71500
Picture	3-122-1-3	incorrect	1	11219	8	1035372	7	5166	7	130000	5000
Sound	P1/tapping	other				1080869	1			25000
Sound	test18	other				1127369	1			71500
Picture	3-212-1-3	incorrect	2	8724	8	1186187	7	5166	7	130000	5000
Sound	P2/both1	other				1231685	1			25000
Sound	test13	other				1278185	1			71500
Picture	3-214-1-3	incorrect	2	19268	8	1337003	7	5166	7	130000	5000
Sound	P2/both	other				1382500	1			25000
Sound	test04	other				1428999	1			71500
Picture	2-224-1-2	hit	2	14453	7	1487818	7	5166	7	130000	5000
Sound	P2/both	other				1533315	1			25000
Sound	f15	other				1579816	1			71500
Picture	3-124-1-3	hit	2	13317	7	1638634	7	5166	7	130000	5000
Sound	P2/both	other				1684131	1			25000
Sound	f21	other				1730631	1			71500
Picture	3-124-1-3	hit	2	12581	8	1789449	7	5166	7	130000	5000
Sound	P0/none1	other				1834947	1			25000
Sound	n07	other				1881446	1			71500
Picture	2-221-1-2	hit	2	12326	8	1940265	7	5166	7	130000	5000
Sound	P0/none	other				1985762	1			25000
Sound	n04	other				2032262	1			71500
Picture	2-211-1-2	hit	1	11030	8	2091080	7	5166	7	130000	5000
Sound	P0/none	other				2136577	1			25000
Sound	f03	other				2183078	1			71500
Picture	2-111-1-2	incorrect	2	15656	8	2241895	8	5167	8	130000	5000
Sound	P0/none	other				2287392	1			25000
Sound	test05	other				2333893	1			71500
Picture	2-211-1-2	hit	1	12599	8	2392711	7	5166	7	130000	5000
Sound	P2/beat1	other				2438209	1			25000
Sound	test16	other				2484709	1			71500
Picture	3-213-1-3	hit	1	16583	8	2543527	7	5166	7	130000	5000
Sound	P2/beat	other				2589024	1			25000
Sound	f11	other				2635524	1			71500
Picture	3-113-1-3	hit	1	10168	8	2694342	7	5166	7	130000	5000
Sound	P2/beat	other				2739840	1			25000
Sound	test07	other				2786340	1			71500
Picture	2-223-1-2	hit	2	10392	7	2845158	7	5166	7	130000	5000
Sound	P2/beat	other				2890655	1			25000
Sound	f23	other				2937156	1			71500
Picture	2-113-1-2	hit	1	8936	7	2995973	7	5166	7	130000	5000
Sound	P0/none1	other				3041470	1			25000
Sound	test23	other				3087971	1			71500
Picture	2-221-2-2	hit	2	13561	7	3146789	7	5166	7	130000	5000
Sound	P0/none	other				3192286	1			25000
Sound	f24	other				3238786	1			71500
Picture	3-121-1-3	hit	2	11785	8	3297604	7	5166	7	130000	5000
Sound	P0/none	other				3343102	1			25000
Sound	n06	other				3389601	1			71500
Picture	3-211-1-3	hit	1	12170	8	3448420	7	5166	7	130000	5000
Sound	P0/none	other				3493917	1			25000
Sound	test24	other				3540416	1			71500
Picture	2-221-1-2	hit	2	10874	7	3599235	7	5166	7	130000	5000
Sound	P1/tapping1	other				3644733	1			25000
Sound	test02	other				3691233	1			71500
Picture	2-212-1-2	incorrect	2	9419	9	3750051	7	5166	7	130000	5000
Sound	P1/tapping	other				3795547	1			25000
Sound	f14	other				3842048	1			71500
Picture	2-122-2-2	hit	2	13243	8	3900866	7	5166	7	130000	5000
Sound	P1/tapping	other				3946364	1			25000
Sound	f17	other				3992864	1			71500
Picture	3-122-1-3	hit	2	11307	8	4051682	7	5166	7	130000	5000
Sound	P1/tapping	other				4097179	1			25000
Sound	test17	other				4143679	1			71500
Picture	2-222-2-2	hit	2	16572	8	4202498	7	5166	7	130000	5000
Sound	P2/beat1	other				4247995	1			25000
Sound	f10	other				4294495	1			71500
Picture	2-123-1-2	incorrect	1	16156	8	4353313	7	5166	7	130000	5000
Sound	P2/beat	other				4398811	1			25000
Sound	test01	other				4445311	1			71500
Picture	2-223-1-2	hit	2	12540	8	4504129	7	5166	7	130000	5000
Sound	P2/beat	other				4549626	1			25000
Sound	test12	other				4596126	1			71500
Picture	2-213-1-2	hit	1	12765	8	4654944	7	5166	7	130000	5000
Sound	P2/beat	other				4700442	1			25000
Sound	test08	other				4746942	1			71500
Picture	2-223-1-2	hit	2	19549	7	4805760	7	5166	7	130000	5000
Sound	P2/both1	other				4851256	1			25000
Sound	f09	other				4897758	1			71500
Picture	3-114-1-3	hit	1	10654	8	4956575	7	5166	7	130000	5000
Sound	P2/both	other				5002072	1			25000
Sound	test03	other				5048572	1			71500
Picture	3-214-1-3	hit	1	9038	7	5107391	7	5166	7	130000	5000
Sound	P2/both	other				5152888	1			25000
Sound	f04	other				5199388	1			71500
Picture	3-114-1-3	hit	1	8622	8	5258206	7	5166	7	130000	5000
Sound	P2/both	other				5303704	1			25000
Sound	f18	other				5350204	1			71500
Picture	2-114-2-2	hit	1	10366	8	5409022	7	5166	7	130000	5000
Sound	P0/none1	other				5454519	1			25000
Sound	f19	other				5501019	1			71500
Picture	3-121-1-3	hit	2	15471	8	5559837	7	5166	7	130000	5000
Sound	P0/none	other				5605335	1			25000
Sound	test09	other				5651835	1			71500
Picture	2-211-1-2	hit	1	15056	8	5710653	7	5166	7	130000	5000
Sound	P0/none	other				5756151	1			25000
Sound	f02	other				5802649	1			71500
Picture	3-121-2-3	hit	2	9040	8	5861468	7	5166	7	130000	5000
Sound	P0/none	other				5906966	1			25000
Sound	n13	other				5953466	1			71500
Picture	2-221-1-2	hit	2	11264	8	6012284	7	5166	7	130000	5000
Sound	P1/tapping1	other				6057781	1			25000
Sound	f16	other				6104281	1			71500
Picture	3-112-1-3	incorrect	2	15489	7	6163099	7	5166	7	130000	5000
Sound	P1/tapping	other				6208598	1			25000
Sound	n14	other				6255098	1			71500
Picture	3-112-1-3	miss				6313915	7	5166	7	130000	5000
Sound	P1/tapping	other				6359413	1			25000
Sound	f07	other				6405913	1			71500
Picture	2-112-1-2	hit	1	11777	8	6464731	7	5166	7	130000	5000
Sound	P1/tapping	other				6510228	1			25000
Sound	n11	other				6556727	1			71500
Picture	2-112-1-2	hit	1	10002	9	6615546	7	5166	7	130000	5000
Sound	P2/both1	other				6661043	1			25000
Sound	test10	other				6707543	1			71500
Picture	2-224-1-2	hit	2	9506	8	6766362	7	5166	7	130000	5000
Sound	P2/both	other				6811859	1			25000
Sound	test14	other				6858360	1			71500
Picture	3-224-1-3	hit	2	12930	8	6917177	7	5166	7	130000	5000
Sound	P2/both	other				6962675	1			25000
Sound	test21	other				7009175	1			71500
Picture	2-224-2-2	hit	2	16434	8	7067993	7	5166	7	130000	5000
Sound	P2/both	other				7113491	1			25000
Sound	test11	other				7159990	1			71500
Picture	3-224-1-3	hit	2	15779	8	7218808	7	5166	7	130000	5000
Sound	P1/tapping1	other				7264305	1			25000
Sound	f22	other				7310806	1			71500
Picture	3-112-1-3	incorrect	2	11924	7	7369624	7	5166	7	130000	5000
Sound	P1/tapping	other				7415121	1			25000
Sound	n12	other				7461622	1			71500
Picture	3-112-1-3	hit	1	10947	7	7520440	7	5166	7	130000	5000
Sound	P1/tapping	other				7565937	1			25000
Sound	test25	other				7612437	1			71500
Picture	3-222-1-3	hit	2	15172	7	7671255	7	5166	7	130000	5000
Sound	P1/tapping	other				7716752	1			25000
Sound	f20	other				7763252	1			71500
Picture	3-112-1-3	miss				7822071	7	5166	7	130000	5000
Sound	P0/none1	other				7867568	1			25000
Sound	f12	other				7914067	1			71500
Picture	3-111-1-3	hit	1	10661	8	7972886	7	5166	7	130000	5000
Sound	P0/none	other				8018384	1			25000
Sound	test06	other				8064883	1			71500
Picture	2-211-1-2	hit	1	10165	7	8123702	7	5166	7	130000	5000
Sound	P0/none	other				8169200	1			25000
Sound	f06	other				8215699	1			71500
Picture	2-121-1-2	hit	2	14149	8	8274517	7	5166	7	130000	5000
Sound	P0/none	other				8320014	1			25000
Sound	n10	other				8366516	1			71500
Picture	3-111-1-3	hit	1	11414	8	8425333	7	5166	7	130000	5000
Sound	P2/beat1	other				8470831	1			25000
Sound	f13	other				8517331	1			71500
Picture	2-123-1-2	hit	2	10999	7	8576149	7	5166	7	130000	5000
Sound	P2/beat	other				8621646	1			25000
Sound	test22	other				8668146	1			71500
Picture	2-213-2-2	hit	1	10422	8	8726964	7	5166	7	130000	5000
Sound	P2/beat	other				8772461	1			25000
Sound	n09	other				8818963	1			71500
Picture	3-223-1-3	hit	2	10327	7	8877780	7	5166	7	130000	5000
Sound	P2/beat	other				8923278	1			25000
Sound	test19	other				8969777	1			71500
Picture	2-213-1-2	hit	1	11671	8	9028595	7	5166	7	130000	5000


{
   "app": "Presentation Version 22.1 Build 01.21.21",
   "device": "Dell Inc. OptiPlex 7050",
   "experiment": "{C8E97CB4-6FCA-44FA-B866-4A2D94B6B85C}",
   "os": "Windows 10 64 bit",
   "package": "",
   "parameters": {
      "configuration": "Default configuration"
   },
   "scenario": "entrain_list1_sess2_EB.sce",
   "subject": "010",
   "timestamp": "2022/04/22 11:00:09 GMT"
}
