Scenario - test
Logfile written - 04/22/2022 14:09:32

Subject	Trial	Event Type	Code	Time	TTime	Uncertainty	Duration	Uncertainty	ReqTime	ReqDur	Stim Type	Pair Index

010	1	Sound	P1/tapping1	25326	24999	1			25000		other	0
010	1	Response	53	27820	27493	1
010	1	Response	53	32379	32052	1
010	1	Response	53	37819	37492	1
010	1	Response	53	43019	42692	1
010	1	Response	53	48220	47893	1
010	1	Response	53	53579	53252	1
010	1	Response	53	58780	58453	1
010	1	Response	53	63899	63572	1
010	1	Response	53	69101	68774	3
010	1	Sound	n05	71827	71500	1			71500		other	0
010	1	Picture	2-122-2-2	130645	130318	7	5166	7	130000	5000	hit	13
010	1	Response	62	139419	139092	1
010	2	Response	53	169179	18037	1
010	2	Sound	P1/tapping	176142	24999	1			25000		other	0
010	2	Response	53	178379	27236	2
010	2	Response	53	182619	31476	1
010	2	Response	53	187579	36436	1
010	2	Response	53	192380	41237	2
010	2	Response	53	197579	46436	1
010	2	Response	53	202300	51157	2
010	2	Response	53	207179	56036	1
010	2	Response	53	212699	61556	1
010	2	Response	53	218219	67076	1
010	2	Sound	f18	222643	71500	1			71500		other	0
010	2	Response	53	223499	72356	2
010	2	Picture	3-122-1-3	281461	130318	7	5166	7	130000	5000	hit	28
010	2	Response	62	290539	139396	1
010	3	Response	53	322379	20421	1
010	3	Sound	P1/tapping	326958	24999	1			25000		other	0
010	3	Response	53	328461	26502	2
010	3	Response	53	332939	30981	1
010	3	Response	53	338939	36980	1
010	3	Response	53	344379	42421	1
010	3	Response	53	349179	47221	1
010	3	Response	53	355020	53061	1
010	3	Response	53	360859	58901	1
010	3	Response	53	366300	64341	1
010	3	Response	53	371100	69141	1
010	3	Sound	f09	373459	71501	1			71500		other	0
010	3	Picture	2-122-1-2	432276	130318	7	5166	7	130000	5000	hit	42
010	3	Response	62	450299	148341	1
010	4	Response	53	475579	22805	2
010	4	Sound	P1/tapping	477775	25001	1			25000		other	0
010	4	Response	53	482940	30166	1
010	4	Response	53	487979	35205	2
010	4	Response	53	493979	41205	2
010	4	Response	53	499339	46565	3
010	4	Response	53	505499	52725	1
010	4	Response	53	511019	58245	2
010	4	Response	53	516939	64165	1
010	4	Response	53	522860	70085	2
010	4	Sound	f06	524275	71501	1			71500		other	0
010	4	Picture	3-122-1-3	583092	130318	7	5166	7	130000	5000	hit	55
010	4	Response	62	590459	137685	1
010	5	Sound	P2/both1	628590	25000	1			25000		other	0
010	5	Response	53	631099	27510	1
010	5	Response	53	636299	32709	2
010	5	Response	53	640779	37190	1
010	5	Response	53	645659	42069	2
010	5	Response	53	650539	46949	3
010	5	Response	53	654859	51269	2
010	5	Response	53	659099	55509	1
010	5	Response	53	663819	60229	1
010	5	Response	53	669499	65909	2
010	5	Response	53	674939	71349	1
010	5	Sound	f01	675090	71500	1			71500		other	0
010	5	Picture	3-114-1-3	733908	130318	7	5166	7	130000	5000	hit	69
010	5	Response	61	744779	141189	1
010	6	Response	53	778779	24374	1
010	6	Sound	P2/both	779405	25000	1			25000		other	0
010	6	Response	53	784059	29653	2
010	6	Response	53	789499	35094	2
010	6	Response	53	795259	40853	2
010	6	Response	53	801179	46773	1
010	6	Response	53	807019	52613	1
010	6	Response	53	812621	58216	3
010	6	Response	53	818139	63733	2
010	6	Response	53	824059	69653	2
010	6	Sound	test24	825905	71500	1			71500		other	0
010	6	Picture	3-214-1-3	884723	130318	7	5166	7	130000	5000	hit	82
010	6	Response	61	893659	139254	1
010	7	Sound	P2/both	930221	25000	1			25000		other	0
010	7	Response	53	931819	26598	3
010	7	Response	53	936140	30919	3
010	7	Response	53	941339	36118	1
010	7	Response	53	947099	41878	2
010	7	Response	53	952939	47718	3
010	7	Response	53	958618	53397	1
010	7	Response	53	964618	59397	1
010	7	Response	53	970059	64837	1
010	7	Response	53	975340	70119	3
010	7	Sound	test22	976721	71500	1			71500		other	0
010	7	Picture	3-224-1-3	1035539	130318	7	5166	7	130000	5000	hit	95
010	7	Response	62	1043500	138279	3
010	8	Response	53	1078139	22102	1
010	8	Sound	P2/both	1081036	24999	1			25000		other	0
010	8	Response	53	1083979	27942	1
010	8	Response	53	1089658	33622	1
010	8	Response	53	1095818	39782	1
010	8	Response	53	1101099	45062	1
010	8	Response	53	1106299	50263	1
010	8	Response	53	1111339	55303	3
010	8	Response	53	1116459	60422	1
010	8	Response	53	1121099	65063	2
010	8	Response	53	1126699	70662	2
010	8	Sound	test07	1127535	71499	1			71500		other	0
010	8	Picture	3-214-1-3	1186355	130318	7	5166	7	130000	5000	hit	109
010	8	Response	61	1195340	139303	3
010	9	Sound	P2/beat1	1231853	25000	1			25000		other	0
010	9	Sound	f02	1278352	71500	1			71500		other	0
010	9	Picture	2-113-1-2	1337170	130318	7	5166	7	130000	5000	hit	113
010	9	Response	61	1346138	139286	2
010	10	Sound	P2/beat	1382669	25001	1			25000		other	0
010	10	Sound	f19	1429168	71500	1			71500		other	0
010	10	Picture	2-113-2-2	1487986	130318	7	5166	7	130000	5000	hit	117
010	10	Response	61	1498138	140470	1
010	11	Sound	P2/beat	1533484	25000	1			25000		other	0
010	11	Sound	n07	1579983	71500	1			71500		other	0
010	11	Picture	3-223-1-3	1638802	130318	7	5166	7	130000	5000	hit	121
010	11	Response	62	1647178	138695	3
010	12	Sound	P2/beat	1684299	24999	1			25000		other	0
010	12	Sound	f07	1730800	71501	1			71500		other	0
010	12	Picture	3-123-1-3	1789617	130318	7	5166	7	130000	5000	hit	125
010	12	Response	62	1801338	142039	1
010	13	Sound	P2/both1	1835115	25000	1			25000		other	0
010	13	Response	53	1837339	27224	1
010	13	Response	53	1841498	31383	1
010	13	Response	53	1846699	36584	3
010	13	Response	53	1852218	42104	1
010	13	Response	53	1858218	48103	2
010	13	Response	53	1864138	54024	2
010	13	Response	53	1869898	59784	3
010	13	Response	53	1875738	65623	1
010	13	Response	53	1881579	71464	3
010	13	Sound	f05	1881615	71500	1			71500		other	0
010	13	Picture	2-124-1-2	1940433	130318	7	5166	7	130000	5000	hit	138
010	13	Response	62	1949338	139224	1
010	14	Sound	P2/both	1985931	25000	1			25000		other	0
010	14	Response	53	1987898	26968	1
010	14	Response	53	1992058	31128	1
010	14	Response	53	1997578	36648	1
010	14	Response	53	2002938	42008	2
010	14	Response	53	2008858	47927	2
010	14	Response	53	2014458	53528	1
010	14	Response	53	2020218	59288	1
010	14	Response	53	2025738	64808	1
010	14	Response	53	2030699	69769	3
010	14	Sound	test09	2032429	71499	1			71500		other	0
010	14	Picture	3-224-1-3	2091248	130318	7	5166	7	130000	5000	hit	151
010	14	Response	62	2099818	138888	2
010	15	Response	53	2129898	18152	2
010	15	Sound	P2/both	2136745	24999	1			25000		other	0
010	15	Response	53	2138538	26792	1
010	15	Response	53	2143339	31593	3
010	15	Response	53	2147898	36152	1
010	15	Response	53	2153498	41752	2
010	15	Response	53	2159818	48072	1
010	15	Response	53	2165338	53592	2
010	15	Response	53	2170938	59192	1
010	15	Response	53	2176858	65112	2
010	15	Response	53	2182619	70873	2
010	15	Sound	test12	2183246	71500	1			71500		other	0
010	15	Picture	3-214-1-3	2242064	130318	7	5166	7	130000	5000	hit	165
010	15	Response	61	2253338	141592	1
010	16	Sound	P2/both	2287561	24999	1			25000		other	0
010	16	Response	53	2290058	27496	1
010	16	Response	53	2294618	32056	2
010	16	Response	53	2299578	37016	1
010	16	Response	53	2304938	42376	1
010	16	Response	53	2310378	47816	1
010	16	Response	53	2316058	53497	2
010	16	Response	53	2321738	59176	1
010	16	Response	53	2326938	64376	2
010	16	Response	53	2332538	69976	1
010	16	Sound	test19	2334062	71500	1			71500		other	0
010	16	Picture	2-224-1-2	2392880	130318	7	5166	7	130000	5000	hit	178
010	16	Response	62	2404618	142056	2
010	17	Sound	P1/tapping1	2438376	24999	1			25000		other	0
010	17	Response	53	2441258	27881	3
010	17	Response	53	2445338	31961	2
010	17	Response	53	2450938	37560	1
010	17	Response	53	2455979	42601	2
010	17	Response	53	2461658	48281	2
010	17	Response	53	2466538	53161	1
010	17	Response	53	2472218	58841	1
010	17	Response	53	2477178	63800	2
010	17	Response	53	2481738	68361	1
010	17	Sound	f15	2484877	71499	1			71500		other	0
010	17	Picture	2-122-2-2	2543695	130318	7	5166	7	130000	5000	hit	191
010	17	Response	62	2555018	141641	2
010	18	Sound	P1/tapping	2589193	25001	1			25000		other	0
010	18	Response	53	2589818	25625	1
010	18	Response	53	2595898	31705	2
010	18	Response	53	2600617	36425	1
010	18	Response	53	2606938	42745	1
010	18	Response	53	2611818	47625	2
010	18	Response	53	2617578	53385	1
010	18	Response	53	2624858	60665	2
010	18	Response	53	2630538	66345	1
010	18	Sound	test21	2635692	71499	1			71500		other	0
010	18	Picture	3-212-1-3	2694511	130318	7	5166	7	130000	5000	hit	203
010	18	Response	61	2705579	141386	3
010	19	Sound	P1/tapping	2740010	25001	1			25000		other	0
010	19	Response	53	2749818	34809	1
010	19	Response	53	2754858	39849	1
010	19	Response	53	2759737	44729	1
010	19	Response	53	2764218	49209	1
010	19	Response	53	2769258	54249	1
010	19	Response	53	2778138	63129	1
010	19	Response	53	2783018	68009	1
010	19	Sound	f10	2786508	71500	1			71500		other	0
010	19	Response	53	2795818	80809	3
010	19	Response	53	2801417	86409	1
010	19	Response	53	2804297	89289	2
010	19	Response	53	2808058	93049	1
010	19	Response	53	2813737	98729	1
010	19	Picture	3-112-1-3	2845327	130318	7	5166	7	130000	5000	incorrect	219
010	19	Response	52	2859978	144969	1
010	20	Response	53	2885017	19193	1
010	20	Sound	P1/tapping	2890824	25000	1			25000		other	0
010	20	Response	53	2892937	27113	1
010	20	Response	53	2897338	31514	1
010	20	Response	53	2908378	42554	1
010	20	Response	53	2913418	47593	2
010	20	Response	53	2918618	52794	1
010	20	Response	53	2924538	58714	2
010	20	Response	53	2929658	63834	2
010	20	Response	53	2935258	69433	1
010	20	Sound	f13	2937324	71500	1			71500		other	0
010	20	Picture	3-112-1-3	2996142	130318	7	5166	7	130000	5000	hit	232
010	20	Response	61	3005018	139194	2
010	21	Sound	P2/both1	3041639	24999	1			25000		other	0
010	21	Response	53	3043817	27178	1
010	21	Response	53	3048138	31498	1
010	21	Response	53	3053097	36458	1
010	21	Response	53	3058458	41818	2
010	21	Response	53	3064377	47738	1
010	21	Response	53	3070138	53498	1
010	21	Response	53	3075819	59179	3
010	21	Response	53	3081737	65098	1
010	21	Response	53	3087418	70778	1
010	21	Sound	n03	3088139	71500	1			71500		other	0
010	21	Picture	2-124-1-2	3146958	130318	7	5166	7	130000	5000	hit	245
010	21	Response	62	3155017	138378	1
010	22	Sound	P2/both	3192456	25000	1			25000		other	0
010	22	Response	53	3194297	26842	1
010	22	Response	53	3198697	31242	3
010	22	Response	53	3203977	36522	2
010	22	Response	53	3209338	41882	1
010	22	Response	53	3215417	47962	1
010	22	Response	53	3221017	53562	2
010	22	Response	53	3226377	58922	2
010	22	Response	53	3232537	65082	2
010	22	Response	53	3238538	71082	1
010	22	Sound	n13	3238955	71500	1			71500		other	0
010	22	Picture	3-214-1-3	3297773	130318	7	5166	7	130000	5000	hit	258
010	22	Response	61	3304698	137242	1
010	23	Sound	P2/both	3343271	25000	1			25000		other	0
010	23	Response	53	3345097	26826	1
010	23	Response	53	3349417	31146	1
010	23	Response	53	3354458	36187	3
010	23	Response	53	3360377	42106	2
010	23	Response	53	3366458	48187	2
010	23	Response	53	3372377	54106	1
010	23	Response	53	3377898	59627	1
010	23	Response	53	3383257	64986	1
010	23	Response	53	3388938	70667	2
010	23	Sound	f11	3389771	71500	1			71500		other	0
010	23	Picture	2-124-1-2	3448589	130318	7	5166	7	130000	5000	hit	271
010	23	Response	62	3460297	142026	1
010	24	Sound	P2/both	3494086	25000	1			25000		other	0
010	24	Response	53	3495817	26731	1
010	24	Response	53	3500297	31210	1
010	24	Response	53	3505338	36251	1
010	24	Response	53	3511177	42090	1
010	24	Response	53	3517257	48171	1
010	24	Response	53	3523657	54571	1
010	24	Response	53	3529337	60251	2
010	24	Response	53	3535177	66091	1
010	24	Sound	f16	3540587	71500	1			71500		other	0
010	24	Picture	2-114-1-2	3599405	130318	7	5166	7	130000	5000	hit	283
010	24	Response	61	3609817	140731	2
010	25	Sound	P0/none1	3644902	25000	1			25000		other	0
010	25	Sound	f21	3691402	71500	1			71500		other	0
010	25	Picture	2-121-2-2	3750220	130318	7	5166	7	130000	5000	hit	287
010	25	Response	62	3759258	139355	2
010	26	Sound	P0/none	3795717	25000	1			25000		other	0
010	26	Sound	test14	3842219	71501	1			71500		other	0
010	26	Picture	2-221-1-2	3901036	130318	7	5166	7	130000	5000	hit	291
010	26	Response	62	3908937	138219	1
010	27	Sound	P0/none	3946534	25000	1			25000		other	0
010	27	Sound	f14	3993034	71500	1			71500		other	0
010	27	Picture	3-111-1-3	4051852	130318	7	5166	7	130000	5000	hit	295
010	27	Response	61	4060457	138924	1
010	28	Sound	P0/none	4097349	24999	1			25000		other	0
010	28	Sound	test08	4143848	71499	1			71500		other	0
010	28	Picture	3-221-1-3	4202667	130318	7	5166	7	130000	5000	hit	299
010	28	Response	62	4209977	137628	1
010	29	Sound	P1/tapping1	4248165	25000	1			25000		other	0
010	29	Response	53	4248778	25613	3
010	29	Response	53	4254057	30892	1
010	29	Response	53	4259257	36092	1
010	29	Response	53	4264937	41772	1
010	29	Response	53	4270537	47372	3
010	29	Response	53	4276457	53292	1
010	29	Response	53	4281337	58172	1
010	29	Response	53	4286777	63612	1
010	29	Response	53	4292457	69292	1
010	29	Sound	n09	4294665	71500	1			71500		other	0
010	29	Picture	2-222-2-2	4353483	130318	7	5166	7	130000	5000	hit	312
010	29	Response	62	4361577	138412	2
010	30	Response	53	4398617	24636	2
010	30	Sound	P1/tapping	4398980	25000	1			25000		other	0
010	30	Response	53	4404217	30237	1
010	30	Response	53	4409257	35276	1
010	30	Response	53	4414697	40716	1
010	30	Response	53	4420377	46396	1
010	30	Response	53	4425817	51836	1
010	30	Response	53	4430376	56396	2
010	30	Response	53	4435817	61836	1
010	30	Response	53	4440297	66317	1
010	30	Sound	test13	4445481	71501	1			71500		other	0
010	30	Response	53	4445737	71756	1
010	30	Picture	2-212-1-2	4504299	130318	7	5166	7	130000	5000	incorrect	326
010	30	Response	52	4514057	140076	1
010	31	Response	51	4530537	5741	1
010	31	Response	51	4534137	9340	1
010	31	Response	51	4536138	11342	3
010	31	Sound	P1/tapping	4549795	24999	1			25000		other	0
010	31	Response	53	4551657	26861	3
010	31	Response	53	4556297	31500	1
010	31	Response	53	4562217	37420	2
010	31	Response	53	4567816	43020	1
010	31	Response	53	4573497	48701	1
010	31	Response	53	4579496	54700	1
010	31	Response	53	4585017	60220	1
010	31	Response	53	4590616	65820	1
010	31	Response	53	4595977	71181	1
010	31	Sound	f03	4596296	71500	1			71500		other	0
010	31	Picture	3-112-1-3	4655114	130318	7	5166	7	130000	5000	hit	342
010	31	Response	61	4667177	142381	2
010	32	Sound	P1/tapping	4700612	25000	1			25000		other	0
010	32	Response	53	4702456	26845	1
010	32	Response	53	4707496	31885	2
010	32	Response	53	4713257	37645	3
010	32	Response	53	4718136	42524	1
010	32	Response	53	4723657	48045	2
010	32	Response	53	4729017	53405	1
010	32	Response	53	4734137	58525	2
010	32	Response	53	4739257	63645	1
010	32	Response	53	4744377	68765	2
010	32	Sound	f12	4747111	71499	1			71500		other	0
010	32	Picture	2-122-1-2	4805930	130318	7	5166	7	130000	5000	hit	355
010	32	Response	62	4814777	139165	1
010	33	Sound	P2/beat1	4851427	25000	1			25000		other	0
010	33	Sound	n06	4897928	71501	1			71500		other	0
010	33	Picture	2-223-2-2	4956745	130318	7	5166	7	130000	5000	hit	359
010	33	Response	62	4965416	138989	3
010	34	Sound	P2/beat	5002243	25000	1			25000		other	0
010	34	Sound	test06	5048743	71500	1			71500		other	0
010	34	Picture	3-213-1-3	5107561	130318	7	5166	7	130000	5000	hit	363
010	34	Response	61	5116616	139373	1
010	35	Sound	P2/beat	5153058	25000	1			25000		other	0
010	35	Sound	n04	5199559	71500	1			71500		other	0
010	35	Picture	3-223-1-3	5258377	130318	7	5166	7	130000	5000	hit	367
010	35	Response	62	5266216	138158	1
010	36	Sound	P2/beat	5303874	24999	1			25000		other	0
010	36	Sound	n11	5350374	71500	1			71500		other	0
010	36	Picture	3-113-2-3	5409193	130318	7	5166	7	130000	5000	incorrect	371
010	36	Response	52	5421176	142302	3
010	37	Sound	P1/tapping1	5454690	25000	1			25000		other	0
010	37	Response	53	5458217	28527	3
010	37	Response	53	5462536	32846	2
010	37	Response	53	5467977	38287	2
010	37	Response	53	5473256	43566	1
010	37	Response	53	5478776	49086	2
010	37	Response	53	5484056	54366	1
010	37	Response	53	5489656	59966	1
010	37	Response	53	5494856	65166	1
010	37	Response	53	5500137	70447	4
010	37	Sound	f23	5501190	71500	1			71500		other	0
010	37	Response	53	5505256	75566	1
010	37	Picture	3-112-1-3	5560008	130318	7	5166	7	130000	5000	hit	385
010	37	Response	61	5571096	141406	1
010	38	Sound	P1/tapping	5605505	24999	1			25000		other	0
010	38	Response	53	5605976	25470	1
010	38	Response	53	5611176	30670	1
010	38	Response	53	5616136	35630	1
010	38	Response	53	5621896	41390	1
010	38	Response	53	5627496	46990	2
010	38	Response	53	5632617	52112	3
010	38	Response	53	5637896	57390	1
010	38	Response	53	5643736	63230	1
010	38	Response	53	5649176	68670	1
010	38	Sound	n10	5652006	71500	1			71500		other	0
010	38	Picture	2-112-1-2	5710824	130318	7	5166	7	130000	5000	hit	398
010	38	Response	61	5718216	137710	1
010	39	Response	53	5752536	21214	1
010	39	Sound	P1/tapping	5756322	25000	1			25000		other	0
010	39	Response	53	5759177	27855	3
010	39	Response	53	5765256	33935	1
010	39	Response	53	5771816	40494	2
010	39	Response	53	5777656	46335	1
010	39	Response	53	5783336	52014	1
010	39	Response	53	5789016	57695	1
010	39	Response	53	5794936	63614	1
010	39	Response	53	5800616	69295	1
010	39	Sound	test10	5802822	71501	1			71500		other	0
010	39	Picture	3-212-1-3	5861639	130318	7	5166	7	130000	5000	hit	411
010	39	Response	61	5870056	138734	1
010	40	Response	53	5906856	24719	1
010	40	Sound	P1/tapping	5907137	25000	1			25000		other	0
010	40	Response	53	5912376	30239	1
010	40	Response	53	5918136	35998	1
010	40	Response	53	5923976	41839	1
010	40	Response	53	5929416	47279	1
010	40	Response	53	5935096	52959	1
010	40	Response	53	5940616	58479	3
010	40	Response	53	5946136	63999	1
010	40	Response	53	5951816	69679	2
010	40	Sound	test16	5953636	71499	1			71500		other	0
010	40	Picture	2-212-1-2	6012455	130318	7	5166	7	130000	5000	hit	424
010	40	Response	61	6021976	139839	2
010	41	Sound	P0/none1	6057953	25001	1			25000		other	0
010	41	Sound	test03	6104453	71500	1			71500		other	0
010	41	Picture	2-221-1-2	6163271	130318	7	5166	7	130000	5000	hit	428
010	41	Response	62	6173256	140303	2
010	42	Sound	P0/none	6208769	25000	1			25000		other	0
010	42	Sound	f22	6255269	71501	1			71500		other	0
010	42	Picture	2-121-2-2	6314086	130318	7	5166	7	130000	5000	hit	432
010	42	Response	62	6326216	142447	1
010	43	Sound	P0/none	6359584	25000	1			25000		other	0
010	43	Sound	test04	6406084	71500	1			71500		other	0
010	43	Picture	3-221-1-3	6464902	130318	7	5166	7	130000	5000	hit	436
010	43	Response	62	6478936	144352	1
010	44	Sound	P0/none	6510399	24999	1			25000		other	0
010	44	Sound	test11	6556900	71500	1			71500		other	0
010	44	Picture	2-221-1-2	6615718	130318	7	5166	7	130000	5000	hit	440
010	44	Response	62	6624056	138656	2
010	45	Sound	P2/beat1	6661216	25000	1			25000		other	0
010	45	Sound	f04	6707716	71500	1			71500		other	0
010	45	Picture	2-113-1-2	6766533	130318	7	5166	7	130000	5000	hit	444
010	45	Response	61	6774776	138560	1
010	46	Sound	P2/beat	6812030	24999	1			25000		other	0
010	46	Sound	test05	6858531	71500	1			71500		other	0
010	46	Picture	3-213-1-3	6917349	130318	7	5166	7	130000	5000	hit	448
010	46	Response	61	6927735	140704	1
010	47	Sound	P2/beat	6962847	25000	1			25000		other	0
010	47	Sound	f20	7009346	71500	1			71500		other	0
010	47	Picture	2-123-2-2	7068165	130318	7	5166	7	130000	5000	hit	452
010	47	Response	62	7080935	143089	1
010	48	Sound	P2/beat	7113663	25001	1			25000		other	0
010	48	Sound	f24	7160163	71501	1			71500		other	0
010	48	Picture	2-113-1-2	7218980	130318	7	5166	7	130000	5000	hit	456
010	48	Response	61	7227255	138593	1
010	49	Sound	P2/both1	7264477	24999	1			25000		other	0
010	49	Response	53	7265895	26417	1
010	49	Response	53	7270536	31058	3
010	49	Response	53	7276055	36577	1
010	49	Response	53	7281895	42418	2
010	49	Response	53	7287736	48258	1
010	49	Response	53	7293095	53617	1
010	49	Response	53	7298455	58977	2
010	49	Response	53	7304216	64738	2
010	49	Response	53	7310295	70817	2
010	49	Sound	test18	7310977	71499	1			71500		other	0
010	49	Picture	2-224-1-2	7369796	130318	7	5166	7	130000	5000	hit	469
010	49	Response	62	7379336	139858	1
010	50	Sound	P2/both	7415294	25000	1			25000		other	0
010	50	Response	53	7417175	26882	1
010	50	Response	53	7421655	31361	1
010	50	Response	53	7426855	36561	1
010	50	Response	53	7432775	42482	1
010	50	Response	53	7438295	48002	2
010	50	Response	53	7443736	53442	1
010	50	Response	53	7449175	58881	1
010	50	Response	53	7453575	63281	1
010	50	Response	53	7458535	68241	1
010	50	Sound	test01	7461794	71500	1			71500		other	0
010	50	Picture	3-214-1-3	7520612	130318	7	5166	7	130000	5000	hit	482
010	50	Response	61	7528695	138401	2
010	51	Sound	P2/both	7566109	25000	1			25000		other	0
010	51	Response	53	7567815	26706	1
010	51	Response	53	7572215	31106	1
010	51	Response	53	7577335	36226	1
010	51	Response	53	7583255	42146	1
010	51	Response	53	7589495	48386	1
010	51	Response	53	7594935	53826	1
010	51	Response	53	7601255	60146	1
010	51	Response	53	7606295	65186	1
010	51	Response	53	7611975	70866	1
010	51	Sound	test17	7612610	71501	1			71500		other	0
010	51	Picture	3-214-1-3	7671427	130318	7	5166	7	130000	5000	hit	495
010	51	Response	61	7682455	141346	2
010	52	Response	53	7714855	22930	1
010	52	Response	53	7715975	24050	1
010	52	Sound	P2/both	7716924	24999	1			25000		other	0
010	52	Response	53	7721655	29730	1
010	52	Response	53	7727496	35571	2
010	52	Response	53	7733655	41730	1
010	52	Response	53	7739575	47650	1
010	52	Response	53	7745415	53490	1
010	52	Response	53	7751335	59410	1
010	52	Response	53	7757015	65091	2
010	52	Response	53	7763255	71330	1
010	52	Sound	test15	7763424	71499	1			71500		other	0
010	52	Picture	3-214-1-3	7822243	130318	7	5166	7	130000	5000	hit	509
010	52	Response	61	7833975	142050	2
010	53	Sound	P2/beat1	7867741	25000	1			25000		other	0
010	53	Sound	test02	7914240	71499	1			71500		other	0
010	53	Picture	3-223-1-3	7973059	130318	7	5166	7	130000	5000	hit	513
010	53	Response	62	7980375	137634	1
010	54	Sound	P2/beat	8018556	25000	1			25000		other	0
010	54	Sound	f08	8065057	71501	1			71500		other	0
010	54	Picture	3-113-2-3	8123874	130318	7	5166	7	130000	5000	hit	517
010	54	Response	61	8133655	140098	2
010	55	Sound	P2/beat	8169372	25000	1			25000		other	0
010	55	Sound	test23	8215871	71500	1			71500		other	0
010	55	Picture	3-213-1-3	8274690	130318	7	5166	7	130000	5000	hit	521
010	55	Response	61	8285894	141522	1
010	56	Sound	P2/beat	8320187	24999	1			25000		other	0
010	56	Sound	test25	8366688	71500	1			71500		other	0
010	56	Picture	2-223-1-2	8425506	130318	7	5166	7	130000	5000	hit	525
010	56	Response	62	8433575	138387	1
010	57	Sound	P0/none1	8471003	25000	1			25000		other	0
010	57	Sound	n01	8517502	71498	1			71500		other	0
010	57	Picture	2-211-1-2	8576321	130318	7	5166	7	130000	5000	incorrect	529
010	57	Response	52	8595494	149491	1
010	58	Sound	P0/none	8621819	25000	1			25000		other	0
010	58	Sound	n12	8668317	71498	1			71500		other	0
010	58	Picture	2-121-2-2	8727137	130318	7	5166	7	130000	5000	hit	533
010	58	Response	62	8740294	143475	3
010	59	Sound	P0/none	8772634	24999	1			25000		other	0
010	59	Sound	f17	8819133	71499	1			71500		other	0
010	59	Picture	2-121-2-2	8877953	130318	7	5166	7	130000	5000	hit	537
010	59	Response	62	8886774	139140	1
010	60	Sound	P0/none	8923450	25000	1			25000		other	0
010	60	Sound	n14	8969951	71500	1			71500		other	0
010	60	Picture	2-111-2-2	9028768	130318	7	5166	7	130000	5000	hit	541
010	60	Response	61	9038294	139844	1


Event Type	Code	Type	Response	RT	RT Uncertainty	Time	Uncertainty	Duration	Uncertainty	ReqTime	ReqDur

Sound	P1/tapping1	other				25326	1			25000
Sound	n05	other				71827	1			71500
Picture	2-122-2-2	hit	2	8774	7	130645	7	5166	7	130000	5000
Sound	P1/tapping	other				176142	1			25000
Sound	f18	other				222643	1			71500
Picture	3-122-1-3	hit	2	9078	7	281461	7	5166	7	130000	5000
Sound	P1/tapping	other				326958	1			25000
Sound	f09	other				373459	1			71500
Picture	2-122-1-2	hit	2	18023	7	432276	7	5166	7	130000	5000
Sound	P1/tapping	other				477775	1			25000
Sound	f06	other				524275	1			71500
Picture	3-122-1-3	hit	2	7367	7	583092	7	5166	7	130000	5000
Sound	P2/both1	other				628590	1			25000
Sound	f01	other				675090	1			71500
Picture	3-114-1-3	hit	1	10871	7	733908	7	5166	7	130000	5000
Sound	P2/both	other				779405	1			25000
Sound	test24	other				825905	1			71500
Picture	3-214-1-3	hit	1	8936	7	884723	7	5166	7	130000	5000
Sound	P2/both	other				930221	1			25000
Sound	test22	other				976721	1			71500
Picture	3-224-1-3	hit	2	7961	9	1035539	7	5166	7	130000	5000
Sound	P2/both	other				1081036	1			25000
Sound	test07	other				1127535	1			71500
Picture	3-214-1-3	hit	1	8985	9	1186355	7	5166	7	130000	5000
Sound	P2/beat1	other				1231853	1			25000
Sound	f02	other				1278352	1			71500
Picture	2-113-1-2	hit	1	8968	8	1337170	7	5166	7	130000	5000
Sound	P2/beat	other				1382669	1			25000
Sound	f19	other				1429168	1			71500
Picture	2-113-2-2	hit	1	10152	7	1487986	7	5166	7	130000	5000
Sound	P2/beat	other				1533484	1			25000
Sound	n07	other				1579983	1			71500
Picture	3-223-1-3	hit	2	8377	9	1638802	7	5166	7	130000	5000
Sound	P2/beat	other				1684299	1			25000
Sound	f07	other				1730800	1			71500
Picture	3-123-1-3	hit	2	11721	7	1789617	7	5166	7	130000	5000
Sound	P2/both1	other				1835115	1			25000
Sound	f05	other				1881615	1			71500
Picture	2-124-1-2	hit	2	8906	7	1940433	7	5166	7	130000	5000
Sound	P2/both	other				1985931	1			25000
Sound	test09	other				2032429	1			71500
Picture	3-224-1-3	hit	2	8570	8	2091248	7	5166	7	130000	5000
Sound	P2/both	other				2136745	1			25000
Sound	test12	other				2183246	1			71500
Picture	3-214-1-3	hit	1	11274	7	2242064	7	5166	7	130000	5000
Sound	P2/both	other				2287561	1			25000
Sound	test19	other				2334062	1			71500
Picture	2-224-1-2	hit	2	11738	8	2392880	7	5166	7	130000	5000
Sound	P1/tapping1	other				2438376	1			25000
Sound	f15	other				2484877	1			71500
Picture	2-122-2-2	hit	2	11323	8	2543695	7	5166	7	130000	5000
Sound	P1/tapping	other				2589193	1			25000
Sound	test21	other				2635692	1			71500
Picture	3-212-1-3	hit	1	11068	9	2694511	7	5166	7	130000	5000
Sound	P1/tapping	other				2740010	1			25000
Sound	f10	other				2786508	1			71500
Picture	3-112-1-3	incorrect	2	14651	7	2845327	7	5166	7	130000	5000
Sound	P1/tapping	other				2890824	1			25000
Sound	f13	other				2937324	1			71500
Picture	3-112-1-3	hit	1	8876	9	2996142	7	5166	7	130000	5000
Sound	P2/both1	other				3041639	1			25000
Sound	n03	other				3088139	1			71500
Picture	2-124-1-2	hit	2	8059	7	3146958	7	5166	7	130000	5000
Sound	P2/both	other				3192456	1			25000
Sound	n13	other				3238955	1			71500
Picture	3-214-1-3	hit	1	6924	7	3297773	7	5166	7	130000	5000
Sound	P2/both	other				3343271	1			25000
Sound	f11	other				3389771	1			71500
Picture	2-124-1-2	hit	2	11708	7	3448589	7	5166	7	130000	5000
Sound	P2/both	other				3494086	1			25000
Sound	f16	other				3540587	1			71500
Picture	2-114-1-2	hit	1	10413	8	3599405	7	5166	7	130000	5000
Sound	P0/none1	other				3644902	1			25000
Sound	f21	other				3691402	1			71500
Picture	2-121-2-2	hit	2	9037	8	3750220	7	5166	7	130000	5000
Sound	P0/none	other				3795717	1			25000
Sound	test14	other				3842219	1			71500
Picture	2-221-1-2	hit	2	7901	7	3901036	7	5166	7	130000	5000
Sound	P0/none	other				3946534	1			25000
Sound	f14	other				3993034	1			71500
Picture	3-111-1-3	hit	1	8606	7	4051852	7	5166	7	130000	5000
Sound	P0/none	other				4097349	1			25000
Sound	test08	other				4143848	1			71500
Picture	3-221-1-3	hit	2	7310	7	4202667	7	5166	7	130000	5000
Sound	P1/tapping1	other				4248165	1			25000
Sound	n09	other				4294665	1			71500
Picture	2-222-2-2	hit	2	8094	9	4353483	7	5166	7	130000	5000
Sound	P1/tapping	other				4398980	1			25000
Sound	test13	other				4445481	1			71500
Picture	2-212-1-2	incorrect	2	9758	7	4504299	7	5166	7	130000	5000
Sound	P1/tapping	other				4549795	1			25000
Sound	f03	other				4596296	1			71500
Picture	3-112-1-3	hit	1	12063	8	4655114	7	5166	7	130000	5000
Sound	P1/tapping	other				4700612	1			25000
Sound	f12	other				4747111	1			71500
Picture	2-122-1-2	hit	2	8847	7	4805930	7	5166	7	130000	5000
Sound	P2/beat1	other				4851427	1			25000
Sound	n06	other				4897928	1			71500
Picture	2-223-2-2	hit	2	8671	9	4956745	7	5166	7	130000	5000
Sound	P2/beat	other				5002243	1			25000
Sound	test06	other				5048743	1			71500
Picture	3-213-1-3	hit	1	9055	7	5107561	7	5166	7	130000	5000
Sound	P2/beat	other				5153058	1			25000
Sound	n04	other				5199559	1			71500
Picture	3-223-1-3	hit	2	7840	7	5258377	7	5166	7	130000	5000
Sound	P2/beat	other				5303874	1			25000
Sound	n11	other				5350374	1			71500
Picture	3-113-2-3	incorrect	2	11984	9	5409193	7	5166	7	130000	5000
Sound	P1/tapping1	other				5454690	1			25000
Sound	f23	other				5501190	1			71500
Picture	3-112-1-3	hit	1	11088	7	5560008	7	5166	7	130000	5000
Sound	P1/tapping	other				5605505	1			25000
Sound	n10	other				5652006	1			71500
Picture	2-112-1-2	hit	1	7392	7	5710824	7	5166	7	130000	5000
Sound	P1/tapping	other				5756322	1			25000
Sound	test10	other				5802822	1			71500
Picture	3-212-1-3	hit	1	8416	7	5861639	7	5166	7	130000	5000
Sound	P1/tapping	other				5907137	1			25000
Sound	test16	other				5953636	1			71500
Picture	2-212-1-2	hit	1	9521	8	6012455	7	5166	7	130000	5000
Sound	P0/none1	other				6057953	1			25000
Sound	test03	other				6104453	1			71500
Picture	2-221-1-2	hit	2	9985	8	6163271	7	5166	7	130000	5000
Sound	P0/none	other				6208769	1			25000
Sound	f22	other				6255269	1			71500
Picture	2-121-2-2	hit	2	12129	7	6314086	7	5166	7	130000	5000
Sound	P0/none	other				6359584	1			25000
Sound	test04	other				6406084	1			71500
Picture	3-221-1-3	hit	2	14034	7	6464902	7	5166	7	130000	5000
Sound	P0/none	other				6510399	1			25000
Sound	test11	other				6556900	1			71500
Picture	2-221-1-2	hit	2	8338	8	6615718	7	5166	7	130000	5000
Sound	P2/beat1	other				6661216	1			25000
Sound	f04	other				6707716	1			71500
Picture	2-113-1-2	hit	1	8242	7	6766533	7	5166	7	130000	5000
Sound	P2/beat	other				6812030	1			25000
Sound	test05	other				6858531	1			71500
Picture	3-213-1-3	hit	1	10386	7	6917349	7	5166	7	130000	5000
Sound	P2/beat	other				6962847	1			25000
Sound	f20	other				7009346	1			71500
Picture	2-123-2-2	hit	2	12771	7	7068165	7	5166	7	130000	5000
Sound	P2/beat	other				7113663	1			25000
Sound	f24	other				7160163	1			71500
Picture	2-113-1-2	hit	1	8275	7	7218980	7	5166	7	130000	5000
Sound	P2/both1	other				7264477	1			25000
Sound	test18	other				7310977	1			71500
Picture	2-224-1-2	hit	2	9540	7	7369796	7	5166	7	130000	5000
Sound	P2/both	other				7415294	1			25000
Sound	test01	other				7461794	1			71500
Picture	3-214-1-3	hit	1	8083	9	7520612	7	5166	7	130000	5000
Sound	P2/both	other				7566109	1			25000
Sound	test17	other				7612610	1			71500
Picture	3-214-1-3	hit	1	11028	8	7671427	7	5166	7	130000	5000
Sound	P2/both	other				7716924	1			25000
Sound	test15	other				7763424	1			71500
Picture	3-214-1-3	hit	1	11732	8	7822243	7	5166	7	130000	5000
Sound	P2/beat1	other				7867741	1			25000
Sound	test02	other				7914240	1			71500
Picture	3-223-1-3	hit	2	7316	7	7973059	7	5166	7	130000	5000
Sound	P2/beat	other				8018556	1			25000
Sound	f08	other				8065057	1			71500
Picture	3-113-2-3	hit	1	9780	8	8123874	7	5166	7	130000	5000
Sound	P2/beat	other				8169372	1			25000
Sound	test23	other				8215871	1			71500
Picture	3-213-1-3	hit	1	11204	7	8274690	7	5166	7	130000	5000
Sound	P2/beat	other				8320187	1			25000
Sound	test25	other				8366688	1			71500
Picture	2-223-1-2	hit	2	8069	7	8425506	7	5166	7	130000	5000
Sound	P0/none1	other				8471003	1			25000
Sound	n01	other				8517502	1			71500
Picture	2-211-1-2	incorrect	2	19173	7	8576321	7	5166	7	130000	5000
Sound	P0/none	other				8621819	1			25000
Sound	n12	other				8668317	1			71500
Picture	2-121-2-2	hit	2	13157	9	8727137	7	5166	7	130000	5000
Sound	P0/none	other				8772634	1			25000
Sound	f17	other				8819133	1			71500
Picture	2-121-2-2	hit	2	8821	7	8877953	7	5166	7	130000	5000
Sound	P0/none	other				8923450	1			25000
Sound	n14	other				8969951	1			71500
Picture	2-111-2-2	hit	1	9526	7	9028768	7	5166	7	130000	5000

The following output port codes were not sent because of a conflict on the port.
Port	Code	Time(ms)
1	104	188161


{
   "app": "Presentation Version 22.1 Build 01.21.21",
   "device": "Dell Inc. OptiPlex 7050",
   "experiment": "{C8E97CB4-6FCA-44FA-B866-4A2D94B6B85C}",
   "os": "Windows 10 64 bit",
   "package": "",
   "parameters": {
      "configuration": "Default configuration"
   },
   "scenario": "entrain_list1_sess3_EB.sce",
   "subject": "010",
   "timestamp": "2022/04/22 11:54:22 GMT"
}
