Scenario - test
Logfile written - 04/22/2022 13:52:04

Subject	Trial	Event Type	Code	Time	TTime	Uncertainty	Duration	Uncertainty	ReqTime	ReqDur	Stim Type	Pair Index

010	1	Sound	P2/both1	25160	25000	1			25000		other	0
010	1	Response	53	27421	27261	1
010	1	Response	53	31581	31421	1
010	1	Response	53	36381	36220	1
010	1	Response	53	42221	42061	2
010	1	Response	53	46781	46620	2
010	1	Response	53	52301	52141	1
010	1	Response	53	57822	57661	1
010	1	Response	53	63261	63100	2
010	1	Response	53	68381	68220	1
010	1	Sound	test06	71661	71500	1			71500		other	0
010	1	Response	53	73101	72940	2
010	1	Picture	3-224-1-3	130479	130318	7	5166	7	130000	5000	hit	14
010	1	Response	62	138541	138381	1
010	2	Sound	P2/both	175976	25000	1			25000		other	0
010	2	Response	53	178621	27645	1
010	2	Response	53	182781	31805	1
010	2	Response	53	186701	35725	2
010	2	Response	53	192141	41165	2
010	2	Response	53	197661	46685	1
010	2	Response	53	202941	51965	1
010	2	Response	53	208941	57965	1
010	2	Response	53	213901	62925	1
010	2	Response	53	218461	67485	1
010	2	Sound	f17	222475	71499	1			71500		other	0
010	2	Response	53	223342	72366	1
010	2	Picture	2-114-2-2	281294	130318	7	5166	7	130000	5000	hit	28
010	2	Response	61	295742	144766	1
010	3	Response	53	314781	12989	1
010	3	Response	53	323661	21870	1
010	3	Sound	P2/both	326792	25001	1			25000		other	0
010	3	Response	53	328781	26990	3
010	3	Response	53	333981	32189	1
010	3	Response	53	338381	36589	1
010	3	Response	53	343582	41790	2
010	3	Response	53	349421	47629	1
010	3	Response	53	355022	53230	3
010	3	Response	53	360622	58830	2
010	3	Response	53	365901	64109	1
010	3	Response	53	370702	68910	3
010	3	Sound	f02	373293	71501	1			71500		other	0
010	3	Picture	3-114-2-3	432110	130318	7	5166	7	130000	5000	hit	43
010	3	Response	61	440942	139150	2
010	4	Response	53	470461	17854	1
010	4	Sound	P2/both	477606	24999	1			25000		other	0
010	4	Response	53	479422	26814	1
010	4	Response	53	484061	31453	1
010	4	Response	53	488860	36253	2
010	4	Response	53	494221	41614	1
010	4	Response	53	499901	47293	1
010	4	Response	53	505101	52493	2
010	4	Response	53	510620	58013	1
010	4	Response	53	515821	63213	1
010	4	Response	53	520941	68333	1
010	4	Sound	n09	524107	71500	1			71500		other	0
010	4	Picture	2-214-2-2	582925	130318	7	5166	7	130000	5000	hit	57
010	4	Response	61	594060	141453	1
010	5	Sound	P0/none1	628423	25000	1			25000		other	0
010	5	Sound	test15	674922	71499	1			71500		other	0
010	5	Picture	2-211-1-2	733741	130318	7	5166	7	130000	5000	hit	61
010	5	Response	61	747340	143918	2
010	6	Sound	P0/none	779239	25001	1			25000		other	0
010	6	Sound	test07	825738	71500	1			71500		other	0
010	6	Picture	3-221-1-3	884556	130318	7	5166	7	130000	5000	hit	65
010	6	Response	62	895260	141022	1
010	7	Sound	P0/none	930054	25000	1			25000		other	0
010	7	Sound	f16	976554	71500	1			71500		other	0
010	7	Picture	2-121-1-2	1035372	130318	7	5166	7	130000	5000	hit	69
010	7	Response	62	1047820	142766	3
010	8	Sound	P0/none	1080870	25000	1			25000		other	0
010	8	Sound	f15	1127370	71500	1			71500		other	0
010	8	Picture	2-111-2-2	1186188	130318	7	5166	7	130000	5000	hit	73
010	8	Response	61	1196540	140671	1
010	9	Sound	P1/tapping1	1231686	25001	1			25000		other	0
010	9	Response	51	1237500	30815	2
010	9	Response	53	1241501	34815	1
010	9	Response	53	1247900	41215	1
010	9	Response	53	1253420	46735	1
010	9	Response	53	1258940	52255	1
010	9	Response	53	1265260	58575	1
010	9	Response	53	1271100	64415	1
010	9	Response	53	1276940	70255	2
010	9	Sound	test24	1278185	71500	1			71500		other	0
010	9	Picture	2-212-2-2	1337003	130318	7	5166	7	130000	5000	hit	85
010	9	Response	61	1345020	138335	1
010	10	Response	53	1374141	16640	2
010	10	Sound	P1/tapping	1382501	25000	1			25000		other	0
010	10	Response	53	1382941	25440	1
010	10	Response	53	1387980	30479	1
010	10	Response	53	1393660	36159	1
010	10	Response	53	1399260	41760	2
010	10	Response	53	1406221	48720	3
010	10	Response	53	1411660	54159	1
010	10	Response	53	1417260	59759	3
010	10	Response	53	1422460	64959	1
010	10	Sound	n01	1429000	71500	1			71500		other	0
010	10	Picture	2-222-1-2	1487819	130318	7	5166	7	130000	5000	hit	98
010	10	Response	62	1498780	141280	1
010	11	Sound	P1/tapping	1533316	25000	1			25000		other	0
010	11	Response	53	1536701	28385	1
010	11	Response	53	1542380	34064	2
010	11	Response	53	1549260	40944	1
010	11	Response	53	1555420	47104	1
010	11	Response	53	1561021	52705	2
010	11	Response	53	1567180	58864	1
010	11	Response	53	1572220	63904	1
010	11	Response	53	1577660	69344	1
010	11	Sound	test12	1579816	71500	1			71500		other	0
010	11	Picture	3-222-1-3	1638634	130318	7	5166	7	130000	5000	hit	110
010	11	Response	62	1650220	141904	1
010	12	Response	53	1683580	24448	2
010	12	Sound	P1/tapping	1684131	24999	1			25000		other	0
010	12	Response	53	1689260	30128	1
010	12	Response	53	1695180	36048	1
010	12	Response	53	1701100	41968	1
010	12	Response	53	1706862	47730	3
010	12	Response	53	1712460	53328	1
010	12	Response	53	1718300	59168	1
010	12	Response	53	1723740	64608	1
010	12	Response	53	1729020	69888	1
010	12	Sound	test03	1730633	71501	1			71500		other	0
010	12	Picture	3-222-1-3	1789450	130318	7	5166	7	130000	5000	hit	123
010	12	Response	62	1802060	142928	1
010	13	Sound	P2/beat1	1834947	25000	1			25000		other	0
010	13	Sound	test04	1881447	71500	1			71500		other	0
010	13	Picture	3-213-1-3	1940265	130318	7	5166	7	130000	5000	hit	127
010	13	Response	61	1949020	139072	2
010	14	Sound	P2/beat	1985762	24999	1			25000		other	0
010	14	Sound	f12	2032263	71500	1			71500		other	0
010	14	Picture	3-123-1-3	2091081	130318	7	5166	7	130000	5000	hit	131
010	14	Response	62	2102860	142097	1
010	15	Sound	P2/beat	2136578	24999	1			25000		other	0
010	15	Sound	test21	2183079	71501	1			71500		other	0
010	15	Picture	2-213-2-2	2241897	130318	7	5166	7	130000	5000	hit	135
010	15	Response	61	2254379	142801	2
010	16	Sound	P2/beat	2287394	25000	1			25000		other	0
010	16	Sound	test14	2333895	71500	1			71500		other	0
010	16	Picture	2-213-1-2	2392712	130318	7	5166	7	130000	5000	miss	0
010	17	Response	52	2414460	1250	1
010	17	Sound	P0/none1	2438210	25000	1			25000		other	0
010	17	Sound	f08	2484709	71499	1			71500		other	0
010	17	Picture	2-121-1-2	2543528	130318	7	5166	7	130000	5000	hit	143
010	17	Response	62	2551419	138210	1
010	18	Sound	P0/none	2589025	25000	1			25000		other	0
010	18	Sound	f05	2635526	71500	1			71500		other	0
010	18	Picture	3-121-1-3	2694343	130318	7	5166	7	130000	5000	hit	147
010	18	Response	62	2707500	143474	1
010	19	Sound	P0/none	2739841	25000	1			25000		other	0
010	19	Sound	n05	2786341	71500	1			71500		other	0
010	19	Picture	2-111-2-2	2845159	130318	7	5166	7	130000	5000	hit	151
010	19	Response	61	2855260	140419	2
010	20	Sound	P0/none	2890656	25000	1			25000		other	0
010	20	Sound	f13	2937157	71500	1			71500		other	0
010	20	Picture	2-111-1-2	2995974	130318	7	5166	7	130000	5000	hit	155
010	20	Response	61	3006940	141283	1
010	21	Sound	P2/beat1	3041472	25000	1			25000		other	0
010	21	Sound	f06	3087973	71501	1			71500		other	0
010	21	Picture	3-113-1-3	3146790	130318	7	5166	7	130000	5000	hit	159
010	21	Response	61	3159099	142627	1
010	22	Sound	P2/beat	3192287	25000	1			25000		other	0
010	22	Sound	n03	3238787	71500	1			71500		other	0
010	22	Picture	3-113-1-3	3297606	130318	7	5166	7	130000	5000	hit	163
010	22	Response	61	3311899	144611	2
010	23	Sound	P2/beat	3343102	24999	1			25000		other	0
010	23	Sound	f22	3389603	71500	1			71500		other	0
010	23	Picture	2-113-2-2	3448421	130318	7	5166	7	130000	5000	hit	167
010	23	Response	61	3456860	138757	1
010	24	Sound	P2/beat	3493919	25000	1			25000		other	0
010	24	Sound	test11	3540419	71500	1			71500		other	0
010	24	Picture	3-213-1-3	3599237	130318	7	5166	7	130000	5000	hit	171
010	24	Response	61	3607739	138820	1
010	25	Sound	P2/both1	3644734	25000	1			25000		other	0
010	25	Response	53	3647500	27765	1
010	25	Response	53	3651579	31844	1
010	25	Response	53	3656379	36644	2
010	25	Response	53	3661499	41765	1
010	25	Response	53	3667259	47525	1
010	25	Response	53	3673099	53365	2
010	25	Response	53	3678779	59044	1
010	25	Response	53	3684859	65125	2
010	25	Response	53	3690859	71124	2
010	25	Sound	test05	3691234	71500	1			71500		other	0
010	25	Picture	3-224-1-3	3750052	130318	7	5166	7	130000	5000	hit	184
010	25	Response	62	3759980	140246	3
010	26	Sound	P2/both	3795550	25000	1			25000		other	0
010	26	Response	53	3797741	27191	3
010	26	Response	53	3805659	35109	2
010	26	Response	53	3809979	39429	1
010	26	Response	53	3815899	45349	1
010	26	Response	53	3822459	51909	1
010	26	Response	53	3828219	57669	1
010	26	Response	53	3834459	63909	2
010	26	Response	53	3840299	69749	1
010	26	Sound	n12	3842051	71501	1			71500		other	0
010	26	Picture	2-114-2-2	3900868	130318	7	5166	7	130000	5000	incorrect	196
010	26	Response	52	3914699	144149	1
010	27	Response	51	3928379	7014	2
010	27	Sound	P2/both	3946366	25000	1			25000		other	0
010	27	Response	53	3948060	26694	2
010	27	Response	53	3953180	31814	1
010	27	Response	53	3958139	36774	2
010	27	Response	53	3963579	42213	1
010	27	Response	53	3968939	47573	1
010	27	Response	53	3974779	53414	1
010	27	Response	53	3980618	59253	3
010	27	Response	53	3986779	65413	1
010	27	Response	53	3991899	70533	1
010	27	Sound	n10	3992866	71500	1			71500		other	0
010	27	Picture	2-124-1-2	4051684	130318	7	5166	7	130000	5000	hit	210
010	27	Response	62	4067018	145652	3
010	28	Sound	P2/both	4097181	25000	1			25000		other	0
010	28	Response	53	4099339	27158	1
010	28	Response	53	4103738	31557	1
010	28	Response	53	4108220	36039	2
010	28	Response	53	4113818	41637	1
010	28	Response	53	4119818	47637	2
010	28	Response	53	4126058	53877	1
010	28	Response	53	4131659	59477	3
010	28	Response	53	4138299	66118	2
010	28	Response	53	4143019	70838	1
010	28	Sound	test25	4143680	71499	1			71500		other	0
010	28	Picture	2-214-1-2	4202499	130318	7	5166	7	130000	5000	hit	223
010	28	Response	61	4217339	145158	2
010	29	Sound	P0/none1	4247996	25000	1			25000		other	0
010	29	Sound	f18	4294496	71500	1			71500		other	0
010	29	Picture	2-121-2-2	4353315	130318	7	5166	7	130000	5000	hit	227
010	29	Response	62	4363419	140422	1
010	30	Sound	P0/none	4398813	25001	1			25000		other	0
010	30	Sound	test10	4445312	71500	1			71500		other	0
010	30	Picture	3-221-1-3	4504130	130318	7	5166	7	130000	5000	hit	231
010	30	Response	62	4512379	138567	1
010	31	Sound	P0/none	4549628	25000	1			25000		other	0
010	31	Sound	test19	4596127	71499	1			71500		other	0
010	31	Picture	3-221-1-3	4654946	130318	7	5166	7	130000	5000	hit	235
010	31	Response	62	4667498	142871	1
010	32	Sound	P0/none	4700443	25000	1			25000		other	0
010	32	Sound	test18	4746943	71500	1			71500		other	0
010	32	Picture	2-211-1-2	4805762	130318	7	5166	7	130000	5000	hit	239
010	32	Response	61	4814938	139495	1
010	33	Response	53	4848858	22599	1
010	33	Sound	P1/tapping1	4851259	25000	1			25000		other	0
010	33	Response	53	4855178	28919	2
010	33	Response	53	4860458	34199	2
010	33	Response	53	4865338	39079	2
010	33	Response	53	4871018	44759	1
010	33	Response	53	4876618	50359	3
010	33	Response	53	4881578	55319	2
010	33	Response	53	4886138	59879	2
010	33	Response	53	4892058	65799	2
010	33	Response	53	4897738	71479	1
010	33	Sound	f11	4897759	71500	1			71500		other	0
010	33	Picture	3-122-1-3	4956577	130318	7	5166	7	130000	5000	hit	253
010	33	Response	62	4964938	138679	1
010	34	Sound	P1/tapping	5002075	25000	1			25000		other	0
010	34	Response	53	5018218	41144	2
010	34	Response	53	5023578	46503	1
010	34	Response	53	5029099	52024	3
010	34	Response	53	5034538	57463	1
010	34	Response	53	5040538	63463	1
010	34	Response	53	5045898	68824	2
010	34	Sound	n07	5048574	71499	1			71500		other	0
010	34	Picture	3-212-1-3	5107393	130318	7	5166	7	130000	5000	hit	263
010	34	Response	61	5117258	140183	2
010	35	Sound	P1/tapping	5152890	25000	1			25000		other	0
010	35	Response	53	5160458	32567	1
010	35	Response	53	5165658	37767	1
010	35	Response	53	5171338	43448	1
010	35	Response	53	5177978	50088	1
010	35	Response	53	5183178	55287	1
010	35	Response	53	5188618	60728	1
010	35	Response	53	5194058	66168	2
010	35	Response	53	5199178	71287	1
010	35	Sound	test09	5199390	71500	1			71500		other	0
010	35	Picture	3-212-1-3	5258208	130318	7	5166	7	130000	5000	hit	275
010	35	Response	61	5267179	139289	3
010	36	Response	53	5299818	21112	1
010	36	Sound	P1/tapping	5303706	25000	1			25000		other	0
010	36	Response	53	5307978	29272	1
010	36	Response	53	5312378	33672	1
010	36	Response	53	5316939	38233	1
010	36	Response	53	5322618	43912	2
010	36	Response	53	5329658	50952	1
010	36	Response	53	5334778	56072	1
010	36	Response	53	5339898	61192	1
010	36	Response	53	5345258	66552	1
010	36	Sound	test22	5350205	71499	1			71500		other	0
010	36	Picture	2-222-2-2	5409024	130318	7	5166	7	130000	5000	hit	288
010	36	Response	62	5417258	138552	1
010	37	Sound	P2/beat1	5454521	24999	1			25000		other	0
010	37	Sound	f14	5501022	71501	1			71500		other	0
010	37	Picture	2-113-2-2	5559840	130318	7	5166	7	130000	5000	hit	292
010	37	Response	61	5567658	138136	2
010	38	Sound	P2/beat	5605336	24999	1			25000		other	0
010	38	Sound	test17	5651838	71500	1			71500		other	0
010	38	Picture	3-223-1-3	5710655	130318	7	5166	7	130000	5000	hit	296
010	38	Response	62	5718858	138520	1
010	39	Sound	P2/beat	5756152	24999	1			25000		other	0
010	39	Sound	n14	5802653	71500	1			71500		other	0
010	39	Picture	2-123-2-2	5861471	130318	7	5166	7	130000	5000	hit	300
010	39	Response	62	5869337	138184	2
010	40	Sound	P2/beat	5906968	24999	1			25000		other	0
010	40	Sound	f01	5953467	71498	1			71500		other	0
010	40	Picture	3-123-1-3	6012286	130318	7	5166	7	130000	5000	hit	304
010	40	Response	62	6032538	150569	1
010	41	Sound	P2/both1	6057785	25001	1			25000		other	0
010	41	Response	53	6059978	27194	3
010	41	Response	53	6064299	31515	3
010	41	Response	53	6068937	36153	1
010	41	Response	53	6075338	42554	3
010	41	Response	53	6081018	48233	1
010	41	Response	53	6086778	53993	1
010	41	Response	53	6092538	59753	1
010	41	Response	53	6097818	65034	1
010	41	Response	53	6102858	70074	3
010	41	Sound	n06	6104285	71501	1			71500		other	0
010	41	Picture	2-214-2-2	6163102	130318	7	5166	7	130000	5000	hit	317
010	41	Response	61	6168939	136155	2
010	42	Sound	P2/both	6208599	24999	1			25000		other	0
010	42	Response	53	6210617	27017	1
010	42	Response	53	6215017	31418	3
010	42	Response	53	6219737	36138	1
010	42	Response	53	6225497	41897	1
010	42	Response	53	6231177	47577	2
010	42	Response	53	6237257	53657	1
010	42	Response	53	6242857	59258	2
010	42	Response	53	6248777	65178	2
010	42	Response	53	6254377	70777	1
010	42	Sound	f23	6255100	71500	1			71500		other	0
010	42	Picture	3-124-1-3	6313918	130318	7	5166	7	130000	5000	hit	330
010	42	Response	62	6325577	141977	1
010	43	Sound	P2/both	6359415	25000	1			25000		other	0
010	43	Response	53	6360937	26522	1
010	43	Response	53	6365578	31162	3
010	43	Response	53	6370777	36362	2
010	43	Response	53	6376458	42043	3
010	43	Response	53	6382377	47962	1
010	43	Response	53	6387497	53082	3
010	43	Response	53	6393098	58683	3
010	43	Response	53	6399257	64842	1
010	43	Response	53	6404538	70122	2
010	43	Sound	test02	6405915	71500	1			71500		other	0
010	43	Picture	3-214-1-3	6464733	130318	7	5166	7	130000	5000	hit	343
010	43	Response	61	6471097	136682	1
010	44	Sound	P2/both	6510231	25000	1			25000		other	0
010	44	Response	53	6513977	28746	1
010	44	Response	53	6518137	32906	1
010	44	Response	53	6522297	37066	1
010	44	Response	53	6527257	42026	3
010	44	Response	53	6532777	47546	1
010	44	Response	53	6538217	52986	1
010	44	Response	53	6543977	58746	1
010	44	Response	53	6550058	64827	3
010	44	Response	53	6554697	69466	2
010	44	Sound	test08	6556730	71499	1			71500		other	0
010	44	Picture	3-214-1-3	6615549	130318	7	5166	7	130000	5000	hit	356
010	44	Response	61	6622617	137386	1
010	45	Sound	P0/none1	6661047	25000	1			25000		other	0
010	45	Sound	f10	6707546	71499	1			71500		other	0
010	45	Picture	3-121-1-3	6766365	130318	7	5166	7	130000	5000	hit	360
010	45	Response	62	6775017	138970	1
010	46	Sound	P0/none	6811862	24999	1			25000		other	0
010	46	Sound	f04	6858362	71499	1			71500		other	0
010	46	Picture	3-121-1-3	6917180	130318	7	5166	7	130000	5000	hit	364
010	46	Response	62	6928138	141276	3
010	47	Sound	P0/none	6962677	24999	1			25000		other	0
010	47	Sound	n11	7009178	71500	1			71500		other	0
010	47	Picture	3-121-2-3	7067996	130318	7	5166	7	130000	5000	incorrect	368
010	47	Response	51	7083097	145419	1
010	48	Sound	P0/none	7113493	24999	1			25000		other	0
010	48	Sound	test16	7159992	71499	1			71500		other	0
010	48	Picture	2-221-1-2	7218812	130318	7	5166	7	130000	5000	hit	372
010	48	Response	62	7239097	150603	1
010	49	Sound	P2/beat1	7264308	24999	1			25000		other	0
010	49	Sound	test13	7310810	71500	1			71500		other	0
010	49	Picture	2-223-1-2	7369627	130318	7	5166	7	130000	5000	hit	376
010	49	Response	62	7383577	144267	2
010	50	Sound	P2/beat	7415125	25000	1			25000		other	0
010	50	Sound	f21	7461625	71500	1			71500		other	0
010	50	Picture	2-113-2-2	7520443	130318	7	5166	7	130000	5000	hit	380
010	50	Response	61	7528457	138332	3
010	51	Sound	P2/beat	7565939	24999	1			25000		other	0
010	51	Sound	n13	7612440	71500	1			71500		other	0
010	51	Picture	2-213-1-2	7671259	130318	7	5166	7	130000	5000	hit	384
010	51	Response	61	7678297	137356	1
010	52	Sound	P2/beat	7716756	25000	1			25000		other	0
010	52	Sound	f09	7763257	71500	1			71500		other	0
010	52	Picture	3-123-1-3	7822074	130318	7	5166	7	130000	5000	hit	388
010	52	Response	62	7832377	140621	1
010	53	Sound	P2/both1	7867572	25000	1			25000		other	0
010	53	Response	53	7869816	27245	1
010	53	Response	53	7874136	31565	1
010	53	Response	53	7879417	36845	1
010	53	Response	53	7884937	42365	2
010	53	Response	53	7890856	48285	1
010	53	Response	53	7896616	54044	1
010	53	Response	53	7902937	60365	2
010	53	Response	53	7908937	66365	1
010	53	Sound	f07	7914072	71501	1			71500		other	0
010	53	Response	53	7915018	72446	3
010	53	Picture	3-114-1-3	7972890	130318	7	5166	7	130000	5000	incorrect	401
010	53	Response	52	7988376	145804	1
010	54	Response	53	8017177	23789	1
010	54	Sound	P2/both	8018386	24999	1			25000		other	0
010	54	Response	53	8023576	30189	1
010	54	Response	53	8029576	36189	1
010	54	Response	53	8035339	41951	3
010	54	Response	53	8041736	48349	1
010	54	Response	53	8047416	54029	1
010	54	Response	53	8053738	60351	3
010	54	Response	53	8059416	66029	1
010	54	Sound	test23	8064887	71500	1			71500		other	0
010	54	Response	53	8065577	72189	1
010	54	Picture	2-214-2-2	8123706	130318	7	5166	7	130000	5000	hit	414
010	54	Response	61	8133176	139789	1
010	55	Sound	P2/both	8169203	25000	1			25000		other	0
010	55	Response	53	8169816	25613	1
010	55	Response	53	8174856	30653	2
010	55	Response	53	8180457	36254	2
010	55	Response	53	8186378	42175	3
010	55	Response	53	8192857	48654	3
010	55	Response	53	8198936	54733	1
010	55	Response	53	8204696	60493	1
010	55	Response	53	8209976	65773	2
010	55	Response	53	8214936	70733	1
010	55	Sound	f03	8215703	71500	1			71500		other	0
010	55	Picture	3-124-1-3	8274521	130318	7	5166	7	130000	5000	hit	427
010	55	Response	62	8287656	143453	1
010	56	Sound	P2/both	8320019	25000	1			25000		other	0
010	56	Response	53	8324056	29037	1
010	56	Response	53	8328857	33838	1
010	56	Response	53	8332776	37757	1
010	56	Response	53	8337417	42398	3
010	56	Response	53	8342936	47918	1
010	56	Response	53	8348456	53437	1
010	56	Response	53	8353896	58877	2
010	56	Response	53	8359737	64718	2
010	56	Response	53	8365576	70558	1
010	56	Sound	f20	8366520	71501	1			71500		other	0
010	56	Picture	2-114-2-2	8425337	130318	7	5166	7	130000	5000	hit	440
010	56	Response	61	8435096	140077	1
010	57	Response	53	8467336	21502	1
010	57	Sound	P1/tapping1	8470834	25000	1			25000		other	0
010	57	Response	53	8473496	27662	1
010	57	Response	53	8478056	32222	1
010	57	Response	53	8484056	38222	2
010	57	Response	53	8489576	43742	2
010	57	Response	53	8495976	50142	1
010	57	Response	53	8501577	55742	1
010	57	Response	53	8507336	61502	1
010	57	Response	53	8512296	66462	1
010	57	Sound	test01	8517334	71499	1			71500		other	0
010	57	Picture	3-222-1-3	8576152	130318	7	5166	7	130000	5000	hit	453
010	57	Response	62	8591896	146062	1
010	58	Response	53	8619976	23326	1
010	58	Sound	P1/tapping	8621649	24999	1			25000		other	0
010	58	Response	53	8626216	29566	3
010	58	Response	53	8631816	35166	1
010	58	Response	53	8637496	40846	1
010	58	Response	53	8643416	46766	1
010	58	Response	53	8649976	53326	1
010	58	Response	53	8655416	58766	1
010	58	Response	53	8661576	64926	1
010	58	Response	53	8667496	70846	2
010	58	Sound	n04	8668149	71500	1			71500		other	0
010	58	Picture	3-212-1-3	8726968	130318	7	5166	7	130000	5000	hit	466
010	58	Response	61	8739256	142606	1
010	59	Sound	P1/tapping	8772466	25000	1			25000		other	0
010	59	Response	53	8773976	26511	2
010	59	Response	53	8779096	31630	1
010	59	Response	53	8784856	37391	2
010	59	Response	53	8790696	43230	1
010	59	Response	53	8796216	48750	2
010	59	Response	53	8801496	54030	1
010	59	Response	53	8807096	59630	1
010	59	Response	53	8812616	65150	1
010	59	Sound	f19	8818965	71499	1			71500		other	0
010	59	Picture	2-122-2-2	8877784	130318	7	5166	7	130000	5000	hit	478
010	59	Response	62	8889416	141950	3
010	60	Response	53	8919657	21375	3
010	60	Sound	P1/tapping	8923281	24999	1			25000		other	0
010	60	Response	53	8926136	27855	1
010	60	Response	53	8931416	33134	1
010	60	Response	53	8937257	38976	2
010	60	Response	53	8942616	44334	1
010	60	Response	53	8948296	50015	1
010	60	Response	53	8953656	55374	1
010	60	Response	53	8958776	60495	1
010	60	Response	53	8964137	65856	3
010	60	Sound	f24	8969781	71500	1			71500		other	0
010	60	Picture	2-122-1-2	9028599	130318	7	5166	7	130000	5000	hit	491
010	60	Response	62	9037656	139375	1


Event Type	Code	Type	Response	RT	RT Uncertainty	Time	Uncertainty	Duration	Uncertainty	ReqTime	ReqDur

Sound	P2/both1	other				25160	1			25000
Sound	test06	other				71661	1			71500
Picture	3-224-1-3	hit	2	8063	7	130479	7	5166	7	130000	5000
Sound	P2/both	other				175976	1			25000
Sound	f17	other				222475	1			71500
Picture	2-114-2-2	hit	1	14447	7	281294	7	5166	7	130000	5000
Sound	P2/both	other				326792	1			25000
Sound	f02	other				373293	1			71500
Picture	3-114-2-3	hit	1	8832	8	432110	7	5166	7	130000	5000
Sound	P2/both	other				477606	1			25000
Sound	n09	other				524107	1			71500
Picture	2-214-2-2	hit	1	11135	7	582925	7	5166	7	130000	5000
Sound	P0/none1	other				628423	1			25000
Sound	test15	other				674922	1			71500
Picture	2-211-1-2	hit	1	13599	8	733741	7	5166	7	130000	5000
Sound	P0/none	other				779239	1			25000
Sound	test07	other				825738	1			71500
Picture	3-221-1-3	hit	2	10704	7	884556	7	5166	7	130000	5000
Sound	P0/none	other				930054	1			25000
Sound	f16	other				976554	1			71500
Picture	2-121-1-2	hit	2	12448	9	1035372	7	5166	7	130000	5000
Sound	P0/none	other				1080870	1			25000
Sound	f15	other				1127370	1			71500
Picture	2-111-2-2	hit	1	10353	7	1186188	7	5166	7	130000	5000
Sound	P1/tapping1	other				1231686	1			25000
Sound	test24	other				1278185	1			71500
Picture	2-212-2-2	hit	1	8017	7	1337003	7	5166	7	130000	5000
Sound	P1/tapping	other				1382501	1			25000
Sound	n01	other				1429000	1			71500
Picture	2-222-1-2	hit	2	10962	7	1487819	7	5166	7	130000	5000
Sound	P1/tapping	other				1533316	1			25000
Sound	test12	other				1579816	1			71500
Picture	3-222-1-3	hit	2	11586	7	1638634	7	5166	7	130000	5000
Sound	P1/tapping	other				1684131	1			25000
Sound	test03	other				1730633	1			71500
Picture	3-222-1-3	hit	2	12610	7	1789450	7	5166	7	130000	5000
Sound	P2/beat1	other				1834947	1			25000
Sound	test04	other				1881447	1			71500
Picture	3-213-1-3	hit	1	8754	8	1940265	7	5166	7	130000	5000
Sound	P2/beat	other				1985762	1			25000
Sound	f12	other				2032263	1			71500
Picture	3-123-1-3	hit	2	11779	7	2091081	7	5166	7	130000	5000
Sound	P2/beat	other				2136578	1			25000
Sound	test21	other				2183079	1			71500
Picture	2-213-2-2	hit	1	12483	8	2241897	7	5166	7	130000	5000
Sound	P2/beat	other				2287394	1			25000
Sound	test14	other				2333895	1			71500
Picture	2-213-1-2	miss				2392712	7	5166	7	130000	5000
Sound	P0/none1	other				2438210	1			25000
Sound	f08	other				2484709	1			71500
Picture	2-121-1-2	hit	2	7892	8	2543528	7	5166	7	130000	5000
Sound	P0/none	other				2589025	1			25000
Sound	f05	other				2635526	1			71500
Picture	3-121-1-3	hit	2	13156	7	2694343	7	5166	7	130000	5000
Sound	P0/none	other				2739841	1			25000
Sound	n05	other				2786341	1			71500
Picture	2-111-2-2	hit	1	10101	8	2845159	7	5166	7	130000	5000
Sound	P0/none	other				2890656	1			25000
Sound	f13	other				2937157	1			71500
Picture	2-111-1-2	hit	1	10965	7	2995974	7	5166	7	130000	5000
Sound	P2/beat1	other				3041472	1			25000
Sound	f06	other				3087973	1			71500
Picture	3-113-1-3	hit	1	12309	7	3146790	7	5166	7	130000	5000
Sound	P2/beat	other				3192287	1			25000
Sound	n03	other				3238787	1			71500
Picture	3-113-1-3	hit	1	14293	8	3297606	7	5166	7	130000	5000
Sound	P2/beat	other				3343102	1			25000
Sound	f22	other				3389603	1			71500
Picture	2-113-2-2	hit	1	8439	7	3448421	7	5166	7	130000	5000
Sound	P2/beat	other				3493919	1			25000
Sound	test11	other				3540419	1			71500
Picture	3-213-1-3	hit	1	8503	8	3599237	7	5166	7	130000	5000
Sound	P2/both1	other				3644734	1			25000
Sound	test05	other				3691234	1			71500
Picture	3-224-1-3	hit	2	9928	9	3750052	7	5166	7	130000	5000
Sound	P2/both	other				3795550	1			25000
Sound	n12	other				3842051	1			71500
Picture	2-114-2-2	incorrect	2	13831	7	3900868	7	5166	7	130000	5000
Sound	P2/both	other				3946366	1			25000
Sound	n10	other				3992866	1			71500
Picture	2-124-1-2	hit	2	15334	9	4051684	7	5166	7	130000	5000
Sound	P2/both	other				4097181	1			25000
Sound	test25	other				4143680	1			71500
Picture	2-214-1-2	hit	1	14840	8	4202499	7	5166	7	130000	5000
Sound	P0/none1	other				4247996	1			25000
Sound	f18	other				4294496	1			71500
Picture	2-121-2-2	hit	2	10104	7	4353315	7	5166	7	130000	5000
Sound	P0/none	other				4398813	1			25000
Sound	test10	other				4445312	1			71500
Picture	3-221-1-3	hit	2	8248	7	4504130	7	5166	7	130000	5000
Sound	P0/none	other				4549628	1			25000
Sound	test19	other				4596127	1			71500
Picture	3-221-1-3	hit	2	12552	7	4654946	7	5166	7	130000	5000
Sound	P0/none	other				4700443	1			25000
Sound	test18	other				4746943	1			71500
Picture	2-211-1-2	hit	1	9177	7	4805762	7	5166	7	130000	5000
Sound	P1/tapping1	other				4851259	1			25000
Sound	f11	other				4897759	1			71500
Picture	3-122-1-3	hit	2	8361	7	4956577	7	5166	7	130000	5000
Sound	P1/tapping	other				5002075	1			25000
Sound	n07	other				5048574	1			71500
Picture	3-212-1-3	hit	1	9865	8	5107393	7	5166	7	130000	5000
Sound	P1/tapping	other				5152890	1			25000
Sound	test09	other				5199390	1			71500
Picture	3-212-1-3	hit	1	8971	9	5258208	7	5166	7	130000	5000
Sound	P1/tapping	other				5303706	1			25000
Sound	test22	other				5350205	1			71500
Picture	2-222-2-2	hit	2	8234	7	5409024	7	5166	7	130000	5000
Sound	P2/beat1	other				5454521	1			25000
Sound	f14	other				5501022	1			71500
Picture	2-113-2-2	hit	1	7818	8	5559840	7	5166	7	130000	5000
Sound	P2/beat	other				5605336	1			25000
Sound	test17	other				5651838	1			71500
Picture	3-223-1-3	hit	2	8202	7	5710655	7	5166	7	130000	5000
Sound	P2/beat	other				5756152	1			25000
Sound	n14	other				5802653	1			71500
Picture	2-123-2-2	hit	2	7866	8	5861471	7	5166	7	130000	5000
Sound	P2/beat	other				5906968	1			25000
Sound	f01	other				5953467	1			71500
Picture	3-123-1-3	hit	2	20251	7	6012286	7	5166	7	130000	5000
Sound	P2/both1	other				6057785	1			25000
Sound	n06	other				6104285	1			71500
Picture	2-214-2-2	hit	1	5837	8	6163102	7	5166	7	130000	5000
Sound	P2/both	other				6208599	1			25000
Sound	f23	other				6255100	1			71500
Picture	3-124-1-3	hit	2	11659	7	6313918	7	5166	7	130000	5000
Sound	P2/both	other				6359415	1			25000
Sound	test02	other				6405915	1			71500
Picture	3-214-1-3	hit	1	6364	7	6464733	7	5166	7	130000	5000
Sound	P2/both	other				6510231	1			25000
Sound	test08	other				6556730	1			71500
Picture	3-214-1-3	hit	1	7068	7	6615549	7	5166	7	130000	5000
Sound	P0/none1	other				6661047	1			25000
Sound	f10	other				6707546	1			71500
Picture	3-121-1-3	hit	2	8652	7	6766365	7	5166	7	130000	5000
Sound	P0/none	other				6811862	1			25000
Sound	f04	other				6858362	1			71500
Picture	3-121-1-3	hit	2	10958	9	6917180	7	5166	7	130000	5000
Sound	P0/none	other				6962677	1			25000
Sound	n11	other				7009178	1			71500
Picture	3-121-2-3	incorrect	1	15101	7	7067996	7	5166	7	130000	5000
Sound	P0/none	other				7113493	1			25000
Sound	test16	other				7159992	1			71500
Picture	2-221-1-2	hit	2	20285	7	7218812	7	5166	7	130000	5000
Sound	P2/beat1	other				7264308	1			25000
Sound	test13	other				7310810	1			71500
Picture	2-223-1-2	hit	2	13949	8	7369627	7	5166	7	130000	5000
Sound	P2/beat	other				7415125	1			25000
Sound	f21	other				7461625	1			71500
Picture	2-113-2-2	hit	1	8014	9	7520443	7	5166	7	130000	5000
Sound	P2/beat	other				7565939	1			25000
Sound	n13	other				7612440	1			71500
Picture	2-213-1-2	hit	1	7038	7	7671259	7	5166	7	130000	5000
Sound	P2/beat	other				7716756	1			25000
Sound	f09	other				7763257	1			71500
Picture	3-123-1-3	hit	2	10303	7	7822074	7	5166	7	130000	5000
Sound	P2/both1	other				7867572	1			25000
Sound	f07	other				7914072	1			71500
Picture	3-114-1-3	incorrect	2	15487	7	7972890	7	5166	7	130000	5000
Sound	P2/both	other				8018386	1			25000
Sound	test23	other				8064887	1			71500
Picture	2-214-2-2	hit	1	9471	7	8123706	7	5166	7	130000	5000
Sound	P2/both	other				8169203	1			25000
Sound	f03	other				8215703	1			71500
Picture	3-124-1-3	hit	2	13135	7	8274521	7	5166	7	130000	5000
Sound	P2/both	other				8320019	1			25000
Sound	f20	other				8366520	1			71500
Picture	2-114-2-2	hit	1	9759	7	8425337	7	5166	7	130000	5000
Sound	P1/tapping1	other				8470834	1			25000
Sound	test01	other				8517334	1			71500
Picture	3-222-1-3	hit	2	15743	7	8576152	7	5166	7	130000	5000
Sound	P1/tapping	other				8621649	1			25000
Sound	n04	other				8668149	1			71500
Picture	3-212-1-3	hit	1	12288	7	8726968	7	5166	7	130000	5000
Sound	P1/tapping	other				8772466	1			25000
Sound	f19	other				8818965	1			71500
Picture	2-122-2-2	hit	2	11632	9	8877784	7	5166	7	130000	5000
Sound	P1/tapping	other				8923281	1			25000
Sound	f24	other				8969781	1			71500
Picture	2-122-1-2	hit	2	9057	7	9028599	7	5166	7	130000	5000

The following output port codes were not sent because of a conflict on the port.
Port	Code	Time(ms)
1	102	489776


{
   "app": "Presentation Version 22.1 Build 01.21.21",
   "device": "Dell Inc. OptiPlex 7050",
   "experiment": "{C8E97CB4-6FCA-44FA-B866-4A2D94B6B85C}",
   "os": "Windows 10 64 bit",
   "package": "",
   "parameters": {
      "configuration": "Default configuration"
   },
   "scenario": "entrain_list1_sess4_EB.sce",
   "subject": "010",
   "timestamp": "2022/04/22 11:36:56 GMT"
}
