Scenario - test
Logfile written - 11/04/2022 11:10:23

Subject	Trial	Event Type	Code	Time	TTime	Uncertainty	Duration	Uncertainty	ReqTime	ReqDur	Stim Type	Pair Index

017	1	Sound	P2/both1	25160	25000	1			25000		other	0
017	1	Response	53	28478	28318	1
017	1	Response	53	35758	35598	2
017	1	Response	53	41998	41838	1
017	1	Response	53	48478	48318	2
017	1	Response	53	54798	54638	2
017	1	Response	53	60638	60478	1
017	1	Response	53	66238	66077	1
017	1	Sound	test06	71660	71500	1			71500		other	0
017	1	Response	53	72398	72238	1
017	1	Picture	3-224-1-3	130478	130317	7	5166	7	130000	5000	incorrect	12
017	1	Response	51	147999	147838	2
017	2	Sound	P2/both	175975	25000	1			25000		other	0
017	2	Response	53	177838	26863	2
017	2	Response	53	182718	31743	1
017	2	Response	53	187198	36223	2
017	2	Response	53	193118	42143	2
017	2	Response	53	199038	48062	1
017	2	Response	53	205278	54303	1
017	2	Response	53	210318	59343	2
017	2	Response	53	216718	65743	1
017	2	Sound	f17	222475	71500	1			71500		other	0
017	2	Picture	2-114-2-2	281293	130318	7	5166	7	130000	5000	hit	24
017	2	Response	61	289758	138783	1
017	3	Response	53	322958	21168	1
017	3	Sound	P2/both	326790	25000	1			25000		other	0
017	3	Response	53	331998	30208	1
017	3	Response	53	337998	36208	2
017	3	Response	53	343758	41968	1
017	3	Response	53	349758	47968	1
017	3	Response	53	355918	54128	1
017	3	Response	53	361677	59887	1
017	3	Response	53	367918	66127	1
017	3	Sound	f02	373290	71500	1			71500		other	0
017	3	Picture	3-114-2-3	432108	130317	7	5166	7	130000	5000	hit	36
017	3	Response	61	446398	144607	2
017	4	Sound	P2/both	477605	25000	1			25000		other	0
017	4	Response	53	479438	26833	2
017	4	Response	53	484078	31473	1
017	4	Response	53	488958	36353	2
017	4	Response	53	494798	42193	2
017	4	Response	53	500477	47872	1
017	4	Response	53	506958	54353	2
017	4	Response	53	512958	60353	2
017	4	Response	53	519437	66832	1
017	4	Sound	n09	524105	71500	1			71500		other	0
017	4	Picture	2-214-2-2	582922	130317	7	5166	7	130000	5000	incorrect	48
017	4	Response	52	599997	147392	1
017	5	Sound	P0/none1	628420	25000	1			25000		other	0
017	5	Sound	test15	674920	71500	1			71500		other	0
017	5	Picture	2-211-1-2	733737	130318	7	5166	7	130000	5000	hit	52
017	5	Response	61	747437	144018	1
017	6	Sound	P0/none	779234	25000	1			25000		other	0
017	6	Sound	test07	825734	71500	1			71500		other	0
017	6	Picture	3-221-1-3	884552	130317	7	5166	7	130000	5000	hit	56
017	6	Response	62	898797	144563	1
017	7	Sound	P0/none	930049	25000	1			25000		other	0
017	7	Sound	f16	976549	71500	1			71500		other	0
017	7	Picture	2-121-1-2	1035367	130317	7	5166	7	130000	5000	hit	60
017	7	Response	62	1052717	147667	1
017	8	Sound	P0/none	1080864	25000	1			25000		other	0
017	8	Sound	f15	1127364	71500	1			71500		other	0
017	8	Picture	2-111-2-2	1186182	130317	7	5166	7	130000	5000	hit	64
017	8	Response	61	1203837	147972	2
017	9	Response	53	1231037	24358	2
017	9	Sound	P1/tapping1	1231679	25000	1			25000		other	0
017	9	Response	53	1236957	30277	2
017	9	Response	53	1242317	35638	2
017	9	Response	53	1247757	41077	2
017	9	Response	53	1253357	46677	1
017	9	Response	53	1258877	52198	2
017	9	Response	53	1264077	57397	2
017	9	Response	53	1269677	62998	1
017	9	Response	53	1275117	68438	1
017	9	Sound	test24	1278179	71500	1			71500		other	0
017	9	Picture	2-212-2-2	1336997	130317	7	5166	7	130000	5000	hit	77
017	9	Response	61	1353356	146677	1
017	10	Response	53	1377677	20182	1
017	10	Sound	P1/tapping	1382494	25000	1			25000		other	0
017	10	Response	53	1384957	27463	2
017	10	Response	53	1391356	33862	1
017	10	Response	53	1396076	38582	1
017	10	Response	53	1401276	43782	1
017	10	Response	53	1406316	48822	1
017	10	Response	53	1411196	53702	2
017	10	Response	53	1416397	58903	2
017	10	Response	53	1421916	64422	1
017	10	Response	53	1426797	69303	1
017	10	Sound	n01	1428994	71500	1			71500		other	0
017	10	Picture	2-222-1-2	1487811	130317	7	5166	7	130000	5000	hit	91
017	10	Response	62	1501757	144263	2
017	11	Sound	P1/tapping	1533309	25000	1			25000		other	0
017	11	Response	53	1534957	26648	2
017	11	Response	53	1540396	32088	2
017	11	Response	53	1545436	37127	1
017	11	Response	53	1550557	42248	1
017	11	Response	53	1555996	47687	1
017	11	Response	53	1560956	52647	1
017	11	Response	53	1566236	57928	1
017	11	Response	53	1571437	63128	1
017	11	Response	53	1576236	67928	2
017	11	Sound	test12	1579809	71500	1			71500		other	0
017	11	Picture	3-222-1-3	1638626	130317	7	5166	7	130000	5000	hit	104
017	11	Response	62	1658797	150488	1
017	12	Sound	P1/tapping	1684123	25000	1			25000		other	0
017	12	Response	53	1689036	29913	2
017	12	Response	53	1694156	35033	1
017	12	Response	53	1698956	39832	1
017	12	Response	53	1704397	45273	2
017	12	Response	53	1709437	50313	2
017	12	Response	53	1714556	55433	2
017	12	Response	53	1719676	60553	2
017	12	Response	53	1724716	65593	2
017	12	Response	53	1729996	70872	1
017	12	Sound	test03	1730623	71500	1			71500		other	0
017	12	Picture	3-222-1-3	1789441	130317	7	5166	7	130000	5000	hit	117
017	12	Response	62	1809036	149913	2
017	13	Sound	P2/beat1	1834938	25000	1			25000		other	0
017	13	Sound	test04	1881438	71500	1			71500		other	0
017	13	Picture	3-213-1-3	1940256	130317	7	5166	7	130000	5000	hit	121
017	13	Response	61	1949596	139658	2
017	14	Sound	P2/beat	1985753	25000	1			25000		other	0
017	14	Sound	f12	2032253	71500	1			71500		other	0
017	14	Picture	3-123-1-3	2091071	130317	7	5166	7	130000	5000	hit	125
017	14	Response	62	2102236	141483	1
017	15	Sound	P2/beat	2136568	25000	1			25000		other	0
017	15	Sound	test21	2183068	71500	1			71500		other	0
017	15	Picture	2-213-2-2	2241885	130317	7	5166	7	130000	5000	hit	129
017	15	Response	61	2257276	145708	2
017	16	Sound	P2/beat	2287383	25000	1			25000		other	0
017	16	Sound	test14	2333883	71500	1			71500		other	0
017	16	Picture	2-213-1-2	2392700	130317	7	5166	7	130000	5000	incorrect	133
017	16	Response	52	2405836	143453	1
017	17	Sound	P0/none1	2438198	25000	1			25000		other	0
017	17	Sound	f08	2484697	71500	1			71500		other	0
017	17	Picture	2-121-1-2	2543515	130317	7	5166	7	130000	5000	hit	137
017	17	Response	62	2560715	147518	1
017	18	Sound	P0/none	2589012	25000	1			25000		other	0
017	18	Sound	f05	2635512	71500	1			71500		other	0
017	18	Picture	3-121-1-3	2694330	130317	7	5166	7	130000	5000	incorrect	141
017	18	Response	51	2709435	145422	2
017	19	Sound	P0/none	2739827	25000	1			25000		other	0
017	19	Sound	n05	2786327	71500	1			71500		other	0
017	19	Picture	2-111-2-2	2845145	130317	7	5166	7	130000	5000	hit	145
017	19	Response	61	2854715	139888	1
017	20	Sound	P0/none	2890642	25000	1			25000		other	0
017	20	Sound	f13	2937142	71500	1			71500		other	0
017	20	Picture	2-111-1-2	2995960	130317	7	5166	7	130000	5000	incorrect	149
017	20	Response	52	3010155	144512	2
017	21	Sound	P2/beat1	3041457	25000	1			25000		other	0
017	21	Sound	f06	3087957	71500	1			71500		other	0
017	21	Picture	3-113-1-3	3146774	130317	7	5166	7	130000	5000	incorrect	153
017	21	Response	52	3159595	143138	2
017	22	Sound	P2/beat	3192272	25000	1			25000		other	0
017	22	Sound	n03	3238772	71500	1			71500		other	0
017	22	Picture	3-113-1-3	3297589	130317	7	5166	7	130000	5000	incorrect	157
017	22	Response	52	3312955	145683	2
017	23	Sound	P2/beat	3343087	25000	1			25000		other	0
017	23	Sound	f22	3389587	71500	1			71500		other	0
017	23	Picture	2-113-2-2	3448404	130317	7	5166	7	130000	5000	incorrect	161
017	23	Response	52	3463835	145748	2
017	24	Sound	P2/beat	3493901	25000	1			25000		other	0
017	24	Sound	test11	3540401	71500	1			71500		other	0
017	24	Picture	3-213-1-3	3599219	130317	7	5166	7	130000	5000	incorrect	165
017	24	Response	52	3616954	148053	2
017	25	Sound	P2/both1	3644716	25000	1			25000		other	0
017	25	Response	53	3650474	30758	2
017	25	Response	53	3655914	36198	2
017	25	Response	53	3662154	42438	1
017	25	Response	53	3668074	48358	1
017	25	Response	53	3674394	54678	2
017	25	Response	53	3680394	60678	2
017	25	Response	53	3686794	67078	1
017	25	Sound	test05	3691216	71500	1			71500		other	0
017	25	Picture	3-224-1-3	3750034	130317	7	5166	7	130000	5000	hit	176
017	25	Response	62	3769034	149318	2
017	26	Sound	P2/both	3795531	25000	1			25000		other	0
017	26	Response	53	3797434	26903	1
017	26	Response	53	3801995	31463	2
017	26	Response	53	3806795	36263	2
017	26	Response	53	3812554	42023	2
017	26	Response	53	3818634	48102	1
017	26	Response	53	3824634	54103	1
017	26	Response	53	3830714	60183	1
017	26	Response	53	3836394	65863	1
017	26	Sound	n12	3842031	71500	1			71500		other	0
017	26	Picture	2-114-2-2	3900849	130317	7	5166	7	130000	5000	incorrect	188
017	26	Response	52	3919674	149143	2
017	27	Sound	P2/both	3946346	25000	1			25000		other	0
017	27	Response	53	3948394	27048	2
017	27	Response	53	3952474	31128	2
017	27	Response	53	3957674	36328	2
017	27	Response	53	3963354	42008	2
017	27	Response	53	3969274	47928	2
017	27	Response	53	3975354	54008	1
017	27	Response	53	3981114	59768	2
017	27	Response	53	3987354	66008	2
017	27	Sound	n10	3992846	71500	1			71500		other	0
017	27	Picture	2-124-1-2	4051664	130318	7	5166	7	130000	5000	hit	200
017	27	Response	62	4066234	144888	2
017	28	Sound	P2/both	4097161	25000	1			25000		other	0
017	28	Response	53	4099194	27033	2
017	28	Response	53	4103514	31353	2
017	28	Response	53	4108634	36473	2
017	28	Response	53	4114234	42073	2
017	28	Response	53	4119994	47833	2
017	28	Response	53	4125754	53593	2
017	28	Response	53	4132394	60233	1
017	28	Response	53	4138794	66633	2
017	28	Sound	test25	4143661	71500	1			71500		other	0
017	28	Picture	2-214-1-2	4202478	130317	7	5166	7	130000	5000	hit	212
017	28	Response	61	4215993	143833	2
017	29	Sound	P0/none1	4247976	25000	1			25000		other	0
017	29	Sound	f18	4294476	71500	1			71500		other	0
017	29	Picture	2-121-2-2	4353293	130317	7	5166	7	130000	5000	incorrect	216
017	29	Response	51	4364954	141978	1
017	30	Sound	P0/none	4398790	25000	1			25000		other	0
017	30	Sound	test10	4445290	71500	1			71500		other	0
017	30	Picture	3-221-1-3	4504108	130317	7	5166	7	130000	5000	hit	220
017	30	Response	62	4524313	150522	2
017	31	Sound	P0/none	4549605	25000	1			25000		other	0
017	31	Sound	test19	4596105	71500	1			71500		other	0
017	31	Picture	3-221-1-3	4654923	130317	7	5166	7	130000	5000	hit	224
017	31	Response	62	4665273	140668	1
017	32	Sound	P0/none	4700420	25000	1			25000		other	0
017	32	Sound	test18	4746920	71500	1			71500		other	0
017	32	Picture	2-211-1-2	4805738	130318	7	5166	7	130000	5000	hit	228
017	32	Response	61	4816473	141053	1
017	33	Sound	P1/tapping1	4851235	25000	1			25000		other	0
017	33	Response	53	4853513	27278	2
017	33	Response	53	4857113	30878	1
017	33	Response	53	4862393	36158	1
017	33	Response	53	4867193	40958	2
017	33	Response	53	4871753	45518	1
017	33	Response	53	4877113	50878	2
017	33	Response	53	4881993	55758	1
017	33	Response	53	4887113	60878	1
017	33	Response	53	4892233	65998	2
017	33	Response	53	4897193	70958	2
017	33	Sound	f11	4897735	71500	1			71500		other	0
017	33	Picture	3-122-1-3	4956553	130317	7	5166	7	130000	5000	hit	242
017	33	Response	62	4968473	142238	1
017	34	Response	53	4995273	18223	1
017	34	Sound	P1/tapping	5002050	25000	1			25000		other	0
017	34	Response	53	5003593	26543	2
017	34	Response	53	5008153	31103	1
017	34	Response	53	5013273	36223	2
017	34	Response	53	5018473	41423	1
017	34	Response	53	5022793	45743	1
017	34	Response	53	5028313	51263	2
017	34	Response	53	5032873	55823	1
017	34	Response	53	5038553	61503	1
017	34	Response	53	5044313	67263	1
017	34	Sound	n07	5048550	71500	1			71500		other	0
017	34	Picture	3-212-1-3	5107368	130318	7	5166	7	130000	5000	hit	256
017	34	Response	61	5119993	142943	1
017	35	Sound	P1/tapping	5152865	25000	1			25000		other	0
017	35	Response	53	5162393	34528	1
017	35	Response	53	5167273	39408	1
017	35	Response	53	5172313	44448	2
017	35	Response	53	5177273	49408	1
017	35	Response	53	5182473	54608	2
017	35	Response	53	5187593	59728	2
017	35	Response	53	5192713	64848	2
017	35	Response	53	5198073	70208	1
017	35	Sound	test09	5199365	71500	1			71500		other	0
017	35	Picture	3-212-1-3	5258182	130317	7	5166	7	130000	5000	incorrect	268
017	35	Response	52	5271273	143408	2
017	36	Sound	P1/tapping	5303679	25000	1			25000		other	0
017	36	Response	53	5305993	27313	2
017	36	Response	53	5310872	32193	2
017	36	Response	53	5315993	37313	2
017	36	Response	53	5320953	42273	1
017	36	Response	53	5326073	47393	1
017	36	Response	53	5331353	52673	1
017	36	Response	53	5336233	57554	2
017	36	Response	53	5340953	62273	1
017	36	Response	53	5345833	67153	2
017	36	Sound	test22	5350180	71500	1			71500		other	0
017	36	Picture	2-222-2-2	5408997	130317	7	5166	7	130000	5000	hit	281
017	36	Response	62	5422473	143793	1
017	37	Sound	P2/beat1	5454494	25000	1			25000		other	0
017	37	Response	53	5461272	31778	1
017	37	Response	53	5466472	36978	1
017	37	Sound	f14	5500994	71500	1			71500		other	0
017	37	Picture	2-113-2-2	5559812	130317	7	5166	7	130000	5000	incorrect	287
017	37	Response	52	5575192	145698	1
017	38	Sound	P2/beat	5605309	25000	1			25000		other	0
017	38	Sound	test17	5651809	71500	1			71500		other	0
017	38	Picture	3-223-1-3	5710627	130318	7	5166	7	130000	5000	incorrect	291
017	38	Response	51	5727033	146724	2
017	39	Sound	P2/beat	5756124	25000	1			25000		other	0
017	39	Sound	n14	5802624	71500	1			71500		other	0
017	39	Picture	2-123-2-2	5861442	130317	7	5166	7	130000	5000	hit	295
017	39	Response	62	5871032	139908	2
017	40	Sound	P2/beat	5906939	25000	1			25000		other	0
017	40	Sound	f01	5953439	71500	1			71500		other	0
017	40	Picture	3-123-1-3	6012257	130318	7	5166	7	130000	5000	hit	299
017	40	Response	62	6027672	145733	2
017	41	Sound	P2/both1	6057754	25000	1			25000		other	0
017	41	Response	53	6063352	30598	1
017	41	Response	53	6069032	36278	1
017	41	Response	53	6074872	42117	1
017	41	Response	53	6080552	47798	2
017	41	Response	53	6085992	53238	2
017	41	Response	53	6092072	59318	2
017	41	Response	53	6098552	65798	1
017	41	Sound	n06	6104254	71500	1			71500		other	0
017	41	Picture	2-214-2-2	6163072	130317	7	5166	7	130000	5000	incorrect	310
017	41	Response	52	6179192	146438	1
017	42	Sound	P2/both	6208569	25000	1			25000		other	0
017	42	Response	53	6211191	27622	1
017	42	Response	53	6215271	31702	1
017	42	Response	53	6220392	36823	1
017	42	Response	53	6225593	42023	1
017	42	Response	53	6231032	47463	1
017	42	Response	53	6236951	53382	1
017	42	Response	53	6243033	59463	1
017	42	Response	53	6249672	66103	3
017	42	Sound	f23	6255069	71500	1			71500		other	0
017	42	Response	53	6255271	71702	2
017	42	Picture	3-124-1-3	6313886	130317	7	5166	7	130000	5000	hit	323
017	42	Response	62	6328152	144582	2
017	43	Sound	P2/both	6359384	25000	1			25000		other	0
017	43	Response	53	6365112	30728	2
017	43	Response	53	6370392	36008	2
017	43	Response	53	6375992	41608	2
017	43	Response	53	6382712	48328	1
017	43	Response	53	6388312	53928	2
017	43	Response	53	6394232	59848	2
017	43	Response	53	6399992	65608	1
017	43	Sound	test02	6405884	71500	1			71500		other	0
017	43	Response	53	6405912	71528	2
017	43	Picture	3-214-1-3	6464701	130317	7	5166	7	130000	5000	hit	335
017	43	Response	61	6474871	140487	1
017	44	Sound	P2/both	6510199	25000	1			25000		other	0
017	44	Response	53	6515272	30073	2
017	44	Response	53	6521431	36233	2
017	44	Response	53	6527112	41913	2
017	44	Response	53	6533191	47993	3
017	44	Response	53	6538951	53753	2
017	44	Response	53	6544951	59753	1
017	44	Response	53	6550551	65353	2
017	44	Sound	test08	6556699	71500	1			71500		other	0
017	44	Response	53	6556712	71513	2
017	44	Picture	3-214-1-3	6615516	130317	7	5166	7	130000	5000	incorrect	347
017	44	Response	52	6631831	146632	2
017	45	Sound	P0/none1	6661013	25000	1			25000		other	0
017	45	Sound	f10	6707513	71500	1			71500		other	0
017	45	Picture	3-121-1-3	6766331	130317	7	5166	7	130000	5000	hit	351
017	45	Response	62	6782471	146458	1
017	46	Sound	P0/none	6811828	25000	1			25000		other	0
017	46	Sound	f04	6858328	71500	1			71500		other	0
017	46	Picture	3-121-1-3	6917146	130317	7	5166	7	130000	5000	hit	355
017	46	Response	62	6929431	142602	2
017	47	Sound	P0/none	6962643	25000	1			25000		other	0
017	47	Sound	n11	7009143	71500	1			71500		other	0
017	47	Picture	3-121-2-3	7067961	130317	7	5166	7	130000	5000	hit	359
017	47	Response	62	7082551	144907	2
017	48	Sound	P0/none	7113458	25000	1			25000		other	0
017	48	Sound	test16	7159958	71500	1			71500		other	0
017	48	Picture	2-221-1-2	7218776	130317	7	5166	7	130000	5000	hit	363
017	48	Response	62	7238871	150412	2
017	49	Sound	P2/beat1	7264273	25000	1			25000		other	0
017	49	Sound	test13	7310773	71500	1			71500		other	0
017	49	Picture	2-223-1-2	7369591	130317	7	5166	7	130000	5000	hit	367
017	49	Response	62	7381671	142397	2
017	50	Sound	P2/beat	7415088	25000	1			25000		other	0
017	50	Sound	f21	7461588	71500	1			71500		other	0
017	50	Picture	2-113-2-2	7520406	130318	7	5166	7	130000	5000	incorrect	371
017	50	Response	52	7536070	145982	2
017	51	Sound	P2/beat	7565903	25000	1			25000		other	0
017	51	Sound	n13	7612403	71500	1			71500		other	0
017	51	Picture	2-213-1-2	7671220	130317	7	5166	7	130000	5000	incorrect	375
017	51	Response	52	7689590	148687	2
017	52	Sound	P2/beat	7716718	25000	1			25000		other	0
017	52	Sound	f09	7763218	71500	1			71500		other	0
017	52	Picture	3-123-1-3	7822035	130317	7	5166	7	130000	5000	hit	379
017	52	Response	62	7838950	147232	1
017	53	Sound	P2/both1	7867533	25000	1			25000		other	0
017	53	Response	53	7869671	27138	2
017	53	Response	53	7873830	31297	1
017	53	Response	53	7879110	36577	1
017	53	Response	53	7884550	42017	1
017	53	Response	53	7890710	48177	1
017	53	Response	53	7896630	54097	2
017	53	Response	53	7902470	59937	1
017	53	Response	53	7908630	66097	1
017	53	Sound	f07	7914033	71500	1			71500		other	0
017	53	Picture	3-114-1-3	7972850	130317	7	5166	7	130000	5000	incorrect	391
017	53	Response	52	7986790	144257	1
017	54	Sound	P2/both	8018347	25000	1			25000		other	0
017	54	Response	53	8020470	27123	2
017	54	Response	53	8024790	31442	1
017	54	Response	53	8029910	36562	2
017	54	Response	53	8035190	41842	1
017	54	Response	53	8041110	47762	1
017	54	Response	53	8047030	53683	2
017	54	Response	53	8053191	59843	1
017	54	Response	53	8059430	66082	2
017	54	Sound	test23	8064848	71500	1			71500		other	0
017	54	Picture	2-214-2-2	8123665	130318	7	5166	7	130000	5000	incorrect	403
017	54	Response	52	8142710	149362	1
017	55	Sound	P2/both	8169162	25000	1			25000		other	0
017	55	Response	53	8171510	27347	1
017	55	Response	53	8175910	31747	2
017	55	Response	53	8180310	36147	1
017	55	Response	53	8186150	41987	2
017	55	Response	53	8191670	47507	2
017	55	Response	53	8197830	53667	2
017	55	Response	53	8204070	59907	2
017	55	Response	53	8210230	66067	2
017	55	Sound	f03	8215662	71500	1			71500		other	0
017	55	Picture	3-124-1-3	8274480	130317	7	5166	7	130000	5000	hit	415
017	55	Response	62	8288150	143987	2
017	56	Sound	P2/both	8319977	25000	1			25000		other	0
017	56	Response	53	8322070	27092	2
017	56	Response	53	8326710	31732	2
017	56	Response	53	8331590	36612	2
017	56	Response	53	8337190	42212	1
017	56	Response	53	8343909	48932	1
017	56	Response	53	8349589	54612	2
017	56	Response	53	8355109	60132	1
017	56	Response	53	8361350	66372	2
017	56	Sound	f20	8366478	71500	1			71500		other	0
017	56	Picture	2-114-2-2	8425295	130317	7	5166	7	130000	5000	hit	427
017	56	Response	61	8435670	140693	2
017	57	Sound	P1/tapping1	8470792	25000	1			25000		other	0
017	57	Response	53	8472229	26437	1
017	57	Response	53	8476949	31157	2
017	57	Response	53	8482309	36517	1
017	57	Response	53	8487669	41877	2
017	57	Response	53	8492869	47077	2
017	57	Response	53	8498390	52597	2
017	57	Response	53	8503829	58037	2
017	57	Response	53	8509429	63637	2
017	57	Response	53	8515029	69237	1
017	57	Sound	test01	8517292	71500	1			71500		other	0
017	57	Picture	3-222-1-3	8576110	130317	7	5166	7	130000	5000	incorrect	440
017	57	Response	51	8591669	145877	1
017	58	Response	53	8617350	20743	4
017	58	Sound	P1/tapping	8621607	25000	1			25000		other	0
017	58	Response	53	8625750	29143	2
017	58	Response	53	8630949	34342	2
017	58	Response	53	8635990	39383	2
017	58	Response	53	8640870	44263	2
017	58	Response	53	8646149	49542	2
017	58	Response	53	8651429	54822	2
017	58	Response	53	8656549	59942	2
017	58	Response	53	8662229	65622	2
017	58	Response	53	8667509	70902	2
017	58	Sound	n04	8668107	71500	1			71500		other	0
017	58	Picture	3-212-1-3	8726925	130317	7	5166	7	130000	5000	incorrect	454
017	58	Response	52	8738469	141862	1
017	59	Sound	P1/tapping	8772422	25000	1			25000		other	0
017	59	Response	53	8774069	26647	2
017	59	Response	53	8779749	32327	2
017	59	Response	53	8784709	37287	2
017	59	Response	53	8790149	42727	2
017	59	Response	53	8795109	47687	2
017	59	Response	53	8800469	53047	2
017	59	Response	53	8805909	58487	1
017	59	Response	53	8811269	63847	1
017	59	Response	53	8816949	69527	1
017	59	Sound	f19	8818922	71500	1			71500		other	0
017	59	Picture	2-122-2-2	8877740	130318	7	5166	7	130000	5000	hit	467
017	59	Response	62	8893109	145687	2
017	60	Sound	P1/tapping	8923237	25000	1			25000		other	0
017	60	Response	53	8925909	27672	2
017	60	Response	53	8931029	32792	1
017	60	Response	53	8936309	38072	2
017	60	Response	53	8941669	43432	1
017	60	Response	53	8946789	48552	2
017	60	Response	53	8952469	54232	1
017	60	Response	53	8957429	59192	2
017	60	Response	53	8962789	64552	2
017	60	Response	53	8968389	70152	2
017	60	Sound	f24	8969737	71500	1			71500		other	0
017	60	Picture	2-122-1-2	9028554	130317	7	5166	7	130000	5000	hit	480
017	60	Response	62	9044629	146392	2


Event Type	Code	Type	Response	RT	RT Uncertainty	Time	Uncertainty	Duration	Uncertainty	ReqTime	ReqDur

Sound	P2/both1	other				25160	1			25000
Sound	test06	other				71660	1			71500
Picture	3-224-1-3	incorrect	1	17521	8	130478	7	5166	7	130000	5000
Sound	P2/both	other				175975	1			25000
Sound	f17	other				222475	1			71500
Picture	2-114-2-2	hit	1	8465	7	281293	7	5166	7	130000	5000
Sound	P2/both	other				326790	1			25000
Sound	f02	other				373290	1			71500
Picture	3-114-2-3	hit	1	14290	8	432108	7	5166	7	130000	5000
Sound	P2/both	other				477605	1			25000
Sound	n09	other				524105	1			71500
Picture	2-214-2-2	incorrect	2	17075	7	582922	7	5166	7	130000	5000
Sound	P0/none1	other				628420	1			25000
Sound	test15	other				674920	1			71500
Picture	2-211-1-2	hit	1	13700	7	733737	7	5166	7	130000	5000
Sound	P0/none	other				779234	1			25000
Sound	test07	other				825734	1			71500
Picture	3-221-1-3	hit	2	14245	7	884552	7	5166	7	130000	5000
Sound	P0/none	other				930049	1			25000
Sound	f16	other				976549	1			71500
Picture	2-121-1-2	hit	2	17350	7	1035367	7	5166	7	130000	5000
Sound	P0/none	other				1080864	1			25000
Sound	f15	other				1127364	1			71500
Picture	2-111-2-2	hit	1	17655	8	1186182	7	5166	7	130000	5000
Sound	P1/tapping1	other				1231679	1			25000
Sound	test24	other				1278179	1			71500
Picture	2-212-2-2	hit	1	16360	7	1336997	7	5166	7	130000	5000
Sound	P1/tapping	other				1382494	1			25000
Sound	n01	other				1428994	1			71500
Picture	2-222-1-2	hit	2	13945	8	1487811	7	5166	7	130000	5000
Sound	P1/tapping	other				1533309	1			25000
Sound	test12	other				1579809	1			71500
Picture	3-222-1-3	hit	2	20171	7	1638626	7	5166	7	130000	5000
Sound	P1/tapping	other				1684123	1			25000
Sound	test03	other				1730623	1			71500
Picture	3-222-1-3	hit	2	19595	8	1789441	7	5166	7	130000	5000
Sound	P2/beat1	other				1834938	1			25000
Sound	test04	other				1881438	1			71500
Picture	3-213-1-3	hit	1	9340	8	1940256	7	5166	7	130000	5000
Sound	P2/beat	other				1985753	1			25000
Sound	f12	other				2032253	1			71500
Picture	3-123-1-3	hit	2	11165	7	2091071	7	5166	7	130000	5000
Sound	P2/beat	other				2136568	1			25000
Sound	test21	other				2183068	1			71500
Picture	2-213-2-2	hit	1	15390	8	2241885	7	5166	7	130000	5000
Sound	P2/beat	other				2287383	1			25000
Sound	test14	other				2333883	1			71500
Picture	2-213-1-2	incorrect	2	13135	7	2392700	7	5166	7	130000	5000
Sound	P0/none1	other				2438198	1			25000
Sound	f08	other				2484697	1			71500
Picture	2-121-1-2	hit	2	17200	7	2543515	7	5166	7	130000	5000
Sound	P0/none	other				2589012	1			25000
Sound	f05	other				2635512	1			71500
Picture	3-121-1-3	incorrect	1	15105	8	2694330	7	5166	7	130000	5000
Sound	P0/none	other				2739827	1			25000
Sound	n05	other				2786327	1			71500
Picture	2-111-2-2	hit	1	9571	7	2845145	7	5166	7	130000	5000
Sound	P0/none	other				2890642	1			25000
Sound	f13	other				2937142	1			71500
Picture	2-111-1-2	incorrect	2	14195	8	2995960	7	5166	7	130000	5000
Sound	P2/beat1	other				3041457	1			25000
Sound	f06	other				3087957	1			71500
Picture	3-113-1-3	incorrect	2	12820	8	3146774	7	5166	7	130000	5000
Sound	P2/beat	other				3192272	1			25000
Sound	n03	other				3238772	1			71500
Picture	3-113-1-3	incorrect	2	15366	8	3297589	7	5166	7	130000	5000
Sound	P2/beat	other				3343087	1			25000
Sound	f22	other				3389587	1			71500
Picture	2-113-2-2	incorrect	2	15430	8	3448404	7	5166	7	130000	5000
Sound	P2/beat	other				3493901	1			25000
Sound	test11	other				3540401	1			71500
Picture	3-213-1-3	incorrect	2	17735	8	3599219	7	5166	7	130000	5000
Sound	P2/both1	other				3644716	1			25000
Sound	test05	other				3691216	1			71500
Picture	3-224-1-3	hit	2	19000	8	3750034	7	5166	7	130000	5000
Sound	P2/both	other				3795531	1			25000
Sound	n12	other				3842031	1			71500
Picture	2-114-2-2	incorrect	2	18825	8	3900849	7	5166	7	130000	5000
Sound	P2/both	other				3946346	1			25000
Sound	n10	other				3992846	1			71500
Picture	2-124-1-2	hit	2	14570	8	4051664	7	5166	7	130000	5000
Sound	P2/both	other				4097161	1			25000
Sound	test25	other				4143661	1			71500
Picture	2-214-1-2	hit	1	13515	8	4202478	7	5166	7	130000	5000
Sound	P0/none1	other				4247976	1			25000
Sound	f18	other				4294476	1			71500
Picture	2-121-2-2	incorrect	1	11660	7	4353293	7	5166	7	130000	5000
Sound	P0/none	other				4398790	1			25000
Sound	test10	other				4445290	1			71500
Picture	3-221-1-3	hit	2	20205	9	4504108	7	5166	7	130000	5000
Sound	P0/none	other				4549605	1			25000
Sound	test19	other				4596105	1			71500
Picture	3-221-1-3	hit	2	10351	7	4654923	7	5166	7	130000	5000
Sound	P0/none	other				4700420	1			25000
Sound	test18	other				4746920	1			71500
Picture	2-211-1-2	hit	1	10736	7	4805738	7	5166	7	130000	5000
Sound	P1/tapping1	other				4851235	1			25000
Sound	f11	other				4897735	1			71500
Picture	3-122-1-3	hit	2	11921	7	4956553	7	5166	7	130000	5000
Sound	P1/tapping	other				5002050	1			25000
Sound	n07	other				5048550	1			71500
Picture	3-212-1-3	hit	1	12625	7	5107368	7	5166	7	130000	5000
Sound	P1/tapping	other				5152865	1			25000
Sound	test09	other				5199365	1			71500
Picture	3-212-1-3	incorrect	2	13091	8	5258182	7	5166	7	130000	5000
Sound	P1/tapping	other				5303679	1			25000
Sound	test22	other				5350180	1			71500
Picture	2-222-2-2	hit	2	13476	7	5408997	7	5166	7	130000	5000
Sound	P2/beat1	other				5454494	1			25000
Sound	f14	other				5500994	1			71500
Picture	2-113-2-2	incorrect	2	15380	7	5559812	7	5166	7	130000	5000
Sound	P2/beat	other				5605309	1			25000
Sound	test17	other				5651809	1			71500
Picture	3-223-1-3	incorrect	1	16406	8	5710627	7	5166	7	130000	5000
Sound	P2/beat	other				5756124	1			25000
Sound	n14	other				5802624	1			71500
Picture	2-123-2-2	hit	2	9590	8	5861442	7	5166	7	130000	5000
Sound	P2/beat	other				5906939	1			25000
Sound	f01	other				5953439	1			71500
Picture	3-123-1-3	hit	2	15415	8	6012257	7	5166	7	130000	5000
Sound	P2/both1	other				6057754	1			25000
Sound	n06	other				6104254	1			71500
Picture	2-214-2-2	incorrect	2	16120	8	6163072	7	5166	7	130000	5000
Sound	P2/both	other				6208569	1			25000
Sound	f23	other				6255069	1			71500
Picture	3-124-1-3	hit	2	14265	9	6313886	7	5166	7	130000	5000
Sound	P2/both	other				6359384	1			25000
Sound	test02	other				6405884	1			71500
Picture	3-214-1-3	hit	1	10170	7	6464701	7	5166	7	130000	5000
Sound	P2/both	other				6510199	1			25000
Sound	test08	other				6556699	1			71500
Picture	3-214-1-3	incorrect	2	16315	8	6615516	7	5166	7	130000	5000
Sound	P0/none1	other				6661013	1			25000
Sound	f10	other				6707513	1			71500
Picture	3-121-1-3	hit	2	16140	7	6766331	7	5166	7	130000	5000
Sound	P0/none	other				6811828	1			25000
Sound	f04	other				6858328	1			71500
Picture	3-121-1-3	hit	2	12285	8	6917146	7	5166	7	130000	5000
Sound	P0/none	other				6962643	1			25000
Sound	n11	other				7009143	1			71500
Picture	3-121-2-3	hit	2	14590	8	7067961	7	5166	7	130000	5000
Sound	P0/none	other				7113458	1			25000
Sound	test16	other				7159958	1			71500
Picture	2-221-1-2	hit	2	20095	8	7218776	7	5166	7	130000	5000
Sound	P2/beat1	other				7264273	1			25000
Sound	test13	other				7310773	1			71500
Picture	2-223-1-2	hit	2	12080	8	7369591	7	5166	7	130000	5000
Sound	P2/beat	other				7415088	1			25000
Sound	f21	other				7461588	1			71500
Picture	2-113-2-2	incorrect	2	15665	8	7520406	7	5166	7	130000	5000
Sound	P2/beat	other				7565903	1			25000
Sound	n13	other				7612403	1			71500
Picture	2-213-1-2	incorrect	2	18370	8	7671220	7	5166	7	130000	5000
Sound	P2/beat	other				7716718	1			25000
Sound	f09	other				7763218	1			71500
Picture	3-123-1-3	hit	2	16915	7	7822035	7	5166	7	130000	5000
Sound	P2/both1	other				7867533	1			25000
Sound	f07	other				7914033	1			71500
Picture	3-114-1-3	incorrect	2	13940	7	7972850	7	5166	7	130000	5000
Sound	P2/both	other				8018347	1			25000
Sound	test23	other				8064848	1			71500
Picture	2-214-2-2	incorrect	2	19045	7	8123665	7	5166	7	130000	5000
Sound	P2/both	other				8169162	1			25000
Sound	f03	other				8215662	1			71500
Picture	3-124-1-3	hit	2	13670	8	8274480	7	5166	7	130000	5000
Sound	P2/both	other				8319977	1			25000
Sound	f20	other				8366478	1			71500
Picture	2-114-2-2	hit	1	10375	8	8425295	7	5166	7	130000	5000
Sound	P1/tapping1	other				8470792	1			25000
Sound	test01	other				8517292	1			71500
Picture	3-222-1-3	incorrect	1	15560	7	8576110	7	5166	7	130000	5000
Sound	P1/tapping	other				8621607	1			25000
Sound	n04	other				8668107	1			71500
Picture	3-212-1-3	incorrect	2	11545	7	8726925	7	5166	7	130000	5000
Sound	P1/tapping	other				8772422	1			25000
Sound	f19	other				8818922	1			71500
Picture	2-122-2-2	hit	2	15369	8	8877740	7	5166	7	130000	5000
Sound	P1/tapping	other				8923237	1			25000
Sound	f24	other				8969737	1			71500
Picture	2-122-1-2	hit	2	16075	8	9028554	7	5166	7	130000	5000

The following output port codes were not sent because of a conflict on the port.
Port	Code	Time(ms)
1	53	640591
1	53	655671


{
   "app": "Presentation Version 22.1 Build 01.21.21",
   "device": "Dell Inc. OptiPlex 7050",
   "experiment": "{C8E97CB4-6FCA-44FA-B866-4A2D94B6B85C}",
   "os": "Windows 10 64 bit",
   "package": "",
   "parameters": {
      "configuration": "Default configuration"
   },
   "scenario": "entrain_list1_sess4_EB.sce",
   "subject": "017",
   "timestamp": "2022/11/04 09:55:13 GMT"
}
