Scenario - test
Logfile written - 11/04/2022 10:53:26

Subject	Trial	Event Type	Code	Time	TTime	Uncertainty	Duration	Uncertainty	ReqTime	ReqDur	Stim Type	Pair Index

017	1	Sound	P0/none1	25327	25000	1			25000		other	0
017	1	Sound	f01	71827	71500	1			71500		other	0
017	1	Picture	2-111-1-2	130644	130317	7	5166	7	130000	5000	incorrect	4
017	1	Response	52	142082	141755	1
017	2	Sound	P0/none	176141	25000	1			25000		other	0
017	2	Sound	test01	222641	71500	1			71500		other	0
017	2	Picture	2-211-1-2	281459	130317	7	5166	7	130000	5000	incorrect	8
017	2	Response	52	294402	143260	1
017	3	Sound	P0/none	326956	25000	1			25000		other	0
017	3	Sound	test22	373456	71500	1			71500		other	0
017	3	Picture	3-211-1-3	432274	130317	7	5166	7	130000	5000	incorrect	12
017	3	Response	52	444722	142766	2
017	4	Sound	P0/none	477771	25000	1			25000		other	0
017	4	Sound	f07	524271	71500	1			71500		other	0
017	4	Picture	2-121-1-2	583088	130317	7	5166	7	130000	5000	hit	16
017	4	Response	62	593842	141070	1
017	5	Sound	P2/beat1	628586	25000	1			25000		other	0
017	5	Sound	f03	675086	71500	1			71500		other	0
017	5	Picture	2-123-1-2	733903	130317	7	5166	7	130000	5000	hit	20
017	5	Response	62	750722	147136	1
017	6	Sound	P2/beat	779400	25000	1			25000		other	0
017	6	Sound	n12	825900	71500	1			71500		other	0
017	6	Picture	3-123-1-3	884718	130317	7	5166	7	130000	5000	hit	24
017	6	Response	62	894321	139921	1
017	7	Sound	P2/beat	930215	25000	1			25000		other	0
017	7	Sound	test10	976715	71500	1			71500		other	0
017	7	Picture	2-213-1-2	1035532	130317	7	5166	7	130000	5000	incorrect	28
017	7	Response	52	1053442	148226	2
017	8	Sound	P2/beat	1081030	25000	1			25000		other	0
017	8	Sound	f17	1127530	71500	1			71500		other	0
017	8	Picture	3-113-1-3	1186347	130317	7	5166	7	130000	5000	hit	32
017	8	Response	61	1198402	142372	1
017	9	Sound	P0/none1	1231845	25000	1			25000		other	0
017	9	Sound	f09	1278344	71500	1			71500		other	0
017	9	Picture	2-111-1-2	1337162	130317	7	5166	7	130000	5000	incorrect	36
017	9	Response	52	1352241	145396	2
017	10	Sound	P0/none	1382659	25000	1			25000		other	0
017	10	Sound	test02	1429159	71500	1			71500		other	0
017	10	Picture	2-221-1-2	1487976	130317	7	5166	7	130000	5000	hit	40
017	10	Response	62	1506081	148421	2
017	11	Sound	P0/none	1533474	25000	1			25000		other	0
017	11	Sound	f20	1579974	71500	1			71500		other	0
017	11	Picture	3-121-1-3	1638791	130317	7	5166	7	130000	5000	miss	0
017	12	Sound	P0/none	1684289	25000	1			25000		other	0
017	12	Sound	test21	1730789	71500	1			71500		other	0
017	12	Picture	3-221-1-3	1789606	130317	7	5166	7	130000	5000	hit	47
017	12	Response	62	1798960	139672	1
017	13	Sound	P1/tapping1	1835103	25000	1			25000		other	0
017	13	Response	53	1848720	38617	2
017	13	Response	53	1854400	44297	1
017	13	Response	53	1860080	49977	2
017	13	Response	53	1865600	55497	1
017	13	Response	53	1871600	61497	1
017	13	Response	53	1876881	66778	2
017	13	Sound	test04	1881603	71500	1			71500		other	0
017	13	Response	53	1882160	72057	1
017	13	Picture	2-212-1-2	1940421	130317	7	5166	7	130000	5000	hit	58
017	13	Response	61	1954241	144137	2
017	14	Response	53	1983520	22602	1
017	14	Sound	P1/tapping	1985918	25000	1			25000		other	0
017	14	Response	53	1989920	29002	1
017	14	Response	53	1995280	34362	1
017	14	Response	53	2001520	40602	1
017	14	Response	53	2007440	46522	1
017	14	Response	53	2013520	52602	1
017	14	Response	53	2018800	57882	1
017	14	Response	53	2024561	63643	2
017	14	Response	53	2030560	69642	1
017	14	Sound	test23	2032418	71500	1			71500		other	0
017	14	Picture	3-222-1-3	2091235	130317	7	5166	7	130000	5000	incorrect	71
017	14	Response	51	2103120	142202	1
017	15	Response	53	2130160	18427	1
017	15	Response	53	2135520	23787	1
017	15	Sound	P1/tapping	2136733	25000	1			25000		other	0
017	15	Response	53	2140800	29067	2
017	15	Response	53	2146240	34507	1
017	15	Response	53	2151600	39867	1
017	15	Response	53	2157040	45307	1
017	15	Response	53	2162400	50667	2
017	15	Response	53	2168080	56347	1
017	15	Response	53	2174000	62267	1
017	15	Response	53	2179520	67787	1
017	15	Sound	test06	2183233	71500	1			71500		other	0
017	15	Picture	2-222-1-2	2242050	130317	7	5166	7	130000	5000	hit	85
017	15	Response	62	2252400	140667	2
017	16	Response	53	2282640	20092	1
017	16	Sound	P1/tapping	2287547	25000	1			25000		other	0
017	16	Response	53	2287760	25212	1
017	16	Response	53	2292640	30092	1
017	16	Response	53	2298000	35452	1
017	16	Response	53	2303520	40972	1
017	16	Response	53	2309280	46732	2
017	16	Response	53	2314720	52172	1
017	16	Response	53	2320000	57452	1
017	16	Response	53	2325600	63052	1
017	16	Response	53	2330960	68412	1
017	16	Sound	test07	2334047	71500	1			71500		other	0
017	16	Picture	2-212-1-2	2392865	130317	7	5166	7	130000	5000	hit	99
017	16	Response	61	2407200	144652	2
017	17	Sound	P2/both1	2438362	25000	1			25000		other	0
017	17	Response	53	2440480	27118	2
017	17	Response	53	2444881	31519	3
017	17	Response	53	2450080	36717	1
017	17	Response	53	2456159	42797	1
017	17	Response	53	2462319	48957	1
017	17	Response	53	2468319	54957	1
017	17	Response	53	2474000	60638	2
017	17	Response	53	2480000	66637	1
017	17	Sound	n01	2484862	71500	1			71500		other	0
017	17	Picture	3-214-1-3	2543679	130317	7	5166	7	130000	5000	hit	111
017	17	Response	61	2554799	141437	1
017	18	Sound	P2/both	2589177	25000	1			25000		other	0
017	18	Response	53	2591760	27583	1
017	18	Response	53	2595679	31503	1
017	18	Response	53	2600880	36703	1
017	18	Response	53	2607360	43183	1
017	18	Response	53	2612799	48622	1
017	18	Response	53	2618479	54303	1
017	18	Response	53	2624239	60063	2
017	18	Response	53	2630800	66623	1
017	18	Sound	f22	2635677	71500	1			71500		other	0
017	18	Picture	3-124-1-3	2694494	130317	7	5166	7	130000	5000	incorrect	123
017	18	Response	51	2714719	150542	1
017	19	Sound	P2/both	2739991	25000	1			25000		other	0
017	19	Response	53	2743919	28928	1
017	19	Response	53	2750239	35248	1
017	19	Response	53	2756399	41408	1
017	19	Response	53	2762319	47328	1
017	19	Response	53	2768639	53648	1
017	19	Response	53	2774640	59648	1
017	19	Response	53	2781039	66048	1
017	19	Sound	f19	2786491	71500	1			71500		other	0
017	19	Picture	3-114-1-3	2845309	130317	7	5166	7	130000	5000	hit	134
017	19	Response	61	2854239	139247	1
017	20	Sound	P2/both	2890806	25000	1			25000		other	0
017	20	Response	53	2893199	27393	1
017	20	Response	53	2897359	31553	1
017	20	Response	53	2902479	36673	1
017	20	Response	53	2908399	42593	1
017	20	Response	53	2914159	48353	1
017	20	Response	53	2920319	54513	1
017	20	Response	53	2926719	60913	1
017	20	Response	53	2932479	66673	1
017	20	Sound	test16	2937306	71500	1			71500		other	0
017	20	Picture	3-224-1-3	2996124	130317	7	5166	7	130000	5000	incorrect	146
017	20	Response	51	3013759	147953	2
017	21	Response	53	3040240	23619	3
017	21	Sound	P1/tapping1	3041621	25000	1			25000		other	0
017	21	Response	53	3045919	29298	1
017	21	Response	53	3051599	34978	1
017	21	Response	53	3057279	40658	1
017	21	Response	53	3062879	46258	1
017	21	Response	53	3068719	52098	1
017	21	Response	53	3074639	58018	2
017	21	Response	53	3080719	64098	1
017	21	Response	53	3086239	69618	1
017	21	Sound	test05	3088121	71500	1			71500		other	0
017	21	Picture	2-222-1-2	3146938	130317	7	5166	7	130000	5000	hit	159
017	21	Response	62	3162799	146178	1
017	22	Response	53	3188159	20723	1
017	22	Sound	P1/tapping	3192435	25000	1			25000		other	0
017	22	Response	53	3193359	25923	1
017	22	Response	53	3197919	30483	1
017	22	Response	53	3203679	36243	1
017	22	Response	53	3209679	42243	1
017	22	Response	53	3214879	47443	1
017	22	Response	53	3220479	53043	1
017	22	Response	53	3226239	58803	1
017	22	Response	53	3231999	64563	1
017	22	Response	53	3237439	70003	1
017	22	Sound	test08	3238936	71500	1			71500		other	0
017	22	Picture	2-212-1-2	3297753	130317	7	5166	7	130000	5000	incorrect	173
017	22	Response	52	3309199	141763	1
017	23	Response	53	3341839	23588	1
017	23	Sound	P1/tapping	3343250	25000	1			25000		other	0
017	23	Response	53	3347439	29188	1
017	23	Response	53	3352799	34548	1
017	23	Response	53	3358319	40068	2
017	23	Response	53	3363439	45188	1
017	23	Response	53	3368719	50468	1
017	23	Response	53	3374479	56228	1
017	23	Response	53	3380319	62068	1
017	23	Response	53	3385759	67508	1
017	23	Sound	test14	3389750	71500	1			71500		other	0
017	23	Picture	3-212-1-3	3448568	130317	7	5166	7	130000	5000	hit	186
017	23	Response	61	3464399	146148	1
017	24	Response	53	3490238	21173	1
017	24	Sound	P1/tapping	3494065	25000	1			25000		other	0
017	24	Response	53	3497919	28853	1
017	24	Response	53	3503678	34613	1
017	24	Response	53	3509358	40293	1
017	24	Response	53	3514639	45573	1
017	24	Response	53	3520158	51093	1
017	24	Response	53	3525918	56853	1
017	24	Response	53	3531359	62293	1
017	24	Response	53	3536959	67893	1
017	24	Sound	test19	3540565	71500	1			71500		other	0
017	24	Picture	3-212-1-3	3599383	130317	7	5166	7	130000	5000	hit	199
017	24	Response	61	3610239	141173	1
017	25	Sound	P2/beat1	3644880	25000	1			25000		other	0
017	25	Sound	f15	3691380	71500	1			71500		other	0
017	25	Picture	3-113-1-3	3750197	130317	7	5166	7	130000	5000	hit	203
017	25	Response	61	3758798	138918	1
017	26	Sound	P2/beat	3795696	25001	1			25000		other	0
017	26	Sound	f16	3842195	71500	1			71500		other	0
017	26	Picture	3-123-1-3	3901012	130317	7	5166	7	130000	5000	hit	207
017	26	Response	62	3916639	145944	1
017	27	Sound	P2/beat	3946509	25000	1			25000		other	0
017	27	Sound	f18	3993009	71500	1			71500		other	0
017	27	Picture	3-113-1-3	4051827	130317	7	5166	7	130000	5000	hit	211
017	27	Response	61	4062478	140969	1
017	28	Sound	P2/beat	4097324	25000	1			25000		other	0
017	28	Sound	test18	4143824	71500	1			71500		other	0
017	28	Picture	3-223-1-3	4202641	130317	7	5166	7	130000	5000	hit	215
017	28	Response	62	4221198	148874	2
017	29	Sound	P2/both1	4248139	25000	1			25000		other	0
017	29	Response	53	4249918	26779	1
017	29	Response	53	4254557	31419	1
017	29	Response	53	4259678	36539	1
017	29	Response	53	4265438	42299	1
017	29	Response	53	4271358	48219	3
017	29	Response	53	4277198	54059	1
017	29	Response	53	4283518	60379	1
017	29	Response	53	4289918	66779	1
017	29	Sound	f10	4294639	71500	1			71500		other	0
017	29	Picture	2-114-1-2	4353456	130317	7	5166	7	130000	5000	incorrect	227
017	29	Response	52	4370478	147339	1
017	30	Sound	P2/both	4398953	25000	1			25000		other	0
017	30	Response	53	4404158	30204	1
017	30	Response	53	4410157	36204	1
017	30	Response	53	4415997	42044	1
017	30	Response	53	4422158	48204	1
017	30	Response	53	4428318	54364	2
017	30	Response	53	4434797	60844	1
017	30	Response	53	4441038	67084	1
017	30	Sound	f12	4445454	71500	1			71500		other	0
017	30	Picture	2-114-1-2	4504271	130317	7	5166	7	130000	5000	incorrect	238
017	30	Response	52	4523997	150044	1
017	31	Sound	P2/both	4549768	25000	1			25000		other	0
017	31	Response	53	4551678	26909	1
017	31	Response	53	4555997	31229	1
017	31	Response	53	4561118	36349	1
017	31	Response	53	4566397	41629	2
017	31	Response	53	4572557	47789	1
017	31	Response	53	4579118	54349	1
017	31	Response	53	4585038	60269	2
017	31	Response	53	4590877	66109	1
017	31	Sound	n05	4596268	71500	1			71500		other	0
017	31	Picture	3-124-1-3	4655086	130317	7	5166	7	130000	5000	hit	250
017	31	Response	62	4674797	150029	1
017	32	Sound	P2/both	4700583	25000	1			25000		other	0
017	32	Response	53	4702557	26974	2
017	32	Response	53	4707197	31614	1
017	32	Response	53	4712317	36734	1
017	32	Response	53	4718237	42654	1
017	32	Response	53	4723997	48414	1
017	32	Response	53	4729757	54174	1
017	32	Response	53	4735677	60094	1
017	32	Response	53	4742397	66814	1
017	32	Sound	f13	4747083	71500	1			71500		other	0
017	32	Picture	3-124-1-3	4805900	130317	7	5166	7	130000	5000	hit	262
017	32	Response	62	4820397	144814	2
017	33	Sound	P0/none1	4851398	25000	1			25000		other	0
017	33	Sound	n09	4897898	71500	1			71500		other	0
017	33	Picture	3-211-1-3	4956715	130317	7	5166	7	130000	5000	hit	266
017	33	Response	61	4967198	140800	2
017	34	Sound	P0/none	5002213	25000	1			25000		other	0
017	34	Sound	test13	5048712	71500	1			71500		other	0
017	34	Picture	3-221-1-3	5107530	130317	7	5166	7	130000	5000	incorrect	270
017	34	Response	51	5126317	149104	1
017	35	Sound	P0/none	5153027	25000	1			25000		other	0
017	35	Sound	f11	5199527	71500	1			71500		other	0
017	35	Picture	2-111-1-2	5258345	130317	7	5166	7	130000	5000	incorrect	274
017	35	Response	52	5272317	144289	1
017	36	Sound	P0/none	5303842	25000	1			25000		other	0
017	36	Sound	test17	5350342	71500	1			71500		other	0
017	36	Picture	2-211-2-2	5409160	130317	7	5166	7	130000	5000	hit	278
017	36	Response	61	5424157	145314	1
017	37	Sound	P2/both1	5454657	25000	1			25000		other	0
017	37	Response	53	5460797	31140	1
017	37	Response	53	5466317	36660	1
017	37	Response	53	5472236	42579	1
017	37	Response	53	5478157	48500	1
017	37	Response	53	5484157	54500	1
017	37	Response	53	5489917	60260	1
017	37	Response	53	5496317	66660	1
017	37	Sound	f06	5501157	71500	1			71500		other	0
017	37	Response	53	5502556	72900	1
017	37	Picture	2-114-1-2	5559974	130317	7	5166	7	130000	5000	incorrect	290
017	37	Response	52	5574957	145300	2
017	38	Sound	P2/both	5605472	25000	1			25000		other	0
017	38	Response	53	5607437	26965	1
017	38	Response	53	5611676	31205	1
017	38	Response	53	5617196	36725	1
017	38	Response	53	5623116	42645	1
017	38	Response	53	5629036	48565	1
017	38	Response	53	5634797	54325	1
017	38	Response	53	5641036	60565	1
017	38	Response	53	5647276	66805	1
017	38	Sound	f24	5651972	71500	1			71500		other	0
017	38	Picture	3-114-1-3	5710789	130317	7	5166	7	130000	5000	hit	302
017	38	Response	61	5716956	136485	1
017	39	Sound	P2/both	5756286	25000	1			25000		other	0
017	39	Response	53	5758636	27350	1
017	39	Response	53	5763116	31830	1
017	39	Response	53	5767916	36630	1
017	39	Response	53	5773516	42230	1
017	39	Response	53	5779516	48230	1
017	39	Response	53	5785596	54310	1
017	39	Response	53	5791516	60230	2
017	39	Response	53	5798236	66949	1
017	39	Sound	f08	5802786	71500	1			71500		other	0
017	39	Picture	2-114-1-2	5861604	130317	7	5166	7	130000	5000	hit	314
017	39	Response	61	5873196	141910	1
017	40	Sound	P2/both	5907101	25000	1			25000		other	0
017	40	Response	53	5908956	26854	1
017	40	Response	53	5913516	31415	1
017	40	Response	53	5918476	36375	1
017	40	Response	53	5924477	42375	2
017	40	Response	53	5930077	47976	2
017	40	Response	53	5936396	54295	1
017	40	Response	53	5942876	60775	1
017	40	Response	53	5948716	66615	1
017	40	Sound	n04	5953601	71500	1			71500		other	0
017	40	Picture	2-224-1-2	6012419	130317	7	5166	7	130000	5000	hit	326
017	40	Response	62	6026556	144455	2
017	41	Sound	P2/beat1	6057916	25000	1			25000		other	0
017	41	Sound	test09	6104416	71500	1			71500		other	0
017	41	Picture	2-223-1-2	6163233	130317	7	5166	7	130000	5000	hit	330
017	41	Response	62	6174956	142040	1
017	42	Sound	P2/beat	6208731	25000	1			25000		other	0
017	42	Sound	test03	6255231	71500	1			71500		other	0
017	42	Picture	2-213-1-2	6314048	130317	7	5166	7	130000	5000	incorrect	334
017	42	Response	52	6331595	147865	1
017	43	Sound	P2/beat	6359545	25000	1			25000		other	0
017	43	Sound	n10	6406046	71500	1			71500		other	0
017	43	Picture	3-123-1-3	6464863	130317	7	5166	7	130000	5000	hit	338
017	43	Response	62	6485035	150490	1
017	44	Sound	P2/beat	6510361	25001	1			25000		other	0
017	44	Sound	test24	6556860	71500	1			71500		other	0
017	44	Picture	3-223-1-3	6615678	130317	7	5166	7	130000	5000	hit	342
017	44	Response	62	6628716	143355	1
017	45	Sound	P1/tapping1	6661175	25000	1			25000		other	0
017	45	Response	53	6662075	25900	1
017	45	Response	53	6666795	30620	1
017	45	Response	53	6672155	35980	1
017	45	Response	53	6677835	41660	1
017	45	Response	53	6683595	47420	1
017	45	Response	53	6688955	52780	1
017	45	Response	53	6694315	58140	2
017	45	Response	53	6700395	64220	1
017	45	Response	53	6706075	69900	1
017	45	Sound	f05	6707675	71500	1			71500		other	0
017	45	Picture	2-112-1-2	6766493	130317	7	5166	7	130000	5000	incorrect	355
017	45	Response	52	6781437	145262	3
017	46	Response	53	6807035	20045	1
017	46	Sound	P1/tapping	6811990	25000	1			25000		other	0
017	46	Response	53	6812475	25485	2
017	46	Response	53	6816876	29886	2
017	46	Response	53	6822555	35565	1
017	46	Response	53	6827676	40686	2
017	46	Response	53	6833115	46125	1
017	46	Response	53	6838875	51885	1
017	46	Response	53	6844235	57245	1
017	46	Response	53	6849355	62365	1
017	46	Response	53	6854475	67485	1
017	46	Sound	f04	6858490	71500	1			71500		other	0
017	46	Picture	2-122-1-2	6917307	130317	7	5166	7	130000	5000	hit	369
017	46	Response	62	6934155	147165	1
017	47	Response	53	6957115	19310	1
017	47	Response	53	6962475	24670	1
017	47	Sound	P1/tapping	6962805	25000	1			25000		other	0
017	47	Response	53	6967595	29790	1
017	47	Response	53	6972875	35070	1
017	47	Response	53	6977835	40030	1
017	47	Response	53	6983755	45950	1
017	47	Response	53	6989355	51550	1
017	47	Response	53	6994395	56590	2
017	47	Response	53	6999755	61950	2
017	47	Response	53	7005995	68190	1
017	47	Sound	n13	7009305	71500	1			71500		other	0
017	47	Picture	3-222-1-3	7068122	130317	7	5166	7	130000	5000	hit	383
017	47	Response	62	7081595	143790	1
017	48	Sound	P1/tapping	7113619	25000	1			25000		other	0
017	48	Response	53	7117595	28975	1
017	48	Response	53	7122955	34335	1
017	48	Response	53	7128315	39695	1
017	48	Response	53	7133595	44975	1
017	48	Response	53	7138395	49775	1
017	48	Response	53	7143995	55375	1
017	48	Response	53	7150235	61615	2
017	48	Response	53	7156155	67535	1
017	48	Sound	f21	7160119	71500	1			71500		other	0
017	48	Picture	3-112-1-3	7218937	130317	7	5166	7	130000	5000	incorrect	395
017	48	Response	52	7233835	145215	1
017	49	Sound	P0/none1	7264434	25000	1			25000		other	0
017	49	Sound	test25	7310934	71500	1			71500		other	0
017	49	Picture	3-211-1-3	7369752	130317	7	5166	7	130000	5000	incorrect	399
017	49	Response	52	7386155	146720	1
017	50	Sound	P0/none	7415249	25000	1			25000		other	0
017	50	Sound	test12	7461749	71500	1			71500		other	0
017	50	Picture	2-221-1-2	7520567	130317	7	5166	7	130000	5000	hit	403
017	50	Response	62	7533674	143425	1
017	51	Sound	P0/none	7566064	25000	1			25000		other	0
017	51	Sound	n03	7612564	71500	1			71500		other	0
017	51	Picture	2-111-1-2	7671382	130317	7	5166	7	130000	5000	incorrect	407
017	51	Response	52	7685435	144370	1
017	52	Sound	P0/none	7716879	25000	1			25000		other	0
017	52	Sound	f23	7763379	71500	1			71500		other	0
017	52	Picture	2-121-1-2	7822196	130317	7	5166	7	130000	5000	hit	411
017	52	Response	62	7837114	145235	2
017	53	Sound	P1/tapping1	7867694	25000	1			25000		other	0
017	53	Response	53	7868634	25941	1
017	53	Response	53	7873434	30740	1
017	53	Response	53	7878394	35700	2
017	53	Response	53	7883354	40660	1
017	53	Response	53	7888794	46100	1
017	53	Response	53	7893755	51061	2
017	53	Response	53	7898794	56100	1
017	53	Response	53	7903994	61300	1
017	53	Response	53	7908954	66260	1
017	53	Response	53	7913914	71220	1
017	53	Sound	f02	7914193	71500	1			71500		other	0
017	53	Picture	2-122-1-2	7973011	130317	7	5166	7	130000	5000	hit	425
017	53	Response	62	7991594	148900	2
017	54	Response	53	8013034	19525	1
017	54	Response	53	8018394	24885	1
017	54	Sound	P1/tapping	8018508	25000	1			25000		other	0
017	54	Response	53	8023514	30006	1
017	54	Response	53	8028554	35045	1
017	54	Response	53	8033594	40085	1
017	54	Response	53	8038794	45285	1
017	54	Response	53	8044154	50645	1
017	54	Response	53	8049674	56165	1
017	54	Response	53	8054714	61205	1
017	54	Response	53	8060474	66965	1
017	54	Sound	test15	8065008	71500	1			71500		other	0
017	54	Picture	3-222-1-3	8123826	130317	7	5166	7	130000	5000	hit	439
017	54	Response	62	8139674	146165	1
017	55	Sound	P1/tapping	8169323	25000	1			25000		other	0
017	55	Response	53	8169434	25111	1
017	55	Response	53	8174714	30391	1
017	55	Response	53	8180074	35750	1
017	55	Response	53	8185674	41350	1
017	55	Response	53	8191114	46790	1
017	55	Response	53	8196394	52070	1
017	55	Response	53	8201994	57670	1
017	55	Response	53	8207834	63511	1
017	55	Response	53	8213274	68950	1
017	55	Sound	test11	8215823	71500	1			71500		other	0
017	55	Picture	2-212-1-2	8274641	130317	7	5166	7	130000	5000	incorrect	452
017	55	Response	52	8292393	148070	1
017	56	Response	53	8313834	18696	2
017	56	Response	53	8319673	24535	1
017	56	Sound	P1/tapping	8320138	25000	1			25000		other	0
017	56	Response	53	8324714	29575	1
017	56	Response	53	8330313	35175	1
017	56	Response	53	8335433	40295	1
017	56	Response	53	8340874	45735	1
017	56	Response	53	8346554	51415	1
017	56	Response	53	8352234	57095	1
017	56	Response	53	8358153	63015	1
017	56	Response	53	8363993	68855	1
017	56	Sound	n06	8366638	71500	1			71500		other	0
017	56	Picture	3-222-1-3	8425456	130317	7	5166	7	130000	5000	hit	466
017	56	Response	62	8445434	150295	1
017	57	Sound	P2/both1	8470953	25000	1			25000		other	0
017	57	Response	53	8474714	28761	1
017	57	Response	53	8481753	35800	1
017	57	Response	53	8488393	42440	1
017	57	Response	53	8494314	48361	1
017	57	Response	53	8500394	54441	1
017	57	Response	53	8506313	60360	1
017	57	Response	53	8512553	66600	1
017	57	Sound	n11	8517453	71500	1			71500		other	0
017	57	Response	53	8518554	72601	1
017	57	Picture	2-124-1-2	8576270	130317	7	5166	7	130000	5000	incorrect	478
017	57	Response	51	8595353	149400	1
017	58	Sound	P2/both	8621768	25000	1			25000		other	0
017	58	Response	53	8623193	26425	1
017	58	Response	53	8628554	31786	2
017	58	Response	53	8633593	36826	2
017	58	Response	53	8639433	42665	1
017	58	Response	53	8645434	48666	2
017	58	Response	53	8651514	54746	1
017	58	Response	53	8657193	60426	1
017	58	Response	53	8663273	66505	1
017	58	Sound	n14	8668268	71500	1			71500		other	0
017	58	Picture	3-124-1-3	8727085	130317	7	5166	7	130000	5000	incorrect	490
017	58	Response	51	8742953	146185	1
017	59	Sound	P2/both	8772582	25000	1			25000		other	0
017	59	Response	53	8775113	27531	1
017	59	Response	53	8779113	31530	1
017	59	Response	53	8784393	36810	1
017	59	Response	53	8789753	42170	1
017	59	Response	53	8795593	48010	2
017	59	Response	53	8801993	54411	1
017	59	Response	53	8808073	60491	1
017	59	Response	53	8815033	67450	1
017	59	Sound	f14	8819082	71500	1			71500		other	0
017	59	Picture	3-124-1-3	8877900	130317	7	5166	7	130000	5000	hit	502
017	59	Response	62	8892473	144890	1
017	60	Sound	P2/both	8923397	25000	1			25000		other	0
017	60	Response	53	8925513	27116	1
017	60	Response	53	8930073	31676	1
017	60	Response	53	8934873	36475	1
017	60	Response	53	8940713	42316	2
017	60	Response	53	8946953	48555	1
017	60	Response	53	8952473	54076	1
017	60	Response	53	8958953	60555	1
017	60	Response	53	8964953	66555	2
017	60	Sound	n07	8969898	71500	1			71500		other	0
017	60	Picture	2-214-1-2	9028715	130317	7	5166	7	130000	5000	hit	514
017	60	Response	61	9043834	145436	2


Event Type	Code	Type	Response	RT	RT Uncertainty	Time	Uncertainty	Duration	Uncertainty	ReqTime	ReqDur

Sound	P0/none1	other				25327	1			25000
Sound	f01	other				71827	1			71500
Picture	2-111-1-2	incorrect	2	11438	7	130644	7	5166	7	130000	5000
Sound	P0/none	other				176141	1			25000
Sound	test01	other				222641	1			71500
Picture	2-211-1-2	incorrect	2	12943	7	281459	7	5166	7	130000	5000
Sound	P0/none	other				326956	1			25000
Sound	test22	other				373456	1			71500
Picture	3-211-1-3	incorrect	2	12449	8	432274	7	5166	7	130000	5000
Sound	P0/none	other				477771	1			25000
Sound	f07	other				524271	1			71500
Picture	2-121-1-2	hit	2	10753	7	583088	7	5166	7	130000	5000
Sound	P2/beat1	other				628586	1			25000
Sound	f03	other				675086	1			71500
Picture	2-123-1-2	hit	2	16819	7	733903	7	5166	7	130000	5000
Sound	P2/beat	other				779400	1			25000
Sound	n12	other				825900	1			71500
Picture	3-123-1-3	hit	2	9604	7	884718	7	5166	7	130000	5000
Sound	P2/beat	other				930215	1			25000
Sound	test10	other				976715	1			71500
Picture	2-213-1-2	incorrect	2	17909	8	1035532	7	5166	7	130000	5000
Sound	P2/beat	other				1081030	1			25000
Sound	f17	other				1127530	1			71500
Picture	3-113-1-3	hit	1	12054	7	1186347	7	5166	7	130000	5000
Sound	P0/none1	other				1231845	1			25000
Sound	f09	other				1278344	1			71500
Picture	2-111-1-2	incorrect	2	15079	8	1337162	7	5166	7	130000	5000
Sound	P0/none	other				1382659	1			25000
Sound	test02	other				1429159	1			71500
Picture	2-221-1-2	hit	2	18104	8	1487976	7	5166	7	130000	5000
Sound	P0/none	other				1533474	1			25000
Sound	f20	other				1579974	1			71500
Picture	3-121-1-3	miss				1638791	7	5166	7	130000	5000
Sound	P0/none	other				1684289	1			25000
Sound	test21	other				1730789	1			71500
Picture	3-221-1-3	hit	2	9354	7	1789606	7	5166	7	130000	5000
Sound	P1/tapping1	other				1835103	1			25000
Sound	test04	other				1881603	1			71500
Picture	2-212-1-2	hit	1	13820	8	1940421	7	5166	7	130000	5000
Sound	P1/tapping	other				1985918	1			25000
Sound	test23	other				2032418	1			71500
Picture	3-222-1-3	incorrect	1	11884	7	2091235	7	5166	7	130000	5000
Sound	P1/tapping	other				2136733	1			25000
Sound	test06	other				2183233	1			71500
Picture	2-222-1-2	hit	2	10350	8	2242050	7	5166	7	130000	5000
Sound	P1/tapping	other				2287547	1			25000
Sound	test07	other				2334047	1			71500
Picture	2-212-1-2	hit	1	14335	8	2392865	7	5166	7	130000	5000
Sound	P2/both1	other				2438362	1			25000
Sound	n01	other				2484862	1			71500
Picture	3-214-1-3	hit	1	11120	7	2543679	7	5166	7	130000	5000
Sound	P2/both	other				2589177	1			25000
Sound	f22	other				2635677	1			71500
Picture	3-124-1-3	incorrect	1	20225	7	2694494	7	5166	7	130000	5000
Sound	P2/both	other				2739991	1			25000
Sound	f19	other				2786491	1			71500
Picture	3-114-1-3	hit	1	8930	7	2845309	7	5166	7	130000	5000
Sound	P2/both	other				2890806	1			25000
Sound	test16	other				2937306	1			71500
Picture	3-224-1-3	incorrect	1	17635	8	2996124	7	5166	7	130000	5000
Sound	P1/tapping1	other				3041621	1			25000
Sound	test05	other				3088121	1			71500
Picture	2-222-1-2	hit	2	15861	7	3146938	7	5166	7	130000	5000
Sound	P1/tapping	other				3192435	1			25000
Sound	test08	other				3238936	1			71500
Picture	2-212-1-2	incorrect	2	11446	7	3297753	7	5166	7	130000	5000
Sound	P1/tapping	other				3343250	1			25000
Sound	test14	other				3389750	1			71500
Picture	3-212-1-3	hit	1	15831	7	3448568	7	5166	7	130000	5000
Sound	P1/tapping	other				3494065	1			25000
Sound	test19	other				3540565	1			71500
Picture	3-212-1-3	hit	1	10856	7	3599383	7	5166	7	130000	5000
Sound	P2/beat1	other				3644880	1			25000
Sound	f15	other				3691380	1			71500
Picture	3-113-1-3	hit	1	8601	7	3750197	7	5166	7	130000	5000
Sound	P2/beat	other				3795696	1			25000
Sound	f16	other				3842195	1			71500
Picture	3-123-1-3	hit	2	15627	7	3901012	7	5166	7	130000	5000
Sound	P2/beat	other				3946509	1			25000
Sound	f18	other				3993009	1			71500
Picture	3-113-1-3	hit	1	10652	7	4051827	7	5166	7	130000	5000
Sound	P2/beat	other				4097324	1			25000
Sound	test18	other				4143824	1			71500
Picture	3-223-1-3	hit	2	18556	8	4202641	7	5166	7	130000	5000
Sound	P2/both1	other				4248139	1			25000
Sound	f10	other				4294639	1			71500
Picture	2-114-1-2	incorrect	2	17022	7	4353456	7	5166	7	130000	5000
Sound	P2/both	other				4398953	1			25000
Sound	f12	other				4445454	1			71500
Picture	2-114-1-2	incorrect	2	19726	7	4504271	7	5166	7	130000	5000
Sound	P2/both	other				4549768	1			25000
Sound	n05	other				4596268	1			71500
Picture	3-124-1-3	hit	2	19711	7	4655086	7	5166	7	130000	5000
Sound	P2/both	other				4700583	1			25000
Sound	f13	other				4747083	1			71500
Picture	3-124-1-3	hit	2	14497	8	4805900	7	5166	7	130000	5000
Sound	P0/none1	other				4851398	1			25000
Sound	n09	other				4897898	1			71500
Picture	3-211-1-3	hit	1	10482	8	4956715	7	5166	7	130000	5000
Sound	P0/none	other				5002213	1			25000
Sound	test13	other				5048712	1			71500
Picture	3-221-1-3	incorrect	1	18787	7	5107530	7	5166	7	130000	5000
Sound	P0/none	other				5153027	1			25000
Sound	f11	other				5199527	1			71500
Picture	2-111-1-2	incorrect	2	13972	7	5258345	7	5166	7	130000	5000
Sound	P0/none	other				5303842	1			25000
Sound	test17	other				5350342	1			71500
Picture	2-211-2-2	hit	1	14997	7	5409160	7	5166	7	130000	5000
Sound	P2/both1	other				5454657	1			25000
Sound	f06	other				5501157	1			71500
Picture	2-114-1-2	incorrect	2	14983	8	5559974	7	5166	7	130000	5000
Sound	P2/both	other				5605472	1			25000
Sound	f24	other				5651972	1			71500
Picture	3-114-1-3	hit	1	6167	7	5710789	7	5166	7	130000	5000
Sound	P2/both	other				5756286	1			25000
Sound	f08	other				5802786	1			71500
Picture	2-114-1-2	hit	1	11592	7	5861604	7	5166	7	130000	5000
Sound	P2/both	other				5907101	1			25000
Sound	n04	other				5953601	1			71500
Picture	2-224-1-2	hit	2	14137	8	6012419	7	5166	7	130000	5000
Sound	P2/beat1	other				6057916	1			25000
Sound	test09	other				6104416	1			71500
Picture	2-223-1-2	hit	2	11722	7	6163233	7	5166	7	130000	5000
Sound	P2/beat	other				6208731	1			25000
Sound	test03	other				6255231	1			71500
Picture	2-213-1-2	incorrect	2	17547	7	6314048	7	5166	7	130000	5000
Sound	P2/beat	other				6359545	1			25000
Sound	n10	other				6406046	1			71500
Picture	3-123-1-3	hit	2	20172	7	6464863	7	5166	7	130000	5000
Sound	P2/beat	other				6510361	1			25000
Sound	test24	other				6556860	1			71500
Picture	3-223-1-3	hit	2	13038	7	6615678	7	5166	7	130000	5000
Sound	P1/tapping1	other				6661175	1			25000
Sound	f05	other				6707675	1			71500
Picture	2-112-1-2	incorrect	2	14944	10	6766493	7	5166	7	130000	5000
Sound	P1/tapping	other				6811990	1			25000
Sound	f04	other				6858490	1			71500
Picture	2-122-1-2	hit	2	16848	7	6917307	7	5166	7	130000	5000
Sound	P1/tapping	other				6962805	1			25000
Sound	n13	other				7009305	1			71500
Picture	3-222-1-3	hit	2	13473	7	7068122	7	5166	7	130000	5000
Sound	P1/tapping	other				7113619	1			25000
Sound	f21	other				7160119	1			71500
Picture	3-112-1-3	incorrect	2	14898	7	7218937	7	5166	7	130000	5000
Sound	P0/none1	other				7264434	1			25000
Sound	test25	other				7310934	1			71500
Picture	3-211-1-3	incorrect	2	16403	7	7369752	7	5166	7	130000	5000
Sound	P0/none	other				7415249	1			25000
Sound	test12	other				7461749	1			71500
Picture	2-221-1-2	hit	2	13108	7	7520567	7	5166	7	130000	5000
Sound	P0/none	other				7566064	1			25000
Sound	n03	other				7612564	1			71500
Picture	2-111-1-2	incorrect	2	14053	7	7671382	7	5166	7	130000	5000
Sound	P0/none	other				7716879	1			25000
Sound	f23	other				7763379	1			71500
Picture	2-121-1-2	hit	2	14918	8	7822196	7	5166	7	130000	5000
Sound	P1/tapping1	other				7867694	1			25000
Sound	f02	other				7914193	1			71500
Picture	2-122-1-2	hit	2	18583	8	7973011	7	5166	7	130000	5000
Sound	P1/tapping	other				8018508	1			25000
Sound	test15	other				8065008	1			71500
Picture	3-222-1-3	hit	2	15848	7	8123826	7	5166	7	130000	5000
Sound	P1/tapping	other				8169323	1			25000
Sound	test11	other				8215823	1			71500
Picture	2-212-1-2	incorrect	2	17753	7	8274641	7	5166	7	130000	5000
Sound	P1/tapping	other				8320138	1			25000
Sound	n06	other				8366638	1			71500
Picture	3-222-1-3	hit	2	19978	7	8425456	7	5166	7	130000	5000
Sound	P2/both1	other				8470953	1			25000
Sound	n11	other				8517453	1			71500
Picture	2-124-1-2	incorrect	1	19083	7	8576270	7	5166	7	130000	5000
Sound	P2/both	other				8621768	1			25000
Sound	n14	other				8668268	1			71500
Picture	3-124-1-3	incorrect	1	15868	7	8727085	7	5166	7	130000	5000
Sound	P2/both	other				8772582	1			25000
Sound	f14	other				8819082	1			71500
Picture	3-124-1-3	hit	2	14573	7	8877900	7	5166	7	130000	5000
Sound	P2/both	other				8923397	1			25000
Sound	n07	other				8969898	1			71500
Picture	2-214-1-2	hit	1	15119	8	9028715	7	5166	7	130000	5000


{
   "app": "Presentation Version 22.1 Build 01.21.21",
   "device": "Dell Inc. OptiPlex 7050",
   "experiment": "{C8E97CB4-6FCA-44FA-B866-4A2D94B6B85C}",
   "os": "Windows 10 64 bit",
   "package": "",
   "parameters": {
      "configuration": "Default configuration"
   },
   "scenario": "entrain_list1_sess1_EB.sce",
   "subject": "017",
   "timestamp": "2022/11/04 09:38:16 GMT"
}
