Scenario - test
Logfile written - 10/14/2022 11:41:19

Subject	Trial	Event Type	Code	Time	TTime	Uncertainty	Duration	Uncertainty	ReqTime	ReqDur	Stim Type	Pair Index

012	1	Sound	P2/beat1	25156	24995	1			25000		other	0
012	1	Sound	n05	71660	71500	1			71500		other	0
012	1	Picture	3-113-1-3	130479	130318	7	5166	7	130000	5000	incorrect	4
012	1	Response	52	142661	142501	1
012	2	Sound	P2/beat	175976	25000	1			25000		other	0
012	2	Sound	f05	222476	71500	1			71500		other	0
012	2	Picture	3-113-1-3	281294	130318	7	5166	7	130000	5000	hit	8
012	2	Response	61	294021	143045	1
012	3	Sound	P2/beat	326792	25000	1			25000		other	0
012	3	Sound	n01	373292	71500	1			71500		other	0
012	3	Picture	3-223-1-3	432110	130318	7	5166	7	130000	5000	hit	12
012	3	Response	62	443461	141669	1
012	4	Sound	P2/beat	477607	25000	1			25000		other	0
012	4	Sound	test15	524107	71500	1			71500		other	0
012	4	Picture	2-223-1-2	582926	130318	7	5166	7	130000	5000	hit	16
012	4	Response	62	598421	145813	1
012	5	Sound	P1/tapping1	628423	25000	1			25000		other	0
012	5	Response	53	634261	30838	1
012	5	Response	53	640741	37317	1
012	5	Response	53	646581	43158	2
012	5	Response	53	652742	49318	2
012	5	Response	53	659221	55798	1
012	5	Response	53	665620	62197	1
012	5	Response	53	671620	68197	2
012	5	Sound	f08	674923	71500	1			71500		other	0
012	5	Picture	3-122-2-3	733741	130318	7	5166	7	130000	5000	hit	27
012	5	Response	62	743541	140118	2
012	6	Sound	P1/tapping	779239	25000	1			25000		other	0
012	6	Response	53	785061	30822	1
012	6	Response	53	790740	36501	1
012	6	Response	53	796981	42742	1
012	6	Response	53	801940	47702	1
012	6	Response	53	808261	54022	1
012	6	Response	53	813860	59622	1
012	6	Response	53	820421	66182	1
012	6	Sound	f01	825739	71500	1			71500		other	0
012	6	Picture	2-122-1-2	884557	130318	7	5166	7	130000	5000	hit	38
012	6	Response	62	899621	145382	1
012	7	Sound	P1/tapping	930054	25000	1			25000		other	0
012	7	Response	53	935460	30406	1
012	7	Response	53	941061	36006	2
012	7	Response	53	947301	42246	1
012	7	Response	53	953620	48566	1
012	7	Response	53	959300	54246	1
012	7	Response	53	964740	59686	1
012	7	Response	53	970660	65606	1
012	7	Sound	n03	976554	71500	1			71500		other	0
012	7	Picture	3-122-1-3	1035372	130318	7	5166	7	130000	5000	hit	49
012	7	Response	62	1046420	141366	1
012	8	Sound	P1/tapping	1080869	25000	1			25000		other	0
012	8	Response	53	1083381	27511	2
012	8	Response	53	1088180	32310	1
012	8	Response	53	1094260	38390	1
012	8	Response	53	1100260	44390	1
012	8	Response	53	1106020	50150	1
012	8	Response	53	1111780	55910	1
012	8	Response	53	1117540	61670	1
012	8	Response	53	1123701	67831	2
012	8	Sound	test18	1127370	71500	1			71500		other	0
012	8	Response	53	1129700	73830	1
012	8	Picture	3-212-1-3	1186188	130318	7	5166	7	130000	5000	hit	62
012	8	Response	61	1200181	144311	2
012	9	Sound	P2/both1	1231685	25000	1			25000		other	0
012	9	Response	53	1235940	29255	1
012	9	Response	53	1241940	35255	1
012	9	Response	53	1248021	41335	1
012	9	Response	53	1254340	47655	1
012	9	Response	53	1260580	53895	1
012	9	Response	53	1266820	60135	1
012	9	Response	53	1272580	65895	1
012	9	Sound	test13	1278185	71500	1			71500		other	0
012	9	Picture	3-214-1-3	1337004	130318	7	5166	7	130000	5000	incorrect	73
012	9	Response	52	1348660	141975	1
012	10	Sound	P2/both	1382501	25000	1			25000		other	0
012	10	Response	53	1385221	27720	3
012	10	Response	53	1389940	32439	1
012	10	Response	53	1394900	37399	1
012	10	Response	53	1400500	42999	3
012	10	Response	53	1405940	48439	1
012	10	Response	53	1412020	54519	1
012	10	Response	53	1418260	60759	1
012	10	Response	53	1424420	66919	1
012	10	Sound	test04	1429001	71500	1			71500		other	0
012	10	Picture	2-224-1-2	1487819	130318	7	5166	7	130000	5000	hit	85
012	10	Response	62	1502661	145160	2
012	11	Sound	P2/both	1533317	25000	1			25000		other	0
012	11	Response	53	1539540	31223	1
012	11	Response	53	1544420	36103	1
012	11	Response	53	1550180	41863	1
012	11	Response	53	1556020	47703	1
012	11	Response	53	1562180	53863	2
012	11	Response	53	1567940	59623	1
012	11	Response	53	1574420	66104	1
012	11	Sound	f15	1579816	71500	1			71500		other	0
012	11	Picture	3-124-1-3	1638635	130318	7	5166	7	130000	5000	hit	96
012	11	Response	62	1647300	138983	1
012	12	Sound	P2/both	1684132	25000	1			25000		other	0
012	12	Response	53	1689620	30488	2
012	12	Response	53	1695140	36008	2
012	12	Response	53	1701300	42168	1
012	12	Response	53	1707700	48568	1
012	12	Response	53	1713300	54168	1
012	12	Response	53	1719380	60248	1
012	12	Response	53	1725140	66008	1
012	12	Sound	f21	1730632	71500	1			71500		other	0
012	12	Response	53	1734020	74888	1
012	12	Picture	3-124-1-3	1789450	130318	7	5166	7	130000	5000	miss	0
012	13	Response	52	1810340	392	1
012	13	Sound	P0/none1	1834947	25000	1			25000		other	0
012	13	Sound	n07	1881448	71500	1			71500		other	0
012	13	Picture	2-221-1-2	1940266	130318	7	5166	7	130000	5000	hit	112
012	13	Response	62	1957380	147432	1
012	14	Sound	P0/none	1985763	25000	1			25000		other	0
012	14	Sound	n04	2032263	71500	1			71500		other	0
012	14	Picture	2-211-1-2	2091081	130318	7	5166	7	130000	5000	hit	116
012	14	Response	61	2102019	141256	1
012	15	Sound	P0/none	2136579	25000	1			25000		other	0
012	15	Sound	f03	2183079	71500	1			71500		other	0
012	15	Picture	2-111-1-2	2241897	130318	7	5166	7	130000	5000	incorrect	120
012	15	Response	52	2253780	142201	3
012	16	Sound	P0/none	2287394	25000	1			25000		other	0
012	16	Sound	test05	2333894	71500	1			71500		other	0
012	16	Picture	2-211-1-2	2392712	130318	7	5166	7	130000	5000	hit	124
012	16	Response	61	2404180	141786	2
012	17	Sound	P2/beat1	2438210	25000	1			25000		other	0
012	17	Sound	test16	2484710	71500	1			71500		other	0
012	17	Picture	3-213-1-3	2543528	130318	7	5166	7	130000	5000	hit	128
012	17	Response	61	2557459	144249	2
012	18	Sound	P2/beat	2589025	25000	1			25000		other	0
012	18	Sound	f11	2635526	71500	1			71500		other	0
012	18	Picture	3-113-1-3	2694344	130318	7	5166	7	130000	5000	hit	132
012	18	Response	61	2704180	140154	2
012	19	Sound	P2/beat	2739841	25000	1			25000		other	0
012	19	Sound	test07	2786341	71500	1			71500		other	0
012	19	Picture	2-223-1-2	2845159	130318	7	5166	7	130000	5000	hit	136
012	19	Response	62	2862259	147418	1
012	20	Sound	P2/beat	2890657	25000	1			25000		other	0
012	20	Sound	f23	2937157	71500	1			71500		other	0
012	20	Picture	2-113-1-2	2995975	130318	7	5166	7	130000	5000	hit	140
012	20	Response	61	3004979	139322	1
012	21	Sound	P0/none1	3041472	25000	1			25000		other	0
012	21	Sound	test23	3087972	71500	1			71500		other	0
012	21	Picture	2-221-2-2	3146790	130318	7	5166	7	130000	5000	hit	144
012	21	Response	62	3159619	143147	1
012	22	Sound	P0/none	3192288	25000	1			25000		other	0
012	22	Sound	f24	3238787	71500	1			71500		other	0
012	22	Picture	3-121-1-3	3297606	130318	7	5166	7	130000	5000	hit	148
012	22	Response	62	3306579	139291	1
012	23	Sound	P0/none	3343103	25000	1			25000		other	0
012	23	Sound	n06	3389603	71500	1			71500		other	0
012	23	Picture	3-211-1-3	3448421	130318	7	5166	7	130000	5000	incorrect	152
012	23	Response	52	3463859	145755	1
012	24	Sound	P0/none	3493919	25000	1			25000		other	0
012	24	Sound	test24	3540419	71500	1			71500		other	0
012	24	Picture	2-221-1-2	3599237	130318	7	5166	7	130000	5000	hit	156
012	24	Response	62	3608099	139180	1
012	25	Sound	P1/tapping1	3644734	25000	1			25000		other	0
012	25	Response	53	3650178	30444	1
012	25	Response	53	3656259	36524	1
012	25	Response	53	3661779	42044	1
012	25	Response	53	3667139	47404	1
012	25	Response	53	3672898	53164	2
012	25	Response	53	3678179	58444	1
012	25	Response	53	3684339	64605	1
012	25	Response	53	3690099	70364	1
012	25	Sound	test02	3691234	71500	1			71500		other	0
012	25	Picture	2-212-1-2	3750053	130318	7	5166	7	130000	5000	hit	168
012	25	Response	61	3760259	140524	1
012	26	Sound	P1/tapping	3795550	25000	1			25000		other	0
012	26	Response	53	3795939	25389	1
012	26	Response	53	3801138	30588	1
012	26	Response	53	3807379	36828	1
012	26	Response	53	3813619	43068	1
012	26	Response	53	3819459	48909	1
012	26	Response	53	3825459	54908	1
012	26	Response	53	3830898	60348	1
012	26	Response	53	3836178	65628	1
012	26	Sound	f14	3842050	71500	1			71500		other	0
012	26	Response	53	3842178	71628	1
012	26	Picture	2-122-2-2	3900868	130318	7	5166	7	130000	5000	hit	181
012	26	Response	62	3916978	146428	2
012	27	Sound	P1/tapping	3946365	25000	1			25000		other	0
012	27	Response	53	3951699	30333	3
012	27	Response	53	3956658	35293	1
012	27	Response	53	3963699	42333	1
012	27	Response	53	3969299	47933	2
012	27	Response	53	3975138	53773	1
012	27	Response	53	3981298	59933	1
012	27	Response	53	3986898	65533	1
012	27	Sound	f17	3992865	71500	1			71500		other	0
012	27	Response	53	3993378	72013	1
012	27	Picture	3-122-1-3	4051684	130318	7	5166	7	130000	5000	hit	193
012	27	Response	62	4061458	140093	1
012	28	Response	53	4096978	24797	1
012	28	Sound	P1/tapping	4097181	25000	1			25000		other	0
012	28	Response	53	4102499	30317	1
012	28	Response	53	4109058	36877	1
012	28	Response	53	4114898	42717	1
012	28	Response	53	4120898	48717	2
012	28	Response	53	4127058	54877	1
012	28	Response	53	4132898	60717	1
012	28	Response	53	4138099	65917	1
012	28	Sound	test17	4143681	71500	1			71500		other	0
012	28	Response	53	4144338	72157	1
012	28	Picture	2-222-2-2	4202499	130318	7	5166	7	130000	5000	hit	206
012	28	Response	62	4216818	144637	1
012	29	Sound	P2/beat1	4247997	25000	1			25000		other	0
012	29	Response	53	4254018	31022	1
012	29	Sound	f10	4294497	71500	1			71500		other	0
012	29	Picture	2-123-1-2	4353315	130318	7	5166	7	130000	5000	hit	211
012	29	Response	62	4370018	147022	1
012	30	Sound	P2/beat	4398812	25000	1			25000		other	0
012	30	Sound	test01	4445312	71500	1			71500		other	0
012	30	Picture	2-223-1-2	4504130	130318	7	5166	7	130000	5000	hit	215
012	30	Response	62	4520498	146686	1
012	31	Sound	P2/beat	4549628	25000	1			25000		other	0
012	31	Sound	test12	4596128	71500	1			71500		other	0
012	31	Picture	2-213-1-2	4654946	130318	7	5166	7	130000	5000	incorrect	219
012	31	Response	52	4670098	145470	2
012	32	Sound	P2/beat	4700443	25000	1			25000		other	0
012	32	Sound	test08	4746943	71500	1			71500		other	0
012	32	Picture	2-223-1-2	4805762	130318	7	5166	7	130000	5000	hit	223
012	32	Response	62	4819218	143774	1
012	33	Sound	P2/both1	4851259	25000	1			25000		other	0
012	33	Response	53	4854338	28078	1
012	33	Response	53	4861377	35118	2
012	33	Response	53	4867858	41599	1
012	33	Response	53	4874178	47919	1
012	33	Response	53	4880417	54158	1
012	33	Response	53	4886657	60398	1
012	33	Response	53	4892818	66559	2
012	33	Sound	f09	4897759	71500	1			71500		other	0
012	33	Picture	3-114-1-3	4956577	130318	7	5166	7	130000	5000	hit	234
012	33	Response	61	4966178	139919	1
012	34	Sound	P2/both	5002074	25000	1			25000		other	0
012	34	Response	53	5007858	30783	1
012	34	Response	53	5013698	36623	1
012	34	Response	53	5019458	42383	1
012	34	Response	53	5025938	48864	1
012	34	Response	53	5031458	54383	1
012	34	Response	53	5037458	60383	1
012	34	Response	53	5043618	66543	1
012	34	Sound	test03	5048574	71500	1			71500		other	0
012	34	Response	53	5048658	71583	1
012	34	Picture	3-214-1-3	5107393	130318	7	5166	7	130000	5000	hit	246
012	34	Response	61	5117778	140703	1
012	35	Sound	P2/both	5152890	25000	1			25000		other	0
012	35	Response	53	5158417	30527	1
012	35	Response	53	5164418	36527	1
012	35	Response	53	5170337	42447	1
012	35	Response	53	5176258	48367	1
012	35	Response	53	5181858	53967	1
012	35	Response	53	5187858	59967	1
012	35	Response	53	5194418	66528	1
012	35	Sound	f04	5199390	71500	1			71500		other	0
012	35	Picture	3-114-1-3	5258208	130318	7	5166	7	130000	5000	hit	257
012	35	Response	61	5269938	142047	1
012	36	Sound	P2/both	5303706	25000	1			25000		other	0
012	36	Response	53	5310338	31632	1
012	36	Response	53	5315377	36671	1
012	36	Response	53	5320657	41951	1
012	36	Response	53	5327058	48352	2
012	36	Response	53	5333297	54591	1
012	36	Response	53	5338897	60191	1
012	36	Response	53	5345137	66431	2
012	36	Sound	f18	5350206	71500	1			71500		other	0
012	36	Response	53	5350817	72111	1
012	36	Picture	2-114-2-2	5409024	130318	7	5166	7	130000	5000	hit	269
012	36	Response	61	5418337	139631	1
012	37	Sound	P0/none1	5454521	25000	1			25000		other	0
012	37	Sound	f19	5501021	71500	1			71500		other	0
012	37	Picture	3-121-1-3	5559839	130318	7	5166	7	130000	5000	hit	273
012	37	Response	62	5571457	141936	1
012	38	Sound	P0/none	5605337	25000	1			25000		other	0
012	38	Sound	test09	5651837	71500	1			71500		other	0
012	38	Picture	2-211-1-2	5710655	130318	7	5166	7	130000	5000	incorrect	277
012	38	Response	52	5722897	142560	1
012	39	Sound	P0/none	5756152	25000	1			25000		other	0
012	39	Sound	f02	5802652	71500	1			71500		other	0
012	39	Picture	3-121-2-3	5861471	130318	7	5166	7	130000	5000	hit	281
012	39	Response	62	5870577	139425	1
012	40	Sound	P0/none	5906968	25000	1			25000		other	0
012	40	Sound	n13	5953468	71500	1			71500		other	0
012	40	Picture	2-221-1-2	6012286	130318	7	5166	7	130000	5000	hit	285
012	40	Response	62	6023537	141569	1
012	41	Sound	P1/tapping1	6057784	25000	1			25000		other	0
012	41	Response	53	6063537	30753	1
012	41	Response	53	6069217	36433	1
012	41	Response	53	6075377	42593	1
012	41	Response	53	6081217	48433	1
012	41	Response	53	6086897	54113	1
012	41	Response	53	6092177	59393	2
012	41	Response	53	6097937	65153	1
012	41	Response	53	6103777	70993	1
012	41	Sound	f16	6104283	71500	1			71500		other	0
012	41	Picture	3-112-1-3	6163102	130318	7	5166	7	130000	5000	incorrect	297
012	41	Response	52	6178977	146193	1
012	42	Sound	P1/tapping	6208599	25000	1			25000		other	0
012	42	Response	53	6213537	29938	1
012	42	Response	53	6218977	35378	1
012	42	Response	53	6225298	41698	1
012	42	Response	53	6231777	48178	1
012	42	Response	53	6237857	54258	1
012	42	Response	53	6244177	60577	1
012	42	Response	53	6250017	66418	1
012	42	Sound	n14	6255099	71500	1			71500		other	0
012	42	Picture	3-112-1-3	6313917	130318	7	5166	7	130000	5000	hit	308
012	42	Response	61	6327297	143697	1
012	43	Sound	P1/tapping	6359415	25000	1			25000		other	0
012	43	Response	53	6364337	29922	1
012	43	Response	53	6369617	35202	1
012	43	Response	53	6375857	41442	1
012	43	Response	53	6381857	47442	1
012	43	Response	53	6387777	53362	1
012	43	Response	53	6393217	58802	1
012	43	Response	53	6398977	64562	1
012	43	Response	53	6405218	70803	2
012	43	Sound	f07	6405915	71500	1			71500		other	0
012	43	Picture	2-112-1-2	6464733	130318	7	5166	7	130000	5000	incorrect	320
012	43	Response	52	6482497	148082	2
012	44	Sound	P1/tapping	6510230	25000	1			25000		other	0
012	44	Response	53	6514017	28786	2
012	44	Response	53	6520097	34866	1
012	44	Response	53	6526577	41346	1
012	44	Response	53	6533457	48226	1
012	44	Response	53	6540017	54786	1
012	44	Response	53	6545697	60466	3
012	44	Response	53	6551936	66706	3
012	44	Sound	n11	6556730	71500	1			71500		other	0
012	44	Response	53	6558737	73506	1
012	44	Picture	2-112-1-2	6615549	130318	7	5166	7	130000	5000	hit	332
012	44	Response	61	6624497	139266	1
012	45	Sound	P2/both1	6661046	25000	1			25000		other	0
012	45	Response	53	6666737	30690	1
012	45	Response	53	6672336	36290	1
012	45	Response	53	6678096	42050	1
012	45	Response	53	6684417	48370	1
012	45	Response	53	6690897	54851	1
012	45	Response	53	6696497	60451	2
012	45	Response	53	6702417	66370	1
012	45	Sound	test10	6707546	71500	1			71500		other	0
012	45	Response	53	6708417	72370	1
012	45	Picture	2-224-1-2	6766364	130318	7	5166	7	130000	5000	hit	344
012	45	Response	62	6776576	140530	1
012	46	Sound	P2/both	6811862	25000	1			25000		other	0
012	46	Response	53	6814257	27395	1
012	46	Response	53	6818817	31955	1
012	46	Response	53	6823536	36675	1
012	46	Response	53	6829296	42435	1
012	46	Response	53	6835616	48755	1
012	46	Response	53	6841617	54755	1
012	46	Response	53	6847697	60835	1
012	46	Response	53	6853697	66835	1
012	46	Sound	test14	6858362	71500	1			71500		other	0
012	46	Response	53	6858977	72115	1
012	46	Picture	3-224-1-3	6917180	130318	7	5166	7	130000	5000	hit	357
012	46	Response	62	6928177	141315	1
012	47	Sound	P2/both	6962677	25000	1			25000		other	0
012	47	Response	53	6969377	31699	1
012	47	Response	53	6974576	36899	1
012	47	Response	53	6980976	43299	1
012	47	Response	53	6986656	48979	1
012	47	Response	53	6992336	54659	1
012	47	Response	53	6997697	60019	2
012	47	Response	53	7004016	66339	2
012	47	Sound	test21	7009177	71500	1			71500		other	0
012	47	Picture	2-224-2-2	7067995	130318	7	5166	7	130000	5000	hit	368
012	47	Response	62	7079216	141539	1
012	48	Sound	P2/both	7113493	25000	1			25000		other	0
012	48	Response	53	7119296	30803	1
012	48	Response	53	7124736	36243	1
012	48	Response	53	7130657	42164	1
012	48	Response	53	7136656	48164	1
012	48	Response	53	7142977	54484	3
012	48	Response	53	7148417	59924	1
012	48	Response	53	7154896	66403	1
012	48	Sound	test11	7159993	71500	1			71500		other	0
012	48	Picture	3-224-1-3	7218811	130318	7	5166	7	130000	5000	hit	379
012	48	Response	62	7228977	140484	2
012	49	Sound	P1/tapping1	7264309	25000	1			25000		other	0
012	49	Response	53	7269616	30308	1
012	49	Response	53	7276017	36708	1
012	49	Response	53	7281857	42548	2
012	49	Response	53	7287856	48548	2
012	49	Response	53	7294176	54868	1
012	49	Response	53	7299616	60308	1
012	49	Response	53	7305296	65988	1
012	49	Sound	f22	7310808	71500	1			71500		other	0
012	49	Response	53	7310816	71508	1
012	49	Picture	3-112-1-3	7369627	130318	7	5166	7	130000	5000	hit	391
012	49	Response	61	7387137	147828	3
012	50	Sound	P1/tapping	7415124	25000	1			25000		other	0
012	50	Response	53	7420736	30612	1
012	50	Response	53	7426576	36452	1
012	50	Response	53	7432496	42372	1
012	50	Response	53	7438176	48052	1
012	50	Response	53	7443856	53732	2
012	50	Response	53	7449296	59172	1
012	50	Response	53	7455296	65172	1
012	50	Response	53	7461136	71012	1
012	50	Sound	n12	7461624	71500	1			71500		other	0
012	50	Picture	3-112-1-3	7520442	130318	7	5166	7	130000	5000	hit	403
012	50	Response	61	7529616	139492	1
012	51	Sound	P1/tapping	7565940	25000	1			25000		other	0
012	51	Response	53	7571856	30916	1
012	51	Response	53	7577616	36676	2
012	51	Response	53	7583136	42196	1
012	51	Response	53	7589056	48116	2
012	51	Response	53	7594816	53876	1
012	51	Response	53	7600096	59156	1
012	51	Response	53	7605376	64436	1
012	51	Response	53	7610816	69876	1
012	51	Sound	test25	7612440	71500	1			71500		other	0
012	51	Response	53	7616176	75236	1
012	51	Picture	3-222-1-3	7671258	130318	7	5166	7	130000	5000	hit	416
012	51	Response	62	7680096	139156	1
012	52	Sound	P1/tapping	7716755	25000	1			25000		other	0
012	52	Response	53	7722816	31061	1
012	52	Response	53	7727936	36180	1
012	52	Response	53	7733856	42101	2
012	52	Response	53	7739536	47780	1
012	52	Response	53	7745376	53621	1
012	52	Response	53	7750816	59060	3
012	52	Response	53	7756096	64340	1
012	52	Response	53	7761136	69380	1
012	52	Sound	f20	7763255	71500	1			71500		other	0
012	52	Picture	3-112-1-3	7822074	130318	7	5166	7	130000	5000	hit	428
012	52	Response	61	7830816	139060	1
012	53	Sound	P0/none1	7867571	25000	1			25000		other	0
012	53	Sound	f12	7914071	71500	1			71500		other	0
012	53	Picture	3-111-1-3	7972889	130318	7	5166	7	130000	5000	incorrect	432
012	53	Response	52	7982496	139925	1
012	54	Sound	P0/none	8018387	25000	1			25000		other	0
012	54	Sound	test06	8064887	71500	1			71500		other	0
012	54	Picture	2-211-1-2	8123705	130318	7	5166	7	130000	5000	hit	436
012	54	Response	61	8133616	140229	1
012	55	Sound	P0/none	8169202	25000	1			25000		other	0
012	55	Sound	f06	8215702	71500	1			71500		other	0
012	55	Picture	2-121-1-2	8274520	130318	7	5166	7	130000	5000	hit	440
012	55	Response	62	8283216	139013	2
012	56	Sound	P0/none	8320018	25000	1			25000		other	0
012	56	Sound	n10	8366518	71500	1			71500		other	0
012	56	Picture	3-111-1-3	8425336	130318	7	5166	7	130000	5000	hit	444
012	56	Response	61	8433616	138598	2
012	57	Sound	P2/beat1	8470833	25000	1			25000		other	0
012	57	Sound	f13	8517333	71500	1			71500		other	0
012	57	Picture	2-123-1-2	8576152	130318	7	5166	7	130000	5000	hit	448
012	57	Response	62	8584096	138262	2
012	58	Sound	P2/beat	8621649	25000	1			25000		other	0
012	58	Sound	test22	8668149	71500	1			71500		other	0
012	58	Picture	2-213-2-2	8726967	130318	7	5166	7	130000	5000	hit	452
012	58	Response	61	8736815	140166	3
012	59	Sound	P2/beat	8772464	25000	1			25000		other	0
012	59	Sound	n09	8818964	71500	1			71500		other	0
012	59	Picture	3-223-1-3	8877783	130318	7	5166	7	130000	5000	hit	456
012	59	Response	62	8886255	138791	2
012	60	Sound	P2/beat	8923280	25000	1			25000		other	0
012	60	Sound	test19	8969780	71500	1			71500		other	0
012	60	Picture	2-213-1-2	9028598	130318	7	5166	7	130000	5000	hit	460
012	60	Response	61	9042895	144615	1


Event Type	Code	Type	Response	RT	RT Uncertainty	Time	Uncertainty	Duration	Uncertainty	ReqTime	ReqDur

Sound	P2/beat1	other				25156	1			25000
Sound	n05	other				71660	1			71500
Picture	3-113-1-3	incorrect	2	12182	7	130479	7	5166	7	130000	5000
Sound	P2/beat	other				175976	1			25000
Sound	f05	other				222476	1			71500
Picture	3-113-1-3	hit	1	12727	7	281294	7	5166	7	130000	5000
Sound	P2/beat	other				326792	1			25000
Sound	n01	other				373292	1			71500
Picture	3-223-1-3	hit	2	11351	7	432110	7	5166	7	130000	5000
Sound	P2/beat	other				477607	1			25000
Sound	test15	other				524107	1			71500
Picture	2-223-1-2	hit	2	15495	7	582926	7	5166	7	130000	5000
Sound	P1/tapping1	other				628423	1			25000
Sound	f08	other				674923	1			71500
Picture	3-122-2-3	hit	2	9799	8	733741	7	5166	7	130000	5000
Sound	P1/tapping	other				779239	1			25000
Sound	f01	other				825739	1			71500
Picture	2-122-1-2	hit	2	15064	7	884557	7	5166	7	130000	5000
Sound	P1/tapping	other				930054	1			25000
Sound	n03	other				976554	1			71500
Picture	3-122-1-3	hit	2	11048	7	1035372	7	5166	7	130000	5000
Sound	P1/tapping	other				1080869	1			25000
Sound	test18	other				1127370	1			71500
Picture	3-212-1-3	hit	1	13993	8	1186188	7	5166	7	130000	5000
Sound	P2/both1	other				1231685	1			25000
Sound	test13	other				1278185	1			71500
Picture	3-214-1-3	incorrect	2	11657	7	1337004	7	5166	7	130000	5000
Sound	P2/both	other				1382501	1			25000
Sound	test04	other				1429001	1			71500
Picture	2-224-1-2	hit	2	14842	8	1487819	7	5166	7	130000	5000
Sound	P2/both	other				1533317	1			25000
Sound	f15	other				1579816	1			71500
Picture	3-124-1-3	hit	2	8665	7	1638635	7	5166	7	130000	5000
Sound	P2/both	other				1684132	1			25000
Sound	f21	other				1730632	1			71500
Picture	3-124-1-3	miss				1789450	7	5166	7	130000	5000
Sound	P0/none1	other				1834947	1			25000
Sound	n07	other				1881448	1			71500
Picture	2-221-1-2	hit	2	17114	7	1940266	7	5166	7	130000	5000
Sound	P0/none	other				1985763	1			25000
Sound	n04	other				2032263	1			71500
Picture	2-211-1-2	hit	1	10938	7	2091081	7	5166	7	130000	5000
Sound	P0/none	other				2136579	1			25000
Sound	f03	other				2183079	1			71500
Picture	2-111-1-2	incorrect	2	11883	9	2241897	7	5166	7	130000	5000
Sound	P0/none	other				2287394	1			25000
Sound	test05	other				2333894	1			71500
Picture	2-211-1-2	hit	1	11468	8	2392712	7	5166	7	130000	5000
Sound	P2/beat1	other				2438210	1			25000
Sound	test16	other				2484710	1			71500
Picture	3-213-1-3	hit	1	13931	8	2543528	7	5166	7	130000	5000
Sound	P2/beat	other				2589025	1			25000
Sound	f11	other				2635526	1			71500
Picture	3-113-1-3	hit	1	9836	8	2694344	7	5166	7	130000	5000
Sound	P2/beat	other				2739841	1			25000
Sound	test07	other				2786341	1			71500
Picture	2-223-1-2	hit	2	17100	7	2845159	7	5166	7	130000	5000
Sound	P2/beat	other				2890657	1			25000
Sound	f23	other				2937157	1			71500
Picture	2-113-1-2	hit	1	9004	7	2995975	7	5166	7	130000	5000
Sound	P0/none1	other				3041472	1			25000
Sound	test23	other				3087972	1			71500
Picture	2-221-2-2	hit	2	12829	7	3146790	7	5166	7	130000	5000
Sound	P0/none	other				3192288	1			25000
Sound	f24	other				3238787	1			71500
Picture	3-121-1-3	hit	2	8973	7	3297606	7	5166	7	130000	5000
Sound	P0/none	other				3343103	1			25000
Sound	n06	other				3389603	1			71500
Picture	3-211-1-3	incorrect	2	15437	7	3448421	7	5166	7	130000	5000
Sound	P0/none	other				3493919	1			25000
Sound	test24	other				3540419	1			71500
Picture	2-221-1-2	hit	2	8862	7	3599237	7	5166	7	130000	5000
Sound	P1/tapping1	other				3644734	1			25000
Sound	test02	other				3691234	1			71500
Picture	2-212-1-2	hit	1	10206	7	3750053	7	5166	7	130000	5000
Sound	P1/tapping	other				3795550	1			25000
Sound	f14	other				3842050	1			71500
Picture	2-122-2-2	hit	2	16110	8	3900868	7	5166	7	130000	5000
Sound	P1/tapping	other				3946365	1			25000
Sound	f17	other				3992865	1			71500
Picture	3-122-1-3	hit	2	9775	7	4051684	7	5166	7	130000	5000
Sound	P1/tapping	other				4097181	1			25000
Sound	test17	other				4143681	1			71500
Picture	2-222-2-2	hit	2	14319	7	4202499	7	5166	7	130000	5000
Sound	P2/beat1	other				4247997	1			25000
Sound	f10	other				4294497	1			71500
Picture	2-123-1-2	hit	2	16704	7	4353315	7	5166	7	130000	5000
Sound	P2/beat	other				4398812	1			25000
Sound	test01	other				4445312	1			71500
Picture	2-223-1-2	hit	2	16368	7	4504130	7	5166	7	130000	5000
Sound	P2/beat	other				4549628	1			25000
Sound	test12	other				4596128	1			71500
Picture	2-213-1-2	incorrect	2	15152	8	4654946	7	5166	7	130000	5000
Sound	P2/beat	other				4700443	1			25000
Sound	test08	other				4746943	1			71500
Picture	2-223-1-2	hit	2	13456	7	4805762	7	5166	7	130000	5000
Sound	P2/both1	other				4851259	1			25000
Sound	f09	other				4897759	1			71500
Picture	3-114-1-3	hit	1	9601	7	4956577	7	5166	7	130000	5000
Sound	P2/both	other				5002074	1			25000
Sound	test03	other				5048574	1			71500
Picture	3-214-1-3	hit	1	10385	7	5107393	7	5166	7	130000	5000
Sound	P2/both	other				5152890	1			25000
Sound	f04	other				5199390	1			71500
Picture	3-114-1-3	hit	1	11729	7	5258208	7	5166	7	130000	5000
Sound	P2/both	other				5303706	1			25000
Sound	f18	other				5350206	1			71500
Picture	2-114-2-2	hit	1	9313	7	5409024	7	5166	7	130000	5000
Sound	P0/none1	other				5454521	1			25000
Sound	f19	other				5501021	1			71500
Picture	3-121-1-3	hit	2	11618	7	5559839	7	5166	7	130000	5000
Sound	P0/none	other				5605337	1			25000
Sound	test09	other				5651837	1			71500
Picture	2-211-1-2	incorrect	2	12242	7	5710655	7	5166	7	130000	5000
Sound	P0/none	other				5756152	1			25000
Sound	f02	other				5802652	1			71500
Picture	3-121-2-3	hit	2	9106	7	5861471	7	5166	7	130000	5000
Sound	P0/none	other				5906968	1			25000
Sound	n13	other				5953468	1			71500
Picture	2-221-1-2	hit	2	11251	7	6012286	7	5166	7	130000	5000
Sound	P1/tapping1	other				6057784	1			25000
Sound	f16	other				6104283	1			71500
Picture	3-112-1-3	incorrect	2	15875	8	6163102	7	5166	7	130000	5000
Sound	P1/tapping	other				6208599	1			25000
Sound	n14	other				6255099	1			71500
Picture	3-112-1-3	hit	1	13379	7	6313917	7	5166	7	130000	5000
Sound	P1/tapping	other				6359415	1			25000
Sound	f07	other				6405915	1			71500
Picture	2-112-1-2	incorrect	2	17764	8	6464733	7	5166	7	130000	5000
Sound	P1/tapping	other				6510230	1			25000
Sound	n11	other				6556730	1			71500
Picture	2-112-1-2	hit	1	8948	7	6615549	7	5166	7	130000	5000
Sound	P2/both1	other				6661046	1			25000
Sound	test10	other				6707546	1			71500
Picture	2-224-1-2	hit	2	10212	7	6766364	7	5166	7	130000	5000
Sound	P2/both	other				6811862	1			25000
Sound	test14	other				6858362	1			71500
Picture	3-224-1-3	hit	2	10997	7	6917180	7	5166	7	130000	5000
Sound	P2/both	other				6962677	1			25000
Sound	test21	other				7009177	1			71500
Picture	2-224-2-2	hit	2	11221	7	7067995	7	5166	7	130000	5000
Sound	P2/both	other				7113493	1			25000
Sound	test11	other				7159993	1			71500
Picture	3-224-1-3	hit	2	10166	9	7218811	7	5166	7	130000	5000
Sound	P1/tapping1	other				7264309	1			25000
Sound	f22	other				7310808	1			71500
Picture	3-112-1-3	hit	1	17510	9	7369627	7	5166	7	130000	5000
Sound	P1/tapping	other				7415124	1			25000
Sound	n12	other				7461624	1			71500
Picture	3-112-1-3	hit	1	9174	7	7520442	7	5166	7	130000	5000
Sound	P1/tapping	other				7565940	1			25000
Sound	test25	other				7612440	1			71500
Picture	3-222-1-3	hit	2	8838	7	7671258	7	5166	7	130000	5000
Sound	P1/tapping	other				7716755	1			25000
Sound	f20	other				7763255	1			71500
Picture	3-112-1-3	hit	1	8742	7	7822074	7	5166	7	130000	5000
Sound	P0/none1	other				7867571	1			25000
Sound	f12	other				7914071	1			71500
Picture	3-111-1-3	incorrect	2	9607	7	7972889	7	5166	7	130000	5000
Sound	P0/none	other				8018387	1			25000
Sound	test06	other				8064887	1			71500
Picture	2-211-1-2	hit	1	9911	7	8123705	7	5166	7	130000	5000
Sound	P0/none	other				8169202	1			25000
Sound	f06	other				8215702	1			71500
Picture	2-121-1-2	hit	2	8695	8	8274520	7	5166	7	130000	5000
Sound	P0/none	other				8320018	1			25000
Sound	n10	other				8366518	1			71500
Picture	3-111-1-3	hit	1	8280	8	8425336	7	5166	7	130000	5000
Sound	P2/beat1	other				8470833	1			25000
Sound	f13	other				8517333	1			71500
Picture	2-123-1-2	hit	2	7944	8	8576152	7	5166	7	130000	5000
Sound	P2/beat	other				8621649	1			25000
Sound	test22	other				8668149	1			71500
Picture	2-213-2-2	hit	1	9848	9	8726967	7	5166	7	130000	5000
Sound	P2/beat	other				8772464	1			25000
Sound	n09	other				8818964	1			71500
Picture	3-223-1-3	hit	2	8473	8	8877783	7	5166	7	130000	5000
Sound	P2/beat	other				8923280	1			25000
Sound	test19	other				8969780	1			71500
Picture	2-213-1-2	hit	1	14297	7	9028598	7	5166	7	130000	5000

The following output port codes were not sent because of a conflict on the port.
Port	Code	Time(ms)
1	53	731082


{
   "app": "Presentation Version 22.1 Build 01.21.21",
   "device": "Dell Inc. OptiPlex 7050",
   "experiment": "{C8E97CB4-6FCA-44FA-B866-4A2D94B6B85C}",
   "os": "Windows 10 64 bit",
   "package": "",
   "parameters": {
      "configuration": "Default configuration"
   },
   "scenario": "entrain_list1_sess2_EB.sce",
   "subject": "012",
   "timestamp": "2022/10/14 09:26:09 GMT"
}
