Scenario - test
Logfile written - 10/14/2022 11:03:47

Subject	Trial	Event Type	Code	Time	TTime	Uncertainty	Duration	Uncertainty	ReqTime	ReqDur	Stim Type	Pair Index

012	1	Sound	P2/both1	25160	24999	1			25000		other	0
012	1	Response	53	28210	28050	1
012	1	Response	53	32850	32690	1
012	1	Response	53	37730	37570	2
012	1	Response	53	43330	43170	1
012	1	Response	53	48690	48530	2
012	1	Response	53	55250	55090	1
012	1	Response	53	61090	60930	1
012	1	Response	53	66770	66610	1
012	1	Sound	test06	71661	71500	1			71500		other	0
012	1	Response	53	72850	72690	1
012	1	Picture	3-224-1-3	130479	130318	7	5166	7	130000	5000	hit	13
012	1	Response	62	141491	141330	2
012	2	Sound	P2/both	175976	25000	1			25000		other	0
012	2	Response	53	177970	26994	1
012	2	Response	53	181970	30994	1
012	2	Response	53	187570	36593	1
012	2	Response	53	193330	42354	1
012	2	Response	53	200130	49154	1
012	2	Response	53	206290	55314	1
012	2	Response	53	212210	61234	1
012	2	Response	53	218290	67314	1
012	2	Sound	f17	222476	71500	1			71500		other	0
012	2	Picture	2-114-2-2	281294	130318	7	5166	7	130000	5000	hit	25
012	2	Response	61	291330	140354	2
012	3	Response	53	324530	22739	1
012	3	Sound	P2/both	326792	25000	1			25000		other	0
012	3	Response	53	332290	30499	1
012	3	Response	53	338530	36738	1
012	3	Response	53	345090	43298	1
012	3	Response	53	351010	49218	2
012	3	Response	53	356370	54578	1
012	3	Response	53	362610	60818	1
012	3	Response	53	368130	66338	1
012	3	Sound	f02	373292	71500	1			71500		other	0
012	3	Picture	3-114-2-3	432110	130318	7	5166	7	130000	5000	hit	37
012	3	Response	61	440850	139058	1
012	4	Sound	P2/both	477607	25000	1			25000		other	0
012	4	Response	53	480770	28163	2
012	4	Response	53	485090	32483	2
012	4	Response	53	490130	37523	1
012	4	Response	53	496610	44003	1
012	4	Response	53	502210	49603	1
012	4	Response	53	507730	55123	1
012	4	Response	53	513810	61203	2
012	4	Response	53	520131	67523	2
012	4	Sound	n09	524107	71500	1			71500		other	0
012	4	Picture	2-214-2-2	582925	130318	7	5166	7	130000	5000	hit	49
012	4	Response	61	592610	140003	1
012	5	Sound	P0/none1	628423	25000	1			25000		other	0
012	5	Sound	test15	674923	71500	1			71500		other	0
012	5	Picture	2-211-1-2	733741	130318	7	5166	7	130000	5000	hit	53
012	5	Response	61	744930	141507	1
012	6	Sound	P0/none	779238	25000	1			25000		other	0
012	6	Sound	test07	825738	71500	1			71500		other	0
012	6	Picture	3-221-1-3	884556	130318	7	5166	7	130000	5000	hit	57
012	6	Response	62	898850	144611	1
012	7	Sound	P0/none	930054	25000	1			25000		other	0
012	7	Sound	f16	976553	71500	1			71500		other	0
012	7	Picture	2-121-1-2	1035372	130318	7	5166	7	130000	5000	hit	61
012	7	Response	62	1045489	140436	2
012	8	Sound	P0/none	1080869	25000	1			25000		other	0
012	8	Sound	f15	1127369	71500	1			71500		other	0
012	8	Picture	2-111-2-2	1186187	130318	7	5166	7	130000	5000	hit	65
012	8	Response	61	1196529	140660	3
012	9	Sound	P1/tapping1	1231685	25000	1			25000		other	0
012	9	Response	53	1233329	26645	1
012	9	Response	53	1238049	31365	1
012	9	Response	53	1244609	37925	1
012	9	Response	53	1251409	44724	1
012	9	Response	53	1258130	51445	2
012	9	Response	53	1264850	58165	1
012	9	Response	53	1271009	64325	2
012	9	Response	53	1277409	70724	1
012	9	Sound	test24	1278185	71500	1			71500		other	0
012	9	Picture	2-212-2-2	1337003	130318	7	5166	7	130000	5000	hit	77
012	9	Response	61	1344050	137365	2
012	10	Sound	P1/tapping	1382500	25000	1			25000		other	0
012	10	Response	53	1384369	26869	1
012	10	Response	53	1389010	31509	2
012	10	Response	53	1395249	37749	1
012	10	Response	53	1401889	44389	1
012	10	Response	53	1408209	50709	1
012	10	Response	53	1414210	56709	2
012	10	Response	53	1420209	62709	2
012	10	Response	53	1425730	68230	1
012	10	Sound	n01	1429000	71500	1			71500		other	0
012	10	Picture	2-222-1-2	1487818	130318	7	5166	7	130000	5000	hit	89
012	10	Response	62	1499169	141669	1
012	11	Sound	P1/tapping	1533316	25000	1			25000		other	0
012	11	Response	53	1538449	30134	1
012	11	Response	53	1543809	35493	2
012	11	Response	53	1550449	42133	1
012	11	Response	53	1557170	48854	2
012	11	Response	53	1564290	55974	2
012	11	Response	53	1570369	62053	1
012	11	Response	53	1576689	68373	2
012	11	Sound	test12	1579816	71500	1			71500		other	0
012	11	Picture	3-222-1-3	1638634	130318	7	5166	7	130000	5000	hit	100
012	11	Response	62	1649089	140773	1
012	12	Sound	P1/tapping	1684131	25000	1			25000		other	0
012	12	Response	53	1688369	29238	1
012	12	Response	53	1693569	34438	1
012	12	Response	53	1699969	40838	1
012	12	Response	53	1706130	46999	1
012	12	Response	53	1712529	53398	1
012	12	Response	53	1718449	59318	1
012	12	Response	53	1724529	65398	1
012	12	Sound	test03	1730631	71500	1			71500		other	0
012	12	Response	53	1731169	72038	2
012	12	Picture	3-222-1-3	1789449	130318	7	5166	7	130000	5000	hit	112
012	12	Response	62	1799409	140278	1
012	13	Sound	P2/beat1	1834946	25000	1			25000		other	0
012	13	Sound	test04	1881446	71500	1			71500		other	0
012	13	Picture	3-213-1-3	1940264	130318	7	5166	7	130000	5000	incorrect	116
012	13	Response	52	1954609	144663	1
012	14	Sound	P2/beat	1985762	25000	1			25000		other	0
012	14	Sound	f12	2032262	71500	1			71500		other	0
012	14	Picture	3-123-1-3	2091080	130318	7	5166	7	130000	5000	hit	120
012	14	Response	62	2102288	141526	1
012	15	Sound	P2/beat	2136578	25000	1			25000		other	0
012	15	Response	53	2141249	29671	1
012	15	Sound	test21	2183077	71500	1			71500		other	0
012	15	Picture	2-213-2-2	2241896	130318	7	5166	7	130000	5000	hit	125
012	15	Response	61	2250849	139271	1
012	16	Sound	P2/beat	2287393	25000	1			25000		other	0
012	16	Sound	test14	2333893	71500	1			71500		other	0
012	16	Picture	2-213-1-2	2392711	130318	7	5166	7	130000	5000	incorrect	129
012	16	Response	52	2404049	141656	2
012	17	Sound	P0/none1	2438208	25000	1			25000		other	0
012	17	Sound	f08	2484708	71500	1			71500		other	0
012	17	Picture	2-121-1-2	2543526	130318	7	5166	7	130000	5000	hit	133
012	17	Response	62	2552208	139000	1
012	18	Sound	P0/none	2589024	25000	1			25000		other	0
012	18	Sound	f05	2635524	71500	1			71500		other	0
012	18	Picture	3-121-1-3	2694342	130318	86	5166	86	130000	5000	hit	137
012	18	Response	62	2705328	141304	1
012	19	Sound	P0/none	2739839	25000	1			25000		other	0
012	19	Sound	n05	2786339	71500	1			71500		other	0
012	19	Picture	2-111-2-2	2845157	130318	7	5166	7	130000	5000	hit	141
012	19	Response	61	2855088	140249	1
012	20	Sound	P0/none	2890655	25000	1			25000		other	0
012	20	Sound	f13	2937155	71500	1			71500		other	0
012	20	Picture	2-111-1-2	2995973	130318	7	5166	7	130000	5000	hit	145
012	20	Response	61	3005488	139833	1
012	21	Sound	P2/beat1	3041470	25000	1			25000		other	0
012	21	Sound	f06	3087970	71500	1			71500		other	0
012	21	Picture	3-113-1-3	3146788	130318	7	5166	7	130000	5000	hit	149
012	21	Response	61	3157568	141098	1
012	22	Sound	P2/beat	3192286	25000	1			25000		other	0
012	22	Sound	n03	3238786	71500	1			71500		other	0
012	22	Picture	3-113-1-3	3297604	130318	7	5166	7	130000	5000	hit	153
012	22	Response	61	3306768	139482	1
012	23	Sound	P2/beat	3343101	25000	1			25000		other	0
012	23	Sound	f22	3389601	71500	1			71500		other	0
012	23	Picture	2-113-2-2	3448419	130318	7	5166	7	130000	5000	incorrect	157
012	23	Response	52	3458208	140107	2
012	24	Sound	P2/beat	3493917	25000	1			25000		other	0
012	24	Sound	test11	3540416	71500	1			71500		other	0
012	24	Picture	3-213-1-3	3599235	130318	7	5166	7	130000	5000	hit	161
012	24	Response	61	3608288	139371	1
012	25	Sound	P2/both1	3644732	25000	1			25000		other	0
012	25	Response	53	3647489	27756	1
012	25	Response	53	3652048	32316	1
012	25	Response	53	3656928	37196	1
012	25	Response	53	3662288	42555	1
012	25	Response	53	3667969	48236	1
012	25	Response	53	3673968	54235	1
012	25	Response	53	3679968	60236	1
012	25	Response	53	3685168	65435	2
012	25	Response	53	3691008	71275	1
012	25	Sound	test05	3691232	71500	1			71500		other	0
012	25	Picture	3-224-1-3	3750050	130318	7	5166	7	130000	5000	hit	174
012	25	Response	62	3758448	138716	1
012	26	Sound	P2/both	3795547	25000	1			25000		other	0
012	26	Response	53	3795648	25100	1
012	26	Response	53	3800928	30380	2
012	26	Response	53	3806608	36061	1
012	26	Response	53	3812368	41820	1
012	26	Response	53	3818688	48140	2
012	26	Response	53	3824048	53501	2
012	26	Response	53	3830368	59820	1
012	26	Response	53	3836368	65820	1
012	26	Sound	n12	3842047	71500	1			71500		other	0
012	26	Response	53	3842288	71740	2
012	26	Picture	2-114-2-2	3900866	130318	7	5166	7	130000	5000	incorrect	187
012	26	Response	52	3912688	142140	1
012	27	Response	53	3945248	23884	1
012	27	Sound	P2/both	3946363	25000	1			25000		other	0
012	27	Response	53	3951328	29964	1
012	27	Response	53	3957248	35884	1
012	27	Response	53	3963808	42444	1
012	27	Response	53	3969648	48284	1
012	27	Response	53	3975647	54284	1
012	27	Response	53	3980847	59484	1
012	27	Response	53	3992208	70844	1
012	27	Sound	n10	3992863	71500	1			71500		other	0
012	27	Picture	2-124-1-2	4051681	130318	7	5166	7	130000	5000	hit	199
012	27	Response	62	4060767	139404	1
012	28	Sound	P2/both	4097178	25000	1			25000		other	0
012	28	Response	53	4102367	30188	1
012	28	Response	53	4108048	35869	2
012	28	Response	53	4113968	41789	3
012	28	Response	53	4119967	47789	1
012	28	Response	53	4126447	54269	1
012	28	Response	53	4132687	60509	2
012	28	Response	53	4138608	66429	1
012	28	Sound	test25	4143678	71500	1			71500		other	0
012	28	Response	53	4144767	72589	1
012	28	Picture	2-214-1-2	4202497	130318	7	5166	7	130000	5000	hit	211
012	28	Response	61	4212047	139868	1
012	29	Sound	P0/none1	4247994	25000	1			25000		other	0
012	29	Sound	f18	4294494	71500	1			71500		other	0
012	29	Picture	2-121-2-2	4353312	130318	7	5166	7	130000	5000	hit	215
012	29	Response	62	4364207	141213	1
012	30	Sound	P0/none	4398809	25000	1			25000		other	0
012	30	Sound	test10	4445309	71500	1			71500		other	0
012	30	Picture	3-221-1-3	4504128	130318	7	5166	7	130000	5000	hit	219
012	30	Response	62	4513007	139198	1
012	31	Sound	P0/none	4549625	25000	1			25000		other	0
012	31	Sound	test19	4596125	71500	1			71500		other	0
012	31	Picture	3-221-1-3	4654943	130318	7	5166	7	130000	5000	hit	223
012	31	Response	62	4664527	139902	1
012	32	Sound	P0/none	4700441	25000	1			25000		other	0
012	32	Sound	test18	4746941	71500	1			71500		other	0
012	32	Picture	2-211-1-2	4805759	130318	7	5166	7	130000	5000	hit	227
012	32	Response	61	4820127	144686	1
012	33	Sound	P1/tapping1	4851256	25000	1			25000		other	0
012	33	Response	53	4855887	29631	1
012	33	Response	53	4860927	34671	1
012	33	Response	53	4866687	40431	1
012	33	Response	53	4873247	46991	1
012	33	Response	53	4878847	52591	1
012	33	Response	53	4884368	58112	2
012	33	Response	53	4890047	63791	1
012	33	Response	53	4895808	69552	1
012	33	Sound	f11	4897756	71500	1			71500		other	0
012	33	Picture	3-122-1-3	4956574	130318	7	5166	7	130000	5000	hit	239
012	33	Response	62	4964687	138431	1
012	34	Sound	P1/tapping	5002071	25000	1			25000		other	0
012	34	Response	53	5007247	30175	1
012	34	Response	53	5013247	36176	1
012	34	Response	53	5019647	42575	1
012	34	Response	53	5025087	48015	1
012	34	Response	53	5031407	54335	1
012	34	Response	53	5037727	60655	1
012	34	Response	53	5043407	66335	1
012	34	Sound	n07	5048571	71500	1			71500		other	0
012	34	Response	53	5050047	72975	1
012	34	Picture	3-212-1-3	5107390	130318	7	5166	7	130000	5000	incorrect	251
012	34	Response	52	5121727	144655	1
012	35	Sound	P1/tapping	5152887	25000	1			25000		other	0
012	35	Response	53	5158047	30160	1
012	35	Response	53	5163647	35760	1
012	35	Response	53	5169807	41920	1
012	35	Response	53	5176527	48640	1
012	35	Response	53	5183087	55200	1
012	35	Response	53	5189007	61120	2
012	35	Response	53	5195007	67120	2
012	35	Sound	test09	5199387	71500	1			71500		other	0
012	35	Picture	3-212-1-3	5258205	130318	7	5166	7	130000	5000	hit	262
012	35	Response	61	5266207	138320	1
012	36	Sound	P1/tapping	5303702	25000	1			25000		other	0
012	36	Response	53	5308527	29824	1
012	36	Response	53	5314447	35744	2
012	36	Response	53	5320846	42144	1
012	36	Response	53	5326367	47664	1
012	36	Response	53	5331887	53184	1
012	36	Response	53	5337007	58304	1
012	36	Response	53	5343807	65104	1
012	36	Sound	test22	5350202	71500	1			71500		other	0
012	36	Response	53	5350287	71584	1
012	36	Response	52	5385887	107184	1
012	36	Picture	2-222-2-2	5409020	130318	7	5166	7	130000	5000	hit	275
012	36	Response	62	5422366	143664	1
012	37	Sound	P2/beat1	5454518	25000	1			25000		other	0
012	37	Sound	f14	5501018	71500	1			71500		other	0
012	37	Picture	2-113-2-2	5559836	130318	7	5166	7	130000	5000	hit	279
012	37	Response	61	5571566	142048	1
012	38	Sound	P2/beat	5605334	25000	1			25000		other	0
012	38	Sound	test17	5651833	71500	1			71500		other	0
012	38	Picture	3-223-1-3	5710651	130318	7	5166	7	130000	5000	hit	283
012	38	Response	62	5720286	139953	1
012	39	Sound	P2/beat	5756149	25000	1			25000		other	0
012	39	Sound	n14	5802649	71500	1			71500		other	0
012	39	Picture	2-123-2-2	5861467	130318	7	5166	7	130000	5000	hit	287
012	39	Response	62	5870447	139298	2
012	40	Sound	P2/beat	5906964	25000	1			25000		other	0
012	40	Sound	f01	5953465	71500	1			71500		other	0
012	40	Picture	3-123-1-3	6012282	130318	7	5166	7	130000	5000	hit	291
012	40	Response	62	6025407	143442	1
012	41	Sound	P2/both1	6057780	25000	1			25000		other	0
012	41	Response	53	6059086	26306	1
012	41	Response	53	6064286	31506	1
012	41	Response	53	6069566	36786	1
012	41	Response	53	6075167	42387	2
012	41	Response	53	6081006	48226	1
012	41	Response	53	6087247	54467	1
012	41	Response	53	6093646	60866	1
012	41	Response	53	6099167	66387	1
012	41	Sound	n06	6104280	71500	1			71500		other	0
012	41	Response	53	6105246	72466	2
012	41	Picture	2-214-2-2	6163098	130318	7	5166	7	130000	5000	hit	304
012	41	Response	61	6175166	142386	1
012	42	Sound	P2/both	6208595	25000	1			25000		other	0
012	42	Response	53	6211246	27650	1
012	42	Response	53	6214926	31331	1
012	42	Response	53	6219966	36370	1
012	42	Response	53	6226206	42610	1
012	42	Response	53	6232366	48770	1
012	42	Response	53	6237966	54370	1
012	42	Response	53	6243166	59570	1
012	42	Response	53	6248926	65331	1
012	42	Response	53	6254766	71170	1
012	42	Sound	f23	6255095	71500	1			71500		other	0
012	42	Picture	3-124-1-3	6313914	130318	7	5166	7	130000	5000	hit	317
012	42	Response	62	6326206	142610	1
012	43	Sound	P2/both	6359411	25000	1			25000		other	0
012	43	Response	53	6362206	27795	1
012	43	Response	53	6366286	31875	1
012	43	Response	53	6371406	36995	1
012	43	Response	53	6377006	42595	1
012	43	Response	53	6382526	48115	1
012	43	Response	53	6388446	54035	1
012	43	Response	53	6393966	59555	2
012	43	Response	53	6400126	65715	1
012	43	Sound	test02	6405911	71500	1			71500		other	0
012	43	Response	53	6408046	73635	1
012	43	Picture	3-214-1-3	6464729	130318	7	5166	7	130000	5000	hit	330
012	43	Response	61	6472446	138035	2
012	44	Sound	P2/both	6510226	25000	1			25000		other	0
012	44	Response	53	6510926	25699	1
012	44	Response	53	6515966	30739	1
012	44	Response	53	6521806	36579	1
012	44	Response	53	6527886	42659	1
012	44	Response	53	6533966	48739	2
012	44	Response	53	6539326	54099	1
012	44	Response	53	6545166	59939	1
012	44	Response	53	6551726	66499	1
012	44	Sound	test08	6556726	71500	1			71500		other	0
012	44	Picture	3-214-1-3	6615545	130318	7	5166	7	130000	5000	incorrect	342
012	44	Response	52	6627806	142579	2
012	45	Sound	P0/none1	6661042	25000	1			25000		other	0
012	45	Sound	f10	6707542	71500	1			71500		other	0
012	45	Picture	3-121-1-3	6766360	130318	7	5166	7	130000	5000	hit	346
012	45	Response	62	6776286	140244	1
012	46	Sound	P0/none	6811857	25000	1			25000		other	0
012	46	Sound	f04	6858357	71500	1			71500		other	0
012	46	Picture	3-121-1-3	6917176	130318	7	5166	7	130000	5000	hit	350
012	46	Response	62	6930606	143749	2
012	47	Sound	P0/none	6962673	25000	1			25000		other	0
012	47	Sound	n11	7009173	71500	1			71500		other	0
012	47	Picture	3-121-2-3	7067991	130318	7	5166	7	130000	5000	hit	354
012	47	Response	62	7083486	145812	1
012	48	Sound	P0/none	7113489	25000	1			25000		other	0
012	48	Sound	test16	7159989	71500	1			71500		other	0
012	48	Picture	2-221-1-2	7218807	130318	7	5166	7	130000	5000	hit	358
012	48	Response	62	7229965	141477	1
012	49	Sound	P2/beat1	7264304	25000	1			25000		other	0
012	49	Sound	test13	7310804	71500	1			71500		other	0
012	49	Picture	2-223-1-2	7369622	130318	7	5166	7	130000	5000	hit	362
012	49	Response	62	7378126	138822	2
012	50	Sound	P2/beat	7415120	25000	1			25000		other	0
012	50	Sound	f21	7461620	71500	1			71500		other	0
012	50	Picture	2-113-2-2	7520438	130318	7	5166	7	130000	5000	incorrect	366
012	50	Response	52	7531085	140965	1
012	51	Sound	P2/beat	7565935	25000	1			25000		other	0
012	51	Sound	n13	7612435	71500	1			71500		other	0
012	51	Picture	2-213-1-2	7671253	130318	7	5166	7	130000	5000	hit	370
012	51	Response	61	7677805	136870	1
012	52	Sound	P2/beat	7716750	25000	1			25000		other	0
012	52	Sound	f09	7763250	71500	1			71500		other	0
012	52	Picture	3-123-1-3	7822069	130318	7	5166	7	130000	5000	incorrect	374
012	52	Response	51	7836365	144614	1
012	53	Sound	P2/both1	7867566	25000	1			25000		other	0
012	53	Response	53	7869405	26839	1
012	53	Response	53	7873885	31319	1
012	53	Response	53	7878925	36359	1
012	53	Response	53	7884685	42119	1
012	53	Response	53	7891005	48439	1
012	53	Response	53	7897325	54759	1
012	53	Response	53	7903165	60598	2
012	53	Response	53	7908445	65879	1
012	53	Sound	f07	7914066	71500	1			71500		other	0
012	53	Response	53	7915005	72439	1
012	53	Picture	3-114-1-3	7972884	130318	7	5166	7	130000	5000	incorrect	387
012	53	Response	52	7982765	140199	2
012	54	Response	53	8017485	24103	1
012	54	Sound	P2/both	8018382	25000	1			25000		other	0
012	54	Response	53	8023565	30183	1
012	54	Response	53	8029805	36423	1
012	54	Response	53	8035805	42423	1
012	54	Response	53	8041805	48423	1
012	54	Response	53	8047725	54343	2
012	54	Response	53	8053485	60103	2
012	54	Response	53	8059565	66183	1
012	54	Sound	test23	8064881	71500	1			71500		other	0
012	54	Picture	2-214-2-2	8123700	130318	7	5166	7	130000	5000	incorrect	399
012	54	Response	52	8135485	142103	1
012	55	Sound	P2/both	8169197	25000	1			25000		other	0
012	55	Response	53	8171085	26888	1
012	55	Response	53	8175165	30967	2
012	55	Response	53	8180685	36487	1
012	55	Response	53	8187405	43207	1
012	55	Response	53	8193485	49287	1
012	55	Response	53	8199805	55607	1
012	55	Response	53	8204845	60647	1
012	55	Response	53	8210125	65927	1
012	55	Sound	f03	8215697	71500	1			71500		other	0
012	55	Response	53	8215805	71607	1
012	55	Picture	3-124-1-3	8274515	130318	7	5166	7	130000	5000	hit	412
012	55	Response	62	8284445	140247	1
012	56	Response	53	8319725	24712	1
012	56	Sound	P2/both	8320013	25000	1			25000		other	0
012	56	Response	53	8325405	30392	2
012	56	Response	53	8330846	35833	1
012	56	Response	53	8337165	42152	1
012	56	Response	53	8342765	47752	1
012	56	Response	53	8348925	53912	1
012	56	Response	53	8355565	60552	1
012	56	Response	53	8361085	66072	1
012	56	Sound	f20	8366513	71500	1			71500		other	0
012	56	Response	53	8368205	73192	1
012	56	Picture	2-114-2-2	8425331	130318	7	5166	7	130000	5000	hit	425
012	56	Response	61	8435804	140792	1
012	57	Sound	P1/tapping1	8470828	25000	1			25000		other	0
012	57	Response	53	8472604	26776	1
012	57	Response	53	8476924	31096	1
012	57	Response	53	8482845	37016	1
012	57	Response	53	8489004	43176	1
012	57	Response	53	8494524	48696	1
012	57	Response	53	8500765	54937	2
012	57	Response	53	8506364	60536	1
012	57	Response	53	8513164	67336	1
012	57	Sound	test01	8517328	71500	1			71500		other	0
012	57	Picture	3-222-1-3	8576146	130318	7	5166	7	130000	5000	hit	437
012	57	Response	62	8588364	142536	1
012	58	Sound	P1/tapping	8621644	25000	1			25000		other	0
012	58	Response	53	8625644	29000	1
012	58	Response	53	8631404	34760	2
012	58	Response	53	8637804	41160	1
012	58	Response	53	8644124	47480	1
012	58	Response	53	8649724	53080	1
012	58	Response	53	8655084	58440	2
012	58	Response	53	8661244	64600	1
012	58	Sound	n04	8668144	71500	1			71500		other	0
012	58	Picture	3-212-1-3	8726962	130318	7	5166	7	130000	5000	incorrect	448
012	58	Response	52	8735965	139321	1
012	59	Sound	P1/tapping	8772459	25000	1			25000		other	0
012	59	Response	53	8777404	29945	2
012	59	Response	53	8783084	35625	1
012	59	Response	53	8789325	41865	1
012	59	Response	53	8794764	47305	1
012	59	Response	53	8800924	53465	1
012	59	Response	53	8806844	59385	1
012	59	Response	53	8812204	64745	1
012	59	Sound	f19	8818959	71500	1			71500		other	0
012	59	Picture	2-122-2-2	8877777	130318	7	5166	7	130000	5000	hit	459
012	59	Response	62	8890764	143305	1
012	60	Sound	P1/tapping	8923275	25000	1			25000		other	0
012	60	Response	53	8927484	29209	1
012	60	Response	53	8933244	34969	1
012	60	Response	53	8939325	41050	1
012	60	Response	53	8945644	47369	3
012	60	Response	53	8951965	53690	3
012	60	Response	53	8958525	60250	1
012	60	Response	53	8964525	66250	1
012	60	Sound	f24	8969775	71500	1			71500		other	0
012	60	Response	53	8970364	72089	1
012	60	Picture	2-122-1-2	9028593	130318	7	5166	7	130000	5000	hit	471
012	60	Response	62	9041404	143128	1


Event Type	Code	Type	Response	RT	RT Uncertainty	Time	Uncertainty	Duration	Uncertainty	ReqTime	ReqDur

Sound	P2/both1	other				25160	1			25000
Sound	test06	other				71661	1			71500
Picture	3-224-1-3	hit	2	11012	8	130479	7	5166	7	130000	5000
Sound	P2/both	other				175976	1			25000
Sound	f17	other				222476	1			71500
Picture	2-114-2-2	hit	1	10036	8	281294	7	5166	7	130000	5000
Sound	P2/both	other				326792	1			25000
Sound	f02	other				373292	1			71500
Picture	3-114-2-3	hit	1	8740	7	432110	7	5166	7	130000	5000
Sound	P2/both	other				477607	1			25000
Sound	n09	other				524107	1			71500
Picture	2-214-2-2	hit	1	9685	7	582925	7	5166	7	130000	5000
Sound	P0/none1	other				628423	1			25000
Sound	test15	other				674923	1			71500
Picture	2-211-1-2	hit	1	11189	7	733741	7	5166	7	130000	5000
Sound	P0/none	other				779238	1			25000
Sound	test07	other				825738	1			71500
Picture	3-221-1-3	hit	2	14294	7	884556	7	5166	7	130000	5000
Sound	P0/none	other				930054	1			25000
Sound	f16	other				976553	1			71500
Picture	2-121-1-2	hit	2	10118	8	1035372	7	5166	7	130000	5000
Sound	P0/none	other				1080869	1			25000
Sound	f15	other				1127369	1			71500
Picture	2-111-2-2	hit	1	10342	9	1186187	7	5166	7	130000	5000
Sound	P1/tapping1	other				1231685	1			25000
Sound	test24	other				1278185	1			71500
Picture	2-212-2-2	hit	1	7048	8	1337003	7	5166	7	130000	5000
Sound	P1/tapping	other				1382500	1			25000
Sound	n01	other				1429000	1			71500
Picture	2-222-1-2	hit	2	11351	7	1487818	7	5166	7	130000	5000
Sound	P1/tapping	other				1533316	1			25000
Sound	test12	other				1579816	1			71500
Picture	3-222-1-3	hit	2	10456	7	1638634	7	5166	7	130000	5000
Sound	P1/tapping	other				1684131	1			25000
Sound	test03	other				1730631	1			71500
Picture	3-222-1-3	hit	2	9960	7	1789449	7	5166	7	130000	5000
Sound	P2/beat1	other				1834946	1			25000
Sound	test04	other				1881446	1			71500
Picture	3-213-1-3	incorrect	2	14345	7	1940264	7	5166	7	130000	5000
Sound	P2/beat	other				1985762	1			25000
Sound	f12	other				2032262	1			71500
Picture	3-123-1-3	hit	2	11209	7	2091080	7	5166	7	130000	5000
Sound	P2/beat	other				2136578	1			25000
Sound	test21	other				2183077	1			71500
Picture	2-213-2-2	hit	1	8953	7	2241896	7	5166	7	130000	5000
Sound	P2/beat	other				2287393	1			25000
Sound	test14	other				2333893	1			71500
Picture	2-213-1-2	incorrect	2	11338	8	2392711	7	5166	7	130000	5000
Sound	P0/none1	other				2438208	1			25000
Sound	f08	other				2484708	1			71500
Picture	2-121-1-2	hit	2	8682	7	2543526	7	5166	7	130000	5000
Sound	P0/none	other				2589024	1			25000
Sound	f05	other				2635524	1			71500
Picture	3-121-1-3	hit	2	10987	87	2694342	86	5166	86	130000	5000
Sound	P0/none	other				2739839	1			25000
Sound	n05	other				2786339	1			71500
Picture	2-111-2-2	hit	1	9931	7	2845157	7	5166	7	130000	5000
Sound	P0/none	other				2890655	1			25000
Sound	f13	other				2937155	1			71500
Picture	2-111-1-2	hit	1	9515	7	2995973	7	5166	7	130000	5000
Sound	P2/beat1	other				3041470	1			25000
Sound	f06	other				3087970	1			71500
Picture	3-113-1-3	hit	1	10780	7	3146788	7	5166	7	130000	5000
Sound	P2/beat	other				3192286	1			25000
Sound	n03	other				3238786	1			71500
Picture	3-113-1-3	hit	1	9165	7	3297604	7	5166	7	130000	5000
Sound	P2/beat	other				3343101	1			25000
Sound	f22	other				3389601	1			71500
Picture	2-113-2-2	incorrect	2	9789	8	3448419	7	5166	7	130000	5000
Sound	P2/beat	other				3493917	1			25000
Sound	test11	other				3540416	1			71500
Picture	3-213-1-3	hit	1	9054	7	3599235	7	5166	7	130000	5000
Sound	P2/both1	other				3644732	1			25000
Sound	test05	other				3691232	1			71500
Picture	3-224-1-3	hit	2	8398	7	3750050	7	5166	7	130000	5000
Sound	P2/both	other				3795547	1			25000
Sound	n12	other				3842047	1			71500
Picture	2-114-2-2	incorrect	2	11822	7	3900866	7	5166	7	130000	5000
Sound	P2/both	other				3946363	1			25000
Sound	n10	other				3992863	1			71500
Picture	2-124-1-2	hit	2	9086	7	4051681	7	5166	7	130000	5000
Sound	P2/both	other				4097178	1			25000
Sound	test25	other				4143678	1			71500
Picture	2-214-1-2	hit	1	9550	7	4202497	7	5166	7	130000	5000
Sound	P0/none1	other				4247994	1			25000
Sound	f18	other				4294494	1			71500
Picture	2-121-2-2	hit	2	10895	7	4353312	7	5166	7	130000	5000
Sound	P0/none	other				4398809	1			25000
Sound	test10	other				4445309	1			71500
Picture	3-221-1-3	hit	2	8880	7	4504128	7	5166	7	130000	5000
Sound	P0/none	other				4549625	1			25000
Sound	test19	other				4596125	1			71500
Picture	3-221-1-3	hit	2	9584	7	4654943	7	5166	7	130000	5000
Sound	P0/none	other				4700441	1			25000
Sound	test18	other				4746941	1			71500
Picture	2-211-1-2	hit	1	14368	7	4805759	7	5166	7	130000	5000
Sound	P1/tapping1	other				4851256	1			25000
Sound	f11	other				4897756	1			71500
Picture	3-122-1-3	hit	2	8113	7	4956574	7	5166	7	130000	5000
Sound	P1/tapping	other				5002071	1			25000
Sound	n07	other				5048571	1			71500
Picture	3-212-1-3	incorrect	2	14337	7	5107390	7	5166	7	130000	5000
Sound	P1/tapping	other				5152887	1			25000
Sound	test09	other				5199387	1			71500
Picture	3-212-1-3	hit	1	8002	7	5258205	7	5166	7	130000	5000
Sound	P1/tapping	other				5303702	1			25000
Sound	test22	other				5350202	1			71500
Picture	2-222-2-2	hit	2	13346	7	5409020	7	5166	7	130000	5000
Sound	P2/beat1	other				5454518	1			25000
Sound	f14	other				5501018	1			71500
Picture	2-113-2-2	hit	1	11730	7	5559836	7	5166	7	130000	5000
Sound	P2/beat	other				5605334	1			25000
Sound	test17	other				5651833	1			71500
Picture	3-223-1-3	hit	2	9635	7	5710651	7	5166	7	130000	5000
Sound	P2/beat	other				5756149	1			25000
Sound	n14	other				5802649	1			71500
Picture	2-123-2-2	hit	2	8980	8	5861467	7	5166	7	130000	5000
Sound	P2/beat	other				5906964	1			25000
Sound	f01	other				5953465	1			71500
Picture	3-123-1-3	hit	2	13125	8	6012282	7	5166	7	130000	5000
Sound	P2/both1	other				6057780	1			25000
Sound	n06	other				6104280	1			71500
Picture	2-214-2-2	hit	1	12068	7	6163098	7	5166	7	130000	5000
Sound	P2/both	other				6208595	1			25000
Sound	f23	other				6255095	1			71500
Picture	3-124-1-3	hit	2	12292	7	6313914	7	5166	7	130000	5000
Sound	P2/both	other				6359411	1			25000
Sound	test02	other				6405911	1			71500
Picture	3-214-1-3	hit	1	7717	8	6464729	7	5166	7	130000	5000
Sound	P2/both	other				6510226	1			25000
Sound	test08	other				6556726	1			71500
Picture	3-214-1-3	incorrect	2	12261	8	6615545	7	5166	7	130000	5000
Sound	P0/none1	other				6661042	1			25000
Sound	f10	other				6707542	1			71500
Picture	3-121-1-3	hit	2	9926	7	6766360	7	5166	7	130000	5000
Sound	P0/none	other				6811857	1			25000
Sound	f04	other				6858357	1			71500
Picture	3-121-1-3	hit	2	13431	8	6917176	7	5166	7	130000	5000
Sound	P0/none	other				6962673	1			25000
Sound	n11	other				7009173	1			71500
Picture	3-121-2-3	hit	2	15495	7	7067991	7	5166	7	130000	5000
Sound	P0/none	other				7113489	1			25000
Sound	test16	other				7159989	1			71500
Picture	2-221-1-2	hit	2	11159	7	7218807	7	5166	7	130000	5000
Sound	P2/beat1	other				7264304	1			25000
Sound	test13	other				7310804	1			71500
Picture	2-223-1-2	hit	2	8504	8	7369622	7	5166	7	130000	5000
Sound	P2/beat	other				7415120	1			25000
Sound	f21	other				7461620	1			71500
Picture	2-113-2-2	incorrect	2	10647	7	7520438	7	5166	7	130000	5000
Sound	P2/beat	other				7565935	1			25000
Sound	n13	other				7612435	1			71500
Picture	2-213-1-2	hit	1	6552	7	7671253	7	5166	7	130000	5000
Sound	P2/beat	other				7716750	1			25000
Sound	f09	other				7763250	1			71500
Picture	3-123-1-3	incorrect	1	14296	7	7822069	7	5166	7	130000	5000
Sound	P2/both1	other				7867566	1			25000
Sound	f07	other				7914066	1			71500
Picture	3-114-1-3	incorrect	2	9881	8	7972884	7	5166	7	130000	5000
Sound	P2/both	other				8018382	1			25000
Sound	test23	other				8064881	1			71500
Picture	2-214-2-2	incorrect	2	11785	7	8123700	7	5166	7	130000	5000
Sound	P2/both	other				8169197	1			25000
Sound	f03	other				8215697	1			71500
Picture	3-124-1-3	hit	2	9929	7	8274515	7	5166	7	130000	5000
Sound	P2/both	other				8320013	1			25000
Sound	f20	other				8366513	1			71500
Picture	2-114-2-2	hit	1	10474	7	8425331	7	5166	7	130000	5000
Sound	P1/tapping1	other				8470828	1			25000
Sound	test01	other				8517328	1			71500
Picture	3-222-1-3	hit	2	12218	7	8576146	7	5166	7	130000	5000
Sound	P1/tapping	other				8621644	1			25000
Sound	n04	other				8668144	1			71500
Picture	3-212-1-3	incorrect	2	9003	7	8726962	7	5166	7	130000	5000
Sound	P1/tapping	other				8772459	1			25000
Sound	f19	other				8818959	1			71500
Picture	2-122-2-2	hit	2	12987	7	8877777	7	5166	7	130000	5000
Sound	P1/tapping	other				8923275	1			25000
Sound	f24	other				8969775	1			71500
Picture	2-122-1-2	hit	2	12810	7	9028593	7	5166	7	130000	5000


{
   "app": "Presentation Version 22.1 Build 01.21.21",
   "device": "Dell Inc. OptiPlex 7050",
   "experiment": "{C8E97CB4-6FCA-44FA-B866-4A2D94B6B85C}",
   "os": "Windows 10 64 bit",
   "package": "",
   "parameters": {
      "configuration": "Default configuration"
   },
   "scenario": "entrain_list1_sess4_EB.sce",
   "subject": "012",
   "timestamp": "2022/10/14 08:48:34 GMT"
}
