Scenario - test
Logfile written - 11/18/2022 10:27:44

Subject	Trial	Event Type	Code	Time	TTime	Uncertainty	Duration	Uncertainty	ReqTime	ReqDur	Stim Type	Pair Index

021	1	Sound	P2/beat1	25095	24768	1			25000		other	0
021	1	Sound	n05	71821	71494	1			71500		other	0
021	1	Picture	3-113-1-3	130645	130318	7	5166	7	130000	5000	incorrect	4
021	1	Response	52	143022	142695	1
021	2	Sound	P2/beat	176128	24985	1			25000		other	0
021	2	Sound	f05	222641	71498	1			71500		other	0
021	2	Picture	3-113-1-3	281460	130318	7	5166	7	130000	5000	miss	0
021	3	Response	52	306303	4345	2
021	3	Sound	P2/beat	326950	24992	1			25000		other	0
021	3	Sound	n01	373457	71499	1			71500		other	0
021	3	Picture	3-223-1-3	432276	130318	7	5166	7	130000	5000	hit	12
021	3	Response	62	440382	138424	1
021	4	Sound	P2/beat	477768	24995	1			25000		other	0
021	4	Sound	test15	524273	71499	1			71500		other	0
021	4	Picture	2-223-1-2	583091	130318	7	5166	7	130000	5000	incorrect	16
021	4	Response	51	592702	139928	1
021	5	Response	53	626462	22873	1
021	5	Sound	P1/tapping1	628584	24996	1			25000		other	0
021	5	Response	53	632622	29033	1
021	5	Response	53	639822	36233	1
021	5	Response	53	646221	42633	2
021	5	Response	53	654942	51354	2
021	5	Response	53	661982	58393	1
021	5	Response	53	669022	65433	1
021	5	Sound	f08	675088	71499	1			71500		other	0
021	5	Picture	3-122-2-3	733907	130318	7	5166	7	130000	5000	hit	27
021	5	Response	62	742382	138793	1
021	5	Response	51	749822	146233	1
021	6	Sound	P1/tapping	779401	24997	1			25000		other	0
021	6	Response	53	795422	41018	2
021	6	Response	53	801102	46698	1
021	6	Response	53	807022	52618	2
021	6	Response	53	814062	59657	1
021	6	Response	53	820542	66138	1
021	6	Sound	f01	825904	71500	1			71500		other	0
021	6	Picture	2-122-1-2	884722	130318	7	5166	7	130000	5000	hit	37
021	6	Response	62	895741	141337	1
021	7	Response	53	922141	16922	2
021	7	Response	53	928861	23642	1
021	7	Sound	P1/tapping	930217	24997	1			25000		other	0
021	7	Response	53	936302	31082	1
021	7	Response	53	943422	38202	2
021	7	Response	53	950941	45722	1
021	7	Response	53	957901	52682	2
021	7	Response	53	965741	60522	1
021	7	Response	53	972541	67322	1
021	7	Sound	n03	976719	71499	1			71500		other	0
021	7	Picture	3-122-1-3	1035537	130318	7	5166	7	130000	5000	hit	49
021	7	Response	62	1050781	145562	1
021	8	Response	53	1074941	18906	2
021	8	Sound	P1/tapping	1081032	24998	1			25000		other	0
021	8	Response	53	1083501	27466	1
021	8	Response	53	1090061	34027	1
021	8	Response	53	1098381	42346	1
021	8	Response	53	1105422	49387	2
021	8	Response	53	1113262	57227	2
021	8	Response	53	1121261	65226	1
021	8	Sound	test18	1127534	71500	1			71500		other	0
021	8	Picture	3-212-1-3	1186352	130318	7	5166	7	130000	5000	hit	60
021	8	Response	61	1198541	142506	1
021	9	Response	53	1222541	15691	2
021	9	Sound	P2/both1	1231848	24998	1			25000		other	0
021	9	Response	53	1234701	27851	1
021	9	Response	53	1240142	33292	2
021	9	Response	53	1243661	36811	1
021	9	Response	53	1250541	43691	1
021	9	Response	53	1256621	49771	1
021	9	Response	53	1262941	56091	2
021	9	Response	53	1268221	61371	1
021	9	Response	53	1274302	67452	2
021	9	Sound	test13	1278350	71500	1			71500		other	0
021	9	Picture	3-214-1-3	1337168	130318	7	5166	7	130000	5000	incorrect	73
021	9	Response	52	1343661	136811	1
021	10	Sound	P2/both	1382664	24998	1			25000		other	0
021	10	Response	53	1385183	27518	3
021	10	Response	53	1389101	31436	1
021	10	Response	53	1394221	36556	2
021	10	Response	53	1400941	43276	1
021	10	Response	53	1407022	49356	2
021	10	Response	53	1412861	55196	2
021	10	Response	53	1418781	61116	1
021	10	Response	53	1425181	67516	1
021	10	Sound	test04	1429165	71500	1			71500		other	0
021	10	Picture	2-224-1-2	1487983	130318	7	5166	7	130000	5000	hit	85
021	10	Response	62	1497741	140076	1
021	11	Sound	P2/both	1533479	24998	1			25000		other	0
021	11	Response	53	1535661	27180	1
021	11	Response	53	1539581	31100	1
021	11	Response	53	1545581	37100	2
021	11	Response	53	1551421	42940	1
021	11	Response	53	1557021	48540	1
021	11	Response	53	1562861	54380	1
021	11	Response	53	1569901	61420	1
021	11	Response	53	1575341	66860	2
021	11	Sound	f15	1579980	71499	1			71500		other	0
021	11	Picture	3-124-1-3	1638798	130318	7	5166	7	130000	5000	hit	97
021	11	Response	62	1652461	143980	1
021	12	Sound	P2/both	1684294	24998	1			25000		other	0
021	12	Response	53	1687181	27885	1
021	12	Response	53	1690221	30925	1
021	12	Response	53	1696061	36765	2
021	12	Response	53	1702301	43005	1
021	12	Response	53	1708301	49005	1
021	12	Response	53	1714381	55085	1
021	12	Response	53	1720541	61245	1
021	12	Response	53	1726301	67005	2
021	12	Sound	f21	1730796	71500	1			71500		other	0
021	12	Picture	3-124-1-3	1789614	130318	7	5166	7	130000	5000	hit	109
021	12	Response	62	1801181	141885	1
021	13	Sound	P0/none1	1835110	24999	1			25000		other	0
021	13	Sound	n07	1881611	71500	1			71500		other	0
021	13	Picture	2-221-1-2	1940429	130318	7	5166	7	130000	5000	incorrect	113
021	13	Response	51	1957180	147069	2
021	14	Sound	P0/none	1985925	24999	1			25000		other	0
021	14	Sound	n04	2032426	71499	1			71500		other	0
021	14	Picture	2-211-1-2	2091244	130318	7	5166	7	130000	5000	incorrect	117
021	14	Response	52	2101020	140094	2
021	15	Sound	P0/none	2136741	24999	1			25000		other	0
021	15	Sound	f03	2183241	71500	1			71500		other	0
021	15	Picture	2-111-1-2	2242059	130318	7	5166	7	130000	5000	incorrect	121
021	15	Response	52	2257660	145919	1
021	16	Sound	P0/none	2287555	24999	1			25000		other	0
021	16	Sound	test05	2334056	71500	1			71500		other	0
021	16	Picture	2-211-1-2	2392874	130318	7	5166	7	130000	5000	hit	125
021	16	Response	61	2401580	139023	1
021	17	Sound	P2/beat1	2438371	24999	1			25000		other	0
021	17	Sound	test16	2484872	71500	1			71500		other	0
021	17	Picture	3-213-1-3	2543690	130318	7	5166	7	130000	5000	hit	129
021	17	Response	61	2558700	145328	1
021	18	Sound	P2/beat	2589186	24999	1			25000		other	0
021	18	Sound	f11	2635687	71499	1			71500		other	0
021	18	Picture	3-113-1-3	2694505	130318	7	5166	7	130000	5000	incorrect	133
021	18	Response	52	2703580	139393	1
021	19	Sound	P2/beat	2740001	24999	1			25000		other	0
021	19	Sound	test07	2786502	71500	1			71500		other	0
021	19	Picture	2-223-1-2	2845320	130317	7	5166	7	130000	5000	hit	137
021	19	Response	62	2855020	140017	2
021	20	Sound	P2/beat	2890816	24999	1			25000		other	0
021	20	Sound	f23	2937317	71500	1			71500		other	0
021	20	Picture	2-113-1-2	2996135	130318	7	5166	7	130000	5000	incorrect	141
021	20	Response	52	3005740	139922	1
021	21	Sound	P0/none1	3041632	24999	1			25000		other	0
021	21	Sound	test23	3088132	71500	1			71500		other	0
021	21	Picture	2-221-2-2	3146950	130317	7	5166	7	130000	5000	hit	145
021	21	Response	62	3157099	140467	1
021	22	Sound	P0/none	3192447	24999	1			25000		other	0
021	22	Sound	f24	3238947	71500	1			71500		other	0
021	22	Picture	3-121-1-3	3297765	130317	7	5166	7	130000	5000	hit	149
021	22	Response	62	3311739	144291	1
021	23	Sound	P0/none	3343262	24999	1			25000		other	0
021	23	Sound	n06	3389762	71500	1			71500		other	0
021	23	Picture	3-211-1-3	3448580	130318	7	5166	7	130000	5000	incorrect	153
021	23	Response	52	3465659	147397	1
021	24	Sound	P0/none	3494077	24999	1			25000		other	0
021	24	Sound	test24	3540577	71500	1			71500		other	0
021	24	Picture	2-221-1-2	3599395	130317	7	5166	7	130000	5000	hit	157
021	24	Response	62	3614539	145461	1
021	25	Response	53	3641739	21846	1
021	25	Sound	P1/tapping1	3644892	24999	1			25000		other	0
021	25	Response	53	3649580	29687	3
021	25	Response	53	3656219	36326	2
021	25	Response	53	3663178	43286	1
021	25	Response	53	3671099	51206	1
021	25	Response	53	3677579	57686	1
021	25	Response	53	3684299	64406	2
021	25	Sound	test02	3691392	71500	1			71500		other	0
021	25	Response	53	3691498	71606	1
021	25	Picture	2-212-1-2	3750210	130317	7	5166	7	130000	5000	hit	169
021	25	Response	61	3761499	141606	2
021	26	Response	53	3788619	17911	1
021	26	Sound	P1/tapping	3795707	24999	1			25000		other	0
021	26	Response	53	3800699	29991	1
021	26	Response	53	3806538	35831	1
021	26	Response	53	3812379	41671	2
021	26	Response	53	3818379	47671	2
021	26	Response	53	3825019	54311	1
021	26	Response	53	3831179	60471	1
021	26	Response	53	3838699	67991	2
021	26	Sound	f14	3842207	71499	1			71500		other	0
021	26	Picture	2-122-2-2	3901025	130317	7	5166	7	130000	5000	hit	181
021	26	Response	62	3912218	141511	1
021	27	Response	53	3945339	23816	1
021	27	Sound	P1/tapping	3946522	24999	1			25000		other	0
021	27	Response	53	3951179	29656	1
021	27	Response	53	3956939	35416	1
021	27	Response	53	3962939	41416	1
021	27	Response	53	3969979	48456	1
021	27	Response	53	3976299	54776	2
021	27	Response	53	3982379	60856	1
021	27	Response	53	3988139	66616	1
021	27	Sound	f17	3993022	71500	1			71500		other	0
021	27	Picture	3-122-1-3	4051840	130317	7	5166	7	130000	5000	miss	0
021	28	Response	52	4072858	521	2
021	28	Response	53	4095018	22681	1
021	28	Sound	P1/tapping	4097337	24999	1			25000		other	0
021	28	Response	53	4101578	29241	1
021	28	Response	53	4108778	36441	1
021	28	Response	53	4115258	42921	1
021	28	Response	53	4121579	49241	2
021	28	Response	53	4127498	55161	1
021	28	Response	53	4133818	61480	1
021	28	Response	53	4140298	67961	2
021	28	Sound	test17	4143837	71500	1			71500		other	0
021	28	Picture	2-222-2-2	4202655	130317	7	5166	7	130000	5000	hit	205
021	28	Response	62	4216058	143721	1
021	29	Sound	P2/beat1	4248152	24999	1			25000		other	0
021	29	Sound	f10	4294652	71500	1			71500		other	0
021	29	Picture	2-123-1-2	4353470	130317	12	5166	12	130000	5000	hit	209
021	29	Response	62	4362538	139386	1
021	30	Sound	P2/beat	4398966	24999	1			25000		other	0
021	30	Sound	test01	4445467	71500	1			71500		other	0
021	30	Picture	2-223-1-2	4504285	130317	7	5166	7	130000	5000	hit	213
021	30	Response	62	4512458	138491	1
021	31	Sound	P2/beat	4549781	24999	1			25000		other	0
021	31	Sound	test12	4596282	71500	1			71500		other	0
021	31	Picture	2-213-1-2	4655100	130317	7	5166	7	130000	5000	hit	217
021	31	Response	61	4664538	139756	1
021	32	Sound	P2/beat	4700597	24999	1			25000		other	0
021	32	Sound	test08	4747097	71500	1			71500		other	0
021	32	Picture	2-223-1-2	4805914	130317	7	5166	7	130000	5000	hit	221
021	32	Response	62	4814858	139261	1
021	33	Sound	P2/both1	4851411	24999	1			25000		other	0
021	33	Response	53	4854058	27646	1
021	33	Response	53	4857818	31406	2
021	33	Response	53	4864538	38126	2
021	33	Response	53	4869658	43246	2
021	33	Response	53	4874858	48446	1
021	33	Response	53	4881418	55006	2
021	33	Response	53	4887818	61406	2
021	33	Response	53	4893338	66926	1
021	33	Sound	f09	4897912	71500	1			71500		other	0
021	33	Picture	3-114-1-3	4956729	130317	7	5166	7	130000	5000	hit	233
021	33	Response	61	4966698	140286	1
021	34	Sound	P2/both	5002226	24999	1			25000		other	0
021	34	Response	53	5005817	28591	1
021	34	Response	53	5009258	32031	1
021	34	Response	53	5013658	36431	1
021	34	Response	53	5020137	42911	2
021	34	Response	53	5026778	49551	1
021	34	Response	53	5032697	55471	1
021	34	Response	53	5038618	61391	1
021	34	Response	53	5044457	67231	1
021	34	Sound	test03	5048727	71500	1			71500		other	0
021	34	Picture	3-214-1-3	5107544	130317	7	5166	7	130000	5000	hit	245
021	34	Response	61	5114297	137070	1
021	35	Sound	P2/both	5153041	24999	1			25000		other	0
021	35	Response	53	5156617	28576	1
021	35	Response	53	5160057	32016	1
021	35	Response	53	5164377	36336	1
021	35	Response	53	5170618	42576	1
021	35	Response	53	5177418	49376	1
021	35	Response	53	5183097	55056	1
021	35	Response	53	5189258	61216	2
021	35	Response	53	5195177	67136	1
021	35	Sound	f04	5199541	71500	1			71500		other	0
021	35	Picture	3-114-1-3	5258359	130317	7	5166	7	130000	5000	hit	257
021	35	Response	61	5266538	138496	2
021	36	Sound	P2/both	5303856	24999	1			25000		other	0
021	36	Response	53	5307098	28241	1
021	36	Response	53	5310537	31681	1
021	36	Response	53	5315497	36641	1
021	36	Response	53	5321817	42961	1
021	36	Response	53	5327657	48801	2
021	36	Response	53	5333897	55041	1
021	36	Response	53	5340137	61281	2
021	36	Response	53	5346057	67201	2
021	36	Sound	f18	5350356	71500	1			71500		other	0
021	36	Picture	2-114-2-2	5409174	130317	7	5166	7	130000	5000	hit	269
021	36	Response	61	5416457	137601	1
021	37	Sound	P0/none1	5454671	24999	1			25000		other	0
021	37	Sound	f19	5501171	71500	1			71500		other	0
021	37	Picture	3-121-1-3	5559989	130317	7	5166	7	130000	5000	miss	0
021	38	Response	52	5582217	1731	2
021	38	Sound	P0/none	5605485	24999	1			25000		other	0
021	38	Sound	test09	5651986	71500	1			71500		other	0
021	38	Picture	2-211-1-2	5710803	130317	7	5166	7	130000	5000	incorrect	277
021	38	Response	52	5719417	138931	1
021	39	Sound	P0/none	5756300	25000	1			25000		other	0
021	39	Sound	f02	5802801	71500	1			71500		other	0
021	39	Picture	3-121-2-3	5861618	130317	7	5166	7	130000	5000	incorrect	281
021	39	Response	51	5870377	139076	1
021	40	Sound	P0/none	5907115	24999	1			25000		other	0
021	40	Sound	n13	5953615	71500	1			71500		other	0
021	40	Picture	2-221-1-2	6012433	130317	7	5166	7	130000	5000	hit	285
021	40	Response	62	6021977	139861	1
021	41	Sound	P1/tapping1	6057930	24999	1			25000		other	0
021	41	Response	53	6059736	26806	1
021	41	Response	53	6065257	32326	1
021	41	Response	53	6071017	38087	2
021	41	Response	53	6077257	44327	2
021	41	Response	53	6083896	50966	2
021	41	Response	53	6090137	57206	1
021	41	Response	53	6097176	64246	2
021	41	Response	53	6103576	70646	1
021	41	Sound	f16	6104430	71500	1			71500		other	0
021	41	Picture	3-112-1-3	6163248	130317	7	5166	7	130000	5000	hit	297
021	41	Response	61	6176617	143687	1
021	42	Response	53	6208537	24792	1
021	42	Sound	P1/tapping	6208745	24999	1			25000		other	0
021	42	Response	53	6214856	31111	2
021	42	Response	53	6221017	37271	2
021	42	Response	53	6227256	43511	1
021	42	Response	53	6233576	49831	1
021	42	Response	53	6239976	56231	1
021	42	Response	53	6247416	63671	1
021	42	Response	53	6254376	70631	2
021	42	Sound	n14	6255245	71500	1			71500		other	0
021	42	Picture	3-112-1-3	6314062	130317	7	5166	7	130000	5000	hit	309
021	42	Response	61	6322696	138951	2
021	43	Response	53	6349977	15417	1
021	43	Response	53	6356136	21577	1
021	43	Sound	P1/tapping	6359559	24999	1			25000		other	0
021	43	Response	53	6361656	27097	1
021	43	Response	53	6367656	33097	1
021	43	Response	53	6374936	40377	1
021	43	Response	53	6380377	45817	1
021	43	Response	53	6387016	52456	2
021	43	Response	53	6393896	59336	1
021	43	Response	53	6400057	65497	1
021	43	Sound	f07	6406060	71500	1			71500		other	0
021	43	Response	53	6406216	71656	1
021	43	Picture	2-112-1-2	6464877	130317	7	5166	7	130000	5000	incorrect	323
021	43	Response	52	6474137	139577	1
021	44	Sound	P1/tapping	6510374	24999	1			25000		other	0
021	44	Response	53	6510776	25402	1
021	44	Response	53	6516376	31002	1
021	44	Response	53	6522296	36922	1
021	44	Response	53	6527896	42522	1
021	44	Response	53	6534056	48682	2
021	44	Response	53	6539737	54362	1
021	44	Response	53	6545976	60602	2
021	44	Response	53	6551736	66362	1
021	44	Sound	n11	6556874	71500	1			71500		other	0
021	44	Picture	2-112-1-2	6615692	130317	7	5166	7	130000	5000	hit	335
021	44	Response	61	6625896	140522	1
021	45	Sound	P2/both1	6661189	24999	1			25000		other	0
021	45	Response	53	6663816	27627	1
021	45	Response	53	6667176	30986	1
021	45	Response	53	6673096	36907	1
021	45	Response	53	6679576	43387	1
021	45	Response	53	6685496	49306	1
021	45	Response	53	6691257	55067	2
021	45	Response	53	6697256	61066	1
021	45	Response	53	6703256	67066	1
021	45	Sound	test10	6707689	71500	1			71500		other	0
021	45	Picture	2-224-1-2	6766507	130317	7	5166	7	130000	5000	hit	347
021	45	Response	62	6777576	141386	1
021	46	Sound	P2/both	6812004	24999	1			25000		other	0
021	46	Response	53	6814696	27692	2
021	46	Response	53	6817656	30652	1
021	46	Response	53	6823176	36172	1
021	46	Response	53	6830136	43132	1
021	46	Response	53	6836376	49372	1
021	46	Response	53	6841736	54731	1
021	46	Response	53	6847256	60252	1
021	46	Response	53	6853816	66812	2
021	46	Sound	test14	6858504	71500	1			71500		other	0
021	46	Picture	3-224-1-3	6917321	130317	7	5166	7	130000	5000	incorrect	359
021	46	Response	51	6928456	141452	1
021	47	Sound	P2/both	6962818	24999	1			25000		other	0
021	47	Response	53	6965097	27278	2
021	47	Response	53	6968616	30797	1
021	47	Response	53	6973736	35917	1
021	47	Response	53	6980616	42797	1
021	47	Response	53	6987336	49517	1
021	47	Response	53	6993336	55517	1
021	47	Response	53	6999095	61277	1
021	47	Response	53	7005096	67277	1
021	47	Sound	test21	7009319	71500	1			71500		other	0
021	47	Picture	2-224-2-2	7068136	130317	7	5166	7	130000	5000	hit	371
021	47	Response	62	7076776	138957	1
021	48	Sound	P2/both	7113633	25000	1			25000		other	0
021	48	Response	53	7115575	26942	1
021	48	Response	53	7119336	30702	2
021	48	Response	53	7124375	35742	1
021	48	Response	53	7130935	42302	1
021	48	Response	53	7137416	48783	2
021	48	Response	53	7144216	55582	1
021	48	Response	53	7149575	60942	1
021	48	Response	53	7155415	66782	1
021	48	Sound	test11	7160133	71500	1			71500		other	0
021	48	Picture	3-224-1-3	7218951	130317	7	5166	7	130000	5000	hit	383
021	48	Response	62	7226615	137982	1
021	49	Sound	P1/tapping1	7264448	24999	1			25000		other	0
021	49	Response	53	7266295	26847	1
021	49	Response	53	7271015	31567	2
021	49	Response	53	7276615	37167	1
021	49	Response	53	7282455	43007	2
021	49	Response	53	7289176	49727	2
021	49	Response	53	7295415	55967	1
021	49	Response	53	7301575	62127	1
021	49	Response	53	7308375	68927	1
021	49	Sound	f22	7310948	71500	1			71500		other	0
021	49	Picture	3-112-1-3	7369766	130317	7	5166	7	130000	5000	incorrect	395
021	49	Response	52	7378855	139407	1
021	50	Sound	P1/tapping	7415263	25000	1			25000		other	0
021	50	Response	53	7417015	26752	1
021	50	Response	53	7421975	31712	1
021	50	Response	53	7427575	37312	1
021	50	Response	53	7433255	42992	1
021	50	Response	53	7439175	48912	2
021	50	Response	53	7445735	55472	1
021	50	Response	53	7452295	62033	1
021	50	Response	53	7457656	67393	2
021	50	Sound	n12	7461763	71500	1			71500		other	0
021	50	Picture	3-112-1-3	7520580	130317	7	5166	7	130000	5000	hit	407
021	50	Response	61	7527735	137472	1
021	51	Sound	P1/tapping	7566077	24999	1			25000		other	0
021	51	Response	53	7571095	30017	1
021	51	Response	53	7576775	35697	1
021	51	Response	53	7583016	41938	2
021	51	Response	53	7589095	48017	1
021	51	Response	53	7595335	54258	1
021	51	Response	53	7602056	60978	2
021	51	Response	53	7608615	67537	1
021	51	Sound	test25	7612577	71500	1			71500		other	0
021	51	Picture	3-222-1-3	7671395	130317	7	5166	7	130000	5000	hit	418
021	51	Response	62	7680375	139297	1
021	52	Sound	P1/tapping	7716892	25000	1			25000		other	0
021	52	Response	53	7718775	26883	1
021	52	Response	53	7724535	32643	1
021	52	Response	53	7730215	38323	1
021	52	Response	53	7736215	44323	1
021	52	Response	53	7742535	50643	1
021	52	Response	53	7748295	56403	1
021	52	Response	53	7753655	61763	1
021	52	Response	53	7759175	67283	1
021	52	Sound	f20	7763392	71500	1			71500		other	0
021	52	Picture	3-112-1-3	7822210	130317	7	5166	7	130000	5000	hit	430
021	52	Response	61	7832615	140723	1
021	53	Sound	P0/none1	7867707	25000	1			25000		other	0
021	53	Sound	f12	7914207	71500	1			71500		other	0
021	53	Picture	3-111-1-3	7973025	130317	7	5166	7	130000	5000	hit	434
021	53	Response	61	7980295	137587	2
021	54	Sound	P0/none	8018522	25000	1			25000		other	0
021	54	Sound	test06	8065022	71500	1			71500		other	0
021	54	Picture	2-211-1-2	8123839	130317	7	5166	7	130000	5000	incorrect	438
021	54	Response	52	8133015	139493	1
021	55	Sound	P0/none	8169336	24999	1			25000		other	0
021	55	Sound	f06	8215837	71500	1			71500		other	0
021	55	Picture	2-121-1-2	8274654	130317	7	5166	7	130000	5000	incorrect	442
021	55	Response	51	8284535	140198	1
021	56	Sound	P0/none	8320151	25000	1			25000		other	0
021	56	Sound	n10	8366651	71500	1			71500		other	0
021	56	Picture	3-111-1-3	8425469	130317	7	5166	7	130000	5000	hit	446
021	56	Response	61	8434135	138984	1
021	57	Sound	P2/beat1	8470965	24999	1			25000		other	0
021	57	Sound	f13	8517466	71500	1			71500		other	0
021	57	Picture	2-123-1-2	8576283	130317	7	5166	7	130000	5000	hit	450
021	57	Response	62	8585815	139849	2
021	58	Sound	P2/beat	8621780	25000	1			25000		other	0
021	58	Sound	test22	8668281	71500	1			71500		other	0
021	58	Picture	2-213-2-2	8727098	130317	7	5166	7	130000	5000	incorrect	454
021	58	Response	52	8736055	139274	2
021	59	Sound	P2/beat	8772595	24999	1			25000		other	0
021	59	Sound	n09	8819095	71500	1			71500		other	0
021	59	Picture	3-223-1-3	8877913	130317	7	5166	7	130000	5000	hit	458
021	59	Response	62	8886694	139098	1
021	60	Sound	P2/beat	8923410	25000	1			25000		other	0
021	60	Sound	test19	8969910	71500	1			71500		other	0
021	60	Picture	2-213-1-2	9028727	130317	7	5166	7	130000	5000	hit	462
021	60	Response	61	9040054	141644	2


Event Type	Code	Type	Response	RT	RT Uncertainty	Time	Uncertainty	Duration	Uncertainty	ReqTime	ReqDur

Sound	P2/beat1	other				25095	1			25000
Sound	n05	other				71821	1			71500
Picture	3-113-1-3	incorrect	2	12377	7	130645	7	5166	7	130000	5000
Sound	P2/beat	other				176128	1			25000
Sound	f05	other				222641	1			71500
Picture	3-113-1-3	miss				281460	7	5166	7	130000	5000
Sound	P2/beat	other				326950	1			25000
Sound	n01	other				373457	1			71500
Picture	3-223-1-3	hit	2	8106	7	432276	7	5166	7	130000	5000
Sound	P2/beat	other				477768	1			25000
Sound	test15	other				524273	1			71500
Picture	2-223-1-2	incorrect	1	9610	7	583091	7	5166	7	130000	5000
Sound	P1/tapping1	other				628584	1			25000
Sound	f08	other				675088	1			71500
Picture	3-122-2-3	hit	2	8475	7	733907	7	5166	7	130000	5000
Sound	P1/tapping	other				779401	1			25000
Sound	f01	other				825904	1			71500
Picture	2-122-1-2	hit	2	11020	8	884722	7	5166	7	130000	5000
Sound	P1/tapping	other				930217	1			25000
Sound	n03	other				976719	1			71500
Picture	3-122-1-3	hit	2	15244	7	1035537	7	5166	7	130000	5000
Sound	P1/tapping	other				1081032	1			25000
Sound	test18	other				1127534	1			71500
Picture	3-212-1-3	hit	1	12189	7	1186352	7	5166	7	130000	5000
Sound	P2/both1	other				1231848	1			25000
Sound	test13	other				1278350	1			71500
Picture	3-214-1-3	incorrect	2	6494	7	1337168	7	5166	7	130000	5000
Sound	P2/both	other				1382664	1			25000
Sound	test04	other				1429165	1			71500
Picture	2-224-1-2	hit	2	9758	7	1487983	7	5166	7	130000	5000
Sound	P2/both	other				1533479	1			25000
Sound	f15	other				1579980	1			71500
Picture	3-124-1-3	hit	2	13662	7	1638798	7	5166	7	130000	5000
Sound	P2/both	other				1684294	1			25000
Sound	f21	other				1730796	1			71500
Picture	3-124-1-3	hit	2	11567	7	1789614	7	5166	7	130000	5000
Sound	P0/none1	other				1835110	1			25000
Sound	n07	other				1881611	1			71500
Picture	2-221-1-2	incorrect	1	16751	8	1940429	7	5166	7	130000	5000
Sound	P0/none	other				1985925	1			25000
Sound	n04	other				2032426	1			71500
Picture	2-211-1-2	incorrect	2	9776	8	2091244	7	5166	7	130000	5000
Sound	P0/none	other				2136741	1			25000
Sound	f03	other				2183241	1			71500
Picture	2-111-1-2	incorrect	2	15601	7	2242059	7	5166	7	130000	5000
Sound	P0/none	other				2287555	1			25000
Sound	test05	other				2334056	1			71500
Picture	2-211-1-2	hit	1	8705	7	2392874	7	5166	7	130000	5000
Sound	P2/beat1	other				2438371	1			25000
Sound	test16	other				2484872	1			71500
Picture	3-213-1-3	hit	1	15010	7	2543690	7	5166	7	130000	5000
Sound	P2/beat	other				2589186	1			25000
Sound	f11	other				2635687	1			71500
Picture	3-113-1-3	incorrect	2	9075	7	2694505	7	5166	7	130000	5000
Sound	P2/beat	other				2740001	1			25000
Sound	test07	other				2786502	1			71500
Picture	2-223-1-2	hit	2	9700	9	2845320	7	5166	7	130000	5000
Sound	P2/beat	other				2890816	1			25000
Sound	f23	other				2937317	1			71500
Picture	2-113-1-2	incorrect	2	9605	7	2996135	7	5166	7	130000	5000
Sound	P0/none1	other				3041632	1			25000
Sound	test23	other				3088132	1			71500
Picture	2-221-2-2	hit	2	10149	7	3146950	7	5166	7	130000	5000
Sound	P0/none	other				3192447	1			25000
Sound	f24	other				3238947	1			71500
Picture	3-121-1-3	hit	2	13974	7	3297765	7	5166	7	130000	5000
Sound	P0/none	other				3343262	1			25000
Sound	n06	other				3389762	1			71500
Picture	3-211-1-3	incorrect	2	17079	7	3448580	7	5166	7	130000	5000
Sound	P0/none	other				3494077	1			25000
Sound	test24	other				3540577	1			71500
Picture	2-221-1-2	hit	2	15144	7	3599395	7	5166	7	130000	5000
Sound	P1/tapping1	other				3644892	1			25000
Sound	test02	other				3691392	1			71500
Picture	2-212-1-2	hit	1	11288	8	3750210	7	5166	7	130000	5000
Sound	P1/tapping	other				3795707	1			25000
Sound	f14	other				3842207	1			71500
Picture	2-122-2-2	hit	2	11193	7	3901025	7	5166	7	130000	5000
Sound	P1/tapping	other				3946522	1			25000
Sound	f17	other				3993022	1			71500
Picture	3-122-1-3	miss				4051840	7	5166	7	130000	5000
Sound	P1/tapping	other				4097337	1			25000
Sound	test17	other				4143837	1			71500
Picture	2-222-2-2	hit	2	13403	7	4202655	7	5166	7	130000	5000
Sound	P2/beat1	other				4248152	1			25000
Sound	f10	other				4294652	1			71500
Picture	2-123-1-2	hit	2	9069	12	4353470	12	5166	12	130000	5000
Sound	P2/beat	other				4398966	1			25000
Sound	test01	other				4445467	1			71500
Picture	2-223-1-2	hit	2	8173	7	4504285	7	5166	7	130000	5000
Sound	P2/beat	other				4549781	1			25000
Sound	test12	other				4596282	1			71500
Picture	2-213-1-2	hit	1	9438	7	4655100	7	5166	7	130000	5000
Sound	P2/beat	other				4700597	1			25000
Sound	test08	other				4747097	1			71500
Picture	2-223-1-2	hit	2	8943	7	4805914	7	5166	7	130000	5000
Sound	P2/both1	other				4851411	1			25000
Sound	f09	other				4897912	1			71500
Picture	3-114-1-3	hit	1	9968	7	4956729	7	5166	7	130000	5000
Sound	P2/both	other				5002226	1			25000
Sound	test03	other				5048727	1			71500
Picture	3-214-1-3	hit	1	6753	7	5107544	7	5166	7	130000	5000
Sound	P2/both	other				5153041	1			25000
Sound	f04	other				5199541	1			71500
Picture	3-114-1-3	hit	1	8179	8	5258359	7	5166	7	130000	5000
Sound	P2/both	other				5303856	1			25000
Sound	f18	other				5350356	1			71500
Picture	2-114-2-2	hit	1	7284	7	5409174	7	5166	7	130000	5000
Sound	P0/none1	other				5454671	1			25000
Sound	f19	other				5501171	1			71500
Picture	3-121-1-3	miss				5559989	7	5166	7	130000	5000
Sound	P0/none	other				5605485	1			25000
Sound	test09	other				5651986	1			71500
Picture	2-211-1-2	incorrect	2	8614	7	5710803	7	5166	7	130000	5000
Sound	P0/none	other				5756300	1			25000
Sound	f02	other				5802801	1			71500
Picture	3-121-2-3	incorrect	1	8759	7	5861618	7	5166	7	130000	5000
Sound	P0/none	other				5907115	1			25000
Sound	n13	other				5953615	1			71500
Picture	2-221-1-2	hit	2	9544	7	6012433	7	5166	7	130000	5000
Sound	P1/tapping1	other				6057930	1			25000
Sound	f16	other				6104430	1			71500
Picture	3-112-1-3	hit	1	13369	7	6163248	7	5166	7	130000	5000
Sound	P1/tapping	other				6208745	1			25000
Sound	n14	other				6255245	1			71500
Picture	3-112-1-3	hit	1	8634	8	6314062	7	5166	7	130000	5000
Sound	P1/tapping	other				6359559	1			25000
Sound	f07	other				6406060	1			71500
Picture	2-112-1-2	incorrect	2	9259	7	6464877	7	5166	7	130000	5000
Sound	P1/tapping	other				6510374	1			25000
Sound	n11	other				6556874	1			71500
Picture	2-112-1-2	hit	1	10204	7	6615692	7	5166	7	130000	5000
Sound	P2/both1	other				6661189	1			25000
Sound	test10	other				6707689	1			71500
Picture	2-224-1-2	hit	2	11069	7	6766507	7	5166	7	130000	5000
Sound	P2/both	other				6812004	1			25000
Sound	test14	other				6858504	1			71500
Picture	3-224-1-3	incorrect	1	11135	7	6917321	7	5166	7	130000	5000
Sound	P2/both	other				6962818	1			25000
Sound	test21	other				7009319	1			71500
Picture	2-224-2-2	hit	2	8640	7	7068136	7	5166	7	130000	5000
Sound	P2/both	other				7113633	1			25000
Sound	test11	other				7160133	1			71500
Picture	3-224-1-3	hit	2	7664	7	7218951	7	5166	7	130000	5000
Sound	P1/tapping1	other				7264448	1			25000
Sound	f22	other				7310948	1			71500
Picture	3-112-1-3	incorrect	2	9090	7	7369766	7	5166	7	130000	5000
Sound	P1/tapping	other				7415263	1			25000
Sound	n12	other				7461763	1			71500
Picture	3-112-1-3	hit	1	7155	7	7520580	7	5166	7	130000	5000
Sound	P1/tapping	other				7566077	1			25000
Sound	test25	other				7612577	1			71500
Picture	3-222-1-3	hit	2	8980	7	7671395	7	5166	7	130000	5000
Sound	P1/tapping	other				7716892	1			25000
Sound	f20	other				7763392	1			71500
Picture	3-112-1-3	hit	1	10405	7	7822210	7	5166	7	130000	5000
Sound	P0/none1	other				7867707	1			25000
Sound	f12	other				7914207	1			71500
Picture	3-111-1-3	hit	1	7270	8	7973025	7	5166	7	130000	5000
Sound	P0/none	other				8018522	1			25000
Sound	test06	other				8065022	1			71500
Picture	2-211-1-2	incorrect	2	9175	7	8123839	7	5166	7	130000	5000
Sound	P0/none	other				8169336	1			25000
Sound	f06	other				8215837	1			71500
Picture	2-121-1-2	incorrect	1	9881	7	8274654	7	5166	7	130000	5000
Sound	P0/none	other				8320151	1			25000
Sound	n10	other				8366651	1			71500
Picture	3-111-1-3	hit	1	8666	7	8425469	7	5166	7	130000	5000
Sound	P2/beat1	other				8470965	1			25000
Sound	f13	other				8517466	1			71500
Picture	2-123-1-2	hit	2	9532	8	8576283	7	5166	7	130000	5000
Sound	P2/beat	other				8621780	1			25000
Sound	test22	other				8668281	1			71500
Picture	2-213-2-2	incorrect	2	8957	8	8727098	7	5166	7	130000	5000
Sound	P2/beat	other				8772595	1			25000
Sound	n09	other				8819095	1			71500
Picture	3-223-1-3	hit	2	8781	8	8877913	7	5166	7	130000	5000
Sound	P2/beat	other				8923410	1			25000
Sound	test19	other				8969910	1			71500
Picture	2-213-1-2	hit	1	11327	8	9028727	7	5166	7	130000	5000


{
   "app": "Presentation Version 22.1 Build 01.21.21",
   "device": "Dell Inc. OptiPlex 7050",
   "experiment": "{C8E97CB4-6FCA-44FA-B866-4A2D94B6B85C}",
   "os": "Windows 10 64 bit",
   "package": "",
   "parameters": {
      "configuration": "Default configuration"
   },
   "scenario": "entrain_list1_sess2_EB.sce",
   "subject": "021",
   "timestamp": "2022/11/18 09:12:34 GMT"
}
