Scenario - test
Logfile written - 03/30/2022 18:14:10

Subject	Trial	Event Type	Code	Time	TTime	Uncertainty	Duration	Uncertainty	ReqTime	ReqDur	Stim Type	Pair Index

002	1	Sound	P2/both1	25161	25000	1			25000		other	0
002	1	Response	53	29882	29722	1
002	1	Response	53	35562	35402	1
002	1	Response	53	42922	42762	2
002	1	Response	53	49002	48842	1
002	1	Response	53	54042	53881	1
002	1	Response	53	59882	59722	1
002	1	Response	53	65802	65641	1
002	1	Sound	test06	71661	71500	1			71500		other	0
002	1	Picture	3-224-1-3	130479	130318	7	5166	7	130000	5000	hit	11
002	1	Response	62	141323	141163	1
002	2	Sound	P2/both	175977	25000	1			25000		other	0
002	2	Response	53	177242	26265	2
002	2	Response	53	181162	30185	1
002	2	Response	53	186923	35946	2
002	2	Response	53	192442	41465	2
002	2	Response	53	199082	48105	1
002	2	Response	53	204523	53546	1
002	2	Response	53	209722	58745	1
002	2	Response	53	215642	64665	1
002	2	Sound	f17	222478	71501	1			71500		other	0
002	2	Picture	2-114-2-2	281295	130319	7	5166	7	130000	5000	incorrect	23
002	2	Response	52	289002	138025	2
002	3	Response	53	320682	18889	1
002	3	Sound	P2/both	326792	25000	1			25000		other	0
002	3	Response	53	328122	26329	2
002	3	Response	53	332202	30409	2
002	3	Response	53	337642	35849	1
002	3	Response	53	344922	43129	2
002	3	Response	53	349402	47609	1
002	3	Response	53	354682	52889	1
002	3	Response	53	360362	58569	1
002	3	Response	53	365962	64169	1
002	3	Sound	f02	373293	71500	1			71500		other	0
002	3	Picture	3-114-2-3	432112	130319	7	5166	7	130000	5000	hit	36
002	3	Response	61	443163	141370	2
002	4	Response	53	473242	20633	2
002	4	Sound	P2/both	477609	25000	1			25000		other	0
002	4	Response	53	479722	27112	1
002	4	Response	53	486602	33993	2
002	4	Response	53	495082	42473	1
002	4	Response	53	499962	47352	2
002	4	Response	53	506042	53433	2
002	4	Response	53	511562	58953	1
002	4	Response	53	517402	64793	2
002	4	Sound	n09	524108	71499	1			71500		other	0
002	4	Picture	2-214-2-2	582928	130319	7	5166	7	130000	5000	hit	48
002	4	Response	61	592522	139913	1
002	5	Sound	P0/none1	628426	25000	1			25000		other	0
002	5	Sound	test15	674924	71499	1			71500		other	0
002	5	Picture	2-211-1-2	733744	130319	7	5166	7	130000	5000	incorrect	52
002	5	Response	52	746122	142697	1
002	6	Sound	P0/none	779241	25000	1			25000		other	0
002	6	Sound	test07	825742	71500	1			71500		other	0
002	6	Picture	3-221-1-3	884560	130319	7	5166	7	130000	5000	hit	56
002	6	Response	62	891162	136920	2
002	7	Sound	P0/none	930058	24999	1			25000		other	0
002	7	Sound	f16	976557	71499	1			71500		other	0
002	7	Picture	2-121-1-2	1035377	130318	7	5166	7	130000	5000	hit	60
002	7	Response	62	1042842	137784	1
002	8	Sound	P0/none	1080875	25001	1			25000		other	0
002	8	Sound	f15	1127374	71500	1			71500		other	0
002	8	Picture	2-111-2-2	1186193	130319	7	5166	7	130000	5000	hit	64
002	8	Response	61	1196282	140407	1
002	9	Sound	P1/tapping1	1231690	24999	1			25000		other	0
002	9	Response	53	1235401	28711	1
002	9	Response	53	1239961	33271	2
002	9	Response	53	1245401	38711	1
002	9	Response	53	1249962	43271	1
002	9	Response	53	1254841	48151	2
002	9	Response	53	1259322	52631	1
002	9	Response	53	1264202	57511	1
002	9	Response	53	1268681	61991	2
002	9	Response	53	1273321	66631	1
002	9	Response	53	1277642	70951	2
002	9	Sound	test24	1278191	71500	1			71500		other	0
002	9	Picture	2-212-2-2	1337009	130319	7	5166	7	130000	5000	hit	78
002	9	Response	61	1342762	136071	1
002	10	Sound	P1/tapping	1382507	25000	1			25000		other	0
002	10	Response	53	1384522	27015	1
002	10	Response	53	1388602	31095	2
002	10	Response	53	1392922	35415	2
002	10	Response	53	1397962	40455	1
002	10	Response	53	1402922	45415	2
002	10	Response	53	1408122	50615	1
002	10	Response	53	1412921	55414	1
002	10	Response	53	1420041	62534	1
002	10	Response	53	1424202	66695	2
002	10	Sound	n01	1429007	71500	1			71500		other	0
002	10	Picture	2-222-1-2	1487825	130318	7	5166	7	130000	5000	hit	91
002	10	Response	62	1498042	140535	2
002	11	Sound	P1/tapping	1533322	24999	1			25000		other	0
002	11	Response	53	1537081	28758	2
002	11	Response	53	1541802	33478	1
002	11	Response	53	1547402	39078	2
002	11	Response	53	1552761	44438	1
002	11	Response	53	1558042	49719	2
002	11	Response	53	1563081	54758	1
002	11	Response	53	1568522	60199	2
002	11	Response	53	1573641	65318	1
002	11	Response	53	1578681	70358	1
002	11	Sound	test12	1579823	71500	1			71500		other	0
002	11	Picture	3-222-1-3	1638642	130318	7	5166	7	130000	5000	incorrect	104
002	11	Response	51	1649002	140678	2
002	11	Response	52	1654281	145958	2
002	12	Response	53	1678361	19222	1
002	12	Sound	P1/tapping	1684140	25000	1			25000		other	0
002	12	Response	53	1684842	25703	1
002	12	Response	53	1689642	30503	1
002	12	Response	53	1695481	36342	1
002	12	Response	53	1701081	41942	1
002	12	Response	53	1705481	46342	1
002	12	Response	53	1710601	51462	1
002	12	Response	53	1715801	56662	1
002	12	Response	53	1720361	61222	2
002	12	Response	53	1725081	65942	1
002	12	Response	53	1727641	68502	2
002	12	Response	53	1730121	70982	1
002	12	Sound	test03	1730639	71500	1			71500		other	0
002	12	Picture	3-222-1-3	1789458	130318	7	5166	7	130000	5000	hit	121
002	12	Response	62	1797482	138342	2
002	13	Sound	P2/beat1	1834955	25000	1			25000		other	0
002	13	Sound	test04	1881455	71499	1			71500		other	0
002	13	Picture	3-213-1-3	1940274	130319	7	5166	7	130000	5000	hit	125
002	13	Response	61	1948682	138726	2
002	14	Sound	P2/beat	1985772	25000	1			25000		other	0
002	14	Sound	f12	2032272	71500	1			71500		other	0
002	14	Picture	3-123-1-3	2091090	130319	7	5166	7	130000	5000	hit	129
002	14	Response	62	2103482	142710	2
002	15	Sound	P2/beat	2136589	25001	1			25000		other	0
002	15	Sound	test21	2183088	71500	1			71500		other	0
002	15	Picture	2-213-2-2	2241907	130318	7	5166	7	130000	5000	incorrect	133
002	15	Response	52	2252361	140773	2
002	16	Sound	P2/beat	2287405	25001	1			25000		other	0
002	16	Sound	test14	2333903	71499	1			71500		other	0
002	16	Picture	2-213-1-2	2392723	130318	7	5166	7	130000	5000	hit	137
002	16	Response	61	2405481	143077	2
002	17	Response	52	2416441	3221	2
002	17	Sound	P0/none1	2438221	25001	1			25000		other	0
002	17	Sound	f08	2484720	71500	1			71500		other	0
002	17	Picture	2-121-1-2	2543539	130319	7	5166	7	130000	5000	hit	142
002	17	Response	62	2550601	137381	2
002	18	Sound	P0/none	2589036	24999	1			25000		other	0
002	18	Sound	f05	2635536	71500	1			71500		other	0
002	18	Picture	3-121-1-3	2694355	130319	7	5166	7	130000	5000	hit	146
002	18	Response	62	2704202	140165	2
002	19	Sound	P0/none	2739853	25000	1			25000		other	0
002	19	Sound	n05	2786354	71500	1			71500		other	0
002	19	Picture	2-111-2-2	2845172	130319	7	5166	7	130000	5000	hit	150
002	19	Response	61	2856921	142068	2
002	20	Sound	P0/none	2890669	24999	1			25000		other	0
002	20	Sound	f13	2937169	71500	1			71500		other	0
002	20	Picture	2-111-1-2	2995988	130319	7	5166	7	130000	5000	incorrect	154
002	20	Response	52	3015481	149811	2
002	21	Sound	P2/beat1	3041485	25000	1			25000		other	0
002	21	Sound	f06	3087985	71499	1			71500		other	0
002	21	Picture	3-113-1-3	3146804	130318	7	5166	7	130000	5000	incorrect	158
002	21	Response	52	3159082	142596	2
002	22	Sound	P2/beat	3192301	24999	1			25000		other	0
002	22	Sound	n03	3238802	71500	1			71500		other	0
002	22	Picture	3-113-1-3	3297620	130318	7	5166	7	130000	5000	hit	162
002	22	Response	61	3304041	136739	1
002	23	Sound	P2/beat	3343119	25001	1			25000		other	0
002	23	Sound	f22	3389618	71499	1			71500		other	0
002	23	Picture	2-113-2-2	3448437	130318	7	5166	7	130000	5000	incorrect	166
002	23	Response	52	3457001	138883	1
002	24	Sound	P2/beat	3493934	25000	1			25000		other	0
002	24	Sound	test11	3540433	71498	1			71500		other	0
002	24	Picture	3-213-1-3	3599253	130319	7	5166	7	130000	5000	incorrect	170
002	24	Response	52	3607082	138147	2
002	25	Sound	P2/both1	3644750	24999	1			25000		other	0
002	25	Response	53	3647081	27330	1
002	25	Response	53	3650761	31010	1
002	25	Response	53	3655640	35890	1
002	25	Response	53	3661241	41490	1
002	25	Response	53	3667241	47490	1
002	25	Response	53	3673401	53651	2
002	25	Response	53	3679641	59890	1
002	25	Response	53	3685721	65970	2
002	25	Sound	test05	3691250	71500	1			71500		other	0
002	25	Picture	3-224-1-3	3750069	130319	7	5166	7	130000	5000	incorrect	182
002	25	Response	51	3760040	140290	2
002	26	Response	53	3789881	19314	1
002	26	Sound	P2/both	3795567	25000	1			25000		other	0
002	26	Response	53	3799561	28994	2
002	26	Response	53	3805480	34913	1
002	26	Response	53	3811400	40833	2
002	26	Response	53	3817321	46754	2
002	26	Response	53	3823321	52754	1
002	26	Response	53	3829401	58834	2
002	26	Response	53	3835241	64674	2
002	26	Sound	n12	3842068	71501	1			71500		other	0
002	26	Picture	2-114-2-2	3900885	130318	7	5166	7	130000	5000	incorrect	194
002	26	Response	52	3908601	138034	1
002	27	Sound	P2/both	3946382	24999	1			25000		other	0
002	27	Response	53	3948121	26737	1
002	27	Response	53	3951960	30577	1
002	27	Response	53	3957320	35937	1
002	27	Response	53	3963882	42499	3
002	27	Response	53	3969720	48337	2
002	27	Response	53	3974841	53458	2
002	27	Response	53	3980760	59377	1
002	27	Response	53	3986681	65297	1
002	27	Sound	n10	3992882	71499	1			71500		other	0
002	27	Picture	2-124-1-2	4051702	130319	7	5166	7	130000	5000	incorrect	206
002	27	Response	51	4058761	137377	1
002	28	Response	53	4093880	21681	2
002	28	Sound	P2/both	4097199	25000	1			25000		other	0
002	28	Response	53	4100841	28642	1
002	28	Response	53	4107160	34961	1
002	28	Response	53	4112760	40561	1
002	28	Response	53	4119241	47042	2
002	28	Response	53	4125320	53121	2
002	28	Response	53	4131240	59041	1
002	28	Response	53	4137161	64961	1
002	28	Sound	test25	4143699	71500	1			71500		other	0
002	28	Picture	2-214-1-2	4202518	130319	7	5166	7	130000	5000	incorrect	218
002	28	Response	52	4218200	146001	1
002	29	Sound	P0/none1	4248015	25000	1			25000		other	0
002	29	Sound	f18	4294515	71500	1			71500		other	0
002	29	Picture	2-121-2-2	4353334	130319	7	5166	7	130000	5000	incorrect	222
002	29	Response	51	4363001	139985	1
002	30	Sound	P0/none	4398831	25000	1			25000		other	0
002	30	Sound	test10	4445331	71500	1			71500		other	0
002	30	Picture	3-221-1-3	4504150	130319	7	5166	7	130000	5000	hit	226
002	30	Response	62	4513800	139968	1
002	31	Sound	P0/none	4549648	25000	1			25000		other	0
002	31	Sound	test19	4596148	71500	1			71500		other	0
002	31	Picture	3-221-1-3	4654967	130319	7	5166	7	130000	5000	hit	230
002	31	Response	62	4659640	134992	1
002	32	Sound	P0/none	4700464	25000	1			25000		other	0
002	32	Sound	test18	4746964	71499	1			71500		other	0
002	32	Picture	2-211-1-2	4805783	130319	7	5166	7	130000	5000	incorrect	234
002	32	Response	52	4813160	137696	1
002	33	Sound	P1/tapping1	4851280	25000	1			25000		other	0
002	33	Response	53	4856120	29839	1
002	33	Response	53	4862520	36240	2
002	33	Response	53	4867400	41119	1
002	33	Response	53	4872520	46239	1
002	33	Response	53	4877640	51359	1
002	33	Response	53	4881960	55679	1
002	33	Response	53	4886680	60399	2
002	33	Response	53	4890440	64159	1
002	33	Response	53	4895080	68799	2
002	33	Sound	f11	4897780	71499	1			71500		other	0
002	33	Response	53	4899080	72799	2
002	33	Picture	3-122-1-3	4956599	130319	7	5166	7	130000	5000	hit	248
002	33	Response	62	4962280	136000	1
002	34	Response	53	4999960	22863	1
002	34	Sound	P1/tapping	5002098	25001	1			25000		other	0
002	34	Response	53	5005880	28783	1
002	34	Response	53	5012440	35343	2
002	34	Response	53	5019080	41983	1
002	34	Response	53	5024760	47663	1
002	34	Response	53	5029480	52383	2
002	34	Response	53	5033720	56623	2
002	34	Response	53	5038120	61023	1
002	34	Response	53	5041960	64863	1
002	34	Response	53	5045640	68543	1
002	34	Sound	n07	5048597	71500	1			71500		other	0
002	34	Picture	3-212-1-3	5107416	130319	7	5166	7	130000	5000	hit	262
002	34	Response	61	5120760	143663	2
002	35	Response	53	5150680	22767	1
002	35	Sound	P1/tapping	5152914	25001	1			25000		other	0
002	35	Response	53	5156520	28607	2
002	35	Response	53	5162200	34287	2
002	35	Response	53	5167400	39487	2
002	35	Response	53	5173161	45248	2
002	35	Response	53	5179000	51087	2
002	35	Response	53	5184920	57007	2
002	35	Response	53	5192520	64607	1
002	35	Response	53	5197800	69887	1
002	35	Sound	test09	5199414	71501	1			71500		other	0
002	35	Picture	3-212-1-3	5258232	130319	7	5166	7	130000	5000	hit	275
002	35	Response	61	5266200	138286	3
002	36	Response	53	5294760	16030	2
002	36	Sound	P1/tapping	5303729	25000	1			25000		other	0
002	36	Response	53	5308360	29630	1
002	36	Response	53	5317960	39231	2
002	36	Response	53	5321960	43230	1
002	36	Response	53	5326440	47710	2
002	36	Response	53	5330600	51871	1
002	36	Response	53	5335480	56750	1
002	36	Response	53	5339720	60990	1
002	36	Response	53	5343960	65230	2
002	36	Sound	test22	5350230	71501	1			71500		other	0
002	36	Picture	2-222-2-2	5409048	130318	7	5166	7	130000	5000	hit	288
002	36	Response	62	5415161	136431	1
002	37	Sound	P2/beat1	5454546	25000	1			25000		other	0
002	37	Sound	f14	5501045	71499	1			71500		other	0
002	37	Picture	2-113-2-2	5559864	130319	7	5166	7	130000	5000	hit	292
002	37	Response	61	5565480	135935	1
002	38	Sound	P2/beat	5605363	25001	1			25000		other	0
002	38	Sound	test17	5651862	71500	1			71500		other	0
002	38	Picture	3-223-1-3	5710681	130319	7	5166	7	130000	5000	hit	296
002	38	Response	62	5718280	137918	2
002	39	Sound	P2/beat	5756178	25000	1			25000		other	0
002	39	Sound	n14	5802678	71500	1			71500		other	0
002	39	Picture	2-123-2-2	5861497	130319	7	5166	7	130000	5000	incorrect	300
002	39	Response	51	5868360	137182	1
002	40	Sound	P2/beat	5906994	25000	1			25000		other	0
002	40	Sound	f01	5953494	71500	1			71500		other	0
002	40	Picture	3-123-1-3	6012313	130319	7	5166	7	130000	5000	incorrect	304
002	40	Response	51	6019559	137565	1
002	40	Response	52	6028680	146685	1
002	41	Sound	P2/both1	6057811	25000	1			25000		other	0
002	41	Response	53	6059640	26829	1
002	41	Response	53	6063479	30668	1
002	41	Response	53	6068839	36029	2
002	41	Response	53	6074840	42029	1
002	41	Response	53	6081079	48269	1
002	41	Response	53	6087720	54909	1
002	41	Response	53	6093240	60429	2
002	41	Response	53	6098520	65709	1
002	41	Sound	n06	6104310	71499	1			71500		other	0
002	41	Picture	2-214-2-2	6163129	130319	7	5166	7	130000	5000	hit	317
002	41	Response	61	6168840	136029	1
002	42	Sound	P2/both	6208627	25000	1			25000		other	0
002	42	Response	53	6211160	27533	2
002	42	Response	53	6214439	30812	1
002	42	Response	53	6219720	36093	1
002	42	Response	53	6224279	40652	1
002	42	Response	53	6229880	46253	2
002	42	Response	53	6236520	52893	2
002	42	Response	53	6242360	58732	1
002	42	Response	53	6247959	64332	2
002	42	Sound	f23	6255127	71500	1			71500		other	0
002	42	Picture	3-124-1-3	6313946	130318	7	5166	7	130000	5000	hit	329
002	42	Response	62	6323319	139692	1
002	43	Response	53	6358440	23996	1
002	43	Sound	P2/both	6359443	25000	1			25000		other	0
002	43	Response	53	6363880	29436	2
002	43	Response	53	6370039	35596	2
002	43	Response	53	6376519	42076	2
002	43	Response	53	6382199	47756	1
002	43	Response	53	6387959	53516	2
002	43	Response	53	6394280	59836	1
002	43	Response	53	6400120	65676	3
002	43	Sound	test02	6405942	71499	1			71500		other	0
002	43	Picture	3-214-1-3	6464762	130319	7	5166	7	130000	5000	incorrect	341
002	43	Response	52	6472999	138556	2
002	44	Response	53	6507480	22221	2
002	44	Sound	P2/both	6510260	25000	1			25000		other	0
002	44	Response	53	6513800	28540	1
002	44	Response	53	6520359	35100	1
002	44	Response	53	6526760	41500	1
002	44	Response	53	6532679	47420	2
002	44	Response	53	6538999	53740	2
002	44	Response	53	6545239	59980	2
002	44	Response	53	6551319	66060	1
002	44	Sound	test08	6556760	71500	1			71500		other	0
002	44	Picture	3-214-1-3	6615578	130319	7	5166	7	130000	5000	incorrect	353
002	44	Response	52	6621000	135740	1
002	44	Response	51	6626999	141740	2
002	45	Sound	P0/none1	6661075	24999	1			25000		other	0
002	45	Sound	f10	6707576	71500	1			71500		other	0
002	45	Picture	3-121-1-3	6766394	130319	7	5166	7	130000	5000	incorrect	358
002	45	Response	51	6773080	137004	1
002	46	Sound	P0/none	6811892	25000	1			25000		other	0
002	46	Sound	f04	6858392	71500	1			71500		other	0
002	46	Picture	3-121-1-3	6917211	130318	7	5166	7	130000	5000	hit	362
002	46	Response	62	6924279	137387	2
002	47	Sound	P0/none	6962708	25000	1			25000		other	0
002	47	Sound	n11	7009209	71501	1			71500		other	0
002	47	Picture	3-121-2-3	7068027	130319	7	5166	7	130000	5000	incorrect	366
002	47	Response	51	7075319	137611	1
002	48	Sound	P0/none	7113524	25000	1			25000		other	0
002	48	Sound	test16	7160023	71499	1			71500		other	0
002	48	Picture	2-221-1-2	7218843	130319	7	5166	7	130000	5000	hit	370
002	48	Response	62	7238840	150315	1
002	49	Sound	P2/beat1	7264340	25000	1			25000		other	0
002	49	Sound	test13	7310841	71500	1			71500		other	0
002	49	Picture	2-223-1-2	7369660	130319	7	5166	7	130000	5000	hit	374
002	49	Response	62	7375959	136618	2
002	50	Sound	P2/beat	7415157	25000	1			25000		other	0
002	50	Sound	f21	7461657	71500	1			71500		other	0
002	50	Picture	2-113-2-2	7520476	130319	7	5166	7	130000	5000	incorrect	378
002	50	Response	52	7530839	140682	2
002	51	Sound	P2/beat	7565973	25000	1			25000		other	0
002	51	Sound	n13	7612474	71500	1			71500		other	0
002	51	Picture	2-213-1-2	7671292	130318	7	5166	7	130000	5000	incorrect	382
002	51	Response	52	7685159	144186	1
002	52	Sound	P2/beat	7716789	25000	1			25000		other	0
002	52	Sound	f09	7763290	71500	1			71500		other	0
002	52	Picture	3-123-1-3	7822108	130319	7	5166	7	130000	5000	hit	386
002	52	Response	62	7829639	137849	1
002	53	Sound	P2/both1	7867605	24999	1			25000		other	0
002	53	Response	53	7868918	26313	1
002	53	Response	53	7873079	30473	1
002	53	Response	53	7878359	35753	2
002	53	Response	53	7884119	41513	1
002	53	Response	53	7890279	47673	1
002	53	Response	53	7895959	53353	1
002	53	Response	53	7901879	59273	1
002	53	Response	53	7908118	65513	1
002	53	Sound	f07	7914105	71499	1			71500		other	0
002	53	Picture	3-114-1-3	7972925	130319	7	5166	7	130000	5000	incorrect	398
002	53	Response	52	7981719	139113	2
002	54	Sound	P2/both	8018422	24999	1			25000		other	0
002	54	Response	53	8019479	26056	2
002	54	Response	53	8024199	30776	1
002	54	Response	53	8029159	35737	1
002	54	Response	53	8035239	41817	1
002	54	Response	53	8040839	47417	1
002	54	Response	53	8047239	53816	2
002	54	Response	53	8052998	59576	1
002	54	Response	53	8059159	65736	2
002	54	Sound	test23	8064922	71500	1			71500		other	0
002	54	Picture	2-214-2-2	8123741	130319	7	5166	7	130000	5000	hit	410
002	54	Response	61	8133879	140456	1
002	55	Response	53	8164198	19960	2
002	55	Sound	P2/both	8169238	24999	1			25000		other	0
002	55	Response	53	8172199	27960	2
002	55	Response	53	8178998	34760	1
002	55	Response	53	8184758	40520	1
002	55	Response	53	8191159	46920	1
002	55	Response	53	8198919	54680	1
002	55	Response	53	8203879	59640	1
002	55	Response	53	8209959	65720	2
002	55	Sound	f03	8215739	71501	1			71500		other	0
002	55	Picture	3-124-1-3	8274557	130318	7	5166	7	130000	5000	hit	422
002	55	Response	62	8285639	141400	1
002	56	Response	53	8316119	21064	2
002	56	Sound	P2/both	8320055	25000	1			25000		other	0
002	56	Response	53	8323159	28104	1
002	56	Response	53	8329559	34504	2
002	56	Response	53	8335559	40504	1
002	56	Response	53	8342039	46984	1
002	56	Response	53	8348519	53464	1
002	56	Response	53	8354599	59544	1
002	56	Response	53	8360518	65463	1
002	56	Sound	f20	8366554	71499	1			71500		other	0
002	56	Picture	2-114-2-2	8425373	130319	7	5166	7	130000	5000	hit	434
002	56	Response	61	8431879	136824	1
002	57	Sound	P1/tapping1	8470870	24999	1			25000		other	0
002	57	Response	53	8475239	29367	1
002	57	Response	53	8480119	34248	1
002	57	Response	53	8485478	39607	1
002	57	Response	53	8490678	44807	1
002	57	Response	53	8495958	50087	1
002	57	Response	53	8501159	55288	2
002	57	Response	53	8505718	59847	2
002	57	Response	53	8511638	65767	1
002	57	Response	53	8516839	70967	1
002	57	Sound	test01	8517371	71500	1			71500		other	0
002	57	Response	53	8523398	77527	1
002	57	Picture	3-222-1-3	8576190	130318	7	5166	7	130000	5000	incorrect	448
002	57	Response	51	8582199	136327	1
002	58	Response	53	8617718	21031	3
002	58	Sound	P1/tapping	8621687	25000	1			25000		other	0
002	58	Response	53	8624519	27831	1
002	58	Response	53	8631799	35111	1
002	58	Response	53	8636358	39671	2
002	58	Response	53	8641478	44791	1
002	58	Response	53	8646039	49351	2
002	58	Response	53	8650918	54231	1
002	58	Response	53	8655719	59031	1
002	58	Response	53	8660998	64311	1
002	58	Response	53	8665638	68951	1
002	58	Sound	n04	8668186	71499	1			71500		other	0
002	58	Picture	3-212-1-3	8727006	130319	7	5166	7	130000	5000	incorrect	462
002	58	Response	52	8735398	138711	1
002	59	Response	53	8764598	17094	2
002	59	Response	53	8770839	23335	1
002	59	Sound	P1/tapping	8772503	24999	1			25000		other	0
002	59	Response	53	8778679	31175	1
002	59	Response	53	8784678	37174	1
002	59	Response	53	8790439	42935	1
002	59	Response	53	8795799	48295	2
002	59	Response	53	8800999	53495	1
002	59	Response	53	8806679	59175	1
002	59	Response	53	8811958	64454	1
002	59	Response	53	8817319	69815	2
002	59	Sound	f19	8819004	71500	1			71500		other	0
002	59	Response	53	8820439	72935	2
002	59	Response	53	8822678	75174	1
002	59	Picture	2-122-2-2	8877822	130319	7	5166	7	130000	5000	incorrect	478
002	59	Response	51	8888438	140934	1
002	60	Response	53	8921158	22838	1
002	60	Sound	P1/tapping	8923320	25000	1			25000		other	0
002	60	Response	53	8927239	28919	2
002	60	Response	53	8933320	35000	1
002	60	Response	53	8938918	40598	2
002	60	Response	53	8944198	45878	1
002	60	Response	53	8950199	51879	2
002	60	Response	53	8955879	57559	1
002	60	Response	53	8961799	63479	1
002	60	Response	53	8967959	69639	3
002	60	Sound	f24	8969820	71500	1			71500		other	0
002	60	Picture	2-122-1-2	9028638	130319	7	5166	7	130000	5000	hit	491
002	60	Response	62	9035798	137478	1


Event Type	Code	Type	Response	RT	RT Uncertainty	Time	Uncertainty	Duration	Uncertainty	ReqTime	ReqDur

Sound	P2/both1	other				25161	1			25000
Sound	test06	other				71661	1			71500
Picture	3-224-1-3	hit	2	10844	7	130479	7	5166	7	130000	5000
Sound	P2/both	other				175977	1			25000
Sound	f17	other				222478	1			71500
Picture	2-114-2-2	incorrect	2	7707	8	281295	7	5166	7	130000	5000
Sound	P2/both	other				326792	1			25000
Sound	f02	other				373293	1			71500
Picture	3-114-2-3	hit	1	11051	8	432112	7	5166	7	130000	5000
Sound	P2/both	other				477609	1			25000
Sound	n09	other				524108	1			71500
Picture	2-214-2-2	hit	1	9594	7	582928	7	5166	7	130000	5000
Sound	P0/none1	other				628426	1			25000
Sound	test15	other				674924	1			71500
Picture	2-211-1-2	incorrect	2	12378	7	733744	7	5166	7	130000	5000
Sound	P0/none	other				779241	1			25000
Sound	test07	other				825742	1			71500
Picture	3-221-1-3	hit	2	6602	8	884560	7	5166	7	130000	5000
Sound	P0/none	other				930058	1			25000
Sound	f16	other				976557	1			71500
Picture	2-121-1-2	hit	2	7465	7	1035377	7	5166	7	130000	5000
Sound	P0/none	other				1080875	1			25000
Sound	f15	other				1127374	1			71500
Picture	2-111-2-2	hit	1	10089	7	1186193	7	5166	7	130000	5000
Sound	P1/tapping1	other				1231690	1			25000
Sound	test24	other				1278191	1			71500
Picture	2-212-2-2	hit	1	5753	7	1337009	7	5166	7	130000	5000
Sound	P1/tapping	other				1382507	1			25000
Sound	n01	other				1429007	1			71500
Picture	2-222-1-2	hit	2	10216	8	1487825	7	5166	7	130000	5000
Sound	P1/tapping	other				1533322	1			25000
Sound	test12	other				1579823	1			71500
Picture	3-222-1-3	incorrect	1	10360	8	1638642	7	5166	7	130000	5000
Sound	P1/tapping	other				1684140	1			25000
Sound	test03	other				1730639	1			71500
Picture	3-222-1-3	hit	2	8024	8	1789458	7	5166	7	130000	5000
Sound	P2/beat1	other				1834955	1			25000
Sound	test04	other				1881455	1			71500
Picture	3-213-1-3	hit	1	8408	9	1940274	7	5166	7	130000	5000
Sound	P2/beat	other				1985772	1			25000
Sound	f12	other				2032272	1			71500
Picture	3-123-1-3	hit	2	12391	8	2091090	7	5166	7	130000	5000
Sound	P2/beat	other				2136589	1			25000
Sound	test21	other				2183088	1			71500
Picture	2-213-2-2	incorrect	2	10454	8	2241907	7	5166	7	130000	5000
Sound	P2/beat	other				2287405	1			25000
Sound	test14	other				2333903	1			71500
Picture	2-213-1-2	hit	1	12758	8	2392723	7	5166	7	130000	5000
Sound	P0/none1	other				2438221	1			25000
Sound	f08	other				2484720	1			71500
Picture	2-121-1-2	hit	2	7062	8	2543539	7	5166	7	130000	5000
Sound	P0/none	other				2589036	1			25000
Sound	f05	other				2635536	1			71500
Picture	3-121-1-3	hit	2	9846	8	2694355	7	5166	7	130000	5000
Sound	P0/none	other				2739853	1			25000
Sound	n05	other				2786354	1			71500
Picture	2-111-2-2	hit	1	11749	8	2845172	7	5166	7	130000	5000
Sound	P0/none	other				2890669	1			25000
Sound	f13	other				2937169	1			71500
Picture	2-111-1-2	incorrect	2	19493	8	2995988	7	5166	7	130000	5000
Sound	P2/beat1	other				3041485	1			25000
Sound	f06	other				3087985	1			71500
Picture	3-113-1-3	incorrect	2	12277	8	3146804	7	5166	7	130000	5000
Sound	P2/beat	other				3192301	1			25000
Sound	n03	other				3238802	1			71500
Picture	3-113-1-3	hit	1	6421	7	3297620	7	5166	7	130000	5000
Sound	P2/beat	other				3343119	1			25000
Sound	f22	other				3389618	1			71500
Picture	2-113-2-2	incorrect	2	8564	7	3448437	7	5166	7	130000	5000
Sound	P2/beat	other				3493934	1			25000
Sound	test11	other				3540433	1			71500
Picture	3-213-1-3	incorrect	2	7828	9	3599253	7	5166	7	130000	5000
Sound	P2/both1	other				3644750	1			25000
Sound	test05	other				3691250	1			71500
Picture	3-224-1-3	incorrect	1	9971	8	3750069	7	5166	7	130000	5000
Sound	P2/both	other				3795567	1			25000
Sound	n12	other				3842068	1			71500
Picture	2-114-2-2	incorrect	2	7715	7	3900885	7	5166	7	130000	5000
Sound	P2/both	other				3946382	1			25000
Sound	n10	other				3992882	1			71500
Picture	2-124-1-2	incorrect	1	7059	7	4051702	7	5166	7	130000	5000
Sound	P2/both	other				4097199	1			25000
Sound	test25	other				4143699	1			71500
Picture	2-214-1-2	incorrect	2	15682	7	4202518	7	5166	7	130000	5000
Sound	P0/none1	other				4248015	1			25000
Sound	f18	other				4294515	1			71500
Picture	2-121-2-2	incorrect	1	9667	7	4353334	7	5166	7	130000	5000
Sound	P0/none	other				4398831	1			25000
Sound	test10	other				4445331	1			71500
Picture	3-221-1-3	hit	2	9650	8	4504150	7	5166	7	130000	5000
Sound	P0/none	other				4549648	1			25000
Sound	test19	other				4596148	1			71500
Picture	3-221-1-3	hit	2	4674	7	4654967	7	5166	7	130000	5000
Sound	P0/none	other				4700464	1			25000
Sound	test18	other				4746964	1			71500
Picture	2-211-1-2	incorrect	2	7377	7	4805783	7	5166	7	130000	5000
Sound	P1/tapping1	other				4851280	1			25000
Sound	f11	other				4897780	1			71500
Picture	3-122-1-3	hit	2	5681	7	4956599	7	5166	7	130000	5000
Sound	P1/tapping	other				5002098	1			25000
Sound	n07	other				5048597	1			71500
Picture	3-212-1-3	hit	1	13345	8	5107416	7	5166	7	130000	5000
Sound	P1/tapping	other				5152914	1			25000
Sound	test09	other				5199414	1			71500
Picture	3-212-1-3	hit	1	7968	9	5258232	7	5166	7	130000	5000
Sound	P1/tapping	other				5303729	1			25000
Sound	test22	other				5350230	1			71500
Picture	2-222-2-2	hit	2	6113	7	5409048	7	5166	7	130000	5000
Sound	P2/beat1	other				5454546	1			25000
Sound	f14	other				5501045	1			71500
Picture	2-113-2-2	hit	1	5616	7	5559864	7	5166	7	130000	5000
Sound	P2/beat	other				5605363	1			25000
Sound	test17	other				5651862	1			71500
Picture	3-223-1-3	hit	2	7599	8	5710681	7	5166	7	130000	5000
Sound	P2/beat	other				5756178	1			25000
Sound	n14	other				5802678	1			71500
Picture	2-123-2-2	incorrect	1	6863	7	5861497	7	5166	7	130000	5000
Sound	P2/beat	other				5906994	1			25000
Sound	f01	other				5953494	1			71500
Picture	3-123-1-3	incorrect	1	7246	7	6012313	7	5166	7	130000	5000
Sound	P2/both1	other				6057811	1			25000
Sound	n06	other				6104310	1			71500
Picture	2-214-2-2	hit	1	5710	7	6163129	7	5166	7	130000	5000
Sound	P2/both	other				6208627	1			25000
Sound	f23	other				6255127	1			71500
Picture	3-124-1-3	hit	2	9374	7	6313946	7	5166	7	130000	5000
Sound	P2/both	other				6359443	1			25000
Sound	test02	other				6405942	1			71500
Picture	3-214-1-3	incorrect	2	8237	8	6464762	7	5166	7	130000	5000
Sound	P2/both	other				6510260	1			25000
Sound	test08	other				6556760	1			71500
Picture	3-214-1-3	incorrect	2	5421	7	6615578	7	5166	7	130000	5000
Sound	P0/none1	other				6661075	1			25000
Sound	f10	other				6707576	1			71500
Picture	3-121-1-3	incorrect	1	6685	7	6766394	7	5166	7	130000	5000
Sound	P0/none	other				6811892	1			25000
Sound	f04	other				6858392	1			71500
Picture	3-121-1-3	hit	2	7068	8	6917211	7	5166	7	130000	5000
Sound	P0/none	other				6962708	1			25000
Sound	n11	other				7009209	1			71500
Picture	3-121-2-3	incorrect	1	7292	7	7068027	7	5166	7	130000	5000
Sound	P0/none	other				7113524	1			25000
Sound	test16	other				7160023	1			71500
Picture	2-221-1-2	hit	2	19997	7	7218843	7	5166	7	130000	5000
Sound	P2/beat1	other				7264340	1			25000
Sound	test13	other				7310841	1			71500
Picture	2-223-1-2	hit	2	6299	8	7369660	7	5166	7	130000	5000
Sound	P2/beat	other				7415157	1			25000
Sound	f21	other				7461657	1			71500
Picture	2-113-2-2	incorrect	2	10363	8	7520476	7	5166	7	130000	5000
Sound	P2/beat	other				7565973	1			25000
Sound	n13	other				7612474	1			71500
Picture	2-213-1-2	incorrect	2	13867	7	7671292	7	5166	7	130000	5000
Sound	P2/beat	other				7716789	1			25000
Sound	f09	other				7763290	1			71500
Picture	3-123-1-3	hit	2	7530	7	7822108	7	5166	7	130000	5000
Sound	P2/both1	other				7867605	1			25000
Sound	f07	other				7914105	1			71500
Picture	3-114-1-3	incorrect	2	8794	8	7972925	7	5166	7	130000	5000
Sound	P2/both	other				8018422	1			25000
Sound	test23	other				8064922	1			71500
Picture	2-214-2-2	hit	1	10138	7	8123741	7	5166	7	130000	5000
Sound	P2/both	other				8169238	1			25000
Sound	f03	other				8215739	1			71500
Picture	3-124-1-3	hit	2	11082	7	8274557	7	5166	7	130000	5000
Sound	P2/both	other				8320055	1			25000
Sound	f20	other				8366554	1			71500
Picture	2-114-2-2	hit	1	6505	8	8425373	7	5166	7	130000	5000
Sound	P1/tapping1	other				8470870	1			25000
Sound	test01	other				8517371	1			71500
Picture	3-222-1-3	incorrect	1	6009	7	8576190	7	5166	7	130000	5000
Sound	P1/tapping	other				8621687	1			25000
Sound	n04	other				8668186	1			71500
Picture	3-212-1-3	incorrect	2	8392	7	8727006	7	5166	7	130000	5000
Sound	P1/tapping	other				8772503	1			25000
Sound	f19	other				8819004	1			71500
Picture	2-122-2-2	incorrect	1	10616	7	8877822	7	5166	7	130000	5000
Sound	P1/tapping	other				8923320	1			25000
Sound	f24	other				8969820	1			71500
Picture	2-122-1-2	hit	2	7160	7	9028638	7	5166	7	130000	5000


{
   "app": "Presentation Version 22.1 Build 01.21.21",
   "device": "Dell Inc. OptiPlex 7050",
   "experiment": "{C8E97CB4-6FCA-44FA-B866-4A2D94B6B85C}",
   "os": "Windows 10 64 bit",
   "package": "",
   "parameters": {
      "configuration": "Default configuration"
   },
   "scenario": "entrain_list1_sess4_EB.sce",
   "subject": "002",
   "timestamp": "2022/03/30 15:58:25 GMT"
}
