Scenario - test
Logfile written - 03/30/2022 17:22:27

Subject	Trial	Event Type	Code	Time	TTime	Uncertainty	Duration	Uncertainty	ReqTime	ReqDur	Stim Type	Pair Index

002	1	Sound	P0/none1	25161	25001	1			25000		other	0
002	1	Sound	f01	71661	71501	1			71500		other	0
002	1	Picture	2-111-1-2	130479	130318	7	5166	7	130000	5000	hit	4
002	1	Response	61	139507	139347	1
002	2	Sound	P0/none	175977	25000	1			25000		other	0
002	2	Sound	test01	222477	71501	1			71500		other	0
002	2	Picture	2-211-1-2	281295	130318	7	5166	7	130000	5000	incorrect	8
002	2	Response	52	291747	140771	1
002	3	Sound	P0/none	326792	25000	1			25000		other	0
002	3	Sound	test22	373292	71500	1			71500		other	0
002	3	Picture	3-211-1-3	432111	130319	7	5166	7	130000	5000	incorrect	12
002	3	Response	52	443028	141235	2
002	4	Sound	P0/none	477608	24999	1			25000		other	0
002	4	Sound	f07	524108	71499	1			71500		other	0
002	4	Picture	2-121-1-2	582927	130318	7	5166	7	130000	5000	incorrect	16
002	4	Response	51	592147	139538	2
002	4	Response	52	600787	148179	1
002	5	Sound	P2/beat1	628425	25000	1			25000		other	0
002	5	Sound	f03	674924	71499	1			71500		other	0
002	5	Picture	2-123-1-2	733743	130318	7	5166	7	130000	5000	hit	21
002	5	Response	62	742067	138643	1
002	6	Sound	P2/beat	779241	25000	1			25000		other	0
002	6	Sound	n12	825741	71500	1			71500		other	0
002	6	Picture	3-123-1-3	884559	130318	7	5166	7	130000	5000	incorrect	25
002	6	Response	51	889267	135026	1
002	7	Sound	P2/beat	930057	25000	1			25000		other	0
002	7	Sound	test10	976556	71499	1			71500		other	0
002	7	Picture	2-213-1-2	1035375	130318	7	5166	7	130000	5000	incorrect	29
002	7	Response	52	1043987	138930	1
002	8	Sound	P2/beat	1080873	25000	1			25000		other	0
002	8	Sound	f17	1127373	71500	1			71500		other	0
002	8	Picture	3-113-1-3	1186192	130318	7	5166	7	130000	5000	hit	33
002	8	Response	61	1189908	134035	2
002	9	Sound	P0/none1	1231688	24999	1			25000		other	0
002	9	Sound	f09	1278189	71500	1			71500		other	0
002	9	Picture	2-111-1-2	1337008	130319	7	5166	7	130000	5000	incorrect	37
002	9	Response	52	1352147	145458	1
002	10	Sound	P0/none	1382506	25001	1			25000		other	0
002	10	Sound	test02	1429005	71499	1			71500		other	0
002	10	Picture	2-221-1-2	1487823	130318	7	5166	7	130000	5000	incorrect	41
002	10	Response	51	1497747	140242	1
002	11	Sound	P0/none	1533322	25000	1			25000		other	0
002	11	Sound	f20	1579820	71499	1			71500		other	0
002	11	Picture	3-121-1-3	1638640	130318	7	5166	7	130000	5000	hit	45
002	11	Response	62	1648627	140305	1
002	12	Sound	P0/none	1684137	24999	1			25000		other	0
002	12	Sound	test21	1730637	71499	1			71500		other	0
002	12	Picture	3-221-1-3	1789456	130318	7	5166	7	130000	5000	hit	49
002	12	Response	62	1806147	147009	1
002	13	Sound	P1/tapping1	1834953	25000	1			25000		other	0
002	13	Response	53	1849746	39793	1
002	13	Response	53	1854787	44834	1
002	13	Response	53	1860306	50353	2
002	13	Response	53	1864866	54913	2
002	13	Response	53	1870147	60193	2
002	13	Response	53	1874947	64993	1
002	13	Response	53	1880227	70274	2
002	13	Sound	test04	1881453	71500	1			71500		other	0
002	13	Picture	2-212-1-2	1940272	130318	7	5166	7	130000	5000	incorrect	60
002	13	Response	52	1957986	148033	2
002	14	Response	53	1978627	17858	2
002	14	Response	53	1983506	22737	1
002	14	Sound	P1/tapping	1985769	24999	1			25000		other	0
002	14	Response	53	1990466	29697	1
002	14	Response	53	1995346	34577	2
002	14	Response	53	1999506	38737	1
002	14	Response	53	2004547	43777	2
002	14	Response	53	2009106	48337	1
002	14	Response	53	2013746	52977	1
002	14	Response	53	2018626	57857	1
002	14	Response	53	2023106	62337	2
002	14	Response	53	2027507	66737	1
002	14	Sound	test23	2032271	71501	1			71500		other	0
002	14	Response	53	2032307	71537	2
002	14	Picture	3-222-1-3	2091088	130318	7	5166	7	130000	5000	hit	76
002	14	Response	62	2097747	136977	1
002	15	Sound	P1/tapping	2136585	24999	1			25000		other	0
002	15	Response	53	2143267	31681	2
002	15	Response	53	2147506	35921	1
002	15	Response	53	2152946	41361	1
002	15	Response	53	2157986	46401	1
002	15	Response	53	2163026	51441	2
002	15	Response	53	2168068	56482	2
002	15	Response	53	2173266	61681	1
002	15	Response	53	2177826	66241	2
002	15	Response	53	2182786	71201	2
002	15	Sound	test06	2183085	71499	1			71500		other	0
002	15	Picture	2-222-1-2	2241904	130318	7	5166	7	130000	5000	incorrect	89
002	15	Response	51	2253746	142161	1
002	16	Response	53	2279186	16785	1
002	16	Response	53	2286866	24464	1
002	16	Sound	P1/tapping	2287402	25000	1			25000		other	0
002	16	Response	53	2292067	29665	2
002	16	Response	53	2296466	34065	2
002	16	Response	53	2301666	39265	1
002	16	Response	53	2306866	44465	1
002	16	Response	53	2311746	49344	2
002	16	Response	53	2317026	54625	1
002	16	Response	53	2322146	59745	1
002	16	Response	53	2327026	64625	2
002	16	Response	53	2331906	69505	1
002	16	Sound	test07	2333901	71500	1			71500		other	0
002	16	Picture	2-212-1-2	2392720	130318	7	5166	7	130000	5000	hit	104
002	16	Response	61	2401106	138705	1
002	17	Response	53	2431826	18609	2
002	17	Sound	P2/both1	2438218	25000	1			25000		other	0
002	17	Response	53	2440706	27489	2
002	17	Response	53	2443826	30608	2
002	17	Response	53	2449026	35809	1
002	17	Response	53	2454627	41409	2
002	17	Response	53	2460706	47489	1
002	17	Response	53	2466787	53569	2
002	17	Response	53	2472866	59648	1
002	17	Response	53	2478786	65568	2
002	17	Response	53	2484386	71169	2
002	17	Sound	n01	2484717	71499	1			71500		other	0
002	17	Picture	3-214-1-3	2543536	130318	7	5166	7	130000	5000	incorrect	118
002	17	Response	52	2549826	136609	1
002	18	Sound	P2/both	2589034	25001	1			25000		other	0
002	18	Response	53	2591106	27072	1
002	18	Response	53	2595186	31152	2
002	18	Response	53	2599906	35872	1
002	18	Response	53	2604866	40833	2
002	18	Response	53	2611746	47712	2
002	18	Response	53	2617746	53712	1
002	18	Response	53	2624066	60032	1
002	18	Response	53	2630066	66032	1
002	18	Sound	f22	2635533	71499	1			71500		other	0
002	18	Picture	3-124-1-3	2694352	130318	7	5166	7	130000	5000	hit	130
002	18	Response	62	2702146	138112	1
002	19	Response	53	2739666	24816	1
002	19	Sound	P2/both	2739849	24999	1			25000		other	0
002	19	Response	53	2745346	30496	1
002	19	Response	53	2750226	35376	1
002	19	Response	53	2756066	41216	1
002	19	Response	53	2761826	46976	2
002	19	Response	53	2767986	53136	1
002	19	Response	53	2773506	58656	2
002	19	Response	53	2780066	65216	1
002	19	Sound	f19	2786350	71500	1			71500		other	0
002	19	Picture	3-114-1-3	2845168	130318	7	5166	7	130000	5000	incorrect	142
002	19	Response	52	2855746	140896	1
002	20	Response	53	2890306	24640	1
002	20	Sound	P2/both	2890666	25000	1			25000		other	0
002	20	Response	53	2895346	29680	2
002	20	Response	53	2900867	35201	2
002	20	Response	53	2906946	41280	1
002	20	Response	53	2913186	47520	2
002	20	Response	53	2919186	53520	1
002	20	Response	53	2925667	60001	1
002	20	Response	53	2931426	65760	1
002	20	Sound	test16	2937166	71500	2			71500		other	0
002	20	Picture	3-224-1-3	2995985	130318	7	5166	7	130000	5000	hit	154
002	20	Response	62	3005427	139761	3
002	21	Sound	P1/tapping1	3041482	25000	1			25000		other	0
002	21	Response	53	3043906	27424	1
002	21	Response	53	3048306	31823	2
002	21	Response	53	3053986	37503	2
002	21	Response	53	3059426	42944	2
002	21	Response	53	3065106	48623	1
002	21	Response	53	3070466	53984	2
002	21	Response	53	3076066	59583	1
002	21	Response	53	3081426	64944	1
002	21	Response	53	3086946	70464	1
002	21	Sound	test05	3087982	71500	1			71500		other	0
002	21	Picture	2-222-1-2	3146801	130318	7	5166	7	130000	5000	hit	167
002	21	Response	62	3156066	139584	1
002	22	Response	53	3191906	24607	2
002	22	Sound	P1/tapping	3192299	25000	1			25000		other	0
002	22	Response	53	3196866	29568	1
002	22	Response	53	3202466	35167	2
002	22	Response	53	3208386	41087	1
002	22	Response	53	3213426	46128	1
002	22	Response	53	3218946	51647	1
002	22	Response	53	3224066	56767	1
002	22	Response	53	3229506	62208	2
002	22	Response	53	3234946	67648	1
002	22	Sound	test08	3238798	71499	1			71500		other	0
002	22	Response	53	3240306	73008	1
002	22	Picture	2-212-1-2	3297617	130318	7	5166	7	130000	5000	incorrect	181
002	22	Response	52	3303906	136608	2
002	23	Sound	P1/tapping	3343115	25000	1			25000		other	0
002	23	Response	53	3343826	25711	1
002	23	Response	53	3348306	30191	2
002	23	Response	53	3354546	36431	2
002	23	Response	53	3359826	41711	1
002	23	Response	53	3364225	46111	1
002	23	Response	53	3368546	50431	2
002	23	Response	53	3373026	54911	1
002	23	Response	53	3377026	58911	2
002	23	Response	53	3381266	63151	1
002	23	Response	53	3385346	67231	2
002	23	Sound	test14	3389615	71500	1			71500		other	0
002	23	Response	53	3389826	71711	1
002	23	Picture	3-212-1-3	3448433	130318	7	5166	7	130000	5000	hit	196
002	23	Response	61	3458706	140591	1
002	24	Sound	P1/tapping	3493930	25000	1			25000		other	0
002	24	Response	53	3497266	28335	1
002	24	Response	53	3501186	32256	1
002	24	Response	53	3506306	37375	2
002	24	Response	53	3510626	41695	1
002	24	Response	53	3514945	46015	1
002	24	Response	53	3518945	50015	1
002	24	Response	53	3523346	54415	1
002	24	Response	53	3527346	58415	1
002	24	Response	53	3531585	62655	2
002	24	Response	53	3535905	66975	1
002	24	Response	53	3539906	70975	2
002	24	Sound	test19	3540430	71499	1			71500		other	0
002	24	Response	53	3543986	75055	1
002	24	Picture	3-212-1-3	3599249	130318	7	5166	7	130000	5000	miss	0
002	24	Response	52	3619666	150736	1
002	25	Sound	P2/beat1	3644747	25000	1			25000		other	0
002	25	Response	53	3647506	27759	2
002	25	Sound	f15	3691246	71499	1			71500		other	0
002	25	Picture	3-113-1-3	3750065	130318	7	5166	7	130000	5000	hit	217
002	25	Response	61	3756546	136799	1
002	26	Sound	P2/beat	3795563	25000	1			25000		other	0
002	26	Sound	f16	3842062	71499	1			71500		other	0
002	26	Picture	3-123-1-3	3900881	130318	7	5166	7	130000	5000	hit	221
002	26	Response	62	3909586	139023	1
002	27	Sound	P2/beat	3946379	25000	1			25000		other	0
002	27	Sound	f18	3992879	71500	1			71500		other	0
002	27	Picture	3-113-1-3	4051697	130319	7	5166	7	130000	5000	hit	225
002	27	Response	61	4060866	139487	1
002	28	Sound	P2/beat	4097194	24999	1			25000		other	0
002	28	Sound	test18	4143695	71500	1			71500		other	0
002	28	Picture	3-223-1-3	4202514	130318	7	5166	7	130000	5000	hit	229
002	28	Response	62	4209986	137791	1
002	29	Sound	P2/both1	4248011	24999	1			25000		other	0
002	29	Response	53	4252865	29854	1
002	29	Response	53	4258706	35694	2
002	29	Response	53	4264226	41215	1
002	29	Response	53	4270226	47214	2
002	29	Response	53	4276065	53054	2
002	29	Response	53	4282546	59534	1
002	29	Response	53	4288305	65294	2
002	29	Sound	f10	4294511	71500	1			71500		other	0
002	29	Picture	2-114-1-2	4353330	130318	7	5166	7	130000	5000	incorrect	240
002	29	Response	52	4360546	137534	1
002	30	Response	53	4395905	22078	1
002	30	Sound	P2/both	4398826	24999	1			25000		other	0
002	30	Response	53	4402625	28798	2
002	30	Response	53	4408786	34958	1
002	30	Response	53	4414945	41118	2
002	30	Response	53	4420946	47118	1
002	30	Response	53	4426465	52638	1
002	30	Response	53	4432785	58958	1
002	30	Response	53	4439426	65598	1
002	30	Sound	f12	4445327	71500	1			71500		other	0
002	30	Picture	2-114-1-2	4504146	130318	7	5166	7	130000	5000	incorrect	252
002	30	Response	52	4516467	142640	3
002	31	Response	53	4538145	13502	2
002	31	Response	53	4549186	24542	1
002	31	Sound	P2/both	4549644	25000	1			25000		other	0
002	31	Response	53	4554385	29742	1
002	31	Response	53	4560145	35502	1
002	31	Response	53	4566145	41502	1
002	31	Response	53	4573106	48462	2
002	31	Response	53	4579106	54462	1
002	31	Response	53	4584705	60062	1
002	31	Response	53	4591106	66463	2
002	31	Sound	n05	4596144	71500	1			71500		other	0
002	31	Picture	3-124-1-3	4654962	130319	7	5166	7	130000	5000	hit	265
002	31	Response	62	4660545	135902	2
002	32	Sound	P2/both	4700459	24999	1			25000		other	0
002	32	Response	53	4702305	26845	1
002	32	Response	53	4706465	31006	2
002	32	Response	53	4712626	37166	2
002	32	Response	53	4719265	43805	1
002	32	Response	53	4724465	49006	1
002	32	Response	53	4730466	55006	2
002	32	Response	53	4736705	61246	2
002	32	Response	53	4742625	67165	1
002	32	Sound	f13	4746959	71499	1			71500		other	0
002	32	Picture	3-124-1-3	4805778	130319	7	5166	7	130000	5000	hit	277
002	32	Response	62	4816385	140926	1
002	33	Sound	P0/none1	4851275	24999	1			25000		other	0
002	33	Sound	n09	4897775	71500	1			71500		other	0
002	33	Picture	3-211-1-3	4956594	130319	7	5166	7	130000	5000	hit	281
002	33	Response	61	4963265	136989	1
002	34	Sound	P0/none	5002092	25000	1			25000		other	0
002	34	Sound	test13	5048593	71501	1			71500		other	0
002	34	Picture	3-221-1-3	5107410	130319	7	5166	7	130000	5000	hit	285
002	34	Response	62	5114385	137293	1
002	35	Sound	P0/none	5152908	25000	1			25000		other	0
002	35	Sound	f11	5199408	71499	1			71500		other	0
002	35	Picture	2-111-1-2	5258227	130319	7	5166	7	130000	5000	incorrect	289
002	35	Response	52	5266865	138957	2
002	36	Sound	P0/none	5303724	25000	1			25000		other	0
002	36	Sound	test17	5350224	71499	1			71500		other	0
002	36	Picture	2-211-2-2	5409043	130319	7	5166	7	130000	5000	hit	293
002	36	Response	61	5417345	138621	1
002	37	Sound	P2/both1	5454540	24999	1			25000		other	0
002	37	Response	53	5457585	28044	1
002	37	Response	53	5461345	31804	2
002	37	Response	53	5466385	36844	1
002	37	Response	53	5472145	42604	2
002	37	Response	53	5477745	48204	1
002	37	Response	53	5483025	53484	1
002	37	Response	53	5489185	59644	2
002	37	Response	53	5495265	65724	1
002	37	Response	53	5501025	71484	2
002	37	Sound	f06	5501040	71499	1			71500		other	0
002	37	Picture	2-114-1-2	5559859	130319	7	5166	7	130000	5000	hit	306
002	37	Response	61	5566625	137084	2
002	38	Sound	P2/both	5605356	25000	1			25000		other	0
002	38	Response	53	5609345	28989	2
002	38	Response	53	5614785	34428	1
002	38	Response	53	5620705	40348	2
002	38	Response	53	5625585	45228	2
002	38	Response	53	5633025	52668	2
002	38	Response	53	5639985	59628	1
002	38	Response	53	5646785	66428	2
002	38	Sound	f24	5651856	71500	1			71500		other	0
002	38	Picture	3-114-1-3	5710675	130319	7	5166	7	130000	5000	hit	317
002	38	Response	61	5714225	133868	1
002	39	Sound	P2/both	5756173	25000	1			25000		other	0
002	39	Response	53	5758305	27132	1
002	39	Response	53	5762065	30892	1
002	39	Response	53	5767024	35852	1
002	39	Response	53	5773265	42092	1
002	39	Response	53	5779105	47932	3
002	39	Response	53	5785025	53852	2
002	39	Response	53	5790465	59293	2
002	39	Response	53	5795265	64092	2
002	39	Response	53	5801345	70172	1
002	39	Sound	f08	5802673	71500	1			71500		other	0
002	39	Picture	2-114-1-2	5861491	130319	7	5166	7	130000	5000	hit	330
002	39	Response	61	5872146	140973	2
002	40	Sound	P2/both	5906989	25000	1			25000		other	0
002	40	Response	53	5909505	27516	2
002	40	Response	53	5913105	31116	1
002	40	Response	53	5918625	36636	1
002	40	Response	53	5923745	41756	2
002	40	Response	53	5929905	47917	1
002	40	Response	53	5935905	53916	1
002	40	Response	53	5941585	59596	1
002	40	Response	53	5947825	65836	1
002	40	Sound	n04	5953488	71499	1			71500		other	0
002	40	Picture	2-224-1-2	6012307	130319	7	5166	7	130000	5000	hit	342
002	40	Response	62	6027585	145596	1
002	41	Sound	P2/beat1	6057804	24999	1			25000		other	0
002	41	Sound	test09	6104306	71500	1			71500		other	0
002	41	Picture	2-223-1-2	6163124	130319	7	5166	7	130000	5000	incorrect	346
002	41	Response	51	6169105	136300	2
002	42	Sound	P2/beat	6208621	25000	1			25000		other	0
002	42	Sound	test03	6255121	71500	1			71500		other	0
002	42	Picture	2-213-1-2	6313940	130319	7	5166	7	130000	5000	incorrect	350
002	42	Response	52	6327264	143643	2
002	43	Sound	P2/beat	6359437	24999	1			25000		other	0
002	43	Sound	n10	6405937	71499	1			71500		other	0
002	43	Picture	3-123-1-3	6464756	130319	7	5166	7	130000	5000	hit	354
002	43	Response	62	6476144	141707	1
002	44	Sound	P2/beat	6510253	24999	1			25000		other	0
002	44	Sound	test24	6556753	71500	1			71500		other	0
002	44	Picture	3-223-1-3	6615572	130318	7	5166	7	130000	5000	incorrect	358
002	44	Response	51	6625105	139851	1
002	45	Sound	P1/tapping1	6661070	25000	1			25000		other	0
002	45	Response	53	6670945	34875	1
002	45	Response	53	6675825	39755	2
002	45	Response	53	6680865	44795	2
002	45	Response	53	6686385	50315	2
002	45	Response	53	6691665	55595	1
002	45	Response	53	6697024	60955	2
002	45	Response	53	6703104	67035	1
002	45	Sound	f05	6707570	71500	1			71500		other	0
002	45	Response	53	6708304	72234	1
002	45	Picture	2-112-1-2	6766388	130319	7	5166	7	130000	5000	incorrect	370
002	45	Response	52	6774464	138394	1
002	46	Sound	P1/tapping	6811885	24999	1			25000		other	0
002	46	Response	53	6812784	25898	1
002	46	Response	53	6817104	30218	2
002	46	Response	53	6823344	36458	1
002	46	Response	53	6828545	41659	2
002	46	Response	53	6833504	46618	2
002	46	Response	53	6838224	51338	1
002	46	Response	53	6843184	56298	2
002	46	Response	53	6849184	62298	2
002	46	Response	53	6853585	66699	2
002	46	Response	53	6857424	70538	1
002	46	Sound	f04	6858386	71500	1			71500		other	0
002	46	Response	53	6859424	72538	2
002	46	Picture	2-122-1-2	6917205	130319	7	5166	7	130000	5000	hit	385
002	46	Response	62	6926064	139178	1
002	47	Sound	P1/tapping	6962702	25000	1			25000		other	0
002	47	Response	53	6962944	25242	1
002	47	Response	53	6967664	29962	1
002	47	Response	53	6973424	35722	2
002	47	Response	53	6979665	41962	1
002	47	Response	53	6985344	47642	2
002	47	Response	53	6991104	53402	1
002	47	Response	53	6997745	60042	1
002	47	Response	53	7003664	65962	1
002	47	Response	53	7008865	71163	1
002	47	Sound	n13	7009201	71499	1			71500		other	0
002	47	Picture	3-222-1-3	7068021	130319	7	5166	7	130000	5000	hit	398
002	47	Response	62	7074384	136682	1
002	48	Response	53	7112704	24186	1
002	48	Sound	P1/tapping	7113517	24999	1			25000		other	0
002	48	Response	53	7117905	29386	2
002	48	Response	53	7124064	35546	2
002	48	Response	53	7129824	41306	1
002	48	Response	53	7135184	46666	2
002	48	Response	53	7140624	52106	1
002	48	Response	53	7145984	57466	1
002	48	Response	53	7151664	63146	1
002	48	Response	53	7157424	68906	2
002	48	Sound	f21	7160018	71500	1			71500		other	0
002	48	Picture	3-112-1-3	7218837	130319	7	5166	7	130000	5000	incorrect	411
002	48	Response	52	7224304	135786	2
002	49	Sound	P0/none1	7264334	24999	1			25000		other	0
002	49	Sound	test25	7310835	71500	1			71500		other	0
002	49	Picture	3-211-1-3	7369653	130318	7	5166	7	130000	5000	incorrect	415
002	49	Response	52	7378304	138970	1
002	50	Sound	P0/none	7415150	24999	1			25000		other	0
002	50	Sound	test12	7461650	71499	1			71500		other	0
002	50	Picture	2-221-1-2	7520469	130318	7	5166	7	130000	5000	hit	419
002	50	Response	62	7527104	136953	1
002	51	Sound	P0/none	7565967	25000	1			25000		other	0
002	51	Sound	n03	7612467	71500	1			71500		other	0
002	51	Picture	2-111-1-2	7671286	130318	7	5166	7	130000	5000	incorrect	423
002	51	Response	52	7685745	144778	2
002	52	Sound	P0/none	7716782	24999	1			25000		other	0
002	52	Sound	f23	7763284	71501	1			71500		other	0
002	52	Picture	2-121-1-2	7822102	130319	7	5166	7	130000	5000	hit	427
002	52	Response	62	7830624	138841	2
002	53	Sound	P1/tapping1	7867599	24999	1			25000		other	0
002	53	Response	53	7880224	37625	2
002	53	Response	53	7885104	42504	1
002	53	Response	53	7890464	47865	2
002	53	Response	53	7895824	53225	1
002	53	Response	53	7900624	58024	1
002	53	Response	53	7905744	63145	1
002	53	Response	53	7910304	67704	2
002	53	Sound	f02	7914100	71501	1			71500		other	0
002	53	Picture	2-122-1-2	7972918	130319	7	5166	7	130000	5000	hit	438
002	53	Response	62	7988784	146184	1
002	54	Response	53	8011744	18329	2
002	54	Sound	P1/tapping	8018415	24999	1			25000		other	0
002	54	Response	53	8018784	25368	2
002	54	Response	53	8023984	30568	2
002	54	Response	53	8029104	35688	1
002	54	Response	53	8035104	41688	1
002	54	Response	53	8039424	46008	1
002	54	Response	53	8043904	50488	1
002	54	Response	53	8048624	55208	1
002	54	Response	53	8052864	59448	2
002	54	Response	53	8057264	63848	2
002	54	Response	53	8061264	67848	2
002	54	Sound	test15	8064915	71500	1			71500		other	0
002	54	Picture	3-222-1-3	8123734	130319	7	5166	7	130000	5000	incorrect	453
002	54	Response	51	8133024	139608	2
002	55	Sound	P1/tapping	8169232	25000	1			25000		other	0
002	55	Response	53	8170624	26392	1
002	55	Response	53	8174944	30712	1
002	55	Response	53	8180463	36232	2
002	55	Response	53	8185584	41353	2
002	55	Response	53	8190464	46233	1
002	55	Response	53	8194944	50712	1
002	55	Response	53	8199104	54872	1
002	55	Response	53	8203504	59272	2
002	55	Response	53	8207744	63512	1
002	55	Response	53	8212303	68072	2
002	55	Sound	test11	8215732	71500	1			71500		other	0
002	55	Response	53	8216624	72392	2
002	55	Picture	2-212-1-2	8274550	130319	7	5166	7	130000	5000	hit	468
002	55	Response	61	8282784	138552	1
002	56	Response	53	8318384	23336	1
002	56	Sound	P1/tapping	8320048	25000	1			25000		other	0
002	56	Response	53	8324224	29176	1
002	56	Response	53	8330064	35015	2
002	56	Response	53	8335744	40696	1
002	56	Response	53	8340944	45896	2
002	56	Response	53	8346064	51016	1
002	56	Response	53	8351504	56456	1
002	56	Response	53	8356863	61815	1
002	56	Response	53	8362224	67176	1
002	56	Sound	n06	8366548	71500	1			71500		other	0
002	56	Response	53	8367824	72776	1
002	56	Picture	3-222-1-3	8425367	130319	7	5166	7	130000	5000	hit	482
002	56	Response	62	8434224	139176	1
002	57	Sound	P2/both1	8470864	25000	1			25000		other	0
002	57	Response	53	8473584	27720	2
002	57	Response	53	8477743	31879	2
002	57	Response	53	8482304	36439	1
002	57	Response	53	8487823	41959	1
002	57	Response	53	8494144	48279	1
002	57	Response	53	8499584	53720	1
002	57	Response	53	8505904	60040	1
002	57	Response	53	8511823	65959	1
002	57	Sound	n11	8517365	71500	1			71500		other	0
002	57	Picture	2-124-1-2	8576183	130319	7	5166	7	130000	5000	hit	494
002	57	Response	62	8589744	143879	1
002	58	Sound	P2/both	8621680	24999	1			25000		other	0
002	58	Response	53	8622304	25623	1
002	58	Response	53	8626944	30263	2
002	58	Response	53	8632304	35623	2
002	58	Response	53	8637663	40983	2
002	58	Response	53	8643984	47303	1
002	58	Response	53	8649904	53223	1
002	58	Response	53	8655983	59303	1
002	58	Response	53	8661104	64424	2
002	58	Sound	n14	8668181	71501	1			71500		other	0
002	58	Picture	3-124-1-3	8726999	130319	7	5166	7	130000	5000	incorrect	506
002	58	Response	51	8736624	139943	1
002	59	Response	53	8772383	24887	1
002	59	Sound	P2/both	8772497	25000	1			25000		other	0
002	59	Response	53	8777583	30087	1
002	59	Response	53	8783184	35687	1
002	59	Response	53	8789583	42087	2
002	59	Response	53	8795504	48007	2
002	59	Response	53	8802224	54728	2
002	59	Response	53	8807504	60007	2
002	59	Response	53	8814544	67047	1
002	59	Sound	f14	8818996	71499	1			71500		other	0
002	59	Picture	3-124-1-3	8877815	130319	7	5166	7	130000	5000	hit	518
002	59	Response	62	8887664	140167	1
002	60	Response	53	8920544	22231	2
002	60	Sound	P2/both	8923312	24999	1			25000		other	0
002	60	Response	53	8927424	29111	1
002	60	Response	53	8932943	34630	1
002	60	Response	53	8938784	40471	1
002	60	Response	53	8944863	46550	1
002	60	Response	53	8951103	52790	1
002	60	Response	53	8956863	58550	1
002	60	Response	53	8962463	64151	1
002	60	Sound	n07	8969812	71499	1			71500		other	0
002	60	Picture	2-214-1-2	9028632	130319	7	5166	7	130000	5000	hit	530
002	60	Response	61	9040144	141831	2


Event Type	Code	Type	Response	RT	RT Uncertainty	Time	Uncertainty	Duration	Uncertainty	ReqTime	ReqDur

Sound	P0/none1	other				25161	1			25000
Sound	f01	other				71661	1			71500
Picture	2-111-1-2	hit	1	9028	7	130479	7	5166	7	130000	5000
Sound	P0/none	other				175977	1			25000
Sound	test01	other				222477	1			71500
Picture	2-211-1-2	incorrect	2	10452	7	281295	7	5166	7	130000	5000
Sound	P0/none	other				326792	1			25000
Sound	test22	other				373292	1			71500
Picture	3-211-1-3	incorrect	2	10917	8	432111	7	5166	7	130000	5000
Sound	P0/none	other				477608	1			25000
Sound	f07	other				524108	1			71500
Picture	2-121-1-2	incorrect	1	9220	8	582927	7	5166	7	130000	5000
Sound	P2/beat1	other				628425	1			25000
Sound	f03	other				674924	1			71500
Picture	2-123-1-2	hit	2	8324	7	733743	7	5166	7	130000	5000
Sound	P2/beat	other				779241	1			25000
Sound	n12	other				825741	1			71500
Picture	3-123-1-3	incorrect	1	4708	7	884559	7	5166	7	130000	5000
Sound	P2/beat	other				930057	1			25000
Sound	test10	other				976556	1			71500
Picture	2-213-1-2	incorrect	2	8612	7	1035375	7	5166	7	130000	5000
Sound	P2/beat	other				1080873	1			25000
Sound	f17	other				1127373	1			71500
Picture	3-113-1-3	hit	1	3716	8	1186192	7	5166	7	130000	5000
Sound	P0/none1	other				1231688	1			25000
Sound	f09	other				1278189	1			71500
Picture	2-111-1-2	incorrect	2	15139	7	1337008	7	5166	7	130000	5000
Sound	P0/none	other				1382506	1			25000
Sound	test02	other				1429005	1			71500
Picture	2-221-1-2	incorrect	1	9923	7	1487823	7	5166	7	130000	5000
Sound	P0/none	other				1533322	1			25000
Sound	f20	other				1579820	1			71500
Picture	3-121-1-3	hit	2	9987	7	1638640	7	5166	7	130000	5000
Sound	P0/none	other				1684137	1			25000
Sound	test21	other				1730637	1			71500
Picture	3-221-1-3	hit	2	16691	7	1789456	7	5166	7	130000	5000
Sound	P1/tapping1	other				1834953	1			25000
Sound	test04	other				1881453	1			71500
Picture	2-212-1-2	incorrect	2	17714	8	1940272	7	5166	7	130000	5000
Sound	P1/tapping	other				1985769	1			25000
Sound	test23	other				2032271	1			71500
Picture	3-222-1-3	hit	2	6659	7	2091088	7	5166	7	130000	5000
Sound	P1/tapping	other				2136585	1			25000
Sound	test06	other				2183085	1			71500
Picture	2-222-1-2	incorrect	1	11842	7	2241904	7	5166	7	130000	5000
Sound	P1/tapping	other				2287402	1			25000
Sound	test07	other				2333901	1			71500
Picture	2-212-1-2	hit	1	8386	7	2392720	7	5166	7	130000	5000
Sound	P2/both1	other				2438218	1			25000
Sound	n01	other				2484717	1			71500
Picture	3-214-1-3	incorrect	2	6290	7	2543536	7	5166	7	130000	5000
Sound	P2/both	other				2589034	1			25000
Sound	f22	other				2635533	1			71500
Picture	3-124-1-3	hit	2	7794	7	2694352	7	5166	7	130000	5000
Sound	P2/both	other				2739849	1			25000
Sound	f19	other				2786350	1			71500
Picture	3-114-1-3	incorrect	2	10578	7	2845168	7	5166	7	130000	5000
Sound	P2/both	other				2890666	1			25000
Sound	test16	other				2937166	2			71500
Picture	3-224-1-3	hit	2	9442	10	2995985	7	5166	7	130000	5000
Sound	P1/tapping1	other				3041482	1			25000
Sound	test05	other				3087982	1			71500
Picture	2-222-1-2	hit	2	9265	7	3146801	7	5166	7	130000	5000
Sound	P1/tapping	other				3192299	1			25000
Sound	test08	other				3238798	1			71500
Picture	2-212-1-2	incorrect	2	6289	8	3297617	7	5166	7	130000	5000
Sound	P1/tapping	other				3343115	1			25000
Sound	test14	other				3389615	1			71500
Picture	3-212-1-3	hit	1	10273	7	3448433	7	5166	7	130000	5000
Sound	P1/tapping	other				3493930	1			25000
Sound	test19	other				3540430	1			71500
Picture	3-212-1-3	miss				3599249	7	5166	7	130000	5000
Sound	P2/beat1	other				3644747	1			25000
Sound	f15	other				3691246	1			71500
Picture	3-113-1-3	hit	1	6481	7	3750065	7	5166	7	130000	5000
Sound	P2/beat	other				3795563	1			25000
Sound	f16	other				3842062	1			71500
Picture	3-123-1-3	hit	2	8704	7	3900881	7	5166	7	130000	5000
Sound	P2/beat	other				3946379	1			25000
Sound	f18	other				3992879	1			71500
Picture	3-113-1-3	hit	1	9169	8	4051697	7	5166	7	130000	5000
Sound	P2/beat	other				4097194	1			25000
Sound	test18	other				4143695	1			71500
Picture	3-223-1-3	hit	2	7472	7	4202514	7	5166	7	130000	5000
Sound	P2/both1	other				4248011	1			25000
Sound	f10	other				4294511	1			71500
Picture	2-114-1-2	incorrect	2	7216	7	4353330	7	5166	7	130000	5000
Sound	P2/both	other				4398826	1			25000
Sound	f12	other				4445327	1			71500
Picture	2-114-1-2	incorrect	2	12322	9	4504146	7	5166	7	130000	5000
Sound	P2/both	other				4549644	1			25000
Sound	n05	other				4596144	1			71500
Picture	3-124-1-3	hit	2	5583	8	4654962	7	5166	7	130000	5000
Sound	P2/both	other				4700459	1			25000
Sound	f13	other				4746959	1			71500
Picture	3-124-1-3	hit	2	10607	7	4805778	7	5166	7	130000	5000
Sound	P0/none1	other				4851275	1			25000
Sound	n09	other				4897775	1			71500
Picture	3-211-1-3	hit	1	6671	7	4956594	7	5166	7	130000	5000
Sound	P0/none	other				5002092	1			25000
Sound	test13	other				5048593	1			71500
Picture	3-221-1-3	hit	2	6974	7	5107410	7	5166	7	130000	5000
Sound	P0/none	other				5152908	1			25000
Sound	f11	other				5199408	1			71500
Picture	2-111-1-2	incorrect	2	8638	8	5258227	7	5166	7	130000	5000
Sound	P0/none	other				5303724	1			25000
Sound	test17	other				5350224	1			71500
Picture	2-211-2-2	hit	1	8302	7	5409043	7	5166	7	130000	5000
Sound	P2/both1	other				5454540	1			25000
Sound	f06	other				5501040	1			71500
Picture	2-114-1-2	hit	1	6766	8	5559859	7	5166	7	130000	5000
Sound	P2/both	other				5605356	1			25000
Sound	f24	other				5651856	1			71500
Picture	3-114-1-3	hit	1	3550	7	5710675	7	5166	7	130000	5000
Sound	P2/both	other				5756173	1			25000
Sound	f08	other				5802673	1			71500
Picture	2-114-1-2	hit	1	10654	8	5861491	7	5166	7	130000	5000
Sound	P2/both	other				5906989	1			25000
Sound	n04	other				5953488	1			71500
Picture	2-224-1-2	hit	2	15278	7	6012307	7	5166	7	130000	5000
Sound	P2/beat1	other				6057804	1			25000
Sound	test09	other				6104306	1			71500
Picture	2-223-1-2	incorrect	1	5981	8	6163124	7	5166	7	130000	5000
Sound	P2/beat	other				6208621	1			25000
Sound	test03	other				6255121	1			71500
Picture	2-213-1-2	incorrect	2	13325	8	6313940	7	5166	7	130000	5000
Sound	P2/beat	other				6359437	1			25000
Sound	n10	other				6405937	1			71500
Picture	3-123-1-3	hit	2	11388	7	6464756	7	5166	7	130000	5000
Sound	P2/beat	other				6510253	1			25000
Sound	test24	other				6556753	1			71500
Picture	3-223-1-3	incorrect	1	9532	7	6615572	7	5166	7	130000	5000
Sound	P1/tapping1	other				6661070	1			25000
Sound	f05	other				6707570	1			71500
Picture	2-112-1-2	incorrect	2	8076	7	6766388	7	5166	7	130000	5000
Sound	P1/tapping	other				6811885	1			25000
Sound	f04	other				6858386	1			71500
Picture	2-122-1-2	hit	2	8860	7	6917205	7	5166	7	130000	5000
Sound	P1/tapping	other				6962702	1			25000
Sound	n13	other				7009201	1			71500
Picture	3-222-1-3	hit	2	6363	7	7068021	7	5166	7	130000	5000
Sound	P1/tapping	other				7113517	1			25000
Sound	f21	other				7160018	1			71500
Picture	3-112-1-3	incorrect	2	5467	8	7218837	7	5166	7	130000	5000
Sound	P0/none1	other				7264334	1			25000
Sound	test25	other				7310835	1			71500
Picture	3-211-1-3	incorrect	2	8651	7	7369653	7	5166	7	130000	5000
Sound	P0/none	other				7415150	1			25000
Sound	test12	other				7461650	1			71500
Picture	2-221-1-2	hit	2	6635	7	7520469	7	5166	7	130000	5000
Sound	P0/none	other				7565967	1			25000
Sound	n03	other				7612467	1			71500
Picture	2-111-1-2	incorrect	2	14459	8	7671286	7	5166	7	130000	5000
Sound	P0/none	other				7716782	1			25000
Sound	f23	other				7763284	1			71500
Picture	2-121-1-2	hit	2	8522	8	7822102	7	5166	7	130000	5000
Sound	P1/tapping1	other				7867599	1			25000
Sound	f02	other				7914100	1			71500
Picture	2-122-1-2	hit	2	15866	7	7972918	7	5166	7	130000	5000
Sound	P1/tapping	other				8018415	1			25000
Sound	test15	other				8064915	1			71500
Picture	3-222-1-3	incorrect	1	9290	8	8123734	7	5166	7	130000	5000
Sound	P1/tapping	other				8169232	1			25000
Sound	test11	other				8215732	1			71500
Picture	2-212-1-2	hit	1	8234	7	8274550	7	5166	7	130000	5000
Sound	P1/tapping	other				8320048	1			25000
Sound	n06	other				8366548	1			71500
Picture	3-222-1-3	hit	2	8857	7	8425367	7	5166	7	130000	5000
Sound	P2/both1	other				8470864	1			25000
Sound	n11	other				8517365	1			71500
Picture	2-124-1-2	hit	2	13561	7	8576183	7	5166	7	130000	5000
Sound	P2/both	other				8621680	1			25000
Sound	n14	other				8668181	1			71500
Picture	3-124-1-3	incorrect	1	9625	7	8726999	7	5166	7	130000	5000
Sound	P2/both	other				8772497	1			25000
Sound	f14	other				8818996	1			71500
Picture	3-124-1-3	hit	2	9848	7	8877815	7	5166	7	130000	5000
Sound	P2/both	other				8923312	1			25000
Sound	n07	other				8969812	1			71500
Picture	2-214-1-2	hit	1	11512	8	9028632	7	5166	7	130000	5000

The following output port codes were not sent because of a conflict on the port.
Port	Code	Time(ms)
1	53	203231
1	104	550104


{
   "app": "Presentation Version 22.1 Build 01.21.21",
   "device": "Dell Inc. OptiPlex 7050",
   "experiment": "{C8E97CB4-6FCA-44FA-B866-4A2D94B6B85C}",
   "os": "Windows 10 64 bit",
   "package": "",
   "parameters": {
      "configuration": "Default configuration"
   },
   "scenario": "entrain_list1_sess1_EB.sce",
   "subject": "002",
   "timestamp": "2022/03/30 15:07:14 GMT"
}
