Scenario - test
Logfile written - 03/30/2022 17:56:30

Subject	Trial	Event Type	Code	Time	TTime	Uncertainty	Duration	Uncertainty	ReqTime	ReqDur	Stim Type	Pair Index

002	1	Sound	P1/tapping1	25160	24999	1			25000		other	0
002	1	Response	53	26787	26626	1
002	1	Response	53	31507	31346	1
002	1	Response	53	36627	36466	1
002	1	Response	53	42307	42146	1
002	1	Response	53	47427	47266	1
002	1	Response	53	53667	53506	1
002	1	Response	53	59027	58866	2
002	1	Response	53	65187	65026	1
002	1	Sound	n05	71662	71501	1			71500		other	0
002	1	Response	53	87587	87426	2
002	1	Picture	2-122-2-2	130479	130318	7	5166	7	130000	5000	incorrect	13
002	1	Response	51	141827	141666	3
002	2	Response	53	174547	23570	1
002	2	Sound	P1/tapping	175977	25000	1			25000		other	0
002	2	Response	53	179908	28931	1
002	2	Response	53	185186	34210	1
002	2	Response	53	191108	40131	2
002	2	Response	53	196467	45490	1
002	2	Response	53	201987	51010	1
002	2	Response	53	204707	53730	1
002	2	Response	53	207748	56771	1
002	2	Response	53	210627	59650	1
002	2	Response	53	213347	62370	1
002	2	Sound	f18	222476	71499	1			71500		other	0
002	2	Picture	3-122-1-3	281295	130319	7	5166	7	130000	5000	hit	27
002	2	Response	62	289187	138210	2
002	3	Response	53	326387	24594	2
002	3	Sound	P1/tapping	326793	25000	1			25000		other	0
002	3	Response	53	331587	29794	1
002	3	Response	53	337107	35314	1
002	3	Response	53	342786	40993	1
002	3	Response	53	347667	45874	2
002	3	Response	53	352706	50913	1
002	3	Response	53	357746	55953	1
002	3	Response	53	362707	60914	2
002	3	Sound	f09	373293	71500	1			71500		other	0
002	3	Picture	2-122-1-2	432112	130319	7	5166	7	130000	5000	hit	39
002	3	Response	62	445507	143714	2
002	4	Response	53	472467	19858	2
002	4	Sound	P1/tapping	477609	25000	1			25000		other	0
002	4	Response	53	478707	26098	1
002	4	Response	53	483187	30577	1
002	4	Response	53	487266	34657	1
002	4	Response	53	491266	38657	2
002	4	Response	53	495987	43377	1
002	4	Response	53	499987	47377	2
002	4	Response	53	503666	51057	1
002	4	Response	53	507667	55057	2
002	4	Response	53	512226	59617	1
002	4	Response	53	515587	62978	1
002	4	Response	53	520067	67457	1
002	4	Response	53	524067	71457	1
002	4	Sound	f06	524108	71499	1			71500		other	0
002	4	Picture	3-122-1-3	582928	130319	7	5166	7	130000	5000	hit	56
002	4	Response	62	592787	140178	3
002	5	Sound	P2/both1	628426	25001	1			25000		other	0
002	5	Response	53	631347	27921	1
002	5	Response	53	635667	32241	1
002	5	Response	53	639746	36321	1
002	5	Response	53	645267	41842	1
002	5	Response	53	651267	47841	1
002	5	Response	53	659106	55681	1
002	5	Response	53	664307	60881	2
002	5	Response	53	670466	67041	1
002	5	Sound	f01	674925	71500	1			71500		other	0
002	5	Picture	3-114-1-3	733744	130319	7	5166	7	130000	5000	hit	68
002	5	Response	61	742867	139441	2
002	6	Sound	P2/both	779242	25000	1			25000		other	0
002	6	Response	53	779987	25745	1
002	6	Response	53	785187	30945	1
002	6	Response	53	790546	36304	1
002	6	Response	53	797107	42865	1
002	6	Response	53	803026	48784	1
002	6	Response	53	808546	54305	2
002	6	Response	53	813746	59504	2
002	6	Response	53	819587	65345	1
002	6	Sound	test24	825741	71499	1			71500		other	0
002	6	Picture	3-214-1-3	884560	130319	7	5166	7	130000	5000	incorrect	80
002	6	Response	52	893986	139744	1
002	7	Sound	P2/both	930057	24999	1			25000		other	0
002	7	Response	53	940867	35808	1
002	7	Response	53	946147	41088	2
002	7	Response	53	951586	46528	1
002	7	Response	53	957667	52608	2
002	7	Response	53	963427	58369	1
002	7	Response	53	968388	63330	1
002	7	Sound	test22	976558	71500	1			71500		other	0
002	7	Picture	3-224-1-3	1035377	130319	7	5166	7	130000	5000	hit	90
002	7	Response	62	1042227	137168	1
002	8	Response	53	1073667	17792	2
002	8	Response	53	1080786	24912	1
002	8	Sound	P2/both	1080874	25000	1			25000		other	0
002	8	Response	53	1085187	29313	1
002	8	Response	53	1090307	34432	1
002	8	Response	53	1096706	40832	2
002	8	Response	53	1102306	46432	2
002	8	Response	53	1108146	52272	2
002	8	Response	53	1114867	58992	1
002	8	Response	53	1120466	64592	1
002	8	Sound	test07	1127375	71500	1			71500		other	0
002	8	Picture	3-214-1-3	1186193	130318	7	5166	7	130000	5000	incorrect	103
002	8	Response	52	1191827	135952	1
002	9	Response	53	1220227	13537	1
002	9	Sound	P2/beat1	1231691	25000	1			25000		other	0
002	9	Sound	f02	1278191	71500	1			71500		other	0
002	9	Picture	2-113-1-2	1337009	130319	7	5166	7	130000	5000	hit	108
002	9	Response	61	1347906	141216	2
002	10	Sound	P2/beat	1382507	25000	1			25000		other	0
002	10	Sound	f19	1429007	71500	1			71500		other	0
002	10	Picture	2-113-2-2	1487825	130319	7	5166	7	130000	5000	incorrect	112
002	10	Response	52	1495907	138400	1
002	11	Sound	P2/beat	1533322	24999	1			25000		other	0
002	11	Sound	n07	1579824	71501	1			71500		other	0
002	11	Picture	3-223-1-3	1638642	130319	7	5166	7	130000	5000	incorrect	116
002	11	Response	51	1645746	137423	1
002	12	Sound	P2/beat	1684139	25000	1			25000		other	0
002	12	Sound	f07	1730639	71500	1			71500		other	0
002	12	Picture	3-123-1-3	1789458	130319	7	5166	7	130000	5000	hit	120
002	12	Response	62	1799346	140207	1
002	13	Response	53	1834546	24591	1
002	13	Sound	P2/both1	1834955	24999	1			25000		other	0
002	13	Response	53	1840066	30111	1
002	13	Response	53	1845266	35311	1
002	13	Response	53	1850226	40270	1
002	13	Response	53	1856787	46831	2
002	13	Response	53	1862226	52270	1
002	13	Response	53	1868706	58751	1
002	13	Response	53	1874066	64111	2
002	13	Sound	f05	1881455	71500	1			71500		other	0
002	13	Picture	2-124-1-2	1940274	130319	7	5166	7	130000	5000	hit	132
002	13	Response	62	1947346	137391	2
002	14	Response	53	1980307	19535	2
002	14	Sound	P2/both	1985771	24999	1			25000		other	0
002	14	Response	53	1989506	28734	1
002	14	Response	53	1996146	35374	1
002	14	Response	53	2002306	41534	1
002	14	Response	53	2008466	47694	1
002	14	Response	53	2014466	53694	1
002	14	Response	53	2020147	59375	2
002	14	Response	53	2027266	66494	1
002	14	Sound	test09	2032272	71500	1			71500		other	0
002	14	Picture	3-224-1-3	2091090	130319	7	5166	7	130000	5000	hit	144
002	14	Response	62	2100706	139934	1
002	15	Sound	P2/both	2136588	25000	1			25000		other	0
002	15	Response	53	2137907	26319	1
002	15	Response	53	2142706	31118	1
002	15	Response	53	2148146	36558	2
002	15	Response	53	2153986	42398	1
002	15	Response	53	2160466	48878	1
002	15	Response	53	2165426	53838	2
002	15	Response	53	2172466	60878	2
002	15	Response	53	2179026	67438	1
002	15	Sound	test12	2183089	71500	1			71500		other	0
002	15	Picture	3-214-1-3	2241907	130318	7	5166	7	130000	5000	hit	156
002	15	Response	61	2248706	137118	2
002	16	Response	53	2281986	19581	1
002	16	Sound	P2/both	2287404	25000	1			25000		other	0
002	16	Response	53	2289506	27101	2
002	16	Response	53	2293586	31182	2
002	16	Response	53	2298946	36542	2
002	16	Response	53	2304866	42462	1
002	16	Response	53	2311746	49342	1
002	16	Response	53	2316786	54382	1
002	16	Response	53	2325746	63342	2
002	16	Sound	test19	2333904	71500	1			71500		other	0
002	16	Picture	2-224-1-2	2392723	130319	7	5166	7	130000	5000	hit	168
002	16	Response	62	2403666	141261	1
002	17	Sound	P1/tapping1	2438221	25001	1			25000		other	0
002	17	Response	53	2438706	25486	1
002	17	Response	53	2443186	29966	2
002	17	Response	53	2448786	35565	2
002	17	Response	53	2454066	40845	2
002	17	Response	53	2458467	45246	2
002	17	Response	53	2463346	50125	2
002	17	Response	53	2467346	54125	1
002	17	Response	53	2471506	58285	1
002	17	Response	53	2475666	62445	1
002	17	Response	53	2480626	67405	1
002	17	Response	53	2484226	71005	1
002	17	Sound	f15	2484720	71500	1			71500		other	0
002	17	Picture	2-122-2-2	2543539	130319	7	5166	7	130000	5000	hit	183
002	17	Response	62	2558306	145085	1
002	18	Response	53	2587506	23469	1
002	18	Sound	P1/tapping	2589037	25000	1			25000		other	0
002	18	Response	53	2592786	28749	2
002	18	Response	53	2598226	34189	1
002	18	Response	53	2602465	38429	1
002	18	Response	53	2606306	42269	2
002	18	Response	53	2610946	46909	2
002	18	Response	53	2615105	51069	1
002	18	Response	53	2619186	55149	2
002	18	Response	53	2623585	59549	1
002	18	Response	53	2627506	63469	1
002	18	Response	53	2633666	69629	1
002	18	Sound	test21	2635537	71500	1			71500		other	0
002	18	Picture	3-212-1-3	2694355	130319	7	5166	7	130000	5000	incorrect	198
002	18	Response	52	2701425	137389	1
002	19	Response	53	2736866	22013	1
002	19	Sound	P1/tapping	2739852	25000	1			25000		other	0
002	19	Response	53	2743666	28813	3
002	19	Response	53	2749985	35133	1
002	19	Response	53	2754705	39852	2
002	19	Response	53	2759026	44173	1
002	19	Response	53	2762946	48093	1
002	19	Response	53	2766946	52093	1
002	19	Response	53	2770946	56093	2
002	19	Response	53	2774626	59773	1
002	19	Response	53	2776786	61933	1
002	19	Response	53	2778305	63452	1
002	19	Response	53	2780466	65613	1
002	19	Sound	f10	2786352	71499	1			71500		other	0
002	19	Picture	3-112-1-3	2845171	130319	7	5166	7	130000	5000	hit	214
002	19	Response	61	2852066	137213	2
002	20	Response	53	2888946	23277	2
002	20	Sound	P1/tapping	2890670	25000	1			25000		other	0
002	20	Response	53	2894786	29116	1
002	20	Response	53	2900066	34396	3
002	20	Response	53	2905106	39436	1
002	20	Response	53	2910146	44476	1
002	20	Response	53	2915425	49756	1
002	20	Response	53	2919986	54316	1
002	20	Response	53	2924546	58876	1
002	20	Response	53	2929186	63516	2
002	20	Sound	f13	2937169	71500	1			71500		other	0
002	20	Picture	3-112-1-3	2995988	130319	7	5166	7	130000	5000	incorrect	227
002	20	Response	52	3005906	140236	1
002	21	Sound	P2/both1	3041484	24998	1			25000		other	0
002	21	Response	53	3043746	27261	2
002	21	Response	53	3047426	30941	1
002	21	Response	53	3051666	35180	1
002	21	Response	53	3058066	41580	3
002	21	Response	53	3063506	47020	2
002	21	Response	53	3070706	54220	1
002	21	Response	53	3076546	60060	2
002	21	Response	53	3082946	66460	2
002	21	Sound	n03	3087985	71500	1			71500		other	0
002	21	Picture	2-124-1-2	3146804	130319	7	5166	7	130000	5000	hit	239
002	21	Response	62	3154385	137900	1
002	22	Response	53	3190066	22764	1
002	22	Sound	P2/both	3192302	25000	1			25000		other	0
002	22	Response	53	3196146	28844	2
002	22	Response	53	3202146	34844	1
002	22	Response	53	3208626	41324	1
002	22	Response	53	3214225	46923	2
002	22	Response	53	3220146	52844	1
002	22	Response	53	3225825	58523	1
002	22	Response	53	3231425	64123	1
002	22	Sound	n13	3238802	71500	1			71500		other	0
002	22	Picture	3-214-1-3	3297620	130318	7	5166	7	130000	5000	hit	251
002	22	Response	61	3306705	139404	1
002	23	Response	53	3339505	21387	2
002	23	Sound	P2/both	3343118	25000	1			25000		other	0
002	23	Response	53	3346706	28588	2
002	23	Response	53	3352946	34828	2
002	23	Response	53	3360625	42507	3
002	23	Response	53	3365826	47708	1
002	23	Response	53	3371666	53548	1
002	23	Response	53	3377586	59468	1
002	23	Response	53	3383345	65228	2
002	23	Sound	f11	3389617	71499	1			71500		other	0
002	23	Picture	2-124-1-2	3448436	130319	7	5166	7	130000	5000	hit	263
002	23	Response	62	3453025	134908	1
002	23	Response	51	3463266	145148	2
002	24	Sound	P2/both	3493935	25001	1			25000		other	0
002	24	Response	53	3494865	25931	1
002	24	Response	53	3499265	30331	1
002	24	Response	53	3504866	35932	1
002	24	Response	53	3509905	40971	1
002	24	Response	53	3516225	47291	1
002	24	Response	53	3521825	52891	1
002	24	Response	53	3528225	59291	1
002	24	Response	53	3533825	64891	2
002	24	Sound	f16	3540434	71500	1			71500		other	0
002	24	Picture	2-114-1-2	3599253	130319	7	5166	7	130000	5000	hit	276
002	24	Response	61	3607025	138091	1
002	25	Sound	P0/none1	3644750	24999	1			25000		other	0
002	25	Sound	f21	3691250	71499	1			71500		other	0
002	25	Picture	2-121-2-2	3750069	130318	7	5166	7	130000	5000	hit	280
002	25	Response	62	3762705	142955	1
002	26	Sound	P0/none	3795565	24999	1			25000		other	0
002	26	Sound	test14	3842066	71500	1			71500		other	0
002	26	Picture	2-221-1-2	3900885	130319	7	5166	7	130000	5000	incorrect	284
002	26	Response	51	3902145	131579	1
002	26	Response	52	3916305	145739	2
002	27	Sound	P0/none	3946383	25000	1			25000		other	0
002	27	Sound	f14	3992883	71500	1			71500		other	0
002	27	Picture	3-111-1-3	4051702	130319	7	5166	7	130000	5000	incorrect	289
002	27	Response	52	4060785	139402	1
002	28	Sound	P0/none	4097199	25000	1			25000		other	0
002	28	Sound	test08	4143699	71500	1			71500		other	0
002	28	Picture	3-221-1-3	4202518	130319	7	5166	7	130000	5000	hit	293
002	28	Response	62	4214225	142026	1
002	29	Sound	P1/tapping1	4248015	25000	1			25000		other	0
002	29	Response	53	4253265	30250	1
002	29	Response	53	4258945	35930	2
002	29	Response	53	4264305	41289	1
002	29	Response	53	4269665	46650	2
002	29	Response	53	4275346	52330	2
002	29	Response	53	4280545	57530	1
002	29	Response	53	4285905	62889	2
002	29	Response	53	4291825	68810	2
002	29	Sound	n09	4294515	71500	1			71500		other	0
002	29	Picture	2-222-2-2	4353334	130319	7	5166	7	130000	5000	hit	305
002	29	Response	62	4356865	133850	1
002	30	Response	53	4397825	23993	1
002	30	Sound	P1/tapping	4398831	25000	1			25000		other	0
002	30	Response	53	4403345	29513	1
002	30	Response	53	4407986	34154	2
002	30	Response	53	4412465	38633	1
002	30	Response	53	4417665	43833	1
002	30	Response	53	4422705	48874	1
002	30	Response	53	4427585	53753	1
002	30	Response	53	4432625	58793	1
002	30	Response	53	4437185	63353	2
002	30	Response	53	4441905	68073	2
002	30	Sound	test13	4445331	71500	1			71500		other	0
002	30	Response	53	4446465	72633	1
002	30	Picture	2-212-1-2	4504150	130319	7	5166	7	130000	5000	hit	320
002	30	Response	61	4510625	136793	1
002	31	Response	53	4545505	20857	1
002	31	Sound	P1/tapping	4549648	25000	1			25000		other	0
002	31	Response	53	4552145	27497	1
002	31	Response	53	4559585	34937	1
002	31	Response	53	4566705	42057	1
002	31	Response	53	4572065	47417	1
002	31	Response	53	4577185	52537	2
002	31	Response	53	4583105	58457	1
002	31	Response	53	4588785	64137	2
002	31	Response	53	4594385	69737	2
002	31	Sound	f03	4596148	71500	1			71500		other	0
002	31	Picture	3-112-1-3	4654966	130318	7	5166	7	130000	5000	hit	333
002	31	Response	61	4662145	137497	1
002	32	Response	53	4689825	14361	1
002	32	Response	53	4698305	22841	1
002	32	Sound	P1/tapping	4700464	25000	1			25000		other	0
002	32	Response	53	4704785	29321	1
002	32	Response	53	4710225	34761	2
002	32	Response	53	4715345	39881	1
002	32	Response	53	4719345	43881	1
002	32	Response	53	4723345	47881	2
002	32	Response	53	4728065	52600	2
002	32	Response	53	4732065	56601	2
002	32	Response	53	4736065	60600	1
002	32	Response	53	4739984	64520	2
002	32	Response	53	4743584	68120	2
002	32	Sound	f12	4746964	71500	1			71500		other	0
002	32	Picture	2-122-1-2	4805783	130319	7	5166	7	130000	5000	hit	349
002	32	Response	62	4813585	138121	1
002	32	Response	51	4823185	147721	1
002	33	Sound	P2/beat1	4851280	25000	1			25000		other	0
002	33	Sound	n06	4897780	71500	1			71500		other	0
002	33	Picture	2-223-2-2	4956599	130319	7	5166	7	130000	5000	incorrect	354
002	33	Response	51	4964065	137784	1
002	34	Sound	P2/beat	5002097	25000	1			25000		other	0
002	34	Sound	test06	5048597	71501	1			71500		other	0
002	34	Picture	3-213-1-3	5107415	130319	7	5166	7	130000	5000	incorrect	358
002	34	Response	52	5114385	137288	2
002	35	Sound	P2/beat	5152912	25000	1			25000		other	0
002	35	Sound	n04	5199413	71501	1			71500		other	0
002	35	Picture	3-223-1-3	5258232	130319	7	5166	7	130000	5000	hit	362
002	35	Response	62	5266225	138312	1
002	36	Sound	P2/beat	5303728	24999	1			25000		other	0
002	36	Sound	n11	5350230	71500	1			71500		other	0
002	36	Picture	3-113-2-3	5409048	130319	7	5166	7	130000	5000	hit	366
002	36	Response	61	5418305	139576	2
002	37	Sound	P1/tapping1	5454545	25000	1			25000		other	0
002	37	Response	53	5475265	45720	2
002	37	Response	53	5479185	49640	2
002	37	Response	53	5481665	52119	1
002	37	Response	53	5483984	54439	1
002	37	Response	53	5486704	57159	2
002	37	Response	53	5490304	60759	1
002	37	Response	53	5492864	63319	1
002	37	Response	53	5497024	67479	1
002	37	Sound	f23	5501045	71500	1			71500		other	0
002	37	Response	53	5501425	71879	1
002	37	Picture	3-112-1-3	5559864	130319	7	5165	8	130000	5000	hit	379
002	37	Response	61	5564545	134999	1
002	38	Response	53	5599025	18663	2
002	38	Sound	P1/tapping	5605361	24999	1			25000		other	0
002	38	Response	53	5607264	26903	2
002	38	Response	53	5613105	32744	3
002	38	Response	53	5619424	39063	1
002	38	Response	53	5625104	44743	1
002	38	Response	53	5631344	50983	1
002	38	Response	53	5634864	54503	2
002	38	Response	53	5638704	58343	1
002	38	Response	53	5642384	62022	2
002	38	Response	53	5645824	65463	1
002	38	Response	53	5650065	69704	2
002	38	Sound	n10	5651861	71499	1			71500		other	0
002	38	Picture	2-112-1-2	5710680	130319	7	5166	7	130000	5000	hit	394
002	38	Response	61	5719024	138663	1
002	39	Sound	P1/tapping	5756179	25001	1			25000		other	0
002	39	Response	53	5757904	26727	1
002	39	Response	53	5762945	31767	2
002	39	Response	53	5770705	39527	1
002	39	Response	53	5777024	45847	1
002	39	Response	53	5783585	52407	1
002	39	Response	53	5789184	58007	1
002	39	Response	53	5794785	63607	3
002	39	Response	53	5801104	69926	2
002	39	Sound	test10	5802677	71500	1			71500		other	0
002	39	Picture	3-212-1-3	5861496	130319	7	5166	7	130000	5000	hit	406
002	39	Response	61	5868864	137687	1
002	40	Sound	P1/tapping	5906994	25000	1			25000		other	0
002	40	Response	53	5908464	26470	1
002	40	Response	53	5913584	31590	1
002	40	Response	53	5919184	37190	2
002	40	Response	53	5924784	42790	2
002	40	Response	53	5930064	48070	1
002	40	Response	53	5935825	53831	1
002	40	Response	53	5941504	59510	2
002	40	Response	53	5946865	64871	2
002	40	Sound	test16	5953495	71501	1			71500		other	0
002	40	Picture	2-212-1-2	6012313	130319	7	5166	7	130000	5000	hit	418
002	40	Response	61	6018304	136310	1
002	41	Sound	P0/none1	6057810	25000	1			25000		other	0
002	41	Sound	test03	6104311	71500	1			71500		other	0
002	41	Picture	2-221-1-2	6163129	130319	7	5166	7	130000	5000	hit	422
002	41	Response	62	6175904	143094	1
002	42	Sound	P0/none	6208626	25000	1			25000		other	0
002	42	Sound	f22	6255126	71499	1			71500		other	0
002	42	Picture	2-121-2-2	6313945	130319	7	5166	7	130000	5000	hit	426
002	42	Response	62	6323424	139798	1
002	43	Sound	P0/none	6359443	25000	1			25000		other	0
002	43	Sound	test04	6405943	71500	1			71500		other	0
002	43	Picture	3-221-1-3	6464761	130319	7	5166	7	130000	5000	hit	430
002	43	Response	62	6474384	139941	1
002	44	Sound	P0/none	6510259	25000	1			25000		other	0
002	44	Sound	test11	6556759	71500	1			71500		other	0
002	44	Picture	2-221-1-2	6615578	130319	7	5166	7	130000	5000	hit	434
002	44	Response	62	6624064	138805	1
002	45	Sound	P2/beat1	6661076	25000	1			25000		other	0
002	45	Sound	f04	6707574	71499	1			71500		other	0
002	45	Picture	2-113-1-2	6766394	130319	7	5166	7	130000	5000	hit	438
002	45	Response	61	6772864	136788	1
002	46	Sound	P2/beat	6811892	25000	1			25000		other	0
002	46	Response	52	6851104	64212	1
002	46	Sound	test05	6858392	71501	1			71500		other	0
002	46	Response	52	6887664	100772	2
002	46	Picture	3-213-1-3	6917210	130319	7	5166	7	130000	5000	hit	444
002	46	Response	61	6926784	139892	1
002	47	Response	52	6938064	356	1
002	47	Sound	P2/beat	6962708	25000	1			25000		other	0
002	47	Sound	f20	7009207	71499	1			71500		other	0
002	47	Picture	2-123-2-2	7068027	130319	7	5166	7	130000	5000	hit	449
002	47	Response	62	7075744	138036	1
002	48	Sound	P2/beat	7113524	25000	1			25000		other	0
002	48	Sound	f24	7160023	71499	1			71500		other	0
002	48	Picture	2-113-1-2	7218843	130319	7	5166	7	130000	5000	hit	453
002	48	Response	61	7225104	136580	1
002	49	Sound	P2/both1	7264340	24999	2			25000		other	0
002	49	Response	53	7268304	28964	1
002	49	Response	53	7273904	34563	2
002	49	Response	53	7278224	38884	2
002	49	Response	53	7282224	42884	1
002	49	Response	53	7287104	47763	2
002	49	Response	53	7293024	53683	2
002	49	Response	53	7298303	58963	2
002	49	Response	53	7304624	65283	1
002	49	Sound	test18	7310840	71500	1			71500		other	0
002	49	Picture	2-224-1-2	7369659	130318	7	5166	7	130000	5000	incorrect	465
002	49	Response	51	7378384	139043	1
002	50	Response	53	7412303	22147	1
002	50	Sound	P2/both	7415156	24999	1			25000		other	0
002	50	Response	53	7418704	28547	2
002	50	Response	53	7424544	34387	1
002	50	Response	53	7430864	40707	1
002	50	Response	53	7436464	46307	2
002	50	Response	53	7442863	52707	1
002	50	Response	53	7448864	58707	1
002	50	Response	53	7455265	65108	1
002	50	Sound	test01	7461657	71500	1			71500		other	0
002	50	Picture	3-214-1-3	7520475	130318	7	5167	7	130000	5000	hit	477
002	50	Response	61	7533184	143027	1
002	51	Response	53	7563263	22291	2
002	51	Sound	P2/both	7565973	25000	1			25000		other	0
002	51	Response	53	7569584	28611	1
002	51	Response	53	7575744	34771	3
002	51	Response	53	7581744	40771	1
002	51	Response	53	7587985	47012	1
002	51	Response	53	7593584	52611	2
002	51	Response	53	7600223	59251	2
002	51	Response	53	7605344	64371	1
002	51	Sound	test17	7612472	71499	1			71500		other	0
002	51	Picture	3-214-1-3	7671291	130319	7	5166	7	130000	5000	incorrect	489
002	51	Response	52	7677023	136051	1
002	52	Response	53	7709424	17635	2
002	52	Sound	P2/both	7716789	25000	1			25000		other	0
002	52	Response	53	7717583	25794	2
002	52	Response	53	7722384	30594	2
002	52	Response	53	7726944	35154	1
002	52	Response	53	7733104	41314	1
002	52	Response	53	7739264	47474	2
002	52	Response	53	7745024	53235	1
002	52	Response	53	7751184	59395	1
002	52	Response	53	7758063	66274	2
002	52	Sound	test15	7763290	71501	1			71500		other	0
002	52	Response	53	7764303	72514	1
002	52	Picture	3-214-1-3	7822108	130318	7	5166	7	130000	5000	hit	503
002	52	Response	61	7832623	140834	2
002	53	Sound	P2/beat1	7867605	25000	1			25000		other	0
002	53	Response	53	7873183	30578	2
002	53	Response	53	7877983	35378	1
002	53	Sound	test02	7914105	71500	1			71500		other	0
002	53	Picture	3-223-1-3	7972924	130318	7	5166	7	130000	5000	hit	509
002	53	Response	62	7979744	137138	1
002	54	Sound	P2/beat	8018420	24999	1			25000		other	0
002	54	Sound	f08	8064922	71500	1			71500		other	0
002	54	Picture	3-113-2-3	8123740	130319	7	5166	7	130000	5000	hit	513
002	54	Response	61	8127503	134082	2
002	55	Sound	P2/beat	8169238	25000	1			25000		other	0
002	55	Sound	test23	8215738	71500	1			71500		other	0
002	55	Picture	3-213-1-3	8274557	130319	7	5166	7	130000	5000	incorrect	517
002	55	Response	52	8281504	137266	2
002	56	Sound	P2/beat	8320053	24999	1			25000		other	0
002	56	Sound	test25	8366553	71499	1			71500		other	0
002	56	Picture	2-223-1-2	8425373	130319	7	5166	7	130000	5000	hit	521
002	56	Response	62	8435743	140689	2
002	57	Sound	P0/none1	8470871	25000	1			25000		other	0
002	57	Sound	n01	8517371	71500	1			71500		other	0
002	57	Picture	2-211-1-2	8576189	130319	7	5166	7	130000	5000	incorrect	525
002	57	Response	52	8582383	136513	2
002	58	Sound	P0/none	8621686	24999	1			25000		other	0
002	58	Sound	n12	8668186	71500	1			71500		other	0
002	58	Picture	2-121-2-2	8727005	130319	7	5166	7	130000	5000	hit	529
002	58	Response	62	8740143	143456	2
002	59	Sound	P0/none	8772503	25000	1			25000		other	0
002	59	Sound	f17	8819003	71500	1			71500		other	0
002	59	Picture	2-121-2-2	8877822	130319	7	5166	7	130000	5000	miss	0
002	60	Sound	P0/none	8923319	25000	1			25000		other	0
002	60	Sound	n14	8969819	71500	1			71500		other	0
002	60	Picture	2-111-2-2	9028638	130319	7	5166	7	130000	5000	hit	536
002	60	Response	61	9040144	141825	2


Event Type	Code	Type	Response	RT	RT Uncertainty	Time	Uncertainty	Duration	Uncertainty	ReqTime	ReqDur

Sound	P1/tapping1	other				25160	1			25000
Sound	n05	other				71662	1			71500
Picture	2-122-2-2	incorrect	1	11348	9	130479	7	5166	7	130000	5000
Sound	P1/tapping	other				175977	1			25000
Sound	f18	other				222476	1			71500
Picture	3-122-1-3	hit	2	7892	8	281295	7	5166	7	130000	5000
Sound	P1/tapping	other				326793	1			25000
Sound	f09	other				373293	1			71500
Picture	2-122-1-2	hit	2	13395	8	432112	7	5166	7	130000	5000
Sound	P1/tapping	other				477609	1			25000
Sound	f06	other				524108	1			71500
Picture	3-122-1-3	hit	2	9859	9	582928	7	5166	7	130000	5000
Sound	P2/both1	other				628426	1			25000
Sound	f01	other				674925	1			71500
Picture	3-114-1-3	hit	1	9122	8	733744	7	5166	7	130000	5000
Sound	P2/both	other				779242	1			25000
Sound	test24	other				825741	1			71500
Picture	3-214-1-3	incorrect	2	9426	7	884560	7	5166	7	130000	5000
Sound	P2/both	other				930057	1			25000
Sound	test22	other				976558	1			71500
Picture	3-224-1-3	hit	2	6850	7	1035377	7	5166	7	130000	5000
Sound	P2/both	other				1080874	1			25000
Sound	test07	other				1127375	1			71500
Picture	3-214-1-3	incorrect	2	5634	7	1186193	7	5166	7	130000	5000
Sound	P2/beat1	other				1231691	1			25000
Sound	f02	other				1278191	1			71500
Picture	2-113-1-2	hit	1	10897	8	1337009	7	5166	7	130000	5000
Sound	P2/beat	other				1382507	1			25000
Sound	f19	other				1429007	1			71500
Picture	2-113-2-2	incorrect	2	8082	7	1487825	7	5166	7	130000	5000
Sound	P2/beat	other				1533322	1			25000
Sound	n07	other				1579824	1			71500
Picture	3-223-1-3	incorrect	1	7105	7	1638642	7	5166	7	130000	5000
Sound	P2/beat	other				1684139	1			25000
Sound	f07	other				1730639	1			71500
Picture	3-123-1-3	hit	2	9888	7	1789458	7	5166	7	130000	5000
Sound	P2/both1	other				1834955	1			25000
Sound	f05	other				1881455	1			71500
Picture	2-124-1-2	hit	2	7072	8	1940274	7	5166	7	130000	5000
Sound	P2/both	other				1985771	1			25000
Sound	test09	other				2032272	1			71500
Picture	3-224-1-3	hit	2	9616	7	2091090	7	5166	7	130000	5000
Sound	P2/both	other				2136588	1			25000
Sound	test12	other				2183089	1			71500
Picture	3-214-1-3	hit	1	6799	8	2241907	7	5166	7	130000	5000
Sound	P2/both	other				2287404	1			25000
Sound	test19	other				2333904	1			71500
Picture	2-224-1-2	hit	2	10943	7	2392723	7	5166	7	130000	5000
Sound	P1/tapping1	other				2438221	1			25000
Sound	f15	other				2484720	1			71500
Picture	2-122-2-2	hit	2	14767	7	2543539	7	5166	7	130000	5000
Sound	P1/tapping	other				2589037	1			25000
Sound	test21	other				2635537	1			71500
Picture	3-212-1-3	incorrect	2	7070	7	2694355	7	5166	7	130000	5000
Sound	P1/tapping	other				2739852	1			25000
Sound	f10	other				2786352	1			71500
Picture	3-112-1-3	hit	1	6894	8	2845171	7	5166	7	130000	5000
Sound	P1/tapping	other				2890670	1			25000
Sound	f13	other				2937169	1			71500
Picture	3-112-1-3	incorrect	2	9918	7	2995988	7	5166	7	130000	5000
Sound	P2/both1	other				3041484	1			25000
Sound	n03	other				3087985	1			71500
Picture	2-124-1-2	hit	2	7581	7	3146804	7	5166	7	130000	5000
Sound	P2/both	other				3192302	1			25000
Sound	n13	other				3238802	1			71500
Picture	3-214-1-3	hit	1	9085	7	3297620	7	5166	7	130000	5000
Sound	P2/both	other				3343118	1			25000
Sound	f11	other				3389617	1			71500
Picture	2-124-1-2	hit	2	4589	7	3448436	7	5166	7	130000	5000
Sound	P2/both	other				3493935	1			25000
Sound	f16	other				3540434	1			71500
Picture	2-114-1-2	hit	1	7773	7	3599253	7	5166	7	130000	5000
Sound	P0/none1	other				3644750	1			25000
Sound	f21	other				3691250	1			71500
Picture	2-121-2-2	hit	2	12636	7	3750069	7	5166	7	130000	5000
Sound	P0/none	other				3795565	1			25000
Sound	test14	other				3842066	1			71500
Picture	2-221-1-2	incorrect	1	1260	7	3900885	7	5166	7	130000	5000
Sound	P0/none	other				3946383	1			25000
Sound	f14	other				3992883	1			71500
Picture	3-111-1-3	incorrect	2	9083	7	4051702	7	5166	7	130000	5000
Sound	P0/none	other				4097199	1			25000
Sound	test08	other				4143699	1			71500
Picture	3-221-1-3	hit	2	11708	7	4202518	7	5166	7	130000	5000
Sound	P1/tapping1	other				4248015	1			25000
Sound	n09	other				4294515	1			71500
Picture	2-222-2-2	hit	2	3531	7	4353334	7	5166	7	130000	5000
Sound	P1/tapping	other				4398831	1			25000
Sound	test13	other				4445331	1			71500
Picture	2-212-1-2	hit	1	6475	7	4504150	7	5166	7	130000	5000
Sound	P1/tapping	other				4549648	1			25000
Sound	f03	other				4596148	1			71500
Picture	3-112-1-3	hit	1	7179	7	4654966	7	5166	7	130000	5000
Sound	P1/tapping	other				4700464	1			25000
Sound	f12	other				4746964	1			71500
Picture	2-122-1-2	hit	2	7802	7	4805783	7	5166	7	130000	5000
Sound	P2/beat1	other				4851280	1			25000
Sound	n06	other				4897780	1			71500
Picture	2-223-2-2	incorrect	1	7466	7	4956599	7	5166	7	130000	5000
Sound	P2/beat	other				5002097	1			25000
Sound	test06	other				5048597	1			71500
Picture	3-213-1-3	incorrect	2	6970	8	5107415	7	5166	7	130000	5000
Sound	P2/beat	other				5152912	1			25000
Sound	n04	other				5199413	1			71500
Picture	3-223-1-3	hit	2	7993	7	5258232	7	5166	7	130000	5000
Sound	P2/beat	other				5303728	1			25000
Sound	n11	other				5350230	1			71500
Picture	3-113-2-3	hit	1	9257	8	5409048	7	5166	7	130000	5000
Sound	P1/tapping1	other				5454545	1			25000
Sound	f23	other				5501045	1			71500
Picture	3-112-1-3	hit	1	4681	8	5559864	7	5165	8	130000	5000
Sound	P1/tapping	other				5605361	1			25000
Sound	n10	other				5651861	1			71500
Picture	2-112-1-2	hit	1	8344	7	5710680	7	5166	7	130000	5000
Sound	P1/tapping	other				5756179	1			25000
Sound	test10	other				5802677	1			71500
Picture	3-212-1-3	hit	1	7368	7	5861496	7	5166	7	130000	5000
Sound	P1/tapping	other				5906994	1			25000
Sound	test16	other				5953495	1			71500
Picture	2-212-1-2	hit	1	5992	7	6012313	7	5166	7	130000	5000
Sound	P0/none1	other				6057810	1			25000
Sound	test03	other				6104311	1			71500
Picture	2-221-1-2	hit	2	12775	7	6163129	7	5166	7	130000	5000
Sound	P0/none	other				6208626	1			25000
Sound	f22	other				6255126	1			71500
Picture	2-121-2-2	hit	2	9479	7	6313945	7	5166	7	130000	5000
Sound	P0/none	other				6359443	1			25000
Sound	test04	other				6405943	1			71500
Picture	3-221-1-3	hit	2	9623	7	6464761	7	5166	7	130000	5000
Sound	P0/none	other				6510259	1			25000
Sound	test11	other				6556759	1			71500
Picture	2-221-1-2	hit	2	8486	7	6615578	7	5166	7	130000	5000
Sound	P2/beat1	other				6661076	1			25000
Sound	f04	other				6707574	1			71500
Picture	2-113-1-2	hit	1	6470	7	6766394	7	5166	7	130000	5000
Sound	P2/beat	other				6811892	1			25000
Sound	test05	other				6858392	1			71500
Picture	3-213-1-3	hit	1	9574	7	6917210	7	5166	7	130000	5000
Sound	P2/beat	other				6962708	1			25000
Sound	f20	other				7009207	1			71500
Picture	2-123-2-2	hit	2	7718	7	7068027	7	5166	7	130000	5000
Sound	P2/beat	other				7113524	1			25000
Sound	f24	other				7160023	1			71500
Picture	2-113-1-2	hit	1	6261	7	7218843	7	5166	7	130000	5000
Sound	P2/both1	other				7264340	2			25000
Sound	test18	other				7310840	1			71500
Picture	2-224-1-2	incorrect	1	8725	7	7369659	7	5166	7	130000	5000
Sound	P2/both	other				7415156	1			25000
Sound	test01	other				7461657	1			71500
Picture	3-214-1-3	hit	1	12709	8	7520475	7	5167	7	130000	5000
Sound	P2/both	other				7565973	1			25000
Sound	test17	other				7612472	1			71500
Picture	3-214-1-3	incorrect	2	5732	7	7671291	7	5166	7	130000	5000
Sound	P2/both	other				7716789	1			25000
Sound	test15	other				7763290	1			71500
Picture	3-214-1-3	hit	1	10516	9	7822108	7	5166	7	130000	5000
Sound	P2/beat1	other				7867605	1			25000
Sound	test02	other				7914105	1			71500
Picture	3-223-1-3	hit	2	6820	7	7972924	7	5166	7	130000	5000
Sound	P2/beat	other				8018420	1			25000
Sound	f08	other				8064922	1			71500
Picture	3-113-2-3	hit	1	3763	8	8123740	7	5166	7	130000	5000
Sound	P2/beat	other				8169238	1			25000
Sound	test23	other				8215738	1			71500
Picture	3-213-1-3	incorrect	2	6948	8	8274557	7	5166	7	130000	5000
Sound	P2/beat	other				8320053	1			25000
Sound	test25	other				8366553	1			71500
Picture	2-223-1-2	hit	2	10371	8	8425373	7	5166	7	130000	5000
Sound	P0/none1	other				8470871	1			25000
Sound	n01	other				8517371	1			71500
Picture	2-211-1-2	incorrect	2	6194	8	8576189	7	5166	7	130000	5000
Sound	P0/none	other				8621686	1			25000
Sound	n12	other				8668186	1			71500
Picture	2-121-2-2	hit	2	13138	8	8727005	7	5166	7	130000	5000
Sound	P0/none	other				8772503	1			25000
Sound	f17	other				8819003	1			71500
Picture	2-121-2-2	miss				8877822	7	5166	7	130000	5000
Sound	P0/none	other				8923319	1			25000
Sound	n14	other				8969819	1			71500
Picture	2-111-2-2	hit	1	11506	8	9028638	7	5166	7	130000	5000

The following output port codes were not sent because of a conflict on the port.
Port	Code	Time(ms)
1	102	52410.8


{
   "app": "Presentation Version 22.1 Build 01.21.21",
   "device": "Dell Inc. OptiPlex 7050",
   "experiment": "{C8E97CB4-6FCA-44FA-B866-4A2D94B6B85C}",
   "os": "Windows 10 64 bit",
   "package": "",
   "parameters": {
      "configuration": "Default configuration"
   },
   "scenario": "entrain_list1_sess3_EB.sce",
   "subject": "002",
   "timestamp": "2022/03/30 15:41:17 GMT"
}
