Scenario - test
Logfile written - 03/30/2022 17:39:36

Subject	Trial	Event Type	Code	Time	TTime	Uncertainty	Duration	Uncertainty	ReqTime	ReqDur	Stim Type	Pair Index

002	1	Sound	P2/beat1	25161	25000	1			25000		other	0
002	1	Sound	n05	71660	71500	1			71500		other	0
002	1	Picture	3-113-1-3	130479	130319	7	5166	7	130000	5000	incorrect	4
002	1	Response	52	148608	148448	1
002	2	Sound	P2/beat	175977	25000	1			25000		other	0
002	2	Sound	f05	222477	71500	1			71500		other	0
002	2	Picture	3-113-1-3	281295	130319	7	5166	7	130000	5000	hit	8
002	2	Response	61	286608	135631	1
002	3	Sound	P2/beat	326792	24999	1			25000		other	0
002	3	Sound	n01	373293	71500	1			71500		other	0
002	3	Picture	3-223-1-3	432112	130319	7	5166	7	130000	5000	hit	12
002	3	Response	62	441488	139695	2
002	4	Sound	P2/beat	477610	25001	1			25000		other	0
002	4	Sound	test15	524110	71501	1			71500		other	0
002	4	Picture	2-223-1-2	582928	130318	7	5166	7	130000	5000	hit	16
002	4	Response	62	592288	139679	2
002	5	Sound	P1/tapping1	628426	25000	1			25000		other	0
002	5	Response	53	630288	26862	2
002	5	Response	53	636848	33422	2
002	5	Response	53	641248	37822	2
002	5	Response	53	645648	42222	2
002	5	Response	53	650128	46702	2
002	5	Response	53	654768	51343	1
002	5	Response	53	659728	56302	2
002	5	Response	53	663888	60462	2
002	5	Response	53	668128	64702	1
002	5	Response	53	672848	69423	2
002	5	Sound	f08	674925	71499	1			71500		other	0
002	5	Response	53	677248	73823	2
002	5	Picture	3-122-2-3	733744	130318	7	5166	7	130000	5000	hit	31
002	5	Response	62	741408	137982	2
002	6	Response	53	774448	20206	2
002	6	Sound	P1/tapping	779242	25000	1			25000		other	0
002	6	Response	53	780048	25806	1
002	6	Response	53	784449	30207	2
002	6	Response	53	790368	36126	2
002	6	Response	53	795248	41006	2
002	6	Response	53	799568	45326	1
002	6	Response	53	804448	50206	1
002	6	Response	53	809088	54846	2
002	6	Response	53	813648	59406	2
002	6	Response	53	817969	63727	2
002	6	Response	53	822448	68206	2
002	6	Sound	f01	825741	71500	1			71500		other	0
002	6	Picture	2-122-1-2	884560	130319	7	5166	7	130000	5000	hit	46
002	6	Response	62	894288	140046	2
002	7	Sound	P1/tapping	930058	25000	1			25000		other	0
002	7	Response	53	931568	26510	2
002	7	Response	53	935888	30830	2
002	7	Response	53	941888	36830	1
002	7	Response	53	948127	43069	2
002	7	Response	53	954288	49230	2
002	7	Response	53	960368	55310	1
002	7	Response	53	966848	61790	1
002	7	Response	53	972048	66990	1
002	7	Sound	n03	976558	71500	1			71500		other	0
002	7	Response	53	977408	72350	2
002	7	Picture	3-122-1-3	1035376	130318	7	5166	7	130000	5000	incorrect	59
002	7	Response	51	1040688	135630	1
002	8	Response	53	1078128	22254	1
002	8	Sound	P1/tapping	1080874	25000	1			25000		other	0
002	8	Response	53	1084528	28654	1
002	8	Response	53	1091087	35213	2
002	8	Response	53	1096848	40974	1
002	8	Response	53	1102447	46573	2
002	8	Response	53	1108047	52173	2
002	8	Response	53	1113567	57693	3
002	8	Response	53	1119728	63854	2
002	8	Response	53	1125808	69934	2
002	8	Sound	test18	1127374	71499	1			71500		other	0
002	8	Picture	3-212-1-3	1186193	130318	7	5166	7	130000	5000	hit	72
002	8	Response	61	1194128	138253	2
002	9	Sound	P2/both1	1231690	24999	1			25000		other	0
002	9	Response	53	1234288	27597	1
002	9	Response	53	1237967	31277	2
002	9	Response	53	1243327	36637	2
002	9	Response	53	1248608	41917	2
002	9	Response	53	1255088	48397	2
002	9	Response	53	1260848	54158	1
002	9	Response	53	1266848	60157	1
002	9	Response	53	1272367	65677	2
002	9	Sound	test13	1278191	71500	1			71500		other	0
002	9	Picture	3-214-1-3	1337009	130318	7	5166	7	130000	5000	incorrect	84
002	9	Response	52	1346608	139917	2
002	10	Response	53	1381807	24301	2
002	10	Sound	P2/both	1382507	25000	1			25000		other	0
002	10	Response	53	1387248	29741	1
002	10	Response	53	1392848	35341	1
002	10	Response	53	1398928	41421	1
002	10	Response	53	1405408	47901	2
002	10	Response	53	1411727	54221	2
002	10	Response	53	1417168	59662	2
002	10	Response	53	1422848	65341	1
002	10	Sound	test04	1429006	71500	1			71500		other	0
002	10	Picture	2-224-1-2	1487825	130319	7	5166	7	130000	5000	incorrect	96
002	10	Response	51	1491648	134141	1
002	10	Response	52	1501248	143741	2
002	11	Response	53	1529408	21085	2
002	11	Sound	P2/both	1533323	25000	1			25000		other	0
002	11	Response	53	1534208	25885	2
002	11	Response	53	1538368	30045	3
002	11	Response	53	1544047	35725	1
002	11	Response	53	1549887	41565	2
002	11	Response	53	1555968	47645	1
002	11	Response	53	1561887	53565	1
002	11	Response	53	1567888	59565	1
002	11	Response	53	1573488	65165	2
002	11	Sound	f15	1579823	71500	1			71500		other	0
002	11	Picture	3-124-1-3	1638641	130318	7	5166	7	130000	5000	hit	110
002	11	Response	62	1649087	140765	1
002	12	Response	53	1671888	12749	2
002	12	Response	53	1681727	22588	2
002	12	Sound	P2/both	1684139	25000	1			25000		other	0
002	12	Response	53	1688367	29229	2
002	12	Response	53	1693568	34429	1
002	12	Response	53	1699247	40108	1
002	12	Response	53	1705567	46428	2
002	12	Response	53	1711408	52269	3
002	12	Response	53	1717727	58589	2
002	12	Response	53	1723728	64589	2
002	12	Sound	f21	1730639	71501	1			71500		other	0
002	12	Picture	3-124-1-3	1789458	130319	7	5166	7	130000	5000	hit	123
002	12	Response	62	1796128	136989	2
002	13	Sound	P0/none1	1834955	25000	1			25000		other	0
002	13	Sound	n07	1881455	71500	1			71500		other	0
002	13	Picture	2-221-1-2	1940274	130318	7	5166	7	130000	5000	incorrect	127
002	13	Response	51	1945407	135452	2
002	14	Sound	P0/none	1985771	24999	1			25000		other	0
002	14	Sound	n04	2032272	71500	1			71500		other	0
002	14	Picture	2-211-1-2	2091090	130319	7	5166	7	130000	5000	incorrect	131
002	14	Response	52	2100447	139676	2
002	15	Sound	P0/none	2136587	24999	1			25000		other	0
002	15	Sound	f03	2183088	71500	1			71500		other	0
002	15	Picture	2-111-1-2	2241906	130319	7	5166	7	130000	5000	incorrect	135
002	15	Response	52	2251167	139580	1
002	16	Sound	P0/none	2287404	25000	1			25000		other	0
002	16	Sound	test05	2333904	71501	1			71500		other	0
002	16	Picture	2-211-1-2	2392722	130319	7	5166	7	130000	5000	hit	139
002	16	Response	61	2399407	137003	2
002	17	Sound	P2/beat1	2438219	24999	1			25000		other	0
002	17	Sound	test16	2484720	71500	1			71500		other	0
002	17	Picture	3-213-1-3	2543539	130318	7	5166	7	130000	5000	incorrect	143
002	17	Response	52	2553327	140107	1
002	18	Sound	P2/beat	2589036	25000	1			25000		other	0
002	18	Sound	f11	2635536	71500	1			71500		other	0
002	18	Picture	3-113-1-3	2694355	130318	7	5166	7	130000	5000	incorrect	147
002	18	Response	52	2703887	139851	2
002	19	Sound	P2/beat	2739852	24999	1			25000		other	0
002	19	Sound	test07	2786352	71500	1			71500		other	0
002	19	Picture	2-223-1-2	2845171	130319	7	5166	7	130000	5000	hit	151
002	19	Response	62	2857728	142875	2
002	20	Sound	P2/beat	2890669	25000	1			25000		other	0
002	20	Sound	f23	2937168	71500	1			71500		other	0
002	20	Picture	2-113-1-2	2995987	130318	7	5166	7	130000	5000	incorrect	155
002	20	Response	52	3007967	142298	2
002	21	Sound	P0/none1	3041485	25000	1			25000		other	0
002	21	Sound	test23	3087984	71499	1			71500		other	0
002	21	Picture	2-221-2-2	3146804	130319	7	5166	7	130000	5000	hit	159
002	21	Response	62	3156047	139562	1
002	22	Sound	P0/none	3192301	25000	1			25000		other	0
002	22	Sound	f24	3238802	71501	1			71500		other	0
002	22	Picture	3-121-1-3	3297620	130319	7	5166	7	130000	5000	hit	163
002	22	Response	62	3305248	137947	2
002	23	Sound	P0/none	3343118	25000	1			25000		other	0
002	23	Sound	n06	3389617	71499	1			71500		other	0
002	23	Picture	3-211-1-3	3448436	130318	7	5166	7	130000	5000	hit	167
002	23	Response	61	3467648	149530	2
002	24	Sound	P0/none	3493934	25000	1			25000		other	0
002	24	Sound	test24	3540433	71499	1			71500		other	0
002	24	Picture	2-221-1-2	3599252	130319	7	5166	7	130000	5000	hit	171
002	24	Response	62	3606367	137434	2
002	25	Sound	P1/tapping1	3644750	25000	1			25000		other	0
002	25	Response	53	3646447	26697	1
002	25	Response	53	3650606	30856	1
002	25	Response	53	3656206	36456	2
002	25	Response	53	3662047	42297	1
002	25	Response	53	3667327	47577	2
002	25	Response	53	3672847	53097	1
002	25	Response	53	3678527	58777	2
002	25	Response	53	3684206	64457	1
002	25	Response	53	3690446	70696	2
002	25	Sound	test02	3691250	71500	1			71500		other	0
002	25	Picture	2-212-1-2	3750068	130319	7	5166	7	130000	5000	incorrect	184
002	25	Response	52	3762447	142697	2
002	26	Sound	P1/tapping	3795566	25000	1			25000		other	0
002	26	Response	53	3796687	26121	1
002	26	Response	53	3800926	30360	1
002	26	Response	53	3806446	35880	2
002	26	Response	53	3811966	41400	2
002	26	Response	53	3818126	47560	2
002	26	Response	53	3823727	53161	1
002	26	Response	53	3829247	58681	2
002	26	Response	53	3835006	64440	1
002	26	Sound	f14	3842066	71500	1			71500		other	0
002	26	Picture	2-122-2-2	3900885	130319	7	5166	7	130000	5000	incorrect	196
002	26	Response	51	3911247	140680	2
002	27	Response	53	3945486	24104	1
002	27	Sound	P1/tapping	3946381	24999	1			25000		other	0
002	27	Response	53	3951166	29784	2
002	27	Response	53	3958846	37464	2
002	27	Response	53	3964366	42984	2
002	27	Response	53	3969487	48105	1
002	27	Response	53	3974846	53464	2
002	27	Response	53	3981006	59624	2
002	27	Response	53	3986687	65305	2
002	27	Response	53	3992607	71224	1
002	27	Sound	f17	3992882	71500	1			71500		other	0
002	27	Picture	3-122-1-3	4051701	130319	7	5166	7	130000	5000	incorrect	209
002	27	Response	51	4059726	138344	2
002	28	Response	53	4095967	23768	2
002	28	Sound	P1/tapping	4097198	24999	1			25000		other	0
002	28	Response	53	4102046	29848	2
002	28	Response	53	4108046	35848	2
002	28	Response	53	4113406	41208	2
002	28	Response	53	4119166	46968	2
002	28	Response	53	4124846	52648	2
002	28	Response	53	4130366	58168	2
002	28	Response	53	4136366	64168	2
002	28	Sound	test17	4143699	71501	1			71500		other	0
002	28	Picture	2-222-2-2	4202517	130319	7	5166	7	130000	5000	incorrect	221
002	28	Response	51	4212926	140728	2
002	29	Sound	P2/beat1	4248014	25000	1			25000		other	0
002	29	Sound	f10	4294515	71500	1			71500		other	0
002	29	Picture	2-123-1-2	4353333	130319	7	5166	7	130000	5000	hit	225
002	29	Response	62	4362686	139671	2
002	30	Sound	P2/beat	4398831	24999	1			25000		other	0
002	30	Sound	test01	4445330	71499	1			71500		other	0
002	30	Picture	2-223-1-2	4504150	130318	7	5166	7	130000	5000	hit	229
002	30	Response	62	4518366	144535	2
002	31	Sound	P2/beat	4549647	25000	1			25000		other	0
002	31	Sound	test12	4596146	71499	1			71500		other	0
002	31	Picture	2-213-1-2	4654966	130319	7	5166	7	130000	5000	incorrect	233
002	31	Response	52	4672766	148119	2
002	32	Sound	P2/beat	4700463	25000	1			25000		other	0
002	32	Sound	test08	4746963	71499	1			71500		other	0
002	32	Picture	2-223-1-2	4805782	130319	7	5166	7	130000	5000	hit	237
002	32	Response	62	4812286	136823	1
002	33	Sound	P2/both1	4851280	25000	1			25000		other	0
002	33	Response	53	4852926	26647	2
002	33	Response	53	4856926	30646	2
002	33	Response	53	4862686	36406	2
002	33	Response	53	4867966	41686	2
002	33	Response	53	4872046	45766	2
002	33	Response	53	4878926	52647	1
002	33	Response	53	4885966	59686	2
002	33	Response	53	4897406	71126	1
002	33	Sound	f09	4897780	71500	1			71500		other	0
002	33	Picture	3-114-1-3	4956598	130318	7	5166	7	130000	5000	miss	0
002	34	Response	51	4979246	2150	2
002	34	Response	53	5000526	23430	1
002	34	Sound	P2/both	5002095	24999	1			25000		other	0
002	34	Response	53	5005966	28870	2
002	34	Response	53	5011806	34710	1
002	34	Response	53	5018205	41110	2
002	34	Response	53	5024927	47831	1
002	34	Response	53	5030766	53670	2
002	34	Response	53	5036366	59270	2
002	34	Response	53	5042206	65111	2
002	34	Sound	test03	5048595	71499	1			71500		other	0
002	34	Picture	3-214-1-3	5107414	130319	7	5166	7	130000	5000	hit	261
002	34	Response	61	5112686	135590	1
002	35	Response	53	5149406	21494	1
002	35	Sound	P2/both	5152911	24999	1			25000		other	0
002	35	Response	53	5156286	28374	2
002	35	Response	53	5162206	34294	1
002	35	Response	53	5168286	40374	1
002	35	Response	53	5174926	47014	2
002	35	Response	53	5181326	53414	2
002	35	Response	53	5188046	60134	2
002	35	Response	53	5193806	65894	1
002	35	Sound	f04	5199412	71500	1			71500		other	0
002	35	Picture	3-114-1-3	5258231	130319	7	5166	7	130000	5000	hit	273
002	35	Response	61	5264526	136614	1
002	36	Sound	P2/both	5303728	25000	1			25000		other	0
002	36	Response	53	5305726	26997	2
002	36	Response	53	5309325	30597	1
002	36	Response	53	5314366	35637	2
002	36	Response	53	5319806	41077	2
002	36	Response	53	5325326	46598	1
002	36	Response	53	5331726	52998	2
002	36	Response	53	5337006	58277	2
002	36	Response	53	5342766	64038	1
002	36	Sound	f18	5350228	71499	1			71500		other	0
002	36	Picture	2-114-2-2	5409047	130319	7	5166	7	130000	5000	hit	285
002	36	Response	61	5418206	139478	2
002	37	Response	53	5445966	16421	2
002	37	Sound	P0/none1	5454545	25000	1			25000		other	0
002	37	Sound	f19	5501045	71500	1			71500		other	0
002	37	Picture	3-121-1-3	5559863	130319	7	5166	7	130000	5000	hit	290
002	37	Response	62	5569246	139701	1
002	38	Sound	P0/none	5605361	25000	1			25000		other	0
002	38	Sound	test09	5651860	71499	1			71500		other	0
002	38	Picture	2-211-1-2	5710679	130319	7	5166	7	130000	5000	incorrect	294
002	38	Response	52	5718045	137685	2
002	39	Sound	P0/none	5756177	25000	1			25000		other	0
002	39	Sound	f02	5802677	71500	1			71500		other	0
002	39	Picture	3-121-2-3	5861496	130319	7	5166	7	130000	5000	hit	298
002	39	Response	62	5868686	137509	2
002	40	Sound	P0/none	5906994	25000	1			25000		other	0
002	40	Sound	n13	5953492	71499	1			71500		other	0
002	40	Picture	2-221-1-2	6012312	130319	7	5166	7	130000	5000	hit	302
002	40	Response	62	6018366	136372	1
002	41	Sound	P1/tapping1	6057808	24999	1			25000		other	0
002	41	Response	53	6059566	26756	2
002	41	Response	53	6063646	30836	2
002	41	Response	53	6069726	36916	2
002	41	Response	53	6075405	42596	1
002	41	Response	53	6080765	47956	2
002	41	Response	53	6085805	52996	1
002	41	Response	53	6091245	58436	2
002	41	Response	53	6096445	63636	1
002	41	Sound	f16	6104310	71500	1			71500		other	0
002	41	Picture	3-112-1-3	6163128	130319	7	5166	7	130000	5000	hit	314
002	41	Response	61	6169726	136916	2
002	42	Response	53	6205085	21459	2
002	42	Sound	P1/tapping	6208626	25000	1			25000		other	0
002	42	Response	53	6212605	28980	1
002	42	Response	53	6218606	34980	1
002	42	Response	53	6224445	40820	1
002	42	Response	53	6229565	45940	1
002	42	Response	53	6236126	52500	1
002	42	Response	53	6238766	55140	2
002	42	Response	53	6240926	57300	2
002	42	Response	53	6243965	60339	2
002	42	Response	53	6246285	62659	2
002	42	Response	53	6249165	65540	1
002	42	Response	53	6251726	68100	1
002	42	Sound	n14	6255126	71500	1			71500		other	0
002	42	Picture	3-112-1-3	6313944	130318	7	5166	7	130000	5000	incorrect	330
002	42	Response	52	6327166	143540	2
002	43	Response	53	6356845	22403	1
002	43	Sound	P1/tapping	6359442	25000	1			25000		other	0
002	43	Response	53	6363645	29203	2
002	43	Response	53	6370205	35763	2
002	43	Response	53	6375805	41363	1
002	43	Response	53	6381565	47123	2
002	43	Response	53	6386926	52484	1
002	43	Response	53	6392205	57763	2
002	43	Response	53	6397885	63443	2
002	43	Sound	f07	6405941	71499	1			71500		other	0
002	43	Picture	2-112-1-2	6464761	130319	7	5166	7	130000	5000	incorrect	342
002	43	Response	52	6473965	139523	2
002	44	Sound	P1/tapping	6510258	25000	1			25000		other	0
002	44	Response	53	6510685	25427	1
002	44	Response	53	6515565	30307	1
002	44	Response	53	6521005	35747	2
002	44	Response	53	6527486	42227	1
002	44	Response	53	6534365	49107	2
002	44	Response	53	6538605	53347	2
002	44	Response	53	6543405	58147	2
002	44	Response	53	6548125	62867	2
002	44	Response	53	6553645	68387	1
002	44	Response	53	6555965	70707	1
002	44	Sound	n11	6556758	71500	1			71500		other	0
002	44	Picture	2-112-1-2	6615577	130319	7	5166	7	130000	5000	hit	356
002	44	Response	61	6622445	137187	1
002	45	Sound	P2/both1	6661075	25000	1			25000		other	0
002	45	Response	53	6666205	30131	1
002	45	Response	53	6671085	35011	2
002	45	Response	53	6676445	40371	1
002	45	Response	53	6683005	46931	1
002	45	Response	53	6688766	52691	2
002	45	Response	53	6694925	58851	1
002	45	Response	53	6701565	65491	2
002	45	Sound	test10	6707575	71501	1			71500		other	0
002	45	Picture	2-224-1-2	6766393	130319	7	5166	7	130000	5000	hit	367
002	45	Response	62	6774765	138691	2
002	46	Response	53	6807725	20835	3
002	46	Sound	P2/both	6811890	24999	1			25000		other	0
002	46	Response	53	6814365	27475	2
002	46	Response	53	6820925	34034	1
002	46	Response	53	6826445	39555	2
002	46	Response	53	6833085	46194	1
002	46	Response	53	6839247	52356	2
002	46	Response	53	6845565	58675	2
002	46	Response	53	6850925	64035	1
002	46	Sound	test14	6858391	71500	1			71500		other	0
002	46	Picture	3-224-1-3	6917209	130319	7	5166	7	130000	5000	hit	379
002	46	Response	62	6926125	139235	2
002	47	Response	53	6959405	21698	1
002	47	Sound	P2/both	6962707	25000	1			25000		other	0
002	47	Response	53	6965885	28178	2
002	47	Response	53	6972285	34578	2
002	47	Response	53	6977886	40179	2
002	47	Response	53	6983645	45938	1
002	47	Response	53	6989725	52018	2
002	47	Response	53	6995405	57698	2
002	47	Response	53	7001405	63698	2
002	47	Sound	test21	7009207	71500	1			71500		other	0
002	47	Picture	2-224-2-2	7068026	130319	7	5166	7	130000	5000	hit	391
002	47	Response	62	7075885	138178	2
002	48	Response	53	7108526	20002	2
002	48	Sound	P2/both	7113523	25000	1			25000		other	0
002	48	Response	53	7117805	29282	2
002	48	Response	53	7123325	34802	2
002	48	Response	53	7129565	41042	1
002	48	Response	53	7136445	47922	1
002	48	Response	53	7142045	53522	2
002	48	Response	53	7148205	59682	2
002	48	Response	53	7153085	64562	1
002	48	Sound	test11	7160022	71499	1			71500		other	0
002	48	Picture	3-224-1-3	7218842	130319	7	5166	7	130000	5000	incorrect	403
002	48	Response	51	7228525	140002	2
002	49	Response	53	7262926	23586	2
002	49	Sound	P1/tapping1	7264339	24999	1			25000		other	0
002	49	Response	53	7268765	29426	1
002	49	Response	53	7275085	35746	2
002	49	Response	53	7281166	41826	2
002	49	Response	53	7286765	47425	1
002	49	Response	53	7292525	53186	2
002	49	Response	53	7298845	59506	2
002	49	Response	53	7305085	65746	2
002	49	Sound	f22	7310840	71500	1			71500		other	0
002	49	Picture	3-112-1-3	7369658	130318	7	5166	7	130000	5000	incorrect	415
002	49	Response	52	7376925	137585	2
002	50	Response	53	7413405	23249	1
002	50	Sound	P1/tapping	7415156	25001	1			25000		other	0
002	50	Response	53	7420286	30130	2
002	50	Response	53	7426846	36690	2
002	50	Response	53	7432205	42049	2
002	50	Response	53	7437325	47169	2
002	50	Response	53	7442285	52129	1
002	50	Response	53	7446445	56290	2
002	50	Response	53	7449005	58849	2
002	50	Response	53	7451405	61249	2
002	50	Response	53	7454365	64209	1
002	50	Response	53	7459565	69409	2
002	50	Sound	n12	7461656	71501	1			71500		other	0
002	50	Response	53	7514765	124609	2
002	50	Picture	3-112-1-3	7520474	130318	7	5166	7	130000	5000	incorrect	431
002	50	Response	52	7534845	144689	1
002	51	Response	53	7564605	23633	2
002	51	Sound	P1/tapping	7565972	25000	1			25000		other	0
002	51	Response	53	7570045	29073	2
002	51	Response	53	7576205	35233	2
002	51	Response	53	7581565	40593	2
002	51	Response	53	7587245	46273	2
002	51	Response	53	7593565	52593	2
002	51	Response	53	7599725	58754	2
002	51	Response	53	7605245	64273	2
002	51	Sound	test25	7612473	71501	1			71500		other	0
002	51	Picture	3-222-1-3	7671290	130319	7	5166	7	130000	5000	hit	443
002	51	Response	62	7680045	139073	2
002	52	Sound	P1/tapping	7716788	25000	1			25000		other	0
002	52	Response	53	7719005	27217	1
002	52	Response	53	7722685	30897	1
002	52	Response	53	7727885	36097	2
002	52	Response	53	7733165	41376	2
002	52	Response	53	7738685	46897	1
002	52	Response	53	7744525	52736	1
002	52	Response	53	7750605	58817	1
002	52	Response	53	7755725	63937	2
002	52	Response	53	7761805	70017	2
002	52	Sound	f20	7763287	71499	1			71500		other	0
002	52	Response	53	7767885	76097	1
002	52	Picture	3-112-1-3	7822107	130319	7	5166	7	130000	5000	incorrect	457
002	52	Response	52	7832125	140337	1
002	53	Sound	P0/none1	7867604	25000	1			25000		other	0
002	53	Sound	f12	7914104	71500	1			71500		other	0
002	53	Picture	3-111-1-3	7972923	130319	7	5166	7	130000	5000	incorrect	461
002	53	Response	52	7983965	141361	1
002	54	Sound	P0/none	8018421	25001	1			25000		other	0
002	54	Sound	test06	8064921	71500	1			71500		other	0
002	54	Picture	2-211-1-2	8123739	130319	7	5166	7	130000	5000	incorrect	465
002	54	Response	52	8130925	137505	2
002	55	Sound	P0/none	8169236	24999	1			25000		other	0
002	55	Sound	f06	8215737	71500	1			71500		other	0
002	55	Picture	2-121-1-2	8274555	130318	7	5166	7	130000	5000	incorrect	469
002	55	Response	51	8285485	141248	2
002	56	Sound	P0/none	8320053	25000	1			25000		other	0
002	56	Sound	n10	8366553	71500	1			71500		other	0
002	56	Picture	3-111-1-3	8425372	130319	7	5166	7	130000	5000	hit	473
002	56	Response	61	8429165	134112	2
002	57	Sound	P2/beat1	8470870	25000	1			25000		other	0
002	57	Sound	f13	8517370	71500	1			71500		other	0
002	57	Picture	2-123-1-2	8576188	130318	7	5166	7	130000	5000	hit	477
002	57	Response	62	8587325	141456	2
002	58	Sound	P2/beat	8621685	25000	1			25000		other	0
002	58	Sound	test22	8668186	71500	1			71500		other	0
002	58	Picture	2-213-2-2	8727004	130319	7	5166	7	130000	5000	hit	481
002	58	Response	61	8734844	138159	2
002	59	Sound	P2/beat	8772502	25000	1			25000		other	0
002	59	Sound	n09	8819001	71499	1			71500		other	0
002	59	Picture	3-223-1-3	8877821	130319	7	5166	7	130000	5000	incorrect	485
002	59	Response	51	8884765	137263	1
002	60	Sound	P2/beat	8923319	25001	1			25000		other	0
002	60	Sound	test19	8969818	71500	1			71500		other	0
002	60	Picture	2-213-1-2	9028637	130319	7	5166	7	130000	5000	incorrect	489
002	60	Response	52	9047564	149246	1


Event Type	Code	Type	Response	RT	RT Uncertainty	Time	Uncertainty	Duration	Uncertainty	ReqTime	ReqDur

Sound	P2/beat1	other				25161	1			25000
Sound	n05	other				71660	1			71500
Picture	3-113-1-3	incorrect	2	18129	7	130479	7	5166	7	130000	5000
Sound	P2/beat	other				175977	1			25000
Sound	f05	other				222477	1			71500
Picture	3-113-1-3	hit	1	5313	7	281295	7	5166	7	130000	5000
Sound	P2/beat	other				326792	1			25000
Sound	n01	other				373293	1			71500
Picture	3-223-1-3	hit	2	9377	8	432112	7	5166	7	130000	5000
Sound	P2/beat	other				477610	1			25000
Sound	test15	other				524110	1			71500
Picture	2-223-1-2	hit	2	9360	8	582928	7	5166	7	130000	5000
Sound	P1/tapping1	other				628426	1			25000
Sound	f08	other				674925	1			71500
Picture	3-122-2-3	hit	2	7664	8	733744	7	5166	7	130000	5000
Sound	P1/tapping	other				779242	1			25000
Sound	f01	other				825741	1			71500
Picture	2-122-1-2	hit	2	9728	8	884560	7	5166	7	130000	5000
Sound	P1/tapping	other				930058	1			25000
Sound	n03	other				976558	1			71500
Picture	3-122-1-3	incorrect	1	5311	7	1035376	7	5166	7	130000	5000
Sound	P1/tapping	other				1080874	1			25000
Sound	test18	other				1127374	1			71500
Picture	3-212-1-3	hit	1	7935	8	1186193	7	5166	7	130000	5000
Sound	P2/both1	other				1231690	1			25000
Sound	test13	other				1278191	1			71500
Picture	3-214-1-3	incorrect	2	9599	8	1337009	7	5166	7	130000	5000
Sound	P2/both	other				1382507	1			25000
Sound	test04	other				1429006	1			71500
Picture	2-224-1-2	incorrect	1	3822	7	1487825	7	5166	7	130000	5000
Sound	P2/both	other				1533323	1			25000
Sound	f15	other				1579823	1			71500
Picture	3-124-1-3	hit	2	10446	7	1638641	7	5166	7	130000	5000
Sound	P2/both	other				1684139	1			25000
Sound	f21	other				1730639	1			71500
Picture	3-124-1-3	hit	2	6671	8	1789458	7	5166	7	130000	5000
Sound	P0/none1	other				1834955	1			25000
Sound	n07	other				1881455	1			71500
Picture	2-221-1-2	incorrect	1	5133	8	1940274	7	5166	7	130000	5000
Sound	P0/none	other				1985771	1			25000
Sound	n04	other				2032272	1			71500
Picture	2-211-1-2	incorrect	2	9357	8	2091090	7	5166	7	130000	5000
Sound	P0/none	other				2136587	1			25000
Sound	f03	other				2183088	1			71500
Picture	2-111-1-2	incorrect	2	9261	7	2241906	7	5166	7	130000	5000
Sound	P0/none	other				2287404	1			25000
Sound	test05	other				2333904	1			71500
Picture	2-211-1-2	hit	1	6685	8	2392722	7	5166	7	130000	5000
Sound	P2/beat1	other				2438219	1			25000
Sound	test16	other				2484720	1			71500
Picture	3-213-1-3	incorrect	2	9788	7	2543539	7	5166	7	130000	5000
Sound	P2/beat	other				2589036	1			25000
Sound	f11	other				2635536	1			71500
Picture	3-113-1-3	incorrect	2	9532	8	2694355	7	5166	7	130000	5000
Sound	P2/beat	other				2739852	1			25000
Sound	test07	other				2786352	1			71500
Picture	2-223-1-2	hit	2	12557	8	2845171	7	5166	7	130000	5000
Sound	P2/beat	other				2890669	1			25000
Sound	f23	other				2937168	1			71500
Picture	2-113-1-2	incorrect	2	11980	8	2995987	7	5166	7	130000	5000
Sound	P0/none1	other				3041485	1			25000
Sound	test23	other				3087984	1			71500
Picture	2-221-2-2	hit	2	9243	7	3146804	7	5166	7	130000	5000
Sound	P0/none	other				3192301	1			25000
Sound	f24	other				3238802	1			71500
Picture	3-121-1-3	hit	2	7628	9	3297620	7	5166	7	130000	5000
Sound	P0/none	other				3343118	1			25000
Sound	n06	other				3389617	1			71500
Picture	3-211-1-3	hit	1	19212	8	3448436	7	5166	7	130000	5000
Sound	P0/none	other				3493934	1			25000
Sound	test24	other				3540433	1			71500
Picture	2-221-1-2	hit	2	7115	8	3599252	7	5166	7	130000	5000
Sound	P1/tapping1	other				3644750	1			25000
Sound	test02	other				3691250	1			71500
Picture	2-212-1-2	incorrect	2	12379	8	3750068	7	5166	7	130000	5000
Sound	P1/tapping	other				3795566	1			25000
Sound	f14	other				3842066	1			71500
Picture	2-122-2-2	incorrect	1	10362	8	3900885	7	5166	7	130000	5000
Sound	P1/tapping	other				3946381	1			25000
Sound	f17	other				3992882	1			71500
Picture	3-122-1-3	incorrect	1	8025	8	4051701	7	5166	7	130000	5000
Sound	P1/tapping	other				4097198	1			25000
Sound	test17	other				4143699	1			71500
Picture	2-222-2-2	incorrect	1	10409	8	4202517	7	5166	7	130000	5000
Sound	P2/beat1	other				4248014	1			25000
Sound	f10	other				4294515	1			71500
Picture	2-123-1-2	hit	2	9353	8	4353333	7	5166	7	130000	5000
Sound	P2/beat	other				4398831	1			25000
Sound	test01	other				4445330	1			71500
Picture	2-223-1-2	hit	2	14216	8	4504150	7	5166	7	130000	5000
Sound	P2/beat	other				4549647	1			25000
Sound	test12	other				4596146	1			71500
Picture	2-213-1-2	incorrect	2	17800	8	4654966	7	5166	7	130000	5000
Sound	P2/beat	other				4700463	1			25000
Sound	test08	other				4746963	1			71500
Picture	2-223-1-2	hit	2	6504	7	4805782	7	5166	7	130000	5000
Sound	P2/both1	other				4851280	1			25000
Sound	f09	other				4897780	1			71500
Picture	3-114-1-3	miss				4956598	7	5166	7	130000	5000
Sound	P2/both	other				5002095	1			25000
Sound	test03	other				5048595	1			71500
Picture	3-214-1-3	hit	1	5271	7	5107414	7	5166	7	130000	5000
Sound	P2/both	other				5152911	1			25000
Sound	f04	other				5199412	1			71500
Picture	3-114-1-3	hit	1	6295	7	5258231	7	5166	7	130000	5000
Sound	P2/both	other				5303728	1			25000
Sound	f18	other				5350228	1			71500
Picture	2-114-2-2	hit	1	9159	8	5409047	7	5166	7	130000	5000
Sound	P0/none1	other				5454545	1			25000
Sound	f19	other				5501045	1			71500
Picture	3-121-1-3	hit	2	9382	7	5559863	7	5166	7	130000	5000
Sound	P0/none	other				5605361	1			25000
Sound	test09	other				5651860	1			71500
Picture	2-211-1-2	incorrect	2	7366	9	5710679	7	5166	7	130000	5000
Sound	P0/none	other				5756177	1			25000
Sound	f02	other				5802677	1			71500
Picture	3-121-2-3	hit	2	7190	8	5861496	7	5166	7	130000	5000
Sound	P0/none	other				5906994	1			25000
Sound	n13	other				5953492	1			71500
Picture	2-221-1-2	hit	2	6054	7	6012312	7	5166	7	130000	5000
Sound	P1/tapping1	other				6057808	1			25000
Sound	f16	other				6104310	1			71500
Picture	3-112-1-3	hit	1	6598	8	6163128	7	5166	7	130000	5000
Sound	P1/tapping	other				6208626	1			25000
Sound	n14	other				6255126	1			71500
Picture	3-112-1-3	incorrect	2	13222	8	6313944	7	5166	7	130000	5000
Sound	P1/tapping	other				6359442	1			25000
Sound	f07	other				6405941	1			71500
Picture	2-112-1-2	incorrect	2	9205	8	6464761	7	5166	7	130000	5000
Sound	P1/tapping	other				6510258	1			25000
Sound	n11	other				6556758	1			71500
Picture	2-112-1-2	hit	1	6868	7	6615577	7	5166	7	130000	5000
Sound	P2/both1	other				6661075	1			25000
Sound	test10	other				6707575	1			71500
Picture	2-224-1-2	hit	2	8372	8	6766393	7	5166	7	130000	5000
Sound	P2/both	other				6811890	1			25000
Sound	test14	other				6858391	1			71500
Picture	3-224-1-3	hit	2	8916	8	6917209	7	5166	7	130000	5000
Sound	P2/both	other				6962707	1			25000
Sound	test21	other				7009207	1			71500
Picture	2-224-2-2	hit	2	7859	8	7068026	7	5166	7	130000	5000
Sound	P2/both	other				7113523	1			25000
Sound	test11	other				7160022	1			71500
Picture	3-224-1-3	incorrect	1	9683	8	7218842	7	5166	7	130000	5000
Sound	P1/tapping1	other				7264339	1			25000
Sound	f22	other				7310840	1			71500
Picture	3-112-1-3	incorrect	2	7267	8	7369658	7	5166	7	130000	5000
Sound	P1/tapping	other				7415156	1			25000
Sound	n12	other				7461656	1			71500
Picture	3-112-1-3	incorrect	2	14370	7	7520474	7	5166	7	130000	5000
Sound	P1/tapping	other				7565972	1			25000
Sound	test25	other				7612473	1			71500
Picture	3-222-1-3	hit	2	8754	8	7671290	7	5166	7	130000	5000
Sound	P1/tapping	other				7716788	1			25000
Sound	f20	other				7763287	1			71500
Picture	3-112-1-3	incorrect	2	10018	7	7822107	7	5166	7	130000	5000
Sound	P0/none1	other				7867604	1			25000
Sound	f12	other				7914104	1			71500
Picture	3-111-1-3	incorrect	2	11042	7	7972923	7	5166	7	130000	5000
Sound	P0/none	other				8018421	1			25000
Sound	test06	other				8064921	1			71500
Picture	2-211-1-2	incorrect	2	7186	8	8123739	7	5166	7	130000	5000
Sound	P0/none	other				8169236	1			25000
Sound	f06	other				8215737	1			71500
Picture	2-121-1-2	incorrect	1	10929	8	8274555	7	5166	7	130000	5000
Sound	P0/none	other				8320053	1			25000
Sound	n10	other				8366553	1			71500
Picture	3-111-1-3	hit	1	3793	8	8425372	7	5166	7	130000	5000
Sound	P2/beat1	other				8470870	1			25000
Sound	f13	other				8517370	1			71500
Picture	2-123-1-2	hit	2	11137	8	8576188	7	5166	7	130000	5000
Sound	P2/beat	other				8621685	1			25000
Sound	test22	other				8668186	1			71500
Picture	2-213-2-2	hit	1	7840	8	8727004	7	5166	7	130000	5000
Sound	P2/beat	other				8772502	1			25000
Sound	n09	other				8819001	1			71500
Picture	3-223-1-3	incorrect	1	6944	7	8877821	7	5166	7	130000	5000
Sound	P2/beat	other				8923319	1			25000
Sound	test19	other				8969818	1			71500
Picture	2-213-1-2	incorrect	2	18927	8	9028637	7	5166	7	130000	5000


{
   "app": "Presentation Version 22.1 Build 01.21.21",
   "device": "Dell Inc. OptiPlex 7050",
   "experiment": "{C8E97CB4-6FCA-44FA-B866-4A2D94B6B85C}",
   "os": "Windows 10 64 bit",
   "package": "",
   "parameters": {
      "configuration": "Default configuration"
   },
   "scenario": "entrain_list1_sess2_EB.sce",
   "subject": "002",
   "timestamp": "2022/03/30 15:24:24 GMT"
}
