Scenario - test
Logfile written - 10/17/2022 14:15:51

Subject	Trial	Event Type	Code	Time	TTime	Uncertainty	Duration	Uncertainty	ReqTime	ReqDur	Stim Type	Pair Index

013	1	Sound	P2/beat1	25160	25000	1			25000		other	0
013	1	Sound	n05	71660	71500	1			71500		other	0
013	1	Picture	3-113-1-3	130479	130318	7	5166	7	130000	5000	incorrect	4
013	1	Response	52	140924	140763	1
013	2	Sound	P2/beat	175976	25000	1			25000		other	0
013	2	Sound	f05	222476	71500	1			71500		other	0
013	2	Picture	3-113-1-3	281294	130318	7	5166	7	130000	5000	hit	8
013	2	Response	61	291324	140347	1
013	3	Sound	P2/beat	326792	25000	1			25000		other	0
013	3	Sound	n01	373292	71500	1			71500		other	0
013	3	Picture	3-223-1-3	432110	130318	7	5166	7	130000	5000	hit	12
013	3	Response	62	443404	141612	1
013	4	Sound	P2/beat	477608	25000	1			25000		other	0
013	4	Sound	test15	524107	71500	1			71500		other	0
013	4	Picture	2-223-1-2	582926	130318	7	5166	7	130000	5000	hit	16
013	4	Response	62	594604	141997	2
013	5	Response	53	622043	18620	1
013	5	Response	53	627084	23660	2
013	5	Sound	P1/tapping1	628423	25000	1			25000		other	0
013	5	Response	53	631643	28220	1
013	5	Response	53	637963	34540	1
013	5	Response	53	644203	40780	2
013	5	Response	53	649963	46540	1
013	5	Response	53	655483	52060	2
013	5	Response	53	661323	57900	1
013	5	Response	53	666523	63100	2
013	5	Response	53	672123	68700	1
013	5	Sound	f08	674923	71500	1			71500		other	0
013	5	Picture	3-122-2-3	733741	130318	7	5166	7	130000	5000	hit	30
013	5	Response	62	745244	141820	3
013	6	Response	53	773643	19404	1
013	6	Response	53	778603	24364	1
013	6	Sound	P1/tapping	779239	25000	1			25000		other	0
013	6	Response	53	783803	29564	1
013	6	Response	53	790364	36125	2
013	6	Response	53	795003	40764	1
013	6	Response	53	801403	47164	2
013	6	Response	53	805803	51564	2
013	6	Response	53	810923	56684	2
013	6	Response	53	816444	62205	2
013	6	Response	53	821883	67644	1
013	6	Sound	f01	825738	71499	1			71500		other	0
013	6	Picture	2-122-1-2	884557	130318	7	5166	7	130000	5000	hit	44
013	6	Response	62	896523	142284	1
013	7	Sound	P1/tapping	930055	25000	1			25000		other	0
013	7	Response	53	931323	26269	1
013	7	Response	53	935403	30348	2
013	7	Response	53	941404	36349	1
013	7	Response	53	946683	41628	2
013	7	Response	53	951403	46349	1
013	7	Response	53	956763	51709	1
013	7	Response	53	962043	56988	1
013	7	Response	53	967083	62029	1
013	7	Response	53	973003	67948	1
013	7	Sound	n03	976554	71500	1			71500		other	0
013	7	Picture	3-122-1-3	1035373	130318	7	5166	7	130000	5000	hit	57
013	7	Response	62	1047163	142109	2
013	8	Response	53	1079883	24013	1
013	8	Sound	P1/tapping	1080870	25000	1			25000		other	0
013	8	Response	53	1084844	28973	2
013	8	Response	53	1090443	34573	2
013	8	Response	53	1095323	39453	2
013	8	Response	53	1100843	44973	2
013	8	Response	53	1106203	50333	2
013	8	Response	53	1111643	55773	1
013	8	Response	53	1117003	61133	2
013	8	Response	53	1122763	66893	2
013	8	Sound	test18	1127370	71500	1			71500		other	0
013	8	Picture	3-212-1-3	1186189	130318	7	5166	7	130000	5000	hit	70
013	8	Response	61	1198523	142653	1
013	9	Sound	P2/both1	1231686	25000	1			25000		other	0
013	9	Response	53	1233643	26957	1
013	9	Response	53	1238603	31916	2
013	9	Response	53	1243723	37037	1
013	9	Response	53	1249564	42877	2
013	9	Response	53	1256123	49437	1
013	9	Response	53	1261723	55037	2
013	9	Response	53	1267563	60877	1
013	9	Response	53	1273723	67037	2
013	9	Sound	test13	1278186	71500	1			71500		other	0
013	9	Picture	3-214-1-3	1337004	130318	7	5166	7	130000	5000	hit	82
013	9	Response	61	1349643	142956	1
013	10	Sound	P2/both	1382502	25000	1			25000		other	0
013	10	Response	53	1384603	27101	2
013	10	Response	53	1389163	31661	2
013	10	Response	53	1394123	36621	1
013	10	Response	53	1400283	42781	1
013	10	Response	53	1406203	48701	1
013	10	Response	53	1412203	54701	2
013	10	Response	53	1418523	61021	2
013	10	Response	53	1424363	66861	2
013	10	Sound	test04	1429002	71500	1			71500		other	0
013	10	Picture	2-224-1-2	1487820	130318	7	5166	7	130000	5000	hit	94
013	10	Response	62	1499483	141981	1
013	11	Sound	P2/both	1533318	25000	1			25000		other	0
013	11	Response	53	1535003	26685	1
013	11	Response	53	1539803	31485	1
013	11	Response	53	1545643	37325	2
013	11	Response	53	1551723	43405	1
013	11	Response	53	1557963	49645	1
013	11	Response	53	1563323	55005	1
013	11	Response	53	1569403	61086	2
013	11	Response	53	1575563	67245	1
013	11	Sound	f15	1579818	71500	1			71500		other	0
013	11	Picture	3-124-1-3	1638636	130318	7	5166	7	130000	5000	hit	106
013	11	Response	62	1648043	139725	1
013	12	Sound	P2/both	1684133	25000	1			25000		other	0
013	12	Response	53	1686203	27069	1
013	12	Response	53	1690363	31229	1
013	12	Response	53	1695803	36669	2
013	12	Response	53	1701483	42349	2
013	12	Response	53	1707803	48669	1
013	12	Response	53	1713883	54749	1
013	12	Response	53	1720363	61229	2
013	12	Response	53	1725803	66669	1
013	12	Sound	f21	1730633	71500	1			71500		other	0
013	12	Picture	3-124-1-3	1789452	130318	7	5166	7	130000	5000	hit	118
013	12	Response	62	1800763	141629	2
013	13	Sound	P0/none1	1834949	25000	1			25000		other	0
013	13	Sound	n07	1881449	71500	1			71500		other	0
013	13	Picture	2-221-1-2	1940267	130318	7	5166	7	130000	5000	hit	122
013	13	Response	62	1951883	141933	2
013	14	Sound	P0/none	1985765	25000	1			25000		other	0
013	14	Sound	n04	2032265	71500	1			71500		other	0
013	14	Picture	2-211-1-2	2091083	130318	7	5166	7	130000	5000	hit	126
013	14	Response	61	2103322	142558	2
013	15	Sound	P0/none	2136580	25000	1			25000		other	0
013	15	Sound	f03	2183080	71500	1			71500		other	0
013	15	Picture	2-111-1-2	2241899	130318	7	5166	7	130000	5000	hit	130
013	15	Response	61	2253162	141581	2
013	16	Sound	P0/none	2287396	25000	1			25000		other	0
013	16	Sound	test05	2333896	71500	1			71500		other	0
013	16	Picture	2-211-1-2	2392715	130318	7	5166	7	130000	5000	hit	134
013	16	Response	61	2402922	140526	1
013	17	Sound	P2/beat1	2438212	25000	1			25000		other	0
013	17	Sound	test16	2484712	71500	1			71500		other	0
013	17	Picture	3-213-1-3	2543530	130318	7	5166	7	130000	5000	hit	138
013	17	Response	61	2557162	143950	2
013	18	Sound	P2/beat	2589028	25000	1			25000		other	0
013	18	Sound	f11	2635528	71500	1			71500		other	0
013	18	Picture	3-113-1-3	2694346	130318	7	5166	7	130000	5000	hit	142
013	18	Response	61	2708282	144254	1
013	19	Sound	P2/beat	2739844	25000	1			25000		other	0
013	19	Sound	test07	2786344	71500	1			71500		other	0
013	19	Picture	2-223-1-2	2845162	130318	7	5166	7	130000	5000	hit	146
013	19	Response	62	2856522	141678	3
013	20	Sound	P2/beat	2890660	25000	1			25000		other	0
013	20	Sound	f23	2937159	71500	1			71500		other	0
013	20	Picture	2-113-1-2	2995978	130318	7	5166	7	130000	5000	hit	150
013	20	Response	61	3006202	140542	1
013	21	Sound	P0/none1	3041475	25000	1			25000		other	0
013	21	Sound	test23	3087975	71500	1			71500		other	0
013	21	Picture	2-221-2-2	3146794	130318	7	5166	7	130000	5000	hit	154
013	21	Response	62	3161722	145246	1
013	22	Sound	P0/none	3192291	25000	1			25000		other	0
013	22	Sound	f24	3238791	71500	1			71500		other	0
013	22	Picture	3-121-1-3	3297609	130318	7	5166	7	130000	5000	hit	158
013	22	Response	62	3310602	143311	3
013	23	Sound	P0/none	3343107	25000	1			25000		other	0
013	23	Sound	n06	3389607	71500	1			71500		other	0
013	23	Picture	3-211-1-3	3448425	130318	7	5166	7	130000	5000	hit	162
013	23	Response	61	3459962	141855	1
013	24	Sound	P0/none	3493923	25000	1			25000		other	0
013	24	Sound	test24	3540423	71500	1			71500		other	0
013	24	Picture	2-221-1-2	3599241	130318	7	5166	7	130000	5000	hit	166
013	24	Response	62	3615401	146479	1
013	25	Sound	P1/tapping1	3644738	25000	1			25000		other	0
013	25	Response	53	3645641	25903	1
013	25	Response	53	3650201	30462	1
013	25	Response	53	3655642	35903	2
013	25	Response	53	3661161	41423	2
013	25	Response	53	3666521	46783	1
013	25	Response	53	3671801	52063	2
013	25	Response	53	3677321	57583	1
013	25	Response	53	3682761	63023	1
013	25	Response	53	3689001	69263	1
013	25	Sound	test02	3691238	71500	1			71500		other	0
013	25	Picture	2-212-1-2	3750057	130318	7	5166	7	130000	5000	miss	0
013	26	Response	52	3782041	11487	1
013	26	Sound	P1/tapping	3795554	25000	1			25000		other	0
013	26	Response	53	3798361	27807	2
013	26	Response	53	3803002	32448	2
013	26	Response	53	3809401	38847	2
013	26	Response	53	3813961	43407	1
013	26	Response	53	3819801	49247	1
013	26	Response	53	3825561	55007	1
013	26	Response	53	3830761	60207	1
013	26	Response	53	3835962	65407	2
013	26	Sound	f14	3842054	71500	1			71500		other	0
013	26	Picture	2-122-2-2	3900873	130318	7	5166	7	130000	5000	hit	191
013	26	Response	62	3913001	142447	1
013	27	Response	53	3941321	19951	2
013	27	Sound	P1/tapping	3946370	25000	1			25000		other	0
013	27	Response	53	3947561	26191	2
013	27	Response	53	3953001	31631	1
013	27	Response	53	3958361	36991	1
013	27	Response	53	3963801	42431	1
013	27	Response	53	3969081	47711	1
013	27	Response	53	3974441	53071	3
013	27	Response	53	3979961	58591	2
013	27	Response	53	3985081	63711	1
013	27	Sound	f17	3992870	71500	1			71500		other	0
013	27	Picture	3-122-1-3	4051688	130318	7	5166	7	130000	5000	hit	204
013	27	Response	62	4063641	142271	1
013	28	Sound	P1/tapping	4097186	25000	1			25000		other	0
013	28	Response	53	4097881	25695	1
013	28	Response	53	4102121	29935	1
013	28	Response	53	4107481	35295	2
013	28	Response	53	4112441	40255	1
013	28	Response	53	4117081	44895	1
013	28	Response	53	4122761	50575	1
013	28	Response	53	4127961	55775	2
013	28	Response	53	4133401	61215	1
013	28	Sound	test17	4143682	71496	40			71500		other	0
013	28	Picture	2-222-2-2	4202504	130318	7	5166	7	130000	5000	hit	216
013	28	Response	62	4213081	140895	1
013	29	Sound	P2/beat1	4248002	25000	1			25000		other	0
013	29	Sound	f10	4294501	71500	1			71500		other	0
013	29	Picture	2-123-1-2	4353320	130318	7	5166	7	130000	5000	incorrect	220
013	29	Response	51	4368921	145919	2
013	30	Sound	P2/beat	4398817	25000	1			25000		other	0
013	30	Sound	test01	4445317	71500	1			71500		other	0
013	30	Picture	2-223-1-2	4504136	130318	7	5166	7	130000	5000	hit	224
013	30	Response	62	4515321	141503	2
013	31	Sound	P2/beat	4549633	25000	1			25000		other	0
013	31	Sound	test12	4596133	71500	1			71500		other	0
013	31	Picture	2-213-1-2	4654952	130318	7	5166	7	130000	5000	incorrect	228
013	31	Response	52	4665641	141007	1
013	32	Sound	P2/beat	4700449	25000	1			25000		other	0
013	32	Sound	test08	4746949	71500	1			71500		other	0
013	32	Picture	2-223-1-2	4805768	130318	7	5166	7	130000	5000	hit	232
013	32	Response	62	4816121	140671	1
013	33	Response	53	4847721	21455	2
013	33	Sound	P2/both1	4851265	25000	1			25000		other	0
013	33	Response	53	4855001	28735	1
013	33	Response	53	4861961	35695	1
013	33	Response	53	4867881	41615	2
013	33	Response	53	4874120	47855	2
013	33	Response	53	4879801	53535	1
013	33	Response	53	4885720	59455	3
013	33	Response	53	4891640	65375	1
013	33	Sound	f09	4897765	71500	1			71500		other	0
013	33	Picture	3-114-1-3	4956583	130318	7	5166	7	130000	5000	hit	244
013	33	Response	61	4967720	141455	1
013	34	Sound	P2/both	5002081	25000	1			25000		other	0
013	34	Response	53	5002841	25759	2
013	34	Response	53	5008041	30959	2
013	34	Response	53	5013561	36480	2
013	34	Response	51	5019321	42239	3
013	34	Response	53	5019324	42243	1
013	34	Response	53	5026201	49119	1
013	34	Response	53	5031400	54319	1
013	34	Response	53	5037560	60479	1
013	34	Response	53	5043561	66479	2
013	34	Sound	test03	5048581	71500	1			71500		other	0
013	34	Picture	3-214-1-3	5107399	130318	7	5166	7	130000	5000	hit	257
013	34	Response	61	5117880	140799	2
013	35	Sound	P2/both	5152897	25000	1			25000		other	0
013	35	Response	53	5154760	26863	1
013	35	Response	53	5159000	31103	1
013	35	Response	53	5164280	36383	1
013	35	Response	53	5170200	42303	2
013	35	Response	53	5176200	48303	1
013	35	Response	53	5182440	54543	2
013	35	Response	53	5188440	60543	2
013	35	Response	53	5194680	66783	1
013	35	Sound	f04	5199397	71500	1			71500		other	0
013	35	Picture	3-114-1-3	5258215	130318	7	5166	7	130000	5000	hit	269
013	35	Response	61	5267960	140063	2
013	36	Response	53	5301240	22527	1
013	36	Sound	P2/both	5303713	25000	1			25000		other	0
013	36	Response	53	5307320	28608	2
013	36	Response	53	5313800	35087	2
013	36	Response	53	5320440	41727	2
013	36	Response	53	5326040	47327	1
013	36	Response	53	5331960	53247	1
013	36	Response	53	5338040	59328	1
013	36	Response	53	5344281	65568	2
013	36	Sound	f18	5350213	71500	1			71500		other	0
013	36	Picture	2-114-2-2	5409031	130318	7	5166	7	130000	5000	hit	281
013	36	Response	61	5417880	139167	2
013	37	Sound	P0/none1	5454528	25000	1			25000		other	0
013	37	Sound	f19	5501024	71496	1			71500		other	0
013	37	Picture	3-121-1-3	5559847	130318	7	5166	7	130000	5000	hit	285
013	37	Response	62	5572360	142831	1
013	38	Sound	P0/none	5605344	25000	1			25000		other	0
013	38	Sound	test09	5651844	71500	1			71500		other	0
013	38	Picture	2-211-1-2	5710663	130318	7	5166	7	130000	5000	incorrect	289
013	38	Response	52	5722120	141775	1
013	39	Sound	P0/none	5756160	25000	1			25000		other	0
013	39	Sound	f02	5802660	71500	1			71500		other	0
013	39	Picture	3-121-2-3	5861479	130318	7	5166	7	130000	5000	hit	293
013	39	Response	62	5874521	143360	2
013	40	Sound	P0/none	5906976	25000	1			25000		other	0
013	40	Sound	n13	5953476	71500	1			71500		other	0
013	40	Picture	2-221-1-2	6012295	130318	7	5166	7	130000	5000	hit	297
013	40	Response	62	6020759	138783	2
013	41	Sound	P1/tapping1	6057792	25000	1			25000		other	0
013	41	Response	53	6060439	27647	2
013	41	Response	53	6064280	31487	1
013	41	Response	53	6069480	36688	1
013	41	Response	53	6074840	42047	1
013	41	Response	53	6080360	47568	2
013	41	Response	53	6085880	53088	2
013	41	Response	53	6091720	58928	1
013	41	Response	53	6097160	64368	1
013	41	Response	53	6102760	69967	1
013	41	Sound	f16	6104292	71500	1			71500		other	0
013	41	Picture	3-112-1-3	6163110	130318	7	5166	7	130000	5000	incorrect	310
013	41	Response	52	6175880	143088	1
013	42	Sound	P1/tapping	6208608	25000	1			25000		other	0
013	42	Response	53	6212760	29152	2
013	42	Response	53	6217320	33712	2
013	42	Response	53	6222680	39072	1
013	42	Response	53	6227400	43792	2
013	42	Response	53	6233000	49392	2
013	42	Response	53	6237880	54272	2
013	42	Response	53	6243720	60112	1
013	42	Response	53	6249079	65471	1
013	42	Sound	n14	6255108	71500	1			71500		other	0
013	42	Picture	3-112-1-3	6313926	130318	7	5166	7	130000	5000	incorrect	322
013	42	Response	52	6326040	142432	2
013	43	Sound	P1/tapping	6359424	25000	1			25000		other	0
013	43	Response	53	6362520	28096	1
013	43	Response	53	6365719	31296	1
013	43	Response	53	6371560	37136	2
013	43	Response	53	6375880	41456	2
013	43	Response	53	6381799	47375	1
013	43	Response	53	6387479	53055	1
013	43	Response	53	6393079	58656	1
013	43	Response	53	6398519	64095	1
013	43	Sound	f07	6405924	71500	1			71500		other	0
013	43	Picture	2-112-1-2	6464742	130318	7	5166	7	130000	5000	incorrect	334
013	43	Response	52	6479160	144736	2
013	44	Sound	P1/tapping	6510240	25000	1			25000		other	0
013	44	Response	53	6513319	28080	2
013	44	Response	53	6517639	32399	2
013	44	Response	53	6523399	38160	1
013	44	Response	53	6529319	44079	1
013	44	Response	53	6534519	49279	2
013	44	Response	53	6540359	55119	1
013	44	Response	53	6546200	60960	3
013	44	Response	53	6551079	65839	1
013	44	Sound	n11	6556739	71500	1			71500		other	0
013	44	Picture	2-112-1-2	6615558	130318	7	5166	7	130000	5000	hit	346
013	44	Response	61	6635400	150160	1
013	45	Sound	P2/both1	6661056	25000	1			25000		other	0
013	45	Response	53	6663000	26944	2
013	45	Response	53	6667879	31824	2
013	45	Response	53	6672839	36784	2
013	45	Response	53	6678599	42543	3
013	45	Response	53	6684359	48304	1
013	45	Response	53	6690439	54384	2
013	45	Response	53	6696679	60624	1
013	45	Response	53	6702199	66144	2
013	45	Sound	test10	6707556	71500	1			71500		other	0
013	45	Picture	2-224-1-2	6766374	130318	7	5166	7	130000	5000	hit	358
013	45	Response	62	6774359	138304	1
013	46	Sound	P2/both	6811871	25000	1			25000		other	0
013	46	Response	53	6813959	27088	2
013	46	Response	53	6818439	31567	1
013	46	Response	53	6823319	36448	1
013	46	Response	53	6829480	42608	2
013	46	Response	53	6835640	48768	1
013	46	Response	53	6840738	53866	132
013	46	Response	53	6846439	59567	1
013	46	Response	53	6852519	65648	1
013	46	Sound	test14	6858371	71500	1			71500		other	0
013	46	Picture	3-224-1-3	6917190	130318	7	5166	7	130000	5000	hit	370
013	46	Response	62	6926599	139727	2
013	47	Sound	P2/both	6962688	25000	1			25000		other	0
013	47	Response	53	6964439	26752	2
013	47	Response	53	6968679	30992	2
013	47	Response	53	6974120	36432	1
013	47	Response	53	6980679	42992	1
013	47	Response	53	6986199	48511	1
013	47	Response	53	6992759	55072	2
013	47	Response	53	6998599	60912	1
013	47	Response	53	7004599	66911	1
013	47	Sound	test21	7009187	71500	1			71500		other	0
013	47	Picture	2-224-2-2	7068006	130318	7	5166	7	130000	5000	hit	382
013	47	Response	62	7078519	140831	2
013	48	Sound	P2/both	7113503	25000	1			25000		other	0
013	48	Response	53	7115479	26976	1
013	48	Response	53	7119879	31376	2
013	48	Response	53	7125399	36896	2
013	48	Response	53	7131399	42895	1
013	48	Response	53	7137159	48656	1
013	48	Response	53	7142919	54416	1
013	48	Response	53	7149319	60816	1
013	48	Response	53	7155559	67056	1
013	48	Sound	test11	7160003	71500	1			71500		other	0
013	48	Picture	3-224-1-3	7218822	130318	7	5166	7	130000	5000	hit	394
013	48	Response	62	7232359	143856	2
013	49	Response	53	7257639	18320	2
013	49	Sound	P1/tapping1	7264319	25000	1			25000		other	0
013	49	Response	53	7264439	25120	2
013	49	Response	53	7270199	30880	2
013	49	Response	53	7276439	37120	2
013	49	Response	53	7281799	42480	2
013	49	Response	53	7287479	48160	2
013	49	Response	53	7292999	53679	1
013	49	Response	53	7299319	59999	1
013	49	Response	53	7304599	65280	2
013	49	Response	53	7309959	70640	1
013	49	Sound	f22	7310819	71500	1			71500		other	0
013	49	Picture	3-112-1-3	7369638	130318	7	5166	7	130000	5000	incorrect	408
013	49	Response	52	7380599	141280	1
013	50	Sound	P1/tapping	7415135	25000	1			25000		other	0
013	50	Response	53	7418359	28224	1
013	50	Response	53	7422039	31904	2
013	50	Response	53	7427719	37584	2
013	50	Response	53	7432519	42383	1
013	50	Response	53	7438438	48303	2
013	50	Response	53	7443639	53504	1
013	50	Response	53	7449799	59663	3
013	50	Response	53	7455719	65584	1
013	50	Sound	n12	7461635	71500	1			71500		other	0
013	50	Picture	3-112-1-3	7520454	130318	7	5166	7	130000	5000	hit	420
013	50	Response	61	7530679	140544	1
013	51	Response	53	7562279	21328	2
013	51	Sound	P1/tapping	7565951	25000	1			25000		other	0
013	51	Response	53	7567959	27008	1
013	51	Response	53	7573959	33008	2
013	51	Response	53	7579079	38128	1
013	51	Response	53	7585479	44528	2
013	51	Response	53	7590520	49568	2
013	51	Response	53	7595959	55008	1
013	51	Response	53	7600999	60047	2
013	51	Response	53	7607799	66847	2
013	51	Sound	test25	7612451	71500	1			71500		other	0
013	51	Picture	3-222-1-3	7671270	130318	7	5166	7	130000	5000	hit	433
013	51	Response	62	7677959	137008	1
013	52	Sound	P1/tapping	7716767	25000	1			25000		other	0
013	52	Response	53	7718999	27232	1
013	52	Response	53	7723639	31872	2
013	52	Response	53	7729079	37312	3
013	52	Response	53	7734119	42351	1
013	52	Response	53	7739479	47712	1
013	52	Response	53	7745079	53311	1
013	52	Response	53	7750279	58512	1
013	52	Response	53	7755959	64191	1
013	52	Sound	f20	7763267	71500	1			71500		other	0
013	52	Picture	3-112-1-3	7822085	130318	7	5166	7	130000	5000	hit	445
013	52	Response	61	7833159	141392	2
013	53	Sound	P0/none1	7867583	25000	1			25000		other	0
013	53	Sound	f12	7914083	71500	1			71500		other	0
013	53	Picture	3-111-1-3	7972901	130318	7	5166	7	130000	5000	incorrect	449
013	53	Response	52	7988118	145535	1
013	54	Sound	P0/none	8018399	25000	1			25000		other	0
013	54	Sound	test06	8064899	71500	1			71500		other	0
013	54	Picture	2-211-1-2	8123717	130318	7	5166	7	130000	5000	incorrect	453
013	54	Response	52	8138678	145279	1
013	55	Sound	P0/none	8169215	25000	1			25000		other	0
013	55	Sound	f06	8215715	71500	1			71500		other	0
013	55	Picture	2-121-1-2	8274533	130318	7	5166	7	130000	5000	incorrect	457
013	55	Response	51	8289158	144943	1
013	56	Sound	P0/none	8320031	25000	1			25000		other	0
013	56	Sound	n10	8366531	71500	1			71500		other	0
013	56	Picture	3-111-1-3	8425349	130318	7	5166	7	130000	5000	hit	461
013	56	Response	61	8434918	139887	1
013	57	Sound	P2/beat1	8470847	25000	1			25000		other	0
013	57	Sound	f13	8517347	71500	1			71500		other	0
013	57	Picture	2-123-1-2	8576165	130318	7	5166	7	130000	5000	hit	465
013	57	Response	62	8586039	140192	2
013	58	Sound	P2/beat	8621663	25000	1			25000		other	0
013	58	Sound	test22	8668162	71500	1			71500		other	0
013	58	Picture	2-213-2-2	8726981	130318	7	5166	7	130000	5000	hit	469
013	58	Response	61	8736999	140336	1
013	59	Sound	P2/beat	8772478	25000	1			25000		other	0
013	59	Sound	n09	8818978	71500	1			71500		other	0
013	59	Picture	3-223-1-3	8877797	130318	7	5166	7	130000	5000	hit	473
013	59	Response	62	8894678	147199	2
013	60	Sound	P2/beat	8923295	25000	1			25000		other	0
013	60	Sound	test19	8969795	71500	1			71500		other	0
013	60	Picture	2-213-1-2	9028613	130318	7	5166	7	130000	5000	incorrect	477
013	60	Response	52	9042198	143903	1


Event Type	Code	Type	Response	RT	RT Uncertainty	Time	Uncertainty	Duration	Uncertainty	ReqTime	ReqDur

Sound	P2/beat1	other				25160	1			25000
Sound	n05	other				71660	1			71500
Picture	3-113-1-3	incorrect	2	10445	7	130479	7	5166	7	130000	5000
Sound	P2/beat	other				175976	1			25000
Sound	f05	other				222476	1			71500
Picture	3-113-1-3	hit	1	10029	7	281294	7	5166	7	130000	5000
Sound	P2/beat	other				326792	1			25000
Sound	n01	other				373292	1			71500
Picture	3-223-1-3	hit	2	11294	8	432110	7	5166	7	130000	5000
Sound	P2/beat	other				477608	1			25000
Sound	test15	other				524107	1			71500
Picture	2-223-1-2	hit	2	11679	8	582926	7	5166	7	130000	5000
Sound	P1/tapping1	other				628423	1			25000
Sound	f08	other				674923	1			71500
Picture	3-122-2-3	hit	2	11502	9	733741	7	5166	7	130000	5000
Sound	P1/tapping	other				779239	1			25000
Sound	f01	other				825738	1			71500
Picture	2-122-1-2	hit	2	11966	7	884557	7	5166	7	130000	5000
Sound	P1/tapping	other				930055	1			25000
Sound	n03	other				976554	1			71500
Picture	3-122-1-3	hit	2	11791	8	1035373	7	5166	7	130000	5000
Sound	P1/tapping	other				1080870	1			25000
Sound	test18	other				1127370	1			71500
Picture	3-212-1-3	hit	1	12335	7	1186189	7	5166	7	130000	5000
Sound	P2/both1	other				1231686	1			25000
Sound	test13	other				1278186	1			71500
Picture	3-214-1-3	hit	1	12638	8	1337004	7	5166	7	130000	5000
Sound	P2/both	other				1382502	1			25000
Sound	test04	other				1429002	1			71500
Picture	2-224-1-2	hit	2	11663	7	1487820	7	5166	7	130000	5000
Sound	P2/both	other				1533318	1			25000
Sound	f15	other				1579818	1			71500
Picture	3-124-1-3	hit	2	9407	7	1638636	7	5166	7	130000	5000
Sound	P2/both	other				1684133	1			25000
Sound	f21	other				1730633	1			71500
Picture	3-124-1-3	hit	2	11311	8	1789452	7	5166	7	130000	5000
Sound	P0/none1	other				1834949	1			25000
Sound	n07	other				1881449	1			71500
Picture	2-221-1-2	hit	2	11615	8	1940267	7	5166	7	130000	5000
Sound	P0/none	other				1985765	1			25000
Sound	n04	other				2032265	1			71500
Picture	2-211-1-2	hit	1	12239	8	2091083	7	5166	7	130000	5000
Sound	P0/none	other				2136580	1			25000
Sound	f03	other				2183080	1			71500
Picture	2-111-1-2	hit	1	11263	8	2241899	7	5166	7	130000	5000
Sound	P0/none	other				2287396	1			25000
Sound	test05	other				2333896	1			71500
Picture	2-211-1-2	hit	1	10208	7	2392715	7	5166	7	130000	5000
Sound	P2/beat1	other				2438212	1			25000
Sound	test16	other				2484712	1			71500
Picture	3-213-1-3	hit	1	13632	8	2543530	7	5166	7	130000	5000
Sound	P2/beat	other				2589028	1			25000
Sound	f11	other				2635528	1			71500
Picture	3-113-1-3	hit	1	13936	7	2694346	7	5166	7	130000	5000
Sound	P2/beat	other				2739844	1			25000
Sound	test07	other				2786344	1			71500
Picture	2-223-1-2	hit	2	11360	9	2845162	7	5166	7	130000	5000
Sound	P2/beat	other				2890660	1			25000
Sound	f23	other				2937159	1			71500
Picture	2-113-1-2	hit	1	10224	7	2995978	7	5166	7	130000	5000
Sound	P0/none1	other				3041475	1			25000
Sound	test23	other				3087975	1			71500
Picture	2-221-2-2	hit	2	14928	7	3146794	7	5166	7	130000	5000
Sound	P0/none	other				3192291	1			25000
Sound	f24	other				3238791	1			71500
Picture	3-121-1-3	hit	2	12992	9	3297609	7	5166	7	130000	5000
Sound	P0/none	other				3343107	1			25000
Sound	n06	other				3389607	1			71500
Picture	3-211-1-3	hit	1	11537	7	3448425	7	5166	7	130000	5000
Sound	P0/none	other				3493923	1			25000
Sound	test24	other				3540423	1			71500
Picture	2-221-1-2	hit	2	16160	7	3599241	7	5166	7	130000	5000
Sound	P1/tapping1	other				3644738	1			25000
Sound	test02	other				3691238	1			71500
Picture	2-212-1-2	miss				3750057	7	5166	7	130000	5000
Sound	P1/tapping	other				3795554	1			25000
Sound	f14	other				3842054	1			71500
Picture	2-122-2-2	hit	2	12129	7	3900873	7	5166	7	130000	5000
Sound	P1/tapping	other				3946370	1			25000
Sound	f17	other				3992870	1			71500
Picture	3-122-1-3	hit	2	11953	7	4051688	7	5166	7	130000	5000
Sound	P1/tapping	other				4097186	1			25000
Sound	test17	other				4143682	40			71500
Picture	2-222-2-2	hit	2	10577	7	4202504	7	5166	7	130000	5000
Sound	P2/beat1	other				4248002	1			25000
Sound	f10	other				4294501	1			71500
Picture	2-123-1-2	incorrect	1	15601	8	4353320	7	5166	7	130000	5000
Sound	P2/beat	other				4398817	1			25000
Sound	test01	other				4445317	1			71500
Picture	2-223-1-2	hit	2	11185	8	4504136	7	5166	7	130000	5000
Sound	P2/beat	other				4549633	1			25000
Sound	test12	other				4596133	1			71500
Picture	2-213-1-2	incorrect	2	10689	7	4654952	7	5166	7	130000	5000
Sound	P2/beat	other				4700449	1			25000
Sound	test08	other				4746949	1			71500
Picture	2-223-1-2	hit	2	10353	7	4805768	7	5166	7	130000	5000
Sound	P2/both1	other				4851265	1			25000
Sound	f09	other				4897765	1			71500
Picture	3-114-1-3	hit	1	11137	7	4956583	7	5166	7	130000	5000
Sound	P2/both	other				5002081	1			25000
Sound	test03	other				5048581	1			71500
Picture	3-214-1-3	hit	1	10481	8	5107399	7	5166	7	130000	5000
Sound	P2/both	other				5152897	1			25000
Sound	f04	other				5199397	1			71500
Picture	3-114-1-3	hit	1	9745	8	5258215	7	5166	7	130000	5000
Sound	P2/both	other				5303713	1			25000
Sound	f18	other				5350213	1			71500
Picture	2-114-2-2	hit	1	8849	8	5409031	7	5166	7	130000	5000
Sound	P0/none1	other				5454528	1			25000
Sound	f19	other				5501024	1			71500
Picture	3-121-1-3	hit	2	12513	8	5559847	7	5166	7	130000	5000
Sound	P0/none	other				5605344	1			25000
Sound	test09	other				5651844	1			71500
Picture	2-211-1-2	incorrect	2	11457	7	5710663	7	5166	7	130000	5000
Sound	P0/none	other				5756160	1			25000
Sound	f02	other				5802660	1			71500
Picture	3-121-2-3	hit	2	13042	8	5861479	7	5166	7	130000	5000
Sound	P0/none	other				5906976	1			25000
Sound	n13	other				5953476	1			71500
Picture	2-221-1-2	hit	2	8465	8	6012295	7	5166	7	130000	5000
Sound	P1/tapping1	other				6057792	1			25000
Sound	f16	other				6104292	1			71500
Picture	3-112-1-3	incorrect	2	12769	8	6163110	7	5166	7	130000	5000
Sound	P1/tapping	other				6208608	1			25000
Sound	n14	other				6255108	1			71500
Picture	3-112-1-3	incorrect	2	12113	8	6313926	7	5166	7	130000	5000
Sound	P1/tapping	other				6359424	1			25000
Sound	f07	other				6405924	1			71500
Picture	2-112-1-2	incorrect	2	14418	8	6464742	7	5166	7	130000	5000
Sound	P1/tapping	other				6510240	1			25000
Sound	n11	other				6556739	1			71500
Picture	2-112-1-2	hit	1	19842	7	6615558	7	5166	7	130000	5000
Sound	P2/both1	other				6661056	1			25000
Sound	test10	other				6707556	1			71500
Picture	2-224-1-2	hit	2	7985	7	6766374	7	5166	7	130000	5000
Sound	P2/both	other				6811871	1			25000
Sound	test14	other				6858371	1			71500
Picture	3-224-1-3	hit	2	9409	8	6917190	7	5166	7	130000	5000
Sound	P2/both	other				6962688	1			25000
Sound	test21	other				7009187	1			71500
Picture	2-224-2-2	hit	2	10513	8	7068006	7	5166	7	130000	5000
Sound	P2/both	other				7113503	1			25000
Sound	test11	other				7160003	1			71500
Picture	3-224-1-3	hit	2	13537	8	7218822	7	5166	7	130000	5000
Sound	P1/tapping1	other				7264319	1			25000
Sound	f22	other				7310819	1			71500
Picture	3-112-1-3	incorrect	2	10961	7	7369638	7	5166	7	130000	5000
Sound	P1/tapping	other				7415135	1			25000
Sound	n12	other				7461635	1			71500
Picture	3-112-1-3	hit	1	10225	7	7520454	7	5166	7	130000	5000
Sound	P1/tapping	other				7565951	1			25000
Sound	test25	other				7612451	1			71500
Picture	3-222-1-3	hit	2	6689	7	7671270	7	5166	7	130000	5000
Sound	P1/tapping	other				7716767	1			25000
Sound	f20	other				7763267	1			71500
Picture	3-112-1-3	hit	1	11073	8	7822085	7	5166	7	130000	5000
Sound	P0/none1	other				7867583	1			25000
Sound	f12	other				7914083	1			71500
Picture	3-111-1-3	incorrect	2	15217	8	7972901	7	5166	7	130000	5000
Sound	P0/none	other				8018399	1			25000
Sound	test06	other				8064899	1			71500
Picture	2-211-1-2	incorrect	2	14961	7	8123717	7	5166	7	130000	5000
Sound	P0/none	other				8169215	1			25000
Sound	f06	other				8215715	1			71500
Picture	2-121-1-2	incorrect	1	14625	7	8274533	7	5166	7	130000	5000
Sound	P0/none	other				8320031	1			25000
Sound	n10	other				8366531	1			71500
Picture	3-111-1-3	hit	1	9569	7	8425349	7	5166	7	130000	5000
Sound	P2/beat1	other				8470847	1			25000
Sound	f13	other				8517347	1			71500
Picture	2-123-1-2	hit	2	9874	8	8576165	7	5166	7	130000	5000
Sound	P2/beat	other				8621663	1			25000
Sound	test22	other				8668162	1			71500
Picture	2-213-2-2	hit	1	10018	7	8726981	7	5166	7	130000	5000
Sound	P2/beat	other				8772478	1			25000
Sound	n09	other				8818978	1			71500
Picture	3-223-1-3	hit	2	16881	8	8877797	7	5166	7	130000	5000
Sound	P2/beat	other				8923295	1			25000
Sound	test19	other				8969795	1			71500
Picture	2-213-1-2	incorrect	2	13585	7	9028613	7	5166	7	130000	5000

The following output port codes were not sent because of a conflict on the port.
Port	Code	Time(ms)
1	53	501932


{
   "app": "Presentation Version 22.1 Build 01.21.21",
   "device": "Dell Inc. OptiPlex 7050",
   "experiment": "{C8E97CB4-6FCA-44FA-B866-4A2D94B6B85C}",
   "os": "Windows 10 64 bit",
   "package": "",
   "parameters": {
      "configuration": "Default configuration"
   },
   "scenario": "entrain_list1_sess2_EB.sce",
   "subject": "013",
   "timestamp": "2022/10/17 12:00:41 GMT"
}
