Scenario - test
Logfile written - 10/17/2022 15:09:52

Subject	Trial	Event Type	Code	Time	TTime	Uncertainty	Duration	Uncertainty	ReqTime	ReqDur	Stim Type	Pair Index

013	1	Sound	P0/none1	25160	24999	1			25000		other	0
013	1	Sound	f01	71661	71500	1			71500		other	0
013	1	Picture	2-111-1-2	130479	130318	7	5166	7	130000	5000	hit	4
013	1	Response	61	141891	141731	2
013	2	Sound	P0/none	175976	25000	1			25000		other	0
013	2	Sound	test01	222477	71500	1			71500		other	0
013	2	Picture	2-211-1-2	281295	130318	7	5166	7	130000	5000	hit	8
013	2	Response	61	293251	142274	1
013	3	Sound	P0/none	326792	25000	1			25000		other	0
013	3	Sound	test22	373292	71500	1			71500		other	0
013	3	Picture	3-211-1-3	432111	130319	7	5166	7	130000	5000	hit	12
013	3	Response	61	443971	142178	1
013	4	Sound	P0/none	477609	25000	1			25000		other	0
013	4	Sound	f07	524109	71500	1			71500		other	0
013	4	Picture	2-121-1-2	582927	130318	7	5166	7	130000	5000	hit	16
013	4	Response	62	601491	148882	1
013	5	Sound	P2/beat1	628425	25000	1			25000		other	0
013	5	Sound	f03	674924	71500	1			71500		other	0
013	5	Picture	2-123-1-2	733743	130318	7	5166	7	130000	5000	hit	20
013	5	Response	62	746451	143026	1
013	6	Sound	P2/beat	779240	25000	1			25000		other	0
013	6	Sound	n12	825741	71500	1			71500		other	0
013	6	Picture	3-123-1-3	884559	130318	7	5166	7	130000	5000	hit	24
013	6	Response	62	897251	143010	2
013	7	Sound	P2/beat	930057	25000	1			25000		other	0
013	7	Sound	test10	976557	71500	1			71500		other	0
013	7	Picture	2-213-1-2	1035375	130318	7	5166	7	130000	5000	incorrect	28
013	7	Response	52	1049170	144113	1
013	8	Sound	P2/beat	1080873	25000	1			25000		other	0
013	8	Sound	f17	1127373	71500	1			71500		other	0
013	8	Picture	3-113-1-3	1186191	130318	7	5166	7	130000	5000	hit	32
013	8	Response	61	1199650	143778	1
013	9	Sound	P0/none1	1231688	25000	1			25000		other	0
013	9	Sound	f09	1278189	71500	1			71500		other	0
013	9	Picture	2-111-1-2	1337007	130319	7	5166	7	130000	5000	hit	36
013	9	Response	61	1349170	142482	1
013	10	Sound	P0/none	1382505	25000	1			25000		other	0
013	10	Sound	test02	1429005	71500	1			71500		other	0
013	10	Picture	2-221-1-2	1487823	130318	7	5166	7	130000	5000	hit	40
013	10	Response	62	1502770	145265	2
013	10	Response	52	1507811	150306	2
013	11	Sound	P0/none	1533321	25000	1			25000		other	0
013	11	Sound	f20	1579821	71500	1			71500		other	0
013	11	Picture	3-121-1-3	1638639	130318	7	5166	7	130000	5000	hit	45
013	11	Response	62	1653970	145649	1
013	12	Sound	P0/none	1684137	25000	1			25000		other	0
013	12	Sound	test21	1730637	71500	1			71500		other	0
013	12	Picture	3-221-1-3	1789455	130318	7	5166	7	130000	5000	miss	0
013	13	Sound	P1/tapping1	1834953	25000	1			25000		other	0
013	13	Response	53	1836690	26737	1
013	13	Response	53	1841970	32017	1
013	13	Response	53	1847650	37697	2
013	13	Response	53	1855090	45137	1
013	13	Response	53	1862050	52097	1
013	13	Response	53	1867090	57137	1
013	13	Response	53	1872290	62337	1
013	13	Response	53	1877490	67537	2
013	13	Sound	test04	1881453	71500	1			71500		other	0
013	13	Picture	2-212-1-2	1940271	130318	7	5166	7	130000	5000	miss	0
013	14	Sound	P1/tapping	1985769	25000	1			25000		other	0
013	14	Response	53	2000130	39361	1
013	14	Response	53	2005890	45121	1
013	14	Response	53	2011411	50642	2
013	14	Response	53	2016770	56001	1
013	14	Response	53	2022370	61601	1
013	14	Response	53	2026770	66001	1
013	14	Response	53	2031650	70881	1
013	14	Sound	test23	2032269	71500	1			71500		other	0
013	14	Picture	3-222-1-3	2091087	130319	7	5166	7	130000	5000	miss	0
013	15	Response	52	2113970	2385	1
013	15	Sound	P1/tapping	2136585	25000	1			25000		other	0
013	15	Response	53	2139650	28065	1
013	15	Response	53	2144450	32865	2
013	15	Response	53	2153890	42305	2
013	15	Response	53	2159170	47585	1
013	15	Response	53	2164370	52785	1
013	15	Response	53	2169810	58225	2
013	15	Response	53	2175090	63505	1
013	15	Sound	test06	2183085	71500	1			71500		other	0
013	15	Picture	2-222-1-2	2241903	130318	7	5166	7	130000	5000	hit	81
013	15	Response	62	2251650	140065	2
013	16	Sound	P1/tapping	2287401	25000	1			25000		other	0
013	16	Response	53	2288850	26449	1
013	16	Response	53	2293969	31569	2
013	16	Response	53	2299329	36928	3
013	16	Response	53	2304690	42289	2
013	16	Response	53	2310610	48209	1
013	16	Response	53	2316449	54049	2
013	16	Response	53	2322130	59729	1
013	16	Response	53	2327089	64688	1
013	16	Sound	test07	2333901	71500	1			71500		other	0
013	16	Picture	2-212-1-2	2392719	130318	7	5166	7	130000	5000	incorrect	93
013	16	Response	52	2406210	143809	1
013	17	Response	53	2436370	23153	2
013	17	Sound	P2/both1	2438217	25000	1			25000		other	0
013	17	Response	53	2441649	28432	2
013	17	Response	53	2447409	34193	2
013	17	Response	53	2453409	40192	1
013	17	Response	53	2459969	46752	1
013	17	Response	53	2466049	52832	2
013	17	Response	53	2473089	59872	1
013	17	Response	53	2478609	65392	1
013	17	Sound	n01	2484717	71500	1			71500		other	0
013	17	Picture	3-214-1-3	2543535	130319	7	5166	7	130000	5000	hit	105
013	17	Response	61	2554609	141392	2
013	18	Sound	P2/both	2589033	25000	1			25000		other	0
013	18	Response	53	2593329	29296	1
013	18	Response	53	2596769	32736	1
013	18	Response	53	2601329	37297	1
013	18	Response	53	2606530	42497	1
013	18	Response	53	2612769	48736	2
013	18	Response	53	2619090	55057	1
013	18	Response	53	2624609	60576	1
013	18	Response	53	2630209	66176	2
013	18	Sound	f22	2635533	71500	1			71500		other	0
013	18	Picture	3-124-1-3	2694351	130318	7	5166	7	130000	5000	hit	117
013	18	Response	62	2707889	143856	1
013	19	Sound	P2/both	2739849	25000	1			25000		other	0
013	19	Response	53	2745169	30320	2
013	19	Response	53	2751009	36160	2
013	19	Response	53	2756609	41760	1
013	19	Response	53	2763489	48640	1
013	19	Response	53	2769329	54480	1
013	19	Response	53	2774769	59920	1
013	19	Response	53	2779649	64800	1
013	19	Sound	f19	2786349	71500	1			71500		other	0
013	19	Picture	3-114-1-3	2845167	130319	7	5166	7	130000	5000	hit	128
013	19	Response	61	2857249	142400	1
013	20	Sound	P2/both	2890665	25000	1			25000		other	0
013	20	Response	53	2892289	26624	1
013	20	Response	53	2897649	31984	2
013	20	Response	53	2902049	36384	2
013	20	Response	53	2908289	42624	2
013	20	Response	53	2914289	48624	1
013	20	Response	53	2920769	55104	1
013	20	Response	53	2926050	60385	2
013	20	Response	53	2931569	65904	1
013	20	Sound	test16	2937165	71500	1			71500		other	0
013	20	Picture	3-224-1-3	2995984	130318	7	5166	7	130000	5000	miss	0
013	21	Response	52	3016689	208	1
013	21	Sound	P1/tapping1	3041481	25000	1			25000		other	0
013	21	Response	53	3042209	25728	1
013	21	Response	53	3046369	29888	1
013	21	Response	53	3051729	35248	2
013	21	Response	53	3058209	41728	1
013	21	Response	53	3064289	47808	1
013	21	Response	53	3069331	52850	3
013	21	Response	53	3075249	58768	2
013	21	Response	53	3080929	64448	1
013	21	Sound	test05	3087981	71500	1			71500		other	0
013	21	Picture	2-222-1-2	3146800	130318	7	5166	7	130000	5000	hit	152
013	21	Response	62	3159569	143088	2
013	22	Sound	P1/tapping	3192297	25000	1			25000		other	0
013	22	Response	53	3200209	32912	1
013	22	Response	53	3205489	38192	1
013	22	Response	53	3210929	43632	1
013	22	Response	53	3216289	48992	1
013	22	Response	53	3221409	54112	2
013	22	Response	53	3226769	59472	2
013	22	Response	53	3232129	64832	1
013	22	Response	53	3236929	69632	2
013	22	Sound	test08	3238797	71500	1			71500		other	0
013	22	Picture	2-212-1-2	3297615	130318	7	5166	7	130000	5000	incorrect	164
013	22	Response	52	3309649	142352	2
013	23	Sound	P1/tapping	3343113	25000	1			25000		other	0
013	23	Response	53	3344849	26736	1
013	23	Response	53	3349329	31216	2
013	23	Response	53	3354769	36656	1
013	23	Response	53	3360769	42656	2
013	23	Response	53	3366209	48096	1
013	23	Response	53	3371570	53457	3
013	23	Response	53	3376770	58657	1
013	23	Response	53	3381809	63696	1
013	23	Sound	test14	3389611	71498	1			71500		other	0
013	23	Picture	3-212-1-3	3448431	130318	7	5166	7	130000	5000	hit	176
013	23	Response	61	3461169	143056	2
013	24	Response	53	3492049	23120	2
013	24	Sound	P1/tapping	3493929	25000	1			25000		other	0
013	24	Response	53	3497809	28880	2
013	24	Response	53	3503409	34480	3
013	24	Response	53	3509169	40240	1
013	24	Response	53	3514289	45360	1
013	24	Response	53	3520289	51359	1
013	24	Response	53	3525409	56480	1
013	24	Response	53	3530209	61279	1
013	24	Sound	test19	3540429	71500	1			71500		other	0
013	24	Picture	3-212-1-3	3599247	130318	7	5166	7	130000	5000	hit	188
013	24	Response	61	3615009	146080	2
013	25	Sound	P2/beat1	3644745	25000	1			25000		other	0
013	25	Sound	f15	3691245	71500	1			71500		other	0
013	25	Picture	3-113-1-3	3750064	130318	7	5166	7	130000	5000	hit	192
013	25	Response	61	3759089	139343	2
013	26	Sound	P2/beat	3795561	25000	1			25000		other	0
013	26	Sound	f16	3842061	71500	1			71500		other	0
013	26	Picture	3-123-1-3	3900880	130318	7	5166	7	130000	5000	hit	196
013	26	Response	62	3911889	141327	1
013	27	Sound	P2/beat	3946377	25000	1			25000		other	0
013	27	Sound	f18	3992877	71500	1			71500		other	0
013	27	Picture	3-113-1-3	4051696	130318	7	5166	7	130000	5000	hit	200
013	27	Response	61	4063329	141951	1
013	28	Sound	P2/beat	4097193	25000	1			25000		other	0
013	28	Sound	test18	4143693	71500	1			71500		other	0
013	28	Picture	3-223-1-3	4202512	130318	7	5166	7	130000	5000	hit	204
013	28	Response	62	4216528	144335	1
013	29	Sound	P2/both1	4248009	25000	1			25000		other	0
013	29	Response	53	4252930	29920	3
013	29	Response	53	4255888	32879	1
013	29	Response	53	4260448	37439	2
013	29	Response	53	4265648	42639	2
013	29	Response	53	4271168	48159	2
013	29	Response	53	4277888	54879	2
013	29	Response	53	4284448	61439	2
013	29	Response	53	4290048	67039	2
013	29	Sound	f10	4294509	71500	1			71500		other	0
013	29	Picture	2-114-1-2	4353328	130318	7	5166	7	130000	5000	hit	216
013	29	Response	61	4365008	141999	1
013	30	Sound	P2/both	4398825	25000	1			25000		other	0
013	30	Response	53	4401088	27263	1
013	30	Response	53	4405408	31583	2
013	30	Response	53	4411328	37503	1
013	30	Response	53	4417328	43503	2
013	30	Response	53	4423088	49263	2
013	30	Response	53	4429408	55583	1
013	30	Response	53	4434769	60943	2
013	30	Response	53	4440608	66783	1
013	30	Sound	f12	4445325	71500	1			71500		other	0
013	30	Picture	2-114-1-2	4504144	130318	7	5166	7	130000	5000	hit	228
013	30	Response	61	4515648	141822	2
013	31	Sound	P2/both	4549641	25000	1			25000		other	0
013	31	Response	53	4552208	27567	1
013	31	Response	53	4556689	32047	2
013	31	Response	53	4561488	36847	1
013	31	Response	53	4566928	42287	1
013	31	Response	53	4572208	47567	1
013	31	Response	53	4578928	54287	1
013	31	Response	53	4584848	60207	2
013	31	Response	53	4590288	65647	1
013	31	Sound	n05	4596141	71500	1			71500		other	0
013	31	Picture	3-124-1-3	4654960	130318	7	5166	7	130000	5000	hit	240
013	31	Response	62	4666608	141967	2
013	32	Sound	P2/both	4700457	25000	1			25000		other	0
013	32	Response	53	4706848	31390	2
013	32	Response	53	4712368	36910	3
013	32	Response	53	4718368	42910	1
013	32	Response	53	4724768	49310	1
013	32	Response	53	4729968	54510	1
013	32	Response	53	4735968	60510	2
013	32	Response	53	4742048	66590	2
013	32	Sound	f13	4746957	71500	1			71500		other	0
013	32	Picture	3-124-1-3	4805776	130318	7	5166	7	130000	5000	hit	251
013	32	Response	62	4823008	147550	1
013	33	Sound	P0/none1	4851273	25000	1			25000		other	0
013	33	Sound	n09	4897773	71500	1			71500		other	0
013	33	Picture	3-211-1-3	4956592	130318	7	5166	7	130000	5000	hit	255
013	33	Response	61	4966768	140495	2
013	34	Sound	P0/none	5002089	25000	1			25000		other	0
013	34	Sound	test13	5048590	71500	1			71500		other	0
013	34	Picture	3-221-1-3	5107408	130318	7	5166	7	130000	5000	incorrect	259
013	34	Response	51	5116128	139038	1
013	35	Sound	P0/none	5152906	25000	1			25000		other	0
013	35	Sound	f11	5199406	71500	1			71500		other	0
013	35	Picture	2-111-1-2	5258224	130318	7	5166	7	130000	5000	incorrect	263
013	35	Response	52	5272528	144622	1
013	36	Sound	P0/none	5303721	25000	1			25000		other	0
013	36	Sound	test17	5350221	71500	1			71500		other	0
013	36	Picture	2-211-2-2	5409040	130318	7	5166	7	130000	5000	hit	267
013	36	Response	61	5422127	143405	2
013	37	Sound	P2/both1	5454538	25000	1			25000		other	0
013	37	Response	53	5456447	26910	1
013	37	Response	53	5461007	31470	2
013	37	Response	53	5466847	37309	2
013	37	Response	53	5472607	43070	2
013	37	Response	53	5478527	48990	1
013	37	Response	53	5484527	54990	1
013	37	Response	53	5490447	60909	1
013	37	Response	53	5496367	66829	1
013	37	Sound	f06	5501038	71500	1			71500		other	0
013	37	Picture	2-114-1-2	5559856	130318	7	5166	7	130000	5000	hit	279
013	37	Response	61	5571008	141470	2
013	38	Response	53	5605008	24654	2
013	38	Sound	P2/both	5605354	25000	1			25000		other	0
013	38	Response	53	5610927	30573	2
013	38	Response	53	5616687	36334	2
013	38	Response	53	5623487	43134	2
013	38	Response	53	5629087	48733	3
013	38	Response	53	5635328	54974	2
013	38	Response	53	5640288	59934	2
013	38	Response	53	5646447	66093	2
013	38	Sound	f24	5651853	71500	1			71500		other	0
013	38	Picture	3-114-1-3	5710672	130318	7	5166	7	130000	5000	hit	291
013	38	Response	61	5720288	139934	2
013	39	Sound	P2/both	5756170	25000	1			25000		other	0
013	39	Response	53	5758127	26957	2
013	39	Response	53	5762767	31597	1
013	39	Response	53	5768207	37037	2
013	39	Response	53	5773407	42237	1
013	39	Response	53	5778767	47597	1
013	39	Response	53	5785327	54157	2
013	39	Response	53	5791488	60318	1
013	39	Response	53	5797247	66077	1
013	39	Sound	f08	5802670	71500	1			71500		other	0
013	39	Picture	2-114-1-2	5861488	130318	7	5166	7	130000	5000	hit	303
013	39	Response	61	5873247	142077	1
013	40	Sound	P2/both	5906986	25000	1			25000		other	0
013	40	Response	53	5908767	26781	1
013	40	Response	53	5914047	32061	1
013	40	Response	53	5918607	36621	1
013	40	Response	53	5925007	43021	1
013	40	Response	53	5931007	49021	1
013	40	Response	53	5936607	54621	1
013	40	Response	53	5942768	60782	2
013	40	Response	53	5948767	66781	1
013	40	Sound	n04	5953486	71500	1			71500		other	0
013	40	Picture	2-224-1-2	6012304	130318	7	5166	7	130000	5000	hit	315
013	40	Response	62	6024047	142061	1
013	41	Sound	P2/beat1	6057802	25000	1			25000		other	0
013	41	Sound	test09	6104302	71500	1			71500		other	0
013	41	Picture	2-223-1-2	6163120	130318	7	5166	7	130000	5000	hit	319
013	41	Response	62	6175967	143165	1
013	42	Sound	P2/beat	6208618	25000	1			25000		other	0
013	42	Sound	test03	6255118	71500	1			71500		other	0
013	42	Picture	2-213-1-2	6313936	130318	7	5166	7	130000	5000	incorrect	323
013	42	Response	52	6323407	139789	1
013	43	Sound	P2/beat	6359434	25000	1			25000		other	0
013	43	Sound	n10	6405934	71500	1			71500		other	0
013	43	Picture	3-123-1-3	6464753	130318	7	5166	7	130000	5000	hit	327
013	43	Response	62	6476447	142013	2
013	44	Sound	P2/beat	6510250	25000	1			25000		other	0
013	44	Sound	test24	6556750	71500	1			71500		other	0
013	44	Picture	3-223-1-3	6615569	130318	7	5166	7	130000	5000	hit	331
013	44	Response	62	6624527	139276	2
013	45	Sound	P1/tapping1	6661066	25000	1			25000		other	0
013	45	Response	53	6661327	25260	1
013	45	Response	53	6666687	30621	1
013	45	Response	53	6672128	36062	3
013	45	Response	53	6677887	41820	1
013	45	Response	53	6682846	46780	1
013	45	Response	53	6688126	52060	1
013	45	Response	53	6693326	57260	1
013	45	Response	53	6698207	62141	3
013	45	Sound	f05	6707566	71500	1			71500		other	0
013	45	Picture	2-112-1-2	6766385	130318	7	5166	7	130000	5000	incorrect	343
013	45	Response	52	6778207	142140	1
013	46	Sound	P1/tapping	6811882	25000	1			25000		other	0
013	46	Response	53	6814367	27484	1
013	46	Response	53	6819406	32524	1
013	46	Response	53	6824446	37564	2
013	46	Response	53	6829087	42204	2
013	46	Response	53	6834047	47164	2
013	46	Response	53	6839647	52764	1
013	46	Response	53	6845086	58204	1
013	46	Response	53	6850287	63404	1
013	46	Sound	f04	6858382	71500	1			71500		other	0
013	46	Picture	2-122-1-2	6917201	130318	7	5166	7	130000	5000	hit	355
013	46	Response	62	6926526	139644	2
013	47	Sound	P1/tapping	6962698	25000	1			25000		other	0
013	47	Response	53	6964286	26588	1
013	47	Response	53	6969086	31388	1
013	47	Response	53	6974206	36508	1
013	47	Response	53	6979166	41468	1
013	47	Response	53	6985246	47548	2
013	47	Response	53	6990286	52588	1
013	47	Response	53	6995646	57948	1
013	47	Response	53	7000527	62828	1
013	47	Sound	n13	7009198	71500	1			71500		other	0
013	47	Picture	3-222-1-3	7068017	130318	7	5166	7	130000	5000	hit	367
013	47	Response	62	7080286	142588	1
013	48	Sound	P1/tapping	7113514	25000	1			25000		other	0
013	48	Response	53	7120286	31772	2
013	48	Response	53	7125726	37212	2
013	48	Response	53	7131246	42732	1
013	48	Response	53	7136606	48092	1
013	48	Response	53	7142286	53772	1
013	48	Response	53	7147966	59452	1
013	48	Response	53	7153326	64812	2
013	48	Response	53	7159566	71052	1
013	48	Sound	f21	7160014	71500	1			71500		other	0
013	48	Picture	3-112-1-3	7218833	130318	7	5166	7	130000	5000	hit	379
013	48	Response	61	7233246	144732	1
013	49	Sound	P0/none1	7264330	25000	1			25000		other	0
013	49	Sound	test25	7310831	71500	1			71500		other	0
013	49	Picture	3-211-1-3	7369649	130318	7	5166	7	130000	5000	hit	383
013	49	Response	61	7378847	139516	2
013	50	Sound	P0/none	7415146	25000	1			25000		other	0
013	50	Sound	test12	7461646	71500	1			71500		other	0
013	50	Picture	2-221-1-2	7520465	130319	7	5166	7	130000	5000	hit	387
013	50	Response	62	7531247	141100	2
013	51	Sound	P0/none	7565963	25000	1			25000		other	0
013	51	Sound	n03	7612463	71500	1			71500		other	0
013	51	Picture	2-111-1-2	7671281	130318	7	5166	7	130000	5000	hit	391
013	51	Response	61	7679246	138283	2
013	52	Sound	P0/none	7716779	25000	1			25000		other	0
013	52	Sound	f23	7763279	71500	1			71500		other	0
013	52	Picture	2-121-1-2	7822097	130319	7	5166	7	130000	5000	hit	395
013	52	Response	62	7830206	138427	1
013	53	Response	53	7860286	17691	1
013	53	Sound	P1/tapping1	7867595	25000	1			25000		other	0
013	53	Response	53	7868606	26011	1
013	53	Response	53	7874206	31611	2
013	53	Response	53	7879806	37211	2
013	53	Response	53	7884366	41772	2
013	53	Response	53	7890606	48011	1
013	53	Response	53	7895966	53371	2
013	53	Response	53	7901486	58891	2
013	53	Response	53	7907006	64411	2
013	53	Response	53	7913245	70650	1
013	53	Sound	f02	7914095	71500	1			71500		other	0
013	53	Picture	2-122-1-2	7972913	130318	7	5166	7	130000	5000	hit	409
013	53	Response	62	7983486	140891	2
013	54	Sound	P1/tapping	8018411	25000	1			25000		other	0
013	54	Response	53	8020286	26875	2
013	54	Response	53	8025645	32234	1
013	54	Response	53	8030926	37515	2
013	54	Response	53	8036366	42955	2
013	54	Response	53	8041966	48555	1
013	54	Response	53	8047406	53995	1
013	54	Response	53	8053006	59595	1
013	54	Response	53	8058126	64715	1
013	54	Sound	test15	8064911	71500	1			71500		other	0
013	54	Picture	3-222-1-3	8123729	130318	7	5166	7	130000	5000	hit	421
013	54	Response	62	8134126	140715	2
013	55	Sound	P1/tapping	8169227	25000	1			25000		other	0
013	55	Response	53	8172205	27978	2
013	55	Response	53	8177726	33499	1
013	55	Response	53	8183326	39098	1
013	55	Response	53	8189326	45098	1
013	55	Response	53	8194686	50458	1
013	55	Response	53	8200046	55819	2
013	55	Response	53	8204846	60618	2
013	55	Response	53	8210285	66058	1
013	55	Sound	test11	8215727	71500	1			71500		other	0
013	55	Picture	2-212-1-2	8274545	130318	7	5166	7	130000	5000	hit	433
013	55	Response	61	8287886	143658	1
013	56	Response	53	8317886	22843	1
013	56	Sound	P1/tapping	8320043	25000	1			25000		other	0
013	56	Response	53	8327725	32682	1
013	56	Response	53	8333246	38202	2
013	56	Response	53	8338446	43402	2
013	56	Response	53	8344046	49003	1
013	56	Response	53	8350285	55242	1
013	56	Response	53	8355725	60682	1
013	56	Response	53	8360685	65642	1
013	56	Sound	n06	8366543	71500	1			71500		other	0
013	56	Picture	3-222-1-3	8425362	130318	7	5166	7	130000	5000	incorrect	445
013	56	Response	53	8429326	134283	1
013	56	Response	53	8435645	140602	1
013	56	Response	51	8442525	147482	1
013	57	Sound	P2/both1	8470859	25000	1			25000		other	0
013	57	Response	53	8472445	26586	1
013	57	Response	53	8479326	33466	1
013	57	Response	53	8483966	38107	3
013	57	Response	53	8488925	43066	3
013	57	Response	53	8494605	48746	1
013	57	Response	53	8500205	54346	1
013	57	Response	53	8506685	60826	2
013	57	Response	53	8512285	66426	1
013	57	Sound	n11	8517359	71500	1			71500		other	0
013	57	Picture	2-124-1-2	8576178	130318	7	5166	7	130000	5000	hit	459
013	57	Response	62	8585565	139706	2
013	58	Sound	P2/both	8621675	25000	1			25000		other	0
013	58	Response	53	8624285	27610	1
013	58	Response	53	8628685	32010	2
013	58	Response	53	8633725	37050	1
013	58	Response	53	8639085	42410	1
013	58	Response	53	8645405	48730	2
013	58	Response	53	8651965	55290	2
013	58	Response	53	8657406	60730	2
013	58	Response	53	8664285	67610	2
013	58	Sound	n14	8668175	71500	1			71500		other	0
013	58	Picture	3-124-1-3	8726994	130318	7	5166	7	130000	5000	hit	471
013	58	Response	62	8739886	143210	2
013	59	Sound	P2/both	8772491	25000	1			25000		other	0
013	59	Response	53	8774285	26794	1
013	59	Response	53	8779405	31914	2
013	59	Response	53	8785326	37834	2
013	59	Response	53	8791085	43594	1
013	59	Response	53	8797245	49754	1
013	59	Response	53	8803725	56234	1
013	59	Response	53	8809165	61674	2
013	59	Response	53	8814285	66794	2
013	59	Sound	f14	8818991	71500	1			71500		other	0
013	59	Picture	3-124-1-3	8877810	130318	7	5166	7	130000	5000	hit	483
013	59	Response	62	8888285	140794	2
013	60	Sound	P2/both	8923307	25000	1			25000		other	0
013	60	Response	53	8935165	36858	2
013	60	Response	53	8938445	40138	2
013	60	Response	53	8943165	44858	2
013	60	Response	53	8947485	49177	2
013	60	Response	53	8953325	55018	2
013	60	Response	53	8959885	61578	1
013	60	Response	53	8965085	66778	2
013	60	Sound	n07	8969807	71500	1			71500		other	0
013	60	Picture	2-214-1-2	9028626	130319	7	5166	7	130000	5000	hit	494
013	60	Response	61	9043965	145658	1


Event Type	Code	Type	Response	RT	RT Uncertainty	Time	Uncertainty	Duration	Uncertainty	ReqTime	ReqDur

Sound	P0/none1	other				25160	1			25000
Sound	f01	other				71661	1			71500
Picture	2-111-1-2	hit	1	11412	8	130479	7	5166	7	130000	5000
Sound	P0/none	other				175976	1			25000
Sound	test01	other				222477	1			71500
Picture	2-211-1-2	hit	1	11956	7	281295	7	5166	7	130000	5000
Sound	P0/none	other				326792	1			25000
Sound	test22	other				373292	1			71500
Picture	3-211-1-3	hit	1	11860	7	432111	7	5166	7	130000	5000
Sound	P0/none	other				477609	1			25000
Sound	f07	other				524109	1			71500
Picture	2-121-1-2	hit	2	18564	7	582927	7	5166	7	130000	5000
Sound	P2/beat1	other				628425	1			25000
Sound	f03	other				674924	1			71500
Picture	2-123-1-2	hit	2	12708	7	733743	7	5166	7	130000	5000
Sound	P2/beat	other				779240	1			25000
Sound	n12	other				825741	1			71500
Picture	3-123-1-3	hit	2	12691	8	884559	7	5166	7	130000	5000
Sound	P2/beat	other				930057	1			25000
Sound	test10	other				976557	1			71500
Picture	2-213-1-2	incorrect	2	13795	7	1035375	7	5166	7	130000	5000
Sound	P2/beat	other				1080873	1			25000
Sound	f17	other				1127373	1			71500
Picture	3-113-1-3	hit	1	13459	7	1186191	7	5166	7	130000	5000
Sound	P0/none1	other				1231688	1			25000
Sound	f09	other				1278189	1			71500
Picture	2-111-1-2	hit	1	12163	7	1337007	7	5166	7	130000	5000
Sound	P0/none	other				1382505	1			25000
Sound	test02	other				1429005	1			71500
Picture	2-221-1-2	hit	2	14947	8	1487823	7	5166	7	130000	5000
Sound	P0/none	other				1533321	1			25000
Sound	f20	other				1579821	1			71500
Picture	3-121-1-3	hit	2	15330	7	1638639	7	5166	7	130000	5000
Sound	P0/none	other				1684137	1			25000
Sound	test21	other				1730637	1			71500
Picture	3-221-1-3	miss				1789455	7	5166	7	130000	5000
Sound	P1/tapping1	other				1834953	1			25000
Sound	test04	other				1881453	1			71500
Picture	2-212-1-2	miss				1940271	7	5166	7	130000	5000
Sound	P1/tapping	other				1985769	1			25000
Sound	test23	other				2032269	1			71500
Picture	3-222-1-3	miss				2091087	7	5166	7	130000	5000
Sound	P1/tapping	other				2136585	1			25000
Sound	test06	other				2183085	1			71500
Picture	2-222-1-2	hit	2	9746	8	2241903	7	5166	7	130000	5000
Sound	P1/tapping	other				2287401	1			25000
Sound	test07	other				2333901	1			71500
Picture	2-212-1-2	incorrect	2	13490	7	2392719	7	5166	7	130000	5000
Sound	P2/both1	other				2438217	1			25000
Sound	n01	other				2484717	1			71500
Picture	3-214-1-3	hit	1	11074	8	2543535	7	5166	7	130000	5000
Sound	P2/both	other				2589033	1			25000
Sound	f22	other				2635533	1			71500
Picture	3-124-1-3	hit	2	13538	8	2694351	7	5166	7	130000	5000
Sound	P2/both	other				2739849	1			25000
Sound	f19	other				2786349	1			71500
Picture	3-114-1-3	hit	1	12082	7	2845167	7	5166	7	130000	5000
Sound	P2/both	other				2890665	1			25000
Sound	test16	other				2937165	1			71500
Picture	3-224-1-3	miss				2995984	7	5166	7	130000	5000
Sound	P1/tapping1	other				3041481	1			25000
Sound	test05	other				3087981	1			71500
Picture	2-222-1-2	hit	2	12769	8	3146800	7	5166	7	130000	5000
Sound	P1/tapping	other				3192297	1			25000
Sound	test08	other				3238797	1			71500
Picture	2-212-1-2	incorrect	2	12033	8	3297615	7	5166	7	130000	5000
Sound	P1/tapping	other				3343113	1			25000
Sound	test14	other				3389611	1			71500
Picture	3-212-1-3	hit	1	12737	8	3448431	7	5166	7	130000	5000
Sound	P1/tapping	other				3493929	1			25000
Sound	test19	other				3540429	1			71500
Picture	3-212-1-3	hit	1	15761	8	3599247	7	5166	7	130000	5000
Sound	P2/beat1	other				3644745	1			25000
Sound	f15	other				3691245	1			71500
Picture	3-113-1-3	hit	1	9025	8	3750064	7	5166	7	130000	5000
Sound	P2/beat	other				3795561	1			25000
Sound	f16	other				3842061	1			71500
Picture	3-123-1-3	hit	2	11009	7	3900880	7	5166	7	130000	5000
Sound	P2/beat	other				3946377	1			25000
Sound	f18	other				3992877	1			71500
Picture	3-113-1-3	hit	1	11633	7	4051696	7	5166	7	130000	5000
Sound	P2/beat	other				4097193	1			25000
Sound	test18	other				4143693	1			71500
Picture	3-223-1-3	hit	2	14017	7	4202512	7	5166	7	130000	5000
Sound	P2/both1	other				4248009	1			25000
Sound	f10	other				4294509	1			71500
Picture	2-114-1-2	hit	1	11680	7	4353328	7	5166	7	130000	5000
Sound	P2/both	other				4398825	1			25000
Sound	f12	other				4445325	1			71500
Picture	2-114-1-2	hit	1	11504	8	4504144	7	5166	7	130000	5000
Sound	P2/both	other				4549641	1			25000
Sound	n05	other				4596141	1			71500
Picture	3-124-1-3	hit	2	11648	8	4654960	7	5166	7	130000	5000
Sound	P2/both	other				4700457	1			25000
Sound	f13	other				4746957	1			71500
Picture	3-124-1-3	hit	2	17232	8	4805776	7	5166	7	130000	5000
Sound	P0/none1	other				4851273	1			25000
Sound	n09	other				4897773	1			71500
Picture	3-211-1-3	hit	1	10177	8	4956592	7	5166	7	130000	5000
Sound	P0/none	other				5002089	1			25000
Sound	test13	other				5048590	1			71500
Picture	3-221-1-3	incorrect	1	8720	7	5107408	7	5166	7	130000	5000
Sound	P0/none	other				5152906	1			25000
Sound	f11	other				5199406	1			71500
Picture	2-111-1-2	incorrect	2	14304	7	5258224	7	5166	7	130000	5000
Sound	P0/none	other				5303721	1			25000
Sound	test17	other				5350221	1			71500
Picture	2-211-2-2	hit	1	13087	8	5409040	7	5166	7	130000	5000
Sound	P2/both1	other				5454538	1			25000
Sound	f06	other				5501038	1			71500
Picture	2-114-1-2	hit	1	11152	8	5559856	7	5166	7	130000	5000
Sound	P2/both	other				5605354	1			25000
Sound	f24	other				5651853	1			71500
Picture	3-114-1-3	hit	1	9615	8	5710672	7	5166	7	130000	5000
Sound	P2/both	other				5756170	1			25000
Sound	f08	other				5802670	1			71500
Picture	2-114-1-2	hit	1	11759	8	5861488	7	5166	7	130000	5000
Sound	P2/both	other				5906986	1			25000
Sound	n04	other				5953486	1			71500
Picture	2-224-1-2	hit	2	11743	7	6012304	7	5166	7	130000	5000
Sound	P2/beat1	other				6057802	1			25000
Sound	test09	other				6104302	1			71500
Picture	2-223-1-2	hit	2	12847	8	6163120	7	5166	7	130000	5000
Sound	P2/beat	other				6208618	1			25000
Sound	test03	other				6255118	1			71500
Picture	2-213-1-2	incorrect	2	9470	7	6313936	7	5166	7	130000	5000
Sound	P2/beat	other				6359434	1			25000
Sound	n10	other				6405934	1			71500
Picture	3-123-1-3	hit	2	11694	8	6464753	7	5166	7	130000	5000
Sound	P2/beat	other				6510250	1			25000
Sound	test24	other				6556750	1			71500
Picture	3-223-1-3	hit	2	8958	8	6615569	7	5166	7	130000	5000
Sound	P1/tapping1	other				6661066	1			25000
Sound	f05	other				6707566	1			71500
Picture	2-112-1-2	incorrect	2	11822	7	6766385	7	5166	7	130000	5000
Sound	P1/tapping	other				6811882	1			25000
Sound	f04	other				6858382	1			71500
Picture	2-122-1-2	hit	2	9326	8	6917201	7	5166	7	130000	5000
Sound	P1/tapping	other				6962698	1			25000
Sound	n13	other				7009198	1			71500
Picture	3-222-1-3	hit	2	12269	7	7068017	7	5166	7	130000	5000
Sound	P1/tapping	other				7113514	1			25000
Sound	f21	other				7160014	1			71500
Picture	3-112-1-3	hit	1	14413	7	7218833	7	5166	7	130000	5000
Sound	P0/none1	other				7264330	1			25000
Sound	test25	other				7310831	1			71500
Picture	3-211-1-3	hit	1	9198	9	7369649	7	5166	7	130000	5000
Sound	P0/none	other				7415146	1			25000
Sound	test12	other				7461646	1			71500
Picture	2-221-1-2	hit	2	10782	8	7520465	7	5166	7	130000	5000
Sound	P0/none	other				7565963	1			25000
Sound	n03	other				7612463	1			71500
Picture	2-111-1-2	hit	1	7965	8	7671281	7	5166	7	130000	5000
Sound	P0/none	other				7716779	1			25000
Sound	f23	other				7763279	1			71500
Picture	2-121-1-2	hit	2	8109	7	7822097	7	5166	7	130000	5000
Sound	P1/tapping1	other				7867595	1			25000
Sound	f02	other				7914095	1			71500
Picture	2-122-1-2	hit	2	10572	8	7972913	7	5166	7	130000	5000
Sound	P1/tapping	other				8018411	1			25000
Sound	test15	other				8064911	1			71500
Picture	3-222-1-3	hit	2	10396	8	8123729	7	5166	7	130000	5000
Sound	P1/tapping	other				8169227	1			25000
Sound	test11	other				8215727	1			71500
Picture	2-212-1-2	hit	1	13340	7	8274545	7	5166	7	130000	5000
Sound	P1/tapping	other				8320043	1			25000
Sound	n06	other				8366543	1			71500
Picture	3-222-1-3	incorrect	3	3964	8	8425362	7	5166	7	130000	5000
Sound	P2/both1	other				8470859	1			25000
Sound	n11	other				8517359	1			71500
Picture	2-124-1-2	hit	2	9388	8	8576178	7	5166	7	130000	5000
Sound	P2/both	other				8621675	1			25000
Sound	n14	other				8668175	1			71500
Picture	3-124-1-3	hit	2	12892	8	8726994	7	5166	7	130000	5000
Sound	P2/both	other				8772491	1			25000
Sound	f14	other				8818991	1			71500
Picture	3-124-1-3	hit	2	10475	8	8877810	7	5166	7	130000	5000
Sound	P2/both	other				8923307	1			25000
Sound	n07	other				8969807	1			71500
Picture	2-214-1-2	hit	1	15339	7	9028626	7	5166	7	130000	5000


{
   "app": "Presentation Version 22.1 Build 01.21.21",
   "device": "Dell Inc. OptiPlex 7050",
   "experiment": "{C8E97CB4-6FCA-44FA-B866-4A2D94B6B85C}",
   "os": "Windows 10 64 bit",
   "package": "",
   "parameters": {
      "configuration": "Default configuration"
   },
   "scenario": "entrain_list1_sess1_EB.sce",
   "subject": "013",
   "timestamp": "2022/10/17 12:54:42 GMT"
}
