Scenario - test
Logfile written - 10/17/2022 14:52:14

Subject	Trial	Event Type	Code	Time	TTime	Uncertainty	Duration	Uncertainty	ReqTime	ReqDur	Stim Type	Pair Index

013	1	Sound	P1/tapping1	25160	24999	1			25000		other	0
013	1	Response	53	32456	32296	1
013	1	Response	53	37576	37416	1
013	1	Response	53	43016	42856	2
013	1	Response	53	49176	49016	2
013	1	Response	53	54617	54456	2
013	1	Response	53	60456	60296	1
013	1	Response	53	66057	65896	1
013	1	Sound	n05	71660	71500	1			71500		other	0
013	1	Response	53	72056	71896	1
013	1	Picture	2-122-2-2	130479	130318	7	5166	7	130000	5000	hit	12
013	1	Response	62	142216	142056	1
013	2	Sound	P1/tapping	175976	25000	1			25000		other	0
013	2	Response	53	178056	27080	2
013	2	Response	53	182536	31560	2
013	2	Response	53	188696	37720	2
013	2	Response	53	194696	43720	1
013	2	Response	53	200377	49401	2
013	2	Response	53	206536	55560	1
013	2	Response	53	212056	61080	2
013	2	Response	53	217256	66280	1
013	2	Sound	f18	222476	71500	1			71500		other	0
013	2	Picture	3-122-1-3	281295	130318	7	5166	7	130000	5000	hit	24
013	2	Response	62	293816	142840	2
013	3	Response	53	318136	16344	2
013	3	Response	53	323656	21864	2
013	3	Sound	P1/tapping	326792	25000	1			25000		other	0
013	3	Response	53	329416	27624	2
013	3	Response	53	334856	33064	2
013	3	Response	53	341017	39224	2
013	3	Response	53	346216	44424	1
013	3	Response	53	351976	50184	2
013	3	Response	53	357176	55384	1
013	3	Sound	f09	373292	71500	1			71500		other	0
013	3	Picture	2-122-1-2	432111	130318	7	5166	7	130000	5000	incorrect	36
013	3	Response	51	449656	147864	2
013	4	Response	53	476856	24247	2
013	4	Sound	P1/tapping	477608	25000	1			25000		other	0
013	4	Response	53	481976	29368	2
013	4	Response	53	487496	34888	1
013	4	Response	53	493416	40808	1
013	4	Response	53	499256	46648	2
013	4	Response	53	505256	52647	2
013	4	Response	53	510456	57848	2
013	4	Response	53	516056	63447	1
013	4	Sound	f06	524108	71500	1			71500		other	0
013	4	Picture	3-122-1-3	582927	130318	7	5166	7	130000	5000	hit	48
013	4	Response	62	598376	145768	1
013	5	Response	53	617256	13831	2
013	5	Response	53	624696	21271	1
013	5	Sound	P2/both1	628424	25000	1			25000		other	0
013	5	Response	53	632856	29432	1
013	5	Response	53	637976	34552	2
013	5	Response	53	644616	41192	2
013	5	Response	53	650536	47112	1
013	5	Response	53	655976	52552	2
013	5	Response	53	662376	58952	2
013	5	Response	53	668776	65351	2
013	5	Sound	f01	674924	71500	1			71500		other	0
013	5	Picture	3-114-1-3	733743	130318	7	5166	7	130000	5000	hit	61
013	5	Response	61	744776	141352	2
013	6	Sound	P2/both	779240	25000	1			25000		other	0
013	6	Response	53	781416	27176	3
013	6	Response	53	787656	33415	1
013	6	Response	53	792536	38295	1
013	6	Response	53	796696	42455	1
013	6	Response	53	802616	48375	1
013	6	Response	53	809576	55335	2
013	6	Response	53	815736	61496	1
013	6	Response	53	821656	67415	2
013	6	Sound	test24	825740	71500	1			71500		other	0
013	6	Picture	3-214-1-3	884559	130318	7	5166	7	130000	5000	hit	73
013	6	Response	61	896216	141976	2
013	7	Sound	P2/both	930056	25000	1			25000		other	0
013	7	Response	53	932136	27080	2
013	7	Response	53	936936	31880	3
013	7	Response	53	942136	37079	1
013	7	Response	53	948216	43159	1
013	7	Response	53	954855	49799	2
013	7	Response	53	959896	54839	1
013	7	Response	53	965896	60839	1
013	7	Response	53	971336	66279	1
013	7	Sound	test22	976556	71500	1			71500		other	0
013	7	Picture	3-224-1-3	1035375	130318	7	5166	7	130000	5000	hit	85
013	7	Response	62	1046056	140999	1
013	8	Sound	P2/both	1080872	25000	1			25000		other	0
013	8	Response	53	1082536	26663	2
013	8	Response	53	1087576	31703	1
013	8	Response	53	1092696	36823	1
013	8	Response	53	1098855	42983	2
013	8	Response	53	1104216	48343	1
013	8	Response	53	1109416	53543	3
013	8	Response	53	1115816	59944	1
013	8	Response	53	1121336	65463	1
013	8	Sound	test07	1127372	71500	1			71500		other	0
013	8	Picture	3-214-1-3	1186191	130318	7	5166	7	130000	5000	hit	97
013	8	Response	61	1195896	140023	2
013	9	Sound	P2/beat1	1231688	25000	1			25000		other	0
013	9	Sound	f02	1278188	71500	1			71500		other	0
013	9	Picture	2-113-1-2	1337007	130318	7	5166	7	130000	5000	hit	101
013	9	Response	61	1351496	144808	2
013	10	Sound	P2/beat	1382504	25000	1			25000		other	0
013	10	Sound	f19	1429004	71500	1			71500		other	0
013	10	Picture	2-113-2-2	1487823	130318	7	5166	7	130000	5000	hit	105
013	10	Response	61	1496615	139111	2
013	11	Sound	P2/beat	1533320	25000	1			25000		other	0
013	11	Sound	n07	1579820	71500	1			71500		other	0
013	11	Picture	3-223-1-3	1638639	130318	7	5166	7	130000	5000	hit	109
013	11	Response	62	1649015	140695	2
013	12	Sound	P2/beat	1684136	25000	1			25000		other	0
013	12	Sound	f07	1730636	71500	1			71500		other	0
013	12	Picture	3-123-1-3	1789454	130318	7	5166	7	130000	5000	hit	113
013	12	Response	62	1807575	148439	2
013	13	Sound	P2/both1	1834952	25000	1			25000		other	0
013	13	Response	53	1836855	26903	1
013	13	Response	53	1841176	31223	2
013	13	Response	53	1846535	36583	1
013	13	Response	53	1852615	42663	1
013	13	Response	53	1858295	48343	1
013	13	Response	53	1864215	54263	1
013	13	Response	53	1871015	61063	1
013	13	Response	53	1876455	66503	1
013	13	Sound	f05	1881452	71500	1			71500		other	0
013	13	Picture	2-124-1-2	1940270	130318	7	5166	7	130000	5000	hit	125
013	13	Response	62	1953895	143943	2
013	14	Sound	P2/both	1985768	25000	1			25000		other	0
013	14	Response	53	1992855	32087	2
013	14	Response	53	1997575	36807	1
013	14	Response	53	2003975	43207	2
013	14	Response	53	2008855	48087	3
013	14	Response	53	2015495	54727	1
013	14	Response	53	2021415	60647	2
013	14	Response	53	2027815	67047	1
013	14	Sound	test09	2032268	71500	1			71500		other	0
013	14	Picture	3-224-1-3	2091086	130318	7	5166	7	130000	5000	hit	136
013	14	Response	62	2107655	146887	2
013	15	Sound	P2/both	2136584	25000	1			25000		other	0
013	15	Response	53	2138215	26631	1
013	15	Response	53	2143815	32231	1
013	15	Response	53	2149095	37511	1
013	15	Response	53	2154375	42791	1
013	15	Response	53	2160215	48631	1
013	15	Response	53	2166455	54871	2
013	15	Response	53	2172775	61191	2
013	15	Response	53	2179175	67591	1
013	15	Sound	test12	2183084	71500	1			71500		other	0
013	15	Picture	3-214-1-3	2241902	130318	7	5166	7	130000	5000	hit	148
013	15	Response	61	2252935	141351	2
013	16	Sound	P2/both	2287400	25000	1			25000		other	0
013	16	Response	53	2289415	27014	1
013	16	Response	53	2293894	31494	1
013	16	Response	53	2299575	37175	1
013	16	Response	53	2305015	42615	1
013	16	Response	53	2311655	49255	1
013	16	Response	53	2317415	55015	1
013	16	Response	53	2322935	60535	1
013	16	Response	53	2328215	65815	1
013	16	Sound	test19	2333900	71500	1			71500		other	0
013	16	Picture	2-224-1-2	2392718	130318	7	5166	7	130000	5000	hit	160
013	16	Response	62	2403335	140935	1
013	17	Sound	P1/tapping1	2438216	25000	1			25000		other	0
013	17	Response	53	2440215	26999	1
013	17	Response	53	2443975	30759	2
013	17	Response	53	2449655	36439	2
013	17	Response	53	2455175	41959	2
013	17	Response	53	2460615	47399	1
013	17	Response	53	2466135	52919	1
013	17	Response	53	2471255	58039	1
013	17	Response	53	2476775	63559	2
013	17	Response	53	2482055	68839	2
013	17	Sound	f15	2484716	71500	1			71500		other	0
013	17	Picture	2-122-2-2	2543534	130318	7	5166	7	130000	5000	hit	173
013	17	Response	62	2558295	145079	1
013	18	Sound	P1/tapping	2589032	25000	1			25000		other	0
013	18	Response	53	2591095	27063	1
013	18	Response	53	2595575	31543	2
013	18	Response	53	2601175	37143	1
013	18	Response	53	2606535	42503	2
013	18	Response	53	2612455	48423	1
013	18	Response	53	2617655	53623	1
013	18	Response	53	2622615	58583	1
013	18	Response	53	2627655	63623	2
013	18	Sound	test21	2635532	71500	1			71500		other	0
013	18	Picture	3-212-1-3	2694350	130318	7	5166	7	130000	5000	hit	185
013	18	Response	61	2703335	139303	1
013	19	Sound	P1/tapping	2739848	25000	1			25000		other	0
013	19	Response	53	2740454	25606	1
013	19	Response	53	2745415	30567	2
013	19	Response	53	2750695	35847	2
013	19	Response	53	2755655	40807	2
013	19	Response	53	2761095	46247	3
013	19	Response	53	2766455	51607	2
013	19	Response	53	2771575	56727	2
013	19	Response	53	2776775	61927	3
013	19	Sound	f10	2786348	71500	1			71500		other	0
013	19	Picture	3-112-1-3	2845166	130318	7	5166	7	130000	5000	hit	197
013	19	Response	61	2860215	145367	2
013	20	Sound	P1/tapping	2890664	25000	1			25000		other	0
013	20	Response	53	2900375	34711	1
013	20	Response	53	2905975	40311	3
013	20	Response	53	2911495	45831	1
013	20	Response	53	2916774	51111	1
013	20	Response	53	2921975	56311	1
013	20	Response	53	2927175	61511	1
013	20	Response	53	2932535	66871	1
013	20	Response	53	2937095	71431	2
013	20	Sound	f13	2937164	71500	1			71500		other	0
013	20	Picture	3-112-1-3	2995982	130318	7	5166	7	130000	5000	incorrect	209
013	20	Response	52	3009335	143671	1
013	21	Sound	P2/both1	3041480	25000	1			25000		other	0
013	21	Response	53	3042055	25575	2
013	21	Response	53	3047254	30775	2
013	21	Response	53	3053095	36615	2
013	21	Response	53	3060134	43655	1
013	21	Response	53	3066374	49895	1
013	21	Response	53	3074054	57575	2
013	21	Response	53	3079094	62615	1
013	21	Response	53	3083814	67335	2
013	21	Sound	n03	3087980	71500	1			71500		other	0
013	21	Picture	2-124-1-2	3146798	130318	7	5166	7	130000	5000	hit	221
013	21	Response	62	3162135	145655	2
013	22	Sound	P2/both	3192296	25000	1			25000		other	0
013	22	Response	53	3194214	26918	2
013	22	Response	53	3199254	31958	1
013	22	Response	53	3204054	36758	1
013	22	Response	53	3210454	43158	1
013	22	Response	53	3216774	49478	1
013	22	Response	53	3222534	55238	1
013	22	Response	53	3228214	60918	1
013	22	Response	53	3234134	66838	1
013	22	Sound	n13	3238796	71500	1			71500		other	0
013	22	Picture	3-214-1-3	3297614	130318	7	5166	7	130000	5000	hit	233
013	22	Response	61	3306215	138919	2
013	23	Sound	P2/both	3343112	25000	1			25000		other	0
013	23	Response	53	3344934	26822	2
013	23	Response	53	3350854	32742	1
013	23	Response	53	3356054	37943	1
013	23	Response	53	3361654	43542	2
013	23	Response	53	3367414	49302	2
013	23	Response	53	3373494	55382	1
013	23	Response	53	3379574	61462	2
013	23	Response	53	3385174	67062	1
013	23	Sound	f11	3389612	71500	1			71500		other	0
013	23	Picture	2-124-1-2	3448430	130318	7	5166	7	130000	5000	incorrect	245
013	23	Response	51	3461174	143062	2
013	24	Sound	P2/both	3493928	25000	1			25000		other	0
013	24	Response	53	3496854	27926	1
013	24	Response	53	3501734	32806	1
013	24	Response	53	3505894	36966	1
013	24	Response	53	3511334	42406	1
013	24	Response	53	3517095	48167	2
013	24	Response	53	3524134	55206	1
013	24	Response	53	3530374	61446	2
013	24	Response	53	3536054	67126	1
013	24	Sound	f16	3540428	71500	1			71500		other	0
013	24	Picture	2-114-1-2	3599246	130318	7	5166	7	130000	5000	incorrect	257
013	24	Response	52	3613414	144486	1
013	25	Sound	P0/none1	3644744	25000	1			25000		other	0
013	25	Sound	f21	3691244	71500	1			71500		other	0
013	25	Picture	2-121-2-2	3750062	130318	7	5166	7	130000	5000	hit	261
013	25	Response	62	3764214	144470	2
013	26	Sound	P0/none	3795560	25000	1			25000		other	0
013	26	Sound	test14	3842060	71500	1			71500		other	0
013	26	Picture	2-221-1-2	3900878	130318	7	5166	7	130000	5000	hit	265
013	26	Response	62	3913814	143254	1
013	27	Sound	P0/none	3946376	25000	1			25000		other	0
013	27	Sound	f14	3992876	71500	1			71500		other	0
013	27	Picture	3-111-1-3	4051694	130318	7	5166	7	130000	5000	hit	269
013	27	Response	61	4066614	145238	1
013	28	Sound	P0/none	4097191	25000	1			25000		other	0
013	28	Sound	test08	4143692	71500	1			71500		other	0
013	28	Picture	3-221-1-3	4202510	130318	7	5166	7	130000	5000	hit	273
013	28	Response	62	4216694	144502	2
013	29	Sound	P1/tapping1	4248008	25000	1			25000		other	0
013	29	Response	53	4249974	26967	2
013	29	Response	53	4254134	31126	2
013	29	Response	53	4259894	36886	2
013	29	Response	53	4265654	42646	3
013	29	Response	53	4270934	47926	2
013	29	Response	53	4275733	52726	3
013	29	Response	53	4281093	58086	1
013	29	Response	53	4285814	62806	1
013	29	Sound	n09	4294508	71500	1			71500		other	0
013	29	Picture	2-222-2-2	4353326	130318	7	5166	7	130000	5000	hit	285
013	29	Response	62	4361734	138726	1
013	30	Response	53	4397254	23430	2
013	30	Sound	P1/tapping	4398823	25000	1			25000		other	0
013	30	Response	53	4402774	28950	1
013	30	Response	53	4408773	34950	2
013	30	Response	53	4414213	40390	2
013	30	Response	53	4419573	45750	1
013	30	Response	53	4425094	51270	2
013	30	Response	53	4430294	56470	2
013	30	Response	53	4434933	61109	1
013	30	Response	53	4440773	66950	1
013	30	Sound	test13	4445324	71500	1			71500		other	0
013	30	Picture	2-212-1-2	4504142	130318	7	5166	7	130000	5000	hit	298
013	30	Response	61	4515333	141509	1
013	31	Response	53	4544533	19894	2
013	31	Sound	P1/tapping	4549640	25000	1			25000		other	0
013	31	Response	53	4550693	26054	2
013	31	Response	53	4556934	32294	2
013	31	Response	53	4562373	37734	2
013	31	Response	53	4568693	44054	1
013	31	Response	53	4574454	49814	2
013	31	Response	53	4579893	55254	2
013	31	Response	53	4584773	60134	2
013	31	Response	53	4591413	66774	1
013	31	Sound	f03	4596140	71500	1			71500		other	0
013	31	Picture	3-112-1-3	4654958	130318	7	5166	7	130000	5000	hit	311
013	31	Response	61	4667013	142373	1
013	32	Sound	P1/tapping	4700456	25000	1			25000		other	0
013	32	Response	53	4702293	26837	1
013	32	Response	53	4707493	32037	2
013	32	Response	53	4712213	36757	2
013	32	Response	53	4718213	42757	2
013	32	Response	53	4723813	48357	1
013	32	Response	53	4729813	54357	2
013	32	Response	53	4735093	59637	1
013	32	Response	53	4740373	64917	2
013	32	Sound	f12	4746956	71500	1			71500		other	0
013	32	Picture	2-122-1-2	4805774	130318	7	5166	7	130000	5000	hit	323
013	32	Response	62	4816533	141077	2
013	33	Sound	P2/beat1	4851272	25000	1			25000		other	0
013	33	Sound	n06	4897772	71500	1			71500		other	0
013	33	Picture	2-223-2-2	4956590	130318	7	5166	7	130000	5000	hit	327
013	33	Response	62	4971493	145221	1
013	34	Sound	P2/beat	5002088	25000	1			25000		other	0
013	34	Sound	test06	5048587	71500	1			71500		other	0
013	34	Picture	3-213-1-3	5107406	130318	7	5166	7	130000	5000	hit	331
013	34	Response	61	5121813	144725	1
013	35	Sound	P2/beat	5152904	25000	1			25000		other	0
013	35	Sound	n04	5199404	71500	1			71500		other	0
013	35	Picture	3-223-1-3	5258222	130318	7	5166	7	130000	5000	hit	335
013	35	Response	62	5267813	139909	1
013	36	Sound	P2/beat	5303720	25000	1			25000		other	0
013	36	Sound	n11	5350220	71500	1			71500		other	0
013	36	Picture	3-113-2-3	5409038	130319	7	5166	7	130000	5000	hit	339
013	36	Response	61	5421573	142853	2
013	37	Sound	P1/tapping1	5454536	25000	1			25000		other	0
013	37	Response	53	5457173	27637	2
013	37	Response	53	5461973	32437	1
013	37	Response	53	5467572	38037	2
013	37	Response	53	5473332	43796	2
013	37	Response	53	5478533	48997	2
013	37	Response	53	5484212	54677	2
013	37	Response	53	5489093	59557	2
013	37	Response	53	5493812	64276	1
013	37	Response	53	5498693	69157	1
013	37	Sound	f23	5501036	71500	1			71500		other	0
013	37	Picture	3-112-1-3	5559854	130318	7	5166	7	130000	5000	hit	352
013	37	Response	61	5570533	140997	2
013	38	Sound	P1/tapping	5605352	25000	1			25000		other	0
013	38	Response	53	5605893	25541	1
013	38	Response	53	5610693	30341	1
013	38	Response	53	5617173	36821	2
013	38	Response	53	5622213	41861	1
013	38	Response	53	5627653	47301	1
013	38	Response	53	5633413	53061	2
013	38	Response	53	5638453	58101	1
013	38	Response	53	5643492	63140	1
013	38	Sound	n10	5651852	71500	1			71500		other	0
013	38	Picture	2-112-1-2	5710670	130318	7	5166	7	130000	5000	hit	364
013	38	Response	61	5720213	139861	1
013	39	Sound	P1/tapping	5756168	25000	1			25000		other	0
013	39	Response	53	5758852	27684	1
013	39	Response	53	5763333	32165	1
013	39	Response	53	5768533	37365	1
013	39	Response	53	5774133	42965	1
013	39	Response	53	5779172	48004	2
013	39	Response	53	5784853	53685	1
013	39	Response	53	5789813	58645	2
013	39	Response	53	5794693	63524	2
013	39	Sound	test10	5802668	71500	1			71500		other	0
013	39	Picture	3-212-1-3	5861486	130318	7	5166	7	130000	5000	hit	376
013	39	Response	61	5869092	137924	1
013	40	Sound	P1/tapping	5906984	25000	1			25000		other	0
013	40	Response	53	5908452	26468	1
013	40	Response	53	5913492	31508	1
013	40	Response	53	5918692	36708	1
013	40	Response	53	5924292	42308	1
013	40	Response	53	5929973	47989	1
013	40	Response	53	5935492	53508	2
013	40	Response	53	5940773	58789	2
013	40	Response	53	5945652	63668	1
013	40	Sound	test16	5953484	71500	1			71500		other	0
013	40	Picture	2-212-1-2	6012302	130318	7	5166	7	130000	5000	hit	388
013	40	Response	61	6026852	144868	1
013	41	Sound	P0/none1	6057800	25000	1			25000		other	0
013	41	Sound	test03	6104300	71500	1			71500		other	0
013	41	Picture	2-221-1-2	6163118	130318	7	5166	7	130000	5000	hit	392
013	41	Response	62	6172612	139812	1
013	42	Sound	P0/none	6208616	25000	1			25000		other	0
013	42	Sound	f22	6255116	71500	1			71500		other	0
013	42	Picture	2-121-2-2	6313934	130319	7	5166	7	130000	5000	hit	396
013	42	Response	62	6328612	144997	2
013	43	Sound	P0/none	6359432	25000	1			25000		other	0
013	43	Sound	test04	6405932	71500	1			71500		other	0
013	43	Picture	3-221-1-3	6464751	130318	7	5166	7	130000	5000	hit	400
013	43	Response	62	6478372	143940	1
013	44	Sound	P0/none	6510248	25000	1			25000		other	0
013	44	Sound	test11	6556748	71500	1			71500		other	0
013	44	Picture	2-221-1-2	6615567	130318	7	5166	7	130000	5000	hit	404
013	44	Response	62	6631732	146484	2
013	45	Sound	P2/beat1	6661064	25000	1			25000		other	0
013	45	Sound	f04	6707564	71500	1			71500		other	0
013	45	Picture	2-113-1-2	6766383	130318	7	5166	7	130000	5000	hit	408
013	45	Response	61	6775172	139108	2
013	46	Sound	P2/beat	6811880	25000	1			25000		other	0
013	46	Sound	test05	6858380	71500	1			71500		other	0
013	46	Picture	3-213-1-3	6917199	130318	7	5166	7	130000	5000	hit	412
013	46	Response	61	6925972	139092	2
013	47	Sound	P2/beat	6962696	25000	1			25000		other	0
013	47	Sound	f20	7009196	71500	1			71500		other	0
013	47	Picture	2-123-2-2	7068015	130318	7	5166	7	130000	5000	hit	416
013	47	Response	62	7076852	139155	2
013	48	Sound	P2/beat	7113512	25000	1			25000		other	0
013	48	Sound	f24	7160012	71500	1			71500		other	0
013	48	Picture	2-113-1-2	7218831	130318	7	5166	7	130000	5000	hit	420
013	48	Response	61	7227252	138739	1
013	49	Sound	P2/both1	7264329	25000	1			25000		other	0
013	49	Response	53	7265732	26403	1
013	49	Response	53	7270132	30803	2
013	49	Response	53	7275572	36243	1
013	49	Response	53	7281252	41923	2
013	49	Response	53	7287172	47843	1
013	49	Response	53	7293172	53843	2
013	49	Response	53	7298451	59123	2
013	49	Response	53	7304212	64883	2
013	49	Sound	test18	7310828	71500	1			71500		other	0
013	49	Picture	2-224-1-2	7369647	130318	7	5166	7	130000	5000	hit	432
013	49	Response	62	7382451	143123	2
013	50	Sound	P2/both	7415144	25000	1			25000		other	0
013	50	Response	53	7415732	25587	2
013	50	Response	53	7421011	30867	2
013	50	Response	53	7426932	36787	2
013	50	Response	53	7432772	42627	2
013	50	Response	53	7438452	48307	1
013	50	Response	53	7444291	54147	2
013	50	Response	53	7449171	59027	2
013	50	Response	53	7454932	64787	2
013	50	Sound	test01	7461644	71500	1			71500		other	0
013	50	Picture	3-214-1-3	7520463	130319	7	5166	7	130000	5000	hit	444
013	50	Response	61	7535972	145827	2
013	51	Sound	P2/both	7565961	25000	1			25000		other	0
013	51	Response	53	7567891	26931	2
013	51	Response	53	7571811	30851	1
013	51	Response	53	7576691	35731	2
013	51	Response	53	7583571	42610	2
013	51	Response	53	7589971	49011	2
013	51	Response	53	7595971	55011	3
013	51	Response	53	7601491	60531	1
013	51	Response	53	7608212	67251	2
013	51	Sound	test17	7612460	71500	1			71500		other	0
013	51	Picture	3-214-1-3	7671279	130318	7	5166	7	130000	5000	hit	456
013	51	Response	61	7681571	140611	1
013	52	Response	53	7707332	15556	2
013	52	Response	53	7715331	23554	2
013	52	Sound	P2/both	7716776	25000	1			25000		other	0
013	52	Response	53	7721891	30115	1
013	52	Response	53	7728931	37155	2
013	52	Response	53	7735891	44114	2
013	52	Response	53	7740772	48995	2
013	52	Response	53	7746771	54995	1
013	52	Response	53	7752531	60754	2
013	52	Response	53	7758371	66595	1
013	52	Sound	test15	7763277	71500	1			71500		other	0
013	52	Picture	3-214-1-3	7822095	130318	7	5166	7	130000	5000	hit	469
013	52	Response	61	7838131	146354	1
013	53	Sound	P2/beat1	7867592	25000	1			25000		other	0
013	53	Sound	test02	7914093	71500	1			71500		other	0
013	53	Picture	3-223-1-3	7972911	130318	7	5166	7	130000	5000	hit	473
013	53	Response	62	7984371	141779	2
013	54	Sound	P2/beat	8018409	25000	1			25000		other	0
013	54	Sound	f08	8064909	71500	1			71500		other	0
013	54	Picture	3-113-2-3	8123727	130318	7	5166	7	130000	5000	hit	477
013	54	Response	61	8134611	141202	2
013	55	Sound	P2/beat	8169224	25000	1			25000		other	0
013	55	Sound	test23	8215724	71500	1			71500		other	0
013	55	Picture	3-213-1-3	8274543	130318	7	5166	7	130000	5000	hit	481
013	55	Response	61	8287971	143746	1
013	56	Sound	P2/beat	8320040	25000	1			25000		other	0
013	56	Sound	test25	8366540	71500	1			71500		other	0
013	56	Picture	2-223-1-2	8425359	130318	7	5166	7	130000	5000	hit	485
013	56	Response	62	8440131	145090	2
013	57	Sound	P0/none1	8470857	25000	1			25000		other	0
013	57	Sound	n01	8517357	71500	1			71500		other	0
013	57	Picture	2-211-1-2	8576175	130318	7	5166	7	130000	5000	miss	0
013	58	Response	52	8598051	1378	2
013	58	Sound	P0/none	8621673	25000	1			25000		other	0
013	58	Sound	n12	8668173	71500	1			71500		other	0
013	58	Picture	2-121-2-2	8726991	130318	7	5166	7	130000	5000	hit	493
013	58	Response	62	8737891	141218	1
013	59	Sound	P0/none	8772489	25000	1			25000		other	0
013	59	Sound	f17	8818989	71500	1			71500		other	0
013	59	Picture	2-121-2-2	8877807	130318	7	5166	7	130000	5000	hit	497
013	59	Response	62	8889651	142161	2
013	60	Sound	P0/none	8923305	25000	1			25000		other	0
013	60	Sound	n14	8969805	71500	1			71500		other	0
013	60	Picture	2-111-2-2	9028623	130318	7	5166	7	130000	5000	hit	501
013	60	Response	61	9039410	141105	1


Event Type	Code	Type	Response	RT	RT Uncertainty	Time	Uncertainty	Duration	Uncertainty	ReqTime	ReqDur

Sound	P1/tapping1	other				25160	1			25000
Sound	n05	other				71660	1			71500
Picture	2-122-2-2	hit	2	11738	7	130479	7	5166	7	130000	5000
Sound	P1/tapping	other				175976	1			25000
Sound	f18	other				222476	1			71500
Picture	3-122-1-3	hit	2	12521	8	281295	7	5166	7	130000	5000
Sound	P1/tapping	other				326792	1			25000
Sound	f09	other				373292	1			71500
Picture	2-122-1-2	incorrect	1	17545	8	432111	7	5166	7	130000	5000
Sound	P1/tapping	other				477608	1			25000
Sound	f06	other				524108	1			71500
Picture	3-122-1-3	hit	2	15449	7	582927	7	5166	7	130000	5000
Sound	P2/both1	other				628424	1			25000
Sound	f01	other				674924	1			71500
Picture	3-114-1-3	hit	1	11033	8	733743	7	5166	7	130000	5000
Sound	P2/both	other				779240	1			25000
Sound	test24	other				825740	1			71500
Picture	3-214-1-3	hit	1	11658	8	884559	7	5166	7	130000	5000
Sound	P2/both	other				930056	1			25000
Sound	test22	other				976556	1			71500
Picture	3-224-1-3	hit	2	10681	7	1035375	7	5166	7	130000	5000
Sound	P2/both	other				1080872	1			25000
Sound	test07	other				1127372	1			71500
Picture	3-214-1-3	hit	1	9705	8	1186191	7	5166	7	130000	5000
Sound	P2/beat1	other				1231688	1			25000
Sound	f02	other				1278188	1			71500
Picture	2-113-1-2	hit	1	14490	8	1337007	7	5166	7	130000	5000
Sound	P2/beat	other				1382504	1			25000
Sound	f19	other				1429004	1			71500
Picture	2-113-2-2	hit	1	8793	8	1487823	7	5166	7	130000	5000
Sound	P2/beat	other				1533320	1			25000
Sound	n07	other				1579820	1			71500
Picture	3-223-1-3	hit	2	10377	8	1638639	7	5166	7	130000	5000
Sound	P2/beat	other				1684136	1			25000
Sound	f07	other				1730636	1			71500
Picture	3-123-1-3	hit	2	18120	8	1789454	7	5166	7	130000	5000
Sound	P2/both1	other				1834952	1			25000
Sound	f05	other				1881452	1			71500
Picture	2-124-1-2	hit	2	13625	8	1940270	7	5166	7	130000	5000
Sound	P2/both	other				1985768	1			25000
Sound	test09	other				2032268	1			71500
Picture	3-224-1-3	hit	2	16569	9	2091086	7	5166	7	130000	5000
Sound	P2/both	other				2136584	1			25000
Sound	test12	other				2183084	1			71500
Picture	3-214-1-3	hit	1	11032	8	2241902	7	5166	7	130000	5000
Sound	P2/both	other				2287400	1			25000
Sound	test19	other				2333900	1			71500
Picture	2-224-1-2	hit	2	10617	7	2392718	7	5166	7	130000	5000
Sound	P1/tapping1	other				2438216	1			25000
Sound	f15	other				2484716	1			71500
Picture	2-122-2-2	hit	2	14760	7	2543534	7	5166	7	130000	5000
Sound	P1/tapping	other				2589032	1			25000
Sound	test21	other				2635532	1			71500
Picture	3-212-1-3	hit	1	8985	8	2694350	7	5166	7	130000	5000
Sound	P1/tapping	other				2739848	1			25000
Sound	f10	other				2786348	1			71500
Picture	3-112-1-3	hit	1	15048	8	2845166	7	5166	7	130000	5000
Sound	P1/tapping	other				2890664	1			25000
Sound	f13	other				2937164	1			71500
Picture	3-112-1-3	incorrect	2	13352	7	2995982	7	5166	7	130000	5000
Sound	P2/both1	other				3041480	1			25000
Sound	n03	other				3087980	1			71500
Picture	2-124-1-2	hit	2	15337	8	3146798	7	5166	7	130000	5000
Sound	P2/both	other				3192296	1			25000
Sound	n13	other				3238796	1			71500
Picture	3-214-1-3	hit	1	8601	8	3297614	7	5166	7	130000	5000
Sound	P2/both	other				3343112	1			25000
Sound	f11	other				3389612	1			71500
Picture	2-124-1-2	incorrect	1	12744	8	3448430	7	5166	7	130000	5000
Sound	P2/both	other				3493928	1			25000
Sound	f16	other				3540428	1			71500
Picture	2-114-1-2	incorrect	2	14168	7	3599246	7	5166	7	130000	5000
Sound	P0/none1	other				3644744	1			25000
Sound	f21	other				3691244	1			71500
Picture	2-121-2-2	hit	2	14152	8	3750062	7	5166	7	130000	5000
Sound	P0/none	other				3795560	1			25000
Sound	test14	other				3842060	1			71500
Picture	2-221-1-2	hit	2	12936	7	3900878	7	5166	7	130000	5000
Sound	P0/none	other				3946376	1			25000
Sound	f14	other				3992876	1			71500
Picture	3-111-1-3	hit	1	14920	7	4051694	7	5166	7	130000	5000
Sound	P0/none	other				4097191	1			25000
Sound	test08	other				4143692	1			71500
Picture	3-221-1-3	hit	2	14183	8	4202510	7	5166	7	130000	5000
Sound	P1/tapping1	other				4248008	1			25000
Sound	n09	other				4294508	1			71500
Picture	2-222-2-2	hit	2	8407	7	4353326	7	5166	7	130000	5000
Sound	P1/tapping	other				4398823	1			25000
Sound	test13	other				4445324	1			71500
Picture	2-212-1-2	hit	1	11191	7	4504142	7	5166	7	130000	5000
Sound	P1/tapping	other				4549640	1			25000
Sound	f03	other				4596140	1			71500
Picture	3-112-1-3	hit	1	12055	8	4654958	7	5166	7	130000	5000
Sound	P1/tapping	other				4700456	1			25000
Sound	f12	other				4746956	1			71500
Picture	2-122-1-2	hit	2	10759	8	4805774	7	5166	7	130000	5000
Sound	P2/beat1	other				4851272	1			25000
Sound	n06	other				4897772	1			71500
Picture	2-223-2-2	hit	2	14903	7	4956590	7	5166	7	130000	5000
Sound	P2/beat	other				5002088	1			25000
Sound	test06	other				5048587	1			71500
Picture	3-213-1-3	hit	1	14407	7	5107406	7	5166	7	130000	5000
Sound	P2/beat	other				5152904	1			25000
Sound	n04	other				5199404	1			71500
Picture	3-223-1-3	hit	2	9591	7	5258222	7	5166	7	130000	5000
Sound	P2/beat	other				5303720	1			25000
Sound	n11	other				5350220	1			71500
Picture	3-113-2-3	hit	1	12534	8	5409038	7	5166	7	130000	5000
Sound	P1/tapping1	other				5454536	1			25000
Sound	f23	other				5501036	1			71500
Picture	3-112-1-3	hit	1	10678	8	5559854	7	5166	7	130000	5000
Sound	P1/tapping	other				5605352	1			25000
Sound	n10	other				5651852	1			71500
Picture	2-112-1-2	hit	1	9542	7	5710670	7	5166	7	130000	5000
Sound	P1/tapping	other				5756168	1			25000
Sound	test10	other				5802668	1			71500
Picture	3-212-1-3	hit	1	7606	7	5861486	7	5166	7	130000	5000
Sound	P1/tapping	other				5906984	1			25000
Sound	test16	other				5953484	1			71500
Picture	2-212-1-2	hit	1	14550	7	6012302	7	5166	7	130000	5000
Sound	P0/none1	other				6057800	1			25000
Sound	test03	other				6104300	1			71500
Picture	2-221-1-2	hit	2	9494	7	6163118	7	5166	7	130000	5000
Sound	P0/none	other				6208616	1			25000
Sound	f22	other				6255116	1			71500
Picture	2-121-2-2	hit	2	14678	8	6313934	7	5166	7	130000	5000
Sound	P0/none	other				6359432	1			25000
Sound	test04	other				6405932	1			71500
Picture	3-221-1-3	hit	2	13622	8	6464751	7	5166	7	130000	5000
Sound	P0/none	other				6510248	1			25000
Sound	test11	other				6556748	1			71500
Picture	2-221-1-2	hit	2	16165	8	6615567	7	5166	7	130000	5000
Sound	P2/beat1	other				6661064	1			25000
Sound	f04	other				6707564	1			71500
Picture	2-113-1-2	hit	1	8789	8	6766383	7	5166	7	130000	5000
Sound	P2/beat	other				6811880	1			25000
Sound	test05	other				6858380	1			71500
Picture	3-213-1-3	hit	1	8773	8	6917199	7	5166	7	130000	5000
Sound	P2/beat	other				6962696	1			25000
Sound	f20	other				7009196	1			71500
Picture	2-123-2-2	hit	2	8837	8	7068015	7	5166	7	130000	5000
Sound	P2/beat	other				7113512	1			25000
Sound	f24	other				7160012	1			71500
Picture	2-113-1-2	hit	1	8421	8	7218831	7	5166	7	130000	5000
Sound	P2/both1	other				7264329	1			25000
Sound	test18	other				7310828	1			71500
Picture	2-224-1-2	hit	2	12804	8	7369647	7	5166	7	130000	5000
Sound	P2/both	other				7415144	1			25000
Sound	test01	other				7461644	1			71500
Picture	3-214-1-3	hit	1	15509	8	7520463	7	5166	7	130000	5000
Sound	P2/both	other				7565961	1			25000
Sound	test17	other				7612460	1			71500
Picture	3-214-1-3	hit	1	10292	8	7671279	7	5166	7	130000	5000
Sound	P2/both	other				7716776	1			25000
Sound	test15	other				7763277	1			71500
Picture	3-214-1-3	hit	1	16036	7	7822095	7	5166	7	130000	5000
Sound	P2/beat1	other				7867592	1			25000
Sound	test02	other				7914093	1			71500
Picture	3-223-1-3	hit	2	11460	8	7972911	7	5166	7	130000	5000
Sound	P2/beat	other				8018409	1			25000
Sound	f08	other				8064909	1			71500
Picture	3-113-2-3	hit	1	10884	8	8123727	7	5166	7	130000	5000
Sound	P2/beat	other				8169224	1			25000
Sound	test23	other				8215724	1			71500
Picture	3-213-1-3	hit	1	13428	7	8274543	7	5166	7	130000	5000
Sound	P2/beat	other				8320040	1			25000
Sound	test25	other				8366540	1			71500
Picture	2-223-1-2	hit	2	14772	8	8425359	7	5166	7	130000	5000
Sound	P0/none1	other				8470857	1			25000
Sound	n01	other				8517357	1			71500
Picture	2-211-1-2	miss				8576175	7	5166	7	130000	5000
Sound	P0/none	other				8621673	1			25000
Sound	n12	other				8668173	1			71500
Picture	2-121-2-2	hit	2	10899	7	8726991	7	5166	7	130000	5000
Sound	P0/none	other				8772489	1			25000
Sound	f17	other				8818989	1			71500
Picture	2-121-2-2	hit	2	11843	8	8877807	7	5166	7	130000	5000
Sound	P0/none	other				8923305	1			25000
Sound	n14	other				8969805	1			71500
Picture	2-111-2-2	hit	1	10787	8	9028623	7	5166	7	130000	5000


{
   "app": "Presentation Version 22.1 Build 01.21.21",
   "device": "Dell Inc. OptiPlex 7050",
   "experiment": "{C8E97CB4-6FCA-44FA-B866-4A2D94B6B85C}",
   "os": "Windows 10 64 bit",
   "package": "",
   "parameters": {
      "configuration": "Default configuration"
   },
   "scenario": "entrain_list1_sess3_EB.sce",
   "subject": "013",
   "timestamp": "2022/10/17 12:37:05 GMT"
}
