Scenario - test
Logfile written - 10/17/2022 14:33:23

Subject	Trial	Event Type	Code	Time	TTime	Uncertainty	Duration	Uncertainty	ReqTime	ReqDur	Stim Type	Pair Index

013	1	Sound	P2/both1	25327	25000	1			25000		other	0
013	1	Response	53	27536	27209	2
013	1	Response	53	31936	31609	1
013	1	Response	53	37056	36729	2
013	1	Response	53	43136	42809	1
013	1	Response	53	49136	48809	3
013	1	Response	53	55616	55289	2
013	1	Response	53	61456	61129	1
013	1	Response	53	67215	66888	2
013	1	Sound	test06	71827	71500	1			71500		other	0
013	1	Picture	3-224-1-3	130645	130318	7	5166	7	130000	5000	hit	12
013	1	Response	62	141936	141609	2
013	2	Sound	P2/both	176143	25000	1			25000		other	0
013	2	Response	53	178096	26952	2
013	2	Response	53	182496	31353	1
013	2	Response	53	187936	36793	2
013	2	Response	53	193776	42633	2
013	2	Response	53	200256	49113	1
013	2	Response	53	206576	55433	1
013	2	Response	53	212496	61353	1
013	2	Response	53	218416	67273	1
013	2	Sound	f17	222643	71500	1			71500		other	0
013	2	Picture	2-114-2-2	281462	130318	7	5166	7	130000	5000	hit	24
013	2	Response	61	293535	142392	3
013	3	Sound	P2/both	326959	25000	1			25000		other	0
013	3	Response	53	329695	27736	2
013	3	Response	53	334336	32376	1
013	3	Response	53	339536	37576	1
013	3	Response	53	344896	42936	1
013	3	Response	53	350736	48776	1
013	3	Response	53	356576	54616	1
013	3	Response	53	362656	60696	3
013	3	Response	53	368096	66137	1
013	3	Sound	f02	373459	71500	1			71500		other	0
013	3	Picture	3-114-2-3	432277	130318	7	5166	7	130000	5000	hit	36
013	3	Response	61	442096	140136	1
013	4	Response	53	473536	20761	1
013	4	Sound	P2/both	477775	25000	1			25000		other	0
013	4	Response	53	481536	28761	1
013	4	Response	53	490096	37321	1
013	4	Response	53	496256	43481	2
013	4	Response	53	501616	48841	1
013	4	Response	53	507455	54680	1
013	4	Response	53	513776	61001	1
013	4	Response	53	519376	66601	2
013	4	Sound	n09	524275	71500	1			71500		other	0
013	4	Picture	2-214-2-2	583093	130318	7	5166	7	130000	5000	incorrect	48
013	4	Response	52	601056	148281	2
013	5	Sound	P0/none1	628591	25000	1			25000		other	0
013	5	Sound	test15	675091	71500	1			71500		other	0
013	5	Picture	2-211-1-2	733909	130318	7	5166	7	130000	5000	hit	52
013	5	Response	61	745935	142345	1
013	6	Sound	P0/none	779407	25000	1			25000		other	0
013	6	Sound	test07	825907	71500	1			71500		other	0
013	6	Picture	3-221-1-3	884725	130318	7	5166	7	130000	5000	hit	56
013	6	Response	62	897135	142728	1
013	7	Sound	P0/none	930222	25000	1			25000		other	0
013	7	Sound	f16	976722	71500	1			71500		other	0
013	7	Picture	2-121-1-2	1035541	130318	7	5166	7	130000	5000	hit	60
013	7	Response	62	1053295	148073	3
013	8	Sound	P0/none	1081038	25000	1			25000		other	0
013	8	Sound	f15	1127539	71500	1			71500		other	0
013	8	Picture	2-111-2-2	1186357	130318	7	5166	7	130000	5000	hit	64
013	8	Response	61	1196575	140536	1
013	9	Response	53	1228095	21240	1
013	9	Sound	P1/tapping1	1231855	25000	1			25000		other	0
013	9	Response	53	1234815	27960	1
013	9	Response	53	1241215	34360	1
013	9	Response	53	1246495	39640	1
013	9	Response	53	1252336	45481	2
013	9	Response	53	1258335	51480	1
013	9	Response	53	1264096	57241	2
013	9	Response	53	1269615	62760	2
013	9	Sound	test24	1278354	71500	1			71500		other	0
013	9	Picture	2-212-2-2	1337173	130318	7	5166	7	130000	5000	hit	76
013	9	Response	61	1346895	140041	1
013	10	Sound	P1/tapping	1382671	25000	1			25000		other	0
013	10	Response	53	1384815	27144	1
013	10	Response	53	1389135	31464	1
013	10	Response	53	1394735	37064	1
013	10	Response	53	1400095	42424	1
013	10	Response	53	1405615	47944	3
013	10	Response	53	1410975	53304	1
013	10	Response	53	1416335	58664	1
013	10	Response	53	1422095	64424	1
013	10	Sound	n01	1429170	71500	1			71500		other	0
013	10	Picture	2-222-1-2	1487989	130318	7	5166	7	130000	5000	hit	88
013	10	Response	62	1503615	145944	1
013	11	Sound	P1/tapping	1533486	25000	1			25000		other	0
013	11	Response	53	1538095	29608	2
013	11	Response	53	1543775	35288	1
013	11	Response	53	1549055	40568	1
013	11	Response	53	1554736	46249	2
013	11	Response	53	1560015	51529	1
013	11	Response	53	1566255	57768	1
013	11	Response	53	1571695	63208	2
013	11	Response	53	1577135	68648	2
013	11	Sound	test12	1579986	71500	1			71500		other	0
013	11	Picture	3-222-1-3	1638805	130318	7	5166	7	130000	5000	incorrect	100
013	11	Response	51	1652655	144168	1
013	12	Response	53	1682415	23113	1
013	12	Sound	P1/tapping	1684302	25000	1			25000		other	0
013	12	Response	53	1687694	28392	1
013	12	Response	53	1693935	34632	2
013	12	Response	53	1698894	39592	1
013	12	Response	53	1704335	45033	1
013	12	Response	53	1709935	50632	2
013	12	Response	53	1715695	56392	1
013	12	Response	53	1721215	61912	1
013	12	Sound	test03	1730802	71500	1			71500		other	0
013	12	Picture	3-222-1-3	1789621	130318	7	5166	7	130000	5000	hit	112
013	12	Response	62	1803134	143832	1
013	13	Sound	P2/beat1	1835118	25000	1			25000		other	0
013	13	Sound	test04	1881618	71500	1			71500		other	0
013	13	Picture	3-213-1-3	1940437	130318	7	5166	7	130000	5000	hit	116
013	13	Response	61	1954575	144456	2
013	14	Sound	P2/beat	1985934	25000	1			25000		other	0
013	14	Sound	f12	2032434	71500	1			71500		other	0
013	14	Picture	3-123-1-3	2091253	130318	7	5166	7	130000	5000	hit	120
013	14	Response	62	2101374	140440	2
013	15	Sound	P2/beat	2136750	25000	1			25000		other	0
013	15	Sound	test21	2183250	71500	1			71500		other	0
013	15	Picture	2-213-2-2	2242068	130318	7	5166	7	130000	5000	hit	124
013	15	Response	61	2257054	145304	1
013	16	Sound	P2/beat	2287566	25000	1			25000		other	0
013	16	Sound	test14	2334066	71500	1			71500		other	0
013	16	Picture	2-213-1-2	2392884	130318	7	5166	7	130000	5000	incorrect	128
013	16	Response	52	2405774	143208	1
013	17	Sound	P0/none1	2438382	25000	1			25000		other	0
013	17	Sound	f08	2484882	71500	1			71500		other	0
013	17	Picture	2-121-1-2	2543700	130318	7	5166	7	130000	5000	hit	132
013	17	Response	62	2554654	141272	1
013	18	Sound	P0/none	2589198	25000	1			25000		other	0
013	18	Sound	f05	2635698	71500	1			71500		other	0
013	18	Picture	3-121-1-3	2694516	130318	7	5166	7	130000	5000	hit	136
013	18	Response	62	2708254	144056	1
013	19	Sound	P0/none	2740014	25000	1			25000		other	0
013	19	Sound	n05	2786514	71500	1			71500		other	0
013	19	Picture	2-111-2-2	2845332	130318	7	5166	7	130000	5000	hit	140
013	19	Response	61	2859214	144200	1
013	20	Sound	P0/none	2890830	25000	1			25000		other	0
013	20	Sound	f13	2937330	71500	1			71500		other	0
013	20	Picture	2-111-1-2	2996148	130318	7	5166	7	130000	5000	hit	144
013	20	Response	61	3004814	138984	1
013	21	Sound	P2/beat1	3041645	25000	1			25000		other	0
013	21	Sound	f06	3088145	71500	1			71500		other	0
013	21	Picture	3-113-1-3	3146964	130318	7	5166	7	130000	5000	hit	148
013	21	Response	61	3157054	140408	1
013	22	Sound	P2/beat	3192461	25000	1			25000		other	0
013	22	Sound	n03	3238962	71500	1			71500		other	0
013	22	Picture	3-113-1-3	3297780	130318	7	5166	7	130000	5000	hit	152
013	22	Response	61	3307694	140232	2
013	23	Sound	P2/beat	3343277	25000	1			25000		other	0
013	23	Sound	f22	3389778	71500	1			71500		other	0
013	23	Picture	2-113-2-2	3448596	130318	7	5166	7	130000	5000	incorrect	156
013	23	Response	52	3459214	140936	1
013	24	Sound	P2/beat	3494093	25000	1			25000		other	0
013	24	Sound	test11	3540593	71500	1			71500		other	0
013	24	Picture	3-213-1-3	3599412	130318	7	5166	7	130000	5000	incorrect	160
013	24	Response	52	3611293	142200	1
013	25	Sound	P2/both1	3644909	25000	1			25000		other	0
013	25	Response	53	3646733	26824	2
013	25	Response	53	3650973	31064	1
013	25	Response	53	3657213	37304	1
013	25	Response	53	3663213	43304	1
013	25	Response	53	3668254	48344	3
013	25	Response	53	3674814	54905	2
013	25	Response	53	3681133	61224	1
013	25	Response	53	3686734	66824	2
013	25	Sound	test05	3691409	71500	1			71500		other	0
013	25	Picture	3-224-1-3	3750228	130318	7	5166	7	130000	5000	hit	172
013	25	Response	62	3760654	140744	1
013	26	Response	53	3794813	24088	1
013	26	Sound	P2/both	3795725	25000	1			25000		other	0
013	26	Response	53	3800653	29928	2
013	26	Response	53	3807453	36728	1
013	26	Response	53	3813054	42328	3
013	26	Response	53	3819693	48968	1
013	26	Response	53	3825053	54328	2
013	26	Response	53	3831133	60408	1
013	26	Response	53	3837054	66329	2
013	26	Sound	n12	3842225	71500	1			71500		other	0
013	26	Picture	2-114-2-2	3901044	130318	7	5166	7	130000	5000	hit	184
013	26	Response	61	3910813	140088	1
013	27	Sound	P2/both	3946541	25000	1			25000		other	0
013	27	Response	53	3948414	26873	2
013	27	Response	51	3949053	27512	1
013	27	Response	53	3953613	32072	1
013	27	Response	53	3958493	36952	1
013	27	Response	53	3963933	42392	2
013	27	Response	53	3970493	48952	1
013	27	Response	53	3976493	54952	1
013	27	Response	53	3982333	60792	1
013	27	Response	53	3987933	66392	1
013	27	Sound	n10	3993041	71500	1			71500		other	0
013	27	Picture	2-124-1-2	4051860	130318	7	5166	7	130000	5000	incorrect	197
013	27	Response	51	4065533	143992	1
013	28	Sound	P2/both	4097357	25000	1			25000		other	0
013	28	Sound	test25	4143857	71500	1			71500		other	0
013	28	Picture	2-214-1-2	4202676	130318	7	5166	7	130000	5000	hit	201
013	28	Response	61	4213373	141016	2
013	29	Sound	P0/none1	4248173	25000	1			25000		other	0
013	29	Sound	f18	4294673	71500	1			71500		other	0
013	29	Picture	2-121-2-2	4353492	130318	7	5166	7	130000	5000	hit	205
013	29	Response	62	4365053	141879	1
013	30	Sound	P0/none	4398989	25000	1			25000		other	0
013	30	Sound	test10	4445489	71500	1			71500		other	0
013	30	Picture	3-221-1-3	4504308	130318	7	5166	7	130000	5000	hit	209
013	30	Response	62	4515533	141543	2
013	31	Sound	P0/none	4549808	25003	1			25000		other	0
013	31	Sound	test19	4596305	71500	1			71500		other	0
013	31	Picture	3-221-1-3	4655124	130318	7	5166	7	130000	5000	hit	213
013	31	Response	62	4669213	144408	2
013	32	Sound	P0/none	4700621	25000	1			25000		other	0
013	32	Sound	test18	4747121	71500	1			71500		other	0
013	32	Picture	2-211-1-2	4805940	130318	7	5166	7	130000	5000	hit	217
013	32	Response	61	4818413	142791	1
013	33	Response	53	4850413	23975	2
013	33	Sound	P1/tapping1	4851437	25000	1			25000		other	0
013	33	Response	53	4855533	29095	1
013	33	Response	53	4861773	35335	1
013	33	Response	53	4866732	40295	1
013	33	Response	53	4872493	46056	2
013	33	Response	53	4878012	51575	1
013	33	Response	53	4883853	57415	1
013	33	Response	53	4889213	62775	1
013	33	Response	53	4897613	71175	1
013	33	Sound	f11	4897937	71500	1			71500		other	0
013	33	Picture	3-122-1-3	4956756	130318	7	5166	7	130000	5000	hit	230
013	33	Response	62	4968493	142056	2
013	34	Sound	P1/tapping	5002253	25000	1			25000		other	0
013	34	Response	53	5003852	26599	2
013	34	Response	53	5008172	30919	1
013	34	Response	53	5013213	35960	2
013	34	Response	53	5018412	41159	2
013	34	Response	53	5023772	46519	1
013	34	Response	53	5029212	51959	1
013	34	Response	53	5035052	57799	1
013	34	Response	53	5040812	63559	1
013	34	Sound	n07	5048753	71500	1			71500		other	0
013	34	Picture	3-212-1-3	5107572	130318	7	5166	7	130000	5000	hit	242
013	34	Response	61	5117453	140200	1
013	35	Sound	P1/tapping	5153069	25000	1			25000		other	0
013	35	Response	53	5159212	31143	1
013	35	Response	53	5163532	35463	2
013	35	Response	53	5169452	41383	1
013	35	Response	53	5175372	47303	1
013	35	Response	53	5180253	52184	1
013	35	Response	53	5185372	57303	1
013	35	Response	53	5189212	61143	1
013	35	Response	53	5194733	66663	1
013	35	Sound	test09	5199569	71500	1			71500		other	0
013	35	Picture	3-212-1-3	5258388	130318	7	5166	7	130000	5000	hit	254
013	35	Response	61	5271052	142983	2
013	36	Response	53	5300892	22007	1
013	36	Sound	P1/tapping	5303885	25000	1			25000		other	0
013	36	Response	53	5306412	27527	1
013	36	Response	53	5311612	32727	1
013	36	Response	53	5317532	38647	1
013	36	Response	53	5322412	43527	1
013	36	Response	53	5327692	48807	1
013	36	Response	53	5332573	53687	1
013	36	Response	53	5336253	57368	1
013	36	Sound	test22	5350385	71500	1			71500		other	0
013	36	Picture	2-222-2-2	5409203	130318	7	5166	7	130000	5000	hit	266
013	36	Response	62	5418732	139847	1
013	37	Sound	P2/beat1	5454701	25000	1			25000		other	0
013	37	Sound	f14	5501201	71500	1			71500		other	0
013	37	Picture	2-113-2-2	5560019	130318	7	5166	7	130000	5000	hit	270
013	37	Response	61	5570252	140551	1
013	38	Sound	P2/beat	5605517	25000	1			25000		other	0
013	38	Sound	test17	5652017	71500	1			71500		other	0
013	38	Picture	3-223-1-3	5710836	130318	7	5166	7	130000	5000	hit	274
013	38	Response	62	5725692	145175	1
013	39	Sound	P2/beat	5756333	25000	1			25000		other	0
013	39	Sound	n14	5802833	71500	1			71500		other	0
013	39	Picture	2-123-2-2	5861651	130318	7	5166	7	130000	5000	hit	278
013	39	Response	62	5873772	142439	1
013	40	Sound	P2/beat	5907149	25000	1			25000		other	0
013	40	Sound	f01	5953649	71500	1			71500		other	0
013	40	Picture	3-123-1-3	6012467	130318	7	5166	7	130000	5000	hit	282
013	40	Response	62	6025372	143223	1
013	41	Response	53	6056172	23207	1
013	41	Sound	P2/both1	6057965	25000	1			25000		other	0
013	41	Response	53	6061531	28566	2
013	41	Response	53	6068252	35287	1
013	41	Response	53	6074572	41607	1
013	41	Response	53	6080972	48007	1
013	41	Response	53	6086572	53607	1
013	41	Response	53	6092172	59207	1
013	41	Response	53	6098252	65287	1
013	41	Sound	n06	6104465	71500	1			71500		other	0
013	41	Picture	2-214-2-2	6163283	130318	7	5166	7	130000	5000	incorrect	294
013	41	Response	52	6179132	146167	1
013	42	Response	53	6206572	22791	2
013	42	Sound	P2/both	6208781	25000	1			25000		other	0
013	42	Response	53	6212972	29191	1
013	42	Response	53	6219212	35431	1
013	42	Response	53	6225212	41431	2
013	42	Response	53	6232012	48231	1
013	42	Response	53	6237692	53911	1
013	42	Response	53	6244012	60231	2
013	42	Response	53	6250892	67111	1
013	42	Sound	f23	6255281	71500	1			71500		other	0
013	42	Picture	3-124-1-3	6314099	130318	7	5166	7	130000	5000	incorrect	306
013	42	Response	51	6325052	141271	2
013	43	Sound	P2/both	6359597	25000	1			25000		other	0
013	43	Response	53	6368892	34295	1
013	43	Response	53	6373052	38455	1
013	43	Response	53	6377612	43015	1
013	43	Response	53	6383932	49335	1
013	43	Response	53	6389612	55015	1
013	43	Response	53	6395292	60695	1
013	43	Response	53	6400892	66295	1
013	43	Sound	test02	6406097	71500	1			71500		other	0
013	43	Picture	3-214-1-3	6464915	130318	7	5166	7	130000	5000	hit	317
013	43	Response	61	6476091	141494	1
013	44	Response	53	6505452	20039	1
013	44	Sound	P2/both	6510413	25000	1			25000		other	0
013	44	Response	53	6513612	28199	1
013	44	Response	53	6520731	35318	1
013	44	Response	53	6527052	41639	2
013	44	Response	53	6533051	47638	1
013	44	Response	53	6539131	53718	1
013	44	Response	53	6545611	60198	1
013	44	Response	53	6551291	65878	1
013	44	Sound	test08	6556913	71500	1			71500		other	0
013	44	Picture	3-214-1-3	6615731	130318	7	5166	7	130000	5000	hit	329
013	44	Response	61	6628891	143478	1
013	45	Sound	P0/none1	6661229	25000	1			25000		other	0
013	45	Sound	f10	6707729	71500	1			71500		other	0
013	45	Picture	3-121-1-3	6766547	130318	7	5166	7	130000	5000	hit	333
013	45	Response	62	6780731	144502	1
013	46	Sound	P0/none	6812045	25000	1			25000		other	0
013	46	Sound	f04	6858545	71500	1			71500		other	0
013	46	Picture	3-121-1-3	6917363	130318	7	5166	7	130000	5000	hit	337
013	46	Response	62	6927291	140246	1
013	47	Sound	P0/none	6962861	25000	1			25000		other	0
013	47	Sound	n11	7009361	71500	1			71500		other	0
013	47	Picture	3-121-2-3	7068179	130318	7	5166	7	130000	5000	hit	341
013	47	Response	62	7085051	147190	1
013	48	Sound	P0/none	7113677	25000	1			25000		other	0
013	48	Sound	test16	7160177	71500	1			71500		other	0
013	48	Picture	2-221-1-2	7218995	130318	7	5166	7	130000	5000	hit	345
013	48	Response	62	7236891	148214	3
013	49	Sound	P2/beat1	7264493	25000	1			25000		other	0
013	49	Sound	test13	7310993	71500	1			71500		other	0
013	49	Picture	2-223-1-2	7369811	130318	7	5166	7	130000	5000	hit	349
013	49	Response	62	7381851	142358	1
013	50	Sound	P2/beat	7415309	25000	1			25000		other	0
013	50	Sound	f21	7461809	71500	1			71500		other	0
013	50	Picture	2-113-2-2	7520627	130318	7	5166	7	130000	5000	hit	353
013	50	Response	61	7530571	140262	2
013	51	Sound	P2/beat	7566125	25000	1			25000		other	0
013	51	Sound	n13	7612625	71500	1			71500		other	0
013	51	Picture	2-213-1-2	7671443	130318	7	5166	7	130000	5000	hit	357
013	51	Response	61	7685771	144646	1
013	52	Sound	P2/beat	7716941	25000	1			25000		other	0
013	52	Sound	f09	7763441	71500	1			71500		other	0
013	52	Picture	3-123-1-3	7822259	130319	7	5166	7	130000	5000	hit	361
013	52	Response	62	7832331	140390	1
013	53	Sound	P2/both1	7867757	25000	1			25000		other	0
013	53	Response	53	7869370	26613	1
013	53	Response	53	7873451	30694	1
013	53	Response	53	7879050	36294	1
013	53	Response	53	7885131	42374	1
013	53	Response	53	7890730	47974	1
013	53	Response	53	7896812	54055	3
013	53	Response	53	7902411	59654	1
013	53	Response	53	7908411	65654	1
013	53	Sound	f07	7914257	71500	1			71500		other	0
013	53	Picture	3-114-1-3	7973075	130318	7	5166	7	130000	5000	incorrect	373
013	53	Response	52	7986811	144054	2
013	54	Response	53	8015451	21878	2
013	54	Sound	P2/both	8018573	25000	1			25000		other	0
013	54	Response	53	8022890	29318	2
013	54	Response	53	8029450	35878	1
013	54	Response	53	8035450	41877	1
013	54	Response	53	8042091	48518	1
013	54	Response	53	8047850	54277	2
013	54	Response	53	8053930	60357	1
013	54	Response	53	8059770	66197	2
013	54	Sound	test23	8065073	71500	1			71500		other	0
013	54	Picture	2-214-2-2	8123891	130319	7	5166	7	130000	5000	hit	385
013	54	Response	61	8137130	143557	1
013	55	Response	53	8168730	24341	1
013	55	Sound	P2/both	8169389	25000	1			25000		other	0
013	55	Response	53	8174730	30341	1
013	55	Response	53	8180490	36101	1
013	55	Response	53	8186650	42261	2
013	55	Response	53	8193210	48821	1
013	55	Response	53	8198890	54501	1
013	55	Response	53	8204170	59781	1
013	55	Response	53	8210170	65781	1
013	55	Sound	f03	8215889	71500	1			71500		other	0
013	55	Picture	3-124-1-3	8274707	130318	7	5166	7	130000	5000	hit	397
013	55	Response	62	8284410	140021	1
013	56	Sound	P2/both	8320205	25000	1			25000		other	0
013	56	Response	53	8322330	27125	1
013	56	Response	53	8326570	31365	1
013	56	Response	53	8331850	36645	1
013	56	Response	53	8337530	42325	1
013	56	Response	53	8343290	48085	1
013	56	Response	53	8350090	54885	1
013	56	Response	53	8356090	60885	1
013	56	Response	53	8362650	67445	1
013	56	Sound	f20	8366705	71500	1			71500		other	0
013	56	Picture	2-114-2-2	8425523	130319	7	5166	7	130000	5000	hit	409
013	56	Response	61	8435130	139925	1
013	57	Response	53	8468010	21989	1
013	57	Sound	P1/tapping1	8471021	25000	1			25000		other	0
013	57	Response	53	8474490	28469	1
013	57	Response	53	8480491	34470	3
013	57	Response	53	8486170	40149	1
013	57	Response	53	8491930	45909	1
013	57	Response	53	8497531	51510	1
013	57	Response	53	8503370	57349	1
013	57	Response	53	8508730	62709	1
013	57	Sound	test01	8517521	71500	1			71500		other	0
013	57	Picture	3-222-1-3	8576339	130318	7	5166	7	130000	5000	hit	421
013	57	Response	62	8586810	140789	1
013	58	Sound	P1/tapping	8621837	25000	1			25000		other	0
013	58	Response	53	8623370	26533	1
013	58	Response	53	8628090	31253	1
013	58	Response	53	8633930	37093	1
013	58	Response	53	8639690	42853	1
013	58	Response	53	8645290	48453	3
013	58	Response	53	8650970	54133	1
013	58	Response	53	8656890	60053	1
013	58	Response	53	8662010	65173	1
013	58	Sound	n04	8668337	71500	1			71500		other	0
013	58	Picture	3-212-1-3	8727155	130318	7	5166	7	130000	5000	incorrect	433
013	58	Response	52	8736010	139173	1
013	59	Sound	P1/tapping	8772653	25000	1			25000		other	0
013	59	Response	53	8774250	26597	1
013	59	Response	53	8779211	31558	2
013	59	Response	53	8784810	37157	1
013	59	Response	53	8789770	42117	2
013	59	Response	53	8795450	47797	1
013	59	Response	53	8800570	52917	1
013	59	Response	53	8805930	58277	3
013	59	Response	53	8811290	63637	1
013	59	Sound	f19	8819153	71500	1			71500		other	0
013	59	Picture	2-122-2-2	8877971	130319	7	5166	7	130000	5000	hit	445
013	59	Response	62	8886170	138517	1
013	60	Response	53	8914890	16421	1
013	60	Response	53	8919770	21301	1
013	60	Sound	P1/tapping	8923469	25000	1			25000		other	0
013	60	Response	53	8925130	26661	2
013	60	Response	53	8930570	32101	1
013	60	Response	53	8936650	38181	2
013	60	Response	53	8942090	43621	1
013	60	Response	53	8947610	49141	1
013	60	Response	53	8952730	54261	3
013	60	Response	53	8965770	67301	2
013	60	Sound	f24	8969969	71500	1			71500		other	0
013	60	Picture	2-122-1-2	9028787	130318	7	5166	7	130000	5000	hit	458
013	60	Response	62	9039850	141381	1


Event Type	Code	Type	Response	RT	RT Uncertainty	Time	Uncertainty	Duration	Uncertainty	ReqTime	ReqDur

Sound	P2/both1	other				25327	1			25000
Sound	test06	other				71827	1			71500
Picture	3-224-1-3	hit	2	11291	8	130645	7	5166	7	130000	5000
Sound	P2/both	other				176143	1			25000
Sound	f17	other				222643	1			71500
Picture	2-114-2-2	hit	1	12074	9	281462	7	5166	7	130000	5000
Sound	P2/both	other				326959	1			25000
Sound	f02	other				373459	1			71500
Picture	3-114-2-3	hit	1	9818	7	432277	7	5166	7	130000	5000
Sound	P2/both	other				477775	1			25000
Sound	n09	other				524275	1			71500
Picture	2-214-2-2	incorrect	2	17962	8	583093	7	5166	7	130000	5000
Sound	P0/none1	other				628591	1			25000
Sound	test15	other				675091	1			71500
Picture	2-211-1-2	hit	1	12026	7	733909	7	5166	7	130000	5000
Sound	P0/none	other				779407	1			25000
Sound	test07	other				825907	1			71500
Picture	3-221-1-3	hit	2	12410	7	884725	7	5166	7	130000	5000
Sound	P0/none	other				930222	1			25000
Sound	f16	other				976722	1			71500
Picture	2-121-1-2	hit	2	17754	9	1035541	7	5166	7	130000	5000
Sound	P0/none	other				1081038	1			25000
Sound	f15	other				1127539	1			71500
Picture	2-111-2-2	hit	1	10218	7	1186357	7	5166	7	130000	5000
Sound	P1/tapping1	other				1231855	1			25000
Sound	test24	other				1278354	1			71500
Picture	2-212-2-2	hit	1	9722	7	1337173	7	5166	7	130000	5000
Sound	P1/tapping	other				1382671	1			25000
Sound	n01	other				1429170	1			71500
Picture	2-222-1-2	hit	2	15626	7	1487989	7	5166	7	130000	5000
Sound	P1/tapping	other				1533486	1			25000
Sound	test12	other				1579986	1			71500
Picture	3-222-1-3	incorrect	1	13850	7	1638805	7	5166	7	130000	5000
Sound	P1/tapping	other				1684302	1			25000
Sound	test03	other				1730802	1			71500
Picture	3-222-1-3	hit	2	13514	7	1789621	7	5166	7	130000	5000
Sound	P2/beat1	other				1835118	1			25000
Sound	test04	other				1881618	1			71500
Picture	3-213-1-3	hit	1	14138	8	1940437	7	5166	7	130000	5000
Sound	P2/beat	other				1985934	1			25000
Sound	f12	other				2032434	1			71500
Picture	3-123-1-3	hit	2	10122	8	2091253	7	5166	7	130000	5000
Sound	P2/beat	other				2136750	1			25000
Sound	test21	other				2183250	1			71500
Picture	2-213-2-2	hit	1	14986	7	2242068	7	5166	7	130000	5000
Sound	P2/beat	other				2287566	1			25000
Sound	test14	other				2334066	1			71500
Picture	2-213-1-2	incorrect	2	12890	7	2392884	7	5166	7	130000	5000
Sound	P0/none1	other				2438382	1			25000
Sound	f08	other				2484882	1			71500
Picture	2-121-1-2	hit	2	10954	7	2543700	7	5166	7	130000	5000
Sound	P0/none	other				2589198	1			25000
Sound	f05	other				2635698	1			71500
Picture	3-121-1-3	hit	2	13738	7	2694516	7	5166	7	130000	5000
Sound	P0/none	other				2740014	1			25000
Sound	n05	other				2786514	1			71500
Picture	2-111-2-2	hit	1	13882	7	2845332	7	5166	7	130000	5000
Sound	P0/none	other				2890830	1			25000
Sound	f13	other				2937330	1			71500
Picture	2-111-1-2	hit	1	8666	7	2996148	7	5166	7	130000	5000
Sound	P2/beat1	other				3041645	1			25000
Sound	f06	other				3088145	1			71500
Picture	3-113-1-3	hit	1	10090	7	3146964	7	5166	7	130000	5000
Sound	P2/beat	other				3192461	1			25000
Sound	n03	other				3238962	1			71500
Picture	3-113-1-3	hit	1	9914	8	3297780	7	5166	7	130000	5000
Sound	P2/beat	other				3343277	1			25000
Sound	f22	other				3389778	1			71500
Picture	2-113-2-2	incorrect	2	10618	7	3448596	7	5166	7	130000	5000
Sound	P2/beat	other				3494093	1			25000
Sound	test11	other				3540593	1			71500
Picture	3-213-1-3	incorrect	2	11881	7	3599412	7	5166	7	130000	5000
Sound	P2/both1	other				3644909	1			25000
Sound	test05	other				3691409	1			71500
Picture	3-224-1-3	hit	2	10426	7	3750228	7	5166	7	130000	5000
Sound	P2/both	other				3795725	1			25000
Sound	n12	other				3842225	1			71500
Picture	2-114-2-2	hit	1	9769	7	3901044	7	5166	7	130000	5000
Sound	P2/both	other				3946541	1			25000
Sound	n10	other				3993041	1			71500
Picture	2-124-1-2	incorrect	1	13673	7	4051860	7	5166	7	130000	5000
Sound	P2/both	other				4097357	1			25000
Sound	test25	other				4143857	1			71500
Picture	2-214-1-2	hit	1	10697	8	4202676	7	5166	7	130000	5000
Sound	P0/none1	other				4248173	1			25000
Sound	f18	other				4294673	1			71500
Picture	2-121-2-2	hit	2	11561	7	4353492	7	5166	7	130000	5000
Sound	P0/none	other				4398989	1			25000
Sound	test10	other				4445489	1			71500
Picture	3-221-1-3	hit	2	11225	8	4504308	7	5166	7	130000	5000
Sound	P0/none	other				4549808	1			25000
Sound	test19	other				4596305	1			71500
Picture	3-221-1-3	hit	2	14089	8	4655124	7	5166	7	130000	5000
Sound	P0/none	other				4700621	1			25000
Sound	test18	other				4747121	1			71500
Picture	2-211-1-2	hit	1	12473	7	4805940	7	5166	7	130000	5000
Sound	P1/tapping1	other				4851437	1			25000
Sound	f11	other				4897937	1			71500
Picture	3-122-1-3	hit	2	11737	8	4956756	7	5166	7	130000	5000
Sound	P1/tapping	other				5002253	1			25000
Sound	n07	other				5048753	1			71500
Picture	3-212-1-3	hit	1	9881	7	5107572	7	5166	7	130000	5000
Sound	P1/tapping	other				5153069	1			25000
Sound	test09	other				5199569	1			71500
Picture	3-212-1-3	hit	1	12665	8	5258388	7	5166	7	130000	5000
Sound	P1/tapping	other				5303885	1			25000
Sound	test22	other				5350385	1			71500
Picture	2-222-2-2	hit	2	9529	7	5409203	7	5166	7	130000	5000
Sound	P2/beat1	other				5454701	1			25000
Sound	f14	other				5501201	1			71500
Picture	2-113-2-2	hit	1	10233	7	5560019	7	5166	7	130000	5000
Sound	P2/beat	other				5605517	1			25000
Sound	test17	other				5652017	1			71500
Picture	3-223-1-3	hit	2	14856	7	5710836	7	5166	7	130000	5000
Sound	P2/beat	other				5756333	1			25000
Sound	n14	other				5802833	1			71500
Picture	2-123-2-2	hit	2	12120	7	5861651	7	5166	7	130000	5000
Sound	P2/beat	other				5907149	1			25000
Sound	f01	other				5953649	1			71500
Picture	3-123-1-3	hit	2	12904	7	6012467	7	5166	7	130000	5000
Sound	P2/both1	other				6057965	1			25000
Sound	n06	other				6104465	1			71500
Picture	2-214-2-2	incorrect	2	15848	7	6163283	7	5166	7	130000	5000
Sound	P2/both	other				6208781	1			25000
Sound	f23	other				6255281	1			71500
Picture	3-124-1-3	incorrect	1	10953	8	6314099	7	5166	7	130000	5000
Sound	P2/both	other				6359597	1			25000
Sound	test02	other				6406097	1			71500
Picture	3-214-1-3	hit	1	11176	7	6464915	7	5166	7	130000	5000
Sound	P2/both	other				6510413	1			25000
Sound	test08	other				6556913	1			71500
Picture	3-214-1-3	hit	1	13160	7	6615731	7	5166	7	130000	5000
Sound	P0/none1	other				6661229	1			25000
Sound	f10	other				6707729	1			71500
Picture	3-121-1-3	hit	2	14184	7	6766547	7	5166	7	130000	5000
Sound	P0/none	other				6812045	1			25000
Sound	f04	other				6858545	1			71500
Picture	3-121-1-3	hit	2	9928	7	6917363	7	5166	7	130000	5000
Sound	P0/none	other				6962861	1			25000
Sound	n11	other				7009361	1			71500
Picture	3-121-2-3	hit	2	16872	7	7068179	7	5166	7	130000	5000
Sound	P0/none	other				7113677	1			25000
Sound	test16	other				7160177	1			71500
Picture	2-221-1-2	hit	2	17896	9	7218995	7	5166	7	130000	5000
Sound	P2/beat1	other				7264493	1			25000
Sound	test13	other				7310993	1			71500
Picture	2-223-1-2	hit	2	12040	7	7369811	7	5166	7	130000	5000
Sound	P2/beat	other				7415309	1			25000
Sound	f21	other				7461809	1			71500
Picture	2-113-2-2	hit	1	9943	8	7520627	7	5166	7	130000	5000
Sound	P2/beat	other				7566125	1			25000
Sound	n13	other				7612625	1			71500
Picture	2-213-1-2	hit	1	14327	7	7671443	7	5166	7	130000	5000
Sound	P2/beat	other				7716941	1			25000
Sound	f09	other				7763441	1			71500
Picture	3-123-1-3	hit	2	10071	7	7822259	7	5166	7	130000	5000
Sound	P2/both1	other				7867757	1			25000
Sound	f07	other				7914257	1			71500
Picture	3-114-1-3	incorrect	2	13736	8	7973075	7	5166	7	130000	5000
Sound	P2/both	other				8018573	1			25000
Sound	test23	other				8065073	1			71500
Picture	2-214-2-2	hit	1	13239	7	8123891	7	5166	7	130000	5000
Sound	P2/both	other				8169389	1			25000
Sound	f03	other				8215889	1			71500
Picture	3-124-1-3	hit	2	9703	8	8274707	7	5166	7	130000	5000
Sound	P2/both	other				8320205	1			25000
Sound	f20	other				8366705	1			71500
Picture	2-114-2-2	hit	1	9607	7	8425523	7	5166	7	130000	5000
Sound	P1/tapping1	other				8471021	1			25000
Sound	test01	other				8517521	1			71500
Picture	3-222-1-3	hit	2	10471	7	8576339	7	5166	7	130000	5000
Sound	P1/tapping	other				8621837	1			25000
Sound	n04	other				8668337	1			71500
Picture	3-212-1-3	incorrect	2	8855	7	8727155	7	5166	7	130000	5000
Sound	P1/tapping	other				8772653	1			25000
Sound	f19	other				8819153	1			71500
Picture	2-122-2-2	hit	2	8198	7	8877971	7	5166	7	130000	5000
Sound	P1/tapping	other				8923469	1			25000
Sound	f24	other				8969969	1			71500
Picture	2-122-1-2	hit	2	11062	7	9028787	7	5166	7	130000	5000


{
   "app": "Presentation Version 22.1 Build 01.21.21",
   "device": "Dell Inc. OptiPlex 7050",
   "experiment": "{C8E97CB4-6FCA-44FA-B866-4A2D94B6B85C}",
   "os": "Windows 10 64 bit",
   "package": "",
   "parameters": {
      "configuration": "Default configuration"
   },
   "scenario": "entrain_list1_sess4_EB.sce",
   "subject": "013",
   "timestamp": "2022/10/17 12:18:12 GMT"
}
