Scenario - test
Logfile written - 10/20/2022 18:35:05

Subject	Trial	Event Type	Code	Time	TTime	Uncertainty	Duration	Uncertainty	ReqTime	ReqDur	Stim Type	Pair Index

015	1	Response	53	20252	20092	1
015	1	Sound	P1/tapping1	25160	25000	1			25000		other	0
015	1	Response	53	26972	26812	1
015	1	Response	53	32172	32012	3
015	1	Response	53	38652	38492	1
015	1	Response	53	44092	43932	1
015	1	Response	53	49692	49532	1
015	1	Response	53	55372	55211	2
015	1	Response	53	61372	61212	1
015	1	Response	53	67052	66892	1
015	1	Sound	n05	71660	71500	1			71500		other	0
015	1	Picture	2-122-2-2	130479	130318	7	5166	7	130000	5000	incorrect	13
015	1	Response	51	142012	141851	1
015	2	Response	53	170652	19676	1
015	2	Sound	P1/tapping	175977	25000	1			25000		other	0
015	2	Response	53	177372	26395	1
015	2	Response	53	182252	31275	2
015	2	Response	53	188092	37115	1
015	2	Response	53	194252	43275	1
015	2	Response	53	200412	49435	1
015	2	Response	53	206412	55435	1
015	2	Response	53	212252	61275	2
015	2	Response	53	218172	67196	1
015	2	Sound	f18	222476	71500	1			71500		other	0
015	2	Picture	3-122-1-3	281295	130318	7	5166	7	130000	5000	hit	26
015	2	Response	62	297052	146075	1
015	3	Response	53	322572	20780	1
015	3	Sound	P1/tapping	326792	25000	1			25000		other	0
015	3	Response	53	328332	26540	1
015	3	Response	53	334412	32620	1
015	3	Response	53	340412	38619	1
015	3	Response	53	346732	44940	1
015	3	Response	53	352172	50380	1
015	3	Response	53	358012	56220	1
015	3	Response	53	365532	63740	1
015	3	Response	53	370572	68780	1
015	3	Sound	f09	373292	71500	1			71500		other	0
015	3	Picture	2-122-1-2	432111	130318	7	5166	7	130000	5000	hit	39
015	3	Response	62	447212	145420	1
015	4	Response	53	472972	20364	1
015	4	Sound	P1/tapping	477608	25000	1			25000		other	0
015	4	Response	53	479452	26844	1
015	4	Response	53	484972	32364	1
015	4	Response	53	491212	38604	1
015	4	Response	53	496652	44043	1
015	4	Response	53	502652	50044	1
015	4	Response	53	508252	55644	1
015	4	Response	53	513772	61164	1
015	4	Response	53	519132	66524	1
015	4	Sound	f06	524108	71500	1			71500		other	0
015	4	Response	53	525772	73164	1
015	4	Picture	3-122-1-3	582926	130318	7	5166	7	130000	5000	hit	53
015	4	Response	62	596732	144124	1
015	5	Response	53	623372	19948	1
015	5	Sound	P2/both1	628424	25000	1			25000		other	0
015	5	Response	53	630652	27228	1
015	5	Response	53	637052	33628	1
015	5	Response	53	645212	41788	2
015	5	Response	53	652091	48667	1
015	5	Response	53	657772	54348	2
015	5	Response	53	663292	59868	1
015	5	Response	53	669212	65788	1
015	5	Sound	f01	674924	71500	1			71500		other	0
015	5	Response	53	675052	71628	1
015	5	Picture	3-114-1-3	733742	130318	7	5166	7	130000	5000	incorrect	66
015	5	Response	52	747532	144108	1
015	6	Sound	P2/both	779240	25000	1			25000		other	0
015	6	Response	53	788892	34652	1
015	6	Response	53	795532	41292	1
015	6	Response	53	802252	48012	1
015	6	Response	53	807932	53692	1
015	6	Response	53	814492	60252	3
015	6	Response	53	820011	65771	2
015	6	Sound	test24	825740	71500	1			71500		other	0
015	6	Picture	3-214-1-3	884558	130318	7	5166	7	130000	5000	incorrect	76
015	6	Response	52	898652	144412	1
015	7	Sound	P2/both	930056	25000	1			25000		other	0
015	7	Response	53	932012	26956	1
015	7	Response	53	936012	30957	2
015	7	Response	53	940892	35836	1
015	7	Response	53	946492	41436	1
015	7	Response	53	952572	47516	1
015	7	Response	53	958572	53516	1
015	7	Response	53	964732	59676	1
015	7	Response	53	970811	65755	1
015	7	Sound	test22	976556	71500	1			71500		other	0
015	7	Picture	3-224-1-3	1035374	130318	7	5166	7	130000	5000	hit	88
015	7	Response	62	1048971	143915	1
015	8	Response	53	1079691	23820	2
015	8	Sound	P2/both	1080872	25000	1			25000		other	0
015	8	Response	53	1085532	29660	1
015	8	Response	53	1091372	35500	1
015	8	Response	53	1098171	42300	1
015	8	Response	53	1103692	47821	1
015	8	Response	53	1109611	53740	1
015	8	Response	53	1116171	60300	1
015	8	Response	53	1123371	67500	1
015	8	Sound	test07	1127371	71500	1			71500		other	0
015	8	Picture	3-214-1-3	1186190	130318	7	5166	7	130000	5000	hit	100
015	8	Response	61	1201771	145900	1
015	9	Sound	P2/beat1	1231687	25000	1			25000		other	0
015	9	Sound	f02	1278187	71500	1			71500		other	0
015	9	Picture	2-113-1-2	1337006	130318	7	5166	7	130000	5000	miss	0
015	10	Response	52	1358491	988	1
015	10	Sound	P2/beat	1382503	25000	1			25000		other	0
015	10	Sound	f19	1429003	71500	1			71500		other	0
015	10	Picture	2-113-2-2	1487822	130318	7	5166	7	130000	5000	hit	108
015	10	Response	61	1500171	142668	1
015	11	Sound	P2/beat	1533319	25000	1			25000		other	0
015	11	Sound	n07	1579819	71500	1			71500		other	0
015	11	Picture	3-223-1-3	1638637	130318	7	5166	7	130000	5000	hit	112
015	11	Response	62	1651131	142812	1
015	12	Sound	P2/beat	1684135	25000	1			25000		other	0
015	12	Sound	f07	1730635	71500	1			71500		other	0
015	12	Picture	3-123-1-3	1789453	130318	7	5166	7	130000	5000	hit	116
015	12	Response	62	1801532	142397	1
015	13	Sound	P2/both1	1834950	25000	1			25000		other	0
015	13	Response	53	1836571	26621	3
015	13	Response	53	1840171	30220	1
015	13	Response	53	1845452	35501	1
015	13	Response	53	1851611	41660	1
015	13	Response	53	1858411	48460	1
015	13	Response	53	1864331	54380	2
015	13	Response	53	1870412	60461	2
015	13	Response	53	1876651	66700	1
015	13	Sound	f05	1881451	71500	1			71500		other	0
015	13	Picture	2-124-1-2	1940269	130318	7	5166	7	130000	5000	hit	128
015	13	Response	62	1958571	148621	1
015	14	Sound	P2/both	1985767	25000	1			25000		other	0
015	14	Response	53	1987611	26844	1
015	14	Response	53	1991051	30284	1
015	14	Response	53	1996332	35565	1
015	14	Response	53	2002251	41484	2
015	14	Response	53	2008811	48044	1
015	14	Response	53	2014731	53964	1
015	14	Response	53	2020811	60044	2
015	14	Response	53	2026411	65644	1
015	14	Response	53	2032091	71325	1
015	14	Sound	test09	2032266	71500	1			71500		other	0
015	14	Picture	3-224-1-3	2091085	130318	7	5166	7	130000	5000	hit	141
015	14	Response	62	2100651	139884	1
015	15	Sound	P2/both	2136582	25000	1			25000		other	0
015	15	Response	53	2144651	33068	1
015	15	Response	53	2148491	36908	1
015	15	Response	53	2153052	41469	3
015	15	Response	53	2157771	46188	1
015	15	Response	53	2164331	52748	1
015	15	Response	53	2171291	59708	1
015	15	Response	53	2177451	65868	1
015	15	Sound	test12	2183082	71500	1			71500		other	0
015	15	Picture	3-214-1-3	2241901	130318	7	5166	7	130000	5000	hit	152
015	15	Response	61	2254331	142749	1
015	16	Sound	P2/both	2287398	25000	1			25000		other	0
015	16	Response	53	2290172	27773	2
015	16	Response	53	2293931	31533	1
015	16	Response	53	2298571	36172	1
015	16	Response	53	2304091	41692	1
015	16	Response	53	2309611	47212	1
015	16	Response	53	2315931	53533	1
015	16	Response	53	2322491	60092	1
015	16	Response	53	2328650	66252	1
015	16	Sound	test19	2333898	71500	1			71500		other	0
015	16	Picture	2-224-1-2	2392717	130318	7	5166	7	130000	5000	hit	164
015	16	Response	62	2406731	144332	2
015	17	Response	53	2434090	20876	1
015	17	Sound	P1/tapping1	2438214	25000	1			25000		other	0
015	17	Response	53	2440571	27357	1
015	17	Response	53	2445691	32477	1
015	17	Response	53	2452651	39437	1
015	17	Response	53	2458971	45757	1
015	17	Response	53	2465531	52317	2
015	17	Response	53	2472171	58957	1
015	17	Response	53	2478491	65277	2
015	17	Sound	f15	2484714	71500	1			71500		other	0
015	17	Response	53	2485291	72077	1
015	17	Picture	2-122-2-2	2543532	130318	7	5166	7	130000	5000	incorrect	177
015	17	Response	51	2557370	144156	1
015	18	Response	53	2584171	20140	1
015	18	Sound	P1/tapping	2589030	25000	1			25000		other	0
015	18	Response	53	2591211	27181	1
015	18	Response	53	2597371	33340	2
015	18	Response	53	2603451	39420	1
015	18	Response	53	2608651	44621	2
015	18	Response	53	2614490	50460	1
015	18	Response	53	2621051	57021	1
015	18	Response	53	2627771	63740	1
015	18	Response	53	2633851	69821	1
015	18	Sound	test21	2635530	71500	1			71500		other	0
015	18	Picture	3-212-1-3	2694348	130318	7	5166	7	130000	5000	incorrect	190
015	18	Response	52	2710330	146300	1
015	19	Sound	P1/tapping	2739846	25000	1			25000		other	0
015	19	Response	53	2742731	27885	1
015	19	Response	53	2747770	32925	1
015	19	Response	53	2753291	38445	1
015	19	Response	53	2759611	44765	1
015	19	Response	53	2765370	50524	1
015	19	Response	53	2771530	56685	1
015	19	Response	53	2777131	62285	2
015	19	Response	53	2782970	68125	1
015	19	Sound	f10	2786346	71500	1			71500		other	0
015	19	Picture	3-112-1-3	2845164	130318	7	5166	7	130000	5000	hit	202
015	19	Response	61	2859931	145085	2
015	20	Sound	P1/tapping	2890661	25000	1			25000		other	0
015	20	Response	53	2892250	26588	1
015	20	Response	53	2896250	30589	1
015	20	Response	53	2903611	37949	2
015	20	Response	53	2910091	44429	1
015	20	Response	53	2917051	51389	1
015	20	Response	53	2923450	57789	1
015	20	Response	53	2930010	64349	1
015	20	Response	53	2936890	71229	1
015	20	Sound	f13	2937161	71500	1			71500		other	0
015	20	Picture	3-112-1-3	2995980	130318	7	5166	7	130000	5000	incorrect	214
015	20	Response	52	3010410	144749	2
015	21	Sound	P2/both1	3041477	25000	1			25000		other	0
015	21	Response	53	3041850	25373	1
015	21	Response	53	3046570	30093	1
015	21	Response	53	3052411	35933	3
015	21	Response	53	3058410	41932	3
015	21	Response	53	3064331	47853	2
015	21	Response	53	3070731	54253	2
015	21	Response	53	3076411	59933	2
015	21	Response	53	3082970	66493	2
015	21	Sound	n03	3087977	71500	1			71500		other	0
015	21	Picture	2-124-1-2	3146796	130318	7	5166	7	130000	5000	hit	226
015	21	Response	62	3163770	147293	1
015	22	Sound	P2/both	3192293	25000	1			25000		other	0
015	22	Response	53	3195530	28237	1
015	22	Response	53	3200810	33517	1
015	22	Response	53	3207210	39917	1
015	22	Response	53	3214010	46717	1
015	22	Response	53	3220651	53357	2
015	22	Response	53	3226971	59677	1
015	22	Response	53	3233130	65837	1
015	22	Sound	n13	3238793	71500	1			71500		other	0
015	22	Response	53	3238970	71677	1
015	22	Picture	3-214-1-3	3297612	130318	7	5166	7	130000	5000	hit	238
015	22	Response	61	3312490	145197	1
015	23	Sound	P2/both	3343109	25000	1			25000		other	0
015	23	Response	53	3345130	27021	1
015	23	Response	53	3348970	30861	1
015	23	Response	53	3354651	36541	3
015	23	Response	53	3359050	40941	1
015	23	Response	53	3365210	47101	1
015	23	Response	53	3371690	53581	2
015	23	Response	53	3377611	59502	3
015	23	Response	53	3384170	66061	2
015	23	Sound	f11	3389609	71500	1			71500		other	0
015	23	Picture	2-124-1-2	3448428	130318	7	5166	7	130000	5000	hit	250
015	23	Response	62	3463850	145741	2
015	24	Sound	P2/both	3493925	25000	1			25000		other	0
015	24	Response	53	3494091	25165	2
015	24	Response	53	3499130	30205	1
015	24	Response	53	3504730	35805	1
015	24	Response	53	3512010	43085	1
015	24	Response	53	3517371	48446	1
015	24	Response	53	3522570	53644	1
015	24	Response	53	3528010	59085	1
015	24	Response	53	3533850	64925	1
015	24	Sound	f16	3540425	71500	1			71500		other	0
015	24	Picture	2-114-1-2	3599243	130318	7	5166	7	130000	5000	hit	262
015	24	Response	61	3612010	143085	1
015	25	Sound	P0/none1	3644741	25000	1			25000		other	0
015	25	Sound	f21	3691241	71500	1			71500		other	0
015	25	Picture	2-121-2-2	3750059	130318	7	5166	7	130000	5000	hit	266
015	25	Response	62	3764090	144349	1
015	26	Sound	P0/none	3795557	25000	1			25000		other	0
015	26	Sound	test14	3842057	71500	1			71500		other	0
015	26	Picture	2-221-1-2	3900875	130318	7	5166	7	130000	5000	hit	270
015	26	Response	62	3919610	149053	1
015	27	Sound	P0/none	3946373	25000	1			25000		other	0
015	27	Sound	f14	3992873	71500	1			71500		other	0
015	27	Picture	3-111-1-3	4051691	130318	7	5166	7	130000	5000	hit	274
015	27	Response	61	4058890	137517	1
015	27	Response	51	4062890	141517	1
015	28	Sound	P0/none	4097188	25000	1			25000		other	0
015	28	Sound	test08	4143689	71500	1			71500		other	0
015	28	Picture	3-221-1-3	4202507	130318	7	5166	7	130000	5000	hit	279
015	28	Response	62	4215050	142861	1
015	29	Response	53	4247850	24845	1
015	29	Sound	P1/tapping1	4248004	25000	1			25000		other	0
015	29	Response	53	4253050	30046	2
015	29	Response	53	4259290	36286	2
015	29	Response	53	4264490	41485	1
015	29	Response	53	4270810	47805	1
015	29	Response	53	4276490	53485	1
015	29	Response	53	4282330	59325	1
015	29	Response	53	4288570	65565	1
015	29	Sound	n09	4294504	71500	1			71500		other	0
015	29	Response	53	4295290	72285	1
015	29	Picture	2-222-2-2	4353323	130318	7	5166	7	130000	5000	hit	292
015	29	Response	62	4367770	144765	1
015	30	Sound	P1/tapping	4398820	25000	1			25000		other	0
015	30	Response	53	4400410	26589	1
015	30	Response	53	4405209	31389	1
015	30	Response	53	4411610	37789	1
015	30	Response	53	4418249	44429	1
015	30	Response	53	4425289	51469	1
015	30	Response	53	4431050	57230	2
015	30	Response	53	4436890	63069	1
015	30	Response	53	4442729	68909	1
015	30	Sound	test13	4445320	71500	1			71500		other	0
015	30	Picture	2-212-1-2	4504139	130318	7	5166	7	130000	5000	incorrect	304
015	30	Response	52	4516410	142589	1
015	31	Response	51	4527529	2893	1
015	31	Sound	P1/tapping	4549636	25000	1			25000		other	0
015	31	Response	53	4553049	28413	1
015	31	Response	53	4557849	33213	1
015	31	Response	53	4564249	39613	1
015	31	Response	53	4570569	45933	1
015	31	Response	53	4576489	51853	1
015	31	Response	53	4582329	57693	1
015	31	Response	53	4588969	64333	1
015	31	Response	53	4594170	69533	1
015	31	Sound	f03	4596136	71500	1			71500		other	0
015	31	Picture	3-112-1-3	4654954	130318	7	5166	7	130000	5000	hit	317
015	31	Response	61	4666089	141453	2
015	32	Response	53	4695449	19997	1
015	32	Sound	P1/tapping	4700452	25000	1			25000		other	0
015	32	Response	53	4702009	26557	1
015	32	Response	53	4708809	33357	1
015	32	Response	53	4715049	39597	1
015	32	Response	53	4720729	45277	1
015	32	Response	53	4726730	51278	3
015	32	Response	53	4733370	57918	1
015	32	Response	53	4739529	64077	2
015	32	Response	53	4745370	69918	2
015	32	Sound	f12	4746952	71500	1			71500		other	0
015	32	Picture	2-122-1-2	4805770	130318	7	5166	7	130000	5000	hit	330
015	32	Response	62	4823049	147597	1
015	33	Sound	P2/beat1	4851268	25000	1			25000		other	0
015	33	Sound	n06	4897768	71500	1			71500		other	0
015	33	Picture	2-223-2-2	4956586	130318	7	5166	7	130000	5000	hit	334
015	33	Response	62	4972889	146621	1
015	34	Sound	P2/beat	5002084	25000	1			25000		other	0
015	34	Sound	test06	5048584	71500	1			71500		other	0
015	34	Picture	3-213-1-3	5107402	130318	7	5166	7	130000	5000	incorrect	338
015	34	Response	52	5118569	141485	1
015	35	Sound	P2/beat	5152900	25000	1			25000		other	0
015	35	Sound	n04	5199400	71500	1			71500		other	0
015	35	Picture	3-223-1-3	5258218	130318	7	5166	7	130000	5000	hit	342
015	35	Response	62	5270249	142350	1
015	36	Sound	P2/beat	5303716	25000	1			25000		other	0
015	36	Sound	n11	5350215	71500	1			71500		other	0
015	36	Picture	3-113-2-3	5409034	130318	7	5166	7	130000	5000	incorrect	346
015	36	Response	52	5423689	144973	1
015	37	Sound	P1/tapping1	5454531	25000	1			25000		other	0
015	37	Response	53	5457769	28238	1
015	37	Response	53	5462649	33117	1
015	37	Response	53	5468569	39037	1
015	37	Response	53	5474809	45277	1
015	37	Response	53	5481209	51677	1
015	37	Response	53	5487209	57677	1
015	37	Response	53	5493209	63677	1
015	37	Response	53	5500090	70558	2
015	37	Sound	f23	5501031	71500	1			71500		other	0
015	37	Picture	3-112-1-3	5559850	130318	7	5166	7	130000	5000	hit	358
015	37	Response	61	5576249	146717	1
015	38	Sound	P1/tapping	5605347	25000	1			25000		other	0
015	38	Response	53	5606889	26541	1
015	38	Response	53	5612409	32061	1
015	38	Response	53	5618889	38541	1
015	38	Response	53	5625450	45102	2
015	38	Response	53	5632089	51741	1
015	38	Response	53	5638729	58381	1
015	38	Response	53	5643929	63582	1
015	38	Response	53	5650329	69981	1
015	38	Sound	n10	5651847	71500	1			71500		other	0
015	38	Picture	2-112-1-2	5710666	130318	7	5166	7	130000	5000	incorrect	370
015	38	Response	52	5723689	143342	1
015	39	Sound	P1/tapping	5756163	25000	1			25000		other	0
015	39	Response	53	5758009	26845	1
015	39	Response	53	5763049	31885	2
015	39	Response	53	5769129	37965	1
015	39	Response	53	5775609	44445	1
015	39	Response	53	5781609	50445	1
015	39	Response	53	5787449	56285	1
015	39	Response	53	5793529	62365	1
015	39	Response	53	5799929	68765	1
015	39	Sound	test10	5802663	71500	1			71500		other	0
015	39	Picture	3-212-1-3	5861482	130318	25	5166	25	130000	5000	incorrect	382
015	39	Response	52	5874729	143565	1
015	40	Sound	P1/tapping	5906979	25000	1			25000		other	0
015	40	Response	53	5908969	26990	1
015	40	Response	53	5914889	32910	1
015	40	Response	53	5922649	40670	1
015	40	Response	53	5929289	47310	1
015	40	Response	53	5936329	54349	1
015	40	Response	53	5943049	61070	2
015	40	Response	53	5950329	68350	1
015	40	Sound	test16	5953479	71500	1			71500		other	0
015	40	Picture	2-212-1-2	6012298	130318	7	5166	7	130000	5000	incorrect	393
015	40	Response	52	6032329	150350	1
015	41	Sound	P0/none1	6057795	25000	1			25000		other	0
015	41	Sound	test03	6104295	71500	1			71500		other	0
015	41	Picture	2-221-1-2	6163113	130318	7	5166	7	130000	5000	hit	397
015	41	Response	62	6174089	141293	1
015	42	Sound	P0/none	6208611	25000	1			25000		other	0
015	42	Sound	f22	6255111	71500	1			71500		other	0
015	42	Picture	2-121-2-2	6313929	130318	7	5166	7	130000	5000	hit	401
015	42	Response	62	6327929	144318	1
015	43	Sound	P0/none	6359427	25000	1			25000		other	0
015	43	Sound	test04	6405927	71500	1			71500		other	0
015	43	Picture	3-221-1-3	6464745	130318	7	5166	7	130000	5000	hit	405
015	43	Response	62	6475208	140781	1
015	44	Sound	P0/none	6510242	25000	1			25000		other	0
015	44	Sound	test11	6556742	71500	1			71500		other	0
015	44	Picture	2-221-1-2	6615561	130318	7	5166	7	130000	5000	hit	409
015	44	Response	62	6625528	140286	1
015	45	Sound	P2/beat1	6661058	25000	1			25000		other	0
015	45	Sound	f04	6707558	71500	1			71500		other	0
015	45	Picture	2-113-1-2	6766377	130318	7	5166	7	130000	5000	incorrect	413
015	45	Response	52	6775768	139710	1
015	46	Sound	P2/beat	6811874	25000	1			25000		other	0
015	46	Sound	test05	6858374	71500	1			71500		other	0
015	46	Picture	3-213-1-3	6917193	130318	7	5166	7	130000	5000	incorrect	417
015	46	Response	52	6933688	146814	1
015	47	Sound	P2/beat	6962690	25000	1			25000		other	0
015	47	Sound	f20	7009190	71500	1			71500		other	0
015	47	Picture	2-123-2-2	7068009	130318	7	5166	7	130000	5000	miss	0
015	48	Response	51	7090168	1662	1
015	48	Sound	P2/beat	7113506	25000	1			25000		other	0
015	48	Sound	f24	7160006	71500	1			71500		other	0
015	48	Picture	2-113-1-2	7218825	130318	7	5166	7	130000	5000	hit	425
015	48	Response	61	7230808	142301	3
015	49	Sound	P2/both1	7264322	25000	1			25000		other	0
015	49	Response	53	7266088	26766	1
015	49	Response	53	7270008	30686	1
015	49	Response	53	7275528	36206	1
015	49	Response	53	7281128	41805	1
015	49	Response	53	7287368	48046	1
015	49	Response	53	7294008	54686	1
015	49	Response	53	7299368	60046	1
015	49	Response	53	7306088	66766	1
015	49	Sound	test18	7310822	71500	1			71500		other	0
015	49	Response	53	7311208	71886	1
015	49	Picture	2-224-1-2	7369640	130318	7	5166	7	130000	5000	hit	438
015	49	Response	62	7380888	141566	1
015	50	Sound	P2/both	7415138	25000	1			25000		other	0
015	50	Response	53	7416808	26669	1
015	50	Response	53	7420728	30589	1
015	50	Response	53	7426168	36030	1
015	50	Response	53	7431528	41390	1
015	50	Response	53	7437608	47470	1
015	50	Response	53	7444008	53869	1
015	50	Response	53	7450167	60029	1
015	50	Response	53	7456328	66190	1
015	50	Sound	test01	7461638	71500	1			71500		other	0
015	50	Picture	3-214-1-3	7520457	130318	7	5166	7	130000	5000	hit	450
015	50	Response	61	7533768	143630	1
015	51	Response	53	7562248	21294	1
015	51	Sound	P2/both	7565954	25000	1			25000		other	0
015	51	Response	53	7570248	29294	3
015	51	Response	53	7576968	36014	1
015	51	Response	53	7582968	42014	2
015	51	Response	53	7588807	47853	1
015	51	Response	53	7594809	53855	1
015	51	Response	53	7600808	59854	1
015	51	Response	53	7607128	66174	1
015	51	Sound	test17	7612454	71500	1			71500		other	0
015	51	Picture	3-214-1-3	7671272	130318	7	5166	7	130000	5000	incorrect	462
015	51	Response	52	7684008	143054	1
015	52	Sound	P2/both	7716769	25000	1			25000		other	0
015	52	Response	53	7722248	30478	1
015	52	Response	53	7727448	35678	1
015	52	Response	53	7733528	41758	1
015	52	Response	53	7739367	47598	1
015	52	Response	53	7745608	53838	3
015	52	Response	53	7751527	59757	1
015	52	Response	53	7757368	65598	1
015	52	Sound	test15	7763270	71500	1			71500		other	0
015	52	Response	53	7763607	71837	1
015	52	Picture	3-214-1-3	7822088	130318	7	5166	7	130000	5000	incorrect	474
015	52	Response	52	7836168	144398	1
015	53	Sound	P2/beat1	7867586	25000	1			25000		other	0
015	53	Sound	test02	7914086	71500	1			71500		other	0
015	53	Picture	3-223-1-3	7972904	130318	7	5166	7	130000	5000	incorrect	478
015	53	Response	51	7985767	143181	1
015	54	Sound	P2/beat	8018401	25000	1			25000		other	0
015	54	Sound	f08	8064901	71500	1			71500		other	0
015	54	Picture	3-113-2-3	8123720	130318	7	5166	7	130000	5000	hit	482
015	54	Response	61	8133927	140526	2
015	55	Sound	P2/beat	8169217	25000	1			25000		other	0
015	55	Sound	test23	8215717	71500	1			71500		other	0
015	55	Picture	3-213-1-3	8274536	130318	7	5166	7	130000	5000	hit	486
015	55	Response	61	8288807	144589	2
015	56	Sound	P2/beat	8320034	25000	1			25000		other	0
015	56	Sound	test25	8366533	71500	1			71500		other	0
015	56	Picture	2-223-1-2	8425352	130318	7	5166	7	130000	5000	hit	490
015	56	Response	62	8434967	139934	2
015	57	Sound	P0/none1	8470849	25000	1			25000		other	0
015	57	Sound	n01	8517349	71500	1			71500		other	0
015	57	Picture	2-211-1-2	8576168	130318	7	5166	7	130000	5000	incorrect	494
015	57	Response	52	8588009	142160	3
015	58	Sound	P0/none	8621665	25000	1			25000		other	0
015	58	Sound	n12	8668165	71500	1			71500		other	0
015	58	Picture	2-121-2-2	8726984	130318	7	5166	7	130000	5000	hit	498
015	58	Response	62	8737767	141101	1
015	59	Sound	P0/none	8772481	25000	1			25000		other	0
015	59	Sound	f17	8818981	71500	1			71500		other	0
015	59	Picture	2-121-2-2	8877800	130318	7	5166	7	130000	5000	hit	502
015	59	Response	62	8890008	142527	3
015	60	Sound	P0/none	8923297	25000	1			25000		other	0
015	60	Sound	n14	8969798	71501	1			71500		other	0
015	60	Picture	2-111-2-2	9028615	130318	7	5166	7	130000	5000	hit	506
015	60	Response	61	9039447	141150	2


Event Type	Code	Type	Response	RT	RT Uncertainty	Time	Uncertainty	Duration	Uncertainty	ReqTime	ReqDur

Sound	P1/tapping1	other				25160	1			25000
Sound	n05	other				71660	1			71500
Picture	2-122-2-2	incorrect	1	11533	7	130479	7	5166	7	130000	5000
Sound	P1/tapping	other				175977	1			25000
Sound	f18	other				222476	1			71500
Picture	3-122-1-3	hit	2	15757	7	281295	7	5166	7	130000	5000
Sound	P1/tapping	other				326792	1			25000
Sound	f09	other				373292	1			71500
Picture	2-122-1-2	hit	2	15101	7	432111	7	5166	7	130000	5000
Sound	P1/tapping	other				477608	1			25000
Sound	f06	other				524108	1			71500
Picture	3-122-1-3	hit	2	13805	7	582926	7	5166	7	130000	5000
Sound	P2/both1	other				628424	1			25000
Sound	f01	other				674924	1			71500
Picture	3-114-1-3	incorrect	2	13789	7	733742	7	5166	7	130000	5000
Sound	P2/both	other				779240	1			25000
Sound	test24	other				825740	1			71500
Picture	3-214-1-3	incorrect	2	14093	7	884558	7	5166	7	130000	5000
Sound	P2/both	other				930056	1			25000
Sound	test22	other				976556	1			71500
Picture	3-224-1-3	hit	2	13597	7	1035374	7	5166	7	130000	5000
Sound	P2/both	other				1080872	1			25000
Sound	test07	other				1127371	1			71500
Picture	3-214-1-3	hit	1	15582	7	1186190	7	5166	7	130000	5000
Sound	P2/beat1	other				1231687	1			25000
Sound	f02	other				1278187	1			71500
Picture	2-113-1-2	miss				1337006	7	5166	7	130000	5000
Sound	P2/beat	other				1382503	1			25000
Sound	f19	other				1429003	1			71500
Picture	2-113-2-2	hit	1	12350	7	1487822	7	5166	7	130000	5000
Sound	P2/beat	other				1533319	1			25000
Sound	n07	other				1579819	1			71500
Picture	3-223-1-3	hit	2	12494	8	1638637	7	5166	7	130000	5000
Sound	P2/beat	other				1684135	1			25000
Sound	f07	other				1730635	1			71500
Picture	3-123-1-3	hit	2	12079	7	1789453	7	5166	7	130000	5000
Sound	P2/both1	other				1834950	1			25000
Sound	f05	other				1881451	1			71500
Picture	2-124-1-2	hit	2	18302	7	1940269	7	5166	7	130000	5000
Sound	P2/both	other				1985767	1			25000
Sound	test09	other				2032266	1			71500
Picture	3-224-1-3	hit	2	9566	7	2091085	7	5166	7	130000	5000
Sound	P2/both	other				2136582	1			25000
Sound	test12	other				2183082	1			71500
Picture	3-214-1-3	hit	1	12431	7	2241901	7	5166	7	130000	5000
Sound	P2/both	other				2287398	1			25000
Sound	test19	other				2333898	1			71500
Picture	2-224-1-2	hit	2	14014	8	2392717	7	5166	7	130000	5000
Sound	P1/tapping1	other				2438214	1			25000
Sound	f15	other				2484714	1			71500
Picture	2-122-2-2	incorrect	1	13838	7	2543532	7	5166	7	130000	5000
Sound	P1/tapping	other				2589030	1			25000
Sound	test21	other				2635530	1			71500
Picture	3-212-1-3	incorrect	2	15982	7	2694348	7	5166	7	130000	5000
Sound	P1/tapping	other				2739846	1			25000
Sound	f10	other				2786346	1			71500
Picture	3-112-1-3	hit	1	14767	8	2845164	7	5166	7	130000	5000
Sound	P1/tapping	other				2890661	1			25000
Sound	f13	other				2937161	1			71500
Picture	3-112-1-3	incorrect	2	14431	9	2995980	7	5166	7	130000	5000
Sound	P2/both1	other				3041477	1			25000
Sound	n03	other				3087977	1			71500
Picture	2-124-1-2	hit	2	16974	7	3146796	7	5166	7	130000	5000
Sound	P2/both	other				3192293	1			25000
Sound	n13	other				3238793	1			71500
Picture	3-214-1-3	hit	1	14879	7	3297612	7	5166	7	130000	5000
Sound	P2/both	other				3343109	1			25000
Sound	f11	other				3389609	1			71500
Picture	2-124-1-2	hit	2	15423	8	3448428	7	5166	7	130000	5000
Sound	P2/both	other				3493925	1			25000
Sound	f16	other				3540425	1			71500
Picture	2-114-1-2	hit	1	12767	7	3599243	7	5166	7	130000	5000
Sound	P0/none1	other				3644741	1			25000
Sound	f21	other				3691241	1			71500
Picture	2-121-2-2	hit	2	14031	7	3750059	7	5166	7	130000	5000
Sound	P0/none	other				3795557	1			25000
Sound	test14	other				3842057	1			71500
Picture	2-221-1-2	hit	2	18734	7	3900875	7	5166	7	130000	5000
Sound	P0/none	other				3946373	1			25000
Sound	f14	other				3992873	1			71500
Picture	3-111-1-3	hit	1	7199	7	4051691	7	5166	7	130000	5000
Sound	P0/none	other				4097188	1			25000
Sound	test08	other				4143689	1			71500
Picture	3-221-1-3	hit	2	12543	7	4202507	7	5166	7	130000	5000
Sound	P1/tapping1	other				4248004	1			25000
Sound	n09	other				4294504	1			71500
Picture	2-222-2-2	hit	2	14447	7	4353323	7	5166	7	130000	5000
Sound	P1/tapping	other				4398820	1			25000
Sound	test13	other				4445320	1			71500
Picture	2-212-1-2	incorrect	2	12271	7	4504139	7	5166	7	130000	5000
Sound	P1/tapping	other				4549636	1			25000
Sound	f03	other				4596136	1			71500
Picture	3-112-1-3	hit	1	11135	8	4654954	7	5166	7	130000	5000
Sound	P1/tapping	other				4700452	1			25000
Sound	f12	other				4746952	1			71500
Picture	2-122-1-2	hit	2	17279	7	4805770	7	5166	7	130000	5000
Sound	P2/beat1	other				4851268	1			25000
Sound	n06	other				4897768	1			71500
Picture	2-223-2-2	hit	2	16303	7	4956586	7	5166	7	130000	5000
Sound	P2/beat	other				5002084	1			25000
Sound	test06	other				5048584	1			71500
Picture	3-213-1-3	incorrect	2	11167	8	5107402	7	5166	7	130000	5000
Sound	P2/beat	other				5152900	1			25000
Sound	n04	other				5199400	1			71500
Picture	3-223-1-3	hit	2	12031	7	5258218	7	5166	7	130000	5000
Sound	P2/beat	other				5303716	1			25000
Sound	n11	other				5350215	1			71500
Picture	3-113-2-3	incorrect	2	14655	7	5409034	7	5166	7	130000	5000
Sound	P1/tapping1	other				5454531	1			25000
Sound	f23	other				5501031	1			71500
Picture	3-112-1-3	hit	1	16399	7	5559850	7	5166	7	130000	5000
Sound	P1/tapping	other				5605347	1			25000
Sound	n10	other				5651847	1			71500
Picture	2-112-1-2	incorrect	2	13024	7	5710666	7	5166	7	130000	5000
Sound	P1/tapping	other				5756163	1			25000
Sound	test10	other				5802663	1			71500
Picture	3-212-1-3	incorrect	2	13247	26	5861482	25	5166	25	130000	5000
Sound	P1/tapping	other				5906979	1			25000
Sound	test16	other				5953479	1			71500
Picture	2-212-1-2	incorrect	2	20031	7	6012298	7	5166	7	130000	5000
Sound	P0/none1	other				6057795	1			25000
Sound	test03	other				6104295	1			71500
Picture	2-221-1-2	hit	2	10975	7	6163113	7	5166	7	130000	5000
Sound	P0/none	other				6208611	1			25000
Sound	f22	other				6255111	1			71500
Picture	2-121-2-2	hit	2	13999	7	6313929	7	5166	7	130000	5000
Sound	P0/none	other				6359427	1			25000
Sound	test04	other				6405927	1			71500
Picture	3-221-1-3	hit	2	10463	7	6464745	7	5166	7	130000	5000
Sound	P0/none	other				6510242	1			25000
Sound	test11	other				6556742	1			71500
Picture	2-221-1-2	hit	2	9967	7	6615561	7	5166	7	130000	5000
Sound	P2/beat1	other				6661058	1			25000
Sound	f04	other				6707558	1			71500
Picture	2-113-1-2	incorrect	2	9391	7	6766377	7	5166	7	130000	5000
Sound	P2/beat	other				6811874	1			25000
Sound	test05	other				6858374	1			71500
Picture	3-213-1-3	incorrect	2	16495	7	6917193	7	5166	7	130000	5000
Sound	P2/beat	other				6962690	1			25000
Sound	f20	other				7009190	1			71500
Picture	2-123-2-2	miss				7068009	7	5166	7	130000	5000
Sound	P2/beat	other				7113506	1			25000
Sound	f24	other				7160006	1			71500
Picture	2-113-1-2	hit	1	11983	9	7218825	7	5166	7	130000	5000
Sound	P2/both1	other				7264322	1			25000
Sound	test18	other				7310822	1			71500
Picture	2-224-1-2	hit	2	11247	7	7369640	7	5166	7	130000	5000
Sound	P2/both	other				7415138	1			25000
Sound	test01	other				7461638	1			71500
Picture	3-214-1-3	hit	1	13311	7	7520457	7	5166	7	130000	5000
Sound	P2/both	other				7565954	1			25000
Sound	test17	other				7612454	1			71500
Picture	3-214-1-3	incorrect	2	12735	7	7671272	7	5166	7	130000	5000
Sound	P2/both	other				7716769	1			25000
Sound	test15	other				7763270	1			71500
Picture	3-214-1-3	incorrect	2	14079	7	7822088	7	5166	7	130000	5000
Sound	P2/beat1	other				7867586	1			25000
Sound	test02	other				7914086	1			71500
Picture	3-223-1-3	incorrect	1	12863	7	7972904	7	5166	7	130000	5000
Sound	P2/beat	other				8018401	1			25000
Sound	f08	other				8064901	1			71500
Picture	3-113-2-3	hit	1	10207	8	8123720	7	5166	7	130000	5000
Sound	P2/beat	other				8169217	1			25000
Sound	test23	other				8215717	1			71500
Picture	3-213-1-3	hit	1	14271	9	8274536	7	5166	7	130000	5000
Sound	P2/beat	other				8320034	1			25000
Sound	test25	other				8366533	1			71500
Picture	2-223-1-2	hit	2	9616	8	8425352	7	5166	7	130000	5000
Sound	P0/none1	other				8470849	1			25000
Sound	n01	other				8517349	1			71500
Picture	2-211-1-2	incorrect	2	11841	10	8576168	7	5166	7	130000	5000
Sound	P0/none	other				8621665	1			25000
Sound	n12	other				8668165	1			71500
Picture	2-121-2-2	hit	2	10783	7	8726984	7	5166	7	130000	5000
Sound	P0/none	other				8772481	1			25000
Sound	f17	other				8818981	1			71500
Picture	2-121-2-2	hit	2	12208	9	8877800	7	5166	7	130000	5000
Sound	P0/none	other				8923297	1			25000
Sound	n14	other				8969798	1			71500
Picture	2-111-2-2	hit	1	10831	8	9028615	7	5166	7	130000	5000


{
   "app": "Presentation Version 22.1 Build 01.21.21",
   "device": "Dell Inc. OptiPlex 7050",
   "experiment": "{C8E97CB4-6FCA-44FA-B866-4A2D94B6B85C}",
   "os": "Windows 10 64 bit",
   "package": "",
   "parameters": {
      "configuration": "Default configuration"
   },
   "scenario": "entrain_list1_sess3_EB.sce",
   "subject": "015",
   "timestamp": "2022/10/20 16:19:55 GMT"
}
