Scenario - test
Logfile written - 10/20/2022 19:12:00

Subject	Trial	Event Type	Code	Time	TTime	Uncertainty	Duration	Uncertainty	ReqTime	ReqDur	Stim Type	Pair Index

015	1	Sound	P2/beat1	25160	25000	1			25000		other	0
015	1	Sound	n05	71661	71500	1			71500		other	0
015	1	Picture	3-113-1-3	130479	130318	7	5166	7	130000	5000	incorrect	4
015	1	Response	52	143240	143080	2
015	2	Sound	P2/beat	175976	25000	1			25000		other	0
015	2	Sound	f05	222476	71500	1			71500		other	0
015	2	Picture	3-113-1-3	281295	130318	7	5166	7	130000	5000	hit	8
015	2	Response	61	294440	143464	1
015	3	Sound	P2/beat	326792	25000	1			25000		other	0
015	3	Sound	n01	373292	71500	1			71500		other	0
015	3	Picture	3-223-1-3	432110	130318	7	5166	7	130000	5000	hit	12
015	3	Response	62	443400	141608	2
015	4	Sound	P2/beat	477608	25000	1			25000		other	0
015	4	Sound	test15	524108	71500	1			71500		other	0
015	4	Picture	2-223-1-2	582926	130318	7	5166	7	130000	5000	hit	16
015	4	Response	62	598280	145672	1
015	5	Sound	P1/tapping1	628424	25000	1			25000		other	0
015	5	Response	53	632280	28856	1
015	5	Response	53	637800	34376	1
015	5	Response	53	643880	40456	1
015	5	Response	53	649640	46216	1
015	5	Response	53	656040	52616	2
015	5	Response	53	661881	58457	3
015	5	Response	53	668201	64777	1
015	5	Sound	f08	674924	71500	1			71500		other	0
015	5	Picture	3-122-2-3	733742	130318	7	5166	7	130000	5000	hit	27
015	5	Response	62	748520	145096	1
015	6	Response	53	774920	20680	1
015	6	Sound	P1/tapping	779240	25000	1			25000		other	0
015	6	Response	53	781720	27480	1
015	6	Response	53	788200	33960	1
015	6	Response	53	793880	39640	2
015	6	Response	53	799881	45641	2
015	6	Response	53	806120	51881	1
015	6	Response	53	812040	57800	1
015	6	Response	53	818361	64121	2
015	6	Response	53	823960	69720	1
015	6	Sound	f01	825740	71500	1			71500		other	0
015	6	Picture	2-122-1-2	884558	130318	7	5166	7	130000	5000	hit	40
015	6	Response	62	904680	150440	1
015	7	Response	53	926120	21065	1
015	7	Sound	P1/tapping	930055	25000	1			25000		other	0
015	7	Response	53	933480	28425	2
015	7	Response	53	939880	34824	2
015	7	Response	53	946200	41145	1
015	7	Response	53	951640	46585	1
015	7	Response	53	957960	52905	2
015	7	Response	53	964760	59705	1
015	7	Response	53	970600	65544	1
015	7	Sound	n03	976555	71500	1			71500		other	0
015	7	Picture	3-122-1-3	1035374	130318	7	5166	7	130000	5000	incorrect	52
015	7	Response	51	1047320	142264	1
015	8	Response	53	1077080	21209	2
015	8	Sound	P1/tapping	1080871	25000	1			25000		other	0
015	8	Response	53	1084360	28489	1
015	8	Response	53	1090680	34808	1
015	8	Response	53	1096760	40888	2
015	8	Response	53	1103080	47209	1
015	8	Response	53	1109320	53449	2
015	8	Response	53	1115800	59929	1
015	8	Response	53	1121640	65769	2
015	8	Sound	test18	1127371	71500	1			71500		other	0
015	8	Response	53	1127560	71689	2
015	8	Picture	3-212-1-3	1186189	130318	7	5166	7	130000	5000	incorrect	65
015	8	Response	52	1200360	144488	3
015	9	Sound	P2/both1	1231687	25000	1			25000		other	0
015	9	Response	53	1233400	26713	2
015	9	Response	53	1237960	31273	1
015	9	Response	53	1242280	35593	1
015	9	Response	53	1248520	41833	1
015	9	Response	53	1254760	48073	2
015	9	Response	53	1260600	53913	1
015	9	Response	53	1266600	59913	1
015	9	Response	53	1273160	66473	1
015	9	Sound	test13	1278187	71500	1			71500		other	0
015	9	Picture	3-214-1-3	1337005	130318	7	5166	7	130000	5000	incorrect	77
015	9	Response	52	1349400	142713	1
015	10	Sound	P2/both	1382503	25000	1			25000		other	0
015	10	Response	53	1387960	30457	1
015	10	Response	53	1393640	36137	1
015	10	Response	53	1399640	42137	2
015	10	Response	53	1405480	47977	2
015	10	Response	53	1411640	54137	1
015	10	Response	53	1417720	60217	2
015	10	Response	53	1423400	65897	1
015	10	Sound	test04	1429003	71500	1			71500		other	0
015	10	Response	53	1430040	72537	1
015	10	Picture	2-224-1-2	1487821	130318	7	5166	7	130000	5000	hit	89
015	10	Response	62	1499800	142297	2
015	11	Response	53	1531000	22681	2
015	11	Sound	P2/both	1533319	25000	1			25000		other	0
015	11	Response	53	1538200	29881	1
015	11	Response	53	1544200	35881	1
015	11	Response	53	1551480	43161	1
015	11	Response	53	1556840	48521	1
015	11	Response	53	1562280	53961	1
015	11	Response	53	1568200	59881	1
015	11	Response	53	1573800	65481	1
015	11	Response	53	1579479	71161	1
015	11	Sound	f15	1579818	71500	1			71500		other	0
015	11	Picture	3-124-1-3	1638637	130318	7	5166	7	130000	5000	hit	102
015	11	Response	62	1657720	149401	1
015	12	Sound	P2/both	1684134	25000	1			25000		other	0
015	12	Response	53	1684359	25225	1
015	12	Response	53	1689480	30345	1
015	12	Response	53	1695239	36105	1
015	12	Response	53	1700520	41385	2
015	12	Response	53	1706919	47784	2
015	12	Response	53	1713479	54345	1
015	12	Response	53	1719399	60265	1
015	12	Response	53	1724600	65466	2
015	12	Sound	f21	1730634	71500	1			71500		other	0
015	12	Response	53	1731560	72425	2
015	12	Picture	3-124-1-3	1789453	130318	7	5166	7	130000	5000	hit	115
015	12	Response	62	1804600	145466	2
015	13	Sound	P0/none1	1834950	25000	1			25000		other	0
015	13	Sound	n07	1881450	71500	1			71500		other	0
015	13	Picture	2-221-1-2	1940269	130318	7	5166	7	130000	5000	incorrect	119
015	13	Response	51	1950599	140649	1
015	14	Sound	P0/none	1985766	25000	1			25000		other	0
015	14	Sound	n04	2032266	71500	1			71500		other	0
015	14	Picture	2-211-1-2	2091084	130318	7	5166	7	130000	5000	incorrect	123
015	14	Response	52	2108520	147753	3
015	15	Sound	P0/none	2136582	25000	1			25000		other	0
015	15	Sound	f03	2183082	71500	1			71500		other	0
015	15	Picture	2-111-1-2	2241900	130318	7	5166	7	130000	5000	incorrect	127
015	15	Response	52	2256359	144777	1
015	16	Sound	P0/none	2287398	25000	1			25000		other	0
015	16	Sound	test05	2333898	71500	1			71500		other	0
015	16	Picture	2-211-1-2	2392716	130318	7	5166	7	130000	5000	hit	131
015	16	Response	61	2404759	142361	2
015	17	Sound	P2/beat1	2438213	25000	1			25000		other	0
015	17	Sound	test16	2484713	71500	1			71500		other	0
015	17	Picture	3-213-1-3	2543532	130318	7	5166	7	130000	5000	incorrect	135
015	17	Response	52	2558359	145146	2
015	18	Sound	P2/beat	2589029	25000	1			25000		other	0
015	18	Sound	f11	2635529	71500	1			71500		other	0
015	18	Picture	3-113-1-3	2694348	130318	7	5166	7	130000	5000	incorrect	139
015	18	Response	52	2705399	141370	1
015	19	Sound	P2/beat	2739845	25000	1			25000		other	0
015	19	Sound	test07	2786345	71500	1			71500		other	0
015	19	Picture	2-223-1-2	2845163	130318	7	5166	7	130000	5000	hit	143
015	19	Response	62	2862359	147514	2
015	20	Sound	P2/beat	2890661	25000	1			25000		other	0
015	20	Sound	f23	2937161	71500	1			71500		other	0
015	20	Picture	2-113-1-2	2995979	130318	7	5166	7	130000	5000	incorrect	147
015	20	Response	52	3010039	144378	1
015	21	Sound	P0/none1	3041477	25000	1			25000		other	0
015	21	Sound	test23	3087976	71500	1			71500		other	0
015	21	Picture	2-221-2-2	3146795	130318	7	5166	7	130000	5000	hit	151
015	21	Response	62	3161239	144762	2
015	22	Sound	P0/none	3192292	25000	1			25000		other	0
015	22	Sound	f24	3238792	71500	1			71500		other	0
015	22	Picture	3-121-1-3	3297611	130318	7	5166	7	130000	5000	hit	155
015	22	Response	62	3311558	144266	1
015	23	Sound	P0/none	3343108	25000	1			25000		other	0
015	23	Sound	n06	3389608	71500	1			71500		other	0
015	23	Picture	3-211-1-3	3448427	130318	7	5166	7	130000	5000	incorrect	159
015	23	Response	52	3461879	143771	2
015	24	Sound	P0/none	3493925	25000	1			25000		other	0
015	24	Sound	test24	3540424	71500	1			71500		other	0
015	24	Picture	2-221-1-2	3599243	130318	7	5166	7	130000	5000	hit	163
015	24	Response	62	3610039	141114	1
015	25	Response	53	3643398	23658	1
015	25	Sound	P1/tapping1	3644740	25000	1			25000		other	0
015	25	Response	53	3649398	29658	2
015	25	Response	53	3656999	37258	2
015	25	Response	53	3662918	43178	1
015	25	Response	53	3668678	48938	1
015	25	Response	53	3673958	54218	1
015	25	Response	53	3679398	59658	1
015	25	Response	53	3685638	65898	2
015	25	Sound	test02	3691240	71500	1			71500		other	0
015	25	Picture	2-212-1-2	3750059	130318	7	5166	7	130000	5000	incorrect	175
015	25	Response	52	3762278	142538	1
015	26	Response	53	3794998	24442	1
015	26	Sound	P1/tapping	3795556	25000	1			25000		other	0
015	26	Response	53	3801238	30682	2
015	26	Response	53	3807638	37082	1
015	26	Response	53	3813878	43322	1
015	26	Response	53	3819638	49082	1
015	26	Response	53	3825559	55003	3
015	26	Response	53	3831318	60762	2
015	26	Response	53	3837479	66923	2
015	26	Sound	f14	3842056	71500	1			71500		other	0
015	26	Picture	2-122-2-2	3900874	130318	7	5166	7	130000	5000	hit	187
015	26	Response	62	3919158	148602	1
015	27	Sound	P1/tapping	3946372	25000	1			25000		other	0
015	27	Response	53	3954758	33386	1
015	27	Response	53	3959958	38586	1
015	27	Response	53	3965558	44186	2
015	27	Response	53	3972118	50746	2
015	27	Response	53	3978038	56666	1
015	27	Response	53	3983798	62426	1
015	27	Response	53	3990038	68666	1
015	27	Sound	f17	3992871	71500	1			71500		other	0
015	27	Picture	3-122-1-3	4051690	130318	7	5166	7	130000	5000	hit	198
015	27	Response	62	4067878	146506	2
015	28	Sound	P1/tapping	4097187	25000	1			25000		other	0
015	28	Response	53	4104838	32651	1
015	28	Response	53	4110518	38331	1
015	28	Response	53	4117478	45291	2
015	28	Response	53	4123718	51531	2
015	28	Response	53	4129239	57052	2
015	28	Response	53	4134838	62650	1
015	28	Response	53	4140678	68491	2
015	28	Sound	test17	4143687	71500	1			71500		other	0
015	28	Picture	2-222-2-2	4202506	130318	7	5166	7	130000	5000	incorrect	209
015	28	Response	51	4220918	148731	1
015	29	Sound	P2/beat1	4248004	25000	1			25000		other	0
015	29	Sound	f10	4294503	71500	1			71500		other	0
015	29	Picture	2-123-1-2	4353322	130318	7	5166	7	130000	5000	hit	213
015	29	Response	62	4368598	145595	2
015	30	Sound	P2/beat	4398819	25000	1			25000		other	0
015	30	Sound	test01	4445319	71500	1			71500		other	0
015	30	Picture	2-223-1-2	4504138	130318	7	5166	7	130000	5000	hit	217
015	30	Response	62	4513638	139819	1
015	30	Response	52	4521478	147659	2
015	31	Sound	P2/beat	4549635	25000	1			25000		other	0
015	31	Sound	test12	4596135	71500	1			71500		other	0
015	31	Picture	2-213-1-2	4654954	130318	7	5166	7	130000	5000	incorrect	222
015	31	Response	52	4664438	139803	1
015	32	Sound	P2/beat	4700451	25000	1			25000		other	0
015	32	Sound	test08	4746951	71500	1			71500		other	0
015	32	Picture	2-223-1-2	4805769	130318	7	5166	7	130000	5000	hit	226
015	32	Response	62	4819398	143947	1
015	33	Sound	P2/both1	4851267	25000	1			25000		other	0
015	33	Response	53	4853238	26971	2
015	33	Response	53	4857078	30811	1
015	33	Response	53	4862037	35770	2
015	33	Response	53	4867878	41611	2
015	33	Response	53	4874998	48731	2
015	33	Response	53	4880918	54651	1
015	33	Response	53	4886438	60171	2
015	33	Response	53	4892118	65851	1
015	33	Sound	f09	4897767	71500	1			71500		other	0
015	33	Response	53	4898678	72411	2
015	33	Picture	3-114-1-3	4956585	130318	7	5166	7	130000	5000	hit	239
015	33	Response	61	4971078	144811	1
015	34	Sound	P2/both	5002083	25000	1			25000		other	0
015	34	Response	53	5002198	25115	1
015	34	Response	53	5007078	29995	2
015	34	Response	53	5012838	35755	2
015	34	Response	53	5018839	41756	2
015	34	Response	53	5025798	48715	2
015	34	Response	53	5030918	53835	2
015	34	Response	53	5036598	59515	1
015	34	Response	53	5041637	64555	1
015	34	Response	53	5047718	70635	1
015	34	Sound	test03	5048583	71500	1			71500		other	0
015	34	Picture	3-214-1-3	5107401	130318	7	5166	7	130000	5000	hit	252
015	34	Response	61	5118277	141194	1
015	35	Response	53	5150358	22459	1
015	35	Sound	P2/both	5152899	25000	1			25000		other	0
015	35	Response	53	5156918	29019	1
015	35	Response	53	5163318	35419	1
015	35	Response	53	5170198	42299	1
015	35	Response	53	5176758	48859	1
015	35	Response	53	5181878	53979	1
015	35	Response	53	5187718	59819	2
015	35	Response	53	5193717	65819	2
015	35	Sound	f04	5199398	71500	1			71500		other	0
015	35	Response	53	5202918	75019	1
015	35	Picture	3-114-1-3	5258217	130318	7	5166	7	130000	5000	incorrect	265
015	35	Response	52	5274358	146459	2
015	36	Sound	P2/both	5303714	25000	1			25000		other	0
015	36	Response	53	5305798	27083	2
015	36	Response	53	5309398	30683	1
015	36	Response	53	5314357	35643	1
015	36	Response	53	5320277	41563	1
015	36	Response	53	5326037	47323	2
015	36	Response	53	5332518	53803	1
015	36	Response	53	5338757	60043	1
015	36	Response	53	5344598	65883	2
015	36	Sound	f18	5350214	71500	1			71500		other	0
015	36	Picture	2-114-2-2	5409033	130318	7	5166	7	130000	5000	hit	277
015	36	Response	61	5421717	143003	1
015	37	Sound	P0/none1	5454531	25000	1			25000		other	0
015	37	Sound	f19	5501031	71500	1			71500		other	0
015	37	Picture	3-121-1-3	5559849	130318	7	5166	7	130000	5000	hit	281
015	37	Response	62	5578357	148827	1
015	38	Sound	P0/none	5605346	25000	1			25000		other	0
015	38	Sound	test09	5651846	71500	1			71500		other	0
015	38	Picture	2-211-1-2	5710665	130318	7	5166	7	130000	5000	incorrect	285
015	38	Response	52	5719958	139611	2
015	39	Sound	P0/none	5756162	25000	1			25000		other	0
015	39	Sound	f02	5802662	71500	1			71500		other	0
015	39	Picture	3-121-2-3	5861480	130318	7	5166	7	130000	5000	incorrect	289
015	39	Response	51	5874437	143275	2
015	40	Sound	P0/none	5906978	25000	1			25000		other	0
015	40	Sound	n13	5953478	71500	1			71500		other	0
015	40	Picture	2-221-1-2	6012296	130318	7	5166	7	130000	5000	hit	293
015	40	Response	62	6021877	139899	1
015	41	Response	53	6054357	21563	2
015	41	Sound	P1/tapping1	6057794	25000	1			25000		other	0
015	41	Response	53	6061317	28523	2
015	41	Response	53	6067638	34844	1
015	41	Response	53	6073717	40923	1
015	41	Response	53	6079397	46603	1
015	41	Response	53	6085397	52603	1
015	41	Response	53	6091077	58283	3
015	41	Response	53	6096597	63803	1
015	41	Response	53	6101958	69164	1
015	41	Sound	f16	6104294	71500	1			71500		other	0
015	41	Picture	3-112-1-3	6163112	130318	7	5166	7	130000	5000	incorrect	306
015	41	Response	52	6172278	139484	2
015	42	Response	53	6208357	24747	1
015	42	Sound	P1/tapping	6208610	25000	1			25000		other	0
015	42	Response	53	6213877	30267	1
015	42	Response	53	6219477	35867	2
015	42	Response	53	6225157	41547	2
015	42	Response	53	6230677	47067	1
015	42	Response	53	6236197	52587	1
015	42	Response	53	6241557	57947	2
015	42	Response	53	6246997	63387	1
015	42	Response	53	6252517	68908	1
015	42	Sound	n14	6255109	71500	1			71500		other	0
015	42	Picture	3-112-1-3	6313928	130318	7	5166	7	130000	5000	incorrect	319
015	42	Response	52	6330757	147147	1
015	43	Sound	P1/tapping	6359426	25000	1			25000		other	0
015	43	Response	53	6362917	28491	1
015	43	Response	53	6367157	32731	1
015	43	Response	53	6372677	38251	1
015	43	Response	53	6378277	43851	1
015	43	Response	53	6383317	48891	1
015	43	Response	53	6389157	54732	3
015	43	Response	53	6394117	59691	2
015	43	Response	53	6398757	64331	3
015	43	Response	53	6404357	69931	3
015	43	Sound	f07	6405926	71500	1			71500		other	0
015	43	Picture	2-112-1-2	6464744	130318	7	5166	7	130000	5000	incorrect	332
015	43	Response	52	6478437	144012	2
015	44	Sound	P1/tapping	6510241	25000	1			25000		other	0
015	44	Response	53	6513957	28715	1
015	44	Response	53	6519237	33995	2
015	44	Response	53	6524997	39755	1
015	44	Response	53	6530757	45515	2
015	44	Response	53	6535957	50715	1
015	44	Response	53	6541637	56395	2
015	44	Response	53	6547797	62555	2
015	44	Response	53	6553317	68075	1
015	44	Sound	n11	6556742	71500	1			71500		other	0
015	44	Picture	2-112-1-2	6615560	130318	7	5166	7	130000	5000	hit	344
015	44	Response	61	6630517	145275	1
015	45	Sound	P2/both1	6661057	25000	1			25000		other	0
015	45	Response	53	6662277	26219	1
015	45	Response	53	6666837	30779	3
015	45	Response	53	6672037	35979	1
015	45	Response	53	6678037	41980	2
015	45	Response	53	6683957	47899	1
015	45	Response	53	6690517	54459	1
015	45	Response	53	6696756	60699	1
015	45	Response	53	6702357	66299	1
015	45	Response	53	6707237	71179	1
015	45	Sound	test10	6707557	71500	1			71500		other	0
015	45	Picture	2-224-1-2	6766376	130318	7	5166	7	130000	5000	hit	357
015	45	Response	62	6776997	140939	1
015	46	Sound	P2/both	6811873	25000	1			25000		other	0
015	46	Response	53	6817477	30603	2
015	46	Response	53	6822356	35483	1
015	46	Response	53	6828117	41243	3
015	46	Response	53	6833157	46283	2
015	46	Response	53	6839717	52843	2
015	46	Response	53	6846837	59964	3
015	46	Response	53	6852117	65244	3
015	46	Response	53	6858277	71403	2
015	46	Sound	test14	6858373	71500	1			71500		other	0
015	46	Picture	3-224-1-3	6917192	130318	7	5166	7	130000	5000	hit	369
015	46	Response	62	6930517	143643	1
015	47	Sound	P2/both	6962689	25000	1			25000		other	0
015	47	Response	53	6967157	29467	1
015	47	Response	53	6972437	34747	1
015	47	Response	53	6977717	40027	2
015	47	Response	53	6984516	46827	1
015	47	Response	53	6991797	54107	1
015	47	Response	53	6998116	60427	1
015	47	Response	53	7003957	66267	1
015	47	Sound	test21	7009189	71500	1			71500		other	0
015	47	Picture	2-224-2-2	7068008	130318	7	5166	7	130000	5000	incorrect	380
015	47	Response	51	7082597	144907	2
015	48	Sound	P2/both	7113505	25000	1			25000		other	0
015	48	Response	53	7115956	27451	1
015	48	Response	53	7120116	31611	1
015	48	Response	53	7124836	36331	2
015	48	Response	53	7129316	40811	2
015	48	Response	53	7135076	46571	2
015	48	Response	53	7141396	52891	2
015	48	Response	53	7147076	58571	1
015	48	Response	53	7154757	66252	2
015	48	Sound	test11	7160005	71500	1			71500		other	0
015	48	Response	53	7160116	71611	1
015	48	Picture	3-224-1-3	7218824	130318	7	5166	7	130000	5000	hit	393
015	48	Response	62	7235636	147131	1
015	49	Response	53	7259396	20075	3
015	49	Sound	P1/tapping1	7264321	25000	1			25000		other	0
015	49	Response	53	7266116	26795	1
015	49	Response	53	7271236	31915	1
015	49	Response	53	7277476	38155	2
015	49	Response	53	7282996	43675	1
015	49	Response	53	7289236	49915	3
015	49	Response	53	7294996	55675	1
015	49	Response	53	7300996	61675	1
015	49	Response	53	7306996	67675	1
015	49	Sound	f22	7310821	71500	1			71500		other	0
015	49	Picture	3-112-1-3	7369640	130318	7	5166	7	130000	5000	incorrect	406
015	49	Response	52	7380596	141275	2
015	50	Sound	P1/tapping	7415137	25000	1			25000		other	0
015	50	Response	53	7417636	27499	1
015	50	Response	53	7422597	32460	2
015	50	Response	53	7429076	38939	2
015	50	Response	53	7435396	45259	1
015	50	Response	53	7441637	51500	1
015	50	Response	53	7445956	55819	1
015	50	Response	53	7451556	61419	2
015	50	Response	53	7457476	67339	1
015	50	Sound	n12	7461637	71500	1			71500		other	0
015	50	Picture	3-112-1-3	7520455	130318	7	5166	7	130000	5000	incorrect	418
015	50	Response	52	7531957	141820	1
015	51	Sound	P1/tapping	7565953	25000	1			25000		other	0
015	51	Response	53	7566756	25803	2
015	51	Response	53	7572276	31323	1
015	51	Response	53	7578196	37243	1
015	51	Response	53	7583956	43003	1
015	51	Response	53	7589716	48764	1
015	51	Response	53	7595076	54123	2
015	51	Response	53	7600837	59884	3
015	51	Response	53	7606356	65403	1
015	51	Response	53	7610596	69643	1
015	51	Sound	test25	7612451	71498	1			71500		other	0
015	51	Picture	3-222-1-3	7671271	130318	7	5166	7	130000	5000	incorrect	431
015	51	Response	51	7684756	143803	1
015	52	Sound	P1/tapping	7716769	25000	1			25000		other	0
015	52	Response	53	7718996	27227	1
015	52	Response	53	7723556	31787	2
015	52	Response	53	7731317	39548	3
015	52	Response	53	7737796	46027	1
015	52	Response	53	7744676	52907	1
015	52	Response	53	7752116	60347	1
015	52	Response	53	7757556	65787	1
015	52	Sound	f20	7763269	71500	1			71500		other	0
015	52	Picture	3-112-1-3	7822087	130318	7	5166	7	130000	5000	incorrect	442
015	52	Response	52	7839556	147787	1
015	53	Sound	P0/none1	7867585	25000	1			25000		other	0
015	53	Sound	f12	7914085	71500	1			71500		other	0
015	53	Picture	3-111-1-3	7972903	130318	7	5166	7	130000	5000	incorrect	446
015	53	Response	52	7984676	142091	1
015	54	Sound	P0/none	8018401	25000	1			25000		other	0
015	54	Sound	test06	8064901	71500	1			71500		other	0
015	54	Picture	2-211-1-2	8123719	130318	7	5166	7	130000	5000	incorrect	450
015	54	Response	52	8134596	141195	1
015	55	Sound	P0/none	8169216	25000	1			25000		other	0
015	55	Sound	f06	8215716	71500	1			71500		other	0
015	55	Picture	2-121-1-2	8274535	130318	7	5166	7	130000	5000	incorrect	454
015	55	Response	51	8286596	142380	1
015	56	Sound	P0/none	8320032	25000	1			25000		other	0
015	56	Sound	n10	8366532	71500	1			71500		other	0
015	56	Picture	3-111-1-3	8425351	130318	7	5166	7	130000	5000	hit	458
015	56	Response	61	8436436	141403	1
015	57	Sound	P2/beat1	8470848	25000	1			25000		other	0
015	57	Sound	f13	8517348	71500	1			71500		other	0
015	57	Picture	2-123-1-2	8576167	130318	7	5166	7	130000	5000	hit	462
015	57	Response	62	8586036	140187	1
015	58	Sound	P2/beat	8621664	25000	1			25000		other	0
015	58	Sound	test22	8668164	71500	1			71500		other	0
015	58	Picture	2-213-2-2	8726983	130318	7	5166	7	130000	5000	incorrect	466
015	58	Response	52	8736996	140332	2
015	59	Sound	P2/beat	8772480	25000	1			25000		other	0
015	59	Sound	n09	8818980	71500	1			71500		other	0
015	59	Picture	3-223-1-3	8877798	130318	7	5166	7	130000	5000	hit	470
015	59	Response	62	8888595	141115	1
015	60	Sound	P2/beat	8923296	25000	1			25000		other	0
015	60	Sound	test19	8969796	71500	1			71500		other	0
015	60	Picture	2-213-1-2	9028614	130318	7	5166	7	130000	5000	incorrect	474
015	60	Response	52	9036755	138459	1


Event Type	Code	Type	Response	RT	RT Uncertainty	Time	Uncertainty	Duration	Uncertainty	ReqTime	ReqDur

Sound	P2/beat1	other				25160	1			25000
Sound	n05	other				71661	1			71500
Picture	3-113-1-3	incorrect	2	12762	8	130479	7	5166	7	130000	5000
Sound	P2/beat	other				175976	1			25000
Sound	f05	other				222476	1			71500
Picture	3-113-1-3	hit	1	13146	7	281295	7	5166	7	130000	5000
Sound	P2/beat	other				326792	1			25000
Sound	n01	other				373292	1			71500
Picture	3-223-1-3	hit	2	11290	8	432110	7	5166	7	130000	5000
Sound	P2/beat	other				477608	1			25000
Sound	test15	other				524108	1			71500
Picture	2-223-1-2	hit	2	15354	7	582926	7	5166	7	130000	5000
Sound	P1/tapping1	other				628424	1			25000
Sound	f08	other				674924	1			71500
Picture	3-122-2-3	hit	2	14778	7	733742	7	5166	7	130000	5000
Sound	P1/tapping	other				779240	1			25000
Sound	f01	other				825740	1			71500
Picture	2-122-1-2	hit	2	20122	7	884558	7	5166	7	130000	5000
Sound	P1/tapping	other				930055	1			25000
Sound	n03	other				976555	1			71500
Picture	3-122-1-3	incorrect	1	11946	7	1035374	7	5166	7	130000	5000
Sound	P1/tapping	other				1080871	1			25000
Sound	test18	other				1127371	1			71500
Picture	3-212-1-3	incorrect	2	14170	10	1186189	7	5166	7	130000	5000
Sound	P2/both1	other				1231687	1			25000
Sound	test13	other				1278187	1			71500
Picture	3-214-1-3	incorrect	2	12394	7	1337005	7	5166	7	130000	5000
Sound	P2/both	other				1382503	1			25000
Sound	test04	other				1429003	1			71500
Picture	2-224-1-2	hit	2	11979	8	1487821	7	5166	7	130000	5000
Sound	P2/both	other				1533319	1			25000
Sound	f15	other				1579818	1			71500
Picture	3-124-1-3	hit	2	19083	7	1638637	7	5166	7	130000	5000
Sound	P2/both	other				1684134	1			25000
Sound	f21	other				1730634	1			71500
Picture	3-124-1-3	hit	2	15148	8	1789453	7	5166	7	130000	5000
Sound	P0/none1	other				1834950	1			25000
Sound	n07	other				1881450	1			71500
Picture	2-221-1-2	incorrect	1	10331	7	1940269	7	5166	7	130000	5000
Sound	P0/none	other				1985766	1			25000
Sound	n04	other				2032266	1			71500
Picture	2-211-1-2	incorrect	2	17435	9	2091084	7	5166	7	130000	5000
Sound	P0/none	other				2136582	1			25000
Sound	f03	other				2183082	1			71500
Picture	2-111-1-2	incorrect	2	14459	7	2241900	7	5166	7	130000	5000
Sound	P0/none	other				2287398	1			25000
Sound	test05	other				2333898	1			71500
Picture	2-211-1-2	hit	1	12043	8	2392716	7	5166	7	130000	5000
Sound	P2/beat1	other				2438213	1			25000
Sound	test16	other				2484713	1			71500
Picture	3-213-1-3	incorrect	2	14827	8	2543532	7	5166	7	130000	5000
Sound	P2/beat	other				2589029	1			25000
Sound	f11	other				2635529	1			71500
Picture	3-113-1-3	incorrect	2	11051	7	2694348	7	5166	7	130000	5000
Sound	P2/beat	other				2739845	1			25000
Sound	test07	other				2786345	1			71500
Picture	2-223-1-2	hit	2	17196	8	2845163	7	5166	7	130000	5000
Sound	P2/beat	other				2890661	1			25000
Sound	f23	other				2937161	1			71500
Picture	2-113-1-2	incorrect	2	14059	8	2995979	7	5166	7	130000	5000
Sound	P0/none1	other				3041477	1			25000
Sound	test23	other				3087976	1			71500
Picture	2-221-2-2	hit	2	14444	8	3146795	7	5166	7	130000	5000
Sound	P0/none	other				3192292	1			25000
Sound	f24	other				3238792	1			71500
Picture	3-121-1-3	hit	2	13948	7	3297611	7	5166	7	130000	5000
Sound	P0/none	other				3343108	1			25000
Sound	n06	other				3389608	1			71500
Picture	3-211-1-3	incorrect	2	13453	8	3448427	7	5166	7	130000	5000
Sound	P0/none	other				3493925	1			25000
Sound	test24	other				3540424	1			71500
Picture	2-221-1-2	hit	2	10796	7	3599243	7	5166	7	130000	5000
Sound	P1/tapping1	other				3644740	1			25000
Sound	test02	other				3691240	1			71500
Picture	2-212-1-2	incorrect	2	12220	7	3750059	7	5166	7	130000	5000
Sound	P1/tapping	other				3795556	1			25000
Sound	f14	other				3842056	1			71500
Picture	2-122-2-2	hit	2	18284	7	3900874	7	5166	7	130000	5000
Sound	P1/tapping	other				3946372	1			25000
Sound	f17	other				3992871	1			71500
Picture	3-122-1-3	hit	2	16188	8	4051690	7	5166	7	130000	5000
Sound	P1/tapping	other				4097187	1			25000
Sound	test17	other				4143687	1			71500
Picture	2-222-2-2	incorrect	1	18412	7	4202506	7	5166	7	130000	5000
Sound	P2/beat1	other				4248004	1			25000
Sound	f10	other				4294503	1			71500
Picture	2-123-1-2	hit	2	15276	8	4353322	7	5166	7	130000	5000
Sound	P2/beat	other				4398819	1			25000
Sound	test01	other				4445319	1			71500
Picture	2-223-1-2	hit	2	9500	7	4504138	7	5166	7	130000	5000
Sound	P2/beat	other				4549635	1			25000
Sound	test12	other				4596135	1			71500
Picture	2-213-1-2	incorrect	2	9485	8	4654954	7	5166	7	130000	5000
Sound	P2/beat	other				4700451	1			25000
Sound	test08	other				4746951	1			71500
Picture	2-223-1-2	hit	2	13628	7	4805769	7	5166	7	130000	5000
Sound	P2/both1	other				4851267	1			25000
Sound	f09	other				4897767	1			71500
Picture	3-114-1-3	hit	1	14492	7	4956585	7	5166	7	130000	5000
Sound	P2/both	other				5002083	1			25000
Sound	test03	other				5048583	1			71500
Picture	3-214-1-3	hit	1	10876	7	5107401	7	5166	7	130000	5000
Sound	P2/both	other				5152899	1			25000
Sound	f04	other				5199398	1			71500
Picture	3-114-1-3	incorrect	2	16141	8	5258217	7	5166	7	130000	5000
Sound	P2/both	other				5303714	1			25000
Sound	f18	other				5350214	1			71500
Picture	2-114-2-2	hit	1	12684	7	5409033	7	5166	7	130000	5000
Sound	P0/none1	other				5454531	1			25000
Sound	f19	other				5501031	1			71500
Picture	3-121-1-3	hit	2	18509	7	5559849	7	5166	7	130000	5000
Sound	P0/none	other				5605346	1			25000
Sound	test09	other				5651846	1			71500
Picture	2-211-1-2	incorrect	2	9293	8	5710665	7	5166	7	130000	5000
Sound	P0/none	other				5756162	1			25000
Sound	f02	other				5802662	1			71500
Picture	3-121-2-3	incorrect	1	12957	9	5861480	7	5166	7	130000	5000
Sound	P0/none	other				5906978	1			25000
Sound	n13	other				5953478	1			71500
Picture	2-221-1-2	hit	2	9581	7	6012296	7	5166	7	130000	5000
Sound	P1/tapping1	other				6057794	1			25000
Sound	f16	other				6104294	1			71500
Picture	3-112-1-3	incorrect	2	9165	9	6163112	7	5166	7	130000	5000
Sound	P1/tapping	other				6208610	1			25000
Sound	n14	other				6255109	1			71500
Picture	3-112-1-3	incorrect	2	16829	7	6313928	7	5166	7	130000	5000
Sound	P1/tapping	other				6359426	1			25000
Sound	f07	other				6405926	1			71500
Picture	2-112-1-2	incorrect	2	13693	8	6464744	7	5166	7	130000	5000
Sound	P1/tapping	other				6510241	1			25000
Sound	n11	other				6556742	1			71500
Picture	2-112-1-2	hit	1	14957	7	6615560	7	5166	7	130000	5000
Sound	P2/both1	other				6661057	1			25000
Sound	test10	other				6707557	1			71500
Picture	2-224-1-2	hit	2	10621	7	6766376	7	5166	7	130000	5000
Sound	P2/both	other				6811873	1			25000
Sound	test14	other				6858373	1			71500
Picture	3-224-1-3	hit	2	13325	7	6917192	7	5166	7	130000	5000
Sound	P2/both	other				6962689	1			25000
Sound	test21	other				7009189	1			71500
Picture	2-224-2-2	incorrect	1	14589	8	7068008	7	5166	7	130000	5000
Sound	P2/both	other				7113505	1			25000
Sound	test11	other				7160005	1			71500
Picture	3-224-1-3	hit	2	16813	7	7218824	7	5166	7	130000	5000
Sound	P1/tapping1	other				7264321	1			25000
Sound	f22	other				7310821	1			71500
Picture	3-112-1-3	incorrect	2	10957	8	7369640	7	5166	7	130000	5000
Sound	P1/tapping	other				7415137	1			25000
Sound	n12	other				7461637	1			71500
Picture	3-112-1-3	incorrect	2	11501	7	7520455	7	5166	7	130000	5000
Sound	P1/tapping	other				7565953	1			25000
Sound	test25	other				7612451	1			71500
Picture	3-222-1-3	incorrect	1	13485	7	7671271	7	5166	7	130000	5000
Sound	P1/tapping	other				7716769	1			25000
Sound	f20	other				7763269	1			71500
Picture	3-112-1-3	incorrect	2	17469	7	7822087	7	5166	7	130000	5000
Sound	P0/none1	other				7867585	1			25000
Sound	f12	other				7914085	1			71500
Picture	3-111-1-3	incorrect	2	11773	7	7972903	7	5166	7	130000	5000
Sound	P0/none	other				8018401	1			25000
Sound	test06	other				8064901	1			71500
Picture	2-211-1-2	incorrect	2	10877	7	8123719	7	5166	7	130000	5000
Sound	P0/none	other				8169216	1			25000
Sound	f06	other				8215716	1			71500
Picture	2-121-1-2	incorrect	1	12061	7	8274535	7	5166	7	130000	5000
Sound	P0/none	other				8320032	1			25000
Sound	n10	other				8366532	1			71500
Picture	3-111-1-3	hit	1	11085	7	8425351	7	5166	7	130000	5000
Sound	P2/beat1	other				8470848	1			25000
Sound	f13	other				8517348	1			71500
Picture	2-123-1-2	hit	2	9869	8	8576167	7	5166	7	130000	5000
Sound	P2/beat	other				8621664	1			25000
Sound	test22	other				8668164	1			71500
Picture	2-213-2-2	incorrect	2	10014	8	8726983	7	5166	7	130000	5000
Sound	P2/beat	other				8772480	1			25000
Sound	n09	other				8818980	1			71500
Picture	3-223-1-3	hit	2	10797	8	8877798	7	5166	7	130000	5000
Sound	P2/beat	other				8923296	1			25000
Sound	test19	other				8969796	1			71500
Picture	2-213-1-2	incorrect	2	8141	7	9028614	7	5166	7	130000	5000


{
   "app": "Presentation Version 22.1 Build 01.21.21",
   "device": "Dell Inc. OptiPlex 7050",
   "experiment": "{C8E97CB4-6FCA-44FA-B866-4A2D94B6B85C}",
   "os": "Windows 10 64 bit",
   "package": "",
   "parameters": {
      "configuration": "Default configuration"
   },
   "scenario": "entrain_list1_sess2_EB.sce",
   "subject": "015",
   "timestamp": "2022/10/20 16:56:51 GMT"
}
