Scenario - test
Logfile written - 10/20/2022 18:52:11

Subject	Trial	Event Type	Code	Time	TTime	Uncertainty	Duration	Uncertainty	ReqTime	ReqDur	Stim Type	Pair Index

015	1	Sound	P2/both1	25160	24999	1			25000		other	0
015	1	Response	53	26780	26620	1
015	1	Response	53	31340	31179	1
015	1	Response	53	36460	36299	1
015	1	Response	53	42300	42140	3
015	1	Response	53	48301	48140	3
015	1	Response	53	53900	53739	1
015	1	Response	53	59980	59819	1
015	1	Response	53	66140	65979	1
015	1	Response	53	71260	71099	1
015	1	Sound	test06	71660	71500	1			71500		other	0
015	1	Picture	3-224-1-3	130479	130318	7	5166	7	130000	5000	incorrect	13
015	1	Response	51	150140	149979	1
015	2	Sound	P2/both	175976	25000	1			25000		other	0
015	2	Response	53	177740	26763	1
015	2	Response	53	181820	30843	1
015	2	Response	53	186940	35963	1
015	2	Response	53	192460	41483	1
015	2	Response	53	198780	47803	1
015	2	Response	53	205099	54123	1
015	2	Response	53	210859	59883	2
015	2	Response	53	216619	65643	1
015	2	Sound	f17	222479	71502	1			71500		other	0
015	2	Picture	2-114-2-2	281295	130318	7	5166	7	130000	5000	incorrect	25
015	2	Response	52	292700	141723	1
015	3	Sound	P2/both	326792	25000	1			25000		other	0
015	3	Response	53	331979	30187	1
015	3	Response	53	337179	35387	1
015	3	Response	53	343339	41547	1
015	3	Response	53	349659	47867	1
015	3	Response	53	355739	53947	1
015	3	Response	53	361579	59787	1
015	3	Response	53	369099	67307	1
015	3	Sound	f02	373292	71500	1			71500		other	0
015	3	Response	53	374379	72586	2
015	3	Picture	3-114-2-3	432111	130318	7	5166	7	130000	5000	hit	37
015	3	Response	61	445099	143307	1
015	4	Sound	P2/both	477608	25000	1			25000		other	0
015	4	Response	53	480699	28091	1
015	4	Response	53	486620	34012	2
015	4	Response	53	493820	41211	1
015	4	Response	53	501020	48411	2
015	4	Response	53	506859	54251	1
015	4	Response	53	512380	59772	1
015	4	Response	53	518379	65771	1
015	4	Sound	n09	524108	71500	1			71500		other	0
015	4	Response	53	524379	71771	1
015	4	Picture	2-214-2-2	582927	130318	7	5166	7	130000	5000	hit	49
015	4	Response	61	594779	142171	1
015	5	Sound	P0/none1	628424	25000	1			25000		other	0
015	5	Sound	test15	674924	71500	1			71500		other	0
015	5	Picture	2-211-1-2	733742	130318	7	5166	7	130000	5000	hit	53
015	5	Response	61	748859	145435	2
015	6	Sound	P0/none	779240	25000	1			25000		other	0
015	6	Sound	test07	825740	71500	1			71500		other	0
015	6	Picture	3-221-1-3	884558	130318	7	5166	7	130000	5000	hit	57
015	6	Response	62	899899	145659	1
015	7	Sound	P0/none	930056	25000	1			25000		other	0
015	7	Sound	f16	976556	71500	1			71500		other	0
015	7	Picture	2-121-1-2	1035374	130318	7	5166	7	130000	5000	hit	61
015	7	Response	62	1047899	142843	1
015	8	Sound	P0/none	1080872	25000	1			25000		other	0
015	8	Sound	f15	1127372	71500	1			71500		other	0
015	8	Picture	2-111-2-2	1186190	130318	7	5166	7	130000	5000	incorrect	65
015	8	Response	52	1202459	146587	1
015	9	Sound	P1/tapping1	1231688	25000	1			25000		other	0
015	9	Response	53	1236539	29852	1
015	9	Response	53	1241899	35212	1
015	9	Response	53	1247580	40892	2
015	9	Response	53	1253579	46891	3
015	9	Response	53	1259339	52651	1
015	9	Response	53	1265579	58891	1
015	9	Response	53	1271339	64651	1
015	9	Response	53	1276378	69691	2
015	9	Sound	test24	1278188	71500	1			71500		other	0
015	9	Picture	2-212-2-2	1337006	130318	7	5166	7	130000	5000	hit	77
015	9	Response	61	1353979	147291	1
015	10	Response	53	1379259	21755	1
015	10	Sound	P1/tapping	1382503	25000	1			25000		other	0
015	10	Response	53	1386780	29276	1
015	10	Response	53	1392699	35195	2
015	10	Response	53	1399259	41755	1
015	10	Response	53	1405498	47995	2
015	10	Response	53	1411738	54235	1
015	10	Response	53	1417899	60395	1
015	10	Response	53	1423899	66395	1
015	10	Sound	n01	1429003	71500	1			71500		other	0
015	10	Response	53	1430459	72955	1
015	10	Picture	2-222-1-2	1487822	130318	7	5166	7	130000	5000	hit	90
015	10	Response	62	1507259	149755	1
015	11	Response	53	1530378	22059	1
015	11	Sound	P1/tapping	1533319	25000	1			25000		other	0
015	11	Response	53	1537899	29579	3
015	11	Response	53	1544139	35819	1
015	11	Response	53	1550139	41819	1
015	11	Response	53	1555819	47499	1
015	11	Response	53	1561659	53340	2
015	11	Response	53	1567099	58779	1
015	11	Response	53	1572699	64379	1
015	11	Response	53	1578139	69819	2
015	11	Sound	test12	1579819	71500	1			71500		other	0
015	11	Picture	3-222-1-3	1638638	130318	7	5166	7	130000	5000	hit	103
015	11	Response	62	1650699	142379	1
015	12	Response	53	1681819	22683	1
015	12	Sound	P1/tapping	1684135	25000	1			25000		other	0
015	12	Response	53	1687819	28683	1
015	12	Response	53	1693339	34203	1
015	12	Response	53	1699818	40683	1
015	12	Response	53	1705659	46523	1
015	12	Response	53	1712779	53644	2
015	12	Response	53	1719179	60043	1
015	12	Response	53	1725099	65963	1
015	12	Sound	test03	1730635	71500	1			71500		other	0
015	12	Picture	3-222-1-3	1789454	130318	7	5166	7	130000	5000	hit	115
015	12	Response	62	1802858	143723	1
015	13	Sound	P2/beat1	1834951	25000	1			25000		other	0
015	13	Sound	test04	1881451	71500	1			71500		other	0
015	13	Picture	3-213-1-3	1940269	130318	7	5166	7	130000	5000	incorrect	119
015	13	Response	52	1952858	142907	2
015	14	Sound	P2/beat	1985774	25007	1			25000		other	0
015	14	Sound	f12	2032267	71500	1			71500		other	0
015	14	Picture	3-123-1-3	2091085	130318	7	5166	7	130000	5000	hit	123
015	14	Response	62	2105978	145211	1
015	15	Sound	P2/beat	2136583	25000	1			25000		other	0
015	15	Sound	test21	2183083	71500	1			71500		other	0
015	15	Picture	2-213-2-2	2241901	130318	7	5166	7	130000	5000	incorrect	127
015	15	Response	52	2254779	143195	1
015	16	Sound	P2/beat	2287399	25000	1			25000		other	0
015	16	Sound	test14	2333899	71500	1			71500		other	0
015	16	Picture	2-213-1-2	2392717	130318	7	5166	7	130000	5000	incorrect	131
015	16	Response	52	2409978	147579	1
015	17	Sound	P0/none1	2438215	25000	1			25000		other	0
015	17	Sound	f08	2484715	71500	1			71500		other	0
015	17	Picture	2-121-1-2	2543533	130318	7	5166	7	130000	5000	hit	135
015	17	Response	62	2558858	145643	1
015	18	Sound	P0/none	2589030	25000	1			25000		other	0
015	18	Sound	f05	2635530	71500	1			71500		other	0
015	18	Picture	3-121-1-3	2694349	130318	7	5166	7	130000	5000	hit	139
015	18	Response	62	2704218	140187	1
015	19	Sound	P0/none	2739847	25000	1			25000		other	0
015	19	Sound	n05	2786347	71500	1			71500		other	0
015	19	Picture	2-111-2-2	2845165	130318	7	5166	7	130000	5000	hit	143
015	19	Response	61	2856298	141451	1
015	20	Sound	P0/none	2890662	25000	1			25000		other	0
015	20	Sound	f13	2937162	71500	1			71500		other	0
015	20	Picture	2-111-1-2	2995981	130318	7	5166	7	130000	5000	incorrect	147
015	20	Response	52	3009498	143835	1
015	21	Sound	P2/beat1	3041478	25000	1			25000		other	0
015	21	Sound	f06	3087978	71500	1			71500		other	0
015	21	Picture	3-113-1-3	3146797	130318	7	5166	7	130000	5000	hit	151
015	21	Response	61	3160538	144060	1
015	22	Sound	P2/beat	3192294	25000	1			25000		other	0
015	22	Sound	n03	3238794	71500	1			71500		other	0
015	22	Picture	3-113-1-3	3297613	130318	7	5166	7	130000	5000	hit	155
015	22	Response	61	3310618	143324	1
015	23	Sound	P2/beat	3343110	25000	1			25000		other	0
015	23	Sound	f22	3389610	71500	1			71500		other	0
015	23	Picture	2-113-2-2	3448428	130318	7	5166	7	130000	5000	incorrect	159
015	23	Response	52	3459098	140988	2
015	24	Sound	P2/beat	3493926	25000	1			25000		other	0
015	24	Sound	test11	3540426	71500	1			71500		other	0
015	24	Picture	3-213-1-3	3599244	130318	7	5166	7	130000	5000	hit	163
015	24	Response	61	3608938	140012	1
015	24	Response	52	3610617	141691	1
015	25	Response	52	3620218	476	1
015	25	Sound	P2/both1	3644742	25000	1			25000		other	0
015	25	Response	53	3649418	29676	1
015	25	Response	53	3655178	35436	1
015	25	Response	53	3662138	42396	1
015	25	Response	53	3667818	48076	1
015	25	Response	53	3673417	53676	1
015	25	Response	53	3678938	59196	2
015	25	Response	53	3685338	65596	2
015	25	Response	53	3691178	71436	1
015	25	Sound	test05	3691242	71500	1			71500		other	0
015	25	Picture	3-224-1-3	3750060	130318	7	5166	7	130000	5000	hit	177
015	25	Response	62	3765897	146156	1
015	26	Sound	P2/both	3795558	25000	1			25000		other	0
015	26	Response	53	3797738	27180	2
015	26	Response	53	3801257	30699	1
015	26	Response	53	3806137	35579	2
015	26	Response	53	3812057	41499	1
015	26	Response	53	3820217	49659	1
015	26	Response	53	3824777	54220	1
015	26	Response	53	3830938	60380	1
015	26	Response	53	3836697	66139	1
015	26	Response	53	3842057	71499	1
015	26	Sound	n12	3842058	71500	1			71500		other	0
015	26	Picture	2-114-2-2	3900876	130318	7	5166	7	130000	5000	incorrect	190
015	26	Response	52	3916138	145580	1
015	27	Sound	P2/both	3946374	25000	1			25000		other	0
015	27	Response	53	3951737	30364	1
015	27	Response	53	3957577	36203	1
015	27	Response	53	3963418	42044	2
015	27	Response	53	3969337	47963	1
015	27	Response	53	3975418	54044	2
015	27	Response	53	3981497	60123	1
015	27	Response	53	3987898	66524	2
015	27	Sound	n10	3992874	71500	1			71500		other	0
015	27	Picture	2-124-1-2	4051692	130318	7	5166	7	130000	5000	hit	201
015	27	Response	62	4062777	141403	1
015	28	Response	53	4095497	23308	1
015	28	Sound	P2/both	4097189	25000	1			25000		other	0
015	28	Response	53	4101577	29388	1
015	28	Response	53	4107497	35308	1
015	28	Response	53	4113337	41148	1
015	28	Response	53	4118937	46748	1
015	28	Response	53	4126937	54748	1
015	28	Response	53	4132537	60348	1
015	28	Response	53	4137977	65788	2
015	28	Response	53	4143257	71068	1
015	28	Sound	test25	4143689	71500	1			71500		other	0
015	28	Picture	2-214-1-2	4202508	130318	7	5166	7	130000	5000	hit	214
015	28	Response	61	4214937	142747	2
015	29	Sound	P0/none1	4248005	25000	1			25000		other	0
015	29	Sound	f18	4294505	71500	1			71500		other	0
015	29	Picture	2-121-2-2	4353324	130318	7	5166	7	130000	5000	incorrect	218
015	29	Response	51	4371497	148491	1
015	30	Sound	P0/none	4398821	25000	1			25000		other	0
015	30	Sound	test10	4445321	71500	1			71500		other	0
015	30	Picture	3-221-1-3	4504140	130318	7	5166	7	130000	5000	hit	222
015	30	Response	62	4519817	145996	1
015	31	Sound	P0/none	4549637	25000	1			25000		other	0
015	31	Sound	test19	4596137	71500	1			71500		other	0
015	31	Picture	3-221-1-3	4654956	130318	7	5166	7	130000	5000	hit	226
015	31	Response	62	4672137	147499	2
015	32	Sound	P0/none	4700453	25000	1			25000		other	0
015	32	Sound	test18	4746953	71500	1			71500		other	0
015	32	Picture	2-211-1-2	4805772	130318	7	5166	7	130000	5000	incorrect	230
015	32	Response	52	4818777	143324	2
015	33	Response	53	4849737	23468	1
015	33	Sound	P1/tapping1	4851269	25000	1			25000		other	0
015	33	Response	53	4855737	29468	1
015	33	Response	53	4862537	36268	1
015	33	Response	53	4868537	42268	1
015	33	Response	53	4874377	48108	1
015	33	Response	53	4880217	53948	1
015	33	Response	53	4886617	60348	1
015	33	Response	53	4892777	66508	2
015	33	Sound	f11	4897769	71500	1			71500		other	0
015	33	Response	53	4899977	73708	1
015	33	Picture	3-122-1-3	4956587	130318	7	5166	7	130000	5000	hit	243
015	33	Response	62	4970697	144428	1
015	34	Sound	P1/tapping	5002085	25000	1			25000		other	0
015	34	Response	53	5004697	27612	1
015	34	Response	53	5010057	32972	1
015	34	Response	53	5015497	38412	1
015	34	Response	53	5021097	44012	1
015	34	Response	53	5026457	49372	1
015	34	Response	53	5031817	54732	1
015	34	Response	53	5037577	60492	1
015	34	Response	53	5043977	66892	2
015	34	Sound	n07	5048585	71500	1			71500		other	0
015	34	Picture	3-212-1-3	5107403	130318	7	5166	7	130000	5000	incorrect	255
015	34	Response	52	5121977	144892	1
015	35	Sound	P1/tapping	5152901	25000	1			25000		other	0
015	35	Response	53	5152937	25036	1
015	35	Response	53	5157817	29916	1
015	35	Response	53	5163577	35676	1
015	35	Response	53	5169737	41836	2
015	35	Response	53	5176537	48636	3
015	35	Response	53	5182617	54716	1
015	35	Response	53	5188617	60716	1
015	35	Response	53	5194537	66636	1
015	35	Sound	test09	5199401	71500	1			71500		other	0
015	35	Picture	3-212-1-3	5258219	130318	7	5166	7	130000	5000	incorrect	267
015	35	Response	52	5269737	141836	1
015	36	Response	53	5301177	22460	1
015	36	Sound	P1/tapping	5303716	25000	1			25000		other	0
015	36	Response	53	5308536	29820	1
015	36	Response	53	5314296	35580	1
015	36	Response	53	5320376	41660	1
015	36	Response	53	5326617	47900	1
015	36	Response	53	5332617	53900	1
015	36	Response	53	5338296	59580	3
015	36	Response	53	5343096	64380	1
015	36	Response	53	5348937	70220	1
015	36	Sound	test22	5350217	71500	1			71500		other	0
015	36	Picture	2-222-2-2	5409035	130318	7	5166	7	130000	5000	hit	280
015	36	Response	62	5423497	144780	2
015	37	Sound	P2/beat1	5454533	25000	1			25000		other	0
015	37	Sound	f14	5501032	71500	1			71500		other	0
015	37	Picture	2-113-2-2	5559851	130318	7	5166	7	130000	5000	hit	284
015	37	Response	61	5572777	143244	1
015	38	Sound	P2/beat	5605348	25000	1			25000		other	0
015	38	Sound	test17	5651848	71500	1			71500		other	0
015	38	Picture	3-223-1-3	5710667	130318	7	5166	7	130000	5000	hit	288
015	38	Response	62	5723577	143228	2
015	39	Sound	P2/beat	5756164	25000	1			25000		other	0
015	39	Sound	n14	5802664	71500	1			71500		other	0
015	39	Picture	2-123-2-2	5861483	130318	7	5166	7	130000	5000	incorrect	292
015	39	Response	51	5869896	138732	1
015	40	Sound	P2/beat	5906980	25000	1			25000		other	0
015	40	Sound	f01	5953481	71500	1			71500		other	0
015	40	Picture	3-123-1-3	6012299	130318	7	5166	7	130000	5000	hit	296
015	40	Response	62	6030137	148156	1
015	41	Sound	P2/both1	6057796	25000	1			25000		other	0
015	41	Response	53	6063576	30780	1
015	41	Response	53	6068536	35740	1
015	41	Response	53	6074296	41500	1
015	41	Response	53	6080616	47820	1
015	41	Response	53	6086616	53820	1
015	41	Response	53	6092056	59260	1
015	41	Response	53	6098056	65260	1
015	41	Sound	n06	6104296	71500	1			71500		other	0
015	41	Picture	2-214-2-2	6163115	130318	7	5166	7	130000	5000	hit	307
015	41	Response	61	6183336	150540	1
015	42	Response	53	6208056	24444	1
015	42	Sound	P2/both	6208612	25000	1			25000		other	0
015	42	Response	53	6213496	29884	1
015	42	Response	53	6219256	35643	1
015	42	Response	53	6225336	41724	1
015	42	Response	53	6231656	48043	1
015	42	Response	53	6237176	53564	2
015	42	Response	53	6243016	59404	1
015	42	Response	53	6249176	65563	1
015	42	Response	53	6254856	71244	1
015	42	Sound	f23	6255112	71500	1			71500		other	0
015	42	Picture	3-124-1-3	6313931	130318	7	5166	7	130000	5000	hit	320
015	42	Response	62	6327416	143803	1
015	43	Sound	P2/both	6359428	25000	1			25000		other	0
015	43	Response	53	6361496	27068	1
015	43	Response	53	6365336	30908	3
015	43	Response	53	6369976	35547	1
015	43	Response	53	6375976	41548	1
015	43	Response	53	6381496	47068	1
015	43	Response	53	6388057	53628	1
015	43	Response	53	6394776	60348	1
015	43	Response	53	6400376	65948	1
015	43	Sound	test02	6405928	71500	1			71500		other	0
015	43	Response	53	6406216	71788	1
015	43	Picture	3-214-1-3	6464746	130318	7	5166	7	130000	5000	incorrect	333
015	43	Response	52	6475976	141548	1
015	44	Sound	P2/both	6510244	25000	1			25000		other	0
015	44	Response	53	6513816	28572	1
015	44	Response	53	6519896	34652	1
015	44	Response	53	6526216	40972	1
015	44	Response	53	6532536	47292	1
015	44	Response	53	6538296	53052	1
015	44	Response	53	6544536	59292	1
015	44	Response	53	6550616	65371	1
015	44	Sound	test08	6556744	71500	1			71500		other	0
015	44	Response	53	6557656	72411	1
015	44	Picture	3-214-1-3	6615562	130318	7	5166	7	130000	5000	incorrect	345
015	44	Response	52	6626776	141532	1
015	45	Sound	P0/none1	6661060	25000	1			25000		other	0
015	45	Sound	f10	6707560	71500	1			71500		other	0
015	45	Picture	3-121-1-3	6766378	130318	7	5166	7	130000	5000	hit	349
015	45	Response	62	6785736	149676	1
015	46	Sound	P0/none	6811876	25000	1			25000		other	0
015	46	Sound	f04	6858376	71500	1			71500		other	0
015	46	Picture	3-121-1-3	6917194	130318	7	5166	7	130000	5000	hit	353
015	46	Response	62	6931336	144460	1
015	47	Sound	P0/none	6962692	25000	1			25000		other	0
015	47	Sound	n11	7009192	71500	1			71500		other	0
015	47	Picture	3-121-2-3	7068010	130318	7	5166	7	130000	5000	hit	357
015	47	Response	62	7080456	142764	1
015	48	Sound	P0/none	7113508	25000	1			25000		other	0
015	48	Sound	test16	7160008	71500	1			71500		other	0
015	48	Picture	2-221-1-2	7218826	130318	7	5166	7	130000	5000	incorrect	361
015	48	Response	51	7235175	146668	1
015	49	Sound	P2/beat1	7264324	25000	1			25000		other	0
015	49	Sound	test13	7310823	71500	1			71500		other	0
015	49	Picture	2-223-1-2	7369642	130318	7	5166	7	130000	5000	hit	365
015	49	Response	62	7383175	143852	1
015	50	Sound	P2/beat	7415140	25000	1			25000		other	0
015	50	Sound	f21	7461640	71500	1			71500		other	0
015	50	Picture	2-113-2-2	7520458	130318	7	5166	7	130000	5000	incorrect	369
015	50	Response	52	7536615	146475	1
015	51	Sound	P2/beat	7565955	25000	1			25000		other	0
015	51	Sound	n13	7612455	71500	1			71500		other	0
015	51	Picture	2-213-1-2	7671274	130318	7	5166	7	130000	5000	incorrect	373
015	51	Response	52	7684055	143100	1
015	52	Sound	P2/beat	7716771	25000	1			25000		other	0
015	52	Sound	f09	7763271	71499	1			71500		other	0
015	52	Picture	3-123-1-3	7822090	130318	7	5166	7	130000	5000	hit	377
015	52	Response	62	7835335	143563	1
015	53	Sound	P2/both1	7867587	25000	1			25000		other	0
015	53	Response	53	7869175	26588	1
015	53	Response	53	7873336	30748	1
015	53	Response	53	7878455	35868	1
015	53	Response	53	7884215	41628	1
015	53	Response	53	7890215	47628	1
015	53	Response	53	7896295	53708	1
015	53	Response	53	7902455	59868	1
015	53	Response	53	7911495	68907	1
015	53	Sound	f07	7914087	71500	1			71500		other	0
015	53	Picture	3-114-1-3	7972906	130318	7	5166	7	130000	5000	incorrect	389
015	53	Response	52	7985815	143228	1
015	54	Sound	P2/both	8018403	25000	1			25000		other	0
015	54	Response	53	8020935	27532	1
015	54	Response	53	8024214	30811	1
015	54	Response	53	8029255	35852	1
015	54	Response	53	8034215	40812	2
015	54	Response	53	8040054	46651	1
015	54	Response	53	8046775	53372	2
015	54	Response	53	8052935	59532	1
015	54	Response	53	8058854	65451	1
015	54	Sound	test23	8064903	71500	1			71500		other	0
015	54	Response	53	8065415	72011	2
015	54	Picture	2-214-2-2	8123722	130318	7	5166	7	130000	5000	incorrect	402
015	54	Response	52	8139175	145772	1
015	55	Response	53	8167335	23116	2
015	55	Sound	P2/both	8169219	25000	1			25000		other	0
015	55	Response	53	8173415	29196	1
015	55	Response	53	8179895	35675	1
015	55	Response	53	8186615	42395	1
015	55	Response	53	8192535	48316	1
015	55	Response	53	8197815	53596	1
015	55	Response	53	8202935	58715	1
015	55	Response	53	8208856	64636	1
015	55	Response	53	8215495	71276	1
015	55	Sound	f03	8215719	71500	1			71500		other	0
015	55	Picture	3-124-1-3	8274538	130318	7	5166	7	130000	5000	hit	415
015	55	Response	62	8288055	143836	1
015	56	Response	53	8316855	21819	1
015	56	Sound	P2/both	8320035	25000	1			25000		other	0
015	56	Response	53	8323975	28940	3
015	56	Response	53	8331335	36299	2
015	56	Response	53	8337175	42140	1
015	56	Response	53	8342855	47819	1
015	56	Response	53	8349335	54299	2
015	56	Response	53	8355415	60379	1
015	56	Response	53	8361735	66699	1
015	56	Sound	f20	8366535	71500	1			71500		other	0
015	56	Picture	2-114-2-2	8425354	130318	7	5166	7	130000	5000	hit	427
015	56	Response	61	8438695	143659	1
015	57	Sound	P1/tapping1	8470851	25000	1			25000		other	0
015	57	Response	53	8472375	26523	1
015	57	Response	53	8476295	30444	1
015	57	Response	53	8482615	36764	1
015	57	Response	53	8488615	42763	1
015	57	Response	53	8493655	47804	1
015	57	Response	53	8500615	54764	1
015	57	Response	53	8505574	59723	1
015	57	Response	53	8511415	65564	2
015	57	Sound	test01	8517350	71499	1			71500		other	0
015	57	Response	53	8518054	72203	1
015	57	Picture	3-222-1-3	8576169	130318	7	5166	7	130000	5000	incorrect	440
015	57	Response	51	8587095	141244	1
015	58	Response	52	8598215	1548	1
015	58	Sound	P1/tapping	8621667	25000	1			25000		other	0
015	58	Response	53	8623894	27227	1
015	58	Response	53	8627494	30827	1
015	58	Response	53	8634295	37627	1
015	58	Response	53	8641335	44667	1
015	58	Response	53	8648294	51627	1
015	58	Response	53	8655095	58427	1
015	58	Response	53	8661495	64827	1
015	58	Response	53	8667815	71147	1
015	58	Sound	n04	8668167	71500	1			71500		other	0
015	58	Picture	3-212-1-3	8726985	130318	7	5166	7	130000	5000	incorrect	453
015	58	Response	52	8736615	139948	1
015	59	Response	53	8770375	22892	1
015	59	Sound	P1/tapping	8772483	25000	1			25000		other	0
015	59	Response	53	8776855	29372	1
015	59	Response	53	8783255	35772	2
015	59	Response	53	8790214	42731	1
015	59	Response	53	8796454	48971	1
015	59	Response	53	8803094	55611	1
015	59	Response	53	8810855	63372	1
015	59	Response	53	8816934	69451	1
015	59	Sound	f19	8818983	71500	1			71500		other	0
015	59	Picture	2-122-2-2	8877801	130318	7	5166	7	130000	5000	incorrect	465
015	59	Response	51	8890774	143291	1
015	60	Response	53	8922614	24315	1
015	60	Sound	P1/tapping	8923299	25000	1			25000		other	0
015	60	Response	53	8928295	29996	1
015	60	Response	53	8934214	35915	1
015	60	Response	53	8940695	42396	1
015	60	Response	53	8947494	49195	1
015	60	Response	53	8953574	55275	1
015	60	Response	53	8961015	62716	1
015	60	Response	53	8968150	69851	96
015	60	Sound	f24	8969799	71500	1			71500		other	0
015	60	Picture	2-122-1-2	9028617	130318	7	5166	7	130000	5000	hit	477
015	60	Response	62	9043654	145355	1


Event Type	Code	Type	Response	RT	RT Uncertainty	Time	Uncertainty	Duration	Uncertainty	ReqTime	ReqDur

Sound	P2/both1	other				25160	1			25000
Sound	test06	other				71660	1			71500
Picture	3-224-1-3	incorrect	1	19661	7	130479	7	5166	7	130000	5000
Sound	P2/both	other				175976	1			25000
Sound	f17	other				222479	1			71500
Picture	2-114-2-2	incorrect	2	11405	7	281295	7	5166	7	130000	5000
Sound	P2/both	other				326792	1			25000
Sound	f02	other				373292	1			71500
Picture	3-114-2-3	hit	1	12988	7	432111	7	5166	7	130000	5000
Sound	P2/both	other				477608	1			25000
Sound	n09	other				524108	1			71500
Picture	2-214-2-2	hit	1	11853	7	582927	7	5166	7	130000	5000
Sound	P0/none1	other				628424	1			25000
Sound	test15	other				674924	1			71500
Picture	2-211-1-2	hit	1	15117	8	733742	7	5166	7	130000	5000
Sound	P0/none	other				779240	1			25000
Sound	test07	other				825740	1			71500
Picture	3-221-1-3	hit	2	15341	7	884558	7	5166	7	130000	5000
Sound	P0/none	other				930056	1			25000
Sound	f16	other				976556	1			71500
Picture	2-121-1-2	hit	2	12525	7	1035374	7	5166	7	130000	5000
Sound	P0/none	other				1080872	1			25000
Sound	f15	other				1127372	1			71500
Picture	2-111-2-2	incorrect	2	16269	7	1186190	7	5166	7	130000	5000
Sound	P1/tapping1	other				1231688	1			25000
Sound	test24	other				1278188	1			71500
Picture	2-212-2-2	hit	1	16973	7	1337006	7	5166	7	130000	5000
Sound	P1/tapping	other				1382503	1			25000
Sound	n01	other				1429003	1			71500
Picture	2-222-1-2	hit	2	19437	7	1487822	7	5166	7	130000	5000
Sound	P1/tapping	other				1533319	1			25000
Sound	test12	other				1579819	1			71500
Picture	3-222-1-3	hit	2	12061	7	1638638	7	5166	7	130000	5000
Sound	P1/tapping	other				1684135	1			25000
Sound	test03	other				1730635	1			71500
Picture	3-222-1-3	hit	2	13405	7	1789454	7	5166	7	130000	5000
Sound	P2/beat1	other				1834951	1			25000
Sound	test04	other				1881451	1			71500
Picture	3-213-1-3	incorrect	2	12589	8	1940269	7	5166	7	130000	5000
Sound	P2/beat	other				1985774	1			25000
Sound	f12	other				2032267	1			71500
Picture	3-123-1-3	hit	2	14893	7	2091085	7	5166	7	130000	5000
Sound	P2/beat	other				2136583	1			25000
Sound	test21	other				2183083	1			71500
Picture	2-213-2-2	incorrect	2	12877	7	2241901	7	5166	7	130000	5000
Sound	P2/beat	other				2287399	1			25000
Sound	test14	other				2333899	1			71500
Picture	2-213-1-2	incorrect	2	17261	7	2392717	7	5166	7	130000	5000
Sound	P0/none1	other				2438215	1			25000
Sound	f08	other				2484715	1			71500
Picture	2-121-1-2	hit	2	15325	7	2543533	7	5166	7	130000	5000
Sound	P0/none	other				2589030	1			25000
Sound	f05	other				2635530	1			71500
Picture	3-121-1-3	hit	2	9869	7	2694349	7	5166	7	130000	5000
Sound	P0/none	other				2739847	1			25000
Sound	n05	other				2786347	1			71500
Picture	2-111-2-2	hit	1	11133	7	2845165	7	5166	7	130000	5000
Sound	P0/none	other				2890662	1			25000
Sound	f13	other				2937162	1			71500
Picture	2-111-1-2	incorrect	2	13517	7	2995981	7	5166	7	130000	5000
Sound	P2/beat1	other				3041478	1			25000
Sound	f06	other				3087978	1			71500
Picture	3-113-1-3	hit	1	13741	7	3146797	7	5166	7	130000	5000
Sound	P2/beat	other				3192294	1			25000
Sound	n03	other				3238794	1			71500
Picture	3-113-1-3	hit	1	13005	7	3297613	7	5166	7	130000	5000
Sound	P2/beat	other				3343110	1			25000
Sound	f22	other				3389610	1			71500
Picture	2-113-2-2	incorrect	2	10670	8	3448428	7	5166	7	130000	5000
Sound	P2/beat	other				3493926	1			25000
Sound	test11	other				3540426	1			71500
Picture	3-213-1-3	hit	1	9693	7	3599244	7	5166	7	130000	5000
Sound	P2/both1	other				3644742	1			25000
Sound	test05	other				3691242	1			71500
Picture	3-224-1-3	hit	2	15837	7	3750060	7	5166	7	130000	5000
Sound	P2/both	other				3795558	1			25000
Sound	n12	other				3842058	1			71500
Picture	2-114-2-2	incorrect	2	15262	7	3900876	7	5166	7	130000	5000
Sound	P2/both	other				3946374	1			25000
Sound	n10	other				3992874	1			71500
Picture	2-124-1-2	hit	2	11085	7	4051692	7	5166	7	130000	5000
Sound	P2/both	other				4097189	1			25000
Sound	test25	other				4143689	1			71500
Picture	2-214-1-2	hit	1	12429	8	4202508	7	5166	7	130000	5000
Sound	P0/none1	other				4248005	1			25000
Sound	f18	other				4294505	1			71500
Picture	2-121-2-2	incorrect	1	18173	7	4353324	7	5166	7	130000	5000
Sound	P0/none	other				4398821	1			25000
Sound	test10	other				4445321	1			71500
Picture	3-221-1-3	hit	2	15677	7	4504140	7	5166	7	130000	5000
Sound	P0/none	other				4549637	1			25000
Sound	test19	other				4596137	1			71500
Picture	3-221-1-3	hit	2	17181	8	4654956	7	5166	7	130000	5000
Sound	P0/none	other				4700453	1			25000
Sound	test18	other				4746953	1			71500
Picture	2-211-1-2	incorrect	2	13006	8	4805772	7	5166	7	130000	5000
Sound	P1/tapping1	other				4851269	1			25000
Sound	f11	other				4897769	1			71500
Picture	3-122-1-3	hit	2	14109	7	4956587	7	5166	7	130000	5000
Sound	P1/tapping	other				5002085	1			25000
Sound	n07	other				5048585	1			71500
Picture	3-212-1-3	incorrect	2	14573	7	5107403	7	5166	7	130000	5000
Sound	P1/tapping	other				5152901	1			25000
Sound	test09	other				5199401	1			71500
Picture	3-212-1-3	incorrect	2	11517	7	5258219	7	5166	7	130000	5000
Sound	P1/tapping	other				5303716	1			25000
Sound	test22	other				5350217	1			71500
Picture	2-222-2-2	hit	2	14462	8	5409035	7	5166	7	130000	5000
Sound	P2/beat1	other				5454533	1			25000
Sound	f14	other				5501032	1			71500
Picture	2-113-2-2	hit	1	12926	7	5559851	7	5166	7	130000	5000
Sound	P2/beat	other				5605348	1			25000
Sound	test17	other				5651848	1			71500
Picture	3-223-1-3	hit	2	12910	8	5710667	7	5166	7	130000	5000
Sound	P2/beat	other				5756164	1			25000
Sound	n14	other				5802664	1			71500
Picture	2-123-2-2	incorrect	1	8413	7	5861483	7	5166	7	130000	5000
Sound	P2/beat	other				5906980	1			25000
Sound	f01	other				5953481	1			71500
Picture	3-123-1-3	hit	2	17838	7	6012299	7	5166	7	130000	5000
Sound	P2/both1	other				6057796	1			25000
Sound	n06	other				6104296	1			71500
Picture	2-214-2-2	hit	1	20221	7	6163115	7	5166	7	130000	5000
Sound	P2/both	other				6208612	1			25000
Sound	f23	other				6255112	1			71500
Picture	3-124-1-3	hit	2	13485	7	6313931	7	5166	7	130000	5000
Sound	P2/both	other				6359428	1			25000
Sound	test02	other				6405928	1			71500
Picture	3-214-1-3	incorrect	2	11229	7	6464746	7	5166	7	130000	5000
Sound	P2/both	other				6510244	1			25000
Sound	test08	other				6556744	1			71500
Picture	3-214-1-3	incorrect	2	11214	7	6615562	7	5166	7	130000	5000
Sound	P0/none1	other				6661060	1			25000
Sound	f10	other				6707560	1			71500
Picture	3-121-1-3	hit	2	19357	7	6766378	7	5166	7	130000	5000
Sound	P0/none	other				6811876	1			25000
Sound	f04	other				6858376	1			71500
Picture	3-121-1-3	hit	2	14141	7	6917194	7	5166	7	130000	5000
Sound	P0/none	other				6962692	1			25000
Sound	n11	other				7009192	1			71500
Picture	3-121-2-3	hit	2	12445	7	7068010	7	5166	7	130000	5000
Sound	P0/none	other				7113508	1			25000
Sound	test16	other				7160008	1			71500
Picture	2-221-1-2	incorrect	1	16349	7	7218826	7	5166	7	130000	5000
Sound	P2/beat1	other				7264324	1			25000
Sound	test13	other				7310823	1			71500
Picture	2-223-1-2	hit	2	13533	7	7369642	7	5166	7	130000	5000
Sound	P2/beat	other				7415140	1			25000
Sound	f21	other				7461640	1			71500
Picture	2-113-2-2	incorrect	2	16157	7	7520458	7	5166	7	130000	5000
Sound	P2/beat	other				7565955	1			25000
Sound	n13	other				7612455	1			71500
Picture	2-213-1-2	incorrect	2	12781	7	7671274	7	5166	7	130000	5000
Sound	P2/beat	other				7716771	1			25000
Sound	f09	other				7763271	1			71500
Picture	3-123-1-3	hit	2	13245	7	7822090	7	5166	7	130000	5000
Sound	P2/both1	other				7867587	1			25000
Sound	f07	other				7914087	1			71500
Picture	3-114-1-3	incorrect	2	12909	7	7972906	7	5166	7	130000	5000
Sound	P2/both	other				8018403	1			25000
Sound	test23	other				8064903	1			71500
Picture	2-214-2-2	incorrect	2	15453	7	8123722	7	5166	7	130000	5000
Sound	P2/both	other				8169219	1			25000
Sound	f03	other				8215719	1			71500
Picture	3-124-1-3	hit	2	13518	7	8274538	7	5166	7	130000	5000
Sound	P2/both	other				8320035	1			25000
Sound	f20	other				8366535	1			71500
Picture	2-114-2-2	hit	1	13341	7	8425354	7	5166	7	130000	5000
Sound	P1/tapping1	other				8470851	1			25000
Sound	test01	other				8517350	1			71500
Picture	3-222-1-3	incorrect	1	10926	7	8576169	7	5166	7	130000	5000
Sound	P1/tapping	other				8621667	1			25000
Sound	n04	other				8668167	1			71500
Picture	3-212-1-3	incorrect	2	9629	7	8726985	7	5166	7	130000	5000
Sound	P1/tapping	other				8772483	1			25000
Sound	f19	other				8818983	1			71500
Picture	2-122-2-2	incorrect	1	12973	7	8877801	7	5166	7	130000	5000
Sound	P1/tapping	other				8923299	1			25000
Sound	f24	other				8969799	1			71500
Picture	2-122-1-2	hit	2	15037	7	9028617	7	5166	7	130000	5000

The following output port codes were not sent because of a conflict on the port.
Port	Code	Time(ms)
1	104	384206
1	53	515294


{
   "app": "Presentation Version 22.1 Build 01.21.21",
   "device": "Dell Inc. OptiPlex 7050",
   "experiment": "{C8E97CB4-6FCA-44FA-B866-4A2D94B6B85C}",
   "os": "Windows 10 64 bit",
   "package": "",
   "parameters": {
      "configuration": "Default configuration"
   },
   "scenario": "entrain_list1_sess4_EB.sce",
   "subject": "015",
   "timestamp": "2022/10/20 16:36:59 GMT"
}
