Scenario - test
Logfile written - 10/20/2022 18:17:49

Subject	Trial	Event Type	Code	Time	TTime	Uncertainty	Duration	Uncertainty	ReqTime	ReqDur	Stim Type	Pair Index

015	1	Sound	P0/none1	25327	24999	1			25000		other	0
015	1	Sound	f01	71827	71500	1			71500		other	0
015	1	Picture	2-111-1-2	130645	130318	7	5166	7	130000	5000	incorrect	4
015	1	Response	52	146397	146070	1
015	2	Sound	P0/none	176142	25000	1			25000		other	0
015	2	Sound	test01	222643	71500	1			71500		other	0
015	2	Picture	2-211-1-2	281461	130318	7	5166	7	130000	5000	incorrect	8
015	2	Response	52	298477	147335	1
015	3	Sound	P0/none	326958	25000	1			25000		other	0
015	3	Sound	test22	373458	71500	1			71500		other	0
015	3	Picture	3-211-1-3	432276	130318	7	5166	7	130000	5000	miss	0
015	4	Response	52	454157	1383	1
015	4	Sound	P0/none	477774	25000	1			25000		other	0
015	4	Sound	f07	524274	71500	1			71500		other	0
015	4	Picture	2-121-1-2	583092	130318	7	5166	7	130000	5000	hit	16
015	4	Response	62	595277	142503	1
015	5	Sound	P2/beat1	628589	25000	1			25000		other	0
015	5	Sound	f03	675090	71500	1			71500		other	0
015	5	Picture	2-123-1-2	733908	130318	7	5166	7	130000	5000	hit	20
015	5	Response	62	745517	141927	3
015	6	Sound	P2/beat	779405	25000	1			25000		other	0
015	6	Sound	n12	825905	71500	1			71500		other	0
015	6	Picture	3-123-1-3	884723	130318	7	5166	7	130000	5000	hit	24
015	6	Response	62	895517	141112	2
015	7	Sound	P2/beat	930221	25000	1			25000		other	0
015	7	Sound	test10	976721	71500	1			71500		other	0
015	7	Picture	2-213-1-2	1035539	130318	7	5166	7	130000	5000	incorrect	28
015	7	Response	52	1055438	150217	1
015	8	Sound	P2/beat	1081036	25000	1			25000		other	0
015	8	Sound	f17	1127536	71499	1			71500		other	0
015	8	Picture	3-113-1-3	1186355	130318	7	5166	7	130000	5000	hit	32
015	8	Response	61	1191837	135800	2
015	8	Response	51	1203757	147720	1
015	9	Sound	P0/none1	1231852	25000	1			25000		other	0
015	9	Sound	f09	1278352	71500	1			71500		other	0
015	9	Picture	2-111-1-2	1337170	130318	7	5166	7	130000	5000	incorrect	37
015	9	Response	52	1350237	143385	2
015	10	Sound	P0/none	1382667	25000	1			25000		other	0
015	10	Sound	test02	1429168	71500	1			71500		other	0
015	10	Picture	2-221-1-2	1487986	130318	7	5166	7	130000	5000	incorrect	41
015	10	Response	51	1496957	139289	1
015	11	Sound	P0/none	1533483	25000	1			25000		other	0
015	11	Sound	f20	1579983	71500	1			71500		other	0
015	11	Picture	3-121-1-3	1638802	130318	7	5166	7	130000	5000	incorrect	45
015	11	Response	51	1650957	142473	2
015	12	Sound	P0/none	1684299	25000	1			25000		other	0
015	12	Sound	test21	1730799	71500	1			71500		other	0
015	12	Picture	3-221-1-3	1789617	130318	7	5166	7	130000	5000	hit	49
015	12	Response	62	1802236	142937	2
015	13	Response	53	1830556	20442	1
015	13	Sound	P1/tapping1	1835114	25000	1			25000		other	0
015	13	Response	53	1836477	26362	2
015	13	Response	53	1843356	33242	2
015	13	Response	53	1850396	40282	1
015	13	Response	53	1856156	46042	1
015	13	Response	53	1861596	51482	1
015	13	Response	53	1868076	57961	2
015	13	Response	53	1874956	64842	1
015	13	Response	53	1880956	70842	1
015	13	Sound	test04	1881615	71500	1			71500		other	0
015	13	Picture	2-212-1-2	1940433	130318	7	5166	7	130000	5000	incorrect	62
015	13	Response	52	1956476	146362	1
015	14	Response	53	1977437	16506	2
015	14	Response	53	1982957	22026	1
015	14	Sound	P1/tapping	1985931	25000	1			25000		other	0
015	14	Response	53	1990316	29386	1
015	14	Response	53	1997276	36346	1
015	14	Response	53	2003516	42586	1
015	14	Response	53	2009277	48346	1
015	14	Response	53	2015756	54826	1
015	14	Response	53	2022396	61466	1
015	14	Response	53	2028236	67306	1
015	14	Sound	test23	2032430	71499	1			71500		other	0
015	14	Response	53	2034876	73946	1
015	14	Picture	3-222-1-3	2091248	130318	7	5166	7	130000	5000	hit	76
015	14	Response	62	2109517	148587	1
015	15	Response	53	2133116	21370	1
015	15	Sound	P1/tapping	2136746	25000	1			25000		other	0
015	15	Response	53	2138636	26890	1
015	15	Response	53	2143676	31930	1
015	15	Response	53	2149596	37850	1
015	15	Response	53	2155836	44090	2
015	15	Response	53	2162237	50491	1
015	15	Response	53	2168636	56890	1
015	15	Response	53	2175036	63290	1
015	15	Response	53	2181116	69370	1
015	15	Sound	test06	2183246	71500	1			71500		other	0
015	15	Picture	2-222-1-2	2242064	130318	7	5166	7	130000	5000	incorrect	89
015	15	Response	51	2258797	147050	1
015	16	Sound	P1/tapping	2287562	25000	1			25000		other	0
015	16	Response	53	2290717	28155	1
015	16	Response	53	2295996	33434	1
015	16	Response	53	2302156	39594	1
015	16	Response	53	2308796	46234	1
015	16	Response	53	2315036	52474	1
015	16	Response	53	2320716	58155	1
015	16	Response	53	2326317	63755	1
015	16	Response	53	2332316	69754	1
015	16	Sound	test07	2334061	71500	1			71500		other	0
015	16	Picture	2-212-1-2	2392880	130318	7	5166	7	130000	5000	hit	101
015	16	Response	61	2403676	141115	1
015	17	Response	53	2432156	18778	1
015	17	Sound	P2/both1	2438377	25000	1			25000		other	0
015	17	Response	53	2440716	27339	1
015	17	Response	53	2447676	34299	1
015	17	Response	53	2454716	41339	1
015	17	Response	53	2461437	48059	3
015	17	Response	53	2467276	53899	1
015	17	Response	53	2473356	59979	1
015	17	Response	53	2479516	66138	2
015	17	Sound	n01	2484877	71500	1			71500		other	0
015	17	Response	53	2485196	71819	1
015	17	Picture	3-214-1-3	2543695	130318	7	5166	7	130000	5000	incorrect	114
015	17	Response	52	2559756	146378	1
015	18	Sound	P2/both	2589193	25000	1			25000		other	0
015	18	Response	53	2591276	27083	1
015	18	Response	53	2595596	31403	1
015	18	Response	53	2600476	36283	1
015	18	Response	53	2605996	41803	1
015	18	Response	53	2612156	47963	1
015	18	Response	53	2619116	54923	1
015	18	Response	53	2624556	60363	1
015	18	Response	53	2629916	65723	2
015	18	Sound	f22	2635693	71500	1			71500		other	0
015	18	Picture	3-124-1-3	2694511	130318	7	5166	7	130000	5000	hit	126
015	18	Response	62	2706076	141883	2
015	19	Sound	P2/both	2740009	25000	1			25000		other	0
015	19	Response	53	2743196	28187	1
015	19	Response	53	2747436	32427	1
015	19	Response	53	2751916	36907	1
015	19	Response	53	2756956	41947	1
015	19	Response	53	2762956	47947	1
015	19	Response	53	2768956	53947	1
015	19	Response	53	2774956	59947	1
015	19	Response	53	2780636	65627	1
015	19	Sound	f19	2786509	71500	1			71500		other	0
015	19	Response	53	2786956	71947	1
015	19	Picture	3-114-1-3	2845327	130318	7	5166	7	130000	5000	incorrect	139
015	19	Response	52	2861997	146988	2
015	20	Sound	P2/both	2890824	25000	1			25000		other	0
015	20	Response	53	2896396	30571	1
015	20	Response	53	2902076	36251	1
015	20	Response	53	2907836	42011	1
015	20	Response	53	2913756	47931	1
015	20	Response	53	2921276	55451	2
015	20	Response	53	2926156	60331	1
015	20	Response	53	2931516	65691	1
015	20	Sound	test16	2937324	71500	1			71500		other	0
015	20	Response	53	2937516	71691	1
015	20	Picture	3-224-1-3	2996143	130318	7	5166	7	130000	5000	hit	151
015	20	Response	62	3007915	142091	1
015	21	Response	53	3038076	21436	1
015	21	Sound	P1/tapping1	3041640	25000	1			25000		other	0
015	21	Response	53	3042796	26156	1
015	21	Response	53	3046716	30076	2
015	21	Response	53	3053036	36396	1
015	21	Response	53	3059196	42556	1
015	21	Response	53	3066395	49755	1
015	21	Response	53	3072716	56076	1
015	21	Response	53	3078796	62156	1
015	21	Response	53	3085996	69356	1
015	21	Sound	test05	3088140	71500	1			71500		other	0
015	21	Picture	2-222-1-2	3146958	130318	7	5166	7	130000	5000	incorrect	164
015	21	Response	51	3159676	143035	1
015	22	Sound	P1/tapping	3192456	25000	1			25000		other	0
015	22	Response	53	3197836	30380	1
015	22	Response	53	3203755	36300	1
015	22	Response	53	3209195	41739	1
015	22	Response	53	3215596	48140	2
015	22	Response	53	3221996	54540	3
015	22	Response	53	3228156	60700	1
015	22	Response	53	3234396	66940	1
015	22	Sound	test08	3238957	71501	1			71500		other	0
015	22	Response	53	3239836	72380	1
015	22	Picture	2-212-1-2	3297774	130318	7	5166	7	130000	5000	incorrect	176
015	22	Response	52	3312716	145260	1
015	23	Response	53	3339115	20844	1
015	23	Sound	P1/tapping	3343271	25000	1			25000		other	0
015	23	Response	53	3345356	27084	2
015	23	Response	53	3350395	32124	1
015	23	Response	53	3356795	38524	1
015	23	Response	53	3363595	45324	1
015	23	Response	53	3369675	51404	1
015	23	Response	53	3375996	57724	1
015	23	Response	53	3381756	63484	1
015	23	Response	53	3388555	70284	1
015	23	Sound	test14	3389771	71500	1			71500		other	0
015	23	Picture	3-212-1-3	3448590	130318	7	5166	7	130000	5000	hit	189
015	23	Response	61	3458555	140284	1
015	24	Response	53	3488235	19148	1
015	24	Sound	P1/tapping	3494087	25000	1			25000		other	0
015	24	Response	53	3494555	25468	1
015	24	Response	53	3499915	30828	1
015	24	Response	53	3506635	37548	1
015	24	Response	53	3513195	44108	1
015	24	Response	53	3520155	51068	1
015	24	Response	53	3525355	56268	1
015	24	Response	53	3531275	62188	1
015	24	Response	53	3539355	70268	1
015	24	Sound	test19	3540587	71500	1			71500		other	0
015	24	Picture	3-212-1-3	3599406	130318	7	5166	7	130000	5000	hit	202
015	24	Response	61	3613915	144828	1
015	25	Sound	P2/beat1	3644903	25000	1			25000		other	0
015	25	Sound	f15	3691403	71500	1			71500		other	0
015	25	Picture	3-113-1-3	3750221	130318	7	5166	7	130000	5000	hit	206
015	25	Response	61	3759355	139452	1
015	26	Sound	P2/beat	3795719	25000	1			25000		other	0
015	26	Sound	f16	3842219	71500	1			71500		other	0
015	26	Picture	3-123-1-3	3901037	130318	7	5166	7	130000	5000	hit	210
015	26	Response	62	3916395	145676	1
015	27	Sound	P2/beat	3946534	25000	1			25000		other	0
015	27	Sound	f18	3993034	71500	1			71500		other	0
015	27	Picture	3-113-1-3	4051853	130318	7	5166	7	130000	5000	incorrect	214
015	27	Response	52	4069035	147501	1
015	28	Sound	P2/beat	4097350	25000	1			25000		other	0
015	28	Sound	test18	4143850	71500	1			71500		other	0
015	28	Picture	3-223-1-3	4202668	130318	7	5166	7	130000	5000	incorrect	218
015	28	Response	51	4213915	141565	1
015	29	Sound	P2/both1	4248166	25000	1			25000		other	0
015	29	Response	53	4249995	26829	2
015	29	Response	53	4253675	30509	1
015	29	Response	53	4259035	35869	1
015	29	Response	53	4264556	41390	1
015	29	Response	53	4270395	47229	1
015	29	Response	53	4276715	53549	1
015	29	Response	53	4282795	59629	2
015	29	Response	53	4288875	65709	1
015	29	Sound	f10	4294666	71500	1			71500		other	0
015	29	Response	53	4295597	72431	2
015	29	Picture	2-114-1-2	4353484	130318	7	5166	7	130000	5000	incorrect	231
015	29	Response	52	4364715	141549	1
015	30	Sound	P2/both	4398982	25000	1			25000		other	0
015	30	Response	53	4403035	29053	1
015	30	Response	53	4409275	35293	1
015	30	Response	53	4415035	41053	2
015	30	Response	53	4421355	47373	1
015	30	Response	53	4427116	53134	2
015	30	Response	53	4433115	59133	3
015	30	Response	53	4439035	65054	1
015	30	Response	53	4444396	70414	2
015	30	Sound	f12	4445481	71500	1			71500		other	0
015	30	Picture	2-114-1-2	4504300	130318	7	5166	7	130000	5000	miss	0
015	31	Sound	P2/both	4549797	25000	1			25000		other	0
015	31	Response	53	4556315	31517	1
015	31	Response	53	4560555	35757	3
015	31	Response	53	4566795	41998	2
015	31	Response	53	4572795	47997	1
015	31	Response	53	4578395	53597	2
015	31	Response	53	4584395	59597	1
015	31	Response	53	4590155	65357	1
015	31	Sound	n05	4596300	71503	1			71500		other	0
015	31	Picture	3-124-1-3	4655116	130318	7	5166	7	130000	5000	hit	253
015	31	Response	62	4664075	139277	1
015	31	Response	52	4672155	147358	1
015	32	Sound	P2/both	4700613	25000	1			25000		other	0
015	32	Response	53	4702715	27101	1
015	32	Response	53	4706315	30701	1
015	32	Response	53	4710795	35182	2
015	32	Response	53	4717195	41581	1
015	32	Response	53	4723435	47821	1
015	32	Response	53	4729195	53581	2
015	32	Response	53	4735035	59421	1
015	32	Response	53	4740555	64942	1
015	32	Response	53	4746634	71021	1
015	32	Sound	f13	4747113	71500	1			71500		other	0
015	32	Picture	3-124-1-3	4805931	130318	7	5166	7	130000	5000	hit	267
015	32	Response	62	4823435	147822	1
015	33	Sound	P0/none1	4851429	25000	1			25000		other	0
015	33	Sound	n09	4897929	71500	1			71500		other	0
015	33	Picture	3-211-1-3	4956747	130318	7	5166	7	130000	5000	incorrect	271
015	33	Response	52	4968875	142446	1
015	34	Sound	P0/none	5002245	25000	1			25000		other	0
015	34	Sound	test13	5048745	71500	1			71500		other	0
015	34	Picture	3-221-1-3	5107563	130318	7	5166	7	130000	5000	hit	275
015	34	Response	62	5119755	142510	2
015	35	Sound	P0/none	5153060	25000	1			25000		other	0
015	35	Sound	f11	5199560	71500	1			71500		other	0
015	35	Picture	2-111-1-2	5258379	130318	7	5166	7	130000	5000	hit	279
015	35	Response	61	5267114	139054	1
015	36	Sound	P0/none	5303871	24994	5			25000		other	0
015	36	Sound	test17	5350376	71500	1			71500		other	0
015	36	Picture	2-211-2-2	5409194	130318	7	5166	7	130000	5000	incorrect	283
015	36	Response	52	5421194	142318	1
015	37	Sound	P2/both1	5454692	25000	1			25000		other	0
015	37	Response	53	5456714	27022	1
015	37	Response	53	5460394	30702	2
015	37	Response	53	5465514	35822	2
015	37	Response	53	5471674	41982	1
015	37	Response	53	5478155	48462	2
015	37	Response	53	5483595	53903	2
015	37	Response	53	5489355	59663	1
015	37	Response	53	5495514	65822	1
015	37	Sound	f06	5501192	71500	1			71500		other	0
015	37	Picture	2-114-1-2	5560010	130318	7	5166	7	130000	5000	hit	295
015	37	Response	61	5568074	138382	1
015	37	Response	51	5574394	144702	1
015	38	Sound	P2/both	5605508	25000	1			25000		other	0
015	38	Response	53	5607675	27167	1
015	38	Response	53	5611434	30926	1
015	38	Response	53	5616394	35886	1
015	38	Response	53	5622794	42286	2
015	38	Response	53	5628634	48127	1
015	38	Response	53	5634155	53647	2
015	38	Response	53	5639755	59247	2
015	38	Response	53	5646155	65647	2
015	38	Sound	f24	5652008	71500	1			71500		other	0
015	38	Response	53	5653514	73006	1
015	38	Picture	3-114-1-3	5710826	130318	7	5166	7	130000	5000	hit	309
015	38	Response	61	5719674	139166	1
015	38	Response	51	5730235	149727	1
015	39	Sound	P2/both	5756324	25000	1			25000		other	0
015	39	Response	53	5765594	34270	1
015	39	Response	53	5768954	37630	1
015	39	Response	53	5773594	42270	1
015	39	Response	53	5778794	47470	2
015	39	Response	53	5784874	53550	1
015	39	Response	53	5791594	60271	1
015	39	Response	53	5797194	65870	2
015	39	Sound	f08	5802824	71500	1			71500		other	0
015	39	Response	53	5803754	72430	1
015	39	Picture	2-114-1-2	5861642	130318	7	5166	7	130000	5000	hit	322
015	39	Response	61	5877274	145950	1
015	40	Sound	P2/both	5907139	25000	1			25000		other	0
015	40	Response	53	5910234	28095	1
015	40	Response	53	5914554	32415	1
015	40	Response	53	5919034	36895	2
015	40	Response	53	5923435	41295	1
015	40	Response	53	5928714	46575	1
015	40	Response	53	5934234	52095	1
015	40	Response	53	5940714	58575	1
015	40	Response	53	5946794	64655	1
015	40	Sound	n04	5953644	71504	1			71500		other	0
015	40	Response	53	5953754	71615	1
015	40	Picture	2-224-1-2	6012458	130318	7	5166	7	130000	5000	hit	335
015	40	Response	62	6027354	145215	1
015	41	Sound	P2/beat1	6057955	25000	1			25000		other	0
015	41	Sound	test09	6104455	71500	1			71500		other	0
015	41	Picture	2-223-1-2	6163273	130318	7	5166	7	130000	5000	hit	339
015	41	Response	62	6177754	144799	1
015	42	Sound	P2/beat	6208771	25000	1			25000		other	0
015	42	Sound	test03	6255271	71500	1			71500		other	0
015	42	Picture	2-213-1-2	6314089	130318	7	5166	7	130000	5000	incorrect	343
015	42	Response	52	6330794	147023	2
015	43	Sound	P2/beat	6359587	25000	1			25000		other	0
015	43	Sound	n10	6406087	71500	1			71500		other	0
015	43	Picture	3-123-1-3	6464905	130318	7	5166	7	130000	5000	hit	347
015	43	Response	62	6482874	148287	1
015	44	Sound	P2/beat	6510402	25000	1			25000		other	0
015	44	Sound	test24	6556902	71500	1			71500		other	0
015	44	Picture	3-223-1-3	6615721	130318	7	5166	7	130000	5000	hit	351
015	44	Response	62	6631514	146111	1
015	45	Response	53	6657993	21775	1
015	45	Sound	P1/tapping1	6661218	25000	1			25000		other	0
015	45	Response	53	6664554	28335	1
015	45	Response	53	6669914	33695	2
015	45	Response	53	6676634	40416	2
015	45	Response	53	6682634	46415	1
015	45	Response	53	6688634	52415	1
015	45	Response	53	6695594	59376	2
015	45	Response	53	6702233	66015	1
015	45	Response	53	6706714	70495	1
015	45	Sound	f05	6707718	71500	1			71500		other	0
015	45	Picture	2-112-1-2	6766537	130318	7	5166	7	130000	5000	incorrect	364
015	45	Response	52	6782074	145855	1
015	46	Sound	P1/tapping	6812034	25000	1			25000		other	0
015	46	Response	53	6819193	32159	1
015	46	Response	53	6824314	37279	1
015	46	Response	53	6830313	43279	1
015	46	Response	53	6836713	49679	1
015	46	Response	53	6842756	55721	98
015	46	Response	53	6848073	61039	1
015	46	Response	53	6853754	66720	2
015	46	Sound	f04	6858534	71500	1			71500		other	0
015	46	Response	53	6859833	72799	2
015	46	Picture	2-122-1-2	6917353	130318	7	5166	7	130000	5000	incorrect	376
015	46	Response	51	6933113	146079	1
015	47	Response	53	6959513	21663	1
015	47	Sound	P1/tapping	6962850	25000	1			25000		other	0
015	47	Response	53	6966633	28783	1
015	47	Response	53	6974073	36223	1
015	47	Response	53	6979753	41903	1
015	47	Response	53	6985753	47903	1
015	47	Response	53	6992153	54303	1
015	47	Response	53	6998073	60223	1
015	47	Response	53	7004153	66303	1
015	47	Sound	n13	7009350	71500	1			71500		other	0
015	47	Response	53	7010233	72383	2
015	47	Picture	3-222-1-3	7068168	130318	7	5166	7	130000	5000	hit	389
015	47	Response	62	7083913	146063	1
015	48	Response	53	7109673	21007	2
015	48	Sound	P1/tapping	7113666	25000	1			25000		other	0
015	48	Response	53	7116633	27967	1
015	48	Response	53	7123194	34528	1
015	48	Response	53	7129593	40927	2
015	48	Response	53	7136393	47727	1
015	48	Response	53	7142154	53488	1
015	48	Response	53	7149033	60367	1
015	48	Response	53	7155433	66767	1
015	48	Sound	f21	7160166	71500	1			71500		other	0
015	48	Picture	3-112-1-3	7218984	130318	7	5166	7	130000	5000	hit	401
015	48	Response	61	7236713	148047	3
015	49	Sound	P0/none1	7264483	25001	1			25000		other	0
015	49	Sound	test25	7310982	71500	1			71500		other	0
015	49	Picture	3-211-1-3	7369800	130318	7	5166	7	130000	5000	hit	405
015	49	Response	61	7382314	142832	1
015	50	Sound	P0/none	7415298	25000	1			25000		other	0
015	50	Sound	test12	7461797	71500	1			71500		other	0
015	50	Picture	2-221-1-2	7520616	130318	7	5166	7	130000	5000	hit	409
015	50	Response	62	7532073	141775	2
015	51	Sound	P0/none	7566113	25000	1			25000		other	0
015	51	Sound	n03	7612613	71500	1			71500		other	0
015	51	Picture	2-111-1-2	7671432	130318	7	5166	7	130000	5000	miss	0
015	52	Sound	P0/none	7716929	25000	1			25000		other	0
015	52	Sound	f23	7763429	71500	1			71500		other	0
015	52	Picture	2-121-1-2	7822248	130318	7	5166	7	130000	5000	hit	416
015	52	Response	62	7831674	139744	2
015	53	Response	53	7865433	22688	1
015	53	Sound	P1/tapping1	7867745	25000	1			25000		other	0
015	53	Response	53	7870713	27968	1
015	53	Response	53	7875433	32688	1
015	53	Response	53	7881752	39007	1
015	53	Response	53	7887433	44688	1
015	53	Response	53	7892393	49648	2
015	53	Response	53	7897833	55088	1
015	53	Response	53	7903753	61008	1
015	53	Response	53	7908953	66208	1
015	53	Response	53	7913913	71168	1
015	53	Sound	f02	7914245	71500	1			71500		other	0
015	53	Picture	2-122-1-2	7973063	130318	7	5166	7	130000	5000	hit	430
015	53	Response	62	7991433	148687	1
015	54	Sound	P1/tapping	8018561	25000	1			25000		other	0
015	54	Response	53	8026313	32752	1
015	54	Response	53	8031513	37952	2
015	54	Response	53	8036873	43312	1
015	54	Response	53	8041993	48432	1
015	54	Response	53	8048233	54672	1
015	54	Response	53	8054073	60512	2
015	54	Response	53	8059433	65872	1
015	54	Sound	test15	8065061	71500	1			71500		other	0
015	54	Response	53	8065753	72192	2
015	54	Picture	3-222-1-3	8123879	130318	7	5166	7	130000	5000	hit	442
015	54	Response	62	8141033	147472	1
015	55	Response	53	8160872	16496	1
015	55	Response	53	8166792	22416	1
015	55	Sound	P1/tapping	8169376	25000	1			25000		other	0
015	55	Response	53	8172712	28336	1
015	55	Response	53	8178473	34096	1
015	55	Response	53	8184473	40097	2
015	55	Response	53	8190312	45936	1
015	55	Response	53	8195913	51536	1
015	55	Response	53	8201913	57536	1
015	55	Response	53	8207193	62816	1
015	55	Response	53	8215433	71056	1
015	55	Sound	test11	8215877	71500	1			71500		other	0
015	55	Picture	2-212-1-2	8274695	130318	7	5166	7	130000	5000	incorrect	456
015	55	Response	52	8286633	142256	1
015	56	Response	53	8311833	16640	1
015	56	Response	53	8319913	24720	1
015	56	Sound	P1/tapping	8320193	25000	1			25000		other	0
015	56	Response	53	8325273	30080	1
015	56	Response	53	8331993	36800	1
015	56	Response	53	8337032	41840	3
015	56	Response	53	8345593	50400	1
015	56	Response	53	8351753	56560	1
015	56	Response	53	8358152	62960	2
015	56	Response	53	8363753	68560	1
015	56	Sound	n06	8366692	71500	1			71500		other	0
015	56	Picture	3-222-1-3	8425511	130318	7	5166	7	130000	5000	hit	469
015	56	Response	62	8436313	141120	1
015	57	Sound	P2/both1	8471008	25000	1			25000		other	0
015	57	Response	53	8474633	28624	2
015	57	Response	53	8479272	33264	1
015	57	Response	53	8483672	37664	1
015	57	Response	53	8488552	42544	1
015	57	Response	53	8493912	47904	2
015	57	Response	53	8500153	54144	1
015	57	Response	53	8506152	60144	1
015	57	Response	53	8511913	65904	2
015	57	Sound	n11	8517508	71500	1			71500		other	0
015	57	Response	53	8517833	71824	1
015	57	Picture	2-124-1-2	8576327	130318	7	5166	7	130000	5000	hit	482
015	57	Response	62	8592152	146144	1
015	58	Sound	P2/both	8621824	25000	1			25000		other	0
015	58	Response	53	8624793	27968	1
015	58	Response	53	8627833	31008	1
015	58	Response	53	8632632	35808	1
015	58	Response	53	8638153	41328	2
015	58	Response	53	8644712	47888	1
015	58	Response	53	8650153	53328	2
015	58	Response	53	8656872	60048	2
015	58	Response	53	8662952	66128	1
015	58	Sound	n14	8668324	71500	1			71500		other	0
015	58	Response	53	8669272	72448	1
015	58	Response	53	8716472	119648	1
015	58	Picture	3-124-1-3	8727143	130318	7	5166	7	130000	5000	hit	496
015	58	Response	62	8740312	143488	1
015	59	Sound	P2/both	8772640	25000	1			25000		other	0
015	59	Response	53	8775512	27872	1
015	59	Response	53	8780792	33152	1
015	59	Response	53	8785192	37552	1
015	59	Response	53	8789992	42352	1
015	59	Response	53	8795512	47872	1
015	59	Response	53	8800953	53312	2
015	59	Response	53	8807192	59552	1
015	59	Response	53	8813272	65632	1
015	59	Sound	f14	8819140	71500	1			71500		other	0
015	59	Response	53	8819912	72272	2
015	59	Picture	3-124-1-3	8877959	130318	7	5166	7	130000	5000	hit	509
015	59	Response	62	8896312	148672	1
015	60	Sound	P2/both	8923456	25000	1			25000		other	0
015	60	Response	53	8927432	28976	1
015	60	Response	53	8933833	35377	2
015	60	Response	53	8939432	40976	1
015	60	Response	53	8945672	47216	1
015	60	Response	53	8951752	53296	1
015	60	Response	53	8957993	59537	1
015	60	Response	53	8964312	65856	1
015	60	Sound	n07	8969956	71500	1			71500		other	0
015	60	Response	53	8970392	71936	1
015	60	Picture	2-214-1-2	9028774	130318	7	5166	7	130000	5000	incorrect	521
015	60	Response	52	9047512	149056	1


Event Type	Code	Type	Response	RT	RT Uncertainty	Time	Uncertainty	Duration	Uncertainty	ReqTime	ReqDur

Sound	P0/none1	other				25327	1			25000
Sound	f01	other				71827	1			71500
Picture	2-111-1-2	incorrect	2	15752	7	130645	7	5166	7	130000	5000
Sound	P0/none	other				176142	1			25000
Sound	test01	other				222643	1			71500
Picture	2-211-1-2	incorrect	2	17016	7	281461	7	5166	7	130000	5000
Sound	P0/none	other				326958	1			25000
Sound	test22	other				373458	1			71500
Picture	3-211-1-3	miss				432276	7	5166	7	130000	5000
Sound	P0/none	other				477774	1			25000
Sound	f07	other				524274	1			71500
Picture	2-121-1-2	hit	2	12185	7	583092	7	5166	7	130000	5000
Sound	P2/beat1	other				628589	1			25000
Sound	f03	other				675090	1			71500
Picture	2-123-1-2	hit	2	11609	9	733908	7	5166	7	130000	5000
Sound	P2/beat	other				779405	1			25000
Sound	n12	other				825905	1			71500
Picture	3-123-1-3	hit	2	10794	8	884723	7	5166	7	130000	5000
Sound	P2/beat	other				930221	1			25000
Sound	test10	other				976721	1			71500
Picture	2-213-1-2	incorrect	2	19899	7	1035539	7	5166	7	130000	5000
Sound	P2/beat	other				1081036	1			25000
Sound	f17	other				1127536	1			71500
Picture	3-113-1-3	hit	1	5482	8	1186355	7	5166	7	130000	5000
Sound	P0/none1	other				1231852	1			25000
Sound	f09	other				1278352	1			71500
Picture	2-111-1-2	incorrect	2	13067	8	1337170	7	5166	7	130000	5000
Sound	P0/none	other				1382667	1			25000
Sound	test02	other				1429168	1			71500
Picture	2-221-1-2	incorrect	1	8971	7	1487986	7	5166	7	130000	5000
Sound	P0/none	other				1533483	1			25000
Sound	f20	other				1579983	1			71500
Picture	3-121-1-3	incorrect	1	12155	8	1638802	7	5166	7	130000	5000
Sound	P0/none	other				1684299	1			25000
Sound	test21	other				1730799	1			71500
Picture	3-221-1-3	hit	2	12619	8	1789617	7	5166	7	130000	5000
Sound	P1/tapping1	other				1835114	1			25000
Sound	test04	other				1881615	1			71500
Picture	2-212-1-2	incorrect	2	16044	7	1940433	7	5166	7	130000	5000
Sound	P1/tapping	other				1985931	1			25000
Sound	test23	other				2032430	1			71500
Picture	3-222-1-3	hit	2	18269	7	2091248	7	5166	7	130000	5000
Sound	P1/tapping	other				2136746	1			25000
Sound	test06	other				2183246	1			71500
Picture	2-222-1-2	incorrect	1	16732	7	2242064	7	5166	7	130000	5000
Sound	P1/tapping	other				2287562	1			25000
Sound	test07	other				2334061	1			71500
Picture	2-212-1-2	hit	1	10797	7	2392880	7	5166	7	130000	5000
Sound	P2/both1	other				2438377	1			25000
Sound	n01	other				2484877	1			71500
Picture	3-214-1-3	incorrect	2	16061	7	2543695	7	5166	7	130000	5000
Sound	P2/both	other				2589193	1			25000
Sound	f22	other				2635693	1			71500
Picture	3-124-1-3	hit	2	11565	8	2694511	7	5166	7	130000	5000
Sound	P2/both	other				2740009	1			25000
Sound	f19	other				2786509	1			71500
Picture	3-114-1-3	incorrect	2	16670	8	2845327	7	5166	7	130000	5000
Sound	P2/both	other				2890824	1			25000
Sound	test16	other				2937324	1			71500
Picture	3-224-1-3	hit	2	11773	7	2996143	7	5166	7	130000	5000
Sound	P1/tapping1	other				3041640	1			25000
Sound	test05	other				3088140	1			71500
Picture	2-222-1-2	incorrect	1	12717	7	3146958	7	5166	7	130000	5000
Sound	P1/tapping	other				3192456	1			25000
Sound	test08	other				3238957	1			71500
Picture	2-212-1-2	incorrect	2	14941	7	3297774	7	5166	7	130000	5000
Sound	P1/tapping	other				3343271	1			25000
Sound	test14	other				3389771	1			71500
Picture	3-212-1-3	hit	1	9966	7	3448590	7	5166	7	130000	5000
Sound	P1/tapping	other				3494087	1			25000
Sound	test19	other				3540587	1			71500
Picture	3-212-1-3	hit	1	14510	7	3599406	7	5166	7	130000	5000
Sound	P2/beat1	other				3644903	1			25000
Sound	f15	other				3691403	1			71500
Picture	3-113-1-3	hit	1	9134	7	3750221	7	5166	7	130000	5000
Sound	P2/beat	other				3795719	1			25000
Sound	f16	other				3842219	1			71500
Picture	3-123-1-3	hit	2	15358	7	3901037	7	5166	7	130000	5000
Sound	P2/beat	other				3946534	1			25000
Sound	f18	other				3993034	1			71500
Picture	3-113-1-3	incorrect	2	17183	7	4051853	7	5166	7	130000	5000
Sound	P2/beat	other				4097350	1			25000
Sound	test18	other				4143850	1			71500
Picture	3-223-1-3	incorrect	1	11247	7	4202668	7	5166	7	130000	5000
Sound	P2/both1	other				4248166	1			25000
Sound	f10	other				4294666	1			71500
Picture	2-114-1-2	incorrect	2	11231	7	4353484	7	5166	7	130000	5000
Sound	P2/both	other				4398982	1			25000
Sound	f12	other				4445481	1			71500
Picture	2-114-1-2	miss				4504300	7	5166	7	130000	5000
Sound	P2/both	other				4549797	1			25000
Sound	n05	other				4596300	1			71500
Picture	3-124-1-3	hit	2	8959	7	4655116	7	5166	7	130000	5000
Sound	P2/both	other				4700613	1			25000
Sound	f13	other				4747113	1			71500
Picture	3-124-1-3	hit	2	17504	7	4805931	7	5166	7	130000	5000
Sound	P0/none1	other				4851429	1			25000
Sound	n09	other				4897929	1			71500
Picture	3-211-1-3	incorrect	2	12128	7	4956747	7	5166	7	130000	5000
Sound	P0/none	other				5002245	1			25000
Sound	test13	other				5048745	1			71500
Picture	3-221-1-3	hit	2	12192	8	5107563	7	5166	7	130000	5000
Sound	P0/none	other				5153060	1			25000
Sound	f11	other				5199560	1			71500
Picture	2-111-1-2	hit	1	8736	7	5258379	7	5166	7	130000	5000
Sound	P0/none	other				5303871	5			25000
Sound	test17	other				5350376	1			71500
Picture	2-211-2-2	incorrect	2	12000	7	5409194	7	5166	7	130000	5000
Sound	P2/both1	other				5454692	1			25000
Sound	f06	other				5501192	1			71500
Picture	2-114-1-2	hit	1	8064	7	5560010	7	5166	7	130000	5000
Sound	P2/both	other				5605508	1			25000
Sound	f24	other				5652008	1			71500
Picture	3-114-1-3	hit	1	8848	7	5710826	7	5166	7	130000	5000
Sound	P2/both	other				5756324	1			25000
Sound	f08	other				5802824	1			71500
Picture	2-114-1-2	hit	1	15632	7	5861642	7	5166	7	130000	5000
Sound	P2/both	other				5907139	1			25000
Sound	n04	other				5953644	1			71500
Picture	2-224-1-2	hit	2	14897	8	6012458	7	5166	7	130000	5000
Sound	P2/beat1	other				6057955	1			25000
Sound	test09	other				6104455	1			71500
Picture	2-223-1-2	hit	2	14480	7	6163273	7	5166	7	130000	5000
Sound	P2/beat	other				6208771	1			25000
Sound	test03	other				6255271	1			71500
Picture	2-213-1-2	incorrect	2	16704	8	6314089	7	5166	7	130000	5000
Sound	P2/beat	other				6359587	1			25000
Sound	n10	other				6406087	1			71500
Picture	3-123-1-3	hit	2	17969	7	6464905	7	5166	7	130000	5000
Sound	P2/beat	other				6510402	1			25000
Sound	test24	other				6556902	1			71500
Picture	3-223-1-3	hit	2	15793	7	6615721	7	5166	7	130000	5000
Sound	P1/tapping1	other				6661218	1			25000
Sound	f05	other				6707718	1			71500
Picture	2-112-1-2	incorrect	2	15537	8	6766537	7	5166	7	130000	5000
Sound	P1/tapping	other				6812034	1			25000
Sound	f04	other				6858534	1			71500
Picture	2-122-1-2	incorrect	1	15761	7	6917353	7	5166	7	130000	5000
Sound	P1/tapping	other				6962850	1			25000
Sound	n13	other				7009350	1			71500
Picture	3-222-1-3	hit	2	15745	7	7068168	7	5166	7	130000	5000
Sound	P1/tapping	other				7113666	1			25000
Sound	f21	other				7160166	1			71500
Picture	3-112-1-3	hit	1	17729	9	7218984	7	5166	7	130000	5000
Sound	P0/none1	other				7264483	1			25000
Sound	test25	other				7310982	1			71500
Picture	3-211-1-3	hit	1	12514	7	7369800	7	5166	7	130000	5000
Sound	P0/none	other				7415298	1			25000
Sound	test12	other				7461797	1			71500
Picture	2-221-1-2	hit	2	11457	8	7520616	7	5166	7	130000	5000
Sound	P0/none	other				7566113	1			25000
Sound	n03	other				7612613	1			71500
Picture	2-111-1-2	miss				7671432	7	5166	7	130000	5000
Sound	P0/none	other				7716929	1			25000
Sound	f23	other				7763429	1			71500
Picture	2-121-1-2	hit	2	9426	8	7822248	7	5166	7	130000	5000
Sound	P1/tapping1	other				7867745	1			25000
Sound	f02	other				7914245	1			71500
Picture	2-122-1-2	hit	2	18369	7	7973063	7	5166	7	130000	5000
Sound	P1/tapping	other				8018561	1			25000
Sound	test15	other				8065061	1			71500
Picture	3-222-1-3	hit	2	17154	7	8123879	7	5166	7	130000	5000
Sound	P1/tapping	other				8169376	1			25000
Sound	test11	other				8215877	1			71500
Picture	2-212-1-2	incorrect	2	11938	7	8274695	7	5166	7	130000	5000
Sound	P1/tapping	other				8320193	1			25000
Sound	n06	other				8366692	1			71500
Picture	3-222-1-3	hit	2	10802	7	8425511	7	5166	7	130000	5000
Sound	P2/both1	other				8471008	1			25000
Sound	n11	other				8517508	1			71500
Picture	2-124-1-2	hit	2	15826	7	8576327	7	5166	7	130000	5000
Sound	P2/both	other				8621824	1			25000
Sound	n14	other				8668324	1			71500
Picture	3-124-1-3	hit	2	13170	7	8727143	7	5166	7	130000	5000
Sound	P2/both	other				8772640	1			25000
Sound	f14	other				8819140	1			71500
Picture	3-124-1-3	hit	2	18354	7	8877959	7	5166	7	130000	5000
Sound	P2/both	other				8923456	1			25000
Sound	n07	other				8969956	1			71500
Picture	2-214-1-2	incorrect	2	18738	7	9028774	7	5166	7	130000	5000


{
   "app": "Presentation Version 22.1 Build 01.21.21",
   "device": "Dell Inc. OptiPlex 7050",
   "experiment": "{C8E97CB4-6FCA-44FA-B866-4A2D94B6B85C}",
   "os": "Windows 10 64 bit",
   "package": "",
   "parameters": {
      "configuration": "Default configuration"
   },
   "scenario": "entrain_list1_sess1_EB.sce",
   "subject": "015",
   "timestamp": "2022/10/20 16:02:38 GMT"
}
