Scenario - test
Logfile written - 10/24/2022 14:33:12

Subject	Trial	Event Type	Code	Time	TTime	Uncertainty	Duration	Uncertainty	ReqTime	ReqDur	Stim Type	Pair Index

016	1	Sound	P0/none1	25160	25000	1			25000		other	0
016	1	Sound	f01	71660	71500	1			71500		other	0
016	1	Picture	2-111-1-2	130479	130318	7	5166	7	130000	5000	hit	4
016	1	Response	61	143179	143018	2
016	2	Sound	P0/none	175976	25000	1			25000		other	0
016	2	Sound	test01	222476	71500	1			71500		other	0
016	2	Picture	2-211-1-2	281295	130318	7	5166	7	130000	5000	incorrect	8
016	2	Response	52	293899	142922	2
016	3	Sound	P0/none	326792	25000	1			25000		other	0
016	3	Sound	test22	373292	71500	1			71500		other	0
016	3	Picture	3-211-1-3	432111	130318	7	5166	7	130000	5000	incorrect	12
016	3	Response	52	446699	144906	1
016	4	Sound	P0/none	477608	25000	1			25000		other	0
016	4	Sound	f07	524108	71500	1			71500		other	0
016	4	Picture	2-121-1-2	582927	130319	7	5166	7	130000	5000	incorrect	16
016	4	Response	51	595579	142970	1
016	5	Sound	P2/beat1	628425	25000	1			25000		other	0
016	5	Sound	f03	674925	71500	1			71500		other	0
016	5	Picture	2-123-1-2	733743	130318	7	5166	7	130000	5000	hit	20
016	5	Response	62	746138	142714	1
016	6	Sound	P2/beat	779240	25000	1			25000		other	0
016	6	Response	53	791419	37178	2
016	6	Sound	n12	825741	71500	1			71500		other	0
016	6	Picture	3-123-1-3	884559	130318	7	5166	7	130000	5000	incorrect	25
016	6	Response	51	896858	142618	1
016	7	Sound	P2/beat	930057	25000	1			25000		other	0
016	7	Sound	test10	976557	71500	1			71500		other	0
016	7	Picture	2-213-1-2	1035375	130319	7	5166	7	130000	5000	incorrect	29
016	7	Response	52	1047018	141962	1
016	8	Sound	P2/beat	1080873	25000	1			25000		other	0
016	8	Sound	f17	1127372	71500	1			71500		other	0
016	8	Picture	3-113-1-3	1186191	130318	7	5166	7	130000	5000	hit	33
016	8	Response	61	1196698	140825	1
016	9	Sound	P0/none1	1231689	25000	1			25000		other	0
016	9	Sound	f09	1278189	71500	1			71500		other	0
016	9	Picture	2-111-1-2	1337007	130318	7	5166	7	130000	5000	incorrect	37
016	9	Response	52	1347818	141129	1
016	10	Sound	P0/none	1382505	25000	1			25000		other	0
016	10	Sound	test02	1429005	71500	1			71500		other	0
016	10	Picture	2-221-1-2	1487823	130318	7	5166	7	130000	5000	hit	41
016	10	Response	62	1502138	144633	1
016	11	Sound	P0/none	1533321	25000	1			25000		other	0
016	11	Sound	f20	1579821	71500	1			71500		other	0
016	11	Picture	3-121-1-3	1638639	130318	7	5166	7	130000	5000	incorrect	45
016	11	Response	51	1658378	150057	1
016	12	Sound	P0/none	1684137	25000	1			25000		other	0
016	12	Sound	test21	1730637	71500	1			71500		other	0
016	12	Picture	3-221-1-3	1789455	130318	7	5166	7	130000	5000	hit	49
016	12	Response	62	1804938	145801	1
016	13	Response	53	1831338	21385	1
016	13	Sound	P1/tapping1	1834953	25000	1			25000		other	0
016	13	Response	53	1839018	29065	1
016	13	Response	53	1849258	39305	2
016	13	Response	53	1855898	45945	1
016	13	Response	53	1863578	53625	1
016	13	Response	53	1870778	60825	1
016	13	Response	53	1878218	68265	1
016	13	Sound	test04	1881453	71500	1			71500		other	0
016	13	Picture	2-212-1-2	1940272	130318	7	5166	7	130000	5000	incorrect	60
016	13	Response	52	1954378	144425	2
016	14	Sound	P1/tapping	1985769	25000	1			25000		other	0
016	14	Response	53	1987738	26969	1
016	14	Response	53	1991978	31209	1
016	14	Response	53	1998858	38089	1
016	14	Response	53	2005898	45129	1
016	14	Response	53	2013658	52888	1
016	14	Response	53	2021258	60489	1
016	14	Response	53	2028858	68089	2
016	14	Sound	test23	2032269	71500	1			71500		other	0
016	14	Picture	3-222-1-3	2091088	130318	7	5166	7	130000	5000	incorrect	71
016	14	Response	51	2106378	145609	2
016	15	Response	53	2132298	20713	1
016	15	Sound	P1/tapping	2136585	25000	1			25000		other	0
016	15	Response	53	2139818	28233	2
016	15	Response	53	2146858	35272	1
016	15	Response	53	2153578	41993	1
016	15	Response	53	2159978	48393	1
016	15	Response	53	2166618	55032	1
016	15	Response	53	2173658	62073	1
016	15	Response	53	2180458	68873	1
016	15	Sound	test06	2183085	71500	1			71500		other	0
016	15	Picture	2-222-1-2	2241904	130318	7	5166	7	130000	5000	hit	83
016	15	Response	62	2258457	146872	1
016	16	Response	53	2280218	17816	1
016	16	Sound	P1/tapping	2287401	25000	1			25000		other	0
016	16	Response	53	2287498	25096	1
016	16	Response	53	2294778	32376	2
016	16	Response	53	2301658	39256	1
016	16	Response	53	2308618	46216	1
016	16	Response	53	2316058	53656	1
016	16	Response	53	2322377	59976	2
016	16	Response	53	2329498	67096	2
016	16	Sound	test07	2333901	71500	1			71500		other	0
016	16	Picture	2-212-1-2	2392720	130318	7	5166	7	130000	5000	hit	95
016	16	Response	61	2410457	148056	2
016	17	Sound	P2/both1	2438217	25000	1			25000		other	0
016	17	Response	53	2440458	27240	1
016	17	Response	53	2445257	32040	2
016	17	Response	53	2449738	36520	2
016	17	Response	53	2456058	42840	2
016	17	Response	53	2462698	49480	1
016	17	Response	53	2468377	55160	1
016	17	Response	53	2474378	61160	2
016	17	Response	53	2480458	67240	1
016	17	Sound	n01	2484717	71500	1			71500		other	0
016	17	Response	53	2487738	74520	1
016	17	Picture	3-214-1-3	2543536	130319	7	5166	7	130000	5000	incorrect	108
016	17	Response	52	2554857	141640	1
016	18	Sound	P2/both	2589033	25000	1			25000		other	0
016	18	Response	53	2591178	27145	2
016	18	Response	53	2595017	30984	1
016	18	Response	53	2600697	36664	1
016	18	Response	53	2606617	42584	2
016	18	Response	53	2612538	48505	1
016	18	Response	53	2618777	54744	1
016	18	Response	53	2625177	61144	1
016	18	Response	53	2630857	66824	1
016	18	Sound	f22	2635533	71500	1			71500		other	0
016	18	Response	53	2637097	73064	1
016	18	Picture	3-124-1-3	2694352	130318	7	5166	7	130000	5000	hit	121
016	18	Response	62	2709257	145224	2
016	19	Sound	P2/both	2739850	25000	1			25000		other	0
016	19	Response	53	2741817	26968	1
016	19	Response	53	2746057	31208	2
016	19	Response	53	2750777	35928	2
016	19	Response	53	2757177	42327	2
016	19	Response	53	2763098	48248	2
016	19	Response	53	2769257	54408	1
016	19	Response	53	2775498	60648	1
016	19	Response	53	2782297	67448	2
016	19	Sound	f19	2786349	71500	1			71500		other	0
016	19	Picture	3-114-1-3	2845168	130318	7	5166	7	130000	5000	incorrect	133
016	19	Response	52	2859897	145048	2
016	20	Sound	P2/both	2890665	25000	1			25000		other	0
016	20	Response	53	2892538	26872	2
016	20	Response	53	2897418	31752	2
016	20	Response	53	2902937	37272	1
016	20	Response	53	2908137	42472	2
016	20	Response	53	2914217	48552	2
016	20	Response	53	2919978	54312	2
016	20	Response	53	2925817	60152	2
016	20	Response	53	2931977	66311	1
016	20	Sound	test16	2937166	71500	1			71500		other	0
016	20	Picture	3-224-1-3	2995984	130318	7	5166	7	130000	5000	incorrect	145
016	20	Response	51	3010218	144552	2
016	21	Response	53	3039257	22776	1
016	21	Sound	P1/tapping1	3041482	25000	1			25000		other	0
016	21	Response	53	3076377	59895	1
016	21	Sound	test05	3087981	71500	1			71500		other	0
016	21	Picture	2-222-1-2	3146800	130318	7	5166	7	130000	5000	incorrect	151
016	21	Response	51	3156457	139975	2
016	22	Sound	P1/tapping	3192298	25000	1			25000		other	0
016	22	Response	53	3193017	25719	1
016	22	Response	53	3197497	30199	2
016	22	Response	53	3207097	39799	2
016	22	Response	53	3216617	49319	1
016	22	Response	53	3228457	61159	1
016	22	Sound	test08	3238798	71500	1			71500		other	0
016	22	Picture	2-212-1-2	3297616	130318	7	5166	7	130000	5000	incorrect	160
016	22	Response	52	3307977	140679	1
016	23	Response	53	3339497	21383	1
016	23	Sound	P1/tapping	3343114	25000	1			25000		other	0
016	23	Response	53	3354297	36183	1
016	23	Response	53	3368857	50743	1
016	23	Response	53	3383337	65223	2
016	23	Sound	test14	3389614	71500	1			71500		other	0
016	23	Picture	3-212-1-3	3448433	130318	7	5166	7	130000	5000	miss	0
016	24	Response	52	3469817	887	2
016	24	Sound	P1/tapping	3493930	25000	1			25000		other	0
016	24	Response	53	3496457	27526	1
016	24	Response	53	3499177	30247	1
016	24	Response	53	3519017	50087	1
016	24	Response	53	3538296	69366	2
016	24	Sound	test19	3540430	71500	1			71500		other	0
016	24	Picture	3-212-1-3	3599249	130318	7	5166	7	130000	5000	hit	176
016	24	Response	61	3607097	138166	1
016	25	Sound	P2/beat1	3644746	25000	1			25000		other	0
016	25	Sound	f15	3691246	71500	1			71500		other	0
016	25	Picture	3-113-1-3	3750065	130319	7	5166	7	130000	5000	hit	180
016	25	Response	61	3760297	140551	1
016	26	Sound	P2/beat	3795562	25000	1			25000		other	0
016	26	Sound	f16	3842062	71500	1			71500		other	0
016	26	Picture	3-123-1-3	3900881	130318	7	5166	7	130000	5000	hit	184
016	26	Response	62	3911177	140614	1
016	27	Sound	P2/beat	3946378	25000	1			25000		other	0
016	27	Sound	f18	3992878	71500	1			71500		other	0
016	27	Picture	3-113-1-3	4051697	130319	7	5166	7	130000	5000	incorrect	188
016	27	Response	52	4065737	144358	1
016	28	Sound	P2/beat	4097194	25000	1			25000		other	0
016	28	Response	53	4101337	29142	1
016	28	Sound	test18	4143695	71500	1			71500		other	0
016	28	Picture	3-223-1-3	4202513	130318	7	5166	7	130000	5000	hit	193
016	28	Response	62	4213736	141542	1
016	29	Response	53	4247816	24805	1
016	29	Sound	P2/both1	4248011	25000	1			25000		other	0
016	29	Response	53	4253177	30167	1
016	29	Response	53	4259496	36486	1
016	29	Response	53	4265576	42566	2
016	29	Response	53	4272537	49526	1
016	29	Response	53	4277737	54726	2
016	29	Response	53	4283896	60885	1
016	29	Response	53	4289657	66646	1
016	29	Sound	f10	4294511	71500	1			71500		other	0
016	29	Picture	2-114-1-2	4353329	130318	7	5166	7	130000	5000	hit	205
016	29	Response	61	4364856	141845	1
016	30	Sound	P2/both	4398827	25000	1			25000		other	0
016	30	Response	53	4400536	26709	1
016	30	Response	53	4404696	30869	2
016	30	Response	53	4410296	36469	1
016	30	Response	53	4416456	42629	1
016	30	Response	53	4422856	49029	1
016	30	Response	53	4428456	54629	1
016	30	Response	53	4434536	60709	2
016	30	Response	53	4441416	67590	3
016	30	Sound	f12	4445327	71500	1			71500		other	0
016	30	Picture	2-114-1-2	4504145	130319	7	5166	7	130000	5000	incorrect	217
016	30	Response	52	4514457	140630	1
016	31	Sound	P2/both	4549643	25000	1			25000		other	0
016	31	Response	53	4554216	29573	1
016	31	Response	53	4560376	35733	2
016	31	Response	53	4566376	41733	1
016	31	Response	53	4572456	47813	1
016	31	Response	53	4578616	53973	2
016	31	Response	53	4584856	60213	1
016	31	Response	53	4591096	66453	1
016	31	Sound	n05	4596143	71500	1			71500		other	0
016	31	Picture	3-124-1-3	4654962	130319	7	5166	7	130000	5000	incorrect	228
016	31	Response	51	4664376	139733	1
016	32	Sound	P2/both	4700459	25000	1			25000		other	0
016	32	Response	53	4704536	29077	1
016	32	Response	53	4710297	34838	2
016	32	Response	53	4716937	41477	1
016	32	Response	53	4723176	47717	2
016	32	Response	53	4729176	53717	1
016	32	Response	53	4735496	60037	1
016	32	Response	53	4741576	66116	1
016	32	Sound	f13	4746959	71500	1			71500		other	0
016	32	Picture	3-124-1-3	4805778	130318	7	5166	7	130000	5000	hit	239
016	32	Response	62	4817816	142357	1
016	33	Sound	P0/none1	4851275	25000	1			25000		other	0
016	33	Sound	n09	4897775	71500	1			71500		other	0
016	33	Picture	3-211-1-3	4956594	130319	7	5166	7	130000	5000	hit	243
016	33	Response	61	4966296	140021	2
016	34	Sound	P0/none	5002091	25000	1			25000		other	0
016	34	Sound	test13	5048591	71500	1			71500		other	0
016	34	Picture	3-221-1-3	5107410	130319	7	5166	7	130000	5000	incorrect	247
016	34	Response	51	5120376	143284	2
016	35	Sound	P0/none	5152907	25000	1			25000		other	0
016	35	Sound	f11	5199407	71500	1			71500		other	0
016	35	Picture	2-111-1-2	5258226	130319	7	5166	7	130000	5000	incorrect	251
016	35	Response	52	5269336	141428	1
016	36	Sound	P0/none	5303724	25000	1			25000		other	0
016	36	Sound	test17	5350224	71500	1			71500		other	0
016	36	Picture	2-211-2-2	5409042	130319	7	5166	7	130000	5000	hit	255
016	36	Response	61	5418296	139572	1
016	37	Sound	P2/both1	5454540	25000	1			25000		other	0
016	37	Response	53	5456056	26516	2
016	37	Response	53	5460216	30675	1
016	37	Response	53	5465816	36275	1
016	37	Response	53	5471976	42436	1
016	37	Response	53	5478296	48755	2
016	37	Response	53	5484135	54595	1
016	37	Response	53	5490216	60675	2
016	37	Response	53	5496216	66675	1
016	37	Sound	f06	5501040	71500	1			71500		other	0
016	37	Picture	2-114-1-2	5559859	130318	7	5166	7	130000	5000	hit	267
016	37	Response	61	5569176	139635	1
016	38	Sound	P2/both	5605356	25000	1			25000		other	0
016	38	Response	53	5610856	30500	1
016	38	Response	53	5615895	35539	1
016	38	Response	53	5621496	41139	2
016	38	Response	53	5627576	47219	2
016	38	Response	53	5633336	52979	1
016	38	Response	53	5639096	58739	1
016	38	Response	53	5645736	65379	1
016	38	Sound	f24	5651856	71500	1			71500		other	0
016	38	Picture	3-114-1-3	5710675	130319	7	5166	7	130000	5000	hit	278
016	38	Response	61	5720136	139779	1
016	39	Sound	P2/both	5756173	25000	1			25000		other	0
016	39	Response	53	5760936	29763	2
016	39	Response	53	5767095	35923	1
016	39	Response	53	5773256	42083	2
016	39	Response	53	5778856	47683	1
016	39	Response	53	5785416	54243	1
016	39	Response	53	5793176	62003	1
016	39	Response	53	5798216	67043	2
016	39	Sound	f08	5802672	71500	1			71500		other	0
016	39	Picture	2-114-1-2	5861491	130319	7	5166	7	130000	5000	incorrect	289
016	39	Response	52	5873416	142244	2
016	40	Response	53	5903016	21027	1
016	40	Sound	P2/both	5906989	25000	1			25000		other	0
016	40	Response	53	5910535	28546	2
016	40	Response	53	5917255	35267	1
016	40	Response	53	5923415	41427	1
016	40	Response	53	5930135	48146	1
016	40	Response	53	5936055	54067	2
016	40	Response	53	5941896	59907	2
016	40	Response	53	5948055	66067	1
016	40	Sound	n04	5953489	71500	1			71500		other	0
016	40	Picture	2-224-1-2	6012307	130318	7	5166	7	130000	5000	incorrect	301
016	40	Response	51	6022535	140547	1
016	41	Sound	P2/beat1	6057805	25000	1			25000		other	0
016	41	Sound	test09	6104305	71500	1			71500		other	0
016	41	Picture	2-223-1-2	6163123	130319	7	5166	7	130000	5000	hit	305
016	41	Response	62	6175095	142291	1
016	42	Sound	P2/beat	6208621	25000	1			25000		other	0
016	42	Response	53	6212295	28674	2
016	42	Sound	test03	6255121	71500	1			71500		other	0
016	42	Picture	2-213-1-2	6313940	130318	7	5166	7	130000	5000	incorrect	310
016	42	Response	52	6324375	140754	2
016	43	Sound	P2/beat	6359437	25000	1			25000		other	0
016	43	Sound	n10	6405937	71500	1			71500		other	0
016	43	Picture	3-123-1-3	6464756	130319	7	5166	7	130000	5000	hit	314
016	43	Response	62	6478056	143618	1
016	44	Sound	P2/beat	6510253	25000	1			25000		other	0
016	44	Sound	test24	6556753	71500	1			71500		other	0
016	44	Picture	3-223-1-3	6615572	130319	7	5166	7	130000	5000	incorrect	318
016	44	Response	51	6631255	146002	1
016	45	Sound	P1/tapping1	6661070	25000	1			25000		other	0
016	45	Response	53	6661815	25745	2
016	45	Response	53	6685495	49425	1
016	45	Response	53	6699575	63505	2
016	45	Sound	f05	6707569	71500	1			71500		other	0
016	45	Picture	2-112-1-2	6766388	130319	7	5166	7	130000	5000	incorrect	325
016	45	Response	52	6778453	142383	85
016	46	Sound	P1/tapping	6811886	25000	1			25000		other	0
016	46	Response	53	6816455	29569	1
016	46	Sound	f04	6858386	71500	1			71500		other	0
016	46	Picture	2-122-1-2	6917205	130319	7	5166	7	130000	5000	hit	330
016	46	Response	62	6935495	148609	2
016	47	Response	53	6959655	21953	1
016	47	Sound	P1/tapping	6962704	25002	1			25000		other	0
016	47	Response	53	6984135	46433	1
016	47	Response	53	6999815	62112	2
016	47	Sound	n13	7009202	71500	1			71500		other	0
016	47	Picture	3-222-1-3	7068021	130319	7	5166	7	130000	5000	hit	337
016	47	Response	62	7082615	144913	1
016	48	Sound	P1/tapping	7113518	25000	1			25000		other	0
016	48	Response	53	7115255	26737	3
016	48	Response	53	7120455	31936	1
016	48	Response	53	7126775	38256	1
016	48	Response	53	7132855	44336	1
016	48	Response	53	7139015	50496	1
016	48	Response	53	7145015	56497	1
016	48	Response	53	7151336	62817	1
016	48	Response	53	7157656	69138	1
016	48	Sound	f21	7160018	71500	1			71500		other	0
016	48	Response	51	7214535	126016	2
016	48	Picture	3-112-1-3	7218837	130319	7	5166	7	130000	5000	incorrect	350
016	48	Response	52	7236215	147696	1
016	49	Sound	P0/none1	7264334	25000	1			25000		other	0
016	49	Sound	test25	7310834	71500	1			71500		other	0
016	49	Picture	3-211-1-3	7369653	130319	7	5166	7	130000	5000	incorrect	354
016	49	Response	52	7381735	142400	2
016	50	Sound	P0/none	7415151	25000	1			25000		other	0
016	50	Sound	test12	7461651	71500	1			71500		other	0
016	50	Picture	2-221-1-2	7520469	130318	7	5166	7	130000	5000	hit	358
016	50	Response	62	7530697	140546	2
016	51	Sound	P0/none	7565967	25000	1			25000		other	0
016	51	Sound	n03	7612467	71500	1			71500		other	0
016	51	Picture	2-111-1-2	7671286	130318	7	5166	7	130000	5000	hit	362
016	51	Response	61	7680055	139087	2
016	52	Sound	P0/none	7716783	25000	1			25000		other	0
016	52	Sound	f23	7763283	71500	1			71500		other	0
016	52	Picture	2-121-1-2	7822102	130319	7	5166	7	130000	5000	hit	366
016	52	Response	62	7837334	145551	2
016	53	Response	53	7867174	24575	2
016	53	Sound	P1/tapping1	7867599	25000	1			25000		other	0
016	53	Sound	f02	7914099	71500	1			71500		other	0
016	53	Picture	2-122-1-2	7972918	130319	7	5166	7	130000	5000	hit	371
016	53	Response	62	7986774	144175	1
016	54	Sound	P1/tapping	8018416	25000	1			25000		other	0
016	54	Response	53	8019814	26398	1
016	54	Response	53	8026854	33438	1
016	54	Response	53	8032774	39358	1
016	54	Response	53	8038534	45118	2
016	54	Response	53	8045094	51678	2
016	54	Response	53	8051654	58238	1
016	54	Response	53	8057894	64478	2
016	54	Response	53	8063176	69760	3
016	54	Sound	test15	8064915	71500	1			71500		other	0
016	54	Picture	3-222-1-3	8123734	130319	7	5166	7	130000	5000	incorrect	383
016	54	Response	51	8138455	145039	2
016	55	Sound	P1/tapping	8169233	25001	1			25000		other	0
016	55	Response	53	8171094	26862	1
016	55	Response	53	8175974	31742	1
016	55	Response	53	8182134	37902	2
016	55	Response	53	8187654	43422	1
016	55	Response	53	8194295	50063	1
016	55	Response	53	8200774	56542	2
016	55	Response	53	8206854	62622	1
016	55	Response	53	8213814	69582	2
016	55	Sound	test11	8215732	71500	1			71500		other	0
016	55	Picture	2-212-1-2	8274551	130319	7	5166	7	130000	5000	incorrect	395
016	55	Response	52	8285574	141342	2
016	56	Response	53	8319494	24446	2
016	56	Sound	P1/tapping	8320048	25000	1			25000		other	0
016	56	Response	53	8325734	30686	2
016	56	Response	53	8332134	37086	2
016	56	Response	53	8339094	44046	1
016	56	Response	53	8344854	49806	1
016	56	Response	53	8351174	56126	1
016	56	Response	53	8356134	61085	2
016	56	Sound	n06	8366548	71500	1			71500		other	0
016	56	Picture	3-222-1-3	8425367	130319	7	5166	7	130000	5000	hit	406
016	56	Response	62	8433894	138846	1
016	57	Response	53	8470614	24749	1
016	57	Sound	P2/both1	8470864	25000	1			25000		other	0
016	57	Response	53	8476454	30589	1
016	57	Response	53	8482374	36510	1
016	57	Response	53	8488374	42509	1
016	57	Response	53	8494774	48909	2
016	57	Response	53	8500695	54830	1
016	57	Response	53	8506454	60589	1
016	57	Response	53	8511734	65869	2
016	57	Sound	n11	8517364	71500	1			71500		other	0
016	57	Picture	2-124-1-2	8576183	130319	7	5166	7	130000	5000	incorrect	418
016	57	Response	51	8589094	143229	1
016	58	Sound	P2/both	8621681	25000	1			25000		other	0
016	58	Response	53	8622374	25693	1
016	58	Response	53	8627334	30653	1
016	58	Response	53	8632854	36173	1
016	58	Response	53	8638454	41773	1
016	58	Response	53	8644774	48093	1
016	58	Response	53	8651094	54413	1
016	58	Response	53	8657254	60573	1
016	58	Response	53	8662694	66013	1
016	58	Sound	n14	8668180	71500	1			71500		other	0
016	58	Picture	3-124-1-3	8726999	130319	7	5166	7	130000	5000	incorrect	430
016	58	Response	51	8739414	142733	1
016	59	Response	53	8771734	24237	1
016	59	Sound	P2/both	8772497	25000	1			25000		other	0
016	59	Response	53	8777654	30156	1
016	59	Response	53	8783574	36077	2
016	59	Response	53	8789334	41837	1
016	59	Response	53	8795894	48397	2
016	59	Response	53	8801814	54316	2
016	59	Response	53	8807894	60397	2
016	59	Response	53	8813254	65757	1
016	59	Sound	f14	8818997	71500	1			71500		other	0
016	59	Picture	3-124-1-3	8877816	130319	7	5166	7	130000	5000	hit	442
016	59	Response	62	8890054	142557	2
016	60	Sound	P2/both	8923313	25000	1			25000		other	0
016	60	Response	53	8925094	26780	1
016	60	Response	53	8929014	30701	2
016	60	Response	53	8934534	36220	1
016	60	Response	53	8940454	42140	2
016	60	Response	53	8946453	48140	1
016	60	Response	53	8953014	54700	1
016	60	Response	53	8959094	60780	2
016	60	Response	53	8965014	66700	1
016	60	Sound	n07	8969813	71500	1			71500		other	0
016	60	Picture	2-214-1-2	9028632	130319	7	5166	7	130000	5000	hit	454
016	60	Response	61	9039894	141580	1


Event Type	Code	Type	Response	RT	RT Uncertainty	Time	Uncertainty	Duration	Uncertainty	ReqTime	ReqDur

Sound	P0/none1	other				25160	1			25000
Sound	f01	other				71660	1			71500
Picture	2-111-1-2	hit	1	12700	8	130479	7	5166	7	130000	5000
Sound	P0/none	other				175976	1			25000
Sound	test01	other				222476	1			71500
Picture	2-211-1-2	incorrect	2	12604	8	281295	7	5166	7	130000	5000
Sound	P0/none	other				326792	1			25000
Sound	test22	other				373292	1			71500
Picture	3-211-1-3	incorrect	2	14588	7	432111	7	5166	7	130000	5000
Sound	P0/none	other				477608	1			25000
Sound	f07	other				524108	1			71500
Picture	2-121-1-2	incorrect	1	12652	7	582927	7	5166	7	130000	5000
Sound	P2/beat1	other				628425	1			25000
Sound	f03	other				674925	1			71500
Picture	2-123-1-2	hit	2	12395	7	733743	7	5166	7	130000	5000
Sound	P2/beat	other				779240	1			25000
Sound	n12	other				825741	1			71500
Picture	3-123-1-3	incorrect	1	12299	7	884559	7	5166	7	130000	5000
Sound	P2/beat	other				930057	1			25000
Sound	test10	other				976557	1			71500
Picture	2-213-1-2	incorrect	2	11643	7	1035375	7	5166	7	130000	5000
Sound	P2/beat	other				1080873	1			25000
Sound	f17	other				1127372	1			71500
Picture	3-113-1-3	hit	1	10507	7	1186191	7	5166	7	130000	5000
Sound	P0/none1	other				1231689	1			25000
Sound	f09	other				1278189	1			71500
Picture	2-111-1-2	incorrect	2	10811	7	1337007	7	5166	7	130000	5000
Sound	P0/none	other				1382505	1			25000
Sound	test02	other				1429005	1			71500
Picture	2-221-1-2	hit	2	14315	7	1487823	7	5166	7	130000	5000
Sound	P0/none	other				1533321	1			25000
Sound	f20	other				1579821	1			71500
Picture	3-121-1-3	incorrect	1	19739	7	1638639	7	5166	7	130000	5000
Sound	P0/none	other				1684137	1			25000
Sound	test21	other				1730637	1			71500
Picture	3-221-1-3	hit	2	15483	8	1789455	7	5166	7	130000	5000
Sound	P1/tapping1	other				1834953	1			25000
Sound	test04	other				1881453	1			71500
Picture	2-212-1-2	incorrect	2	14107	8	1940272	7	5166	7	130000	5000
Sound	P1/tapping	other				1985769	1			25000
Sound	test23	other				2032269	1			71500
Picture	3-222-1-3	incorrect	1	15290	8	2091088	7	5166	7	130000	5000
Sound	P1/tapping	other				2136585	1			25000
Sound	test06	other				2183085	1			71500
Picture	2-222-1-2	hit	2	16554	8	2241904	7	5166	7	130000	5000
Sound	P1/tapping	other				2287401	1			25000
Sound	test07	other				2333901	1			71500
Picture	2-212-1-2	hit	1	17738	8	2392720	7	5166	7	130000	5000
Sound	P2/both1	other				2438217	1			25000
Sound	n01	other				2484717	1			71500
Picture	3-214-1-3	incorrect	2	11322	7	2543536	7	5166	7	130000	5000
Sound	P2/both	other				2589033	1			25000
Sound	f22	other				2635533	1			71500
Picture	3-124-1-3	hit	2	14906	8	2694352	7	5166	7	130000	5000
Sound	P2/both	other				2739850	1			25000
Sound	f19	other				2786349	1			71500
Picture	3-114-1-3	incorrect	2	14729	8	2845168	7	5166	7	130000	5000
Sound	P2/both	other				2890665	1			25000
Sound	test16	other				2937166	1			71500
Picture	3-224-1-3	incorrect	1	14234	8	2995984	7	5166	7	130000	5000
Sound	P1/tapping1	other				3041482	1			25000
Sound	test05	other				3087981	1			71500
Picture	2-222-1-2	incorrect	1	9657	8	3146800	7	5166	7	130000	5000
Sound	P1/tapping	other				3192298	1			25000
Sound	test08	other				3238798	1			71500
Picture	2-212-1-2	incorrect	2	10361	7	3297616	7	5166	7	130000	5000
Sound	P1/tapping	other				3343114	1			25000
Sound	test14	other				3389614	1			71500
Picture	3-212-1-3	miss				3448433	7	5166	7	130000	5000
Sound	P1/tapping	other				3493930	1			25000
Sound	test19	other				3540430	1			71500
Picture	3-212-1-3	hit	1	7848	7	3599249	7	5166	7	130000	5000
Sound	P2/beat1	other				3644746	1			25000
Sound	f15	other				3691246	1			71500
Picture	3-113-1-3	hit	1	10232	7	3750065	7	5166	7	130000	5000
Sound	P2/beat	other				3795562	1			25000
Sound	f16	other				3842062	1			71500
Picture	3-123-1-3	hit	2	10296	7	3900881	7	5166	7	130000	5000
Sound	P2/beat	other				3946378	1			25000
Sound	f18	other				3992878	1			71500
Picture	3-113-1-3	incorrect	2	14040	7	4051697	7	5166	7	130000	5000
Sound	P2/beat	other				4097194	1			25000
Sound	test18	other				4143695	1			71500
Picture	3-223-1-3	hit	2	11223	7	4202513	7	5166	7	130000	5000
Sound	P2/both1	other				4248011	1			25000
Sound	f10	other				4294511	1			71500
Picture	2-114-1-2	hit	1	11527	7	4353329	7	5166	7	130000	5000
Sound	P2/both	other				4398827	1			25000
Sound	f12	other				4445327	1			71500
Picture	2-114-1-2	incorrect	2	10311	7	4504145	7	5166	7	130000	5000
Sound	P2/both	other				4549643	1			25000
Sound	n05	other				4596143	1			71500
Picture	3-124-1-3	incorrect	1	9415	7	4654962	7	5166	7	130000	5000
Sound	P2/both	other				4700459	1			25000
Sound	f13	other				4746959	1			71500
Picture	3-124-1-3	hit	2	12038	7	4805778	7	5166	7	130000	5000
Sound	P0/none1	other				4851275	1			25000
Sound	n09	other				4897775	1			71500
Picture	3-211-1-3	hit	1	9702	8	4956594	7	5166	7	130000	5000
Sound	P0/none	other				5002091	1			25000
Sound	test13	other				5048591	1			71500
Picture	3-221-1-3	incorrect	1	12965	8	5107410	7	5166	7	130000	5000
Sound	P0/none	other				5152907	1			25000
Sound	f11	other				5199407	1			71500
Picture	2-111-1-2	incorrect	2	11110	7	5258226	7	5166	7	130000	5000
Sound	P0/none	other				5303724	1			25000
Sound	test17	other				5350224	1			71500
Picture	2-211-2-2	hit	1	9253	8	5409042	7	5166	7	130000	5000
Sound	P2/both1	other				5454540	1			25000
Sound	f06	other				5501040	1			71500
Picture	2-114-1-2	hit	1	9317	7	5559859	7	5166	7	130000	5000
Sound	P2/both	other				5605356	1			25000
Sound	f24	other				5651856	1			71500
Picture	3-114-1-3	hit	1	9461	7	5710675	7	5166	7	130000	5000
Sound	P2/both	other				5756173	1			25000
Sound	f08	other				5802672	1			71500
Picture	2-114-1-2	incorrect	2	11925	8	5861491	7	5166	7	130000	5000
Sound	P2/both	other				5906989	1			25000
Sound	n04	other				5953489	1			71500
Picture	2-224-1-2	incorrect	1	10228	7	6012307	7	5166	7	130000	5000
Sound	P2/beat1	other				6057805	1			25000
Sound	test09	other				6104305	1			71500
Picture	2-223-1-2	hit	2	11972	7	6163123	7	5166	7	130000	5000
Sound	P2/beat	other				6208621	1			25000
Sound	test03	other				6255121	1			71500
Picture	2-213-1-2	incorrect	2	10436	8	6313940	7	5166	7	130000	5000
Sound	P2/beat	other				6359437	1			25000
Sound	n10	other				6405937	1			71500
Picture	3-123-1-3	hit	2	13300	7	6464756	7	5166	7	130000	5000
Sound	P2/beat	other				6510253	1			25000
Sound	test24	other				6556753	1			71500
Picture	3-223-1-3	incorrect	1	15683	7	6615572	7	5166	7	130000	5000
Sound	P1/tapping1	other				6661070	1			25000
Sound	f05	other				6707569	1			71500
Picture	2-112-1-2	incorrect	2	12065	91	6766388	7	5166	7	130000	5000
Sound	P1/tapping	other				6811886	1			25000
Sound	f04	other				6858386	1			71500
Picture	2-122-1-2	hit	2	18290	8	6917205	7	5166	7	130000	5000
Sound	P1/tapping	other				6962704	1			25000
Sound	n13	other				7009202	1			71500
Picture	3-222-1-3	hit	2	14594	7	7068021	7	5166	7	130000	5000
Sound	P1/tapping	other				7113518	1			25000
Sound	f21	other				7160018	1			71500
Picture	3-112-1-3	incorrect	2	17378	7	7218837	7	5166	7	130000	5000
Sound	P0/none1	other				7264334	1			25000
Sound	test25	other				7310834	1			71500
Picture	3-211-1-3	incorrect	2	12081	8	7369653	7	5166	7	130000	5000
Sound	P0/none	other				7415151	1			25000
Sound	test12	other				7461651	1			71500
Picture	2-221-1-2	hit	2	10227	9	7520469	7	5166	7	130000	5000
Sound	P0/none	other				7565967	1			25000
Sound	n03	other				7612467	1			71500
Picture	2-111-1-2	hit	1	8769	8	7671286	7	5166	7	130000	5000
Sound	P0/none	other				7716783	1			25000
Sound	f23	other				7763283	1			71500
Picture	2-121-1-2	hit	2	15232	8	7822102	7	5166	7	130000	5000
Sound	P1/tapping1	other				7867599	1			25000
Sound	f02	other				7914099	1			71500
Picture	2-122-1-2	hit	2	13856	7	7972918	7	5166	7	130000	5000
Sound	P1/tapping	other				8018416	1			25000
Sound	test15	other				8064915	1			71500
Picture	3-222-1-3	incorrect	1	14720	8	8123734	7	5166	7	130000	5000
Sound	P1/tapping	other				8169233	1			25000
Sound	test11	other				8215732	1			71500
Picture	2-212-1-2	incorrect	2	11023	8	8274551	7	5166	7	130000	5000
Sound	P1/tapping	other				8320048	1			25000
Sound	n06	other				8366548	1			71500
Picture	3-222-1-3	hit	2	8527	7	8425367	7	5166	7	130000	5000
Sound	P2/both1	other				8470864	1			25000
Sound	n11	other				8517364	1			71500
Picture	2-124-1-2	incorrect	1	12911	7	8576183	7	5166	7	130000	5000
Sound	P2/both	other				8621681	1			25000
Sound	n14	other				8668180	1			71500
Picture	3-124-1-3	incorrect	1	12414	7	8726999	7	5166	7	130000	5000
Sound	P2/both	other				8772497	1			25000
Sound	f14	other				8818997	1			71500
Picture	3-124-1-3	hit	2	12238	8	8877816	7	5166	7	130000	5000
Sound	P2/both	other				8923313	1			25000
Sound	n07	other				8969813	1			71500
Picture	2-214-1-2	hit	1	11262	7	9028632	7	5166	7	130000	5000


{
   "app": "Presentation Version 22.1 Build 01.21.21",
   "device": "Dell Inc. OptiPlex 7050",
   "experiment": "{C8E97CB4-6FCA-44FA-B866-4A2D94B6B85C}",
   "os": "Windows 10 64 bit",
   "package": "",
   "parameters": {
      "configuration": "Default configuration"
   },
   "scenario": "entrain_list1_sess1_EB.sce",
   "subject": "016",
   "timestamp": "2022/10/24 12:18:03 GMT"
}
