Scenario - test
Logfile written - 10/24/2022 15:11:16

Subject	Trial	Event Type	Code	Time	TTime	Uncertainty	Duration	Uncertainty	ReqTime	ReqDur	Stim Type	Pair Index

016	1	Sound	P2/both1	25327	24999	1			25000		other	0
016	1	Response	53	26950	26623	2
016	1	Response	53	31110	30783	2
016	1	Response	53	36790	36463	2
016	1	Response	53	42631	42303	1
016	1	Response	53	48391	48064	2
016	1	Response	53	53990	53663	2
016	1	Response	53	60150	59823	1
016	1	Response	53	66070	65743	1
016	1	Sound	test06	71827	71500	1			71500		other	0
016	1	Picture	3-224-1-3	130646	130318	7	5166	7	130000	5000	incorrect	12
016	1	Response	51	139590	139263	1
016	2	Response	53	174390	23247	1
016	2	Sound	P2/both	176143	25000	1			25000		other	0
016	2	Response	53	180470	29327	1
016	2	Response	53	186870	35727	2
016	2	Response	53	192710	41567	2
016	2	Response	53	199270	48127	1
016	2	Response	53	206630	55487	2
016	2	Response	53	211190	60046	1
016	2	Response	53	216230	65087	1
016	2	Sound	f17	222643	71500	1			71500		other	0
016	2	Picture	2-114-2-2	281462	130319	7	5166	7	130000	5000	hit	24
016	2	Response	61	290390	139247	2
016	3	Response	53	324230	22271	2
016	3	Sound	P2/both	326959	25000	1			25000		other	0
016	3	Response	53	330630	28670	1
016	3	Response	53	336871	34911	1
016	3	Response	53	342950	40990	2
016	3	Response	53	349030	47071	1
016	3	Response	53	354870	52910	1
016	3	Response	53	360950	58991	1
016	3	Response	53	366470	64511	2
016	3	Sound	f02	373459	71500	1			71500		other	0
016	3	Picture	3-114-2-3	432278	130319	7	5166	7	130000	5000	incorrect	36
016	3	Response	52	448710	146750	1
016	4	Response	53	476390	23614	1
016	4	Sound	P2/both	477776	25000	1			25000		other	0
016	4	Response	53	482710	29934	1
016	4	Response	53	488550	35774	1
016	4	Response	53	494630	41854	1
016	4	Response	53	500470	47694	1
016	4	Response	53	506150	53374	1
016	4	Response	53	512070	59294	1
016	4	Response	53	517911	65135	1
016	4	Sound	n09	524276	71500	1			71500		other	0
016	4	Picture	2-214-2-2	583094	130318	7	5166	7	130000	5000	hit	48
016	4	Response	61	592950	140174	2
016	5	Sound	P0/none1	628592	25000	1			25000		other	0
016	5	Sound	test15	675092	71500	1			71500		other	0
016	5	Picture	2-211-1-2	733911	130318	7	5166	7	130000	5000	incorrect	52
016	5	Response	52	745590	141998	2
016	6	Sound	P0/none	779408	25000	1			25000		other	0
016	6	Sound	test07	825908	71500	1			71500		other	0
016	6	Picture	3-221-1-3	884727	130319	7	5166	7	130000	5000	hit	56
016	6	Response	62	898790	144382	1
016	7	Sound	P0/none	930224	25000	1			25000		other	0
016	7	Sound	f16	976724	71500	1			71500		other	0
016	7	Picture	2-121-1-2	1035543	130319	7	5166	7	130000	5000	hit	60
016	7	Response	62	1046070	140845	1
016	7	Response	53	1047510	142285	1
016	8	Sound	P0/none	1081041	25000	1			25000		other	0
016	8	Sound	f15	1127540	71500	1			71500		other	0
016	8	Picture	2-111-2-2	1186359	130319	7	5166	7	130000	5000	incorrect	65
016	8	Response	52	1197110	141069	2
016	9	Sound	P1/tapping1	1231857	25000	1			25000		other	0
016	9	Response	53	1234310	27453	2
016	9	Response	53	1238790	31933	1
016	9	Response	53	1244869	38012	1
016	9	Response	53	1250790	43933	2
016	9	Response	53	1257109	50252	2
016	9	Response	53	1261989	55132	1
016	9	Response	53	1268230	61373	2
016	9	Response	53	1274950	68093	1
016	9	Sound	test24	1278357	71500	1			71500		other	0
016	9	Picture	2-212-2-2	1337175	130319	7	5166	7	130000	5000	hit	77
016	9	Response	61	1351750	144893	2
016	10	Sound	P1/tapping	1382673	25000	1			25000		other	0
016	10	Response	53	1385510	27836	2
016	10	Response	53	1391589	33916	2
016	10	Response	53	1397670	39997	1
016	10	Response	53	1403829	46156	1
016	10	Response	53	1410549	52876	1
016	10	Response	53	1417029	59356	1
016	10	Response	53	1423670	65997	2
016	10	Sound	n01	1429173	71500	1			71500		other	0
016	10	Picture	2-222-1-2	1487992	130319	7	5166	7	130000	5000	hit	88
016	10	Response	62	1505989	148316	1
016	11	Sound	P1/tapping	1533489	25000	1			25000		other	0
016	11	Response	53	1535909	27420	1
016	11	Response	53	1542070	33580	2
016	11	Response	53	1548709	40220	1
016	11	Response	53	1554629	46140	1
016	11	Response	53	1560629	52140	1
016	11	Response	53	1566469	57980	1
016	11	Response	53	1574389	65900	2
016	11	Sound	test12	1579989	71500	1			71500		other	0
016	11	Picture	3-222-1-3	1638808	130319	7	5166	7	130000	5000	incorrect	99
016	11	Response	51	1651029	142540	1
016	12	Sound	P1/tapping	1684306	25000	1			25000		other	0
016	12	Response	53	1688149	28844	2
016	12	Response	53	1694549	35243	1
016	12	Response	53	1700710	41404	2
016	12	Response	53	1707029	47723	2
016	12	Response	53	1713669	54363	2
016	12	Response	53	1719749	60444	1
016	12	Response	53	1726149	66843	1
016	12	Sound	test03	1730806	71500	1			71500		other	0
016	12	Picture	3-222-1-3	1789624	130318	7	5166	7	130000	5000	hit	110
016	12	Response	62	1804069	144764	1
016	13	Sound	P2/beat1	1835122	25000	1			25000		other	0
016	13	Sound	test04	1881622	71500	1			71500		other	0
016	13	Picture	3-213-1-3	1940440	130319	7	5166	7	130000	5000	hit	114
016	13	Response	61	1953829	143707	3
016	14	Sound	P2/beat	1985938	25000	1			25000		other	0
016	14	Sound	f12	2032438	71500	1			71500		other	0
016	14	Picture	3-123-1-3	2091257	130318	7	5166	7	130000	5000	incorrect	118
016	14	Response	51	2107029	146091	1
016	15	Sound	P2/beat	2136754	25000	1			25000		other	0
016	15	Sound	test21	2183254	71500	1			71500		other	0
016	15	Picture	2-213-2-2	2242073	130319	7	5166	7	130000	5000	incorrect	122
016	15	Response	52	2253029	141275	1
016	16	Sound	P2/beat	2287570	25000	1			25000		other	0
016	16	Sound	test14	2334070	71500	1			71500		other	0
016	16	Picture	2-213-1-2	2392889	130319	7	5166	7	130000	5000	incorrect	126
016	16	Response	52	2402949	140379	2
016	17	Sound	P0/none1	2438387	25000	1			25000		other	0
016	17	Sound	f08	2484886	71500	1			71500		other	0
016	17	Picture	2-121-1-2	2543705	130319	7	5166	7	130000	5000	hit	130
016	17	Response	62	2560709	147322	1
016	18	Sound	P0/none	2589203	25000	1			25000		other	0
016	18	Sound	f05	2635703	71500	1			71500		other	0
016	18	Picture	3-121-1-3	2694521	130318	7	5166	7	130000	5000	hit	134
016	18	Response	62	2708629	144426	2
016	19	Sound	P0/none	2740019	25000	1			25000		other	0
016	19	Sound	n05	2786519	71500	1			71500		other	0
016	19	Picture	2-111-2-2	2845338	130319	7	5166	7	130000	5000	hit	138
016	19	Response	61	2857029	142010	1
016	20	Sound	P0/none	2890835	25000	1			25000		other	0
016	20	Sound	f13	2937335	71500	1			71500		other	0
016	20	Picture	2-111-1-2	2996154	130318	7	5166	7	130000	5000	incorrect	142
016	20	Response	52	3011589	145753	2
016	21	Sound	P2/beat1	3041651	25000	1			25000		other	0
016	21	Sound	f06	3088151	71500	1			71500		other	0
016	21	Picture	3-113-1-3	3146970	130319	7	5166	7	130000	5000	incorrect	146
016	21	Response	52	3160148	143497	1
016	22	Sound	P2/beat	3192468	25000	1			25000		other	0
016	22	Sound	n03	3238968	71500	1			71500		other	0
016	22	Picture	3-113-1-3	3297786	130319	7	5166	7	130000	5000	hit	150
016	22	Response	61	3307588	140121	1
016	23	Sound	P2/beat	3343284	25000	1			25000		other	0
016	23	Sound	f22	3389784	71500	1			71500		other	0
016	23	Picture	2-113-2-2	3448603	130319	7	5166	7	130000	5000	hit	154
016	23	Response	61	3464308	146024	3
016	24	Sound	P2/beat	3494100	25000	1			25000		other	0
016	24	Sound	test11	3540600	71500	1			71500		other	0
016	24	Picture	3-213-1-3	3599419	130319	7	5166	7	130000	5000	incorrect	158
016	24	Response	52	3611108	142008	3
016	25	Sound	P2/both1	3644916	25000	1			25000		other	0
016	25	Response	53	3650948	31032	2
016	25	Response	53	3656148	36232	1
016	25	Response	53	3662228	42312	1
016	25	Response	53	3667908	47992	2
016	25	Response	53	3673188	53272	2
016	25	Response	53	3679188	59272	2
016	25	Response	53	3685348	65432	2
016	25	Sound	test05	3691416	71500	1			71500		other	0
016	25	Picture	3-224-1-3	3750235	130319	7	5166	7	130000	5000	hit	169
016	25	Response	62	3761588	141671	1
016	26	Response	53	3793508	22775	2
016	26	Sound	P2/both	3795733	25000	1			25000		other	0
016	26	Response	53	3799988	29255	1
016	26	Response	53	3806708	35975	1
016	26	Response	53	3812708	41975	1
016	26	Response	53	3818308	47575	1
016	26	Response	53	3824228	53495	1
016	26	Response	53	3830388	59655	1
016	26	Response	53	3836229	65496	1
016	26	Sound	n12	3842233	71500	1			71500		other	0
016	26	Picture	2-114-2-2	3901051	130318	7	5166	7	130000	5000	hit	181
016	26	Response	61	3910948	140215	1
016	27	Sound	P2/both	3946549	25000	1			25000		other	0
016	27	Response	53	3946948	25399	1
016	27	Response	53	3951748	30199	2
016	27	Response	53	3957188	35639	1
016	27	Response	53	3962948	41399	1
016	27	Response	53	3969268	47719	2
016	27	Response	53	3974708	53159	2
016	27	Response	53	3980788	59239	1
016	27	Response	53	3986868	65319	2
016	27	Sound	n10	3993049	71500	1			71500		other	0
016	27	Picture	2-124-1-2	4051868	130319	7	5166	7	130000	5000	hit	193
016	27	Response	62	4064068	142519	1
016	28	Response	53	4094788	22423	2
016	28	Sound	P2/both	4097365	25000	1			25000		other	0
016	28	Response	53	4102068	29703	1
016	28	Response	53	4106228	33863	1
016	28	Response	53	4111348	38983	1
016	28	Response	53	4118628	46263	2
016	28	Response	53	4126468	54103	2
016	28	Response	53	4132468	60102	1
016	28	Response	53	4137428	65063	1
016	28	Sound	test25	4143865	71500	1			71500		other	0
016	28	Picture	2-214-1-2	4202684	130319	7	5166	7	130000	5000	incorrect	205
016	28	Response	52	4213588	141223	1
016	29	Sound	P0/none1	4248181	25000	1			25000		other	0
016	29	Sound	f18	4294681	71500	1			71500		other	0
016	29	Picture	2-121-2-2	4353500	130319	7	5166	7	130000	5000	hit	209
016	29	Response	62	4368068	144886	1
016	30	Sound	P0/none	4398997	25000	1			25000		other	0
016	30	Sound	test10	4445498	71500	1			71500		other	0
016	30	Picture	3-221-1-3	4504316	130319	7	5166	7	130000	5000	incorrect	213
016	30	Response	51	4514148	140150	1
016	31	Sound	P0/none	4549814	25000	1			25000		other	0
016	31	Sound	test19	4596314	71500	1			71500		other	0
016	31	Picture	3-221-1-3	4655132	130318	7	5166	7	130000	5000	hit	217
016	31	Response	62	4669188	144374	2
016	32	Sound	P0/none	4700635	25005	1			25000		other	0
016	32	Sound	test18	4747130	71500	1			71500		other	0
016	32	Picture	2-211-1-2	4805949	130319	7	5166	7	130000	5000	hit	221
016	32	Response	61	4815748	140118	1
016	33	Sound	P1/tapping1	4851446	25000	1			25000		other	0
016	33	Response	53	4853827	27381	2
016	33	Response	53	4864387	37941	2
016	33	Response	53	4873427	46981	1
016	33	Response	53	4882787	56341	2
016	33	Response	53	4891347	64901	1
016	33	Sound	f11	4897946	71500	1			71500		other	0
016	33	Picture	3-122-1-3	4956765	130319	7	5166	7	130000	5000	hit	230
016	33	Response	62	4968548	142101	2
016	34	Sound	P1/tapping	5002262	25000	1			25000		other	0
016	34	Response	53	5004467	27205	2
016	34	Response	53	5010467	33205	3
016	34	Response	53	5019587	42325	2
016	34	Response	53	5031347	54085	2
016	34	Response	53	5037747	60485	1
016	34	Sound	n07	5048762	71500	1			71500		other	0
016	34	Picture	3-212-1-3	5107581	130319	7	5166	7	130000	5000	hit	239
016	34	Response	61	5119267	142005	2
016	35	Response	53	5151107	23028	1
016	35	Sound	P1/tapping	5153079	25000	1			25000		other	0
016	35	Response	53	5157507	29428	1
016	35	Response	53	5163668	35589	2
016	35	Response	53	5169347	41268	1
016	35	Response	53	5174787	46708	1
016	35	Response	53	5180627	52548	1
016	35	Response	53	5186387	58308	1
016	35	Response	53	5189987	61908	2
016	35	Sound	test09	5199579	71500	1			71500		other	0
016	35	Picture	3-212-1-3	5258397	130319	7	5166	7	130000	5000	hit	251
016	35	Response	61	5272148	144069	2
016	36	Sound	P1/tapping	5303895	25000	1			25000		other	0
016	36	Response	53	5305507	26612	2
016	36	Response	53	5310467	31572	2
016	36	Response	53	5317347	38452	1
016	36	Response	53	5322707	43812	1
016	36	Response	53	5328387	49492	2
016	36	Response	53	5334147	55251	2
016	36	Response	53	5339907	61012	2
016	36	Response	53	5345747	66852	2
016	36	Sound	test22	5350395	71500	1			71500		other	0
016	36	Picture	2-222-2-2	5409214	130318	7	5166	7	130000	5000	incorrect	263
016	36	Response	51	5420068	141173	2
016	37	Sound	P2/beat1	5454711	25000	1			25000		other	0
016	37	Sound	f14	5501211	71500	1			71500		other	0
016	37	Picture	2-113-2-2	5560030	130319	7	5166	7	130000	5000	hit	267
016	37	Response	61	5568867	139156	1
016	38	Sound	P2/beat	5605527	25000	1			25000		other	0
016	38	Sound	test17	5652027	71500	1			71500		other	0
016	38	Picture	3-223-1-3	5710846	130319	7	5166	7	130000	5000	incorrect	271
016	38	Response	51	5720547	140019	1
016	39	Sound	P2/beat	5756344	25000	1			25000		other	0
016	39	Sound	n14	5802843	71499	1			71500		other	0
016	39	Picture	2-123-2-2	5861662	130319	7	5166	7	130000	5000	incorrect	275
016	39	Response	51	5879667	148323	2
016	40	Sound	P2/beat	5907160	25000	1			25000		other	0
016	40	Sound	f01	5953660	71500	1			71500		other	0
016	40	Picture	3-123-1-3	6012479	130319	7	5166	7	130000	5000	incorrect	279
016	40	Response	51	6021347	139187	1
016	41	Response	53	6057747	24771	1
016	41	Sound	P2/both1	6057976	25000	1			25000		other	0
016	41	Response	53	6063107	30130	1
016	41	Response	53	6068547	35570	1
016	41	Response	53	6074307	41330	1
016	41	Response	53	6080307	47331	1
016	41	Response	53	6086067	53091	2
016	41	Response	53	6092227	59250	1
016	41	Response	53	6098227	65250	1
016	41	Sound	n06	6104476	71500	1			71500		other	0
016	41	Picture	2-214-2-2	6163295	130319	7	5166	7	130000	5000	hit	291
016	41	Response	61	6175507	142530	2
016	42	Sound	P2/both	6208792	25000	1			25000		other	0
016	42	Response	53	6210147	26354	2
016	42	Response	53	6214707	30914	1
016	42	Response	53	6219587	35794	1
016	42	Response	53	6224787	40994	2
016	42	Response	53	6230467	46675	2
016	42	Response	53	6236467	52674	2
016	42	Response	53	6243347	59554	1
016	42	Response	53	6248547	64754	1
016	42	Sound	f23	6255292	71500	1			71500		other	0
016	42	Picture	3-124-1-3	6314111	130319	7	5166	7	130000	5000	incorrect	303
016	42	Response	51	6326946	143153	2
016	43	Sound	P2/both	6359609	25000	1			25000		other	0
016	43	Response	53	6362147	27538	1
016	43	Response	53	6365506	30898	2
016	43	Response	53	6370227	35618	2
016	43	Response	53	6376067	41458	1
016	43	Response	53	6381826	47218	2
016	43	Response	53	6387747	53138	2
016	43	Response	53	6393507	58898	1
016	43	Response	53	6399507	64898	1
016	43	Sound	test02	6406109	71500	1			71500		other	0
016	43	Picture	3-214-1-3	6464928	130319	7	5166	7	130000	5000	hit	315
016	43	Response	61	6475907	141298	1
016	44	Response	53	6506146	20721	2
016	44	Sound	P2/both	6510425	25000	1			25000		other	0
016	44	Response	53	6514226	28801	2
016	44	Response	53	6520627	35201	1
016	44	Response	53	6526786	41361	2
016	44	Response	53	6532627	47202	2
016	44	Response	53	6539186	53761	1
016	44	Response	53	6545267	59841	2
016	44	Response	53	6551906	66481	1
016	44	Sound	test08	6556925	71500	1			71500		other	0
016	44	Picture	3-214-1-3	6615744	130318	7	5166	7	130000	5000	hit	327
016	44	Response	61	6634946	149521	2
016	45	Sound	P0/none1	6661241	25000	1			25000		other	0
016	45	Sound	f10	6707741	71500	1			71500		other	0
016	45	Picture	3-121-1-3	6766560	130319	7	5166	7	130000	5000	hit	331
016	45	Response	62	6781586	145345	1
016	46	Sound	P0/none	6812058	25000	1			25000		other	0
016	46	Sound	f04	6858557	71500	1			71500		other	0
016	46	Picture	3-121-1-3	6917376	130319	7	5166	7	130000	5000	hit	335
016	46	Response	62	6932467	145409	2
016	47	Sound	P0/none	6962874	25000	1			25000		other	0
016	47	Sound	n11	7009374	71500	1			71500		other	0
016	47	Picture	3-121-2-3	7068193	130319	7	5166	7	130000	5000	hit	339
016	47	Response	62	7080706	142832	3
016	48	Sound	P0/none	7113690	25000	1			25000		other	0
016	48	Sound	test16	7160190	71500	1			71500		other	0
016	48	Picture	2-221-1-2	7219009	130319	7	5166	7	130000	5000	incorrect	343
016	48	Response	51	7229426	140736	1
016	49	Sound	P2/beat1	7264506	25000	1			25000		other	0
016	49	Sound	test13	7311006	71500	1			71500		other	0
016	49	Picture	2-223-1-2	7369825	130318	7	5166	7	130000	5000	incorrect	347
016	49	Response	51	7387666	148159	1
016	50	Sound	P2/beat	7415323	25000	1			25000		other	0
016	50	Sound	f21	7461822	71500	1			71500		other	0
016	50	Picture	2-113-2-2	7520641	130319	7	5166	7	130000	5000	hit	351
016	50	Response	61	7536706	146383	2
016	51	Sound	P2/beat	7566139	25000	1			25000		other	0
016	51	Sound	n13	7612639	71500	1			71500		other	0
016	51	Picture	2-213-1-2	7671458	130319	7	5166	7	130000	5000	incorrect	355
016	51	Response	52	7685826	144687	2
016	52	Sound	P2/beat	7716955	25000	1			25000		other	0
016	52	Sound	f09	7763455	71500	1			71500		other	0
016	52	Picture	3-123-1-3	7822274	130319	7	5166	7	130000	5000	hit	359
016	52	Response	62	7835586	143630	1
016	53	Sound	P2/both1	7867771	25000	1			25000		other	0
016	53	Response	53	7871907	29135	1
016	53	Response	53	7877906	35134	1
016	53	Response	53	7884306	41534	2
016	53	Response	53	7890786	48014	2
016	53	Response	53	7896706	53934	2
016	53	Response	53	7902865	60094	2
016	53	Response	53	7908786	66014	2
016	53	Sound	f07	7914271	71500	1			71500		other	0
016	53	Picture	3-114-1-3	7973090	130319	7	5166	7	130000	5000	incorrect	370
016	53	Response	52	7983906	141134	1
016	54	Response	53	8017266	23678	1
016	54	Sound	P2/both	8018588	25000	1			25000		other	0
016	54	Response	53	8023426	29838	2
016	54	Response	53	8029026	35438	1
016	54	Response	53	8035186	41598	3
016	54	Response	53	8041346	47758	2
016	54	Response	53	8047346	53758	2
016	54	Response	53	8053506	59918	2
016	54	Response	53	8059186	65598	2
016	54	Sound	test23	8065087	71500	1			71500		other	0
016	54	Picture	2-214-2-2	8123907	130319	7	5166	7	130000	5000	hit	382
016	54	Response	61	8133666	140078	1
016	55	Response	53	8165585	21181	1
016	55	Sound	P2/both	8169404	25000	1			25000		other	0
016	55	Response	53	8173026	28621	1
016	55	Response	53	8179186	34781	1
016	55	Response	53	8189746	45342	2
016	55	Response	53	8192945	48541	1
016	55	Response	53	8197826	53421	1
016	55	Response	53	8203506	59102	2
016	55	Response	53	8208385	63981	2
016	55	Sound	f03	8215904	71500	1			71500		other	0
016	55	Picture	3-124-1-3	8274723	130319	7	5166	7	130000	5000	hit	394
016	55	Response	62	8286865	142461	2
016	56	Response	53	8317905	22685	1
016	56	Sound	P2/both	8320220	25000	1			25000		other	0
016	56	Response	53	8324626	29405	2
016	56	Response	53	8330625	35405	2
016	56	Response	53	8336545	41325	1
016	56	Response	53	8342785	47565	1
016	56	Response	53	8348785	53565	2
016	56	Response	53	8354625	59405	2
016	56	Response	53	8360466	65245	1
016	56	Sound	f20	8366721	71500	1			71500		other	0
016	56	Picture	2-114-2-2	8425539	130319	7	5166	7	130000	5000	hit	406
016	56	Response	61	8436786	141565	1
016	57	Sound	P1/tapping1	8471037	25000	1			25000		other	0
016	57	Response	53	8473105	27069	2
016	57	Response	53	8478545	32509	2
016	57	Response	53	8484705	38668	1
016	57	Response	53	8490865	44829	1
016	57	Response	53	8500225	54189	2
016	57	Response	53	8506785	60749	1
016	57	Sound	test01	8517537	71500	1			71500		other	0
016	57	Picture	3-222-1-3	8576355	130319	7	5166	7	130000	5000	incorrect	416
016	57	Response	51	8587585	141549	1
016	58	Response	53	8616785	19932	3
016	58	Sound	P1/tapping	8621853	25000	1			25000		other	0
016	58	Response	53	8627825	30972	2
016	58	Response	53	8633585	36732	1
016	58	Response	53	8638625	41772	1
016	58	Response	53	8644225	47372	1
016	58	Response	53	8649265	52412	1
016	58	Response	53	8654385	57532	1
016	58	Response	53	8659585	62732	1
016	58	Response	53	8663985	67132	1
016	58	Sound	n04	8668353	71500	1			71500		other	0
016	58	Picture	3-212-1-3	8727172	130319	7	5166	7	130000	5000	hit	429
016	58	Response	61	8738465	141612	2
016	59	Sound	P1/tapping	8772669	25000	1			25000		other	0
016	59	Response	53	8774945	27276	2
016	59	Response	53	8784146	36476	1
016	59	Response	53	8793425	45756	1
016	59	Response	53	8802306	54637	2
016	59	Response	53	8811345	63676	1
016	59	Sound	f19	8819169	71500	1			71500		other	0
016	59	Picture	2-122-2-2	8877988	130319	7	5166	7	130000	5000	hit	438
016	59	Response	62	8888865	141196	2
016	60	Response	53	8923265	24780	1
016	60	Sound	P1/tapping	8923486	25000	1			25000		other	0
016	60	Response	53	8929665	31179	1
016	60	Response	53	8935825	37339	1
016	60	Response	53	8942146	43660	2
016	60	Response	53	8948545	50060	1
016	60	Response	53	8955025	56539	1
016	60	Response	53	8961105	62619	1
016	60	Response	53	8969905	71419	2
016	60	Sound	f24	8969985	71500	1			71500		other	0
016	60	Picture	2-122-1-2	9028804	130318	7	5166	7	130000	5000	hit	450
016	60	Response	62	9037666	139180	2


Event Type	Code	Type	Response	RT	RT Uncertainty	Time	Uncertainty	Duration	Uncertainty	ReqTime	ReqDur

Sound	P2/both1	other				25327	1			25000
Sound	test06	other				71827	1			71500
Picture	3-224-1-3	incorrect	1	8945	8	130646	7	5166	7	130000	5000
Sound	P2/both	other				176143	1			25000
Sound	f17	other				222643	1			71500
Picture	2-114-2-2	hit	1	8928	8	281462	7	5166	7	130000	5000
Sound	P2/both	other				326959	1			25000
Sound	f02	other				373459	1			71500
Picture	3-114-2-3	incorrect	2	16432	8	432278	7	5166	7	130000	5000
Sound	P2/both	other				477776	1			25000
Sound	n09	other				524276	1			71500
Picture	2-214-2-2	hit	1	9856	8	583094	7	5166	7	130000	5000
Sound	P0/none1	other				628592	1			25000
Sound	test15	other				675092	1			71500
Picture	2-211-1-2	incorrect	2	11679	8	733911	7	5166	7	130000	5000
Sound	P0/none	other				779408	1			25000
Sound	test07	other				825908	1			71500
Picture	3-221-1-3	hit	2	14063	7	884727	7	5166	7	130000	5000
Sound	P0/none	other				930224	1			25000
Sound	f16	other				976724	1			71500
Picture	2-121-1-2	hit	2	10527	7	1035543	7	5166	7	130000	5000
Sound	P0/none	other				1081041	1			25000
Sound	f15	other				1127540	1			71500
Picture	2-111-2-2	incorrect	2	10750	8	1186359	7	5166	7	130000	5000
Sound	P1/tapping1	other				1231857	1			25000
Sound	test24	other				1278357	1			71500
Picture	2-212-2-2	hit	1	14574	8	1337175	7	5166	7	130000	5000
Sound	P1/tapping	other				1382673	1			25000
Sound	n01	other				1429173	1			71500
Picture	2-222-1-2	hit	2	17998	7	1487992	7	5166	7	130000	5000
Sound	P1/tapping	other				1533489	1			25000
Sound	test12	other				1579989	1			71500
Picture	3-222-1-3	incorrect	1	12221	7	1638808	7	5166	7	130000	5000
Sound	P1/tapping	other				1684306	1			25000
Sound	test03	other				1730806	1			71500
Picture	3-222-1-3	hit	2	14445	8	1789624	7	5166	7	130000	5000
Sound	P2/beat1	other				1835122	1			25000
Sound	test04	other				1881622	1			71500
Picture	3-213-1-3	hit	1	13389	9	1940440	7	5166	7	130000	5000
Sound	P2/beat	other				1985938	1			25000
Sound	f12	other				2032438	1			71500
Picture	3-123-1-3	incorrect	1	15772	7	2091257	7	5166	7	130000	5000
Sound	P2/beat	other				2136754	1			25000
Sound	test21	other				2183254	1			71500
Picture	2-213-2-2	incorrect	2	10956	7	2242073	7	5166	7	130000	5000
Sound	P2/beat	other				2287570	1			25000
Sound	test14	other				2334070	1			71500
Picture	2-213-1-2	incorrect	2	10060	8	2392889	7	5166	7	130000	5000
Sound	P0/none1	other				2438387	1			25000
Sound	f08	other				2484886	1			71500
Picture	2-121-1-2	hit	2	17003	7	2543705	7	5166	7	130000	5000
Sound	P0/none	other				2589203	1			25000
Sound	f05	other				2635703	1			71500
Picture	3-121-1-3	hit	2	14107	8	2694521	7	5166	7	130000	5000
Sound	P0/none	other				2740019	1			25000
Sound	n05	other				2786519	1			71500
Picture	2-111-2-2	hit	1	11691	7	2845338	7	5166	7	130000	5000
Sound	P0/none	other				2890835	1			25000
Sound	f13	other				2937335	1			71500
Picture	2-111-1-2	incorrect	2	15435	8	2996154	7	5166	7	130000	5000
Sound	P2/beat1	other				3041651	1			25000
Sound	f06	other				3088151	1			71500
Picture	3-113-1-3	incorrect	2	13178	7	3146970	7	5166	7	130000	5000
Sound	P2/beat	other				3192468	1			25000
Sound	n03	other				3238968	1			71500
Picture	3-113-1-3	hit	1	9802	7	3297786	7	5166	7	130000	5000
Sound	P2/beat	other				3343284	1			25000
Sound	f22	other				3389784	1			71500
Picture	2-113-2-2	hit	1	15706	9	3448603	7	5166	7	130000	5000
Sound	P2/beat	other				3494100	1			25000
Sound	test11	other				3540600	1			71500
Picture	3-213-1-3	incorrect	2	11690	9	3599419	7	5166	7	130000	5000
Sound	P2/both1	other				3644916	1			25000
Sound	test05	other				3691416	1			71500
Picture	3-224-1-3	hit	2	11353	7	3750235	7	5166	7	130000	5000
Sound	P2/both	other				3795733	1			25000
Sound	n12	other				3842233	1			71500
Picture	2-114-2-2	hit	1	9897	7	3901051	7	5166	7	130000	5000
Sound	P2/both	other				3946549	1			25000
Sound	n10	other				3993049	1			71500
Picture	2-124-1-2	hit	2	12200	7	4051868	7	5166	7	130000	5000
Sound	P2/both	other				4097365	1			25000
Sound	test25	other				4143865	1			71500
Picture	2-214-1-2	incorrect	2	10904	7	4202684	7	5166	7	130000	5000
Sound	P0/none1	other				4248181	1			25000
Sound	f18	other				4294681	1			71500
Picture	2-121-2-2	hit	2	14568	7	4353500	7	5166	7	130000	5000
Sound	P0/none	other				4398997	1			25000
Sound	test10	other				4445498	1			71500
Picture	3-221-1-3	incorrect	1	9831	7	4504316	7	5166	7	130000	5000
Sound	P0/none	other				4549814	1			25000
Sound	test19	other				4596314	1			71500
Picture	3-221-1-3	hit	2	14055	8	4655132	7	5166	7	130000	5000
Sound	P0/none	other				4700635	1			25000
Sound	test18	other				4747130	1			71500
Picture	2-211-1-2	hit	1	9799	7	4805949	7	5166	7	130000	5000
Sound	P1/tapping1	other				4851446	1			25000
Sound	f11	other				4897946	1			71500
Picture	3-122-1-3	hit	2	11783	9	4956765	7	5166	7	130000	5000
Sound	P1/tapping	other				5002262	1			25000
Sound	n07	other				5048762	1			71500
Picture	3-212-1-3	hit	1	11686	8	5107581	7	5166	7	130000	5000
Sound	P1/tapping	other				5153079	1			25000
Sound	test09	other				5199579	1			71500
Picture	3-212-1-3	hit	1	13751	8	5258397	7	5166	7	130000	5000
Sound	P1/tapping	other				5303895	1			25000
Sound	test22	other				5350395	1			71500
Picture	2-222-2-2	incorrect	1	10854	8	5409214	7	5166	7	130000	5000
Sound	P2/beat1	other				5454711	1			25000
Sound	f14	other				5501211	1			71500
Picture	2-113-2-2	hit	1	8837	7	5560030	7	5166	7	130000	5000
Sound	P2/beat	other				5605527	1			25000
Sound	test17	other				5652027	1			71500
Picture	3-223-1-3	incorrect	1	9701	7	5710846	7	5166	7	130000	5000
Sound	P2/beat	other				5756344	1			25000
Sound	n14	other				5802843	1			71500
Picture	2-123-2-2	incorrect	1	18004	8	5861662	7	5166	7	130000	5000
Sound	P2/beat	other				5907160	1			25000
Sound	f01	other				5953660	1			71500
Picture	3-123-1-3	incorrect	1	8868	7	6012479	7	5166	7	130000	5000
Sound	P2/both1	other				6057976	1			25000
Sound	n06	other				6104476	1			71500
Picture	2-214-2-2	hit	1	12212	8	6163295	7	5166	7	130000	5000
Sound	P2/both	other				6208792	1			25000
Sound	f23	other				6255292	1			71500
Picture	3-124-1-3	incorrect	1	12835	8	6314111	7	5166	7	130000	5000
Sound	P2/both	other				6359609	1			25000
Sound	test02	other				6406109	1			71500
Picture	3-214-1-3	hit	1	10979	7	6464928	7	5166	7	130000	5000
Sound	P2/both	other				6510425	1			25000
Sound	test08	other				6556925	1			71500
Picture	3-214-1-3	hit	1	19202	8	6615744	7	5166	7	130000	5000
Sound	P0/none1	other				6661241	1			25000
Sound	f10	other				6707741	1			71500
Picture	3-121-1-3	hit	2	15026	8	6766560	7	5166	7	130000	5000
Sound	P0/none	other				6812058	1			25000
Sound	f04	other				6858557	1			71500
Picture	3-121-1-3	hit	2	15091	8	6917376	7	5166	7	130000	5000
Sound	P0/none	other				6962874	1			25000
Sound	n11	other				7009374	1			71500
Picture	3-121-2-3	hit	2	12514	9	7068193	7	5166	7	130000	5000
Sound	P0/none	other				7113690	1			25000
Sound	test16	other				7160190	1			71500
Picture	2-221-1-2	incorrect	1	10417	7	7219009	7	5166	7	130000	5000
Sound	P2/beat1	other				7264506	1			25000
Sound	test13	other				7311006	1			71500
Picture	2-223-1-2	incorrect	1	17841	8	7369825	7	5166	7	130000	5000
Sound	P2/beat	other				7415323	1			25000
Sound	f21	other				7461822	1			71500
Picture	2-113-2-2	hit	1	16065	8	7520641	7	5166	7	130000	5000
Sound	P2/beat	other				7566139	1			25000
Sound	n13	other				7612639	1			71500
Picture	2-213-1-2	incorrect	2	14368	8	7671458	7	5166	7	130000	5000
Sound	P2/beat	other				7716955	1			25000
Sound	f09	other				7763455	1			71500
Picture	3-123-1-3	hit	2	13312	7	7822274	7	5166	7	130000	5000
Sound	P2/both1	other				7867771	1			25000
Sound	f07	other				7914271	1			71500
Picture	3-114-1-3	incorrect	2	10816	7	7973090	7	5166	7	130000	5000
Sound	P2/both	other				8018588	1			25000
Sound	test23	other				8065087	1			71500
Picture	2-214-2-2	hit	1	9759	8	8123907	7	5166	7	130000	5000
Sound	P2/both	other				8169404	1			25000
Sound	f03	other				8215904	1			71500
Picture	3-124-1-3	hit	2	12143	8	8274723	7	5166	7	130000	5000
Sound	P2/both	other				8320220	1			25000
Sound	f20	other				8366721	1			71500
Picture	2-114-2-2	hit	1	11247	7	8425539	7	5166	7	130000	5000
Sound	P1/tapping1	other				8471037	1			25000
Sound	test01	other				8517537	1			71500
Picture	3-222-1-3	incorrect	1	11230	7	8576355	7	5166	7	130000	5000
Sound	P1/tapping	other				8621853	1			25000
Sound	n04	other				8668353	1			71500
Picture	3-212-1-3	hit	1	11294	8	8727172	7	5166	7	130000	5000
Sound	P1/tapping	other				8772669	1			25000
Sound	f19	other				8819169	1			71500
Picture	2-122-2-2	hit	2	10877	8	8877988	7	5166	7	130000	5000
Sound	P1/tapping	other				8923486	1			25000
Sound	f24	other				8969985	1			71500
Picture	2-122-1-2	hit	2	8862	8	9028804	7	5166	7	130000	5000


{
   "app": "Presentation Version 22.1 Build 01.21.21",
   "device": "Dell Inc. OptiPlex 7050",
   "experiment": "{C8E97CB4-6FCA-44FA-B866-4A2D94B6B85C}",
   "os": "Windows 10 64 bit",
   "package": "",
   "parameters": {
      "configuration": "Default configuration"
   },
   "scenario": "entrain_list1_sess4_EB.sce",
   "subject": "016",
   "timestamp": "2022/10/24 12:56:05 GMT"
}
