Scenario - test
Logfile written - 11/18/2022 14:49:43

Subject	Trial	Event Type	Code	Time	TTime	Uncertainty	Duration	Uncertainty	ReqTime	ReqDur	Stim Type	Pair Index

022	1	Sound	P0/none1	25120	24793	1			25000		other	0
022	1	Sound	f01	71822	71495	1			71500		other	0
022	1	Picture	2-111-1-2	130645	130317	7	5166	7	130000	5000	hit	4
022	1	Response	61	139533	139205	1
022	1	Response	51	144253	143926	1
022	1	Response	51	150413	150085	2
022	2	Sound	P0/none	176129	24987	1			25000		other	0
022	2	Sound	test01	222640	71498	1			71500		other	0
022	2	Picture	2-211-1-2	281459	130317	7	5166	7	130000	5000	hit	10
022	2	Response	61	290013	138871	3
022	2	Response	51	294012	142870	1
022	3	Response	51	302973	1016	2
022	3	Sound	P0/none	326950	24993	1			25000		other	0
022	3	Sound	test22	373455	71499	1			71500		other	0
022	3	Picture	3-211-1-3	432274	130317	7	5166	7	130000	5000	hit	16
022	3	Response	61	441053	139096	2
022	3	Response	51	445453	143496	1
022	4	Sound	P0/none	477767	24995	1			25000		other	0
022	4	Sound	f07	524271	71499	1			71500		other	0
022	4	Picture	2-121-1-2	583088	130317	7	5166	7	130000	5000	hit	21
022	4	Response	62	596732	143961	2
022	4	Response	52	601852	149081	1
022	5	Sound	P2/beat1	628582	24996	1			25000		other	0
022	5	Sound	f03	675085	71499	1			71500		other	0
022	5	Picture	2-123-1-2	733903	130317	7	5166	7	130000	5000	hit	26
022	5	Response	62	744732	141146	1
022	5	Response	52	749532	145946	2
022	6	Sound	P2/beat	779398	24997	1			25000		other	0
022	6	Sound	n12	825900	71499	1			71500		other	0
022	6	Picture	3-123-1-3	884718	130317	7	5166	7	130000	5000	hit	31
022	6	Response	62	894972	140571	1
022	6	Response	52	899932	145531	1
022	7	Sound	P2/beat	930213	24997	1			25000		other	0
022	7	Sound	test10	976715	71500	1			71500		other	0
022	7	Picture	2-213-1-2	1035532	130317	7	5166	7	130000	5000	incorrect	36
022	7	Response	52	1051612	146396	1
022	8	Response	52	1056492	462	1
022	8	Sound	P2/beat	1081027	24998	1			25000		other	0
022	8	Sound	f17	1127529	71500	1			71500		other	0
022	8	Picture	3-113-1-3	1186347	130317	7	5166	7	130000	5000	hit	41
022	8	Response	61	1194492	138462	1
022	8	Response	51	1199291	143262	1
022	9	Sound	P0/none1	1231842	24998	1			25000		other	0
022	9	Sound	f09	1278344	71500	1			71500		other	0
022	9	Picture	2-111-1-2	1337162	130317	7	5166	7	130000	5000	incorrect	46
022	9	Response	52	1356493	149648	2
022	10	Sound	P0/none	1382658	24998	1			25000		other	0
022	10	Sound	test02	1429159	71499	1			71500		other	0
022	10	Picture	2-221-1-2	1487976	130317	7	5166	7	130000	5000	hit	50
022	10	Response	62	1501611	143952	1
022	10	Response	52	1506411	148752	1
022	11	Sound	P0/none	1533472	24998	1			25000		other	0
022	11	Sound	f20	1579973	71500	1			71500		other	0
022	11	Picture	3-121-1-3	1638791	130317	7	5166	7	130000	5000	hit	55
022	11	Response	62	1651452	142979	1
022	11	Response	52	1656011	147537	1
022	12	Sound	P0/none	1684287	24998	1			25000		other	0
022	12	Sound	test21	1730788	71500	1			71500		other	0
022	12	Picture	3-221-1-3	1789606	130317	7	5166	7	130000	5000	miss	0
022	13	Response	51	1811291	1188	1
022	13	Sound	P1/tapping1	1835102	24999	1			25000		other	0
022	13	Response	53	1839531	29428	2
022	13	Response	53	1844811	34708	1
022	13	Response	53	1850651	40548	2
022	13	Response	53	1855691	45588	2
022	13	Response	53	1860731	50628	2
022	13	Response	53	1865851	55748	2
022	13	Response	53	1870571	60468	2
022	13	Response	53	1875451	65348	2
022	13	Response	53	1880572	70469	2
022	13	Sound	test04	1881604	71501	1			71500		other	0
022	13	Picture	2-212-1-2	1940420	130317	7	5166	7	130000	5000	incorrect	73
022	13	Response	52	1950811	140708	1
022	13	Response	52	1955371	145268	2
022	14	Sound	P1/tapping	1985917	24999	1			25000		other	0
022	14	Response	53	1988411	27493	1
022	14	Response	53	1992331	31413	2
022	14	Response	53	1997451	36533	2
022	14	Response	53	2002571	41653	1
022	14	Response	53	2007211	46293	2
022	14	Response	53	2011611	50693	2
022	14	Response	53	2016571	55653	1
022	14	Response	53	2021212	60294	3
022	14	Response	53	2025931	65013	1
022	14	Response	53	2030571	69653	1
022	14	Sound	test23	2032418	71500	1			71500		other	0
022	14	Response	53	2035371	74453	1
022	14	Picture	3-222-1-3	2091235	130317	7	5166	7	130000	5000	hit	89
022	14	Response	62	2102171	141253	2
022	14	Response	52	2106811	145894	1
022	15	Response	53	2133691	21959	2
022	15	Sound	P1/tapping	2136731	24999	1			25000		other	0
022	15	Response	53	2139691	27958	1
022	15	Response	53	2144730	32998	1
022	15	Response	53	2149531	37798	1
022	15	Response	53	2153930	42198	1
022	15	Response	53	2157530	45798	1
022	15	Response	53	2162010	50278	1
022	15	Response	53	2166410	54678	2
022	15	Response	53	2170891	59158	2
022	15	Response	53	2177371	65638	1
022	15	Response	53	2181451	69718	2
022	15	Sound	test06	2183232	71500	1			71500		other	0
022	15	Response	53	2185210	73478	1
022	15	Picture	2-222-1-2	2242050	130317	7	5166	7	130000	5000	incorrect	106
022	15	Response	51	2254891	143158	1
022	15	Response	51	2258330	146598	1
022	16	Sound	P1/tapping	2287546	24999	1			25000		other	0
022	16	Response	53	2287931	25384	1
022	16	Response	53	2291691	29144	1
022	16	Response	53	2297211	34663	2
022	16	Response	53	2301611	39063	1
022	16	Response	53	2306251	43704	2
022	16	Response	53	2310331	47784	2
022	16	Response	53	2314251	51703	1
022	16	Response	53	2318411	55864	2
022	16	Response	53	2323051	60504	2
022	16	Response	53	2327051	64503	1
022	16	Response	53	2330891	68343	1
022	16	Sound	test07	2334047	71500	1			71500		other	0
022	16	Response	52	2371691	109144	1
022	16	Picture	2-212-1-2	2392864	130317	7	5166	7	130000	5000	miss	0
022	17	Response	51	2413530	169	1
022	17	Sound	P2/both1	2438361	24999	1			25000		other	0
022	17	Response	53	2441130	27769	2
022	17	Response	53	2445130	31768	1
022	17	Response	53	2450570	37208	1
022	17	Response	53	2455771	42409	1
022	17	Response	53	2462010	48648	1
022	17	Response	53	2467770	54408	2
022	17	Response	53	2474170	60808	2
022	17	Response	53	2480170	66808	1
022	17	Sound	n01	2484862	71500	1			71500		other	0
022	17	Response	53	2485931	72569	2
022	17	Picture	3-214-1-3	2543679	130317	7	5166	7	130000	5000	hit	136
022	17	Response	61	2553131	139769	2
022	17	Response	51	2557531	144169	2
022	18	Sound	P2/both	2589175	24999	1			25000		other	0
022	18	Response	53	2592090	27914	1
022	18	Response	53	2596250	32074	1
022	18	Response	53	2600570	36394	1
022	18	Response	53	2606651	42474	1
022	18	Response	53	2612330	48154	2
022	18	Response	53	2618411	54235	2
022	18	Response	53	2624411	60234	1
022	18	Response	53	2630491	66315	2
022	18	Sound	f22	2635676	71500	1			71500		other	0
022	18	Picture	3-124-1-3	2694494	130317	7	5166	7	130000	5000	hit	149
022	18	Response	62	2704330	140154	2
022	18	Response	52	2709611	145435	3
022	19	Sound	P2/both	2739990	24999	1			25000		other	0
022	19	Response	53	2745050	30059	1
022	19	Response	53	2747610	32619	1
022	19	Response	53	2751770	36779	2
022	19	Response	53	2757450	42459	2
022	19	Response	53	2764010	49019	1
022	19	Response	53	2769611	54620	3
022	19	Response	53	2775770	60779	2
022	19	Response	53	2781450	66459	2
022	19	Sound	f19	2786491	71500	1			71500		other	0
022	19	Response	53	2787050	72059	2
022	19	Picture	3-114-1-3	2845308	130317	7	5166	7	130000	5000	hit	163
022	19	Response	61	2860170	145179	1
022	19	Response	51	2864170	149179	1
022	20	Sound	P2/both	2890805	24999	1			25000		other	0
022	20	Response	53	2893370	27564	2
022	20	Response	53	2897530	31724	1
022	20	Response	53	2902490	36684	1
022	20	Response	53	2908170	42364	1
022	20	Response	53	2914570	48764	2
022	20	Response	53	2920010	54204	1
022	20	Response	53	2925930	60124	2
022	20	Response	53	2931930	66124	2
022	20	Sound	test16	2937305	71500	1			71500		other	0
022	20	Response	53	2938970	73164	1
022	20	Picture	3-224-1-3	2996123	130317	7	5166	7	130000	5000	hit	177
022	20	Response	62	3016090	150284	1
022	21	Sound	P1/tapping1	3041620	24999	1			25000		other	0
022	21	Response	53	3044570	27950	2
022	21	Response	53	3048730	32109	2
022	21	Response	53	3055370	38749	2
022	21	Response	53	3061450	44829	2
022	21	Response	53	3066410	49789	2
022	21	Response	53	3071770	55149	2
022	21	Response	53	3077051	60430	2
022	21	Response	53	3084250	67629	1
022	21	Sound	test05	3088120	71500	1			71500		other	0
022	21	Response	53	3088810	72189	1
022	21	Picture	2-222-1-2	3146938	130317	7	5166	7	130000	5000	hit	190
022	21	Response	62	3159770	143149	2
022	21	Response	52	3164410	147789	1
022	22	Sound	P1/tapping	3192434	24999	1			25000		other	0
022	22	Response	53	3194090	26655	1
022	22	Response	53	3198490	31054	2
022	22	Response	53	3203529	36094	1
022	22	Response	53	3208250	40814	2
022	22	Response	53	3212569	45134	2
022	22	Response	53	3216970	49534	2
022	22	Response	53	3221371	53936	1
022	22	Response	53	3225049	57614	1
022	22	Response	53	3229450	62014	1
022	22	Response	53	3235050	67614	1
022	22	Response	53	3238890	71454	1
022	22	Sound	test08	3238935	71500	1			71500		other	0
022	22	Picture	2-212-1-2	3297752	130317	7	5166	7	130000	5000	incorrect	206
022	22	Response	52	3308650	141215	2
022	22	Response	52	3313130	145695	1
022	23	Response	53	3340490	22240	1
022	23	Sound	P1/tapping	3343249	24999	1			25000		other	0
022	23	Response	53	3346249	27999	1
022	23	Response	53	3350729	32480	1
022	23	Response	53	3355689	37439	1
022	23	Response	53	3360329	42080	1
022	23	Response	53	3364649	46400	1
022	23	Response	53	3369449	51200	1
022	23	Response	53	3373290	55040	2
022	23	Response	53	3379449	61200	2
022	23	Response	53	3383689	65439	1
022	23	Response	53	3387929	69680	1
022	23	Sound	test14	3389750	71500	1			71500		other	0
022	23	Picture	3-212-1-3	3448567	130317	7	5166	7	130000	5000	hit	222
022	23	Response	61	3459689	141440	1
022	23	Response	51	3463289	145039	1
022	24	Sound	P1/tapping	3494063	24999	1			25000		other	0
022	24	Response	53	3496330	27265	2
022	24	Response	53	3500489	31425	1
022	24	Response	53	3505209	36145	1
022	24	Response	53	3509610	40546	1
022	24	Response	53	3514409	45345	1
022	24	Response	53	3519049	49985	2
022	24	Response	53	3523449	54385	1
022	24	Response	53	3527769	58705	2
022	24	Response	53	3531609	62545	1
022	24	Response	53	3536329	67265	2
022	24	Sound	test19	3540564	71500	1			71500		other	0
022	24	Response	53	3540569	71505	2
022	24	Picture	3-212-1-3	3599382	130317	7	5166	7	130000	5000	hit	238
022	24	Response	61	3609370	140305	2
022	24	Response	51	3613769	144705	1
022	25	Sound	P2/beat1	3644878	24999	1			25000		other	0
022	25	Sound	f15	3691379	71500	1			71500		other	0
022	25	Picture	3-113-1-3	3750196	130317	7	5166	7	130000	5000	hit	243
022	25	Response	61	3760889	141010	2
022	25	Response	51	3764889	145010	1
022	25	Response	51	3768729	148850	1
022	26	Sound	P2/beat	3795693	24999	1			25000		other	0
022	26	Sound	f16	3842194	71500	1			71500		other	0
022	26	Picture	3-123-1-3	3901011	130317	7	5166	7	130000	5000	hit	249
022	26	Response	62	3912249	141556	1
022	26	Response	52	3917129	146435	1
022	27	Sound	P2/beat	3946508	24999	1			25000		other	0
022	27	Sound	f18	3993008	71500	1			71500		other	0
022	27	Picture	3-113-1-3	4051826	130317	7	5166	7	130000	5000	hit	254
022	27	Response	61	4063449	141941	2
022	27	Response	51	4067369	145861	2
022	28	Sound	P2/beat	4097322	24999	1			25000		other	0
022	28	Sound	test18	4143823	71500	1			71500		other	0
022	28	Picture	3-223-1-3	4202640	130317	7	5166	7	130000	5000	incorrect	259
022	28	Response	51	4217609	145286	1
022	28	Response	51	4221689	149365	1
022	29	Sound	P2/both1	4248137	24999	1			25000		other	0
022	29	Response	53	4249929	26791	1
022	29	Response	53	4254729	31591	2
022	29	Response	53	4259849	36711	1
022	29	Response	53	4265609	42471	1
022	29	Response	53	4271289	48151	1
022	29	Response	53	4277049	53911	1
022	29	Response	53	4283529	60391	1
022	29	Response	53	4289369	66231	1
022	29	Sound	f10	4294638	71500	1			71500		other	0
022	29	Picture	2-114-1-2	4353455	130317	7	5166	7	130000	5000	incorrect	272
022	29	Response	52	4367769	144632	2
022	29	Response	52	4372488	149351	2
022	30	Sound	P2/both	4398952	24999	1			25000		other	0
022	30	Response	53	4401849	27896	1
022	30	Response	53	4405929	31976	1
022	30	Response	53	4410889	36936	1
022	30	Response	53	4416169	42216	2
022	30	Response	53	4421930	47978	1
022	30	Response	53	4428409	54456	1
022	30	Response	53	4434329	60377	1
022	30	Response	53	4440169	66216	2
022	30	Sound	f12	4445452	71500	1			71500		other	0
022	30	Picture	2-114-1-2	4504270	130317	7	5166	7	130000	5000	hit	285
022	30	Response	61	4512409	138456	1
022	30	Response	51	4516089	142136	1
022	30	Response	51	4521769	147816	1
022	31	Sound	P2/both	4549767	25000	1			25000		other	0
022	31	Response	53	4551128	26361	1
022	31	Response	53	4555769	31001	2
022	31	Response	53	4561128	36361	1
022	31	Response	53	4567048	42281	1
022	31	Response	53	4573048	48281	1
022	31	Response	53	4579449	54681	2
022	31	Response	53	4585128	60361	1
022	31	Response	53	4590649	65881	2
022	31	Sound	n05	4596267	71500	1			71500		other	0
022	31	Response	53	4597688	72921	2
022	31	Picture	3-124-1-3	4655084	130317	7	5166	7	130000	5000	hit	300
022	31	Response	62	4668648	143881	2
022	31	Response	52	4675049	150282	2
022	32	Sound	P2/both	4700581	24999	1			25000		other	0
022	32	Response	53	4704890	29308	3
022	32	Response	53	4708328	32746	1
022	32	Response	53	4712168	36586	1
022	32	Response	53	4717769	42187	1
022	32	Response	53	4723288	47707	2
022	32	Response	53	4729289	53707	2
022	32	Response	53	4736009	60427	2
022	32	Response	53	4741369	65787	2
022	32	Sound	f13	4747082	71500	1			71500		other	0
022	32	Picture	3-124-1-3	4805899	130317	7	5166	7	130000	5000	hit	313
022	32	Response	62	4818808	143226	2
022	32	Response	52	4823368	147786	1
022	33	Sound	P0/none1	4851396	24999	1			25000		other	0
022	33	Sound	n09	4897896	71499	1			71500		other	0
022	33	Picture	3-211-1-3	4956714	130317	7	5166	7	130000	5000	incorrect	318
022	33	Response	52	4971928	145532	2
022	33	Response	52	4976248	149852	1
022	34	Sound	P0/none	5002210	24999	1			25000		other	0
022	34	Sound	test13	5048711	71500	1			71500		other	0
022	34	Picture	3-221-1-3	5107528	130317	7	5166	7	130000	5000	hit	323
022	34	Response	62	5123688	146477	1
022	35	Response	52	5128088	62	1
022	35	Sound	P0/none	5153025	24999	1			25000		other	0
022	35	Sound	f11	5199526	71500	1			71500		other	0
022	35	Picture	2-111-1-2	5258343	130317	7	5166	7	130000	5000	hit	328
022	35	Response	61	5270808	142782	2
022	35	Response	51	5275128	147102	1
022	36	Sound	P0/none	5303840	25000	1			25000		other	0
022	36	Sound	test17	5350340	71500	1			71500		other	0
022	36	Picture	2-211-2-2	5409158	130317	7	5166	7	130000	5000	hit	333
022	36	Response	61	5419128	140287	2
022	36	Response	51	5423367	144527	1
022	37	Sound	P2/both1	5454655	24999	1			25000		other	0
022	37	Response	53	5457128	27472	1
022	37	Response	53	5461127	31472	1
022	37	Response	53	5466407	36752	1
022	37	Response	53	5472328	42672	2
022	37	Response	53	5478167	48512	1
022	37	Response	53	5484407	54752	1
022	37	Response	53	5490167	60512	1
022	37	Response	53	5495527	65872	2
022	37	Sound	f06	5501155	71500	1			71500		other	0
022	37	Response	53	5501528	71872	2
022	37	Picture	2-114-1-2	5559972	130317	7	5166	7	130000	5000	hit	347
022	37	Response	61	5571768	142112	2
022	37	Response	51	5575208	145552	1
022	38	Sound	P2/both	5605469	24999	1			25000		other	0
022	38	Response	53	5607847	27378	1
022	38	Response	53	5611687	31217	1
022	38	Response	53	5617128	36658	1
022	38	Response	53	5622967	42498	1
022	38	Response	53	5628968	48498	1
022	38	Response	53	5635607	55137	2
022	38	Response	53	5641127	60657	1
022	38	Response	53	5646407	65937	1
022	38	Sound	f24	5651970	71500	1			71500		other	0
022	38	Picture	3-114-1-3	5710787	130317	7	5166	7	130000	5000	hit	360
022	38	Response	61	5721368	140898	1
022	38	Response	51	5725607	145137	1
022	39	Sound	P2/both	5756284	25000	1			25000		other	0
022	39	Response	53	5760487	29203	2
022	39	Response	53	5764167	32883	1
022	39	Response	53	5768167	36882	1
022	39	Response	53	5773928	42643	1
022	39	Response	53	5779527	48242	1
022	39	Response	53	5786408	55123	1
022	39	Response	53	5792007	60722	1
022	39	Response	53	5798087	66803	1
022	39	Sound	f08	5802784	71500	1			71500		other	0
022	39	Response	53	5803768	72483	1
022	39	Picture	2-114-1-2	5861602	130317	7	5166	7	130000	5000	hit	374
022	39	Response	61	5870808	139523	2
022	39	Response	51	5874727	143443	1
022	40	Sound	P2/both	5907099	24999	1			25000		other	0
022	40	Response	51	5909847	27748	1
022	40	Response	53	5910647	28547	1
022	40	Response	53	5914167	32067	1
022	40	Response	53	5918487	36388	2
022	40	Response	53	5924327	42228	2
022	40	Response	53	5930087	47988	1
022	40	Response	53	5936487	54388	2
022	40	Response	53	5941927	59828	1
022	40	Response	53	5947207	65108	1
022	40	Response	53	5953048	70948	2
022	40	Sound	n04	5953599	71500	1			71500		other	0
022	40	Picture	2-224-1-2	6012417	130317	7	5166	7	130000	5000	hit	389
022	40	Response	62	6022647	140548	1
022	40	Response	52	6026967	144868	1
022	40	Response	52	6030327	148227	2
022	41	Sound	P2/beat1	6057913	24999	1			25000		other	0
022	41	Sound	test09	6104414	71500	1			71500		other	0
022	41	Picture	2-223-1-2	6163231	130317	7	5166	7	130000	5000	hit	395
022	41	Response	62	6176407	143493	2
022	41	Response	52	6180647	147733	1
022	42	Sound	P2/beat	6208728	24999	1			25000		other	0
022	42	Sound	test03	6255229	71500	1			71500		other	0
022	42	Picture	2-213-1-2	6314046	130317	7	5166	7	130000	5000	hit	400
022	42	Response	61	6325047	141318	1
022	42	Response	51	6329127	145398	1
022	42	Response	51	6333047	149318	1
022	43	Sound	P2/beat	6359543	24999	1			25000		other	0
022	43	Sound	n10	6406043	71500	1			71500		other	0
022	43	Picture	3-123-1-3	6464861	130317	7	5166	7	130000	5000	hit	406
022	43	Response	62	6474647	140103	1
022	43	Response	52	6479046	144503	1
022	43	Response	52	6483286	148743	1
022	44	Sound	P2/beat	6510358	25000	1			25000		other	0
022	44	Sound	test24	6556858	71500	1			71500		other	0
022	44	Picture	3-223-1-3	6615675	130317	7	5166	7	130000	5000	hit	412
022	44	Response	62	6625207	139849	1
022	44	Response	52	6629287	143928	1
022	45	Sound	P1/tapping1	6661172	25000	1			25000		other	0
022	45	Response	53	6663207	27035	2
022	45	Response	53	6667847	31674	1
022	45	Response	53	6673446	37274	1
022	45	Response	53	6679046	42874	1
022	45	Response	53	6683926	47754	1
022	45	Response	53	6689286	53114	1
022	45	Response	53	6695526	59354	1
022	45	Response	53	6701047	64874	3
022	45	Response	53	6706087	69914	2
022	45	Sound	f05	6707673	71500	1			71500		other	0
022	45	Picture	2-112-1-2	6766490	130317	7	5166	7	130000	5000	incorrect	426
022	45	Response	52	6779847	143674	1
022	45	Response	52	6784087	147914	2
022	46	Response	53	6803846	16859	2
022	46	Response	53	6810086	23099	2
022	46	Sound	P1/tapping	6811987	25000	1			25000		other	0
022	46	Response	53	6815686	28699	1
022	46	Response	53	6821446	34459	1
022	46	Response	53	6825686	38699	2
022	46	Response	53	6829286	42299	2
022	46	Response	53	6833527	46539	2
022	46	Response	53	6837526	50539	1
022	46	Response	53	6841766	54779	2
022	46	Response	53	6845926	58939	1
022	46	Response	53	6850406	63419	2
022	46	Response	53	6854486	67499	2
022	46	Response	53	6858406	71419	2
022	46	Sound	f04	6858487	71500	1			71500		other	0
022	46	Picture	2-122-1-2	6917305	130317	7	5166	7	130000	5000	hit	444
022	46	Response	62	6928567	141580	2
022	46	Response	52	6933206	146219	2
022	47	Sound	P1/tapping	6962802	24999	1			25000		other	0
022	47	Response	53	6965206	27404	1
022	47	Response	53	6968726	30924	1
022	47	Response	53	6972246	34444	1
022	47	Response	53	6975926	38124	1
022	47	Response	53	6979606	41804	1
022	47	Response	53	6983526	45724	1
022	47	Response	53	6987366	49564	2
022	47	Response	53	6991526	53724	1
022	47	Response	53	6995606	57804	2
022	47	Response	53	7000326	62524	1
022	47	Response	53	7004086	66284	2
022	47	Response	53	7007926	70124	2
022	47	Sound	n13	7009305	71502	1			71500		other	0
022	47	Picture	3-222-1-3	7068119	130317	7	5166	7	130000	5000	hit	461
022	47	Response	62	7086886	149084	2
022	48	Response	52	7090406	1789	1
022	48	Sound	P1/tapping	7113617	25000	1			25000		other	0
022	48	Response	53	7118566	29949	1
022	48	Response	53	7122966	34349	2
022	48	Response	53	7127606	38989	1
022	48	Response	53	7132166	43549	1
022	48	Response	53	7136806	48189	1
022	48	Response	53	7140886	52269	2
022	48	Response	53	7145686	57069	1
022	48	Response	53	7149206	60589	1
022	48	Response	53	7153446	64829	1
022	48	Response	53	7157846	69229	2
022	48	Sound	f21	7160117	71500	1			71500		other	0
022	48	Picture	3-112-1-3	7218934	130317	7	5166	7	130000	5000	hit	476
022	48	Response	61	7236166	147549	2
022	49	Response	51	7240326	895	1
022	49	Sound	P0/none1	7264431	25000	1			25000		other	0
022	49	Sound	test25	7310931	71500	1			71500		other	0
022	49	Picture	3-211-1-3	7369749	130317	7	5166	7	130000	5000	hit	481
022	49	Response	61	7378486	139054	1
022	49	Response	51	7382246	142814	1
022	49	Response	51	7385366	145934	2
022	50	Sound	P0/none	7415246	24999	1			25000		other	0
022	50	Sound	test12	7461746	71500	1			71500		other	0
022	50	Picture	2-221-1-2	7520563	130317	7	5166	7	130000	5000	hit	487
022	50	Response	62	7534166	143919	1
022	50	Response	52	7537846	147599	2
022	51	Sound	P0/none	7566061	25000	1			25000		other	0
022	51	Sound	n03	7612561	71500	1			71500		other	0
022	51	Picture	2-111-1-2	7671378	130317	7	5166	7	130000	5000	hit	492
022	51	Response	61	7680326	139264	2
022	51	Response	51	7684885	143824	1
022	51	Response	51	7689366	148305	2
022	52	Sound	P0/none	7716876	25000	1			25000		other	0
022	52	Sound	f23	7763376	71500	1			71500		other	0
022	52	Picture	2-121-1-2	7822193	130317	7	5166	7	130000	5000	hit	498
022	52	Response	62	7832966	141090	2
022	52	Response	52	7837126	145250	2
022	53	Sound	P1/tapping1	7867690	25000	1			25000		other	0
022	53	Response	53	7871605	28915	1
022	53	Response	53	7874805	32115	2
022	53	Response	53	7881445	38755	1
022	53	Response	53	7885125	42435	1
022	53	Response	53	7889685	46995	1
022	53	Response	53	7893366	50675	1
022	53	Response	53	7897205	54515	1
022	53	Response	53	7900965	58275	1
022	53	Response	53	7904245	61555	2
022	53	Response	53	7908166	65476	1
022	53	Response	53	7912005	69315	3
022	53	Sound	f02	7914190	71500	1			71500		other	0
022	53	Response	53	7915686	72995	1
022	53	Picture	2-122-1-2	7973008	130317	7	5166	7	130000	5000	hit	515
022	53	Response	62	7981845	139155	2
022	53	Response	52	7986245	143555	1
022	53	Response	52	7990725	148035	2
022	54	Sound	P1/tapping	8018505	24999	1			25000		other	0
022	54	Response	53	8020965	27460	1
022	54	Response	53	8024325	30820	1
022	54	Response	53	8028645	35140	1
022	54	Response	53	8033046	39541	1
022	54	Response	53	8036805	43300	1
022	54	Response	53	8040965	47460	2
022	54	Response	53	8045285	51780	2
022	54	Response	53	8049926	56421	3
022	54	Response	53	8054085	60580	1
022	54	Response	53	8058245	64740	1
022	54	Response	53	8061925	68420	1
022	54	Sound	test15	8065005	71499	1			71500		other	0
022	54	Picture	3-222-1-3	8123822	130317	7	5166	7	130000	5000	hit	532
022	54	Response	62	8137605	144100	2
022	54	Response	52	8141845	148340	2
022	55	Response	52	8146325	2005	1
022	55	Sound	P1/tapping	8169319	24999	1			25000		other	0
022	55	Response	53	8170885	26565	1
022	55	Response	53	8175045	30725	1
022	55	Response	53	8180085	35765	1
022	55	Response	53	8184965	40645	1
022	55	Response	53	8189845	45525	2
022	55	Response	53	8194165	49845	1
022	55	Response	53	8198725	54405	1
022	55	Response	53	8203445	59125	1
022	55	Response	53	8207845	63525	1
022	55	Response	53	8212405	68085	1
022	55	Sound	test11	8215820	71500	1			71500		other	0
022	55	Response	53	8217125	72805	1
022	55	Picture	2-212-1-2	8274637	130317	7	5166	7	130000	5000	incorrect	549
022	55	Response	52	8284965	140645	2
022	55	Response	52	8288965	144645	1
022	56	Response	53	8318166	23031	2
022	56	Sound	P1/tapping	8320134	24999	1			25000		other	0
022	56	Response	53	8324005	28871	1
022	56	Response	53	8328325	33190	1
022	56	Response	53	8332725	37590	1
022	56	Response	53	8337125	41990	1
022	56	Response	53	8340965	45830	1
022	56	Response	53	8345125	49990	1
022	56	Response	53	8349605	54470	1
022	56	Response	53	8353765	58630	1
022	56	Response	53	8357765	62630	1
022	56	Response	53	8361445	66310	1
022	56	Response	53	8365205	70070	2
022	56	Sound	n06	8366635	71500	1			71500		other	0
022	56	Picture	3-222-1-3	8425452	130317	7	5166	7	130000	5000	hit	566
022	56	Response	62	8434886	139751	2
022	56	Response	52	8439125	143991	2
022	56	Response	52	8443205	148070	2
022	57	Sound	P2/both1	8470949	25000	1			25000		other	0
022	57	Response	53	8472725	26775	1
022	57	Response	53	8477285	31335	1
022	57	Response	53	8482725	36776	2
022	57	Response	53	8488085	42136	1
022	57	Response	53	8494405	48455	1
022	57	Response	53	8500005	54055	2
022	57	Response	53	8506485	60536	2
022	57	Response	53	8512405	66455	1
022	57	Sound	n11	8517449	71500	1			71500		other	0
022	57	Picture	2-124-1-2	8576266	130317	7	5166	7	130000	5000	incorrect	580
022	57	Response	51	8595125	149176	2
022	58	Sound	P2/both	8621764	25000	1			25000		other	0
022	58	Response	53	8624405	27641	2
022	58	Response	53	8628645	31881	2
022	58	Response	53	8633445	36680	2
022	58	Response	53	8639046	42282	1
022	58	Response	53	8645045	48281	2
022	58	Response	53	8651445	54681	2
022	58	Response	53	8657205	60441	1
022	58	Response	53	8663445	66681	1
022	58	Sound	n14	8668264	71500	1			71500		other	0
022	58	Picture	3-124-1-3	8727081	130317	7	5166	7	130000	5000	hit	592
022	58	Response	62	8743766	147002	2
022	58	Response	52	8747364	150600	2
022	59	Response	53	8769765	22186	2
022	59	Sound	P2/both	8772578	25000	1			25000		other	0
022	59	Response	53	8777285	29706	2
022	59	Response	53	8783445	35866	1
022	59	Response	53	8790004	42426	1
022	59	Response	53	8795844	48266	2
022	59	Response	53	8802084	54506	1
022	59	Response	53	8807444	59866	1
022	59	Response	53	8813844	66266	1
022	59	Sound	f14	8819079	71500	1			71500		other	0
022	59	Picture	3-124-1-3	8877896	130317	7	5166	7	130000	5000	hit	605
022	59	Response	62	8887525	139947	2
022	59	Response	52	8891685	144106	1
022	60	Sound	P2/both	8923393	25000	1			25000		other	0
022	60	Response	53	8926084	27691	1
022	60	Response	53	8930164	31771	2
022	60	Response	53	8934884	36491	2
022	60	Response	53	8940724	42331	2
022	60	Response	53	8946164	47771	1
022	60	Response	53	8952405	54011	3
022	60	Response	53	8957684	59291	1
022	60	Response	53	8964085	65691	1
022	60	Sound	n07	8969893	71500	1			71500		other	0
022	60	Response	53	8970724	72331	1
022	60	Picture	2-214-1-2	9028711	130317	7	5166	7	130000	5000	hit	619
022	60	Response	61	9037925	139532	2
022	60	Response	51	9042165	143771	2
022	60	Response	51	9045445	147051	1


Event Type	Code	Type	Response	RT	RT Uncertainty	Time	Uncertainty	Duration	Uncertainty	ReqTime	ReqDur

Sound	P0/none1	other				25120	1			25000
Sound	f01	other				71822	1			71500
Picture	2-111-1-2	hit	1	8888	7	130645	7	5166	7	130000	5000
Sound	P0/none	other				176129	1			25000
Sound	test01	other				222640	1			71500
Picture	2-211-1-2	hit	1	8554	9	281459	7	5166	7	130000	5000
Sound	P0/none	other				326950	1			25000
Sound	test22	other				373455	1			71500
Picture	3-211-1-3	hit	1	8779	8	432274	7	5166	7	130000	5000
Sound	P0/none	other				477767	1			25000
Sound	f07	other				524271	1			71500
Picture	2-121-1-2	hit	2	13644	8	583088	7	5166	7	130000	5000
Sound	P2/beat1	other				628582	1			25000
Sound	f03	other				675085	1			71500
Picture	2-123-1-2	hit	2	10829	7	733903	7	5166	7	130000	5000
Sound	P2/beat	other				779398	1			25000
Sound	n12	other				825900	1			71500
Picture	3-123-1-3	hit	2	10254	8	884718	7	5166	7	130000	5000
Sound	P2/beat	other				930213	1			25000
Sound	test10	other				976715	1			71500
Picture	2-213-1-2	incorrect	2	16079	7	1035532	7	5166	7	130000	5000
Sound	P2/beat	other				1081027	1			25000
Sound	f17	other				1127529	1			71500
Picture	3-113-1-3	hit	1	8145	7	1186347	7	5166	7	130000	5000
Sound	P0/none1	other				1231842	1			25000
Sound	f09	other				1278344	1			71500
Picture	2-111-1-2	incorrect	2	19331	8	1337162	7	5166	7	130000	5000
Sound	P0/none	other				1382658	1			25000
Sound	test02	other				1429159	1			71500
Picture	2-221-1-2	hit	2	13635	8	1487976	7	5166	7	130000	5000
Sound	P0/none	other				1533472	1			25000
Sound	f20	other				1579973	1			71500
Picture	3-121-1-3	hit	2	12661	7	1638791	7	5166	7	130000	5000
Sound	P0/none	other				1684287	1			25000
Sound	test21	other				1730788	1			71500
Picture	3-221-1-3	miss				1789606	7	5166	7	130000	5000
Sound	P1/tapping1	other				1835102	1			25000
Sound	test04	other				1881604	1			71500
Picture	2-212-1-2	incorrect	2	10391	7	1940420	7	5166	7	130000	5000
Sound	P1/tapping	other				1985917	1			25000
Sound	test23	other				2032418	1			71500
Picture	3-222-1-3	hit	2	10936	8	2091235	7	5166	7	130000	5000
Sound	P1/tapping	other				2136731	1			25000
Sound	test06	other				2183232	1			71500
Picture	2-222-1-2	incorrect	1	12841	7	2242050	7	5166	7	130000	5000
Sound	P1/tapping	other				2287546	1			25000
Sound	test07	other				2334047	1			71500
Picture	2-212-1-2	miss				2392864	7	5166	7	130000	5000
Sound	P2/both1	other				2438361	1			25000
Sound	n01	other				2484862	1			71500
Picture	3-214-1-3	hit	1	9452	8	2543679	7	5166	7	130000	5000
Sound	P2/both	other				2589175	1			25000
Sound	f22	other				2635676	1			71500
Picture	3-124-1-3	hit	2	9837	8	2694494	7	5166	7	130000	5000
Sound	P2/both	other				2739990	1			25000
Sound	f19	other				2786491	1			71500
Picture	3-114-1-3	hit	1	14862	7	2845308	7	5166	7	130000	5000
Sound	P2/both	other				2890805	1			25000
Sound	test16	other				2937305	1			71500
Picture	3-224-1-3	hit	2	19967	7	2996123	7	5166	7	130000	5000
Sound	P1/tapping1	other				3041620	1			25000
Sound	test05	other				3088120	1			71500
Picture	2-222-1-2	hit	2	12832	8	3146938	7	5166	7	130000	5000
Sound	P1/tapping	other				3192434	1			25000
Sound	test08	other				3238935	1			71500
Picture	2-212-1-2	incorrect	2	10897	8	3297752	7	5166	7	130000	5000
Sound	P1/tapping	other				3343249	1			25000
Sound	test14	other				3389750	1			71500
Picture	3-212-1-3	hit	1	11122	7	3448567	7	5166	7	130000	5000
Sound	P1/tapping	other				3494063	1			25000
Sound	test19	other				3540564	1			71500
Picture	3-212-1-3	hit	1	9988	8	3599382	7	5166	7	130000	5000
Sound	P2/beat1	other				3644878	1			25000
Sound	f15	other				3691379	1			71500
Picture	3-113-1-3	hit	1	10693	8	3750196	7	5166	7	130000	5000
Sound	P2/beat	other				3795693	1			25000
Sound	f16	other				3842194	1			71500
Picture	3-123-1-3	hit	2	11238	7	3901011	7	5166	7	130000	5000
Sound	P2/beat	other				3946508	1			25000
Sound	f18	other				3993008	1			71500
Picture	3-113-1-3	hit	1	11624	8	4051826	7	5166	7	130000	5000
Sound	P2/beat	other				4097322	1			25000
Sound	test18	other				4143823	1			71500
Picture	3-223-1-3	incorrect	1	14968	7	4202640	7	5166	7	130000	5000
Sound	P2/both1	other				4248137	1			25000
Sound	f10	other				4294638	1			71500
Picture	2-114-1-2	incorrect	2	14314	8	4353455	7	5166	7	130000	5000
Sound	P2/both	other				4398952	1			25000
Sound	f12	other				4445452	1			71500
Picture	2-114-1-2	hit	1	8139	7	4504270	7	5166	7	130000	5000
Sound	P2/both	other				4549767	1			25000
Sound	n05	other				4596267	1			71500
Picture	3-124-1-3	hit	2	13564	8	4655084	7	5166	7	130000	5000
Sound	P2/both	other				4700581	1			25000
Sound	f13	other				4747082	1			71500
Picture	3-124-1-3	hit	2	12909	8	4805899	7	5166	7	130000	5000
Sound	P0/none1	other				4851396	1			25000
Sound	n09	other				4897896	1			71500
Picture	3-211-1-3	incorrect	2	15215	8	4956714	7	5166	7	130000	5000
Sound	P0/none	other				5002210	1			25000
Sound	test13	other				5048711	1			71500
Picture	3-221-1-3	hit	2	16159	7	5107528	7	5166	7	130000	5000
Sound	P0/none	other				5153025	1			25000
Sound	f11	other				5199526	1			71500
Picture	2-111-1-2	hit	1	12465	8	5258343	7	5166	7	130000	5000
Sound	P0/none	other				5303840	1			25000
Sound	test17	other				5350340	1			71500
Picture	2-211-2-2	hit	1	9970	8	5409158	7	5166	7	130000	5000
Sound	P2/both1	other				5454655	1			25000
Sound	f06	other				5501155	1			71500
Picture	2-114-1-2	hit	1	11795	8	5559972	7	5166	7	130000	5000
Sound	P2/both	other				5605469	1			25000
Sound	f24	other				5651970	1			71500
Picture	3-114-1-3	hit	1	10580	7	5710787	7	5166	7	130000	5000
Sound	P2/both	other				5756284	1			25000
Sound	f08	other				5802784	1			71500
Picture	2-114-1-2	hit	1	9206	8	5861602	7	5166	7	130000	5000
Sound	P2/both	other				5907099	1			25000
Sound	n04	other				5953599	1			71500
Picture	2-224-1-2	hit	2	10230	7	6012417	7	5166	7	130000	5000
Sound	P2/beat1	other				6057913	1			25000
Sound	test09	other				6104414	1			71500
Picture	2-223-1-2	hit	2	13176	8	6163231	7	5166	7	130000	5000
Sound	P2/beat	other				6208728	1			25000
Sound	test03	other				6255229	1			71500
Picture	2-213-1-2	hit	1	11001	7	6314046	7	5166	7	130000	5000
Sound	P2/beat	other				6359543	1			25000
Sound	n10	other				6406043	1			71500
Picture	3-123-1-3	hit	2	9786	7	6464861	7	5166	7	130000	5000
Sound	P2/beat	other				6510358	1			25000
Sound	test24	other				6556858	1			71500
Picture	3-223-1-3	hit	2	9532	7	6615675	7	5166	7	130000	5000
Sound	P1/tapping1	other				6661172	1			25000
Sound	f05	other				6707673	1			71500
Picture	2-112-1-2	incorrect	2	13357	7	6766490	7	5166	7	130000	5000
Sound	P1/tapping	other				6811987	1			25000
Sound	f04	other				6858487	1			71500
Picture	2-122-1-2	hit	2	11263	8	6917305	7	5166	7	130000	5000
Sound	P1/tapping	other				6962802	1			25000
Sound	n13	other				7009305	1			71500
Picture	3-222-1-3	hit	2	18767	8	7068119	7	5166	7	130000	5000
Sound	P1/tapping	other				7113617	1			25000
Sound	f21	other				7160117	1			71500
Picture	3-112-1-3	hit	1	17232	8	7218934	7	5166	7	130000	5000
Sound	P0/none1	other				7264431	1			25000
Sound	test25	other				7310931	1			71500
Picture	3-211-1-3	hit	1	8737	7	7369749	7	5166	7	130000	5000
Sound	P0/none	other				7415246	1			25000
Sound	test12	other				7461746	1			71500
Picture	2-221-1-2	hit	2	13602	7	7520563	7	5166	7	130000	5000
Sound	P0/none	other				7566061	1			25000
Sound	n03	other				7612561	1			71500
Picture	2-111-1-2	hit	1	8947	8	7671378	7	5166	7	130000	5000
Sound	P0/none	other				7716876	1			25000
Sound	f23	other				7763376	1			71500
Picture	2-121-1-2	hit	2	10773	8	7822193	7	5166	7	130000	5000
Sound	P1/tapping1	other				7867690	1			25000
Sound	f02	other				7914190	1			71500
Picture	2-122-1-2	hit	2	8838	8	7973008	7	5166	7	130000	5000
Sound	P1/tapping	other				8018505	1			25000
Sound	test15	other				8065005	1			71500
Picture	3-222-1-3	hit	2	13783	8	8123822	7	5166	7	130000	5000
Sound	P1/tapping	other				8169319	1			25000
Sound	test11	other				8215820	1			71500
Picture	2-212-1-2	incorrect	2	10328	8	8274637	7	5166	7	130000	5000
Sound	P1/tapping	other				8320134	1			25000
Sound	n06	other				8366635	1			71500
Picture	3-222-1-3	hit	2	9434	8	8425452	7	5166	7	130000	5000
Sound	P2/both1	other				8470949	1			25000
Sound	n11	other				8517449	1			71500
Picture	2-124-1-2	incorrect	1	18859	8	8576266	7	5166	7	130000	5000
Sound	P2/both	other				8621764	1			25000
Sound	n14	other				8668264	1			71500
Picture	3-124-1-3	hit	2	16684	8	8727081	7	5166	7	130000	5000
Sound	P2/both	other				8772578	1			25000
Sound	f14	other				8819079	1			71500
Picture	3-124-1-3	hit	2	9629	8	8877896	7	5166	7	130000	5000
Sound	P2/both	other				8923393	1			25000
Sound	n07	other				8969893	1			71500
Picture	2-214-1-2	hit	1	9215	8	9028711	7	5166	7	130000	5000

The following output port codes were not sent because of a conflict on the port.
Port	Code	Time(ms)
1	102	323893
1	53	354057


{
   "app": "Presentation Version 22.1 Build 01.21.21",
   "device": "Dell Inc. OptiPlex 7050",
   "experiment": "{C8E97CB4-6FCA-44FA-B866-4A2D94B6B85C}",
   "os": "Windows 10 64 bit",
   "package": "",
   "parameters": {
      "configuration": "Default configuration"
   },
   "scenario": "entrain_list1_sess1_EB.sce",
   "subject": "022",
   "timestamp": "2022/11/18 13:34:34 GMT"
}
