Scenario - test
Logfile written - 11/18/2022 14:13:07

Subject	Trial	Event Type	Code	Time	TTime	Uncertainty	Duration	Uncertainty	ReqTime	ReqDur	Stim Type	Pair Index

022	1	Sound	P2/beat1	25327	25000	1			25000		other	0
022	1	Sound	n05	71827	71500	1			71500		other	0
022	1	Picture	3-113-1-3	130644	130317	7	5166	7	130000	5000	incorrect	4
022	1	Response	52	146909	146582	2
022	2	Sound	P2/beat	176142	25000	1			25000		other	0
022	2	Sound	f05	222642	71500	1			71500		other	0
022	2	Picture	3-113-1-3	281459	130317	7	5166	7	130000	5000	miss	0
022	3	Response	51	302188	232	1
022	3	Sound	P2/beat	326956	25000	1			25000		other	0
022	3	Sound	n01	373456	71500	1			71500		other	0
022	3	Picture	3-223-1-3	432274	130317	7	5166	7	130000	5000	hit	12
022	3	Response	62	444108	142151	1
022	4	Sound	P2/beat	477778	25007	1			25000		other	0
022	4	Sound	test15	524271	71500	1			71500		other	0
022	4	Picture	2-223-1-2	583088	130317	7	5166	7	130000	5000	hit	16
022	4	Response	62	597948	145177	2
022	5	Response	53	623788	20202	1
022	5	Sound	P1/tapping1	628586	25000	1			25000		other	0
022	5	Response	53	629788	26202	1
022	5	Response	53	635628	32042	2
022	5	Response	53	641228	37642	1
022	5	Response	53	646748	43162	1
022	5	Response	53	652428	48842	1
022	5	Response	53	658028	54442	1
022	5	Response	53	663148	59562	1
022	5	Response	53	668508	64922	1
022	5	Response	53	673468	69882	1
022	5	Sound	f08	675086	71500	1			71500		other	0
022	5	Picture	3-122-2-3	733903	130317	7	5166	7	130000	5000	hit	30
022	5	Response	62	745228	141642	1
022	6	Response	53	773468	19067	2
022	6	Response	53	778348	23947	1
022	6	Sound	P1/tapping	779400	25000	1			25000		other	0
022	6	Response	53	783948	29547	1
022	6	Response	53	789388	34987	1
022	6	Response	53	794908	40507	1
022	6	Response	53	800588	46187	1
022	6	Response	53	806748	52347	1
022	6	Response	53	812668	58267	1
022	6	Response	53	817628	63227	1
022	6	Response	53	823709	69308	1
022	6	Sound	f01	825900	71500	1			71500		other	0
022	6	Picture	2-122-1-2	884718	130317	7	5166	7	130000	5000	incorrect	44
022	6	Response	51	903947	149547	2
022	7	Response	53	922907	17692	2
022	7	Response	53	928268	23053	2
022	7	Sound	P1/tapping	930215	25000	1			25000		other	0
022	7	Response	53	933867	28652	1
022	7	Response	53	939228	34012	1
022	7	Response	53	945547	40332	1
022	7	Response	53	951147	45932	1
022	7	Response	53	957067	51852	1
022	7	Response	53	962747	57532	1
022	7	Response	53	968668	63452	1
022	7	Response	53	974508	69292	1
022	7	Sound	n03	976715	71500	1			71500		other	0
022	7	Picture	3-122-1-3	1035533	130317	7	5166	7	130000	5000	incorrect	58
022	7	Response	51	1051228	146012	1
022	8	Response	53	1073067	17037	1
022	8	Response	53	1078107	22077	1
022	8	Sound	P1/tapping	1081030	25000	1			25000		other	0
022	8	Response	53	1083947	27917	1
022	8	Response	53	1089707	33677	1
022	8	Response	53	1095787	39757	1
022	8	Response	53	1100987	44957	1
022	8	Response	53	1106267	50237	1
022	8	Response	53	1111227	55197	1
022	8	Response	53	1116347	60317	2
022	8	Response	53	1121148	65118	1
022	8	Response	53	1126347	70317	1
022	8	Sound	test18	1127530	71500	1			71500		other	0
022	8	Picture	3-212-1-3	1186347	130317	7	5166	7	130000	5000	incorrect	73
022	8	Response	52	1197628	141598	2
022	9	Response	53	1226907	20063	1
022	9	Sound	P2/both1	1231844	25000	1			25000		other	0
022	9	Response	53	1234907	28063	1
022	9	Response	53	1241947	35103	1
022	9	Response	53	1248587	41743	2
022	9	Response	53	1255227	48383	2
022	9	Response	53	1261467	54623	1
022	9	Response	53	1267627	60783	2
022	9	Response	53	1273547	66703	1
022	9	Sound	test13	1278345	71500	1			71500		other	0
022	9	Picture	3-214-1-3	1337162	130317	7	5166	7	130000	5000	incorrect	85
022	9	Response	52	1347707	140863	1
022	10	Sound	P2/both	1382659	25000	1			25000		other	0
022	10	Response	53	1385547	27888	1
022	10	Response	53	1390027	32368	1
022	10	Response	53	1395148	37488	2
022	10	Response	53	1400747	43088	1
022	10	Response	53	1406907	49248	1
022	10	Response	53	1412347	54688	1
022	10	Response	53	1418507	60848	1
022	10	Response	53	1424428	66769	2
022	10	Sound	test04	1429159	71500	1			71500		other	0
022	10	Response	53	1430587	72928	1
022	10	Picture	2-224-1-2	1487977	130317	7	5166	7	130000	5000	hit	98
022	10	Response	62	1498987	141327	2
022	11	Sound	P2/both	1533474	25000	1			25000		other	0
022	11	Response	53	1537067	28593	1
022	11	Response	53	1541227	32752	1
022	11	Response	53	1545946	37472	1
022	11	Response	53	1551387	42912	1
022	11	Response	53	1557147	48673	1
022	11	Response	53	1562907	54432	1
022	11	Response	53	1569067	60593	1
022	11	Response	53	1574507	66033	1
022	11	Sound	f15	1579974	71500	1			71500		other	0
022	11	Picture	3-124-1-3	1638791	130317	7	5166	7	130000	5000	hit	110
022	11	Response	62	1649547	141073	1
022	12	Sound	P2/both	1684289	25000	1			25000		other	0
022	12	Response	53	1688028	28739	2
022	12	Response	53	1692027	32738	2
022	12	Response	53	1696427	37138	2
022	12	Response	53	1701707	42418	1
022	12	Response	53	1707947	48658	1
022	12	Response	53	1713947	54658	2
022	12	Response	53	1719947	60658	1
022	12	Response	53	1726427	67138	1
022	12	Sound	f21	1730788	71500	1			71500		other	0
022	12	Picture	3-124-1-3	1789606	130317	7	5166	7	130000	5000	hit	122
022	12	Response	62	1801547	142258	1
022	13	Sound	P0/none1	1835104	25000	1			25000		other	0
022	13	Sound	n07	1881603	71500	1			71500		other	0
022	13	Picture	2-221-1-2	1940421	130317	7	5166	7	130000	5000	hit	126
022	13	Response	62	1951467	141363	2
022	14	Sound	P0/none	1985918	25000	1			25000		other	0
022	14	Sound	n04	2032418	71500	1			71500		other	0
022	14	Picture	2-211-1-2	2091235	130317	7	5166	7	130000	5000	hit	130
022	14	Response	61	2101146	140228	1
022	15	Sound	P0/none	2136733	25000	1			25000		other	0
022	15	Sound	f03	2183233	71500	1			71500		other	0
022	15	Picture	2-111-1-2	2242050	130317	7	5166	7	130000	5000	incorrect	134
022	15	Response	52	2253627	141894	2
022	16	Sound	P0/none	2287547	25000	1			25000		other	0
022	16	Sound	test05	2334047	71500	1			71500		other	0
022	16	Picture	2-211-1-2	2392865	130317	7	5166	7	130000	5000	hit	138
022	16	Response	61	2402347	139799	2
022	17	Sound	P2/beat1	2438362	25000	1			25000		other	0
022	17	Sound	test16	2484862	71500	1			71500		other	0
022	17	Picture	3-213-1-3	2543679	130317	7	5166	7	130000	5000	incorrect	142
022	17	Response	52	2557626	144264	1
022	18	Sound	P2/beat	2589177	25000	1			25000		other	0
022	18	Sound	f11	2635677	71500	1			71500		other	0
022	18	Picture	3-113-1-3	2694494	130317	7	5166	7	130000	5000	hit	146
022	18	Response	61	2704506	140329	1
022	19	Sound	P2/beat	2739991	25000	1			25000		other	0
022	19	Sound	test07	2786491	71500	1			71500		other	0
022	19	Picture	2-223-1-2	2845309	130317	7	5166	7	130000	5000	hit	150
022	19	Response	62	2861306	146314	2
022	20	Sound	P2/beat	2890806	25000	1			25000		other	0
022	20	Sound	f23	2937306	71500	1			71500		other	0
022	20	Picture	2-113-1-2	2996123	130317	7	5166	7	130000	5000	hit	154
022	20	Response	61	3004907	139100	2
022	21	Sound	P0/none1	3041620	25000	1			25000		other	0
022	21	Sound	test23	3088121	71500	1			71500		other	0
022	21	Picture	2-221-2-2	3146938	130317	7	5166	7	130000	5000	hit	158
022	21	Response	62	3159306	142685	1
022	22	Sound	P0/none	3192435	25000	1			25000		other	0
022	22	Sound	f24	3238935	71500	1			71500		other	0
022	22	Picture	3-121-1-3	3297753	130317	7	5166	7	130000	5000	hit	162
022	22	Response	62	3310026	142590	2
022	23	Sound	P0/none	3343250	25000	1			25000		other	0
022	23	Sound	n06	3389750	71500	1			71500		other	0
022	23	Picture	3-211-1-3	3448567	130317	7	5166	7	130000	5000	hit	166
022	23	Response	61	3458265	140015	1
022	24	Sound	P0/none	3494064	25000	1			25000		other	0
022	24	Sound	test24	3540564	71500	1			71500		other	0
022	24	Picture	2-221-1-2	3599382	130317	7	5166	7	130000	5000	hit	170
022	24	Response	62	3609625	140560	1
022	25	Sound	P1/tapping1	3644879	25000	1			25000		other	0
022	25	Response	53	3644985	25106	1
022	25	Response	53	3650025	30146	1
022	25	Response	53	3655785	35906	1
022	25	Response	53	3662265	42386	1
022	25	Response	53	3668025	48146	1
022	25	Response	53	3673785	53906	1
022	25	Response	53	3678665	58786	1
022	25	Response	53	3684665	64786	1
022	25	Response	53	3690346	70466	2
022	25	Sound	test02	3691379	71500	1			71500		other	0
022	25	Picture	2-212-1-2	3750196	130317	7	5166	7	130000	5000	hit	183
022	25	Response	61	3761945	142065	1
022	26	Sound	P1/tapping	3795694	25000	1			25000		other	0
022	26	Response	53	3800265	29571	2
022	26	Response	53	3804985	34291	3
022	26	Response	53	3810505	39811	1
022	26	Response	53	3815225	44531	1
022	26	Response	53	3820025	49331	2
022	26	Response	53	3825065	54371	1
022	26	Response	53	3829945	59251	1
022	26	Response	53	3834905	64211	3
022	26	Response	53	3839225	68531	1
022	26	Sound	f14	3842194	71500	1			71500		other	0
022	26	Picture	2-122-2-2	3901011	130317	7	5166	7	130000	5000	incorrect	196
022	26	Response	51	3916665	145971	1
022	27	Sound	P1/tapping	3946508	25000	1			25000		other	0
022	27	Response	53	3948825	27316	1
022	27	Response	53	3953465	31957	3
022	27	Response	53	3958985	37476	1
022	27	Response	53	3963865	42357	1
022	27	Response	53	3968825	47316	1
022	27	Response	53	3973465	51956	1
022	27	Response	53	3978105	56596	1
022	27	Response	53	3983386	61878	3
022	27	Response	53	3988105	66596	1
022	27	Sound	f17	3993008	71500	1			71500		other	0
022	27	Picture	3-122-1-3	4051826	130317	7	5166	7	130000	5000	hit	209
022	27	Response	62	4065465	143956	1
022	28	Sound	P1/tapping	4097323	25000	1			25000		other	0
022	28	Response	53	4102665	30342	1
022	28	Response	53	4107545	35222	1
022	28	Response	53	4112265	39942	1
022	28	Response	53	4116745	44422	1
022	28	Response	53	4120745	48421	1
022	28	Response	53	4125625	53302	1
022	28	Response	53	4129464	57141	1
022	28	Response	53	4134025	61702	2
022	28	Response	53	4138024	65701	1
022	28	Response	53	4142265	69942	1
022	28	Sound	test17	4143823	71500	1			71500		other	0
022	28	Picture	2-222-2-2	4202640	130317	7	5166	7	130000	5000	incorrect	223
022	28	Response	51	4217944	145621	1
022	29	Sound	P2/beat1	4248138	25000	1			25000		other	0
022	29	Sound	f10	4294638	71500	1			71500		other	0
022	29	Picture	2-123-1-2	4353455	130317	7	5166	7	130000	5000	hit	227
022	29	Response	62	4367865	144727	1
022	30	Sound	P2/beat	4398952	25000	1			25000		other	0
022	30	Sound	test01	4445452	71500	1			71500		other	0
022	30	Picture	2-223-1-2	4504270	130317	7	5166	7	130000	5000	hit	231
022	30	Response	62	4520664	146711	1
022	31	Sound	P2/beat	4549767	25000	1			25000		other	0
022	31	Sound	test12	4596267	71500	1			71500		other	0
022	31	Picture	2-213-1-2	4655084	130317	7	5166	7	130000	5000	incorrect	235
022	31	Response	52	4665224	140457	1
022	32	Sound	P2/beat	4700581	25000	1			25000		other	0
022	32	Sound	test08	4747082	71500	1			71500		other	0
022	32	Picture	2-223-1-2	4805899	130317	7	5166	7	130000	5000	hit	239
022	32	Response	62	4818264	142683	3
022	33	Sound	P2/both1	4851396	25000	1			25000		other	0
022	33	Response	53	4857064	30667	1
022	33	Response	53	4859383	32987	1
022	33	Response	53	4863945	37548	2
022	33	Response	53	4869144	42747	1
022	33	Response	53	4875145	48748	1
022	33	Response	53	4881544	55147	2
022	33	Response	53	4887144	60747	1
022	33	Response	53	4893224	66827	2
022	33	Sound	f09	4897896	71500	1			71500		other	0
022	33	Picture	3-114-1-3	4956714	130317	7	5166	7	130000	5000	hit	251
022	33	Response	61	4966744	140347	1
022	34	Sound	P2/both	5002211	25000	1			25000		other	0
022	34	Response	53	5004424	27213	1
022	34	Response	53	5008664	31453	1
022	34	Response	53	5014024	36813	1
022	34	Response	53	5019624	42413	1
022	34	Response	53	5025864	48653	1
022	34	Response	53	5032344	55133	1
022	34	Response	53	5038504	61293	1
022	34	Response	53	5044424	67213	2
022	34	Sound	test03	5048711	71500	1			71500		other	0
022	34	Response	53	5050344	73133	1
022	34	Picture	3-214-1-3	5107528	130317	7	5166	7	130000	5000	hit	264
022	34	Response	61	5117144	139933	2
022	35	Sound	P2/both	5153025	25000	1			25000		other	0
022	35	Response	53	5158424	30399	3
022	35	Response	53	5160743	32718	1
022	35	Response	53	5165543	37518	1
022	35	Response	53	5170743	42718	1
022	35	Response	53	5176343	48318	1
022	35	Response	53	5182344	54318	1
022	35	Response	53	5188983	60958	2
022	35	Response	53	5194744	66718	1
022	35	Sound	f04	5199526	71500	1			71500		other	0
022	35	Response	53	5203384	75358	3
022	35	Picture	3-114-1-3	5258343	130317	7	5166	7	130000	5000	hit	277
022	35	Response	61	5265143	137118	1
022	35	Response	51	5275623	147598	1
022	36	Sound	P2/both	5303840	25000	1			25000		other	0
022	36	Response	53	5305944	27103	1
022	36	Response	53	5310344	31503	1
022	36	Response	53	5315224	36383	2
022	36	Response	53	5321224	42383	1
022	36	Response	53	5326504	47664	2
022	36	Response	53	5332984	54143	1
022	36	Response	53	5339063	60223	1
022	36	Response	53	5344744	65904	2
022	36	Sound	f18	5350340	71500	1			71500		other	0
022	36	Picture	2-114-2-2	5409157	130317	7	5166	7	130000	5000	hit	290
022	36	Response	61	5424504	145663	1
022	37	Sound	P0/none1	5454655	25000	1			25000		other	0
022	37	Sound	f19	5501155	71500	1			71500		other	0
022	37	Picture	3-121-1-3	5559972	130317	7	5166	7	130000	5000	hit	294
022	37	Response	62	5570663	141008	2
022	38	Sound	P0/none	5605469	25000	1			25000		other	0
022	38	Sound	test09	5651969	71500	1			71500		other	0
022	38	Picture	2-211-1-2	5710787	130317	7	5166	7	130000	5000	incorrect	298
022	38	Response	52	5720904	140434	1
022	39	Sound	P0/none	5756284	25000	1			25000		other	0
022	39	Sound	f02	5802784	71500	1			71500		other	0
022	39	Picture	3-121-2-3	5861601	130317	7	5166	7	130000	5000	hit	302
022	39	Response	62	5871943	140659	1
022	40	Sound	P0/none	5907099	25000	1			25000		other	0
022	40	Sound	n13	5953599	71500	1			71500		other	0
022	40	Picture	2-221-1-2	6012416	130317	7	5166	7	130000	5000	hit	306
022	40	Response	62	6029623	147524	1
022	41	Sound	P1/tapping1	6057913	25000	1			25000		other	0
022	41	Response	53	6059543	26630	3
022	41	Response	53	6063942	31029	1
022	41	Response	53	6069463	36549	1
022	41	Response	53	6073622	40709	1
022	41	Response	53	6078183	45269	1
022	41	Response	53	6082502	49589	1
022	41	Response	53	6087222	54309	1
022	41	Response	53	6091382	58469	1
022	41	Response	53	6095702	62789	1
022	41	Response	53	6100022	67109	2
022	41	Sound	f16	6104413	71500	1			71500		other	0
022	41	Response	53	6105863	72949	1
022	41	Picture	3-112-1-3	6163231	130317	7	5166	7	130000	5000	hit	321
022	41	Response	61	6180823	147909	1
022	42	Sound	P1/tapping	6208728	25000	1			25000		other	0
022	42	Response	53	6211783	28055	2
022	42	Response	53	6215302	31574	2
022	42	Response	53	6220422	36694	1
022	42	Response	53	6224822	41094	1
022	42	Response	53	6229142	45414	2
022	42	Response	53	6233622	49894	1
022	42	Response	53	6238022	54294	1
022	42	Response	53	6241943	58215	3
022	42	Response	53	6246183	62455	3
022	42	Response	53	6249942	66214	1
022	42	Response	53	6254183	70455	2
022	42	Sound	n14	6255228	71500	1			71500		other	0
022	42	Picture	3-112-1-3	6314045	130317	7	5166	7	130000	5000	incorrect	336
022	42	Response	52	6329222	145494	2
022	43	Response	53	6352663	18120	3
022	43	Sound	P1/tapping	6359543	25000	1			25000		other	0
022	43	Response	53	6361623	27080	1
022	43	Response	53	6365302	30760	1
022	43	Response	53	6370663	36120	1
022	43	Response	53	6375703	41160	3
022	43	Response	53	6380662	46120	1
022	43	Response	53	6385783	51240	2
022	43	Response	53	6390102	55560	1
022	43	Response	53	6395142	60600	1
022	43	Response	53	6399863	65320	2
022	43	Response	53	6404903	70360	1
022	43	Sound	f07	6406043	71500	1			71500		other	0
022	43	Picture	2-112-1-2	6464860	130317	7	5166	7	130000	5000	incorrect	351
022	43	Response	52	6475702	141160	2
022	44	Sound	P1/tapping	6510357	25000	1			25000		other	0
022	44	Response	53	6515383	30025	1
022	44	Response	53	6519782	34425	1
022	44	Response	53	6524182	38825	1
022	44	Response	53	6528582	43225	1
022	44	Response	53	6532822	47465	1
022	44	Response	53	6537222	51865	1
022	44	Response	53	6542102	56745	1
022	44	Response	53	6546662	61305	1
022	44	Response	53	6550342	64985	1
022	44	Response	53	6554982	69625	2
022	44	Sound	n11	6556857	71500	1			71500		other	0
022	44	Picture	2-112-1-2	6615675	130317	7	5166	7	130000	5000	hit	365
022	44	Response	61	6624982	139625	1
022	45	Sound	P2/both1	6661172	25000	1			25000		other	0
022	45	Response	53	6663302	27130	1
022	45	Response	53	6667382	31210	1
022	45	Response	53	6672742	36570	1
022	45	Response	53	6678982	42810	1
022	45	Response	53	6684742	48570	1
022	45	Response	53	6690662	54490	1
022	45	Response	53	6696503	60331	3
022	45	Response	53	6702262	66090	1
022	45	Sound	test10	6707672	71500	1			71500		other	0
022	45	Picture	2-224-1-2	6766489	130317	7	5166	7	130000	5000	hit	377
022	45	Response	62	6776342	140170	1
022	46	Sound	P2/both	6811986	25000	1			25000		other	0
022	46	Response	53	6813942	26956	1
022	46	Response	53	6818022	31036	1
022	46	Response	53	6823702	36715	1
022	46	Response	53	6829462	42475	2
022	46	Response	53	6835782	48795	1
022	46	Response	53	6841782	54795	2
022	46	Response	53	6847542	60555	1
022	46	Response	53	6853382	66395	1
022	46	Sound	test14	6858487	71500	1			71500		other	0
022	46	Picture	3-224-1-3	6917304	130317	7	5166	7	130000	5000	hit	389
022	46	Response	62	6928262	141275	1
022	47	Sound	P2/both	6962801	25000	1			25000		other	0
022	47	Response	53	6966102	28301	1
022	47	Response	53	6969782	31981	1
022	47	Response	53	6974662	36861	1
022	47	Response	53	6980182	42381	1
022	47	Response	53	6986103	48302	3
022	47	Response	53	6991942	54140	1
022	47	Response	53	6998182	60381	1
022	47	Response	53	7003702	65901	1
022	47	Sound	test21	7009301	71500	1			71500		other	0
022	47	Picture	2-224-2-2	7068118	130317	7	5166	7	130000	5000	incorrect	401
022	47	Response	51	7088422	150621	1
022	48	Sound	P2/both	7113616	25000	1			25000		other	0
022	48	Response	53	7116022	27406	1
022	48	Response	53	7120022	31405	1
022	48	Response	53	7125142	36526	3
022	48	Response	53	7130582	41966	1
022	48	Response	53	7136982	48366	2
022	48	Response	53	7142343	53726	2
022	48	Response	53	7148742	60126	1
022	48	Response	53	7154902	66286	3
022	48	Sound	test11	7160116	71500	1			71500		other	0
022	48	Response	53	7162262	73646	3
022	48	Picture	3-224-1-3	7218933	130317	7	5166	7	130000	5000	hit	414
022	48	Response	62	7230022	141406	2
022	49	Sound	P1/tapping1	7264430	25000	1			25000		other	0
022	49	Response	53	7266342	26911	1
022	49	Response	53	7270421	30991	1
022	49	Response	53	7275861	36431	1
022	49	Response	53	7280982	41551	1
022	49	Response	53	7286181	46751	1
022	49	Response	53	7291061	51631	1
022	49	Response	53	7296021	56591	1
022	49	Response	53	7300581	61151	1
022	49	Response	53	7305541	66111	1
022	49	Response	53	7310181	70751	1
022	49	Sound	f22	7310930	71500	1			71500		other	0
022	49	Picture	3-112-1-3	7369748	130317	7	5166	7	130000	5000	hit	428
022	49	Response	61	7383702	144272	2
022	50	Response	53	7404901	14656	1
022	50	Response	53	7409781	19536	1
022	50	Response	53	7414021	23776	2
022	50	Sound	P1/tapping	7415245	25000	1			25000		other	0
022	50	Response	53	7418821	28576	1
022	50	Response	53	7422341	32096	1
022	50	Response	53	7427141	36896	1
022	50	Response	53	7431461	41216	1
022	50	Response	53	7435461	45216	1
022	50	Response	53	7440101	49856	1
022	50	Response	53	7444261	54016	1
022	50	Response	53	7448102	57856	1
022	50	Response	53	7452662	62417	3
022	50	Response	53	7456742	66496	1
022	50	Response	53	7460982	70736	1
022	50	Sound	n12	7461745	71500	1			71500		other	0
022	50	Picture	3-112-1-3	7520563	130317	7	5166	7	130000	5000	hit	446
022	50	Response	61	7529141	138896	1
022	51	Sound	P1/tapping	7566060	25000	1			25000		other	0
022	51	Response	53	7570822	29762	1
022	51	Response	53	7575301	34242	1
022	51	Response	53	7579461	38401	1
022	51	Response	53	7584021	42962	1
022	51	Response	53	7588581	47522	1
022	51	Response	53	7592741	51681	1
022	51	Response	53	7596982	55922	1
022	51	Response	53	7601221	60162	1
022	51	Response	53	7605381	64321	1
022	51	Response	53	7609862	68802	2
022	51	Sound	test25	7612560	71500	1			71500		other	0
022	51	Picture	3-222-1-3	7671377	130317	7	5166	7	130000	5000	hit	460
022	51	Response	62	7680741	139681	1
022	52	Response	53	7706581	14707	1
022	52	Response	53	7710902	19027	1
022	52	Response	53	7715062	23188	1
022	52	Sound	P1/tapping	7716874	25000	1			25000		other	0
022	52	Response	53	7719141	27267	1
022	52	Response	53	7722901	31027	1
022	52	Response	53	7727701	35827	1
022	52	Response	53	7732261	40387	1
022	52	Response	53	7736341	44467	1
022	52	Response	53	7740821	48947	2
022	52	Response	53	7745221	53347	1
022	52	Response	53	7749141	57267	1
022	52	Response	53	7753221	61347	1
022	52	Response	53	7757620	65746	1
022	52	Response	53	7761541	69667	1
022	52	Sound	f20	7763374	71500	1			71500		other	0
022	52	Picture	3-112-1-3	7822192	130317	7	5166	7	130000	5000	hit	478
022	52	Response	61	7838741	146867	1
022	53	Sound	P0/none1	7867689	25000	1			25000		other	0
022	53	Sound	f12	7914189	71500	1			71500		other	0
022	53	Picture	3-111-1-3	7973006	130317	7	5166	7	130000	5000	hit	482
022	53	Response	61	7985381	142692	2
022	54	Sound	P0/none	8018504	25000	1			25000		other	0
022	54	Sound	test06	8065004	71500	1			71500		other	0
022	54	Picture	2-211-1-2	8123821	130317	7	5166	7	130000	5000	hit	486
022	54	Response	61	8132341	138837	1
022	54	Response	51	8136101	142597	1
022	55	Response	51	8144581	262	1
022	55	Sound	P0/none	8169318	25000	1			25000		other	0
022	55	Sound	f06	8215818	71500	1			71500		other	0
022	55	Picture	2-121-1-2	8274636	130317	7	5166	7	130000	5000	hit	492
022	55	Response	62	8284421	140102	1
022	56	Sound	P0/none	8320133	25000	1			25000		other	0
022	56	Sound	n10	8366633	71500	1			71500		other	0
022	56	Picture	3-111-1-3	8425450	130317	7	5166	7	130000	5000	hit	496
022	56	Response	61	8434821	139688	1
022	56	Response	51	8439380	144247	1
022	57	Sound	P2/beat1	8470948	25000	1			25000		other	0
022	57	Sound	f13	8517448	71500	1			71500		other	0
022	57	Picture	2-123-1-2	8576265	130317	7	5166	7	130000	5000	hit	501
022	57	Response	62	8589700	143753	1
022	58	Sound	P2/beat	8621762	25000	1			25000		other	0
022	58	Sound	test22	8668263	71500	1			71500		other	0
022	58	Picture	2-213-2-2	8727080	130317	7	5166	7	130000	5000	hit	505
022	58	Response	61	8736500	139738	1
022	58	Response	51	8740981	144218	3
022	59	Sound	P2/beat	8772577	25000	1			25000		other	0
022	59	Sound	n09	8819077	71500	1			71500		other	0
022	59	Picture	3-223-1-3	8877894	130317	7	5166	7	130000	5000	hit	510
022	59	Response	62	8889300	141723	1
022	60	Sound	P2/beat	8923392	25000	1			25000		other	0
022	60	Sound	test19	8969892	71500	1			71500		other	0
022	60	Picture	2-213-1-2	9028709	130317	7	5166	7	130000	5000	hit	514
022	60	Response	61	9040420	142028	2
022	60	Response	51	9047860	149468	1


Event Type	Code	Type	Response	RT	RT Uncertainty	Time	Uncertainty	Duration	Uncertainty	ReqTime	ReqDur

Sound	P2/beat1	other				25327	1			25000
Sound	n05	other				71827	1			71500
Picture	3-113-1-3	incorrect	2	16264	8	130644	7	5166	7	130000	5000
Sound	P2/beat	other				176142	1			25000
Sound	f05	other				222642	1			71500
Picture	3-113-1-3	miss				281459	7	5166	7	130000	5000
Sound	P2/beat	other				326956	1			25000
Sound	n01	other				373456	1			71500
Picture	3-223-1-3	hit	2	11834	7	432274	7	5166	7	130000	5000
Sound	P2/beat	other				477778	1			25000
Sound	test15	other				524271	1			71500
Picture	2-223-1-2	hit	2	14860	8	583088	7	5166	7	130000	5000
Sound	P1/tapping1	other				628586	1			25000
Sound	f08	other				675086	1			71500
Picture	3-122-2-3	hit	2	11325	7	733903	7	5166	7	130000	5000
Sound	P1/tapping	other				779400	1			25000
Sound	f01	other				825900	1			71500
Picture	2-122-1-2	incorrect	1	19230	8	884718	7	5166	7	130000	5000
Sound	P1/tapping	other				930215	1			25000
Sound	n03	other				976715	1			71500
Picture	3-122-1-3	incorrect	1	15695	7	1035533	7	5166	7	130000	5000
Sound	P1/tapping	other				1081030	1			25000
Sound	test18	other				1127530	1			71500
Picture	3-212-1-3	incorrect	2	11281	8	1186347	7	5166	7	130000	5000
Sound	P2/both1	other				1231844	1			25000
Sound	test13	other				1278345	1			71500
Picture	3-214-1-3	incorrect	2	10545	7	1337162	7	5166	7	130000	5000
Sound	P2/both	other				1382659	1			25000
Sound	test04	other				1429159	1			71500
Picture	2-224-1-2	hit	2	11010	8	1487977	7	5166	7	130000	5000
Sound	P2/both	other				1533474	1			25000
Sound	f15	other				1579974	1			71500
Picture	3-124-1-3	hit	2	10756	7	1638791	7	5166	7	130000	5000
Sound	P2/both	other				1684289	1			25000
Sound	f21	other				1730788	1			71500
Picture	3-124-1-3	hit	2	11941	7	1789606	7	5166	7	130000	5000
Sound	P0/none1	other				1835104	1			25000
Sound	n07	other				1881603	1			71500
Picture	2-221-1-2	hit	2	11046	8	1940421	7	5166	7	130000	5000
Sound	P0/none	other				1985918	1			25000
Sound	n04	other				2032418	1			71500
Picture	2-211-1-2	hit	1	9911	7	2091235	7	5166	7	130000	5000
Sound	P0/none	other				2136733	1			25000
Sound	f03	other				2183233	1			71500
Picture	2-111-1-2	incorrect	2	11576	8	2242050	7	5166	7	130000	5000
Sound	P0/none	other				2287547	1			25000
Sound	test05	other				2334047	1			71500
Picture	2-211-1-2	hit	1	9482	8	2392865	7	5166	7	130000	5000
Sound	P2/beat1	other				2438362	1			25000
Sound	test16	other				2484862	1			71500
Picture	3-213-1-3	incorrect	2	13947	7	2543679	7	5166	7	130000	5000
Sound	P2/beat	other				2589177	1			25000
Sound	f11	other				2635677	1			71500
Picture	3-113-1-3	hit	1	10012	7	2694494	7	5166	7	130000	5000
Sound	P2/beat	other				2739991	1			25000
Sound	test07	other				2786491	1			71500
Picture	2-223-1-2	hit	2	15997	8	2845309	7	5166	7	130000	5000
Sound	P2/beat	other				2890806	1			25000
Sound	f23	other				2937306	1			71500
Picture	2-113-1-2	hit	1	8783	8	2996123	7	5166	7	130000	5000
Sound	P0/none1	other				3041620	1			25000
Sound	test23	other				3088121	1			71500
Picture	2-221-2-2	hit	2	12368	7	3146938	7	5166	7	130000	5000
Sound	P0/none	other				3192435	1			25000
Sound	f24	other				3238935	1			71500
Picture	3-121-1-3	hit	2	12273	9	3297753	7	5166	7	130000	5000
Sound	P0/none	other				3343250	1			25000
Sound	n06	other				3389750	1			71500
Picture	3-211-1-3	hit	1	9698	7	3448567	7	5166	7	130000	5000
Sound	P0/none	other				3494064	1			25000
Sound	test24	other				3540564	1			71500
Picture	2-221-1-2	hit	2	10243	7	3599382	7	5166	7	130000	5000
Sound	P1/tapping1	other				3644879	1			25000
Sound	test02	other				3691379	1			71500
Picture	2-212-1-2	hit	1	11748	7	3750196	7	5166	7	130000	5000
Sound	P1/tapping	other				3795694	1			25000
Sound	f14	other				3842194	1			71500
Picture	2-122-2-2	incorrect	1	15654	7	3901011	7	5166	7	130000	5000
Sound	P1/tapping	other				3946508	1			25000
Sound	f17	other				3993008	1			71500
Picture	3-122-1-3	hit	2	13639	7	4051826	7	5166	7	130000	5000
Sound	P1/tapping	other				4097323	1			25000
Sound	test17	other				4143823	1			71500
Picture	2-222-2-2	incorrect	1	15304	7	4202640	7	5166	7	130000	5000
Sound	P2/beat1	other				4248138	1			25000
Sound	f10	other				4294638	1			71500
Picture	2-123-1-2	hit	2	14409	7	4353455	7	5166	7	130000	5000
Sound	P2/beat	other				4398952	1			25000
Sound	test01	other				4445452	1			71500
Picture	2-223-1-2	hit	2	16394	7	4504270	7	5166	7	130000	5000
Sound	P2/beat	other				4549767	1			25000
Sound	test12	other				4596267	1			71500
Picture	2-213-1-2	incorrect	2	10140	7	4655084	7	5166	7	130000	5000
Sound	P2/beat	other				4700581	1			25000
Sound	test08	other				4747082	1			71500
Picture	2-223-1-2	hit	2	12365	9	4805899	7	5166	7	130000	5000
Sound	P2/both1	other				4851396	1			25000
Sound	f09	other				4897896	1			71500
Picture	3-114-1-3	hit	1	10030	7	4956714	7	5166	7	130000	5000
Sound	P2/both	other				5002211	1			25000
Sound	test03	other				5048711	1			71500
Picture	3-214-1-3	hit	1	9616	8	5107528	7	5166	7	130000	5000
Sound	P2/both	other				5153025	1			25000
Sound	f04	other				5199526	1			71500
Picture	3-114-1-3	hit	1	6801	7	5258343	7	5166	7	130000	5000
Sound	P2/both	other				5303840	1			25000
Sound	f18	other				5350340	1			71500
Picture	2-114-2-2	hit	1	15346	7	5409157	7	5166	7	130000	5000
Sound	P0/none1	other				5454655	1			25000
Sound	f19	other				5501155	1			71500
Picture	3-121-1-3	hit	2	10691	8	5559972	7	5166	7	130000	5000
Sound	P0/none	other				5605469	1			25000
Sound	test09	other				5651969	1			71500
Picture	2-211-1-2	incorrect	2	10117	7	5710787	7	5166	7	130000	5000
Sound	P0/none	other				5756284	1			25000
Sound	f02	other				5802784	1			71500
Picture	3-121-2-3	hit	2	10342	7	5861601	7	5166	7	130000	5000
Sound	P0/none	other				5907099	1			25000
Sound	n13	other				5953599	1			71500
Picture	2-221-1-2	hit	2	17207	7	6012416	7	5166	7	130000	5000
Sound	P1/tapping1	other				6057913	1			25000
Sound	f16	other				6104413	1			71500
Picture	3-112-1-3	hit	1	17592	7	6163231	7	5166	7	130000	5000
Sound	P1/tapping	other				6208728	1			25000
Sound	n14	other				6255228	1			71500
Picture	3-112-1-3	incorrect	2	15177	8	6314045	7	5166	7	130000	5000
Sound	P1/tapping	other				6359543	1			25000
Sound	f07	other				6406043	1			71500
Picture	2-112-1-2	incorrect	2	10842	8	6464860	7	5166	7	130000	5000
Sound	P1/tapping	other				6510357	1			25000
Sound	n11	other				6556857	1			71500
Picture	2-112-1-2	hit	1	9308	8	6615675	7	5166	7	130000	5000
Sound	P2/both1	other				6661172	1			25000
Sound	test10	other				6707672	1			71500
Picture	2-224-1-2	hit	2	9853	7	6766489	7	5166	7	130000	5000
Sound	P2/both	other				6811986	1			25000
Sound	test14	other				6858487	1			71500
Picture	3-224-1-3	hit	2	10958	7	6917304	7	5166	7	130000	5000
Sound	P2/both	other				6962801	1			25000
Sound	test21	other				7009301	1			71500
Picture	2-224-2-2	incorrect	1	20304	7	7068118	7	5166	7	130000	5000
Sound	P2/both	other				7113616	1			25000
Sound	test11	other				7160116	1			71500
Picture	3-224-1-3	hit	2	11089	8	7218933	7	5166	7	130000	5000
Sound	P1/tapping1	other				7264430	1			25000
Sound	f22	other				7310930	1			71500
Picture	3-112-1-3	hit	1	13955	8	7369748	7	5166	7	130000	5000
Sound	P1/tapping	other				7415245	1			25000
Sound	n12	other				7461745	1			71500
Picture	3-112-1-3	hit	1	8579	7	7520563	7	5166	7	130000	5000
Sound	P1/tapping	other				7566060	1			25000
Sound	test25	other				7612560	1			71500
Picture	3-222-1-3	hit	2	9364	7	7671377	7	5166	7	130000	5000
Sound	P1/tapping	other				7716874	1			25000
Sound	f20	other				7763374	1			71500
Picture	3-112-1-3	hit	1	16549	7	7822192	7	5166	7	130000	5000
Sound	P0/none1	other				7867689	1			25000
Sound	f12	other				7914189	1			71500
Picture	3-111-1-3	hit	1	12374	8	7973006	7	5166	7	130000	5000
Sound	P0/none	other				8018504	1			25000
Sound	test06	other				8065004	1			71500
Picture	2-211-1-2	hit	1	8520	7	8123821	7	5166	7	130000	5000
Sound	P0/none	other				8169318	1			25000
Sound	f06	other				8215818	1			71500
Picture	2-121-1-2	hit	2	9785	7	8274636	7	5166	7	130000	5000
Sound	P0/none	other				8320133	1			25000
Sound	n10	other				8366633	1			71500
Picture	3-111-1-3	hit	1	9370	7	8425450	7	5166	7	130000	5000
Sound	P2/beat1	other				8470948	1			25000
Sound	f13	other				8517448	1			71500
Picture	2-123-1-2	hit	2	13435	7	8576265	7	5166	7	130000	5000
Sound	P2/beat	other				8621762	1			25000
Sound	test22	other				8668263	1			71500
Picture	2-213-2-2	hit	1	9421	7	8727080	7	5166	7	130000	5000
Sound	P2/beat	other				8772577	1			25000
Sound	n09	other				8819077	1			71500
Picture	3-223-1-3	hit	2	11406	8	8877894	7	5166	7	130000	5000
Sound	P2/beat	other				8923392	1			25000
Sound	test19	other				8969892	1			71500
Picture	2-213-1-2	hit	1	11711	8	9028709	7	5166	7	130000	5000


{
   "app": "Presentation Version 22.1 Build 01.21.21",
   "device": "Dell Inc. OptiPlex 7050",
   "experiment": "{C8E97CB4-6FCA-44FA-B866-4A2D94B6B85C}",
   "os": "Windows 10 64 bit",
   "package": "",
   "parameters": {
      "configuration": "Default configuration"
   },
   "scenario": "entrain_list1_sess2_EB.sce",
   "subject": "022",
   "timestamp": "2022/11/18 12:57:53 GMT"
}
