Scenario - test
Logfile written - 11/18/2022 15:08:53

Subject	Trial	Event Type	Code	Time	TTime	Uncertainty	Duration	Uncertainty	ReqTime	ReqDur	Stim Type	Pair Index

022	1	Sound	P2/both1	25160	24999	1			25000		other	0
022	1	Response	53	30237	30077	2
022	1	Response	53	33037	32877	1
022	1	Response	53	36957	36797	2
022	1	Response	53	42797	42637	1
022	1	Response	53	48397	48237	2
022	1	Response	53	54317	54157	2
022	1	Response	53	59997	59837	2
022	1	Response	53	66077	65917	2
022	1	Sound	test06	71661	71500	1			71500		other	0
022	1	Response	53	72237	72077	2
022	1	Picture	3-224-1-3	130478	130317	7	5166	7	130000	5000	hit	13
022	1	Response	62	141357	141197	1
022	1	Response	52	146397	146236	2
022	2	Response	53	171117	20142	2
022	2	Sound	P2/both	175975	25000	1			25000		other	0
022	2	Response	53	179517	28542	2
022	2	Response	53	187438	36463	2
022	2	Response	53	192957	41982	1
022	2	Response	53	198637	47662	2
022	2	Response	53	204237	53262	2
022	2	Response	53	210157	59182	1
022	2	Response	53	217117	66142	1
022	2	Response	53	222397	71422	2
022	2	Sound	f17	222475	71500	1			71500		other	0
022	2	Picture	2-114-2-2	281292	130317	7	5166	7	130000	5000	hit	27
022	2	Response	61	292158	141183	2
022	2	Response	51	296637	145662	1
022	3	Sound	P2/both	326790	25000	1			25000		other	0
022	3	Response	53	328877	27087	2
022	3	Response	53	333197	31407	2
022	3	Response	53	338317	36527	2
022	3	Response	53	343517	41727	2
022	3	Response	53	349838	48048	2
022	3	Response	53	355518	53728	1
022	3	Response	53	361197	59407	1
022	3	Response	53	367037	65247	2
022	3	Response	53	373037	71247	2
022	3	Sound	f02	373290	71500	1			71500		other	0
022	3	Picture	3-114-2-3	432107	130317	7	5166	7	130000	5000	hit	41
022	3	Response	61	441437	139647	2
022	3	Response	51	446317	144527	2
022	3	Response	51	452077	150287	2
022	4	Sound	P2/both	477604	25000	1			25000		other	0
022	4	Response	53	479917	27312	1
022	4	Response	53	484237	31632	2
022	4	Response	53	489117	36512	2
022	4	Response	53	494557	41952	2
022	4	Response	53	500157	47552	1
022	4	Response	53	505917	53312	1
022	4	Response	53	511597	58992	1
022	4	Response	53	517597	64992	1
022	4	Sound	n09	524104	71500	1			71500		other	0
022	4	Response	53	524637	72032	1
022	4	Picture	2-214-2-2	582922	130317	7	5166	7	130000	5000	hit	56
022	4	Response	61	597997	145393	1
022	4	Response	51	601197	148592	1
022	5	Sound	P0/none1	628419	25000	1			25000		other	0
022	5	Sound	test15	674919	71500	1			71500		other	0
022	5	Picture	2-211-1-2	733736	130317	7	5166	7	130000	5000	incorrect	61
022	5	Response	52	744956	141537	1
022	5	Response	52	749356	145937	2
022	6	Sound	P0/none	779234	25000	1			25000		other	0
022	6	Sound	test07	825734	71500	1			71500		other	0
022	6	Picture	3-221-1-3	884551	130317	7	5166	7	130000	5000	hit	66
022	6	Response	62	897196	142962	1
022	6	Response	52	901676	147443	2
022	7	Sound	P0/none	930048	25000	1			25000		other	0
022	7	Sound	f16	976548	71500	1			71500		other	0
022	7	Picture	2-121-1-2	1035366	130317	7	5166	7	130000	5000	hit	71
022	7	Response	62	1048956	143908	1
022	7	Response	52	1054238	149189	2
022	8	Sound	P0/none	1080863	25000	1			25000		other	0
022	8	Sound	f15	1127363	71500	1			71500		other	0
022	8	Picture	2-111-2-2	1186180	130317	7	5166	7	130000	5000	hit	76
022	8	Response	61	1195356	139493	2
022	8	Response	51	1199276	143413	2
022	9	Sound	P1/tapping1	1231678	25000	1			25000		other	0
022	9	Response	53	1236556	29878	2
022	9	Response	53	1242477	35799	2
022	9	Response	53	1247916	41238	2
022	9	Response	53	1252956	46278	2
022	9	Response	53	1258396	51718	2
022	9	Response	53	1263516	56838	2
022	9	Response	53	1268796	62118	2
022	9	Response	53	1273756	67078	2
022	9	Sound	test24	1278178	71500	1			71500		other	0
022	9	Response	53	1279676	72998	1
022	9	Picture	2-212-2-2	1336995	130317	7	5166	7	130000	5000	hit	90
022	9	Response	61	1348076	141398	2
022	10	Sound	P1/tapping	1382492	25000	1			25000		other	0
022	10	Response	53	1385836	28343	1
022	10	Response	53	1390156	32663	1
022	10	Response	53	1395436	37943	1
022	10	Response	53	1400396	42903	1
022	10	Response	53	1405276	47783	2
022	10	Response	53	1410716	53224	2
022	10	Response	53	1415676	58183	2
022	10	Response	53	1420716	63223	2
022	10	Response	53	1426396	68903	1
022	10	Sound	n01	1428992	71500	1			71500		other	0
022	10	Picture	2-222-1-2	1487810	130317	7	5166	7	130000	5000	hit	103
022	10	Response	62	1501596	144104	2
022	11	Sound	P1/tapping	1533307	25000	1			25000		other	0
022	11	Response	53	1538716	30409	2
022	11	Response	53	1543996	35689	1
022	11	Response	53	1549596	41289	1
022	11	Response	53	1554876	46569	1
022	11	Response	53	1560556	52249	1
022	11	Response	53	1565436	57129	1
022	11	Response	53	1570396	62089	1
022	11	Response	53	1575516	67209	1
022	11	Sound	test12	1579807	71500	1			71500		other	0
022	11	Picture	3-222-1-3	1638624	130317	7	5166	7	130000	5000	hit	115
022	11	Response	62	1651676	143369	2
022	12	Sound	P1/tapping	1684122	25000	1			25000		other	0
022	12	Response	53	1686236	27114	2
022	12	Response	53	1691196	32074	2
022	12	Response	53	1696476	37354	2
022	12	Response	53	1701196	42074	2
022	12	Response	53	1706156	47034	1
022	12	Response	53	1711036	51914	2
022	12	Response	53	1716156	57034	2
022	12	Response	53	1720956	61834	2
022	12	Response	53	1725836	66714	1
022	12	Sound	test03	1730622	71500	1			71500		other	0
022	12	Picture	3-222-1-3	1789439	130317	7	5166	7	130000	5000	hit	128
022	12	Response	62	1803516	144394	1
022	13	Sound	P2/beat1	1834936	25000	1			25000		other	0
022	13	Sound	test04	1881436	71500	1			71500		other	0
022	13	Picture	3-213-1-3	1940254	130317	7	5166	7	130000	5000	hit	132
022	13	Response	61	1949676	139739	2
022	14	Sound	P2/beat	1985751	25000	1			25000		other	0
022	14	Sound	f12	2032251	71500	1			71500		other	0
022	14	Picture	3-123-1-3	2091068	130317	7	5166	7	130000	5000	hit	136
022	14	Response	62	2102315	141564	2
022	15	Sound	P2/beat	2136566	25000	1			25000		other	0
022	15	Sound	test21	2183066	71500	1			71500		other	0
022	15	Picture	2-213-2-2	2241883	130317	7	5166	7	130000	5000	hit	140
022	15	Response	61	2251035	139470	2
022	16	Sound	P2/beat	2287380	25000	1			25000		other	0
022	16	Sound	test14	2333880	71500	1			71500		other	0
022	16	Picture	2-213-1-2	2392698	130317	7	5166	7	130000	5000	hit	144
022	16	Response	61	2402955	140575	1
022	17	Sound	P0/none1	2438195	25000	1			25000		other	0
022	17	Sound	f08	2484695	71500	1			71500		other	0
022	17	Picture	2-121-1-2	2543512	130317	7	5166	7	130000	5000	hit	148
022	17	Response	62	2558075	144880	1
022	18	Sound	P0/none	2589009	25000	1			25000		other	0
022	18	Sound	f05	2635509	71500	1			71500		other	0
022	18	Picture	3-121-1-3	2694327	130317	7	5166	7	130000	5000	miss	0
022	18	Response	52	2714715	150705	1
022	19	Sound	P0/none	2739824	25000	1			25000		other	0
022	19	Sound	n05	2786324	71500	1			71500		other	0
022	19	Picture	2-111-2-2	2845141	130317	7	5166	7	130000	5000	hit	156
022	19	Response	61	2857595	142770	2
022	20	Sound	P0/none	2890639	25000	1			25000		other	0
022	20	Sound	f13	2937139	71500	1			71500		other	0
022	20	Picture	2-111-1-2	2995956	130317	7	5166	7	130000	5000	hit	160
022	20	Response	61	3005834	140195	1
022	21	Sound	P2/beat1	3041453	25000	1			25000		other	0
022	21	Sound	f06	3087954	71500	1			71500		other	0
022	21	Picture	3-113-1-3	3146771	130317	7	5166	7	130000	5000	hit	164
022	21	Response	61	3156474	140020	2
022	22	Sound	P2/beat	3192268	25000	1			25000		other	0
022	22	Sound	n03	3238768	71500	1			71500		other	0
022	22	Picture	3-113-1-3	3297585	130317	7	5166	7	130000	5000	hit	168
022	22	Response	61	3308874	141606	2
022	23	Sound	P2/beat	3343083	25000	1			25000		other	0
022	23	Sound	f22	3389583	71500	1			71500		other	0
022	23	Picture	2-113-2-2	3448400	130317	7	5166	7	130000	5000	hit	172
022	23	Response	61	3455354	137271	1
022	23	Response	51	3466954	148871	1
022	24	Sound	P2/beat	3493897	25000	1			25000		other	0
022	24	Sound	test11	3540398	71500	1			71500		other	0
022	24	Picture	3-213-1-3	3599215	130317	7	5166	7	130000	5000	hit	177
022	24	Response	61	3610234	141336	2
022	25	Sound	P2/both1	3644712	25000	1			25000		other	0
022	25	Response	53	3646794	27081	1
022	25	Response	53	3651994	32281	2
022	25	Response	53	3656634	36921	2
022	25	Response	53	3662394	42681	1
022	25	Response	53	3668314	48602	1
022	25	Response	53	3674314	54602	2
022	25	Response	53	3680154	60441	1
022	25	Response	53	3686314	66601	1
022	25	Sound	test05	3691212	71500	1			71500		other	0
022	25	Picture	3-224-1-3	3750029	130317	7	5166	7	130000	5000	hit	189
022	25	Response	62	3760874	141161	1
022	26	Response	53	3790954	20427	3
022	26	Sound	P2/both	3795527	25000	1			25000		other	0
022	26	Response	53	3800314	29787	1
022	26	Response	53	3806554	36027	2
022	26	Response	53	3812074	41546	2
022	26	Response	53	3818554	48027	3
022	26	Response	53	3824394	53867	3
022	26	Response	53	3830874	60347	1
022	26	Response	53	3837354	66826	2
022	26	Sound	n12	3842027	71500	1			71500		other	0
022	26	Picture	2-114-2-2	3900844	130317	7	5166	7	130000	5000	hit	201
022	26	Response	61	3912474	141947	2
022	27	Sound	P2/both	3946341	25000	1			25000		other	0
022	27	Response	53	3948074	26732	2
022	27	Response	53	3953033	31692	2
022	27	Response	53	3958233	36892	1
022	27	Response	53	3963994	42652	2
022	27	Response	53	3969593	48252	2
022	27	Response	53	3976153	54812	2
022	27	Response	53	3981993	60652	1
022	27	Response	53	3987673	66332	1
022	27	Sound	n10	3992841	71500	1			71500		other	0
022	27	Picture	2-124-1-2	4051659	130317	7	5166	7	130000	5000	hit	213
022	27	Response	62	4063914	142572	1
022	28	Sound	P2/both	4097156	25000	1			25000		other	0
022	28	Response	53	4100314	28157	2
022	28	Response	53	4104313	32157	1
022	28	Response	53	4108874	36717	2
022	28	Response	53	4113994	41838	2
022	28	Response	53	4120154	47997	2
022	28	Response	53	4126153	53997	2
022	28	Response	53	4132474	60318	2
022	28	Response	53	4138874	66717	2
022	28	Sound	test25	4143656	71500	1			71500		other	0
022	28	Picture	2-214-1-2	4202474	130317	7	5166	7	130000	5000	hit	225
022	28	Response	61	4210554	138397	2
022	29	Sound	P0/none1	4247971	25000	1			25000		other	0
022	29	Sound	f18	4294471	71500	1			71500		other	0
022	29	Picture	2-121-2-2	4353288	130317	7	5166	7	130000	5000	hit	229
022	29	Response	62	4363753	140782	1
022	30	Sound	P0/none	4398786	25000	1			25000		other	0
022	30	Sound	test10	4445286	71500	1			71500		other	0
022	30	Picture	3-221-1-3	4504103	130317	7	5166	7	130000	5000	hit	233
022	30	Response	62	4515513	141728	2
022	31	Sound	P0/none	4549600	25000	1			25000		other	0
022	31	Sound	test19	4596100	71500	1			71500		other	0
022	31	Picture	3-221-1-3	4654918	130317	7	5166	7	130000	5000	hit	237
022	31	Response	62	4664793	140192	2
022	32	Sound	P0/none	4700415	25000	1			25000		other	0
022	32	Sound	test18	4746914	71499	1			71500		other	0
022	32	Picture	2-211-1-2	4805732	130317	7	5166	7	130000	5000	hit	241
022	32	Response	61	4816233	140818	2
022	33	Sound	P1/tapping1	4851229	25000	1			25000		other	0
022	33	Response	53	4853193	26963	2
022	33	Response	53	4857913	31683	1
022	33	Response	53	4864393	38163	1
022	33	Response	53	4869513	43283	2
022	33	Response	53	4875273	49043	2
022	33	Response	53	4880953	54723	1
022	33	Response	53	4886313	60083	1
022	33	Response	53	4891673	65443	1
022	33	Response	53	4896713	70483	2
022	33	Sound	f11	4897730	71500	1			71500		other	0
022	33	Response	53	4902553	76323	1
022	33	Picture	3-122-1-3	4956547	130317	7	5166	7	130000	5000	hit	255
022	33	Response	62	4966233	140003	2
022	34	Sound	P1/tapping	5002044	25000	1			25000		other	0
022	34	Response	53	5006233	29188	2
022	34	Response	53	5010793	33748	1
022	34	Response	53	5014953	37908	1
022	34	Response	53	5019753	42708	2
022	34	Response	53	5024473	47428	2
022	34	Response	53	5029353	52308	1
022	34	Response	53	5034393	57348	1
022	34	Response	53	5039192	62148	2
022	34	Response	53	5043593	66548	2
022	34	Response	53	5048392	71348	1
022	34	Sound	n07	5048544	71500	1			71500		other	0
022	34	Picture	3-212-1-3	5107362	130317	7	5166	7	130000	5000	hit	269
022	34	Response	61	5115353	138309	1
022	35	Sound	P1/tapping	5152859	25000	1			25000		other	0
022	35	Response	53	5155353	27493	2
022	35	Response	53	5159433	31573	2
022	35	Response	53	5163192	35333	2
022	35	Response	53	5167033	39174	2
022	35	Response	53	5170793	42934	2
022	35	Response	53	5174312	46453	2
022	35	Response	53	5178713	50853	2
022	35	Response	53	5182473	54614	2
022	35	Response	53	5186552	58693	1
022	35	Response	53	5190473	62613	2
022	35	Response	53	5194552	66693	2
022	35	Response	53	5198872	71013	2
022	35	Sound	test09	5199359	71500	1			71500		other	0
022	35	Picture	3-212-1-3	5258176	130317	7	5166	7	130000	5000	hit	285
022	35	Response	61	5267673	139813	2
022	36	Sound	P1/tapping	5303677	25003	1			25000		other	0
022	36	Response	53	5306472	27799	1
022	36	Response	53	5310472	31798	2
022	36	Response	53	5315752	37078	2
022	36	Response	53	5320472	41798	1
022	36	Response	53	5325192	46518	1
022	36	Response	53	5329912	51238	1
022	36	Response	53	5334792	56118	2
022	36	Response	53	5338712	60038	2
022	36	Response	53	5342953	64279	1
022	36	Response	53	5347032	68358	2
022	36	Sound	test22	5350173	71500	1			71500		other	0
022	36	Response	53	5350472	71799	2
022	36	Picture	2-222-2-2	5408991	130317	7	5166	7	130000	5000	hit	300
022	36	Response	62	5418953	140279	1
022	37	Sound	P2/beat1	5454488	25000	1			25000		other	0
022	37	Sound	f14	5500988	71500	1			71500		other	0
022	37	Picture	2-113-2-2	5559806	130317	7	5166	7	130000	5000	hit	304
022	37	Response	61	5569113	139624	2
022	38	Sound	P2/beat	5605303	25000	1			25000		other	0
022	38	Sound	test17	5651803	71500	1			71500		other	0
022	38	Picture	3-223-1-3	5710620	130317	7	5166	7	130000	5000	hit	308
022	38	Response	62	5720312	140009	2
022	39	Sound	P2/beat	5756118	25000	1			25000		other	0
022	39	Sound	n14	5802618	71500	1			71500		other	0
022	39	Picture	2-123-2-2	5861435	130317	7	5166	7	130000	5000	hit	312
022	39	Response	62	5870472	139354	2
022	40	Sound	P2/beat	5906932	25000	1			25000		other	0
022	40	Sound	f01	5953432	71500	1			71500		other	0
022	40	Picture	3-123-1-3	6012250	130317	7	5166	7	130000	5000	hit	316
022	40	Response	62	6024552	142619	1
022	41	Sound	P2/both1	6057747	25000	1			25000		other	0
022	41	Response	53	6059512	26765	2
022	41	Response	53	6063991	31244	2
022	41	Response	53	6069271	36524	1
022	41	Response	53	6076551	43804	2
022	41	Response	53	6081992	49245	2
022	41	Response	53	6087111	54364	1
022	41	Response	53	6092391	59644	2
022	41	Response	53	6098391	65644	1
022	41	Sound	n06	6104247	71500	1			71500		other	0
022	41	Picture	2-214-2-2	6163064	130317	7	5166	7	130000	5000	incorrect	328
022	41	Response	52	6174872	142125	2
022	42	Sound	P2/both	6208561	25000	1			25000		other	0
022	42	Response	53	6210552	26990	1
022	42	Response	53	6215272	31710	1
022	42	Response	53	6220631	37070	1
022	42	Response	53	6226152	42590	2
022	42	Response	53	6231911	48349	1
022	42	Response	53	6237831	54269	1
022	42	Response	53	6243751	60189	1
022	42	Response	53	6249912	66350	3
022	42	Sound	f23	6255062	71500	1			71500		other	0
022	42	Response	53	6255911	72349	3
022	42	Picture	3-124-1-3	6313879	130317	7	5166	7	130000	5000	hit	341
022	42	Response	62	6326711	143149	1
022	43	Sound	P2/both	6359376	25000	1			25000		other	0
022	43	Response	53	6359991	25615	2
022	43	Response	53	6365431	31055	2
022	43	Response	53	6371271	36895	2
022	43	Response	53	6376391	42015	2
022	43	Response	53	6382551	48174	1
022	43	Response	53	6387991	53614	2
022	43	Response	53	6393831	59454	2
022	43	Response	53	6399671	65294	1
022	43	Sound	test02	6405876	71500	1			71500		other	0
022	43	Response	53	6406471	72095	1
022	43	Picture	3-214-1-3	6464694	130317	7	5166	7	130000	5000	hit	354
022	43	Response	61	6472711	138335	1
022	44	Sound	P2/both	6510191	25000	1			25000		other	0
022	44	Response	53	6514231	29040	1
022	44	Response	53	6517511	32320	1
022	44	Response	53	6521911	36720	1
022	44	Response	53	6528072	42880	3
022	44	Response	53	6534231	49040	2
022	44	Response	53	6539911	54720	3
022	44	Response	53	6545351	60160	2
022	44	Response	53	6550951	65760	1
022	44	Sound	test08	6556691	71500	1			71500		other	0
022	44	Picture	3-214-1-3	6615508	130317	7	5166	7	130000	5000	hit	366
022	44	Response	61	6623911	138720	2
022	45	Sound	P0/none1	6661006	25000	1			25000		other	0
022	45	Sound	f10	6707506	71500	1			71500		other	0
022	45	Picture	3-121-1-3	6766323	130317	7	5166	7	130000	5000	hit	370
022	45	Response	62	6777431	141425	1
022	46	Sound	P0/none	6811820	25000	1			25000		other	0
022	46	Sound	f04	6858320	71500	1			71500		other	0
022	46	Picture	3-121-1-3	6917138	130317	7	5166	7	130000	5000	hit	374
022	46	Response	62	6930551	143730	2
022	47	Sound	P0/none	6962635	25000	1			25000		other	0
022	47	Sound	n11	7009135	71500	1			71500		other	0
022	47	Picture	3-121-2-3	7067953	130317	7	5166	7	130000	5000	hit	378
022	47	Response	62	7080951	143315	1
022	48	Sound	P0/none	7113450	25000	1			25000		other	0
022	48	Sound	test16	7159950	71500	1			71500		other	0
022	48	Picture	2-221-1-2	7218767	130317	7	5166	7	130000	5000	incorrect	382
022	48	Response	51	7229590	141140	1
022	49	Sound	P2/beat1	7264265	25000	1			25000		other	0
022	49	Sound	test13	7310764	71500	1			71500		other	0
022	49	Picture	2-223-1-2	7369582	130317	7	5166	7	130000	5000	hit	386
022	49	Response	62	7379430	140165	1
022	50	Sound	P2/beat	7415080	25000	1			25000		other	0
022	50	Sound	f21	7461579	71500	1			71500		other	0
022	50	Picture	2-113-2-2	7520397	130317	7	5166	7	130000	5000	hit	390
022	50	Response	61	7530710	140631	2
022	51	Sound	P2/beat	7565894	25000	1			25000		other	0
022	51	Sound	n13	7612394	71500	1			71500		other	0
022	51	Picture	2-213-1-2	7671212	130317	7	5166	7	130000	5000	hit	394
022	51	Response	61	7680630	139736	2
022	52	Sound	P2/beat	7716709	25000	1			25000		other	0
022	52	Sound	f09	7763209	71500	1			71500		other	0
022	52	Picture	3-123-1-3	7822026	130317	7	5166	7	130000	5000	hit	398
022	52	Response	62	7833590	141881	1
022	53	Sound	P2/both1	7867524	25000	1			25000		other	0
022	53	Response	53	7869030	26506	1
022	53	Response	53	7874150	31627	2
022	53	Response	53	7879350	36826	1
022	53	Response	53	7884550	42026	1
022	53	Response	53	7890630	48106	1
022	53	Response	53	7896710	54186	1
022	53	Response	53	7902950	60426	2
022	53	Response	53	7908630	66106	1
022	53	Response	53	7913990	71466	1
022	53	Sound	f07	7914023	71500	1			71500		other	0
022	53	Picture	3-114-1-3	7972841	130317	7	5166	7	130000	5000	incorrect	411
022	53	Response	52	7984150	141626	2
022	54	Sound	P2/both	8018338	25000	1			25000		other	0
022	54	Response	53	8018790	25452	2
022	54	Response	53	8024390	31052	1
022	54	Response	53	8029990	36651	2
022	54	Response	53	8036230	42891	1
022	54	Response	53	8041830	48491	1
022	54	Response	53	8048071	54732	2
022	54	Response	53	8053511	60172	2
022	54	Response	53	8059990	66651	2
022	54	Sound	test23	8064838	71500	1			71500		other	0
022	54	Picture	2-214-2-2	8123656	130317	7	5166	7	130000	5000	hit	423
022	54	Response	61	8135110	141771	1
022	55	Sound	P2/both	8169153	25000	1			25000		other	0
022	55	Response	53	8171430	27277	1
022	55	Response	53	8175350	31197	2
022	55	Response	53	8180550	36397	2
022	55	Response	53	8186630	42477	2
022	55	Response	53	8192310	48157	2
022	55	Response	53	8198630	54477	1
022	55	Response	53	8204230	60077	1
022	55	Response	53	8209990	65837	2
022	55	Sound	f03	8215653	71500	1			71500		other	0
022	55	Response	53	8216870	72716	1
022	55	Picture	3-124-1-3	8274470	130317	7	5166	7	130000	5000	hit	436
022	55	Response	62	8287189	143036	1
022	56	Sound	P2/both	8319968	25000	1			25000		other	0
022	56	Response	53	8322870	27902	2
022	56	Response	53	8326550	31582	2
022	56	Response	53	8331110	36142	2
022	56	Response	53	8336790	41822	1
022	56	Response	53	8343030	48062	2
022	56	Response	53	8349109	54141	1
022	56	Response	53	8355029	60062	1
022	56	Response	53	8360630	65662	1
022	56	Sound	f20	8366467	71500	1			71500		other	0
022	56	Picture	2-114-2-2	8425285	130317	7	5166	7	130000	5000	hit	448
022	56	Response	61	8434790	139822	1
022	57	Sound	P1/tapping1	8470782	25000	1			25000		other	0
022	57	Response	53	8473269	27487	2
022	57	Response	53	8477509	31727	2
022	57	Response	53	8483350	37568	1
022	57	Response	53	8488549	42767	2
022	57	Response	53	8494149	48367	1
022	57	Response	53	8498389	52607	1
022	57	Response	53	8503829	58047	2
022	57	Response	53	8508789	63006	1
022	57	Response	53	8513909	68127	2
022	57	Sound	test01	8517283	71500	1			71500		other	0
022	57	Picture	3-222-1-3	8576100	130317	7	5166	7	130000	5000	hit	461
022	57	Response	62	8589429	143647	2
022	58	Response	53	8620549	23952	2
022	58	Sound	P1/tapping	8621597	25000	1			25000		other	0
022	58	Response	53	8626469	29872	2
022	58	Response	53	8632389	35792	1
022	58	Response	53	8637109	40512	1
022	58	Response	53	8641349	44752	2
022	58	Response	53	8645269	48672	1
022	58	Response	53	8649590	52993	2
022	58	Response	53	8654389	57792	1
022	58	Response	53	8658469	61872	1
022	58	Response	53	8662869	66272	1
022	58	Response	53	8667589	70992	2
022	58	Sound	n04	8668097	71500	1			71500		other	0
022	58	Picture	3-212-1-3	8726914	130317	7	5166	7	130000	5000	incorrect	476
022	58	Response	52	8734869	138272	1
022	58	Response	52	8740790	144192	2
022	59	Sound	P1/tapping	8772412	25000	1			25000		other	0
022	59	Response	53	8774549	27137	1
022	59	Response	53	8778309	30897	1
022	59	Response	53	8783109	35697	1
022	59	Response	53	8787749	40337	2
022	59	Response	53	8792149	44737	2
022	59	Response	53	8796630	49218	1
022	59	Response	53	8801109	53697	2
022	59	Response	53	8805189	57777	2
022	59	Response	53	8810069	62657	1
022	59	Response	53	8814229	66817	1
022	59	Sound	f19	8818912	71500	1			71500		other	0
022	59	Response	53	8819029	71617	1
022	59	Picture	2-122-2-2	8877729	130317	7	5166	7	130000	5000	hit	492
022	59	Response	62	8887909	140497	2
022	59	Response	52	8892309	144897	2
022	60	Response	53	8923029	24802	1
022	60	Sound	P1/tapping	8923227	25000	1			25000		other	0
022	60	Response	53	8928389	30162	1
022	60	Response	53	8933669	35442	1
022	60	Response	53	8938229	40002	1
022	60	Response	53	8942549	44322	1
022	60	Response	53	8946388	48162	2
022	60	Response	53	8950229	52002	1
022	60	Response	53	8953989	55762	1
022	60	Response	53	8957669	59442	1
022	60	Response	53	8961589	63362	2
022	60	Response	53	8965429	67202	1
022	60	Sound	f24	8969726	71500	1			71500		other	0
022	60	Response	53	8969749	71522	1
022	60	Picture	2-122-1-2	9028544	130317	7	5166	7	130000	5000	hit	509
022	60	Response	62	9037829	139602	2
022	60	Response	52	9041909	143682	1


Event Type	Code	Type	Response	RT	RT Uncertainty	Time	Uncertainty	Duration	Uncertainty	ReqTime	ReqDur

Sound	P2/both1	other				25160	1			25000
Sound	test06	other				71661	1			71500
Picture	3-224-1-3	hit	2	10879	7	130478	7	5166	7	130000	5000
Sound	P2/both	other				175975	1			25000
Sound	f17	other				222475	1			71500
Picture	2-114-2-2	hit	1	10866	8	281292	7	5166	7	130000	5000
Sound	P2/both	other				326790	1			25000
Sound	f02	other				373290	1			71500
Picture	3-114-2-3	hit	1	9330	8	432107	7	5166	7	130000	5000
Sound	P2/both	other				477604	1			25000
Sound	n09	other				524104	1			71500
Picture	2-214-2-2	hit	1	15075	7	582922	7	5166	7	130000	5000
Sound	P0/none1	other				628419	1			25000
Sound	test15	other				674919	1			71500
Picture	2-211-1-2	incorrect	2	11220	7	733736	7	5166	7	130000	5000
Sound	P0/none	other				779234	1			25000
Sound	test07	other				825734	1			71500
Picture	3-221-1-3	hit	2	12645	7	884551	7	5166	7	130000	5000
Sound	P0/none	other				930048	1			25000
Sound	f16	other				976548	1			71500
Picture	2-121-1-2	hit	2	13590	7	1035366	7	5166	7	130000	5000
Sound	P0/none	other				1080863	1			25000
Sound	f15	other				1127363	1			71500
Picture	2-111-2-2	hit	1	9176	8	1186180	7	5166	7	130000	5000
Sound	P1/tapping1	other				1231678	1			25000
Sound	test24	other				1278178	1			71500
Picture	2-212-2-2	hit	1	11081	8	1336995	7	5166	7	130000	5000
Sound	P1/tapping	other				1382492	1			25000
Sound	n01	other				1428992	1			71500
Picture	2-222-1-2	hit	2	13786	8	1487810	7	5166	7	130000	5000
Sound	P1/tapping	other				1533307	1			25000
Sound	test12	other				1579807	1			71500
Picture	3-222-1-3	hit	2	13052	8	1638624	7	5166	7	130000	5000
Sound	P1/tapping	other				1684122	1			25000
Sound	test03	other				1730622	1			71500
Picture	3-222-1-3	hit	2	14077	8	1789439	7	5166	7	130000	5000
Sound	P2/beat1	other				1834936	1			25000
Sound	test04	other				1881436	1			71500
Picture	3-213-1-3	hit	1	9422	8	1940254	7	5166	7	130000	5000
Sound	P2/beat	other				1985751	1			25000
Sound	f12	other				2032251	1			71500
Picture	3-123-1-3	hit	2	11247	8	2091068	7	5166	7	130000	5000
Sound	P2/beat	other				2136566	1			25000
Sound	test21	other				2183066	1			71500
Picture	2-213-2-2	hit	1	9152	8	2241883	7	5166	7	130000	5000
Sound	P2/beat	other				2287380	1			25000
Sound	test14	other				2333880	1			71500
Picture	2-213-1-2	hit	1	10257	8	2392698	7	5166	7	130000	5000
Sound	P0/none1	other				2438195	1			25000
Sound	f08	other				2484695	1			71500
Picture	2-121-1-2	hit	2	14563	7	2543512	7	5166	7	130000	5000
Sound	P0/none	other				2589009	1			25000
Sound	f05	other				2635509	1			71500
Picture	3-121-1-3	miss				2694327	7	5166	7	130000	5000
Sound	P0/none	other				2739824	1			25000
Sound	n05	other				2786324	1			71500
Picture	2-111-2-2	hit	1	12453	8	2845141	7	5166	7	130000	5000
Sound	P0/none	other				2890639	1			25000
Sound	f13	other				2937139	1			71500
Picture	2-111-1-2	hit	1	9878	8	2995956	7	5166	7	130000	5000
Sound	P2/beat1	other				3041453	1			25000
Sound	f06	other				3087954	1			71500
Picture	3-113-1-3	hit	1	9703	8	3146771	7	5166	7	130000	5000
Sound	P2/beat	other				3192268	1			25000
Sound	n03	other				3238768	1			71500
Picture	3-113-1-3	hit	1	11289	8	3297585	7	5166	7	130000	5000
Sound	P2/beat	other				3343083	1			25000
Sound	f22	other				3389583	1			71500
Picture	2-113-2-2	hit	1	6954	7	3448400	7	5166	7	130000	5000
Sound	P2/beat	other				3493897	1			25000
Sound	test11	other				3540398	1			71500
Picture	3-213-1-3	hit	1	11019	8	3599215	7	5166	7	130000	5000
Sound	P2/both1	other				3644712	1			25000
Sound	test05	other				3691212	1			71500
Picture	3-224-1-3	hit	2	10844	7	3750029	7	5166	7	130000	5000
Sound	P2/both	other				3795527	1			25000
Sound	n12	other				3842027	1			71500
Picture	2-114-2-2	hit	1	11630	8	3900844	7	5166	7	130000	5000
Sound	P2/both	other				3946341	1			25000
Sound	n10	other				3992841	1			71500
Picture	2-124-1-2	hit	2	12255	8	4051659	7	5166	7	130000	5000
Sound	P2/both	other				4097156	1			25000
Sound	test25	other				4143656	1			71500
Picture	2-214-1-2	hit	1	8080	8	4202474	7	5166	7	130000	5000
Sound	P0/none1	other				4247971	1			25000
Sound	f18	other				4294471	1			71500
Picture	2-121-2-2	hit	2	10465	7	4353288	7	5166	7	130000	5000
Sound	P0/none	other				4398786	1			25000
Sound	test10	other				4445286	1			71500
Picture	3-221-1-3	hit	2	11410	8	4504103	7	5166	7	130000	5000
Sound	P0/none	other				4549600	1			25000
Sound	test19	other				4596100	1			71500
Picture	3-221-1-3	hit	2	9875	8	4654918	7	5166	7	130000	5000
Sound	P0/none	other				4700415	1			25000
Sound	test18	other				4746914	1			71500
Picture	2-211-1-2	hit	1	10500	8	4805732	7	5166	7	130000	5000
Sound	P1/tapping1	other				4851229	1			25000
Sound	f11	other				4897730	1			71500
Picture	3-122-1-3	hit	2	9686	8	4956547	7	5166	7	130000	5000
Sound	P1/tapping	other				5002044	1			25000
Sound	n07	other				5048544	1			71500
Picture	3-212-1-3	hit	1	7992	8	5107362	7	5166	7	130000	5000
Sound	P1/tapping	other				5152859	1			25000
Sound	test09	other				5199359	1			71500
Picture	3-212-1-3	hit	1	9496	8	5258176	7	5166	7	130000	5000
Sound	P1/tapping	other				5303677	1			25000
Sound	test22	other				5350173	1			71500
Picture	2-222-2-2	hit	2	9962	7	5408991	7	5166	7	130000	5000
Sound	P2/beat1	other				5454488	1			25000
Sound	f14	other				5500988	1			71500
Picture	2-113-2-2	hit	1	9307	8	5559806	7	5166	7	130000	5000
Sound	P2/beat	other				5605303	1			25000
Sound	test17	other				5651803	1			71500
Picture	3-223-1-3	hit	2	9692	8	5710620	7	5166	7	130000	5000
Sound	P2/beat	other				5756118	1			25000
Sound	n14	other				5802618	1			71500
Picture	2-123-2-2	hit	2	9037	8	5861435	7	5166	7	130000	5000
Sound	P2/beat	other				5906932	1			25000
Sound	f01	other				5953432	1			71500
Picture	3-123-1-3	hit	2	12302	8	6012250	7	5166	7	130000	5000
Sound	P2/both1	other				6057747	1			25000
Sound	n06	other				6104247	1			71500
Picture	2-214-2-2	incorrect	2	11807	8	6163064	7	5166	7	130000	5000
Sound	P2/both	other				6208561	1			25000
Sound	f23	other				6255062	1			71500
Picture	3-124-1-3	hit	2	12832	8	6313879	7	5166	7	130000	5000
Sound	P2/both	other				6359376	1			25000
Sound	test02	other				6405876	1			71500
Picture	3-214-1-3	hit	1	8017	7	6464694	7	5166	7	130000	5000
Sound	P2/both	other				6510191	1			25000
Sound	test08	other				6556691	1			71500
Picture	3-214-1-3	hit	1	8403	8	6615508	7	5166	7	130000	5000
Sound	P0/none1	other				6661006	1			25000
Sound	f10	other				6707506	1			71500
Picture	3-121-1-3	hit	2	11108	7	6766323	7	5166	7	130000	5000
Sound	P0/none	other				6811820	1			25000
Sound	f04	other				6858320	1			71500
Picture	3-121-1-3	hit	2	13413	8	6917138	7	5166	7	130000	5000
Sound	P0/none	other				6962635	1			25000
Sound	n11	other				7009135	1			71500
Picture	3-121-2-3	hit	2	12998	7	7067953	7	5166	7	130000	5000
Sound	P0/none	other				7113450	1			25000
Sound	test16	other				7159950	1			71500
Picture	2-221-1-2	incorrect	1	10823	7	7218767	7	5166	7	130000	5000
Sound	P2/beat1	other				7264265	1			25000
Sound	test13	other				7310764	1			71500
Picture	2-223-1-2	hit	2	9848	7	7369582	7	5166	7	130000	5000
Sound	P2/beat	other				7415080	1			25000
Sound	f21	other				7461579	1			71500
Picture	2-113-2-2	hit	1	10314	8	7520397	7	5166	7	130000	5000
Sound	P2/beat	other				7565894	1			25000
Sound	n13	other				7612394	1			71500
Picture	2-213-1-2	hit	1	9419	8	7671212	7	5166	7	130000	5000
Sound	P2/beat	other				7716709	1			25000
Sound	f09	other				7763209	1			71500
Picture	3-123-1-3	hit	2	11564	7	7822026	7	5166	7	130000	5000
Sound	P2/both1	other				7867524	1			25000
Sound	f07	other				7914023	1			71500
Picture	3-114-1-3	incorrect	2	11309	8	7972841	7	5166	7	130000	5000
Sound	P2/both	other				8018338	1			25000
Sound	test23	other				8064838	1			71500
Picture	2-214-2-2	hit	1	11454	7	8123656	7	5166	7	130000	5000
Sound	P2/both	other				8169153	1			25000
Sound	f03	other				8215653	1			71500
Picture	3-124-1-3	hit	2	12719	8	8274470	7	5166	7	130000	5000
Sound	P2/both	other				8319968	1			25000
Sound	f20	other				8366467	1			71500
Picture	2-114-2-2	hit	1	9505	7	8425285	7	5166	7	130000	5000
Sound	P1/tapping1	other				8470782	1			25000
Sound	test01	other				8517283	1			71500
Picture	3-222-1-3	hit	2	13329	8	8576100	7	5166	7	130000	5000
Sound	P1/tapping	other				8621597	1			25000
Sound	n04	other				8668097	1			71500
Picture	3-212-1-3	incorrect	2	7955	7	8726914	7	5166	7	130000	5000
Sound	P1/tapping	other				8772412	1			25000
Sound	f19	other				8818912	1			71500
Picture	2-122-2-2	hit	2	10180	8	8877729	7	5166	7	130000	5000
Sound	P1/tapping	other				8923227	1			25000
Sound	f24	other				8969726	1			71500
Picture	2-122-1-2	hit	2	9285	8	9028544	7	5166	7	130000	5000

The following output port codes were not sent because of a conflict on the port.
Port	Code	Time(ms)
1	104	791402
1	53	896975


{
   "app": "Presentation Version 22.1 Build 01.21.21",
   "device": "Dell Inc. OptiPlex 7050",
   "experiment": "{C8E97CB4-6FCA-44FA-B866-4A2D94B6B85C}",
   "os": "Windows 10 64 bit",
   "package": "",
   "parameters": {
      "configuration": "Default configuration"
   },
   "scenario": "entrain_list1_sess4_EB.sce",
   "subject": "022",
   "timestamp": "2022/11/18 13:53:43 GMT"
}
