Scenario - test
Logfile written - 10/13/2022 14:49:58

Subject	Trial	Event Type	Code	Time	TTime	Uncertainty	Duration	Uncertainty	ReqTime	ReqDur	Stim Type	Pair Index

011	1	Sound	P0/none1	25160	25000	1			25000		other	0
011	1	Sound	f01	71660	71500	1			71500		other	0
011	1	Picture	2-111-1-2	130478	130318	7	5166	7	130000	5000	hit	4
011	1	Response	61	141167	141007	2
011	2	Sound	P0/none	175977	25001	1			25000		other	0
011	2	Sound	test01	222476	71500	1			71500		other	0
011	2	Picture	2-211-1-2	281294	130318	7	5166	7	130000	5000	incorrect	8
011	2	Response	52	294848	143871	1
011	3	Sound	P0/none	326791	25000	1			25000		other	0
011	3	Sound	test22	373291	71500	1			71500		other	0
011	3	Picture	3-211-1-3	432110	130318	7	5166	7	130000	5000	incorrect	12
011	3	Response	52	445407	143615	2
011	4	Sound	P0/none	477607	25000	1			25000		other	0
011	4	Sound	f07	524107	71500	1			71500		other	0
011	4	Picture	2-121-1-2	582925	130318	7	5166	7	130000	5000	hit	16
011	4	Response	62	597007	144400	2
011	5	Sound	P2/beat1	628420	24997	1			25000		other	0
011	5	Sound	f03	674923	71500	1			71500		other	0
011	5	Picture	2-123-1-2	733741	130318	7	5166	7	130000	5000	hit	20
011	5	Response	62	746767	143344	2
011	6	Sound	P2/beat	779238	25000	1			25000		other	0
011	6	Sound	n12	825738	71500	1			71500		other	0
011	6	Picture	3-123-1-3	884556	130318	7	5166	7	130000	5000	hit	24
011	6	Response	62	898207	143969	2
011	7	Sound	P2/beat	930054	25000	1			25000		other	0
011	7	Sound	test10	976554	71500	1			71500		other	0
011	7	Picture	2-213-1-2	1035372	130318	7	5166	7	130000	5000	incorrect	28
011	7	Response	52	1045807	140753	1
011	8	Sound	P2/beat	1080869	25000	1			25000		other	0
011	8	Sound	f17	1127369	71500	1			71500		other	0
011	8	Picture	3-113-1-3	1186187	130318	7	5166	7	130000	5000	hit	32
011	8	Response	61	1193887	138017	1
011	9	Sound	P0/none1	1231685	25000	1			25000		other	0
011	9	Sound	f09	1278185	71500	1			71500		other	0
011	9	Picture	2-111-1-2	1337003	130318	7	5166	7	130000	5000	incorrect	36
011	9	Response	52	1347407	140722	2
011	10	Sound	P0/none	1382501	25000	1			25000		other	0
011	10	Sound	test02	1429001	71500	1			71500		other	0
011	10	Picture	2-221-1-2	1487819	130318	7	5166	7	130000	5000	hit	40
011	10	Response	62	1504766	147266	1
011	11	Sound	P0/none	1533316	25000	1			25000		other	0
011	11	Sound	f20	1579816	71500	1			71500		other	0
011	11	Picture	3-121-1-3	1638634	130318	7	5166	7	130000	5000	hit	44
011	11	Response	62	1650607	142290	2
011	12	Sound	P0/none	1684132	25000	1			25000		other	0
011	12	Sound	test21	1730632	71500	1			71500		other	0
011	12	Picture	3-221-1-3	1789450	130318	7	5166	7	130000	5000	hit	48
011	12	Response	62	1803326	144194	1
011	13	Response	53	1832686	22739	1
011	13	Sound	P1/tapping1	1834947	25000	1			25000		other	0
011	13	Response	53	1838846	28899	1
011	13	Response	53	1844606	34659	1
011	13	Response	53	1850686	40739	1
011	13	Response	53	1856206	46259	1
011	13	Response	53	1862127	52180	1
011	13	Response	53	1867886	57939	1
011	13	Response	53	1873486	63539	1
011	13	Response	53	1879726	69779	1
011	13	Sound	test04	1881447	71500	1			71500		other	0
011	13	Picture	2-212-1-2	1940265	130318	7	5166	7	130000	5000	incorrect	61
011	13	Response	52	1954607	144660	2
011	14	Response	53	1981566	20804	1
011	14	Sound	P1/tapping	1985763	25000	1			25000		other	0
011	14	Response	53	1988526	27763	1
011	14	Response	53	1994046	33283	1
011	14	Response	53	1999166	38403	1
011	14	Response	53	2004366	43603	1
011	14	Response	53	2009246	48483	1
011	14	Response	53	2015006	54244	2
011	14	Response	53	2020526	59763	1
011	14	Response	53	2026046	65283	1
011	14	Response	53	2031487	70724	1
011	14	Sound	test23	2032263	71500	1			71500		other	0
011	14	Picture	3-222-1-3	2091081	130318	7	5166	7	130000	5000	hit	75
011	14	Response	62	2105806	145044	1
011	15	Response	53	2134526	22947	1
011	15	Sound	P1/tapping	2136578	25000	1			25000		other	0
011	15	Response	53	2140686	29108	3
011	15	Response	53	2145806	34228	1
011	15	Response	53	2151166	39588	1
011	15	Response	53	2156366	44788	1
011	15	Response	53	2161486	49907	1
011	15	Response	53	2167566	55988	2
011	15	Response	53	2172766	61188	1
011	15	Response	53	2178046	66467	1
011	15	Sound	test06	2183078	71500	1			71500		other	0
011	15	Response	53	2183486	71908	2
011	15	Picture	2-222-1-2	2241896	130318	7	5166	7	130000	5000	hit	89
011	15	Response	62	2257246	145667	2
011	16	Sound	P1/tapping	2287394	25000	1			25000		other	0
011	16	Response	53	2289326	26932	2
011	16	Response	53	2293886	31492	2
011	16	Response	53	2298766	36372	1
011	16	Response	53	2303886	41492	1
011	16	Response	53	2309406	47012	1
011	16	Response	53	2314686	52292	1
011	16	Response	53	2320685	58292	1
011	16	Response	53	2325886	63492	1
011	16	Response	53	2332445	70052	2
011	16	Sound	test07	2333894	71500	1			71500		other	0
011	16	Picture	2-212-1-2	2392712	130318	7	5166	7	130000	5000	miss	0
011	17	Response	52	2423006	9797	2
011	17	Sound	P2/both1	2438209	25000	1			25000		other	0
011	17	Response	53	2442126	28916	1
011	17	Response	53	2447326	34116	1
011	17	Response	53	2451646	38436	1
011	17	Response	53	2456526	43316	2
011	17	Response	53	2461726	48516	1
011	17	Response	53	2467806	54596	1
011	17	Response	53	2473566	60356	2
011	17	Response	53	2479246	66037	2
011	17	Sound	n01	2484709	71500	1			71500		other	0
011	17	Response	53	2485326	72116	2
011	17	Picture	3-214-1-3	2543527	130318	7	5166	7	130000	5000	incorrect	115
011	17	Response	52	2563246	150036	1
011	18	Sound	P2/both	2589025	25000	1			25000		other	0
011	18	Response	53	2591326	27301	2
011	18	Response	53	2595406	31381	1
011	18	Response	53	2600526	36501	1
011	18	Response	53	2606525	42500	2
011	18	Response	53	2612686	48661	1
011	18	Response	53	2618366	54340	1
011	18	Response	53	2624206	60180	1
011	18	Response	53	2629886	65861	1
011	18	Sound	f22	2635525	71500	1			71500		other	0
011	18	Picture	3-124-1-3	2694343	130318	7	5166	7	130000	5000	incorrect	127
011	18	Response	51	2707406	143380	2
011	19	Sound	P2/both	2739841	25000	1			25000		other	0
011	19	Response	53	2742205	27365	1
011	19	Response	53	2746765	31925	1
011	19	Response	53	2751805	36965	1
011	19	Response	53	2757646	42805	1
011	19	Response	53	2763725	48885	2
011	19	Response	53	2769405	54565	1
011	19	Response	53	2775006	60166	1
011	19	Response	53	2780605	65765	2
011	19	Sound	f19	2786340	71500	1			71500		other	0
011	19	Picture	3-114-1-3	2845159	130318	7	5166	7	130000	5000	hit	139
011	19	Response	61	2854285	139445	1
011	20	Sound	P2/both	2890656	25000	1			25000		other	0
011	20	Response	53	2896685	31029	1
011	20	Response	53	2902285	36629	1
011	20	Response	53	2908365	42709	2
011	20	Response	53	2914285	48629	1
011	20	Response	53	2920365	54709	2
011	20	Response	53	2925805	60149	2
011	20	Response	53	2931485	65829	1
011	20	Sound	test16	2937156	71500	1			71500		other	0
011	20	Picture	3-224-1-3	2995974	130318	7	5166	7	130000	5000	hit	150
011	20	Response	62	3008446	142790	1
011	21	Sound	P1/tapping1	3041472	25000	1			25000		other	0
011	21	Response	53	3044046	27574	2
011	21	Response	53	3048045	31574	2
011	21	Response	53	3053085	36613	1
011	21	Response	53	3058685	42214	2
011	21	Response	53	3064365	47894	2
011	21	Response	53	3069805	53334	2
011	21	Response	53	3075485	59014	1
011	21	Response	53	3080765	64293	1
011	21	Sound	test05	3087972	71500	1			71500		other	0
011	21	Picture	2-222-1-2	3146790	130318	7	5166	7	130000	5000	hit	162
011	21	Response	62	3157405	140934	1
011	22	Sound	P1/tapping	3192287	25000	1			25000		other	0
011	22	Response	53	3198285	30998	1
011	22	Response	53	3203725	36438	1
011	22	Response	53	3209325	42038	2
011	22	Response	53	3214685	47398	1
011	22	Response	53	3220205	52918	1
011	22	Response	53	3225485	58198	2
011	22	Response	53	3231325	64038	1
011	22	Sound	test08	3238787	71500	1			71500		other	0
011	22	Picture	2-212-1-2	3297605	130318	7	5166	7	130000	5000	incorrect	173
011	22	Response	52	3311005	143718	1
011	23	Sound	P1/tapping	3343102	24999	1			25000		other	0
011	23	Response	53	3344925	26822	2
011	23	Response	53	3349405	31302	2
011	23	Response	53	3354766	36663	2
011	23	Response	53	3359965	41862	3
011	23	Response	53	3365325	47222	2
011	23	Response	53	3370765	52662	1
011	23	Response	53	3375965	57862	1
011	23	Response	53	3381325	63222	2
011	23	Sound	test14	3389603	71500	1			71500		other	0
011	23	Picture	3-212-1-3	3448421	130318	7	5166	7	130000	5000	incorrect	185
011	23	Response	52	3465645	147542	2
011	24	Sound	P1/tapping	3493918	25000	1			25000		other	0
011	24	Response	53	3495805	26886	1
011	24	Response	53	3500525	31606	1
011	24	Response	53	3505725	36806	1
011	24	Response	53	3510765	41846	2
011	24	Response	53	3516125	47206	1
011	24	Response	53	3521645	52726	1
011	24	Response	53	3526925	58006	1
011	24	Response	53	3531725	62806	1
011	24	Sound	test19	3540418	71500	1			71500		other	0
011	24	Picture	3-212-1-3	3599236	130318	127	5166	127	130000	5000	hit	197
011	24	Response	61	3612925	144006	2
011	25	Sound	P2/beat1	3644734	25000	1			25000		other	0
011	25	Sound	f15	3691234	71500	1			71500		other	0
011	25	Picture	3-113-1-3	3750052	130318	7	5166	7	130000	5000	hit	201
011	25	Response	61	3757885	138151	1
011	26	Sound	P2/beat	3795550	25000	1			25000		other	0
011	26	Sound	f16	3842049	71500	1			71500		other	0
011	26	Picture	3-123-1-3	3900868	130318	7	5166	7	130000	5000	hit	205
011	26	Response	62	3911885	141335	2
011	27	Sound	P2/beat	3946365	25000	1			25000		other	0
011	27	Sound	f18	3992865	71500	1			71500		other	0
011	27	Picture	3-113-1-3	4051683	130318	7	5166	7	130000	5000	hit	209
011	27	Response	61	4062365	140999	1
011	28	Sound	P2/beat	4097181	25000	1			25000		other	0
011	28	Sound	test18	4143681	71500	1			71500		other	0
011	28	Picture	3-223-1-3	4202499	130318	7	5166	7	130000	5000	hit	213
011	28	Response	62	4212365	140184	2
011	29	Sound	P2/both1	4247996	25000	1			25000		other	0
011	29	Response	53	4253725	30728	1
011	29	Response	53	4259166	36169	1
011	29	Response	53	4264605	41608	1
011	29	Response	53	4270924	47928	1
011	29	Response	53	4276765	53768	1
011	29	Response	53	4282764	59768	1
011	29	Response	53	4288205	65208	1
011	29	Sound	f10	4294496	71500	1			71500		other	0
011	29	Picture	2-114-1-2	4353315	130318	7	5166	7	130000	5000	hit	224
011	29	Response	61	4364205	141208	2
011	30	Sound	P2/both	4398812	25000	1			25000		other	0
011	30	Response	53	4400845	27032	2
011	30	Response	53	4405004	31192	1
011	30	Response	53	4410124	36312	2
011	30	Response	53	4415884	42072	2
011	30	Response	53	4421564	47752	1
011	30	Response	53	4427644	53832	1
011	30	Response	53	4433324	59512	1
011	30	Response	53	4439042	65230	145
011	30	Sound	f12	4445312	71500	1			71500		other	0
011	30	Picture	2-114-1-2	4504130	130318	7	5166	7	130000	5000	incorrect	236
011	30	Response	52	4514684	140872	2
011	31	Sound	P2/both	4549628	25000	1			25000		other	0
011	31	Response	53	4552205	27577	3
011	31	Response	53	4556605	31977	2
011	31	Response	53	4561325	36697	2
011	31	Response	53	4566844	42216	1
011	31	Response	53	4572604	47976	1
011	31	Response	53	4577884	53256	2
011	31	Response	53	4583564	58936	1
011	31	Response	53	4589084	64456	2
011	31	Sound	n05	4596131	71503	1			71500		other	0
011	31	Picture	3-124-1-3	4654946	130318	7	5166	7	130000	5000	hit	248
011	31	Response	62	4670525	145897	2
011	32	Sound	P2/both	4700443	25000	1			25000		other	0
011	32	Response	53	4703084	27641	1
011	32	Response	53	4706764	31320	1
011	32	Response	53	4712044	36601	1
011	32	Response	53	4717564	42121	2
011	32	Response	53	4723565	48121	1
011	32	Response	53	4729724	54280	1
011	32	Response	53	4735404	59961	1
011	32	Response	53	4741004	65560	1
011	32	Sound	f13	4746943	71500	1			71500		other	0
011	32	Picture	3-124-1-3	4805762	130318	7	5166	7	130000	5000	hit	260
011	32	Response	62	4822124	146681	2
011	33	Sound	P0/none1	4851259	25000	1			25000		other	0
011	33	Sound	n09	4897759	71500	1			71500		other	0
011	33	Picture	3-211-1-3	4956577	130318	7	5166	7	130000	5000	incorrect	264
011	33	Response	52	4967804	141545	1
011	34	Sound	P0/none	5002075	25000	1			25000		other	0
011	34	Sound	test13	5048575	71500	1			71500		other	0
011	34	Picture	3-221-1-3	5107393	130318	7	5166	7	130000	5000	miss	0
011	35	Response	51	5130284	2393	1
011	35	Sound	P0/none	5152890	25000	1			25000		other	0
011	35	Sound	f11	5199390	71500	1			71500		other	0
011	35	Picture	2-111-1-2	5258209	130318	7	5166	7	130000	5000	incorrect	272
011	35	Response	52	5270124	142233	2
011	36	Sound	P0/none	5303706	25000	1			25000		other	0
011	36	Sound	test17	5350206	71500	1			71500		other	0
011	36	Picture	2-211-2-2	5409024	130318	7	5166	7	130000	5000	hit	276
011	36	Response	61	5418684	139977	1
011	37	Sound	P2/both1	5454522	25000	1			25000		other	0
011	37	Response	53	5456684	27162	2
011	37	Response	53	5461004	31482	1
011	37	Response	53	5466204	36682	2
011	37	Response	53	5472364	42842	1
011	37	Response	53	5478524	49001	1
011	37	Response	53	5483723	54201	1
011	37	Response	53	5489244	59722	2
011	37	Response	53	5494684	65162	1
011	37	Sound	f06	5501022	71500	1			71500		other	0
011	37	Picture	2-114-1-2	5559840	130318	7	5166	7	130000	5000	hit	288
011	37	Response	61	5574124	144602	1
011	38	Sound	P2/both	5605337	25000	1			25000		other	0
011	38	Response	53	5610284	29947	2
011	38	Response	53	5616364	36026	1
011	38	Response	53	5621963	41626	2
011	38	Response	53	5628043	47706	1
011	38	Response	53	5633724	53386	1
011	38	Response	53	5639484	59146	1
011	38	Response	53	5644844	64507	2
011	38	Sound	f24	5651837	71500	1			71500		other	0
011	38	Picture	3-114-1-3	5710656	130318	7	5166	7	130000	5000	hit	299
011	38	Response	61	5719563	139226	1
011	39	Sound	P2/both	5756153	25000	1			25000		other	0
011	39	Response	53	5758283	27130	1
011	39	Response	53	5762283	31130	1
011	39	Response	53	5767563	36410	2
011	39	Response	53	5773084	41931	2
011	39	Response	53	5778523	47370	1
011	39	Response	53	5784364	53210	2
011	39	Response	53	5790444	59291	2
011	39	Response	53	5796283	65130	1
011	39	Sound	f08	5802653	71500	1			71500		other	0
011	39	Picture	2-114-1-2	5861471	130318	7	5166	7	130000	5000	hit	311
011	39	Response	61	5870363	139210	1
011	40	Sound	P2/both	5906969	25000	1			25000		other	0
011	40	Response	53	5911963	29994	1
011	40	Response	53	5917563	35594	1
011	40	Response	53	5923483	41514	1
011	40	Response	53	5929323	47354	1
011	40	Response	53	5935083	53114	1
011	40	Response	53	5940684	58715	1
011	40	Response	53	5946043	64074	1
011	40	Sound	n04	5953469	71500	1			71500		other	0
011	40	Picture	2-224-1-2	6012287	130318	7	5166	7	130000	5000	hit	322
011	40	Response	62	6021643	139674	1
011	41	Sound	P2/beat1	6057784	25000	1			25000		other	0
011	41	Sound	test09	6104283	71499	1			71500		other	0
011	41	Picture	2-223-1-2	6163103	130318	7	5166	7	130000	5000	hit	326
011	41	Response	62	6178443	145659	1
011	42	Sound	P2/beat	6208600	25000	1			25000		other	0
011	42	Sound	test03	6255100	71500	1			71500		other	0
011	42	Picture	2-213-1-2	6313918	130318	7	5166	7	130000	5000	incorrect	330
011	42	Response	52	6323724	140124	3
011	43	Sound	P2/beat	6359416	25000	1			25000		other	0
011	43	Sound	n10	6405916	71500	1			71500		other	0
011	43	Picture	3-123-1-3	6464734	130318	7	5166	7	130000	5000	hit	334
011	43	Response	62	6475963	141547	2
011	44	Sound	P2/beat	6510232	25000	1			25000		other	0
011	44	Sound	test24	6556732	71500	1			71500		other	0
011	44	Picture	3-223-1-3	6615550	130318	7	5166	7	130000	5000	incorrect	338
011	44	Response	51	6628123	142891	1
011	45	Sound	P1/tapping1	6661047	25000	1			25000		other	0
011	45	Response	53	6663483	27435	2
011	45	Response	53	6667403	31356	2
011	45	Response	53	6673163	37116	2
011	45	Response	53	6678524	42476	3
011	45	Response	53	6684123	48076	1
011	45	Response	53	6689883	53835	2
011	45	Response	53	6695323	59276	1
011	45	Response	53	6700603	64555	2
011	45	Sound	f05	6707547	71500	1			71500		other	0
011	45	Picture	2-112-1-2	6766366	130318	7	5166	7	130000	5000	incorrect	350
011	45	Response	52	6776843	140795	1
011	46	Response	53	6809563	22700	1
011	46	Sound	P1/tapping	6811863	25000	1			25000		other	0
011	46	Response	53	6816122	29259	1
011	46	Response	53	6821963	35100	2
011	46	Response	53	6827243	40380	1
011	46	Response	53	6832523	45660	1
011	46	Response	53	6838363	51500	1
011	46	Response	53	6844283	57420	1
011	46	Response	53	6849963	63100	2
011	46	Sound	f04	6858363	71500	1			71500		other	0
011	46	Picture	2-122-1-2	6917181	130318	7	5166	7	130000	5000	hit	362
011	46	Response	62	6926923	140060	1
011	47	Response	53	6962123	24444	1
011	47	Sound	P1/tapping	6962679	25000	1			25000		other	0
011	47	Response	53	6967483	29804	1
011	47	Response	53	6972763	35084	1
011	47	Response	53	6978203	40524	1
011	47	Response	53	6983962	46284	2
011	47	Response	53	6989563	51884	1
011	47	Response	53	6995082	57404	1
011	47	Response	53	7000283	62604	1
011	47	Sound	n13	7009179	71500	1			71500		other	0
011	47	Picture	3-222-1-3	7067997	130318	7	5166	7	130000	5000	hit	374
011	47	Response	62	7083883	146204	1
011	48	Sound	P1/tapping	7113494	25000	1			25000		other	0
011	48	Response	53	7115162	26668	2
011	48	Response	53	7119643	31148	1
011	48	Response	53	7125082	36588	1
011	48	Response	53	7130363	41868	1
011	48	Response	53	7135802	47308	1
011	48	Response	53	7141083	52588	1
011	48	Response	53	7146602	58108	1
011	48	Response	53	7152363	63868	1
011	48	Sound	f21	7159994	71500	1			71500		other	0
011	48	Picture	3-112-1-3	7218812	130318	7	5166	7	130000	5000	hit	386
011	48	Response	61	7230603	142109	2
011	49	Sound	P0/none1	7264310	25000	1			25000		other	0
011	49	Sound	test25	7310810	71500	1			71500		other	0
011	49	Picture	3-211-1-3	7369628	130318	7	5166	7	130000	5000	hit	390
011	49	Response	61	7378922	139612	2
011	50	Sound	P0/none	7415126	25000	1			25000		other	0
011	50	Sound	test12	7461626	71500	1			71500		other	0
011	50	Picture	2-221-1-2	7520444	130318	7	5166	7	130000	5000	hit	394
011	50	Response	62	7535322	145196	2
011	51	Sound	P0/none	7565941	25000	1			25000		other	0
011	51	Sound	n03	7612441	71500	1			71500		other	0
011	51	Picture	2-111-1-2	7671260	130318	7	5166	7	130000	5000	incorrect	398
011	51	Response	52	7687963	147021	2
011	52	Sound	P0/none	7716757	25000	1			25000		other	0
011	52	Sound	f23	7763257	71500	1			71500		other	0
011	52	Picture	2-121-1-2	7822075	130318	7	5166	7	130000	5000	hit	402
011	52	Response	62	7836922	145165	1
011	53	Sound	P1/tapping1	7867573	25000	1			25000		other	0
011	53	Response	53	7873242	30669	1
011	53	Response	53	7878522	35949	1
011	53	Response	53	7883962	41389	1
011	53	Response	53	7889402	46829	1
011	53	Response	53	7895162	52589	1
011	53	Response	53	7900843	58270	2
011	53	Response	53	7906282	63709	1
011	53	Sound	f02	7914073	71500	1			71500		other	0
011	53	Picture	2-122-1-2	7972891	130318	7	5166	7	130000	5000	incorrect	413
011	53	Response	51	7986763	144190	2
011	54	Sound	P1/tapping	8018388	25000	1			25000		other	0
011	54	Response	53	8019882	26493	1
011	54	Response	53	8024442	31053	2
011	54	Response	53	8029722	36333	2
011	54	Response	53	8035002	41613	1
011	54	Response	53	8040682	47293	1
011	54	Response	53	8045962	52574	1
011	54	Response	53	8051562	58173	1
011	54	Response	53	8056842	63453	1
011	54	Sound	test15	8064888	71500	1			71500		other	0
011	54	Picture	3-222-1-3	8123707	130318	7	5166	7	130000	5000	hit	425
011	54	Response	62	8135402	142013	2
011	55	Sound	P1/tapping	8169204	25000	1			25000		other	0
011	55	Response	53	8170842	26637	1
011	55	Response	53	8175642	31437	1
011	55	Response	53	8180922	36717	1
011	55	Response	53	8186442	42237	1
011	55	Response	53	8192042	47837	1
011	55	Response	53	8197482	53277	2
011	55	Response	53	8202922	58717	1
011	55	Response	53	8208122	63918	1
011	55	Sound	test11	8215705	71500	1			71500		other	0
011	55	Picture	2-212-1-2	8274523	130318	7	5166	7	130000	5000	hit	437
011	55	Response	61	8282842	138638	2
011	56	Sound	P1/tapping	8320020	25000	1			25000		other	0
011	56	Response	53	8322522	27502	1
011	56	Response	53	8326921	31901	1
011	56	Response	53	8332522	37502	1
011	56	Response	53	8337722	42702	1
011	56	Response	53	8343162	48142	1
011	56	Response	53	8348842	53822	2
011	56	Response	53	8354442	59422	2
011	56	Response	53	8360042	65022	1
011	56	Sound	n06	8366520	71500	1			71500		other	0
011	56	Picture	3-222-1-3	8425338	130318	7	5166	7	130000	5000	hit	449
011	56	Response	62	8438521	143501	1
011	57	Sound	P2/both1	8470836	25000	1			25000		other	0
011	57	Response	53	8476042	30206	1
011	57	Response	53	8482042	36206	1
011	57	Response	53	8487722	41886	2
011	57	Response	53	8493402	47566	1
011	57	Response	53	8499562	53726	1
011	57	Response	53	8505322	59486	2
011	57	Response	53	8511162	65326	2
011	57	Sound	n11	8517336	71500	1			71500		other	0
011	57	Picture	2-124-1-2	8576154	130318	7	5166	7	130000	5000	hit	460
011	57	Response	62	8585802	139966	1
011	58	Sound	P2/both	8621651	25000	1			25000		other	0
011	58	Response	53	8631641	34989	1
011	58	Response	53	8634682	38030	1
011	58	Response	53	8639322	42670	1
011	58	Response	53	8645162	48510	2
011	58	Response	53	8651241	54590	1
011	58	Response	53	8656761	60110	2
011	58	Response	53	8662122	65470	1
011	58	Sound	n14	8668152	71500	1			71500		other	0
011	58	Picture	3-124-1-3	8726970	130318	7	5166	7	130000	5000	hit	471
011	58	Response	62	8738761	142110	1
011	59	Sound	P2/both	8772467	25000	1			25000		other	0
011	59	Response	53	8774041	26574	2
011	59	Response	53	8778601	31134	2
011	59	Response	53	8783961	36494	1
011	59	Response	53	8789801	42334	1
011	59	Response	53	8795961	48494	2
011	59	Response	53	8801721	54254	1
011	59	Response	53	8807401	59934	2
011	59	Response	53	8812681	65214	1
011	59	Sound	f14	8818967	71500	1			71500		other	0
011	59	Picture	3-124-1-3	8877785	130318	7	5166	7	130000	5000	hit	483
011	59	Response	62	8886761	139294	2
011	60	Sound	P2/both	8923283	25000	1			25000		other	0
011	60	Response	53	8924681	26398	1
011	60	Response	53	8929481	31198	2
011	60	Response	53	8935082	36799	2
011	60	Response	53	8941081	42798	2
011	60	Response	53	8946602	48319	2
011	60	Response	53	8952362	54079	1
011	60	Response	53	8957962	59679	2
011	60	Response	53	8963241	64958	1
011	60	Sound	n07	8969782	71500	1			71500		other	0
011	60	Picture	2-214-1-2	9028601	130318	7	5166	7	130000	5000	miss	0


Event Type	Code	Type	Response	RT	RT Uncertainty	Time	Uncertainty	Duration	Uncertainty	ReqTime	ReqDur

Sound	P0/none1	other				25160	1			25000
Sound	f01	other				71660	1			71500
Picture	2-111-1-2	hit	1	10689	8	130478	7	5166	7	130000	5000
Sound	P0/none	other				175977	1			25000
Sound	test01	other				222476	1			71500
Picture	2-211-1-2	incorrect	2	13553	7	281294	7	5166	7	130000	5000
Sound	P0/none	other				326791	1			25000
Sound	test22	other				373291	1			71500
Picture	3-211-1-3	incorrect	2	13297	8	432110	7	5166	7	130000	5000
Sound	P0/none	other				477607	1			25000
Sound	f07	other				524107	1			71500
Picture	2-121-1-2	hit	2	14082	8	582925	7	5166	7	130000	5000
Sound	P2/beat1	other				628420	1			25000
Sound	f03	other				674923	1			71500
Picture	2-123-1-2	hit	2	13026	8	733741	7	5166	7	130000	5000
Sound	P2/beat	other				779238	1			25000
Sound	n12	other				825738	1			71500
Picture	3-123-1-3	hit	2	13650	8	884556	7	5166	7	130000	5000
Sound	P2/beat	other				930054	1			25000
Sound	test10	other				976554	1			71500
Picture	2-213-1-2	incorrect	2	10435	7	1035372	7	5166	7	130000	5000
Sound	P2/beat	other				1080869	1			25000
Sound	f17	other				1127369	1			71500
Picture	3-113-1-3	hit	1	7699	7	1186187	7	5166	7	130000	5000
Sound	P0/none1	other				1231685	1			25000
Sound	f09	other				1278185	1			71500
Picture	2-111-1-2	incorrect	2	10404	8	1337003	7	5166	7	130000	5000
Sound	P0/none	other				1382501	1			25000
Sound	test02	other				1429001	1			71500
Picture	2-221-1-2	hit	2	16948	7	1487819	7	5166	7	130000	5000
Sound	P0/none	other				1533316	1			25000
Sound	f20	other				1579816	1			71500
Picture	3-121-1-3	hit	2	11972	8	1638634	7	5166	7	130000	5000
Sound	P0/none	other				1684132	1			25000
Sound	test21	other				1730632	1			71500
Picture	3-221-1-3	hit	2	13876	7	1789450	7	5166	7	130000	5000
Sound	P1/tapping1	other				1834947	1			25000
Sound	test04	other				1881447	1			71500
Picture	2-212-1-2	incorrect	2	14342	8	1940265	7	5166	7	130000	5000
Sound	P1/tapping	other				1985763	1			25000
Sound	test23	other				2032263	1			71500
Picture	3-222-1-3	hit	2	14726	7	2091081	7	5166	7	130000	5000
Sound	P1/tapping	other				2136578	1			25000
Sound	test06	other				2183078	1			71500
Picture	2-222-1-2	hit	2	15349	8	2241896	7	5166	7	130000	5000
Sound	P1/tapping	other				2287394	1			25000
Sound	test07	other				2333894	1			71500
Picture	2-212-1-2	miss				2392712	7	5166	7	130000	5000
Sound	P2/both1	other				2438209	1			25000
Sound	n01	other				2484709	1			71500
Picture	3-214-1-3	incorrect	2	19718	7	2543527	7	5166	7	130000	5000
Sound	P2/both	other				2589025	1			25000
Sound	f22	other				2635525	1			71500
Picture	3-124-1-3	incorrect	1	13062	8	2694343	7	5166	7	130000	5000
Sound	P2/both	other				2739841	1			25000
Sound	f19	other				2786340	1			71500
Picture	3-114-1-3	hit	1	9127	7	2845159	7	5166	7	130000	5000
Sound	P2/both	other				2890656	1			25000
Sound	test16	other				2937156	1			71500
Picture	3-224-1-3	hit	2	12472	8	2995974	7	5166	7	130000	5000
Sound	P1/tapping1	other				3041472	1			25000
Sound	test05	other				3087972	1			71500
Picture	2-222-1-2	hit	2	10616	7	3146790	7	5166	7	130000	5000
Sound	P1/tapping	other				3192287	1			25000
Sound	test08	other				3238787	1			71500
Picture	2-212-1-2	incorrect	2	13400	7	3297605	7	5166	7	130000	5000
Sound	P1/tapping	other				3343102	1			25000
Sound	test14	other				3389603	1			71500
Picture	3-212-1-3	incorrect	2	17224	8	3448421	7	5166	7	130000	5000
Sound	P1/tapping	other				3493918	1			25000
Sound	test19	other				3540418	1			71500
Picture	3-212-1-3	hit	1	13688	128	3599236	127	5166	127	130000	5000
Sound	P2/beat1	other				3644734	1			25000
Sound	f15	other				3691234	1			71500
Picture	3-113-1-3	hit	1	7833	7	3750052	7	5166	7	130000	5000
Sound	P2/beat	other				3795550	1			25000
Sound	f16	other				3842049	1			71500
Picture	3-123-1-3	hit	2	11017	8	3900868	7	5166	7	130000	5000
Sound	P2/beat	other				3946365	1			25000
Sound	f18	other				3992865	1			71500
Picture	3-113-1-3	hit	1	10681	7	4051683	7	5166	7	130000	5000
Sound	P2/beat	other				4097181	1			25000
Sound	test18	other				4143681	1			71500
Picture	3-223-1-3	hit	2	9865	8	4202499	7	5166	7	130000	5000
Sound	P2/both1	other				4247996	1			25000
Sound	f10	other				4294496	1			71500
Picture	2-114-1-2	hit	1	10890	8	4353315	7	5166	7	130000	5000
Sound	P2/both	other				4398812	1			25000
Sound	f12	other				4445312	1			71500
Picture	2-114-1-2	incorrect	2	10554	8	4504130	7	5166	7	130000	5000
Sound	P2/both	other				4549628	1			25000
Sound	n05	other				4596131	1			71500
Picture	3-124-1-3	hit	2	15579	8	4654946	7	5166	7	130000	5000
Sound	P2/both	other				4700443	1			25000
Sound	f13	other				4746943	1			71500
Picture	3-124-1-3	hit	2	16362	8	4805762	7	5166	7	130000	5000
Sound	P0/none1	other				4851259	1			25000
Sound	n09	other				4897759	1			71500
Picture	3-211-1-3	incorrect	2	11227	7	4956577	7	5166	7	130000	5000
Sound	P0/none	other				5002075	1			25000
Sound	test13	other				5048575	1			71500
Picture	3-221-1-3	miss				5107393	7	5166	7	130000	5000
Sound	P0/none	other				5152890	1			25000
Sound	f11	other				5199390	1			71500
Picture	2-111-1-2	incorrect	2	11915	8	5258209	7	5166	7	130000	5000
Sound	P0/none	other				5303706	1			25000
Sound	test17	other				5350206	1			71500
Picture	2-211-2-2	hit	1	9659	7	5409024	7	5166	7	130000	5000
Sound	P2/both1	other				5454522	1			25000
Sound	f06	other				5501022	1			71500
Picture	2-114-1-2	hit	1	14284	7	5559840	7	5166	7	130000	5000
Sound	P2/both	other				5605337	1			25000
Sound	f24	other				5651837	1			71500
Picture	3-114-1-3	hit	1	8908	7	5710656	7	5166	7	130000	5000
Sound	P2/both	other				5756153	1			25000
Sound	f08	other				5802653	1			71500
Picture	2-114-1-2	hit	1	8892	7	5861471	7	5166	7	130000	5000
Sound	P2/both	other				5906969	1			25000
Sound	n04	other				5953469	1			71500
Picture	2-224-1-2	hit	2	9356	7	6012287	7	5166	7	130000	5000
Sound	P2/beat1	other				6057784	1			25000
Sound	test09	other				6104283	1			71500
Picture	2-223-1-2	hit	2	15340	7	6163103	7	5166	7	130000	5000
Sound	P2/beat	other				6208600	1			25000
Sound	test03	other				6255100	1			71500
Picture	2-213-1-2	incorrect	2	9806	9	6313918	7	5166	7	130000	5000
Sound	P2/beat	other				6359416	1			25000
Sound	n10	other				6405916	1			71500
Picture	3-123-1-3	hit	2	11229	8	6464734	7	5166	7	130000	5000
Sound	P2/beat	other				6510232	1			25000
Sound	test24	other				6556732	1			71500
Picture	3-223-1-3	incorrect	1	12573	7	6615550	7	5166	7	130000	5000
Sound	P1/tapping1	other				6661047	1			25000
Sound	f05	other				6707547	1			71500
Picture	2-112-1-2	incorrect	2	10477	7	6766366	7	5166	7	130000	5000
Sound	P1/tapping	other				6811863	1			25000
Sound	f04	other				6858363	1			71500
Picture	2-122-1-2	hit	2	9742	8	6917181	7	5166	7	130000	5000
Sound	P1/tapping	other				6962679	1			25000
Sound	n13	other				7009179	1			71500
Picture	3-222-1-3	hit	2	15886	7	7067997	7	5166	7	130000	5000
Sound	P1/tapping	other				7113494	1			25000
Sound	f21	other				7159994	1			71500
Picture	3-112-1-3	hit	1	11791	8	7218812	7	5166	7	130000	5000
Sound	P0/none1	other				7264310	1			25000
Sound	test25	other				7310810	1			71500
Picture	3-211-1-3	hit	1	9294	8	7369628	7	5166	7	130000	5000
Sound	P0/none	other				7415126	1			25000
Sound	test12	other				7461626	1			71500
Picture	2-221-1-2	hit	2	14878	8	7520444	7	5166	7	130000	5000
Sound	P0/none	other				7565941	1			25000
Sound	n03	other				7612441	1			71500
Picture	2-111-1-2	incorrect	2	16703	8	7671260	7	5166	7	130000	5000
Sound	P0/none	other				7716757	1			25000
Sound	f23	other				7763257	1			71500
Picture	2-121-1-2	hit	2	14847	7	7822075	7	5166	7	130000	5000
Sound	P1/tapping1	other				7867573	1			25000
Sound	f02	other				7914073	1			71500
Picture	2-122-1-2	incorrect	1	13872	8	7972891	7	5166	7	130000	5000
Sound	P1/tapping	other				8018388	1			25000
Sound	test15	other				8064888	1			71500
Picture	3-222-1-3	hit	2	11695	8	8123707	7	5166	7	130000	5000
Sound	P1/tapping	other				8169204	1			25000
Sound	test11	other				8215705	1			71500
Picture	2-212-1-2	hit	1	8320	8	8274523	7	5166	7	130000	5000
Sound	P1/tapping	other				8320020	1			25000
Sound	n06	other				8366520	1			71500
Picture	3-222-1-3	hit	2	13183	7	8425338	7	5166	7	130000	5000
Sound	P2/both1	other				8470836	1			25000
Sound	n11	other				8517336	1			71500
Picture	2-124-1-2	hit	2	9648	7	8576154	7	5166	7	130000	5000
Sound	P2/both	other				8621651	1			25000
Sound	n14	other				8668152	1			71500
Picture	3-124-1-3	hit	2	11792	7	8726970	7	5166	7	130000	5000
Sound	P2/both	other				8772467	1			25000
Sound	f14	other				8818967	1			71500
Picture	3-124-1-3	hit	2	8976	8	8877785	7	5166	7	130000	5000
Sound	P2/both	other				8923283	1			25000
Sound	n07	other				8969782	1			71500
Picture	2-214-1-2	miss				9028601	7	5166	7	130000	5000


{
   "app": "Presentation Version 22.1 Build 01.21.21",
   "device": "Dell Inc. OptiPlex 7050",
   "experiment": "{C8E97CB4-6FCA-44FA-B866-4A2D94B6B85C}",
   "os": "Windows 10 64 bit",
   "package": "",
   "parameters": {
      "configuration": "Default configuration"
   },
   "scenario": "entrain_list1_sess1_EB.sce",
   "subject": "011",
   "timestamp": "2022/10/13 12:34:46 GMT"
}
