Scenario - test
Logfile written - 10/13/2022 15:08:45

Subject	Trial	Event Type	Code	Time	TTime	Uncertainty	Duration	Uncertainty	ReqTime	ReqDur	Stim Type	Pair Index

011	1	Sound	P2/both1	25160	25000	1			25000		other	0
011	1	Response	53	31181	31020	2
011	1	Response	53	36380	36220	1
011	1	Response	53	42460	42300	1
011	1	Response	53	48940	48780	1
011	1	Response	53	54940	54780	1
011	1	Response	53	60540	60379	2
011	1	Response	53	66300	66140	1
011	1	Sound	test06	71660	71500	1			71500		other	0
011	1	Picture	3-224-1-3	130479	130318	7	5166	7	130000	5000	hit	11
011	1	Response	62	143420	143260	2
011	2	Sound	P2/both	175976	25000	1			25000		other	0
011	2	Response	53	178700	27724	1
011	2	Response	53	182940	31964	2
011	2	Response	53	187660	36684	2
011	2	Response	53	193100	42124	3
011	2	Response	53	199020	48043	2
011	2	Response	53	205100	54124	2
011	2	Response	53	211021	60044	1
011	2	Response	53	216780	65804	2
011	2	Sound	f17	222476	71500	1			71500		other	0
011	2	Picture	2-114-2-2	281295	130318	7	5166	7	130000	5000	hit	23
011	2	Response	61	291660	140684	1
011	3	Sound	P2/both	326792	25000	1			25000		other	0
011	3	Response	53	328620	26828	1
011	3	Response	53	333100	31308	1
011	3	Response	53	338460	36668	1
011	3	Response	53	344301	42508	2
011	3	Response	53	349980	48188	2
011	3	Response	53	355501	53708	2
011	3	Response	53	361419	59627	3
011	3	Response	53	367181	65388	2
011	3	Sound	f02	373292	71500	1			71500		other	0
011	3	Picture	3-114-2-3	432110	130318	7	5166	7	130000	5000	hit	35
011	3	Response	61	442300	140508	2
011	4	Sound	P2/both	477608	25000	1			25000		other	0
011	4	Response	53	479500	26892	1
011	4	Response	53	484059	31451	2
011	4	Response	53	489340	36732	1
011	4	Response	53	494940	42332	2
011	4	Response	53	500780	48172	1
011	4	Response	53	506540	53932	1
011	4	Response	53	512220	59612	1
011	4	Response	53	518140	65532	1
011	4	Sound	n09	524108	71500	1			71500		other	0
011	4	Picture	2-214-2-2	582926	130318	7	5166	7	130000	5000	incorrect	47
011	4	Response	52	594380	141772	1
011	5	Sound	P0/none1	628424	25000	1			25000		other	0
011	5	Sound	test15	674923	71500	1			71500		other	0
011	5	Picture	2-211-1-2	733742	130318	7	5166	7	130000	5000	incorrect	51
011	5	Response	52	745580	142156	1
011	6	Sound	P0/none	779240	25000	1			25000		other	0
011	6	Sound	test07	825739	71500	1			71500		other	0
011	6	Picture	3-221-1-3	884558	130318	7	5166	7	130000	5000	hit	55
011	6	Response	62	897100	142860	4
011	7	Sound	P0/none	930055	25000	1			25000		other	0
011	7	Sound	f16	976555	71500	1			71500		other	0
011	7	Picture	2-121-1-2	1035374	130318	7	5166	7	130000	5000	hit	59
011	7	Response	62	1046460	141404	3
011	8	Sound	P0/none	1080871	25000	1			25000		other	0
011	8	Sound	f15	1127371	71500	1			71500		other	0
011	8	Picture	2-111-2-2	1186189	130318	7	5166	7	130000	5000	hit	63
011	8	Response	61	1194539	138668	2
011	9	Sound	P1/tapping1	1231687	25000	1			25000		other	0
011	9	Response	53	1233580	26893	1
011	9	Response	53	1238379	31692	1
011	9	Response	53	1244220	37533	2
011	9	Response	53	1249980	43293	2
011	9	Response	53	1255740	49053	1
011	9	Response	53	1261020	54333	2
011	9	Response	53	1266779	60092	1
011	9	Response	53	1272539	65852	1
011	9	Sound	test24	1278187	71500	1			71500		other	0
011	9	Picture	2-212-2-2	1337005	130318	7	5166	7	130000	5000	incorrect	75
011	9	Response	52	1350859	144172	2
011	10	Sound	P1/tapping	1382502	25000	1			25000		other	0
011	10	Response	53	1394459	36957	2
011	10	Response	53	1399579	42077	2
011	10	Response	53	1405259	47756	2
011	10	Response	53	1411019	53517	1
011	10	Response	53	1416619	59117	1
011	10	Response	53	1422379	64877	2
011	10	Response	53	1427979	70477	2
011	10	Sound	n01	1429002	71500	1			71500		other	0
011	10	Picture	2-222-1-2	1487821	130318	7	5166	7	130000	5000	hit	86
011	10	Response	62	1498699	141197	2
011	11	Sound	P1/tapping	1533318	25000	1			25000		other	0
011	11	Response	53	1535019	26701	1
011	11	Response	53	1539899	31581	1
011	11	Response	53	1545820	37501	1
011	11	Response	53	1551419	43101	1
011	11	Response	53	1557179	48860	2
011	11	Response	53	1562699	54381	2
011	11	Response	53	1568379	60061	2
011	11	Response	53	1573899	65581	1
011	11	Sound	test12	1579818	71500	1			71500		other	0
011	11	Picture	3-222-1-3	1638637	130318	7	5166	7	130000	5000	hit	98
011	11	Response	62	1652460	144141	2
011	12	Sound	P1/tapping	1684134	25000	1			25000		other	0
011	12	Response	53	1686059	26925	2
011	12	Response	53	1690859	31725	1
011	12	Response	53	1696299	37165	1
011	12	Response	53	1701819	42685	1
011	12	Response	53	1707419	48285	1
011	12	Response	53	1712699	53565	2
011	12	Response	53	1718379	59245	1
011	12	Response	53	1723899	64764	1
011	12	Sound	test03	1730634	71500	1			71500		other	0
011	12	Picture	3-222-1-3	1789452	130318	7	5166	7	130000	5000	hit	110
011	12	Response	62	1801339	142205	2
011	13	Sound	P2/beat1	1834950	25000	1			25000		other	0
011	13	Sound	test04	1881450	71500	1			71500		other	0
011	13	Picture	3-213-1-3	1940268	130318	7	5166	7	130000	5000	hit	114
011	13	Response	61	1951179	141229	2
011	14	Sound	P2/beat	1985766	25000	1			25000		other	0
011	14	Sound	f12	2032266	71500	1			71500		other	0
011	14	Picture	3-123-1-3	2091084	130318	7	5166	7	130000	5000	hit	118
011	14	Response	62	2101099	140333	2
011	15	Sound	P2/beat	2136581	25000	1			25000		other	0
011	15	Sound	test21	2183081	71500	1			71500		other	0
011	15	Picture	2-213-2-2	2241900	130318	7	5166	7	130000	5000	hit	122
011	15	Response	61	2253899	142317	1
011	16	Sound	P2/beat	2287397	25000	1			25000		other	0
011	16	Sound	test14	2333897	71500	1			71500		other	0
011	16	Picture	2-213-1-2	2392715	130318	7	5166	7	130000	5000	incorrect	126
011	16	Response	52	2403419	141021	2
011	17	Sound	P0/none1	2438216	25003	1			25000		other	0
011	17	Sound	f08	2484713	71500	1			71500		other	0
011	17	Picture	2-121-1-2	2543531	130318	7	5166	7	130000	5000	hit	130
011	17	Response	62	2551739	138526	1
011	18	Sound	P0/none	2589030	25001	1			25000		other	0
011	18	Sound	f05	2635528	71500	1			71500		other	0
011	18	Picture	3-121-1-3	2694347	130318	7	5166	7	130000	5000	hit	134
011	18	Response	62	2704698	140670	1
011	19	Sound	P0/none	2739844	25000	1			25000		other	0
011	19	Sound	n05	2786344	71500	1			71500		other	0
011	19	Picture	2-111-2-2	2845163	130318	7	5166	7	130000	5000	hit	138
011	19	Response	61	2855178	140334	1
011	20	Sound	P0/none	2890660	25000	1			25000		other	0
011	20	Sound	f13	2937160	71500	1			71500		other	0
011	20	Picture	2-111-1-2	2995978	130318	7	5166	7	130000	5000	hit	142
011	20	Response	61	3005098	139438	2
011	21	Sound	P2/beat1	3041476	25000	1			25000		other	0
011	21	Sound	f06	3087975	71500	1			71500		other	0
011	21	Picture	3-113-1-3	3146794	130318	7	5166	7	130000	5000	incorrect	146
011	21	Response	52	3160378	143902	2
011	22	Sound	P2/beat	3192291	25000	1			25000		other	0
011	22	Sound	n03	3238791	71500	1			71500		other	0
011	22	Picture	3-113-1-3	3297610	130318	7	5166	7	130000	5000	hit	150
011	22	Response	61	3305899	138607	2
011	23	Sound	P2/beat	3343107	25000	1			25000		other	0
011	23	Sound	f22	3389607	71500	1			71500		other	0
011	23	Picture	2-113-2-2	3448426	130318	7	5166	7	130000	5000	hit	154
011	23	Response	61	3457178	139070	1
011	24	Sound	P2/beat	3493923	25000	1			25000		other	0
011	24	Sound	test11	3540423	71500	1			71500		other	0
011	24	Picture	3-213-1-3	3599241	130318	7	5166	7	130000	5000	hit	158
011	24	Response	61	3607338	138415	1
011	25	Sound	P2/both1	3644739	25000	1			25000		other	0
011	25	Response	53	3646458	26719	2
011	25	Response	53	3650938	31199	1
011	25	Response	53	3656298	36559	1
011	25	Response	53	3661898	42159	1
011	25	Response	53	3667498	47759	2
011	25	Response	53	3673178	53439	1
011	25	Response	53	3679258	59519	1
011	25	Response	53	3684938	65199	1
011	25	Sound	test05	3691239	71500	1			71500		other	0
011	25	Picture	3-224-1-3	3750057	130318	7	5166	7	130000	5000	hit	170
011	25	Response	62	3768938	149199	1
011	26	Sound	P2/both	3795555	25000	1			25000		other	0
011	26	Response	53	3797898	27343	1
011	26	Response	53	3802218	31663	2
011	26	Response	53	3807338	36783	1
011	26	Response	53	3813258	42703	1
011	26	Response	53	3819258	48703	2
011	26	Response	53	3825018	54463	1
011	26	Response	53	3830858	60303	1
011	26	Response	53	3836377	65823	1
011	26	Sound	n12	3842055	71500	1			71500		other	0
011	26	Picture	2-114-2-2	3900873	130318	7	5166	7	130000	5000	hit	182
011	26	Response	61	3910138	139583	1
011	27	Sound	P2/both	3946370	25000	1			25000		other	0
011	27	Response	53	3948457	27087	1
011	27	Response	53	3952457	31087	1
011	27	Response	53	3957817	36447	2
011	27	Response	53	3963497	42127	1
011	27	Response	53	3969818	48447	1
011	27	Response	53	3975417	54047	1
011	27	Response	53	3980858	59487	3
011	27	Response	53	3986937	65567	1
011	27	Sound	n10	3992870	71500	1			71500		other	0
011	27	Picture	2-124-1-2	4051689	130318	7	5166	7	130000	5000	hit	194
011	27	Response	62	4061978	140608	2
011	28	Sound	P2/both	4097186	25000	1			25000		other	0
011	28	Response	53	4098457	26271	1
011	28	Response	53	4103337	31151	1
011	28	Response	53	4108537	36351	2
011	28	Response	53	4114297	42111	2
011	28	Response	53	4120137	47951	2
011	28	Response	53	4125977	53791	2
011	28	Response	53	4131417	59231	2
011	28	Response	53	4137417	65231	1
011	28	Sound	test25	4143686	71500	1			71500		other	0
011	28	Picture	2-214-1-2	4202504	130318	7	5166	7	130000	5000	incorrect	206
011	28	Response	52	4213258	141071	2
011	29	Sound	P0/none1	4248001	24998	1			25000		other	0
011	29	Sound	f18	4294502	71500	1			71500		other	0
011	29	Picture	2-121-2-2	4353320	130318	7	5166	7	130000	5000	incorrect	210
011	29	Response	51	4363177	140175	1
011	30	Sound	P0/none	4398817	25000	1			25000		other	0
011	30	Sound	test10	4445317	71500	1			71500		other	0
011	30	Picture	3-221-1-3	4504136	130318	7	5166	7	130000	5000	hit	214
011	30	Response	62	4514217	140399	2
011	31	Sound	P0/none	4549633	25000	1			25000		other	0
011	31	Sound	test19	4596133	71500	1			71500		other	0
011	31	Picture	3-221-1-3	4654952	130318	7	5166	7	130000	5000	hit	218
011	31	Response	62	4669097	144464	1
011	32	Sound	P0/none	4700449	25000	1			25000		other	0
011	32	Sound	test18	4746949	71500	1			71500		other	0
011	32	Picture	2-211-1-2	4805767	130318	7	5166	7	130000	5000	incorrect	222
011	32	Response	52	4819337	143888	1
011	33	Sound	P1/tapping1	4851265	25000	1			25000		other	0
011	33	Response	53	4857177	30912	2
011	33	Response	53	4863017	36752	2
011	33	Response	53	4868617	42352	1
011	33	Response	53	4874377	48112	2
011	33	Response	53	4879977	53712	1
011	33	Response	53	4885817	59552	2
011	33	Response	53	4891417	65152	2
011	33	Sound	f11	4897765	71500	1			71500		other	0
011	33	Picture	3-122-1-3	4956583	130318	7	5166	7	130000	5000	hit	233
011	33	Response	62	4964457	138192	1
011	34	Response	53	5001577	24496	2
011	34	Sound	P1/tapping	5002081	25000	1			25000		other	0
011	34	Response	53	5007577	30496	2
011	34	Response	53	5013497	36416	2
011	34	Response	53	5019257	42176	1
011	34	Response	53	5024857	47776	1
011	34	Response	53	5030617	53536	1
011	34	Response	53	5036057	58976	1
011	34	Response	53	5041337	64256	2
011	34	Sound	n07	5048581	71500	1			71500		other	0
011	34	Picture	3-212-1-3	5107399	130318	7	5166	7	130000	5000	hit	245
011	34	Response	61	5115337	138256	2
011	35	Sound	P1/tapping	5152896	25000	1			25000		other	0
011	35	Response	53	5153017	25120	1
011	35	Response	53	5158537	30640	2
011	35	Response	53	5164377	36480	1
011	35	Response	53	5170297	42400	1
011	35	Response	53	5176137	48240	1
011	35	Response	53	5181497	53600	1
011	35	Response	53	5187176	59280	1
011	35	Response	53	5192937	65040	2
011	35	Sound	test09	5199396	71500	1			71500		other	0
011	35	Picture	3-212-1-3	5258215	130318	7	5166	7	130000	5000	hit	257
011	35	Response	61	5265737	137840	1
011	36	Sound	P1/tapping	5303712	25000	1			25000		other	0
011	36	Response	53	5305496	26784	2
011	36	Response	53	5310216	31504	1
011	36	Response	53	5315977	37264	1
011	36	Response	53	5321577	42864	1
011	36	Response	53	5327337	48625	2
011	36	Response	53	5333257	54544	2
011	36	Response	53	5339177	60464	2
011	36	Response	53	5345017	66304	2
011	36	Sound	test22	5350212	71500	1			71500		other	0
011	36	Picture	2-222-2-2	5409031	130318	7	5166	7	130000	5000	hit	269
011	36	Response	62	5425657	146944	2
011	37	Sound	P2/beat1	5454528	25000	1			25000		other	0
011	37	Sound	f14	5501028	71500	1			71500		other	0
011	37	Picture	2-113-2-2	5559846	130318	7	5166	7	130000	5000	hit	273
011	37	Response	61	5568137	138608	1
011	38	Sound	P2/beat	5605344	25000	1			25000		other	0
011	38	Sound	test17	5651844	71500	1			71500		other	0
011	38	Picture	3-223-1-3	5710662	130318	7	5166	7	130000	5000	incorrect	277
011	38	Response	51	5722376	142032	3
011	39	Sound	P2/beat	5756160	25000	1			25000		other	0
011	39	Sound	n14	5802659	71500	1			71500		other	0
011	39	Picture	2-123-2-2	5861478	130318	7	5166	7	130000	5000	hit	281
011	39	Response	62	5869656	138497	1
011	40	Sound	P2/beat	5906975	25000	1			25000		other	0
011	40	Sound	f01	5953475	71500	1			71500		other	0
011	40	Picture	3-123-1-3	6012294	130318	7	5166	7	130000	5000	hit	285
011	40	Response	62	6025816	143841	3
011	41	Sound	P2/both1	6057791	25000	1			25000		other	0
011	41	Response	53	6075737	42946	2
011	41	Response	53	6081416	48625	2
011	41	Response	53	6087496	54705	2
011	41	Response	53	6093176	60385	2
011	41	Response	53	6098536	65745	1
011	41	Sound	n06	6104291	71500	1			71500		other	0
011	41	Picture	2-214-2-2	6163109	130318	7	5166	7	130000	5000	incorrect	294
011	41	Response	52	6170376	137585	2
011	42	Sound	P2/both	6208607	25000	1			25000		other	0
011	42	Response	53	6214376	30769	1
011	42	Response	53	6219736	36129	1
011	42	Response	53	6225496	41889	1
011	42	Response	53	6231496	47889	2
011	42	Response	53	6237416	53809	2
011	42	Response	53	6243256	59649	2
011	42	Response	53	6248937	65330	2
011	42	Sound	f23	6255107	71500	1			71500		other	0
011	42	Picture	3-124-1-3	6313925	130318	7	5166	7	130000	5000	incorrect	305
011	42	Response	51	6327976	144369	2
011	43	Sound	P2/both	6359423	25000	1			25000		other	0
011	43	Response	53	6361416	26993	1
011	43	Response	53	6365656	31233	1
011	43	Response	53	6370936	36513	1
011	43	Response	53	6376616	42193	1
011	43	Response	53	6382536	48113	1
011	43	Response	53	6388456	54033	1
011	43	Response	53	6394776	60353	1
011	43	Response	53	6400936	66513	1
011	43	Sound	test02	6405923	71500	1			71500		other	0
011	43	Picture	3-214-1-3	6464741	130318	7	5166	7	130000	5000	hit	317
011	43	Response	61	6471976	137553	1
011	44	Response	53	6510056	24817	1
011	44	Sound	P2/both	6510238	25000	1			25000		other	0
011	44	Response	53	6515416	30177	1
011	44	Response	53	6521176	35937	1
011	44	Response	53	6527496	42257	1
011	44	Response	53	6533577	48338	1
011	44	Response	53	6539256	54017	1
011	44	Response	53	6545096	59857	2
011	44	Response	53	6551095	65857	1
011	44	Sound	test08	6556738	71500	1			71500		other	0
011	44	Picture	3-214-1-3	6615557	130318	7	5166	7	130000	5000	hit	329
011	44	Response	61	6624616	139378	1
011	45	Sound	P0/none1	6661054	25000	1			25000		other	0
011	45	Sound	f10	6707554	71500	1			71500		other	0
011	45	Picture	3-121-1-3	6766373	130318	7	5166	7	130000	5000	hit	333
011	45	Response	62	6777576	141521	2
011	46	Sound	P0/none	6811870	25000	1			25000		other	0
011	46	Sound	f04	6858370	71500	1			71500		other	0
011	46	Picture	3-121-1-3	6917188	130318	7	5166	7	130000	5000	hit	337
011	46	Response	62	6928216	141345	2
011	47	Sound	P0/none	6962686	25000	1			25000		other	0
011	47	Sound	n11	7009186	71500	1			71500		other	0
011	47	Picture	3-121-2-3	7068004	130318	7	5166	7	130000	5000	hit	341
011	47	Response	62	7080056	142369	1
011	48	Sound	P0/none	7113501	25000	1			25000		other	0
011	48	Sound	test16	7160002	71500	1			71500		other	0
011	48	Picture	2-221-1-2	7218820	130318	7	5166	7	130000	5000	hit	345
011	48	Response	62	7231095	142594	1
011	49	Sound	P2/beat1	7264317	25000	1			25000		other	0
011	49	Sound	test13	7310817	71500	1			71500		other	0
011	49	Picture	2-223-1-2	7369636	130318	7	5166	7	130000	5000	hit	349
011	49	Response	62	7379735	140418	2
011	50	Sound	P2/beat	7415133	25000	1			25000		other	0
011	50	Sound	f21	7461633	71500	1			71500		other	0
011	50	Picture	2-113-2-2	7520452	130318	7	5166	7	130000	5000	hit	353
011	50	Response	61	7538215	148082	2
011	51	Sound	P2/beat	7565949	25000	1			25000		other	0
011	51	Sound	n13	7612449	71500	1			71500		other	0
011	51	Picture	2-213-1-2	7671267	130318	7	5166	7	130000	5000	incorrect	357
011	51	Response	52	7689335	148386	1
011	52	Sound	P2/beat	7716765	25000	1			25000		other	0
011	52	Sound	f09	7763265	71500	1			71500		other	0
011	52	Picture	3-123-1-3	7822083	130318	7	5166	7	130000	5000	hit	361
011	52	Response	62	7838055	146290	1
011	53	Sound	P2/both1	7867581	25000	1			25000		other	0
011	53	Response	53	7872775	30194	1
011	53	Response	53	7878935	36355	2
011	53	Response	53	7884935	42354	2
011	53	Response	53	7890935	48354	1
011	53	Response	53	7896775	54194	1
011	53	Response	53	7902695	60114	1
011	53	Response	53	7908615	66034	1
011	53	Sound	f07	7914081	71500	1			71500		other	0
011	53	Picture	3-114-1-3	7972899	130318	7	5166	7	130000	5000	hit	372
011	53	Response	61	7986695	144114	1
011	54	Sound	P2/both	8018396	25000	1			25000		other	0
011	54	Response	53	8021015	27618	2
011	54	Response	53	8025015	31618	1
011	54	Response	53	8030215	36819	2
011	54	Response	53	8035655	42258	2
011	54	Response	53	8041895	48498	2
011	54	Response	53	8048055	54658	2
011	54	Response	53	8053815	60418	2
011	54	Response	53	8059175	65778	2
011	54	Sound	test23	8064896	71500	1			71500		other	0
011	54	Picture	2-214-2-2	8123715	130318	7	5166	7	130000	5000	incorrect	384
011	54	Response	52	8134055	140658	1
011	55	Sound	P2/both	8169212	25000	1			25000		other	0
011	55	Response	53	8174855	30642	2
011	55	Response	53	8180535	36323	2
011	55	Response	53	8186295	42082	2
011	55	Response	53	8192135	47923	2
011	55	Response	53	8197975	53762	2
011	55	Response	53	8204375	60163	1
011	55	Response	53	8210055	65843	2
011	55	Sound	f03	8215712	71500	1			71500		other	0
011	55	Picture	3-124-1-3	8274531	130318	7	5166	7	130000	5000	hit	395
011	55	Response	62	8284775	140562	1
011	55	Response	52	8289415	145202	1
011	56	Response	53	8318055	23026	1
011	56	Sound	P2/both	8320028	25000	1			25000		other	0
011	56	Response	53	8325335	30306	2
011	56	Response	53	8331094	36066	1
011	56	Response	53	8337015	41986	1
011	56	Response	53	8343014	47986	2
011	56	Response	53	8348934	53906	1
011	56	Response	53	8354935	59907	1
011	56	Response	53	8360455	65426	1
011	56	Sound	f20	8366528	71500	1			71500		other	0
011	56	Picture	2-114-2-2	8425346	130318	7	5166	7	130000	5000	hit	408
011	56	Response	61	8434295	139266	2
011	57	Sound	P1/tapping1	8470844	25000	1			25000		other	0
011	57	Response	53	8473094	27251	2
011	57	Response	53	8477734	31891	1
011	57	Response	53	8483654	37810	2
011	57	Response	53	8489335	43491	2
011	57	Response	53	8495094	49251	2
011	57	Response	53	8500774	54930	1
011	57	Response	53	8506935	61091	2
011	57	Response	53	8512534	66691	1
011	57	Sound	test01	8517344	71500	1			71500		other	0
011	57	Picture	3-222-1-3	8576162	130318	7	5166	7	130000	5000	hit	420
011	57	Response	62	8589575	143731	2
011	58	Sound	P1/tapping	8621660	25000	1			25000		other	0
011	58	Response	53	8623014	26355	1
011	58	Response	53	8627814	31155	1
011	58	Response	53	8633334	36675	1
011	58	Response	53	8638854	42195	2
011	58	Response	53	8644374	47715	1
011	58	Response	53	8650214	53555	1
011	58	Response	53	8655734	59075	2
011	58	Response	53	8661574	64915	1
011	58	Sound	n04	8668159	71500	1			71500		other	0
011	58	Picture	3-212-1-3	8726978	130318	7	5166	7	130000	5000	hit	432
011	58	Response	61	8739095	142435	2
011	59	Sound	P1/tapping	8772475	25000	1			25000		other	0
011	59	Response	53	8778134	30659	2
011	59	Response	53	8783894	36419	1
011	59	Response	53	8789414	41939	1
011	59	Response	53	8795335	47859	3
011	59	Response	53	8800854	53379	2
011	59	Response	53	8806454	58979	1
011	59	Response	53	8811974	64499	2
011	59	Sound	f19	8818975	71500	1			71500		other	0
011	59	Picture	2-122-2-2	8877794	130318	7	5166	7	130000	5000	hit	443
011	59	Response	62	8887254	139779	2
011	60	Sound	P1/tapping	8923295	25004	1			25000		other	0
011	60	Response	53	8933814	35523	1
011	60	Response	53	8938854	40563	1
011	60	Response	53	8944454	46163	1
011	60	Response	53	8950294	52003	1
011	60	Response	53	8955654	57363	2
011	60	Response	53	8961094	62803	1
011	60	Response	53	8966934	68643	2
011	60	Sound	f24	8969791	71500	1			71500		other	0
011	60	Picture	2-122-1-2	9028610	130318	7	5166	7	130000	5000	hit	454
011	60	Response	62	9038934	140643	1


Event Type	Code	Type	Response	RT	RT Uncertainty	Time	Uncertainty	Duration	Uncertainty	ReqTime	ReqDur

Sound	P2/both1	other				25160	1			25000
Sound	test06	other				71660	1			71500
Picture	3-224-1-3	hit	2	12941	8	130479	7	5166	7	130000	5000
Sound	P2/both	other				175976	1			25000
Sound	f17	other				222476	1			71500
Picture	2-114-2-2	hit	1	10365	7	281295	7	5166	7	130000	5000
Sound	P2/both	other				326792	1			25000
Sound	f02	other				373292	1			71500
Picture	3-114-2-3	hit	1	10189	8	432110	7	5166	7	130000	5000
Sound	P2/both	other				477608	1			25000
Sound	n09	other				524108	1			71500
Picture	2-214-2-2	incorrect	2	11454	7	582926	7	5166	7	130000	5000
Sound	P0/none1	other				628424	1			25000
Sound	test15	other				674923	1			71500
Picture	2-211-1-2	incorrect	2	11838	7	733742	7	5166	7	130000	5000
Sound	P0/none	other				779240	1			25000
Sound	test07	other				825739	1			71500
Picture	3-221-1-3	hit	2	12542	10	884558	7	5166	7	130000	5000
Sound	P0/none	other				930055	1			25000
Sound	f16	other				976555	1			71500
Picture	2-121-1-2	hit	2	11086	9	1035374	7	5166	7	130000	5000
Sound	P0/none	other				1080871	1			25000
Sound	f15	other				1127371	1			71500
Picture	2-111-2-2	hit	1	8350	8	1186189	7	5166	7	130000	5000
Sound	P1/tapping1	other				1231687	1			25000
Sound	test24	other				1278187	1			71500
Picture	2-212-2-2	incorrect	2	13854	8	1337005	7	5166	7	130000	5000
Sound	P1/tapping	other				1382502	1			25000
Sound	n01	other				1429002	1			71500
Picture	2-222-1-2	hit	2	10878	8	1487821	7	5166	7	130000	5000
Sound	P1/tapping	other				1533318	1			25000
Sound	test12	other				1579818	1			71500
Picture	3-222-1-3	hit	2	13823	8	1638637	7	5166	7	130000	5000
Sound	P1/tapping	other				1684134	1			25000
Sound	test03	other				1730634	1			71500
Picture	3-222-1-3	hit	2	11886	8	1789452	7	5166	7	130000	5000
Sound	P2/beat1	other				1834950	1			25000
Sound	test04	other				1881450	1			71500
Picture	3-213-1-3	hit	1	10911	8	1940268	7	5166	7	130000	5000
Sound	P2/beat	other				1985766	1			25000
Sound	f12	other				2032266	1			71500
Picture	3-123-1-3	hit	2	10015	8	2091084	7	5166	7	130000	5000
Sound	P2/beat	other				2136581	1			25000
Sound	test21	other				2183081	1			71500
Picture	2-213-2-2	hit	1	11999	7	2241900	7	5166	7	130000	5000
Sound	P2/beat	other				2287397	1			25000
Sound	test14	other				2333897	1			71500
Picture	2-213-1-2	incorrect	2	10703	8	2392715	7	5166	7	130000	5000
Sound	P0/none1	other				2438216	1			25000
Sound	f08	other				2484713	1			71500
Picture	2-121-1-2	hit	2	8207	7	2543531	7	5166	7	130000	5000
Sound	P0/none	other				2589030	1			25000
Sound	f05	other				2635528	1			71500
Picture	3-121-1-3	hit	2	10352	8	2694347	7	5166	7	130000	5000
Sound	P0/none	other				2739844	1			25000
Sound	n05	other				2786344	1			71500
Picture	2-111-2-2	hit	1	10016	7	2845163	7	5166	7	130000	5000
Sound	P0/none	other				2890660	1			25000
Sound	f13	other				2937160	1			71500
Picture	2-111-1-2	hit	1	9120	8	2995978	7	5166	7	130000	5000
Sound	P2/beat1	other				3041476	1			25000
Sound	f06	other				3087975	1			71500
Picture	3-113-1-3	incorrect	2	13584	8	3146794	7	5166	7	130000	5000
Sound	P2/beat	other				3192291	1			25000
Sound	n03	other				3238791	1			71500
Picture	3-113-1-3	hit	1	8289	8	3297610	7	5166	7	130000	5000
Sound	P2/beat	other				3343107	1			25000
Sound	f22	other				3389607	1			71500
Picture	2-113-2-2	hit	1	8752	8	3448426	7	5166	7	130000	5000
Sound	P2/beat	other				3493923	1			25000
Sound	test11	other				3540423	1			71500
Picture	3-213-1-3	hit	1	8096	7	3599241	7	5166	7	130000	5000
Sound	P2/both1	other				3644739	1			25000
Sound	test05	other				3691239	1			71500
Picture	3-224-1-3	hit	2	18881	7	3750057	7	5166	7	130000	5000
Sound	P2/both	other				3795555	1			25000
Sound	n12	other				3842055	1			71500
Picture	2-114-2-2	hit	1	9265	7	3900873	7	5166	7	130000	5000
Sound	P2/both	other				3946370	1			25000
Sound	n10	other				3992870	1			71500
Picture	2-124-1-2	hit	2	10289	8	4051689	7	5166	7	130000	5000
Sound	P2/both	other				4097186	1			25000
Sound	test25	other				4143686	1			71500
Picture	2-214-1-2	incorrect	2	10753	8	4202504	7	5166	7	130000	5000
Sound	P0/none1	other				4248001	1			25000
Sound	f18	other				4294502	1			71500
Picture	2-121-2-2	incorrect	1	9857	7	4353320	7	5166	7	130000	5000
Sound	P0/none	other				4398817	1			25000
Sound	test10	other				4445317	1			71500
Picture	3-221-1-3	hit	2	10081	8	4504136	7	5166	7	130000	5000
Sound	P0/none	other				4549633	1			25000
Sound	test19	other				4596133	1			71500
Picture	3-221-1-3	hit	2	14145	7	4654952	7	5166	7	130000	5000
Sound	P0/none	other				4700449	1			25000
Sound	test18	other				4746949	1			71500
Picture	2-211-1-2	incorrect	2	13570	7	4805767	7	5166	7	130000	5000
Sound	P1/tapping1	other				4851265	1			25000
Sound	f11	other				4897765	1			71500
Picture	3-122-1-3	hit	2	7874	7	4956583	7	5166	7	130000	5000
Sound	P1/tapping	other				5002081	1			25000
Sound	n07	other				5048581	1			71500
Picture	3-212-1-3	hit	1	7938	8	5107399	7	5166	7	130000	5000
Sound	P1/tapping	other				5152896	1			25000
Sound	test09	other				5199396	1			71500
Picture	3-212-1-3	hit	1	7522	7	5258215	7	5166	7	130000	5000
Sound	P1/tapping	other				5303712	1			25000
Sound	test22	other				5350212	1			71500
Picture	2-222-2-2	hit	2	16626	8	5409031	7	5166	7	130000	5000
Sound	P2/beat1	other				5454528	1			25000
Sound	f14	other				5501028	1			71500
Picture	2-113-2-2	hit	1	8290	7	5559846	7	5166	7	130000	5000
Sound	P2/beat	other				5605344	1			25000
Sound	test17	other				5651844	1			71500
Picture	3-223-1-3	incorrect	1	11714	9	5710662	7	5166	7	130000	5000
Sound	P2/beat	other				5756160	1			25000
Sound	n14	other				5802659	1			71500
Picture	2-123-2-2	hit	2	8178	8	5861478	7	5166	7	130000	5000
Sound	P2/beat	other				5906975	1			25000
Sound	f01	other				5953475	1			71500
Picture	3-123-1-3	hit	2	13523	9	6012294	7	5166	7	130000	5000
Sound	P2/both1	other				6057791	1			25000
Sound	n06	other				6104291	1			71500
Picture	2-214-2-2	incorrect	2	7267	8	6163109	7	5166	7	130000	5000
Sound	P2/both	other				6208607	1			25000
Sound	f23	other				6255107	1			71500
Picture	3-124-1-3	incorrect	1	14051	8	6313925	7	5166	7	130000	5000
Sound	P2/both	other				6359423	1			25000
Sound	test02	other				6405923	1			71500
Picture	3-214-1-3	hit	1	7235	7	6464741	7	5166	7	130000	5000
Sound	P2/both	other				6510238	1			25000
Sound	test08	other				6556738	1			71500
Picture	3-214-1-3	hit	1	9059	7	6615557	7	5166	7	130000	5000
Sound	P0/none1	other				6661054	1			25000
Sound	f10	other				6707554	1			71500
Picture	3-121-1-3	hit	2	11203	8	6766373	7	5166	7	130000	5000
Sound	P0/none	other				6811870	1			25000
Sound	f04	other				6858370	1			71500
Picture	3-121-1-3	hit	2	11027	8	6917188	7	5166	7	130000	5000
Sound	P0/none	other				6962686	1			25000
Sound	n11	other				7009186	1			71500
Picture	3-121-2-3	hit	2	12051	7	7068004	7	5166	7	130000	5000
Sound	P0/none	other				7113501	1			25000
Sound	test16	other				7160002	1			71500
Picture	2-221-1-2	hit	2	12275	7	7218820	7	5166	7	130000	5000
Sound	P2/beat1	other				7264317	1			25000
Sound	test13	other				7310817	1			71500
Picture	2-223-1-2	hit	2	10099	8	7369636	7	5166	7	130000	5000
Sound	P2/beat	other				7415133	1			25000
Sound	f21	other				7461633	1			71500
Picture	2-113-2-2	hit	1	17764	8	7520452	7	5166	7	130000	5000
Sound	P2/beat	other				7565949	1			25000
Sound	n13	other				7612449	1			71500
Picture	2-213-1-2	incorrect	2	18068	7	7671267	7	5166	7	130000	5000
Sound	P2/beat	other				7716765	1			25000
Sound	f09	other				7763265	1			71500
Picture	3-123-1-3	hit	2	15972	7	7822083	7	5166	7	130000	5000
Sound	P2/both1	other				7867581	1			25000
Sound	f07	other				7914081	1			71500
Picture	3-114-1-3	hit	1	13796	8	7972899	7	5166	7	130000	5000
Sound	P2/both	other				8018396	1			25000
Sound	test23	other				8064896	1			71500
Picture	2-214-2-2	incorrect	2	10340	7	8123715	7	5166	7	130000	5000
Sound	P2/both	other				8169212	1			25000
Sound	f03	other				8215712	1			71500
Picture	3-124-1-3	hit	2	10244	7	8274531	7	5166	7	130000	5000
Sound	P2/both	other				8320028	1			25000
Sound	f20	other				8366528	1			71500
Picture	2-114-2-2	hit	1	8948	9	8425346	7	5166	7	130000	5000
Sound	P1/tapping1	other				8470844	1			25000
Sound	test01	other				8517344	1			71500
Picture	3-222-1-3	hit	2	13413	8	8576162	7	5166	7	130000	5000
Sound	P1/tapping	other				8621660	1			25000
Sound	n04	other				8668159	1			71500
Picture	3-212-1-3	hit	1	12117	8	8726978	7	5166	7	130000	5000
Sound	P1/tapping	other				8772475	1			25000
Sound	f19	other				8818975	1			71500
Picture	2-122-2-2	hit	2	9460	8	8877794	7	5166	7	130000	5000
Sound	P1/tapping	other				8923295	1			25000
Sound	f24	other				8969791	1			71500
Picture	2-122-1-2	hit	2	10325	7	9028610	7	5166	7	130000	5000


{
   "app": "Presentation Version 22.1 Build 01.21.21",
   "device": "Dell Inc. OptiPlex 7050",
   "experiment": "{C8E97CB4-6FCA-44FA-B866-4A2D94B6B85C}",
   "os": "Windows 10 64 bit",
   "package": "",
   "parameters": {
      "configuration": "Default configuration"
   },
   "scenario": "entrain_list1_sess4_EB.sce",
   "subject": "011",
   "timestamp": "2022/10/13 12:53:33 GMT"
}
