Scenario - test
Logfile written - 10/13/2022 15:48:47

Subject	Trial	Event Type	Code	Time	TTime	Uncertainty	Duration	Uncertainty	ReqTime	ReqDur	Stim Type	Pair Index

011	1	Sound	P2/beat1	25160	24999	1			25000		other	0
011	1	Sound	n05	71660	71500	1			71500		other	0
011	1	Picture	3-113-1-3	130479	130318	7	5166	7	130000	5000	incorrect	4
011	1	Response	52	144489	144328	1
011	2	Sound	P2/beat	175976	25000	1			25000		other	0
011	2	Sound	f05	222476	71500	1			71500		other	0
011	2	Picture	3-113-1-3	281294	130318	7	5166	7	130000	5000	hit	8
011	2	Response	61	293609	142633	2
011	3	Sound	P2/beat	326792	25000	1			25000		other	0
011	3	Sound	n01	373292	71500	1			71500		other	0
011	3	Picture	3-223-1-3	432110	130318	7	5166	7	130000	5000	hit	12
011	3	Response	62	445288	143496	1
011	4	Sound	P2/beat	477607	25000	1			25000		other	0
011	4	Sound	test15	524108	71500	1			71500		other	0
011	4	Picture	2-223-1-2	582926	130318	7	5166	7	130000	5000	hit	16
011	4	Response	62	594728	142121	2
011	5	Sound	P1/tapping1	628423	25000	1			25000		other	0
011	5	Response	53	630488	27065	2
011	5	Response	53	634648	31225	1
011	5	Response	53	640408	36985	1
011	5	Response	53	646008	42585	2
011	5	Response	53	651768	48344	1
011	5	Response	53	657688	54265	1
011	5	Response	53	663448	60025	1
011	5	Response	53	669048	65625	1
011	5	Sound	f08	674923	71500	1			71500		other	0
011	5	Picture	3-122-2-3	733742	130318	7	5166	7	130000	5000	hit	28
011	5	Response	62	743768	140345	2
011	6	Sound	P1/tapping	779239	25000	1			25000		other	0
011	6	Response	53	781688	27448	1
011	6	Response	53	786408	32169	2
011	6	Response	53	792408	38169	1
011	6	Response	53	798088	43849	2
011	6	Response	53	803688	49449	2
011	6	Response	53	809128	54889	1
011	6	Response	53	814888	60649	1
011	6	Response	53	820888	66649	2
011	6	Sound	f01	825739	71500	1			71500		other	0
011	6	Picture	2-122-1-2	884558	130318	7	5166	7	130000	5000	hit	40
011	6	Response	62	900568	146329	2
011	7	Sound	P1/tapping	930055	25000	1			25000		other	0
011	7	Response	53	932088	27033	2
011	7	Response	53	936488	31433	3
011	7	Response	53	942008	36953	2
011	7	Response	53	947608	42553	2
011	7	Response	53	953288	48233	1
011	7	Response	53	959288	54233	2
011	7	Response	53	964488	59433	1
011	7	Response	53	970248	65193	1
011	7	Sound	n03	976555	71500	1			71500		other	0
011	7	Picture	3-122-1-3	1035373	130318	7	5166	7	130000	5000	hit	52
011	7	Response	62	1042808	137753	2
011	8	Response	53	1080088	24217	2
011	8	Sound	P1/tapping	1080871	25000	1			25000		other	0
011	8	Response	53	1085848	29977	1
011	8	Response	53	1091448	35577	1
011	8	Response	53	1097208	41337	1
011	8	Response	53	1103288	47417	2
011	8	Response	53	1109368	53497	2
011	8	Response	53	1114808	58938	1
011	8	Response	53	1120489	64618	2
011	8	Sound	test18	1127371	71500	1			71500		other	0
011	8	Picture	3-212-1-3	1186189	130318	7	5166	7	130000	5000	hit	64
011	8	Response	61	1193768	137897	2
011	9	Sound	P2/both1	1231687	25000	1			25000		other	0
011	9	Response	53	1233928	27241	2
011	9	Response	53	1238408	31721	1
011	9	Response	53	1243368	36681	1
011	9	Response	53	1249048	42361	1
011	9	Response	53	1255209	48522	2
011	9	Response	53	1260888	54201	1
011	9	Response	53	1266568	59881	2
011	9	Response	53	1272488	65801	1
011	9	Sound	test13	1278186	71500	1			71500		other	0
011	9	Picture	3-214-1-3	1337005	130318	7	5166	7	130000	5000	hit	76
011	9	Response	61	1346488	139801	2
011	10	Sound	P2/both	1382502	25000	1			25000		other	0
011	10	Response	53	1384248	26745	2
011	10	Response	53	1388808	31306	2
011	10	Response	53	1394088	36586	2
011	10	Response	53	1399688	42185	2
011	10	Response	53	1405528	48025	2
011	10	Response	53	1411208	53705	1
011	10	Response	53	1416808	59306	1
011	10	Response	53	1423047	65545	2
011	10	Sound	test04	1429002	71500	1			71500		other	0
011	10	Picture	2-224-1-2	1487820	130318	7	5166	7	130000	5000	hit	88
011	10	Response	62	1503288	145785	2
011	11	Sound	P2/both	1533318	25000	1			25000		other	0
011	11	Response	53	1536088	27770	1
011	11	Response	53	1540088	31770	1
011	11	Response	53	1545127	36810	1
011	11	Response	53	1550808	42490	1
011	11	Response	53	1556088	47770	1
011	11	Response	53	1561527	53210	1
011	11	Response	53	1567208	58890	1
011	11	Response	53	1573368	65050	1
011	11	Sound	f15	1579818	71500	1			71500		other	0
011	11	Picture	3-124-1-3	1638636	130318	7	5166	7	130000	5000	hit	100
011	11	Response	62	1647048	138730	2
011	12	Sound	P2/both	1684134	25000	1			25000		other	0
011	12	Response	53	1686087	26953	1
011	12	Response	53	1690327	31194	1
011	12	Response	53	1695527	36394	1
011	12	Response	53	1701048	41914	2
011	12	Response	53	1706807	47674	1
011	12	Response	53	1712647	53514	2
011	12	Response	53	1718808	59674	2
011	12	Response	53	1724807	65674	1
011	12	Sound	f21	1730633	71500	1			71500		other	0
011	12	Picture	3-124-1-3	1789452	130318	7	5166	7	130000	5000	hit	112
011	12	Response	62	1801127	141994	2
011	13	Sound	P0/none1	1834950	25000	1			25000		other	0
011	13	Sound	n07	1881449	71500	1			71500		other	0
011	13	Picture	2-221-1-2	1940268	130318	7	5166	7	130000	5000	hit	116
011	13	Response	62	1952327	142378	1
011	14	Sound	P0/none	1985765	25000	1			25000		other	0
011	14	Sound	n04	2032265	71500	1			71500		other	0
011	14	Picture	2-211-1-2	2091083	130318	7	5166	7	130000	5000	hit	120
011	14	Response	61	2101367	140602	1
011	15	Sound	P0/none	2136581	25000	1			25000		other	0
011	15	Sound	f03	2183081	71500	1			71500		other	0
011	15	Picture	2-111-1-2	2241899	130318	83	5166	83	130000	5000	hit	124
011	15	Response	61	2253367	141786	1
011	16	Sound	P0/none	2287396	25000	1			25000		other	0
011	16	Sound	test05	2333896	71500	1			71500		other	0
011	16	Picture	2-211-1-2	2392715	130318	7	5166	7	130000	5000	hit	128
011	16	Response	61	2400327	137930	2
011	17	Sound	P2/beat1	2438212	25000	1			25000		other	0
011	17	Sound	test16	2484712	71500	1			71500		other	0
011	17	Picture	3-213-1-3	2543530	130318	7	5166	7	130000	5000	incorrect	132
011	17	Response	52	2558087	144875	1
011	18	Sound	P2/beat	2589028	25000	1			25000		other	0
011	18	Sound	f11	2635528	71500	1			71500		other	0
011	18	Picture	3-113-1-3	2694346	130318	7	5166	7	130000	5000	hit	136
011	18	Response	61	2704567	140539	1
011	19	Sound	P2/beat	2739843	25000	1			25000		other	0
011	19	Sound	test07	2786344	71500	1			71500		other	0
011	19	Picture	2-223-1-2	2845162	130318	7	5166	7	130000	5000	hit	140
011	19	Response	62	2855606	140763	2
011	20	Sound	P2/beat	2890660	25000	1			25000		other	0
011	20	Sound	f23	2937159	71500	1			71500		other	0
011	20	Picture	2-113-1-2	2995978	130318	7	5166	7	130000	5000	hit	144
011	20	Response	61	3003927	138267	1
011	21	Sound	P0/none1	3041475	25000	1			25000		other	0
011	21	Sound	test23	3087975	71500	1			71500		other	0
011	21	Picture	2-221-2-2	3146793	130318	7	5166	7	130000	5000	hit	148
011	21	Response	62	3159686	143211	1
011	22	Sound	P0/none	3192291	25000	1			25000		other	0
011	22	Sound	f24	3238791	71500	1			71500		other	0
011	22	Picture	3-121-1-3	3297609	130318	7	5166	7	130000	5000	hit	152
011	22	Response	62	3312407	145116	2
011	23	Sound	P0/none	3343107	25000	1			25000		other	0
011	23	Sound	n06	3389607	71500	1			71500		other	0
011	23	Picture	3-211-1-3	3448425	130318	7	5166	7	130000	5000	hit	156
011	23	Response	61	3457846	139740	1
011	24	Sound	P0/none	3493922	25000	1			25000		other	0
011	24	Sound	test24	3540422	71500	1			71500		other	0
011	24	Picture	2-221-1-2	3599241	130318	7	5166	7	130000	5000	hit	160
011	24	Response	62	3618806	149884	1
011	25	Response	53	3644726	24988	1
011	25	Sound	P1/tapping1	3644738	25000	1			25000		other	0
011	25	Response	53	3650486	30748	2
011	25	Response	53	3656247	36508	2
011	25	Response	53	3662006	42268	1
011	25	Response	53	3667686	47948	2
011	25	Response	53	3673446	53708	2
011	25	Response	53	3679446	59708	1
011	25	Response	53	3685206	65468	2
011	25	Sound	test02	3691238	71500	1			71500		other	0
011	25	Picture	2-212-1-2	3750056	130318	7	5166	7	130000	5000	hit	172
011	25	Response	61	3762726	142988	1
011	26	Sound	P1/tapping	3795554	25000	1			25000		other	0
011	26	Response	53	3797606	27052	2
011	26	Response	53	3802006	31452	2
011	26	Response	53	3807847	37293	2
011	26	Response	53	3813607	43052	2
011	26	Response	53	3819286	48732	2
011	26	Response	53	3824885	54331	1
011	26	Response	53	3830486	59932	1
011	26	Response	53	3836326	65772	1
011	26	Sound	f14	3842054	71500	1			71500		other	0
011	26	Picture	2-122-2-2	3900872	130318	7	5166	7	130000	5000	hit	184
011	26	Response	62	3912006	141452	1
011	27	Sound	P1/tapping	3946370	25000	1			25000		other	0
011	27	Response	53	3955046	33676	1
011	27	Response	53	3960086	38716	2
011	27	Response	53	3965846	44476	1
011	27	Response	53	3971287	49917	1
011	27	Response	53	3976886	55516	3
011	27	Response	53	3983206	61836	1
011	27	Response	53	3988726	67356	3
011	27	Sound	f17	3992870	71500	1			71500		other	0
011	27	Picture	3-122-1-3	4051688	130318	7	5166	7	130000	5000	hit	195
011	27	Response	62	4060486	139116	1
011	28	Sound	P1/tapping	4097185	25000	1			25000		other	0
011	28	Response	53	4110966	38780	2
011	28	Response	53	4116566	44381	1
011	28	Response	53	4122326	50140	2
011	28	Response	53	4128246	56060	1
011	28	Response	53	4133927	61741	2
011	28	Response	53	4139846	67660	1
011	28	Sound	test17	4143685	71500	1			71500		other	0
011	28	Picture	2-222-2-2	4202504	130318	7	5166	7	130000	5000	incorrect	205
011	28	Response	51	4214966	142780	1
011	29	Sound	P2/beat1	4248001	25000	1			25000		other	0
011	29	Sound	f10	4294501	71500	1			71500		other	0
011	29	Picture	2-123-1-2	4353320	130318	7	5166	7	130000	5000	hit	209
011	29	Response	62	4368246	145244	1
011	30	Sound	P2/beat	4398817	25000	1			25000		other	0
011	30	Sound	test01	4445317	71500	1			71500		other	0
011	30	Picture	2-223-1-2	4504135	130318	7	5166	7	130000	5000	hit	213
011	30	Response	62	4516326	142508	1
011	31	Sound	P2/beat	4549633	25000	1			25000		other	0
011	31	Sound	test12	4596133	71500	1			71500		other	0
011	31	Picture	2-213-1-2	4654951	130318	7	5166	7	130000	5000	incorrect	217
011	31	Response	52	4668326	143692	2
011	32	Sound	P2/beat	4700449	25000	1			25000		other	0
011	32	Sound	test08	4746948	71500	1			71500		other	0
011	32	Picture	2-223-1-2	4805767	130318	7	5166	7	130000	5000	hit	221
011	32	Response	62	4819925	144477	1
011	33	Sound	P2/both1	4851264	25000	1			25000		other	0
011	33	Response	53	4868645	42381	1
011	33	Response	53	4874565	48301	1
011	33	Response	53	4880005	53741	1
011	33	Response	53	4885846	59581	2
011	33	Response	53	4891365	65101	2
011	33	Sound	f09	4897765	71501	1			71500		other	0
011	33	Picture	3-114-1-3	4956583	130318	7	5166	7	130000	5000	hit	230
011	33	Response	61	4968085	141820	2
011	34	Sound	P2/both	5002080	25000	1			25000		other	0
011	34	Response	53	5003925	26845	1
011	34	Response	53	5008246	31166	1
011	34	Response	53	5013685	36605	1
011	34	Response	53	5019205	42125	1
011	34	Response	53	5024566	47485	2
011	34	Response	53	5031205	54125	1
011	34	Response	53	5037285	60205	1
011	34	Response	53	5043125	66045	1
011	34	Sound	test03	5048580	71500	1			71500		other	0
011	34	Picture	3-214-1-3	5107398	130318	7	5166	7	130000	5000	hit	242
011	34	Response	61	5114726	137646	2
011	35	Response	53	5151525	23629	1
011	35	Sound	P2/both	5152896	25000	1			25000		other	0
011	35	Response	53	5157605	29709	2
011	35	Response	53	5163605	35709	2
011	35	Response	53	5169205	41309	2
011	35	Response	53	5175205	47309	1
011	35	Response	53	5181366	53470	2
011	35	Response	53	5187845	59949	2
011	35	Response	53	5193526	65630	2
011	35	Sound	f04	5199396	71500	1			71500		other	0
011	35	Picture	3-114-1-3	5258214	130318	7	5166	7	130000	5000	hit	254
011	35	Response	61	5264246	136350	2
011	36	Sound	P2/both	5303712	25000	1			25000		other	0
011	36	Response	53	5307205	28493	1
011	36	Response	53	5310805	32093	1
011	36	Response	53	5315686	36974	1
011	36	Response	53	5321525	42813	1
011	36	Response	53	5327605	48893	1
011	36	Response	53	5333525	54813	1
011	36	Response	53	5339125	60413	1
011	36	Response	53	5344725	66013	1
011	36	Sound	f18	5350212	71500	1			71500		other	0
011	36	Picture	2-114-2-2	5409030	130318	7	5166	7	130000	5000	hit	266
011	36	Response	61	5418005	139293	1
011	37	Sound	P0/none1	5454527	25000	1			25000		other	0
011	37	Sound	f19	5501028	71500	1			71500		other	0
011	37	Picture	3-121-1-3	5559846	130318	7	5166	7	130000	5000	hit	270
011	37	Response	62	5569365	139837	2
011	38	Sound	P0/none	5605343	25000	1			25000		other	0
011	38	Sound	test09	5651843	71500	1			71500		other	0
011	38	Picture	2-211-1-2	5710662	130318	7	5166	7	130000	5000	incorrect	274
011	38	Response	52	5721205	140861	2
011	39	Sound	P0/none	5756159	25000	1			25000		other	0
011	39	Sound	f02	5802659	71500	1			71500		other	0
011	39	Picture	3-121-2-3	5861477	130318	7	5166	7	130000	5000	hit	278
011	39	Response	62	5869125	137965	2
011	40	Sound	P0/none	5906975	25000	1			25000		other	0
011	40	Sound	n13	5953475	71500	1			71500		other	0
011	40	Picture	2-221-1-2	6012293	130318	7	5166	7	130000	5000	hit	282
011	40	Response	62	6026725	144750	2
011	41	Response	53	6057205	24414	1
011	41	Sound	P1/tapping1	6057791	25000	1			25000		other	0
011	41	Response	53	6063044	30253	2
011	41	Response	53	6068885	36094	2
011	41	Response	53	6074565	41774	1
011	41	Response	53	6080165	47374	2
011	41	Response	53	6085844	53054	1
011	41	Response	53	6091926	59135	3
011	41	Response	53	6097844	65054	1
011	41	Sound	f16	6104291	71500	1			71500		other	0
011	41	Picture	3-112-1-3	6163109	130318	7	5166	7	130000	5000	incorrect	294
011	41	Response	52	6179685	146894	1
011	42	Response	53	6206645	23038	2
011	42	Sound	P1/tapping	6208606	25000	1			25000		other	0
011	42	Response	53	6212965	29358	2
011	42	Response	53	6218724	35118	1
011	42	Response	53	6224725	41118	1
011	42	Response	53	6230644	47038	2
011	42	Response	53	6236165	52558	2
011	42	Response	53	6241765	58159	2
011	42	Response	53	6247685	64079	2
011	42	Sound	n14	6255107	71500	1			71500		other	0
011	42	Picture	3-112-1-3	6313925	130318	7	5166	7	130000	5000	hit	306
011	42	Response	61	6330884	147278	2
011	43	Response	53	6359204	24782	1
011	43	Sound	P1/tapping	6359422	25000	1			25000		other	0
011	43	Response	53	6364404	29982	2
011	43	Response	53	6370324	35902	2
011	43	Response	53	6376244	41822	2
011	43	Response	53	6382084	47662	2
011	43	Response	53	6387764	53342	2
011	43	Response	53	6393444	59022	2
011	43	Response	53	6399524	65102	1
011	43	Sound	f07	6405922	71500	1			71500		other	0
011	43	Picture	2-112-1-2	6464741	130318	7	5166	7	130000	5000	hit	318
011	43	Response	61	6484005	149582	1
011	44	Response	53	6510004	24766	1
011	44	Sound	P1/tapping	6510238	25000	1			25000		other	0
011	44	Response	53	6515204	29966	1
011	44	Response	53	6520564	35326	2
011	44	Response	53	6526405	41167	1
011	44	Response	53	6532244	47006	2
011	44	Response	53	6537764	52526	1
011	44	Response	53	6543124	57886	1
011	44	Response	53	6549284	64046	1
011	44	Sound	n11	6556738	71500	1			71500		other	0
011	44	Picture	2-112-1-2	6615556	130318	7	5166	7	130000	5000	hit	330
011	44	Response	61	6624725	139486	1
011	45	Response	53	6659364	23310	2
011	45	Sound	P2/both1	6661054	25000	1			25000		other	0
011	45	Response	53	6665924	29870	2
011	45	Response	53	6671924	35870	2
011	45	Response	53	6677684	41630	1
011	45	Response	53	6683924	47870	2
011	45	Response	53	6689924	53870	1
011	45	Response	53	6695764	59710	2
011	45	Response	53	6701844	65790	2
011	45	Sound	test10	6707554	71500	1			71500		other	0
011	45	Picture	2-224-1-2	6766372	130318	7	5166	7	130000	5000	hit	342
011	45	Response	62	6781284	145230	1
011	46	Sound	P2/both	6811870	25000	1			25000		other	0
011	46	Response	53	6819124	32254	2
011	46	Response	53	6824004	37134	1
011	46	Response	53	6829524	42654	2
011	46	Response	53	6835124	48254	1
011	46	Response	53	6840884	54014	1
011	46	Response	53	6846484	59614	2
011	46	Response	53	6852484	65614	1
011	46	Sound	test14	6858370	71500	1			71500		other	0
011	46	Picture	3-224-1-3	6917188	130318	7	5166	7	130000	5000	hit	353
011	46	Response	62	6929044	142174	1
011	47	Sound	P2/both	6962686	25000	1			25000		other	0
011	47	Response	53	6967844	30159	2
011	47	Response	53	6973444	35758	1
011	47	Response	53	6978884	41198	2
011	47	Response	53	6985044	47358	1
011	47	Response	53	6991284	53598	2
011	47	Response	53	6997124	59438	1
011	47	Response	53	7002884	65198	1
011	47	Sound	test21	7009186	71500	1			71500		other	0
011	47	Picture	2-224-2-2	7068004	130318	7	5166	7	130000	5000	miss	0
011	48	Response	53	7112644	24143	1
011	48	Sound	P2/both	7113502	25000	1			25000		other	0
011	48	Response	53	7118404	29902	1
011	48	Response	53	7124244	35742	1
011	48	Response	53	7130244	41742	1
011	48	Response	53	7136404	47902	2
011	48	Response	53	7142084	53582	1
011	48	Response	53	7147924	59422	2
011	48	Response	53	7153604	65102	1
011	48	Sound	test11	7160002	71500	1			71500		other	0
011	48	Picture	3-224-1-3	7218820	130318	7	5166	7	130000	5000	hit	375
011	48	Response	62	7235844	147342	1
011	49	Response	53	7263284	23966	1
011	49	Sound	P1/tapping1	7264317	25000	1			25000		other	0
011	49	Response	53	7269124	29806	1
011	49	Response	53	7275284	35966	1
011	49	Response	53	7281044	41727	1
011	49	Response	53	7286404	47086	1
011	49	Response	53	7292724	53406	2
011	49	Response	53	7298724	59406	1
011	49	Response	53	7304644	65326	1
011	49	Sound	f22	7310817	71500	1			71500		other	0
011	49	Picture	3-112-1-3	7369636	130318	7	5166	7	130000	5000	hit	387
011	49	Response	61	7375284	135966	2
011	50	Response	53	7414324	24190	1
011	50	Sound	P1/tapping	7415133	25000	1			25000		other	0
011	50	Response	53	7420164	30030	2
011	50	Response	53	7426084	35951	1
011	50	Response	53	7431604	41470	1
011	50	Response	53	7437125	46992	2
011	50	Response	53	7443124	52990	1
011	50	Response	53	7448804	58671	2
011	50	Response	53	7454564	64430	2
011	50	Sound	n12	7461633	71500	1			71500		other	0
011	50	Picture	3-112-1-3	7520451	130318	7	5166	7	130000	5000	hit	399
011	50	Response	61	7528643	138510	2
011	51	Response	53	7562964	22015	2
011	51	Sound	P1/tapping	7565949	25000	1			25000		other	0
011	51	Response	53	7570324	29375	1
011	51	Response	53	7576244	35295	2
011	51	Response	53	7581924	40975	2
011	51	Response	53	7587764	46815	1
011	51	Response	53	7593524	52575	1
011	51	Response	53	7599284	58335	1
011	51	Response	53	7604804	63855	1
011	51	Sound	test25	7612449	71500	1			71500		other	0
011	51	Picture	3-222-1-3	7671267	130318	7	5166	7	130000	5000	hit	411
011	51	Response	62	7687524	146575	2
011	52	Sound	P1/tapping	7716765	25000	1			25000		other	0
011	52	Response	53	7722243	30479	2
011	52	Response	53	7727604	35839	2
011	52	Response	53	7733363	41599	1
011	52	Response	53	7739203	47439	2
011	52	Response	53	7745043	53279	2
011	52	Response	53	7750643	58879	1
011	52	Response	53	7756083	64319	2
011	52	Sound	f20	7763264	71500	1			71500		other	0
011	52	Picture	3-112-1-3	7822083	130318	7	5166	7	130000	5000	hit	422
011	52	Response	61	7830803	139039	2
011	53	Sound	P0/none1	7867580	25000	1			25000		other	0
011	53	Sound	f12	7914080	71500	1			71500		other	0
011	53	Picture	3-111-1-3	7972899	130318	7	5166	7	130000	5000	incorrect	426
011	53	Response	52	7985523	142942	1
011	54	Sound	P0/none	8018396	25000	1			25000		other	0
011	54	Sound	test06	8064896	71500	1			71500		other	0
011	54	Picture	2-211-1-2	8123715	130318	7	5166	7	130000	5000	hit	430
011	54	Response	61	8135283	141886	3
011	55	Sound	P0/none	8169212	25000	1			25000		other	0
011	55	Sound	f06	8215712	71500	1			71500		other	0
011	55	Picture	2-121-1-2	8274531	130318	7	5166	7	130000	5000	hit	434
011	55	Response	62	8283363	139151	2
011	56	Sound	P0/none	8320028	25000	1			25000		other	0
011	56	Sound	n10	8366528	71500	1			71500		other	0
011	56	Picture	3-111-1-3	8425346	130318	7	5166	7	130000	5000	hit	438
011	56	Response	61	8433043	138015	1
011	57	Sound	P2/beat1	8470844	25000	1			25000		other	0
011	57	Sound	f13	8517344	71500	1			71500		other	0
011	57	Picture	2-123-1-2	8576162	130318	7	5166	7	130000	5000	hit	442
011	57	Response	62	8586003	140159	1
011	58	Sound	P2/beat	8621660	25000	1			25000		other	0
011	58	Sound	test22	8668160	71500	1			71500		other	0
011	58	Picture	2-213-2-2	8726978	130318	7	5166	7	130000	5000	incorrect	446
011	58	Response	52	8742243	145583	1
011	59	Sound	P2/beat	8772475	25000	1			25000		other	0
011	59	Sound	n09	8818975	71500	1			71500		other	0
011	59	Picture	3-223-1-3	8877794	130318	7	5166	7	130000	5000	hit	450
011	59	Response	62	8891363	143888	2
011	60	Sound	P2/beat	8923291	25000	1			25000		other	0
011	60	Sound	test19	8969791	71500	1			71500		other	0
011	60	Picture	2-213-1-2	9028610	130318	7	5166	7	130000	5000	incorrect	454
011	60	Response	52	9041042	142751	1


Event Type	Code	Type	Response	RT	RT Uncertainty	Time	Uncertainty	Duration	Uncertainty	ReqTime	ReqDur

Sound	P2/beat1	other				25160	1			25000
Sound	n05	other				71660	1			71500
Picture	3-113-1-3	incorrect	2	14010	7	130479	7	5166	7	130000	5000
Sound	P2/beat	other				175976	1			25000
Sound	f05	other				222476	1			71500
Picture	3-113-1-3	hit	1	12315	8	281294	7	5166	7	130000	5000
Sound	P2/beat	other				326792	1			25000
Sound	n01	other				373292	1			71500
Picture	3-223-1-3	hit	2	13178	7	432110	7	5166	7	130000	5000
Sound	P2/beat	other				477607	1			25000
Sound	test15	other				524108	1			71500
Picture	2-223-1-2	hit	2	11802	8	582926	7	5166	7	130000	5000
Sound	P1/tapping1	other				628423	1			25000
Sound	f08	other				674923	1			71500
Picture	3-122-2-3	hit	2	10027	8	733742	7	5166	7	130000	5000
Sound	P1/tapping	other				779239	1			25000
Sound	f01	other				825739	1			71500
Picture	2-122-1-2	hit	2	16010	8	884558	7	5166	7	130000	5000
Sound	P1/tapping	other				930055	1			25000
Sound	n03	other				976555	1			71500
Picture	3-122-1-3	hit	2	7435	8	1035373	7	5166	7	130000	5000
Sound	P1/tapping	other				1080871	1			25000
Sound	test18	other				1127371	1			71500
Picture	3-212-1-3	hit	1	7579	8	1186189	7	5166	7	130000	5000
Sound	P2/both1	other				1231687	1			25000
Sound	test13	other				1278186	1			71500
Picture	3-214-1-3	hit	1	9483	8	1337005	7	5166	7	130000	5000
Sound	P2/both	other				1382502	1			25000
Sound	test04	other				1429002	1			71500
Picture	2-224-1-2	hit	2	15467	8	1487820	7	5166	7	130000	5000
Sound	P2/both	other				1533318	1			25000
Sound	f15	other				1579818	1			71500
Picture	3-124-1-3	hit	2	8411	8	1638636	7	5166	7	130000	5000
Sound	P2/both	other				1684134	1			25000
Sound	f21	other				1730633	1			71500
Picture	3-124-1-3	hit	2	11676	9	1789452	7	5166	7	130000	5000
Sound	P0/none1	other				1834950	1			25000
Sound	n07	other				1881449	1			71500
Picture	2-221-1-2	hit	2	12060	7	1940268	7	5166	7	130000	5000
Sound	P0/none	other				1985765	1			25000
Sound	n04	other				2032265	1			71500
Picture	2-211-1-2	hit	1	10284	7	2091083	7	5166	7	130000	5000
Sound	P0/none	other				2136581	1			25000
Sound	f03	other				2183081	1			71500
Picture	2-111-1-2	hit	1	11468	83	2241899	83	5166	83	130000	5000
Sound	P0/none	other				2287396	1			25000
Sound	test05	other				2333896	1			71500
Picture	2-211-1-2	hit	1	7612	8	2392715	7	5166	7	130000	5000
Sound	P2/beat1	other				2438212	1			25000
Sound	test16	other				2484712	1			71500
Picture	3-213-1-3	incorrect	2	14557	7	2543530	7	5166	7	130000	5000
Sound	P2/beat	other				2589028	1			25000
Sound	f11	other				2635528	1			71500
Picture	3-113-1-3	hit	1	10221	7	2694346	7	5166	7	130000	5000
Sound	P2/beat	other				2739843	1			25000
Sound	test07	other				2786344	1			71500
Picture	2-223-1-2	hit	2	10444	8	2845162	7	5166	7	130000	5000
Sound	P2/beat	other				2890660	1			25000
Sound	f23	other				2937159	1			71500
Picture	2-113-1-2	hit	1	7949	7	2995978	7	5166	7	130000	5000
Sound	P0/none1	other				3041475	1			25000
Sound	test23	other				3087975	1			71500
Picture	2-221-2-2	hit	2	12893	7	3146793	7	5166	7	130000	5000
Sound	P0/none	other				3192291	1			25000
Sound	f24	other				3238791	1			71500
Picture	3-121-1-3	hit	2	14798	8	3297609	7	5166	7	130000	5000
Sound	P0/none	other				3343107	1			25000
Sound	n06	other				3389607	1			71500
Picture	3-211-1-3	hit	1	9421	7	3448425	7	5166	7	130000	5000
Sound	P0/none	other				3493922	1			25000
Sound	test24	other				3540422	1			71500
Picture	2-221-1-2	hit	2	19565	7	3599241	7	5166	7	130000	5000
Sound	P1/tapping1	other				3644738	1			25000
Sound	test02	other				3691238	1			71500
Picture	2-212-1-2	hit	1	12670	8	3750056	7	5166	7	130000	5000
Sound	P1/tapping	other				3795554	1			25000
Sound	f14	other				3842054	1			71500
Picture	2-122-2-2	hit	2	11134	7	3900872	7	5166	7	130000	5000
Sound	P1/tapping	other				3946370	1			25000
Sound	f17	other				3992870	1			71500
Picture	3-122-1-3	hit	2	8798	7	4051688	7	5166	7	130000	5000
Sound	P1/tapping	other				4097185	1			25000
Sound	test17	other				4143685	1			71500
Picture	2-222-2-2	incorrect	1	12462	8	4202504	7	5166	7	130000	5000
Sound	P2/beat1	other				4248001	1			25000
Sound	f10	other				4294501	1			71500
Picture	2-123-1-2	hit	2	14926	7	4353320	7	5166	7	130000	5000
Sound	P2/beat	other				4398817	1			25000
Sound	test01	other				4445317	1			71500
Picture	2-223-1-2	hit	2	12190	8	4504135	7	5166	7	130000	5000
Sound	P2/beat	other				4549633	1			25000
Sound	test12	other				4596133	1			71500
Picture	2-213-1-2	incorrect	2	13374	8	4654951	7	5166	7	130000	5000
Sound	P2/beat	other				4700449	1			25000
Sound	test08	other				4746948	1			71500
Picture	2-223-1-2	hit	2	14158	7	4805767	7	5166	7	130000	5000
Sound	P2/both1	other				4851264	1			25000
Sound	f09	other				4897765	1			71500
Picture	3-114-1-3	hit	1	11502	8	4956583	7	5166	7	130000	5000
Sound	P2/both	other				5002080	1			25000
Sound	test03	other				5048580	1			71500
Picture	3-214-1-3	hit	1	7327	8	5107398	7	5166	7	130000	5000
Sound	P2/both	other				5152896	1			25000
Sound	f04	other				5199396	1			71500
Picture	3-114-1-3	hit	1	6032	8	5258214	7	5166	7	130000	5000
Sound	P2/both	other				5303712	1			25000
Sound	f18	other				5350212	1			71500
Picture	2-114-2-2	hit	1	8975	7	5409030	7	5166	7	130000	5000
Sound	P0/none1	other				5454527	1			25000
Sound	f19	other				5501028	1			71500
Picture	3-121-1-3	hit	2	9519	8	5559846	7	5166	7	130000	5000
Sound	P0/none	other				5605343	1			25000
Sound	test09	other				5651843	1			71500
Picture	2-211-1-2	incorrect	2	10543	8	5710662	7	5166	7	130000	5000
Sound	P0/none	other				5756159	1			25000
Sound	f02	other				5802659	1			71500
Picture	3-121-2-3	hit	2	7647	8	5861477	7	5166	7	130000	5000
Sound	P0/none	other				5906975	1			25000
Sound	n13	other				5953475	1			71500
Picture	2-221-1-2	hit	2	14431	8	6012293	7	5166	7	130000	5000
Sound	P1/tapping1	other				6057791	1			25000
Sound	f16	other				6104291	1			71500
Picture	3-112-1-3	incorrect	2	16576	7	6163109	7	5166	7	130000	5000
Sound	P1/tapping	other				6208606	1			25000
Sound	n14	other				6255107	1			71500
Picture	3-112-1-3	hit	1	16959	8	6313925	7	5166	7	130000	5000
Sound	P1/tapping	other				6359422	1			25000
Sound	f07	other				6405922	1			71500
Picture	2-112-1-2	hit	1	19264	7	6464741	7	5166	7	130000	5000
Sound	P1/tapping	other				6510238	1			25000
Sound	n11	other				6556738	1			71500
Picture	2-112-1-2	hit	1	9168	7	6615556	7	5166	7	130000	5000
Sound	P2/both1	other				6661054	1			25000
Sound	test10	other				6707554	1			71500
Picture	2-224-1-2	hit	2	14912	7	6766372	7	5166	7	130000	5000
Sound	P2/both	other				6811870	1			25000
Sound	test14	other				6858370	1			71500
Picture	3-224-1-3	hit	2	11856	7	6917188	7	5166	7	130000	5000
Sound	P2/both	other				6962686	1			25000
Sound	test21	other				7009186	1			71500
Picture	2-224-2-2	miss				7068004	7	5166	7	130000	5000
Sound	P2/both	other				7113502	1			25000
Sound	test11	other				7160002	1			71500
Picture	3-224-1-3	hit	2	17024	8	7218820	7	5166	7	130000	5000
Sound	P1/tapping1	other				7264317	1			25000
Sound	f22	other				7310817	1			71500
Picture	3-112-1-3	hit	1	5648	8	7369636	7	5166	7	130000	5000
Sound	P1/tapping	other				7415133	1			25000
Sound	n12	other				7461633	1			71500
Picture	3-112-1-3	hit	1	8192	8	7520451	7	5166	7	130000	5000
Sound	P1/tapping	other				7565949	1			25000
Sound	test25	other				7612449	1			71500
Picture	3-222-1-3	hit	2	16257	8	7671267	7	5166	7	130000	5000
Sound	P1/tapping	other				7716765	1			25000
Sound	f20	other				7763264	1			71500
Picture	3-112-1-3	hit	1	8720	8	7822083	7	5166	7	130000	5000
Sound	P0/none1	other				7867580	1			25000
Sound	f12	other				7914080	1			71500
Picture	3-111-1-3	incorrect	2	12624	7	7972899	7	5166	7	130000	5000
Sound	P0/none	other				8018396	1			25000
Sound	test06	other				8064896	1			71500
Picture	2-211-1-2	hit	1	11568	9	8123715	7	5166	7	130000	5000
Sound	P0/none	other				8169212	1			25000
Sound	f06	other				8215712	1			71500
Picture	2-121-1-2	hit	2	8832	8	8274531	7	5166	7	130000	5000
Sound	P0/none	other				8320028	1			25000
Sound	n10	other				8366528	1			71500
Picture	3-111-1-3	hit	1	7697	7	8425346	7	5166	7	130000	5000
Sound	P2/beat1	other				8470844	1			25000
Sound	f13	other				8517344	1			71500
Picture	2-123-1-2	hit	2	9841	7	8576162	7	5166	7	130000	5000
Sound	P2/beat	other				8621660	1			25000
Sound	test22	other				8668160	1			71500
Picture	2-213-2-2	incorrect	2	15265	7	8726978	7	5166	7	130000	5000
Sound	P2/beat	other				8772475	1			25000
Sound	n09	other				8818975	1			71500
Picture	3-223-1-3	hit	2	13570	8	8877794	7	5166	7	130000	5000
Sound	P2/beat	other				8923291	1			25000
Sound	test19	other				8969791	1			71500
Picture	2-213-1-2	incorrect	2	12433	7	9028610	7	5166	7	130000	5000

The following output port codes were not sent because of a conflict on the port.
Port	Code	Time(ms)
1	2	364474


{
   "app": "Presentation Version 22.1 Build 01.21.21",
   "device": "Dell Inc. OptiPlex 7050",
   "experiment": "{C8E97CB4-6FCA-44FA-B866-4A2D94B6B85C}",
   "os": "Windows 10 64 bit",
   "package": "",
   "parameters": {
      "configuration": "Default configuration"
   },
   "scenario": "entrain_list1_sess2_EB.sce",
   "subject": "011",
   "timestamp": "2022/10/13 13:33:38 GMT"
}
