Scenario - test
Logfile written - 11/14/2022 10:41:05

Subject	Trial	Event Type	Code	Time	TTime	Uncertainty	Duration	Uncertainty	ReqTime	ReqDur	Stim Type	Pair Index

019	1	Sound	P2/beat1	25160	24999	1			25000		other	0
019	1	Sound	n05	71660	71499	1			71500		other	0
019	1	Picture	3-113-1-3	130478	130317	7	5166	7	130000	5000	incorrect	4
019	1	Response	52	141185	141025	1
019	2	Sound	P2/beat	175975	25000	2			25000		other	0
019	2	Sound	f05	222475	71500	1			71500		other	0
019	2	Picture	3-113-1-3	281293	130317	7	5166	7	130000	5000	hit	8
019	2	Response	61	292146	141170	1
019	3	Sound	P2/beat	326790	25000	1			25000		other	0
019	3	Sound	n01	373290	71500	1			71500		other	0
019	3	Picture	3-223-1-3	432107	130317	7	5166	7	130000	5000	hit	12
019	3	Response	62	443185	141395	1
019	4	Sound	P2/beat	477605	25000	1			25000		other	0
019	4	Sound	test15	524105	71500	1			71500		other	0
019	4	Picture	2-223-1-2	582922	130317	7	5166	7	130000	5000	hit	16
019	4	Response	62	593665	141060	1
019	5	Sound	P1/tapping1	628419	25000	1			25000		other	0
019	5	Response	53	628545	25126	1
019	5	Response	53	633905	30485	1
019	5	Response	53	639185	35766	2
019	5	Response	53	645025	41606	1
019	5	Response	53	651265	47846	1
019	5	Response	53	657186	53766	2
019	5	Response	53	664946	61526	2
019	5	Response	53	670465	67046	2
019	5	Sound	f08	674920	71500	1			71500		other	0
019	5	Response	53	675745	72326	1
019	5	Picture	3-122-2-3	733737	130317	7	5166	7	130000	5000	hit	29
019	5	Response	62	748706	145286	3
019	6	Response	53	772946	18711	1
019	6	Response	53	778785	24551	1
019	6	Sound	P1/tapping	779234	25000	1			25000		other	0
019	6	Response	53	784465	30231	1
019	6	Response	53	790225	35991	1
019	6	Response	53	796065	41831	1
019	6	Response	53	801585	47351	1
019	6	Response	53	807185	52951	1
019	6	Response	53	813025	58791	1
019	6	Response	53	818625	64391	1
019	6	Response	53	824305	70070	1
019	6	Sound	f01	825734	71500	1			71500		other	0
019	6	Picture	2-122-1-2	884552	130317	7	5166	7	130000	5000	incorrect	43
019	6	Response	51	894945	140710	1
019	7	Response	53	924065	19015	1
019	7	Response	53	929185	24135	2
019	7	Sound	P1/tapping	930049	25000	1			25000		other	0
019	7	Response	53	935185	30135	1
019	7	Response	53	940865	35816	1
019	7	Response	53	946464	41415	3
019	7	Response	53	951985	46935	2
019	7	Response	53	957345	52295	1
019	7	Response	53	962545	57495	2
019	7	Response	53	968385	63335	1
019	7	Response	53	973905	68856	1
019	7	Sound	n03	976549	71500	1			71500		other	0
019	7	Response	53	979745	74695	1
019	7	Picture	3-122-1-3	1035366	130317	7	5166	7	130000	5000	hit	58
019	7	Response	62	1044545	139496	1
019	8	Response	53	1076305	20441	1
019	8	Sound	P1/tapping	1080864	25000	1			25000		other	0
019	8	Response	53	1081905	26041	2
019	8	Response	53	1086864	31000	1
019	8	Response	53	1092305	36441	1
019	8	Response	53	1097904	42040	1
019	8	Response	53	1102944	47080	2
019	8	Response	53	1109105	53241	1
019	8	Response	53	1114224	58360	2
019	8	Response	53	1120305	64441	1
019	8	Response	53	1125904	70040	2
019	8	Sound	test18	1127364	71500	1			71500		other	0
019	8	Picture	3-212-1-3	1186181	130317	7	5166	7	130000	5000	hit	72
019	8	Response	61	1196465	140601	1
019	9	Sound	P2/both1	1231679	25000	1			25000		other	0
019	9	Response	53	1237505	30826	1
019	9	Response	53	1243185	36506	2
019	9	Response	53	1248865	42186	2
019	9	Response	53	1254865	48186	2
019	9	Response	53	1260785	54106	2
019	9	Response	53	1266705	60026	2
019	9	Response	53	1272465	65786	1
019	9	Sound	test13	1278179	71500	1			71500		other	0
019	9	Response	53	1278785	72106	2
019	9	Picture	3-214-1-3	1336996	130317	7	5166	7	130000	5000	incorrect	84
019	9	Response	52	1347665	140986	1
019	10	Sound	P2/both	1382493	25000	1			25000		other	0
019	10	Response	53	1384385	26891	2
019	10	Response	53	1388704	31211	2
019	10	Response	53	1393664	36171	2
019	10	Response	53	1399904	42411	1
019	10	Response	53	1405504	48011	1
019	10	Response	53	1411904	54411	1
019	10	Response	53	1417424	59931	1
019	10	Response	53	1423504	66011	1
019	10	Sound	test04	1428993	71500	1			71500		other	0
019	10	Response	53	1429824	72331	1
019	10	Picture	2-224-1-2	1487811	130317	7	5166	7	130000	5000	hit	97
019	10	Response	62	1496544	139051	1
019	11	Response	53	1531904	23596	1
019	11	Sound	P2/both	1533308	25000	1			25000		other	0
019	11	Response	53	1537584	29276	1
019	11	Response	53	1544464	36156	2
019	11	Response	53	1550144	41836	1
019	11	Response	53	1556384	48076	2
019	11	Response	53	1562224	53916	2
019	11	Response	53	1568384	60076	1
019	11	Response	53	1574384	66076	1
019	11	Sound	f15	1579808	71500	1			71500		other	0
019	11	Response	53	1580704	72396	1
019	11	Picture	3-124-1-3	1638626	130317	7	5166	7	130000	5000	hit	110
019	11	Response	62	1647824	139516	1
019	12	Response	53	1682624	23501	2
019	12	Sound	P2/both	1684123	25000	1			25000		other	0
019	12	Response	53	1688704	29581	1
019	12	Response	53	1695184	36061	2
019	12	Response	53	1701024	41901	1
019	12	Response	53	1706784	47661	1
019	12	Response	53	1713504	54381	2
019	12	Response	53	1719504	60381	1
019	12	Response	53	1725105	65982	2
019	12	Sound	f21	1730623	71500	1			71500		other	0
019	12	Response	53	1731344	72221	1
019	12	Picture	3-124-1-3	1789440	130317	7	5166	7	130000	5000	hit	123
019	12	Response	62	1800064	140941	1
019	13	Sound	P0/none1	1834938	25000	1			25000		other	0
019	13	Sound	n07	1881437	71500	1			71500		other	0
019	13	Picture	2-221-1-2	1940255	130317	7	5166	7	130000	5000	miss	0
019	14	Response	52	1961824	1071	2
019	14	Sound	P0/none	1985752	25000	1			25000		other	0
019	14	Sound	n04	2032252	71500	1			71500		other	0
019	14	Picture	2-211-1-2	2091070	130317	7	5166	7	130000	5000	incorrect	131
019	14	Response	52	2100464	139711	1
019	15	Sound	P0/none	2136567	25000	1			25000		other	0
019	15	Sound	f03	2183067	71500	1			71500		other	0
019	15	Picture	2-111-1-2	2241884	130317	7	5166	7	130000	5000	incorrect	135
019	15	Response	52	2252065	140498	2
019	16	Sound	P0/none	2287382	25000	1			25000		other	0
019	16	Sound	test05	2333882	71500	1			71500		other	0
019	16	Picture	2-211-1-2	2392699	130317	7	5166	7	130000	5000	hit	139
019	16	Response	61	2403024	140642	1
019	17	Sound	P2/beat1	2438196	24999	1			25000		other	0
019	17	Sound	test16	2484697	71500	1			71500		other	0
019	17	Picture	3-213-1-3	2543514	130317	7	5166	7	130000	5000	hit	143
019	17	Response	61	2555984	142788	2
019	18	Sound	P2/beat	2589011	25000	1			25000		other	0
019	18	Sound	f11	2635511	71500	1			71500		other	0
019	18	Picture	3-113-1-3	2694329	130317	7	5166	7	130000	5000	incorrect	147
019	18	Response	52	2705503	141492	1
019	19	Sound	P2/beat	2739826	25000	1			25000		other	0
019	19	Sound	test07	2786326	71500	1			71500		other	0
019	19	Picture	2-223-1-2	2845143	130317	7	5166	7	130000	5000	hit	151
019	19	Response	62	2858943	144117	1
019	20	Sound	P2/beat	2890640	25000	1			25000		other	0
019	20	Sound	f23	2937140	71500	1			71500		other	0
019	20	Picture	2-113-1-2	2995958	130317	7	5166	7	130000	5000	hit	155
019	20	Response	61	3010943	145302	1
019	21	Sound	P0/none1	3041455	25000	1			25000		other	0
019	21	Sound	test23	3087955	71500	1			71500		other	0
019	21	Picture	2-221-2-2	3146773	130317	7	5166	7	130000	5000	hit	159
019	21	Response	62	3163263	146808	1
019	22	Sound	P0/none	3192270	25000	1			25000		other	0
019	22	Sound	f24	3238770	71500	1			71500		other	0
019	22	Picture	3-121-1-3	3297587	130317	7	5166	7	130000	5000	hit	163
019	22	Response	62	3308463	141193	2
019	23	Sound	P0/none	3343085	25000	1			25000		other	0
019	23	Sound	n06	3389585	71500	1			71500		other	0
019	23	Picture	3-211-1-3	3448402	130317	7	5166	7	130000	5000	incorrect	167
019	23	Response	52	3458303	140218	1
019	24	Sound	P0/none	3493899	25000	1			25000		other	0
019	24	Sound	test24	3540400	71500	1			71500		other	0
019	24	Picture	2-221-1-2	3599217	130317	7	5166	7	130000	5000	hit	171
019	24	Response	62	3617182	148283	2
019	25	Sound	P1/tapping1	3644714	25000	1			25000		other	0
019	25	Response	53	3647502	27788	1
019	25	Response	53	3652222	32508	1
019	25	Response	53	3660382	40668	1
019	25	Response	53	3665342	45628	1
019	25	Response	53	3670862	51148	1
019	25	Response	53	3676702	56988	1
019	25	Response	53	3682142	62428	1
019	25	Response	53	3688142	68428	1
019	25	Sound	test02	3691214	71500	1			71500		other	0
019	25	Response	53	3693582	73868	1
019	25	Picture	2-212-1-2	3750031	130317	7	5166	7	130000	5000	hit	184
019	25	Response	61	3767502	147788	1
019	26	Sound	P1/tapping	3795529	25000	1			25000		other	0
019	26	Response	53	3800622	30093	1
019	26	Response	53	3806142	35613	2
019	26	Response	53	3815262	44733	1
019	26	Response	53	3819822	49293	1
019	26	Response	53	3824622	54093	1
019	26	Response	53	3829902	59373	1
019	26	Response	53	3835582	65053	1
019	26	Response	53	3841502	70973	1
019	26	Sound	f14	3842029	71500	1			71500		other	0
019	26	Picture	2-122-2-2	3900846	130317	7	5166	7	130000	5000	hit	196
019	26	Response	62	3911982	141453	2
019	27	Response	53	3937422	16079	1
019	27	Response	53	3942702	21359	1
019	27	Sound	P1/tapping	3946343	25000	1			25000		other	0
019	27	Response	53	3948062	26718	1
019	27	Response	53	3952382	31038	1
019	27	Response	53	3957902	36558	1
019	27	Response	53	3963342	41999	1
019	27	Response	53	3968862	47518	1
019	27	Response	53	3973982	52638	1
019	27	Response	53	3979902	58558	1
019	27	Response	53	3985102	63759	1
019	27	Response	53	3990222	68878	1
019	27	Sound	f17	3992843	71500	1			71500		other	0
019	27	Response	53	3995902	74559	1
019	27	Picture	3-122-1-3	4051661	130317	7	5166	7	130000	5000	incorrect	212
019	27	Response	51	4062142	140799	1
019	28	Response	53	4096062	23903	1
019	28	Sound	P1/tapping	4097158	25000	1			25000		other	0
019	28	Response	53	4101262	29103	1
019	28	Response	53	4106622	34463	1
019	28	Response	53	4111822	39663	2
019	28	Response	53	4116942	44783	1
019	28	Response	53	4121502	49343	1
019	28	Response	53	4126622	54463	1
019	28	Response	53	4131182	59024	1
019	28	Response	53	4136622	64463	1
019	28	Response	53	4141982	69823	2
019	28	Sound	test17	4143658	71500	1			71500		other	0
019	28	Picture	2-222-2-2	4202475	130317	7	5166	7	130000	5000	hit	226
019	28	Response	62	4215742	143583	1
019	29	Sound	P2/beat1	4247973	25000	1			25000		other	0
019	29	Sound	f10	4294473	71500	1			71500		other	0
019	29	Picture	2-123-1-2	4353290	130317	7	5166	7	130000	5000	incorrect	230
019	29	Response	51	4363582	140609	1
019	30	Sound	P2/beat	4398787	25000	1			25000		other	0
019	30	Sound	test01	4445287	71500	1			71500		other	0
019	30	Picture	2-223-1-2	4504105	130317	7	5166	7	130000	5000	hit	234
019	30	Response	62	4512622	138834	2
019	31	Sound	P2/beat	4549602	25000	1			25000		other	0
019	31	Sound	test12	4596102	71500	1			71500		other	0
019	31	Picture	2-213-1-2	4654919	130317	7	5166	7	130000	5000	incorrect	238
019	31	Response	52	4663661	139059	2
019	32	Sound	P2/beat	4700416	24999	1			25000		other	0
019	32	Sound	test08	4746917	71500	1			71500		other	0
019	32	Picture	2-223-1-2	4805734	130317	7	5166	7	130000	5000	hit	242
019	32	Response	62	4814141	138724	1
019	33	Sound	P2/both1	4851232	25000	1			25000		other	0
019	33	Response	53	4854221	27989	1
019	33	Response	53	4858301	32069	1
019	33	Response	53	4863261	37029	1
019	33	Response	53	4868781	42549	1
019	33	Response	53	4874541	48309	1
019	33	Response	53	4880541	54309	1
019	33	Response	53	4886461	60229	1
019	33	Response	53	4892782	66550	2
019	33	Sound	f09	4897732	71500	1			71500		other	0
019	33	Response	53	4898541	72309	1
019	33	Picture	3-114-1-3	4956549	130317	7	5166	7	130000	5000	incorrect	255
019	33	Response	52	4970781	144549	1
019	34	Response	53	4999421	22374	1
019	34	Sound	P2/both	5002046	25000	1			25000		other	0
019	34	Response	53	5005661	28614	2
019	34	Response	53	5012701	35655	1
019	34	Response	53	5018861	41814	1
019	34	Response	53	5024621	47574	1
019	34	Response	53	5031421	54374	1
019	34	Response	53	5036861	59814	1
019	34	Response	53	5043021	65974	1
019	34	Sound	test03	5048546	71500	1			71500		other	0
019	34	Response	53	5049181	72134	1
019	34	Picture	3-214-1-3	5107364	130317	7	5166	7	130000	5000	hit	268
019	34	Response	61	5118781	141734	1
019	35	Sound	P2/both	5152861	25000	1			25000		other	0
019	35	Response	53	5154861	27000	1
019	35	Response	53	5159981	32120	2
019	35	Response	53	5165422	37561	2
019	35	Response	53	5170301	42440	1
019	35	Response	53	5177101	49240	1
019	35	Response	53	5182381	54520	1
019	35	Response	53	5187821	59960	1
019	35	Response	53	5193581	65720	1
019	35	Sound	f04	5199361	71500	1			71500		other	0
019	35	Response	53	5200141	72280	1
019	35	Picture	3-114-1-3	5258178	130317	7	5166	7	130000	5000	hit	281
019	35	Response	61	5267501	139640	1
019	36	Response	53	5302221	23545	2
019	36	Sound	P2/both	5303676	25000	1			25000		other	0
019	36	Response	53	5308061	29385	1
019	36	Response	53	5314461	35785	2
019	36	Response	53	5320541	41865	1
019	36	Response	53	5326381	47705	1
019	36	Response	53	5333981	55305	2
019	36	Response	53	5339101	60425	2
019	36	Response	53	5344781	66105	1
019	36	Sound	f18	5350175	71500	1			71500		other	0
019	36	Response	53	5350621	71945	1
019	36	Picture	2-114-2-2	5408993	130317	7	5166	7	130000	5000	hit	294
019	36	Response	61	5428942	150266	3
019	37	Sound	P0/none1	5454490	25000	1			25000		other	0
019	37	Sound	f19	5500990	71500	1			71500		other	0
019	37	Picture	3-121-1-3	5559808	130317	7	5166	7	130000	5000	incorrect	298
019	37	Response	51	5575181	145690	2
019	38	Sound	P0/none	5605305	25000	1			25000		other	0
019	38	Sound	test09	5651805	71500	1			71500		other	0
019	38	Picture	2-211-1-2	5710622	130317	7	5166	7	130000	5000	hit	302
019	38	Response	61	5720621	140316	1
019	39	Sound	P0/none	5756120	25000	1			25000		other	0
019	39	Sound	f02	5802620	71500	1			71500		other	0
019	39	Picture	3-121-2-3	5861437	130317	7	5166	7	130000	5000	hit	306
019	39	Response	62	5877980	146861	1
019	40	Sound	P0/none	5906934	25000	1			25000		other	0
019	40	Sound	n13	5953434	71500	1			71500		other	0
019	40	Picture	2-221-1-2	6012252	130317	7	5166	7	130000	5000	incorrect	310
019	40	Response	51	6022760	140825	127
019	41	Response	53	6057261	24511	1
019	41	Sound	P1/tapping1	6057749	25000	1			25000		other	0
019	41	Response	53	6063260	30511	1
019	41	Response	53	6069020	36271	2
019	41	Response	53	6074061	41312	2
019	41	Response	53	6079260	46511	1
019	41	Response	53	6084540	51791	1
019	41	Response	53	6089740	56991	1
019	41	Response	53	6094860	62111	1
019	41	Response	53	6100301	67552	2
019	41	Sound	f16	6104249	71500	1			71500		other	0
019	41	Response	53	6105740	72991	1
019	41	Picture	3-112-1-3	6163066	130317	7	5166	7	130000	5000	incorrect	324
019	41	Response	52	6180300	147551	2
019	42	Sound	P1/tapping	6208564	25000	1			25000		other	0
019	42	Response	53	6211500	27936	1
019	42	Response	53	6215660	32096	1
019	42	Response	53	6221260	37696	2
019	42	Response	53	6225900	42336	1
019	42	Response	53	6231021	47457	1
019	42	Response	53	6236220	52656	2
019	42	Response	53	6241420	57856	1
019	42	Response	53	6246460	62896	1
019	42	Response	53	6251580	68016	1
019	42	Sound	n14	6255064	71500	1			71500		other	0
019	42	Response	53	6256860	73296	1
019	42	Picture	3-112-1-3	6313881	130317	7	5166	7	130000	5000	hit	338
019	42	Response	61	6323660	140096	2
019	43	Response	53	6354620	20242	1
019	43	Sound	P1/tapping	6359378	25000	1			25000		other	0
019	43	Response	53	6359660	25281	1
019	43	Response	53	6364540	30161	1
019	43	Response	53	6370060	35681	1
019	43	Response	53	6375180	40801	1
019	43	Response	53	6379820	45441	1
019	43	Response	53	6384940	50561	1
019	43	Response	53	6389900	55521	1
019	43	Response	53	6395580	61201	1
019	43	Response	53	6401820	67441	1
019	43	Sound	f07	6405878	71500	1			71500		other	0
019	43	Response	53	6407660	73281	1
019	43	Picture	2-112-1-2	6464696	130317	7	5166	7	130000	5000	incorrect	353
019	43	Response	52	6477820	143441	1
019	44	Response	53	6500140	14947	1
019	44	Response	53	6506220	21027	1
019	44	Sound	P1/tapping	6510193	25000	1			25000		other	0
019	44	Response	53	6511900	26707	1
019	44	Response	53	6516700	31506	1
019	44	Response	53	6523100	37907	1
019	44	Response	53	6528380	43186	1
019	44	Response	53	6534380	49186	1
019	44	Response	53	6539900	54706	1
019	44	Response	53	6545180	59986	1
019	44	Response	53	6550380	65186	1
019	44	Response	53	6555900	70706	1
019	44	Sound	n11	6556693	71500	1			71500		other	0
019	44	Response	53	6561420	76226	1
019	44	Picture	2-112-1-2	6615510	130317	7	5166	7	130000	5000	hit	369
019	44	Response	61	6623979	138786	1
019	45	Sound	P2/both1	6661008	25000	1			25000		other	0
019	45	Response	53	6662140	26132	2
019	45	Response	53	6666860	30852	2
019	45	Response	53	6672380	36372	2
019	45	Response	53	6678140	42132	1
019	45	Response	53	6684140	48132	2
019	45	Response	53	6690460	54452	1
019	45	Response	53	6696300	60292	2
019	45	Response	53	6702380	66372	2
019	45	Sound	test10	6707508	71500	1			71500		other	0
019	45	Response	53	6708300	72292	1
019	45	Picture	2-224-1-2	6766325	130317	7	5166	7	130000	5000	hit	382
019	45	Response	62	6780379	144371	2
019	46	Response	53	6805899	19077	1
019	46	Sound	P2/both	6811822	25000	1			25000		other	0
019	46	Response	53	6812379	25557	1
019	46	Response	53	6817819	30997	1
019	46	Response	53	6823339	36517	1
019	46	Response	53	6829259	42437	2
019	46	Response	53	6835179	48357	1
019	46	Response	53	6841099	54277	1
019	46	Response	53	6847659	60837	3
019	46	Response	53	6853339	66517	1
019	46	Sound	test14	6858322	71500	1			71500		other	0
019	46	Picture	3-224-1-3	6917140	130317	7	5166	7	130000	5000	hit	395
019	46	Response	62	6929581	142758	3
019	47	Sound	P2/both	6962637	25000	1			25000		other	0
019	47	Response	53	6963499	25862	2
019	47	Response	53	6968619	30982	1
019	47	Response	53	6974459	36822	1
019	47	Response	53	6980460	42822	2
019	47	Response	53	6986219	48582	2
019	47	Response	53	6992219	54582	1
019	47	Response	53	6998459	60822	1
019	47	Response	53	7004619	66982	1
019	47	Sound	test21	7009137	71500	1			71500		other	0
019	47	Response	53	7010459	72822	1
019	47	Picture	2-224-2-2	7067954	130317	7	5166	7	130000	5000	hit	408
019	47	Response	62	7083339	145702	1
019	48	Sound	P2/both	7113452	25000	1			25000		other	0
019	48	Response	53	7115099	26647	1
019	48	Response	53	7119819	31367	1
019	48	Response	53	7125579	37127	1
019	48	Response	53	7132700	44248	1
019	48	Response	53	7137179	48727	1
019	48	Response	53	7142459	54007	1
019	48	Response	53	7148219	59767	1
019	48	Response	53	7154700	66248	2
019	48	Sound	test11	7159952	71500	1			71500		other	0
019	48	Response	53	7160779	72327	1
019	48	Picture	3-224-1-3	7218769	130317	7	5166	7	130000	5000	hit	421
019	48	Response	62	7232459	144007	2
019	49	Response	53	7262859	23592	1
019	49	Sound	P1/tapping1	7264266	25000	1			25000		other	0
019	49	Response	53	7269419	30152	1
019	49	Response	53	7275899	36632	1
019	49	Response	53	7281899	42632	1
019	49	Response	53	7287179	47912	1
019	49	Response	53	7293019	53752	1
019	49	Response	53	7298939	59672	2
019	49	Response	53	7304699	65433	2
019	49	Response	53	7310299	71032	2
019	49	Sound	f22	7310766	71500	1			71500		other	0
019	49	Picture	3-112-1-3	7369584	130317	7	5166	7	130000	5000	incorrect	434
019	49	Response	52	7379979	140712	1
019	50	Response	53	7407339	17258	1
019	50	Response	53	7412939	22858	1
019	50	Sound	P1/tapping	7415081	25000	1			25000		other	0
019	50	Response	53	7418379	28298	1
019	50	Response	53	7423819	33737	1
019	50	Response	53	7428699	38618	1
019	50	Response	53	7434059	43977	2
019	50	Response	53	7439259	49177	1
019	50	Response	53	7444699	54617	1
019	50	Response	53	7449819	59737	2
019	50	Response	53	7455019	64937	1
019	50	Response	53	7460059	69977	1
019	50	Sound	n12	7461581	71500	1			71500		other	0
019	50	Picture	3-112-1-3	7520398	130317	7	5166	7	130000	5000	hit	449
019	50	Response	61	7530139	140057	1
019	51	Response	53	7563499	22603	2
019	51	Sound	P1/tapping	7565896	25000	1			25000		other	0
019	51	Response	53	7568778	27882	1
019	51	Response	53	7575019	34122	1
019	51	Response	53	7580298	39402	1
019	51	Response	53	7585818	44922	1
019	51	Response	53	7590939	50043	1
019	51	Response	53	7596138	55242	1
019	51	Response	53	7601738	60842	2
019	51	Response	53	7607738	66842	1
019	51	Sound	test25	7612396	71500	1			71500		other	0
019	51	Response	53	7613339	72443	1
019	51	Picture	3-222-1-3	7671213	130317	7	5166	7	130000	5000	hit	463
019	51	Response	62	7687099	146203	1
019	52	Response	53	7714698	22988	2
019	52	Sound	P1/tapping	7716710	25000	1			25000		other	0
019	52	Response	53	7721099	29388	1
019	52	Response	53	7727178	35468	2
019	52	Response	53	7732219	40508	1
019	52	Response	53	7737498	45788	1
019	52	Response	53	7742699	50988	1
019	52	Response	53	7747898	56187	1
019	52	Response	53	7753098	61388	1
019	52	Response	53	7758699	66988	2
019	52	Sound	f20	7763210	71500	1			71500		other	0
019	52	Response	53	7764058	72348	2
019	52	Picture	3-112-1-3	7822028	130317	7	5166	7	130000	5000	hit	477
019	52	Response	61	7831179	139468	1
019	53	Sound	P0/none1	7867525	25000	1			25000		other	0
019	53	Sound	f12	7914025	71500	1			71500		other	0
019	53	Picture	3-111-1-3	7972843	130317	7	5166	7	130000	5000	hit	481
019	53	Response	61	7984778	142253	1
019	54	Sound	P0/none	8018340	25000	1			25000		other	0
019	54	Sound	test06	8064840	71500	1			71500		other	0
019	54	Picture	2-211-1-2	8123657	130317	7	5166	7	130000	5000	hit	485
019	54	Response	61	8138858	145518	1
019	55	Sound	P0/none	8169155	25000	1			25000		other	0
019	55	Sound	f06	8215655	71500	1			71500		other	0
019	55	Picture	2-121-1-2	8274472	130317	7	5166	7	130000	5000	incorrect	489
019	55	Response	51	8284858	140703	1
019	56	Sound	P0/none	8319969	25000	1			25000		other	0
019	56	Sound	n10	8366469	71500	1			71500		other	0
019	56	Picture	3-111-1-3	8425287	130317	7	5166	7	130000	5000	hit	493
019	56	Response	61	8434138	139168	1
019	57	Sound	P2/beat1	8470784	25000	1			25000		other	0
019	57	Sound	f13	8517284	71500	1			71500		other	0
019	57	Picture	2-123-1-2	8576101	130317	7	5166	7	130000	5000	hit	497
019	57	Response	62	8589338	143553	2
019	58	Sound	P2/beat	8621599	25000	1			25000		other	0
019	58	Sound	test22	8668099	71500	1			71500		other	0
019	58	Picture	2-213-2-2	8726916	130317	7	5166	7	130000	5000	hit	501
019	58	Response	61	8743098	146499	2
019	59	Sound	P2/beat	8772413	25000	1			25000		other	0
019	59	Sound	n09	8818913	71500	1			71500		other	0
019	59	Picture	3-223-1-3	8877731	130317	7	5166	7	130000	5000	incorrect	505
019	59	Response	51	8892378	144964	1
019	60	Sound	P2/beat	8923228	25000	1			25000		other	0
019	60	Sound	test19	8969728	71500	1			71500		other	0
019	60	Picture	2-213-1-2	9028545	130317	7	5166	7	130000	5000	incorrect	509
019	60	Response	52	9037497	139269	1


Event Type	Code	Type	Response	RT	RT Uncertainty	Time	Uncertainty	Duration	Uncertainty	ReqTime	ReqDur

Sound	P2/beat1	other				25160	1			25000
Sound	n05	other				71660	1			71500
Picture	3-113-1-3	incorrect	2	10708	7	130478	7	5166	7	130000	5000
Sound	P2/beat	other				175975	2			25000
Sound	f05	other				222475	1			71500
Picture	3-113-1-3	hit	1	10853	7	281293	7	5166	7	130000	5000
Sound	P2/beat	other				326790	1			25000
Sound	n01	other				373290	1			71500
Picture	3-223-1-3	hit	2	11078	7	432107	7	5166	7	130000	5000
Sound	P2/beat	other				477605	1			25000
Sound	test15	other				524105	1			71500
Picture	2-223-1-2	hit	2	10743	7	582922	7	5166	7	130000	5000
Sound	P1/tapping1	other				628419	1			25000
Sound	f08	other				674920	1			71500
Picture	3-122-2-3	hit	2	14969	9	733737	7	5166	7	130000	5000
Sound	P1/tapping	other				779234	1			25000
Sound	f01	other				825734	1			71500
Picture	2-122-1-2	incorrect	1	10393	7	884552	7	5166	7	130000	5000
Sound	P1/tapping	other				930049	1			25000
Sound	n03	other				976549	1			71500
Picture	3-122-1-3	hit	2	9178	7	1035366	7	5166	7	130000	5000
Sound	P1/tapping	other				1080864	1			25000
Sound	test18	other				1127364	1			71500
Picture	3-212-1-3	hit	1	10283	7	1186181	7	5166	7	130000	5000
Sound	P2/both1	other				1231679	1			25000
Sound	test13	other				1278179	1			71500
Picture	3-214-1-3	incorrect	2	10669	7	1336996	7	5166	7	130000	5000
Sound	P2/both	other				1382493	1			25000
Sound	test04	other				1428993	1			71500
Picture	2-224-1-2	hit	2	8734	7	1487811	7	5166	7	130000	5000
Sound	P2/both	other				1533308	1			25000
Sound	f15	other				1579808	1			71500
Picture	3-124-1-3	hit	2	9198	7	1638626	7	5166	7	130000	5000
Sound	P2/both	other				1684123	1			25000
Sound	f21	other				1730623	1			71500
Picture	3-124-1-3	hit	2	10624	7	1789440	7	5166	7	130000	5000
Sound	P0/none1	other				1834938	1			25000
Sound	n07	other				1881437	1			71500
Picture	2-221-1-2	miss				1940255	7	5166	7	130000	5000
Sound	P0/none	other				1985752	1			25000
Sound	n04	other				2032252	1			71500
Picture	2-211-1-2	incorrect	2	9394	7	2091070	7	5166	7	130000	5000
Sound	P0/none	other				2136567	1			25000
Sound	f03	other				2183067	1			71500
Picture	2-111-1-2	incorrect	2	10180	8	2241884	7	5166	7	130000	5000
Sound	P0/none	other				2287382	1			25000
Sound	test05	other				2333882	1			71500
Picture	2-211-1-2	hit	1	10325	7	2392699	7	5166	7	130000	5000
Sound	P2/beat1	other				2438196	1			25000
Sound	test16	other				2484697	1			71500
Picture	3-213-1-3	hit	1	12470	8	2543514	7	5166	7	130000	5000
Sound	P2/beat	other				2589011	1			25000
Sound	f11	other				2635511	1			71500
Picture	3-113-1-3	incorrect	2	11175	7	2694329	7	5166	7	130000	5000
Sound	P2/beat	other				2739826	1			25000
Sound	test07	other				2786326	1			71500
Picture	2-223-1-2	hit	2	13800	7	2845143	7	5166	7	130000	5000
Sound	P2/beat	other				2890640	1			25000
Sound	f23	other				2937140	1			71500
Picture	2-113-1-2	hit	1	14985	7	2995958	7	5166	7	130000	5000
Sound	P0/none1	other				3041455	1			25000
Sound	test23	other				3087955	1			71500
Picture	2-221-2-2	hit	2	16490	7	3146773	7	5166	7	130000	5000
Sound	P0/none	other				3192270	1			25000
Sound	f24	other				3238770	1			71500
Picture	3-121-1-3	hit	2	10875	8	3297587	7	5166	7	130000	5000
Sound	P0/none	other				3343085	1			25000
Sound	n06	other				3389585	1			71500
Picture	3-211-1-3	incorrect	2	9901	7	3448402	7	5166	7	130000	5000
Sound	P0/none	other				3493899	1			25000
Sound	test24	other				3540400	1			71500
Picture	2-221-1-2	hit	2	17966	8	3599217	7	5166	7	130000	5000
Sound	P1/tapping1	other				3644714	1			25000
Sound	test02	other				3691214	1			71500
Picture	2-212-1-2	hit	1	17471	7	3750031	7	5166	7	130000	5000
Sound	P1/tapping	other				3795529	1			25000
Sound	f14	other				3842029	1			71500
Picture	2-122-2-2	hit	2	11136	8	3900846	7	5166	7	130000	5000
Sound	P1/tapping	other				3946343	1			25000
Sound	f17	other				3992843	1			71500
Picture	3-122-1-3	incorrect	1	10481	7	4051661	7	5166	7	130000	5000
Sound	P1/tapping	other				4097158	1			25000
Sound	test17	other				4143658	1			71500
Picture	2-222-2-2	hit	2	13266	7	4202475	7	5166	7	130000	5000
Sound	P2/beat1	other				4247973	1			25000
Sound	f10	other				4294473	1			71500
Picture	2-123-1-2	incorrect	1	10291	7	4353290	7	5166	7	130000	5000
Sound	P2/beat	other				4398787	1			25000
Sound	test01	other				4445287	1			71500
Picture	2-223-1-2	hit	2	8517	8	4504105	7	5166	7	130000	5000
Sound	P2/beat	other				4549602	1			25000
Sound	test12	other				4596102	1			71500
Picture	2-213-1-2	incorrect	2	8742	8	4654919	7	5166	7	130000	5000
Sound	P2/beat	other				4700416	1			25000
Sound	test08	other				4746917	1			71500
Picture	2-223-1-2	hit	2	8407	7	4805734	7	5166	7	130000	5000
Sound	P2/both1	other				4851232	1			25000
Sound	f09	other				4897732	1			71500
Picture	3-114-1-3	incorrect	2	14232	7	4956549	7	5166	7	130000	5000
Sound	P2/both	other				5002046	1			25000
Sound	test03	other				5048546	1			71500
Picture	3-214-1-3	hit	1	11417	7	5107364	7	5166	7	130000	5000
Sound	P2/both	other				5152861	1			25000
Sound	f04	other				5199361	1			71500
Picture	3-114-1-3	hit	1	9323	7	5258178	7	5166	7	130000	5000
Sound	P2/both	other				5303676	1			25000
Sound	f18	other				5350175	1			71500
Picture	2-114-2-2	hit	1	19949	9	5408993	7	5166	7	130000	5000
Sound	P0/none1	other				5454490	1			25000
Sound	f19	other				5500990	1			71500
Picture	3-121-1-3	incorrect	1	15373	8	5559808	7	5166	7	130000	5000
Sound	P0/none	other				5605305	1			25000
Sound	test09	other				5651805	1			71500
Picture	2-211-1-2	hit	1	9998	7	5710622	7	5166	7	130000	5000
Sound	P0/none	other				5756120	1			25000
Sound	f02	other				5802620	1			71500
Picture	3-121-2-3	hit	2	16543	7	5861437	7	5166	7	130000	5000
Sound	P0/none	other				5906934	1			25000
Sound	n13	other				5953434	1			71500
Picture	2-221-1-2	incorrect	1	10508	134	6012252	7	5166	7	130000	5000
Sound	P1/tapping1	other				6057749	1			25000
Sound	f16	other				6104249	1			71500
Picture	3-112-1-3	incorrect	2	17234	8	6163066	7	5166	7	130000	5000
Sound	P1/tapping	other				6208564	1			25000
Sound	n14	other				6255064	1			71500
Picture	3-112-1-3	hit	1	9779	8	6313881	7	5166	7	130000	5000
Sound	P1/tapping	other				6359378	1			25000
Sound	f07	other				6405878	1			71500
Picture	2-112-1-2	incorrect	2	13124	7	6464696	7	5166	7	130000	5000
Sound	P1/tapping	other				6510193	1			25000
Sound	n11	other				6556693	1			71500
Picture	2-112-1-2	hit	1	8469	7	6615510	7	5166	7	130000	5000
Sound	P2/both1	other				6661008	1			25000
Sound	test10	other				6707508	1			71500
Picture	2-224-1-2	hit	2	14054	8	6766325	7	5166	7	130000	5000
Sound	P2/both	other				6811822	1			25000
Sound	test14	other				6858322	1			71500
Picture	3-224-1-3	hit	2	12441	9	6917140	7	5166	7	130000	5000
Sound	P2/both	other				6962637	1			25000
Sound	test21	other				7009137	1			71500
Picture	2-224-2-2	hit	2	15385	7	7067954	7	5166	7	130000	5000
Sound	P2/both	other				7113452	1			25000
Sound	test11	other				7159952	1			71500
Picture	3-224-1-3	hit	2	13690	8	7218769	7	5166	7	130000	5000
Sound	P1/tapping1	other				7264266	1			25000
Sound	f22	other				7310766	1			71500
Picture	3-112-1-3	incorrect	2	10395	7	7369584	7	5166	7	130000	5000
Sound	P1/tapping	other				7415081	1			25000
Sound	n12	other				7461581	1			71500
Picture	3-112-1-3	hit	1	9740	7	7520398	7	5166	7	130000	5000
Sound	P1/tapping	other				7565896	1			25000
Sound	test25	other				7612396	1			71500
Picture	3-222-1-3	hit	2	15886	7	7671213	7	5166	7	130000	5000
Sound	P1/tapping	other				7716710	1			25000
Sound	f20	other				7763210	1			71500
Picture	3-112-1-3	hit	1	9151	7	7822028	7	5166	7	130000	5000
Sound	P0/none1	other				7867525	1			25000
Sound	f12	other				7914025	1			71500
Picture	3-111-1-3	hit	1	11936	7	7972843	7	5166	7	130000	5000
Sound	P0/none	other				8018340	1			25000
Sound	test06	other				8064840	1			71500
Picture	2-211-1-2	hit	1	15201	7	8123657	7	5166	7	130000	5000
Sound	P0/none	other				8169155	1			25000
Sound	f06	other				8215655	1			71500
Picture	2-121-1-2	incorrect	1	10386	7	8274472	7	5166	7	130000	5000
Sound	P0/none	other				8319969	1			25000
Sound	n10	other				8366469	1			71500
Picture	3-111-1-3	hit	1	8851	7	8425287	7	5166	7	130000	5000
Sound	P2/beat1	other				8470784	1			25000
Sound	f13	other				8517284	1			71500
Picture	2-123-1-2	hit	2	13236	8	8576101	7	5166	7	130000	5000
Sound	P2/beat	other				8621599	1			25000
Sound	test22	other				8668099	1			71500
Picture	2-213-2-2	hit	1	16182	8	8726916	7	5166	7	130000	5000
Sound	P2/beat	other				8772413	1			25000
Sound	n09	other				8818913	1			71500
Picture	3-223-1-3	incorrect	1	14647	7	8877731	7	5166	7	130000	5000
Sound	P2/beat	other				8923228	1			25000
Sound	test19	other				8969728	1			71500
Picture	2-213-1-2	incorrect	2	8952	7	9028545	7	5166	7	130000	5000


{
   "app": "Presentation Version 22.1 Build 01.21.21",
   "device": "Dell Inc. OptiPlex 7050",
   "experiment": "{C8E97CB4-6FCA-44FA-B866-4A2D94B6B85C}",
   "os": "Windows 10 64 bit",
   "package": "",
   "parameters": {
      "configuration": "Default configuration"
   },
   "scenario": "entrain_list1_sess2_EB.sce",
   "subject": "019",
   "timestamp": "2022/11/14 09:25:55 GMT"
}
