Scenario - test
Logfile written - 11/14/2022 11:35:16

Subject	Trial	Event Type	Code	Time	TTime	Uncertainty	Duration	Uncertainty	ReqTime	ReqDur	Stim Type	Pair Index

019	1	Sound	P2/both1	25160	24999	1			25000		other	0
019	1	Response	53	27272	27111	1
019	1	Response	53	31672	31512	2
019	1	Response	53	37112	36951	1
019	1	Response	53	42871	42711	1
019	1	Response	53	48552	48391	2
019	1	Response	53	53911	53751	1
019	1	Response	53	59832	59672	2
019	1	Response	53	65911	65751	2
019	1	Sound	test06	71661	71500	1			71500		other	0
019	1	Response	53	72231	72071	2
019	1	Picture	3-224-1-3	130478	130317	7	5166	7	130000	5000	hit	13
019	1	Response	62	142632	142471	2
019	2	Response	53	170632	19657	2
019	2	Sound	P2/both	175975	25000	1			25000		other	0
019	2	Response	53	177032	26056	1
019	2	Response	53	182072	31096	2
019	2	Response	53	188072	37096	1
019	2	Response	53	193832	42856	1
019	2	Response	53	200072	49097	1
019	2	Response	53	205832	54856	1
019	2	Response	53	212152	61176	1
019	2	Response	53	217912	66936	1
019	2	Sound	f17	222475	71500	1			71500		other	0
019	2	Picture	2-114-2-2	281292	130317	7	5166	7	130000	5000	hit	26
019	2	Response	61	301191	150216	1
019	3	Response	53	321671	19881	1
019	3	Sound	P2/both	326790	25000	1			25000		other	0
019	3	Response	53	328552	26762	3
019	3	Response	53	332871	31081	1
019	3	Response	53	338631	36841	2
019	3	Response	53	344551	42761	2
019	3	Response	53	350152	48362	1
019	3	Response	53	356551	54761	1
019	3	Response	53	362551	60761	2
019	3	Response	53	368791	67002	1
019	3	Sound	f02	373290	71500	1			71500		other	0
019	3	Picture	3-114-2-3	432107	130317	7	5166	7	130000	5000	hit	39
019	3	Response	61	441031	139241	1
019	4	Response	53	470791	18187	1
019	4	Response	53	477191	24587	1
019	4	Sound	P2/both	477605	25000	1			25000		other	0
019	4	Response	53	483351	30747	1
019	4	Response	53	488791	36187	1
019	4	Response	53	494872	42267	2
019	4	Response	53	501431	48827	1
019	4	Response	53	507671	55067	1
019	4	Response	53	513831	61227	1
019	4	Response	53	519991	67387	1
019	4	Sound	n09	524105	71500	1			71500		other	0
019	4	Picture	2-214-2-2	582922	130317	7	5166	7	130000	5000	incorrect	52
019	4	Response	52	602232	149627	3
019	5	Sound	P0/none1	628419	25000	1			25000		other	0
019	5	Sound	test15	674919	71500	1			71500		other	0
019	5	Picture	2-211-1-2	733737	130317	7	5166	7	130000	5000	hit	56
019	5	Response	61	748311	144892	1
019	6	Sound	P0/none	779234	25000	1			25000		other	0
019	6	Sound	test07	825734	71500	1			71500		other	0
019	6	Picture	3-221-1-3	884551	130317	7	5166	7	130000	5000	hit	60
019	6	Response	62	896231	141997	1
019	7	Sound	P0/none	930049	25000	1			25000		other	0
019	7	Sound	f16	976548	71500	1			71500		other	0
019	7	Picture	2-121-1-2	1035366	130317	7	5166	7	130000	5000	hit	64
019	7	Response	62	1047351	142302	1
019	8	Sound	P0/none	1080863	25000	1			25000		other	0
019	8	Sound	f15	1127363	71500	1			71500		other	0
019	8	Picture	2-111-2-2	1186181	130317	7	5166	7	130000	5000	hit	68
019	8	Response	61	1193191	137328	1
019	9	Sound	P1/tapping1	1231678	25000	1			25000		other	0
019	9	Response	53	1232311	25633	2
019	9	Response	53	1237751	31073	1
019	9	Response	53	1243271	36592	2
019	9	Response	53	1248791	42112	1
019	9	Response	53	1254231	47552	1
019	9	Response	53	1259750	53072	1
019	9	Response	53	1265271	58592	1
019	9	Response	53	1270791	64112	1
019	9	Response	53	1276470	69792	1
019	9	Sound	test24	1278178	71500	1			71500		other	0
019	9	Picture	2-212-2-2	1336995	130317	7	5166	7	130000	5000	hit	81
019	9	Response	61	1343830	137152	1
019	10	Response	53	1374870	17377	1
019	10	Response	53	1381270	23777	1
019	10	Sound	P1/tapping	1382493	25000	1			25000		other	0
019	10	Response	53	1386950	29457	1
019	10	Response	53	1392230	34737	2
019	10	Response	53	1397430	39937	1
019	10	Response	53	1402631	45138	2
019	10	Response	53	1407830	50337	2
019	10	Response	53	1412550	55057	1
019	10	Response	53	1417750	60257	1
019	10	Response	53	1423110	65617	1
019	10	Response	53	1427430	69937	2
019	10	Sound	n01	1428993	71500	1			71500		other	0
019	10	Response	51	1441190	83697	1
019	10	Picture	2-222-1-2	1487810	130317	7	5166	7	130000	5000	hit	97
019	10	Response	62	1499671	142177	1
019	11	Response	53	1527830	19523	1
019	11	Response	53	1533190	24882	1
019	11	Sound	P1/tapping	1533308	25000	1			25000		other	0
019	11	Response	53	1538470	30162	2
019	11	Response	53	1543830	35522	2
019	11	Response	53	1549270	40963	1
019	11	Response	53	1554870	46562	1
019	11	Response	53	1560311	52003	2
019	11	Response	53	1565670	57362	1
019	11	Response	53	1570870	62562	1
019	11	Response	53	1576441	68133	138
019	11	Sound	test12	1579807	71500	1			71500		other	0
019	11	Response	53	1582710	74403	1
019	11	Picture	3-222-1-3	1638625	130317	7	5166	7	130000	5000	incorrect	112
019	11	Response	51	1655910	147603	1
019	12	Response	53	1679030	19908	1
019	12	Sound	P1/tapping	1684122	25000	1			25000		other	0
019	12	Response	53	1684710	25588	1
019	12	Response	53	1689910	30788	2
019	12	Response	53	1695511	36388	2
019	12	Response	53	1701350	42228	2
019	12	Response	53	1706710	47587	2
019	12	Response	53	1712550	53428	2
019	12	Response	53	1718310	59188	1
019	12	Response	53	1724231	65108	2
019	12	Response	53	1729510	70388	2
019	12	Sound	test03	1730622	71500	1			71500		other	0
019	12	Picture	3-222-1-3	1789440	130317	7	5166	7	130000	5000	hit	126
019	12	Response	62	1803510	144388	1
019	13	Sound	P2/beat1	1834937	25000	1			25000		other	0
019	13	Sound	test04	1881435	71498	1			71500		other	0
019	13	Picture	3-213-1-3	1940254	130317	7	5166	7	130000	5000	incorrect	130
019	13	Response	52	1952710	142773	2
019	14	Sound	P2/beat	1985752	25000	1			25000		other	0
019	14	Sound	f12	2032252	71500	1			71500		other	0
019	14	Picture	3-123-1-3	2091069	130317	7	5166	7	130000	5000	hit	134
019	14	Response	62	2106630	145878	2
019	15	Sound	P2/beat	2136566	25000	1			25000		other	0
019	15	Sound	test21	2183066	71500	1			71500		other	0
019	15	Picture	2-213-2-2	2241884	130317	7	5166	7	130000	5000	hit	138
019	15	Response	61	2251030	139463	1
019	16	Sound	P2/beat	2287381	25000	1			25000		other	0
019	16	Sound	test14	2333881	71500	1			71500		other	0
019	16	Picture	2-213-1-2	2392698	130317	7	5166	7	130000	5000	hit	142
019	16	Response	61	2403269	140888	1
019	17	Sound	P0/none1	2438196	25000	1			25000		other	0
019	17	Sound	f08	2484696	71500	1			71500		other	0
019	17	Picture	2-121-1-2	2543513	130317	7	5166	7	130000	5000	hit	146
019	17	Response	62	2554469	141273	1
019	18	Sound	P0/none	2589010	25000	1			25000		other	0
019	18	Sound	f05	2635510	71500	1			71500		other	0
019	18	Picture	3-121-1-3	2694328	130317	7	5166	7	130000	5000	hit	150
019	18	Response	62	2711909	147899	1
019	19	Sound	P0/none	2739825	25000	1			25000		other	0
019	19	Sound	n05	2786325	71500	1			71500		other	0
019	19	Picture	2-111-2-2	2845142	130317	7	5166	7	130000	5000	hit	154
019	19	Response	61	2853749	138924	1
019	20	Sound	P0/none	2890640	25000	1			25000		other	0
019	20	Sound	f13	2937140	71500	1			71500		other	0
019	20	Picture	2-111-1-2	2995957	130317	7	5166	7	130000	5000	incorrect	158
019	20	Response	52	3007750	142110	1
019	21	Sound	P2/beat1	3041454	25000	1			25000		other	0
019	21	Sound	f06	3087954	71500	1			71500		other	0
019	21	Picture	3-113-1-3	3146772	130317	7	5166	7	130000	5000	incorrect	162
019	21	Response	52	3160549	144094	2
019	22	Sound	P2/beat	3192269	25000	1			25000		other	0
019	22	Sound	n03	3238769	71500	1			71500		other	0
019	22	Picture	3-113-1-3	3297587	130317	7	5166	7	130000	5000	incorrect	166
019	22	Response	52	3312389	145120	2
019	23	Sound	P2/beat	3343084	25000	1			25000		other	0
019	23	Sound	f22	3389584	71500	1			71500		other	0
019	23	Picture	2-113-2-2	3448401	130317	7	5166	7	130000	5000	incorrect	170
019	23	Response	52	3458229	140145	1
019	24	Sound	P2/beat	3493899	25000	1			25000		other	0
019	24	Sound	test11	3540398	71500	1			71500		other	0
019	24	Picture	3-213-1-3	3599216	130317	7	5166	7	130000	5000	incorrect	174
019	24	Response	52	3604788	135889	1
019	24	Response	51	3609348	140449	1
019	25	Sound	P2/both1	3644713	25000	1			25000		other	0
019	25	Response	53	3647589	27876	1
019	25	Response	53	3652068	32355	1
019	25	Response	53	3656949	37235	1
019	25	Response	53	3662388	42675	2
019	25	Response	53	3668388	48675	1
019	25	Response	53	3673749	54036	2
019	25	Response	53	3679508	59795	1
019	25	Response	53	3685269	65555	1
019	25	Sound	test05	3691213	71500	1			71500		other	0
019	25	Response	53	3691428	71715	1
019	25	Picture	3-224-1-3	3750031	130317	7	5166	7	130000	5000	hit	188
019	25	Response	62	3767908	148195	1
019	26	Response	53	3788468	17940	1
019	26	Response	53	3794788	24260	1
019	26	Sound	P2/both	3795528	25000	1			25000		other	0
019	26	Response	53	3800228	29700	1
019	26	Response	53	3806789	36261	2
019	26	Response	53	3812548	42020	1
019	26	Response	53	3818228	47700	2
019	26	Response	53	3824468	53940	1
019	26	Response	53	3830388	59860	2
019	26	Response	53	3835988	65460	2
019	26	Sound	n12	3842028	71500	1			71500		other	0
019	26	Picture	2-114-2-2	3900845	130317	7	5166	7	130000	5000	incorrect	201
019	26	Response	52	3915028	144500	2
019	27	Response	53	3940068	18725	2
019	27	Response	53	3945828	24485	1
019	27	Sound	P2/both	3946343	25000	1			25000		other	0
019	27	Response	53	3951428	30085	1
019	27	Response	53	3957668	36325	1
019	27	Response	53	3963588	42245	1
019	27	Response	53	3969588	48245	1
019	27	Response	53	3975828	54485	1
019	27	Response	53	3981988	60645	1
019	27	Response	53	3988228	66885	2
019	27	Sound	n10	3992843	71500	1			71500		other	0
019	27	Picture	2-124-1-2	4051660	130317	7	5166	7	130000	5000	hit	214
019	27	Response	62	4062228	140885	2
019	28	Response	53	4087908	15750	1
019	28	Response	53	4094708	22550	1
019	28	Sound	P2/both	4097157	25000	1			25000		other	0
019	28	Response	53	4100628	28470	1
019	28	Response	53	4107188	35030	1
019	28	Response	53	4113668	41510	1
019	28	Response	53	4119508	47350	1
019	28	Response	53	4125748	53591	1
019	28	Response	53	4131750	59592	2
019	28	Response	53	4137828	65670	1
019	28	Sound	test25	4143657	71500	1			71500		other	0
019	28	Picture	2-214-1-2	4202475	130317	7	5166	7	130000	5000	hit	227
019	28	Response	61	4210388	138230	2
019	29	Sound	P0/none1	4247972	25000	1			25000		other	0
019	29	Sound	f18	4294472	71500	1			71500		other	0
019	29	Picture	2-121-2-2	4353290	130317	7	5166	7	130000	5000	incorrect	231
019	29	Response	51	4362948	139975	1
019	30	Sound	P0/none	4398787	25000	1			25000		other	0
019	30	Sound	test10	4445287	71500	1			71500		other	0
019	30	Picture	3-221-1-3	4504104	130317	7	5166	7	130000	5000	hit	235
019	30	Response	62	4522708	148921	2
019	31	Sound	P0/none	4549601	24999	1			25000		other	0
019	31	Sound	test19	4596101	71500	1			71500		other	0
019	31	Picture	3-221-1-3	4654919	130317	7	5166	7	130000	5000	hit	239
019	31	Response	62	4669748	145146	1
019	32	Sound	P0/none	4700416	25000	1			25000		other	0
019	32	Sound	test18	4746916	71500	1			71500		other	0
019	32	Picture	2-211-1-2	4805734	130317	7	5166	7	130000	5000	hit	243
019	32	Response	61	4820627	145211	1
019	33	Response	53	4850308	24077	1
019	33	Sound	P1/tapping1	4851231	25000	1			25000		other	0
019	33	Response	53	4856067	29836	1
019	33	Response	53	4861507	35276	1
019	33	Response	53	4864067	37835	1
019	33	Response	53	4867907	41676	1
019	33	Response	53	4873027	46796	1
019	33	Response	53	4877987	51756	1
019	33	Response	53	4883027	56796	1
019	33	Response	53	4888227	61996	1
019	33	Response	53	4893587	67356	2
019	33	Sound	f11	4897731	71500	1			71500		other	0
019	33	Response	53	4899187	72956	1
019	33	Picture	3-122-1-3	4956548	130317	7	5166	7	130000	5000	hit	258
019	33	Response	62	4970148	143917	2
019	34	Sound	P1/tapping	5002046	25000	1			25000		other	0
019	34	Response	53	5008307	31261	1
019	34	Response	53	5013427	36381	1
019	34	Response	53	5018387	41342	2
019	34	Response	53	5023027	45981	1
019	34	Response	53	5028708	51662	2
019	34	Response	53	5033747	56701	1
019	34	Response	53	5038787	61741	1
019	34	Response	53	5043667	66621	1
019	34	Sound	n07	5048545	71500	1			71500		other	0
019	34	Response	53	5049107	72061	2
019	34	Picture	3-212-1-3	5107363	130317	7	5166	7	130000	5000	incorrect	271
019	34	Response	52	5123907	146861	1
019	35	Response	53	5148947	21087	1
019	35	Sound	P1/tapping	5152860	25000	1			25000		other	0
019	35	Response	53	5154228	26367	2
019	35	Response	53	5158867	31006	1
019	35	Response	53	5164067	36207	1
019	35	Response	53	5169587	41727	1
019	35	Response	53	5174467	46606	2
019	35	Response	53	5180148	52287	2
019	35	Response	53	5185347	57486	1
019	35	Response	53	5191667	63806	1
019	35	Response	53	5196947	69086	2
019	35	Sound	test09	5199360	71500	1			71500		other	0
019	35	Picture	3-212-1-3	5258178	130317	7	5166	7	130000	5000	hit	285
019	35	Response	61	5267267	139406	1
019	36	Response	53	5297987	19311	1
019	36	Response	53	5302947	24271	1
019	36	Sound	P1/tapping	5303675	25000	1			25000		other	0
019	36	Response	53	5308707	30031	1
019	36	Response	53	5314067	35391	1
019	36	Response	53	5320147	41471	1
019	36	Response	53	5325587	46912	1
019	36	Response	53	5331187	52512	2
019	36	Response	53	5336467	57792	2
019	36	Response	53	5341906	63231	1
019	36	Response	53	5347187	68512	1
019	36	Sound	test22	5350175	71500	1			71500		other	0
019	36	Picture	2-222-2-2	5408992	130317	7	5166	7	130000	5000	hit	299
019	36	Response	62	5420787	142112	1
019	37	Sound	P2/beat1	5454489	25000	1			25000		other	0
019	37	Sound	f14	5500990	71500	1			71500		other	0
019	37	Picture	2-113-2-2	5559807	130317	7	5166	7	130000	5000	hit	303
019	37	Response	61	5569826	140337	1
019	38	Sound	P2/beat	5605305	25000	1			25000		other	0
019	38	Sound	test17	5651804	71500	1			71500		other	0
019	38	Picture	3-223-1-3	5710622	130317	7	5166	7	130000	5000	incorrect	307
019	38	Response	51	5724226	143922	1
019	39	Sound	P2/beat	5756119	25000	1			25000		other	0
019	39	Sound	n14	5802619	71500	1			71500		other	0
019	39	Picture	2-123-2-2	5861437	130317	7	5166	7	130000	5000	incorrect	311
019	39	Response	51	5878306	147187	1
019	40	Sound	P2/beat	5906934	25000	1			25000		other	0
019	40	Sound	f01	5953434	71500	1			71500		other	0
019	40	Picture	3-123-1-3	6012251	130317	7	5166	7	130000	5000	hit	315
019	40	Response	62	6024306	142372	1
019	41	Response	53	6054466	21717	1
019	41	Sound	P2/both1	6057749	25000	1			25000		other	0
019	41	Response	53	6060066	27317	1
019	41	Response	53	6064226	31477	1
019	41	Response	53	6069346	36597	1
019	41	Response	53	6074866	42117	1
019	41	Response	53	6080626	47877	2
019	41	Response	53	6086226	53477	1
019	41	Response	53	6091986	59237	1
019	41	Response	53	6097666	64917	1
019	41	Sound	n06	6104249	71500	1			71500		other	0
019	41	Response	53	6104466	71717	1
019	41	Picture	2-214-2-2	6163066	130317	7	5166	7	130000	5000	incorrect	329
019	41	Response	52	6178866	146117	1
019	42	Sound	P2/both	6208563	25000	1			25000		other	0
019	42	Response	53	6210146	26582	1
019	42	Response	53	6215026	31462	1
019	42	Response	53	6220386	36823	2
019	42	Response	53	6226546	42983	2
019	42	Response	53	6231748	48184	3
019	42	Response	53	6237186	53622	2
019	42	Response	53	6242706	59142	1
019	42	Response	53	6248546	64982	1
019	42	Response	53	6254546	70982	1
019	42	Sound	f23	6255063	71500	1			71500		other	0
019	42	Picture	3-124-1-3	6313881	130317	7	5166	7	130000	5000	hit	342
019	42	Response	62	6329586	146022	2
019	43	Response	53	6352546	18168	1
019	43	Response	53	6358466	24087	2
019	43	Sound	P2/both	6359378	25000	1			25000		other	0
019	43	Response	53	6365026	30648	1
019	43	Response	53	6370066	35687	1
019	43	Response	53	6375906	41528	1
019	43	Response	53	6381906	47527	1
019	43	Response	53	6387826	53447	1
019	43	Response	53	6393986	59607	2
019	43	Response	53	6400706	66327	2
019	43	Sound	test02	6405878	71500	1			71500		other	0
019	43	Response	53	6406706	72328	1
019	43	Picture	3-214-1-3	6464695	130317	7	5166	7	130000	5000	hit	356
019	43	Response	61	6473586	139208	1
019	44	Response	53	6499906	14713	1
019	44	Response	53	6505345	20153	1
019	44	Sound	P2/both	6510193	25000	1			25000		other	0
019	44	Response	53	6510706	25513	1
019	44	Response	53	6516546	31353	1
019	44	Response	53	6522066	36873	1
019	44	Response	53	6527826	42633	1
019	44	Response	53	6534145	48952	1
019	44	Response	53	6539665	54472	2
019	44	Response	53	6545265	60073	1
019	44	Response	53	6551026	65833	2
019	44	Sound	test08	6556693	71500	1			71500		other	0
019	44	Picture	3-214-1-3	6615510	130317	7	5166	7	130000	5000	incorrect	370
019	44	Response	52	6628386	143193	1
019	45	Sound	P0/none1	6661008	25000	1			25000		other	0
019	45	Sound	f10	6707507	71500	1			71500		other	0
019	45	Picture	3-121-1-3	6766325	130317	7	5166	7	130000	5000	hit	374
019	45	Response	62	6785985	149978	1
019	46	Sound	P0/none	6811822	25000	1			25000		other	0
019	46	Sound	f04	6858322	71500	1			71500		other	0
019	46	Picture	3-121-1-3	6917140	130317	7	5166	7	130000	5000	hit	378
019	46	Response	62	6927665	140843	1
019	47	Sound	P0/none	6962637	25000	1			25000		other	0
019	47	Sound	n11	7009137	71500	1			71500		other	0
019	47	Picture	3-121-2-3	7067954	130317	7	5166	7	130000	5000	hit	382
019	47	Response	62	7078385	140748	1
019	48	Sound	P0/none	7113452	25000	1			25000		other	0
019	48	Sound	test16	7159952	71500	1			71500		other	0
019	48	Response	51	7202226	113774	2
019	48	Picture	2-221-1-2	7218769	130317	35	5166	35	130000	5000	incorrect	387
019	48	Response	51	7229025	140573	1
019	49	Sound	P2/beat1	7264266	25000	1			25000		other	0
019	49	Sound	test13	7310766	71500	1			71500		other	0
019	49	Picture	2-223-1-2	7369584	130317	7	5166	7	130000	5000	hit	391
019	49	Response	62	7380385	141118	1
019	50	Sound	P2/beat	7415081	25000	1			25000		other	0
019	50	Sound	f21	7461581	71500	1			71500		other	0
019	50	Picture	2-113-2-2	7520398	130317	7	5166	7	130000	5000	incorrect	395
019	50	Response	52	7536145	146063	1
019	51	Sound	P2/beat	7565896	25000	1			25000		other	0
019	51	Sound	n13	7612396	71500	1			71500		other	0
019	51	Picture	2-213-1-2	7671213	130317	7	5166	7	130000	5000	hit	399
019	51	Response	61	7681824	140929	2
019	52	Sound	P2/beat	7716711	25000	1			25000		other	0
019	52	Sound	f09	7763210	71500	1			71500		other	0
019	52	Picture	3-123-1-3	7822028	130317	7	5166	7	130000	5000	hit	403
019	52	Response	62	7835985	144274	2
019	53	Response	53	7865985	23459	1
019	53	Sound	P2/both1	7867525	25000	1			25000		other	0
019	53	Response	53	7872224	29699	2
019	53	Response	53	7878144	35619	1
019	53	Response	53	7883425	40899	2
019	53	Response	53	7888544	46019	1
019	53	Response	53	7893824	51299	1
019	53	Response	53	7899024	56499	1
019	53	Response	53	7903504	60979	1
019	53	Response	53	7909424	66899	1
019	53	Sound	f07	7914025	71500	1			71500		other	0
019	53	Response	53	7915024	72499	1
019	53	Picture	3-114-1-3	7972843	130317	7	5166	7	130000	5000	incorrect	417
019	53	Response	52	7981265	138739	2
019	54	Response	53	8017425	24084	2
019	54	Sound	P2/both	8018340	25000	1			25000		other	0
019	54	Response	53	8023904	30564	1
019	54	Response	53	8029984	36644	2
019	54	Response	53	8035744	42404	1
019	54	Response	53	8041904	48564	1
019	54	Response	53	8048224	54884	1
019	54	Response	53	8053904	60564	1
019	54	Response	53	8059824	66484	1
019	54	Sound	test23	8064840	71500	1			71500		other	0
019	54	Picture	2-214-2-2	8123657	130317	7	5166	7	130000	5000	incorrect	429
019	54	Response	52	8134544	141204	2
019	55	Response	53	8163264	19109	1
019	55	Sound	P2/both	8169155	25000	1			25000		other	0
019	55	Response	53	8170224	26069	1
019	55	Response	53	8175024	30869	2
019	55	Response	53	8181104	36949	1
019	55	Response	53	8187024	42869	1
019	55	Response	53	8193504	49349	1
019	55	Response	53	8198865	54710	2
019	55	Response	53	8204784	60629	1
019	55	Response	53	8210864	66709	1
019	55	Sound	f03	8215655	71500	1			71500		other	0
019	55	Response	53	8216704	72549	2
019	55	Picture	3-124-1-3	8274472	130317	7	5166	7	130000	5000	hit	443
019	55	Response	62	8284864	140709	1
019	56	Response	53	8319344	24374	1
019	56	Sound	P2/both	8319969	25000	1			25000		other	0
019	56	Response	53	8325505	30535	3
019	56	Response	53	8331664	36695	2
019	56	Response	53	8337024	42054	1
019	56	Response	53	8343344	48375	3
019	56	Response	53	8349744	54774	1
019	56	Response	53	8356144	61175	1
019	56	Response	53	8361504	66534	1
019	56	Sound	f20	8366470	71500	1			71500		other	0
019	56	Picture	2-114-2-2	8425287	130317	7	5166	7	130000	5000	hit	455
019	56	Response	61	8434384	139414	1
019	57	Response	53	8466144	20360	2
019	57	Sound	P1/tapping1	8470784	25000	1			25000		other	0
019	57	Response	53	8471664	25880	2
019	57	Response	53	8477024	31240	2
019	57	Response	53	8482944	37160	1
019	57	Response	53	8488464	42680	1
019	57	Response	53	8494144	48360	2
019	57	Response	53	8499904	54120	1
019	57	Response	53	8505825	60041	2
019	57	Response	53	8512064	66280	1
019	57	Sound	test01	8517284	71500	1			71500		other	0
019	57	Response	53	8518064	72279	1
019	57	Picture	3-222-1-3	8576102	130317	7	5166	7	130000	5000	incorrect	469
019	57	Response	51	8589504	143719	3
019	58	Response	53	8614784	18185	1
019	58	Response	53	8620944	24345	2
019	58	Sound	P1/tapping	8621599	25000	1			25000		other	0
019	58	Response	53	8627264	30664	1
019	58	Response	53	8633184	36584	1
019	58	Response	53	8638704	42104	1
019	58	Response	53	8644144	47545	2
019	58	Response	53	8649904	53305	1
019	58	Response	53	8655664	59064	1
019	58	Response	53	8661344	64744	1
019	58	Response	53	8667344	70745	1
019	58	Sound	n04	8668099	71500	1			71500		other	0
019	58	Picture	3-212-1-3	8726916	130317	7	5166	7	130000	5000	hit	483
019	58	Response	61	8739664	143064	3
019	59	Response	53	8763584	16170	1
019	59	Response	53	8769023	21610	1
019	59	Sound	P1/tapping	8772414	25000	1			25000		other	0
019	59	Response	53	8774624	27210	1
019	59	Response	53	8780304	32890	2
019	59	Response	53	8786063	38650	2
019	59	Response	53	8791184	43770	1
019	59	Response	53	8796943	49529	2
019	59	Response	53	8802063	54649	2
019	59	Response	53	8808063	60650	1
019	59	Response	53	8813583	66170	1
019	59	Sound	f19	8818913	71500	1			71500		other	0
019	59	Response	53	8819023	71610	2
019	59	Response	53	8820463	73049	1
019	59	Picture	2-122-2-2	8877731	130317	7	5166	7	130000	5000	hit	499
019	59	Response	62	8893344	145930	2
019	60	Response	53	8919263	21035	1
019	60	Sound	P1/tapping	8923228	25000	1			25000		other	0
019	60	Response	53	8925903	27675	2
019	60	Response	53	8932063	33835	2
019	60	Response	53	8937743	39515	2
019	60	Response	53	8943583	45355	1
019	60	Response	53	8949664	51435	3
019	60	Response	53	8954783	56555	1
019	60	Response	53	8960383	62155	2
019	60	Response	53	8965823	67595	1
019	60	Sound	f24	8969728	71500	1			71500		other	0
019	60	Response	53	8971424	73195	1
019	60	Picture	2-122-1-2	9028546	130317	7	5166	7	130000	5000	hit	513
019	60	Response	62	9037983	139755	1


Event Type	Code	Type	Response	RT	RT Uncertainty	Time	Uncertainty	Duration	Uncertainty	ReqTime	ReqDur

Sound	P2/both1	other				25160	1			25000
Sound	test06	other				71661	1			71500
Picture	3-224-1-3	hit	2	12154	8	130478	7	5166	7	130000	5000
Sound	P2/both	other				175975	1			25000
Sound	f17	other				222475	1			71500
Picture	2-114-2-2	hit	1	19899	7	281292	7	5166	7	130000	5000
Sound	P2/both	other				326790	1			25000
Sound	f02	other				373290	1			71500
Picture	3-114-2-3	hit	1	8924	7	432107	7	5166	7	130000	5000
Sound	P2/both	other				477605	1			25000
Sound	n09	other				524105	1			71500
Picture	2-214-2-2	incorrect	2	19310	9	582922	7	5166	7	130000	5000
Sound	P0/none1	other				628419	1			25000
Sound	test15	other				674919	1			71500
Picture	2-211-1-2	hit	1	14574	7	733737	7	5166	7	130000	5000
Sound	P0/none	other				779234	1			25000
Sound	test07	other				825734	1			71500
Picture	3-221-1-3	hit	2	11680	7	884551	7	5166	7	130000	5000
Sound	P0/none	other				930049	1			25000
Sound	f16	other				976548	1			71500
Picture	2-121-1-2	hit	2	11985	7	1035366	7	5166	7	130000	5000
Sound	P0/none	other				1080863	1			25000
Sound	f15	other				1127363	1			71500
Picture	2-111-2-2	hit	1	7010	7	1186181	7	5166	7	130000	5000
Sound	P1/tapping1	other				1231678	1			25000
Sound	test24	other				1278178	1			71500
Picture	2-212-2-2	hit	1	6835	7	1336995	7	5166	7	130000	5000
Sound	P1/tapping	other				1382493	1			25000
Sound	n01	other				1428993	1			71500
Picture	2-222-1-2	hit	2	11860	7	1487810	7	5166	7	130000	5000
Sound	P1/tapping	other				1533308	1			25000
Sound	test12	other				1579807	1			71500
Picture	3-222-1-3	incorrect	1	17286	7	1638625	7	5166	7	130000	5000
Sound	P1/tapping	other				1684122	1			25000
Sound	test03	other				1730622	1			71500
Picture	3-222-1-3	hit	2	14070	7	1789440	7	5166	7	130000	5000
Sound	P2/beat1	other				1834937	1			25000
Sound	test04	other				1881435	1			71500
Picture	3-213-1-3	incorrect	2	12456	8	1940254	7	5166	7	130000	5000
Sound	P2/beat	other				1985752	1			25000
Sound	f12	other				2032252	1			71500
Picture	3-123-1-3	hit	2	15561	8	2091069	7	5166	7	130000	5000
Sound	P2/beat	other				2136566	1			25000
Sound	test21	other				2183066	1			71500
Picture	2-213-2-2	hit	1	9146	7	2241884	7	5166	7	130000	5000
Sound	P2/beat	other				2287381	1			25000
Sound	test14	other				2333881	1			71500
Picture	2-213-1-2	hit	1	10571	7	2392698	7	5166	7	130000	5000
Sound	P0/none1	other				2438196	1			25000
Sound	f08	other				2484696	1			71500
Picture	2-121-1-2	hit	2	10956	7	2543513	7	5166	7	130000	5000
Sound	P0/none	other				2589010	1			25000
Sound	f05	other				2635510	1			71500
Picture	3-121-1-3	hit	2	17582	7	2694328	7	5166	7	130000	5000
Sound	P0/none	other				2739825	1			25000
Sound	n05	other				2786325	1			71500
Picture	2-111-2-2	hit	1	8607	7	2845142	7	5166	7	130000	5000
Sound	P0/none	other				2890640	1			25000
Sound	f13	other				2937140	1			71500
Picture	2-111-1-2	incorrect	2	11792	7	2995957	7	5166	7	130000	5000
Sound	P2/beat1	other				3041454	1			25000
Sound	f06	other				3087954	1			71500
Picture	3-113-1-3	incorrect	2	13777	8	3146772	7	5166	7	130000	5000
Sound	P2/beat	other				3192269	1			25000
Sound	n03	other				3238769	1			71500
Picture	3-113-1-3	incorrect	2	14802	8	3297587	7	5166	7	130000	5000
Sound	P2/beat	other				3343084	1			25000
Sound	f22	other				3389584	1			71500
Picture	2-113-2-2	incorrect	2	9827	7	3448401	7	5166	7	130000	5000
Sound	P2/beat	other				3493899	1			25000
Sound	test11	other				3540398	1			71500
Picture	3-213-1-3	incorrect	2	5572	7	3599216	7	5166	7	130000	5000
Sound	P2/both1	other				3644713	1			25000
Sound	test05	other				3691213	1			71500
Picture	3-224-1-3	hit	2	17878	7	3750031	7	5166	7	130000	5000
Sound	P2/both	other				3795528	1			25000
Sound	n12	other				3842028	1			71500
Picture	2-114-2-2	incorrect	2	14182	8	3900845	7	5166	7	130000	5000
Sound	P2/both	other				3946343	1			25000
Sound	n10	other				3992843	1			71500
Picture	2-124-1-2	hit	2	10568	8	4051660	7	5166	7	130000	5000
Sound	P2/both	other				4097157	1			25000
Sound	test25	other				4143657	1			71500
Picture	2-214-1-2	hit	1	7913	8	4202475	7	5166	7	130000	5000
Sound	P0/none1	other				4247972	1			25000
Sound	f18	other				4294472	1			71500
Picture	2-121-2-2	incorrect	1	9658	7	4353290	7	5166	7	130000	5000
Sound	P0/none	other				4398787	1			25000
Sound	test10	other				4445287	1			71500
Picture	3-221-1-3	hit	2	18604	8	4504104	7	5166	7	130000	5000
Sound	P0/none	other				4549601	1			25000
Sound	test19	other				4596101	1			71500
Picture	3-221-1-3	hit	2	14829	7	4654919	7	5166	7	130000	5000
Sound	P0/none	other				4700416	1			25000
Sound	test18	other				4746916	1			71500
Picture	2-211-1-2	hit	1	14894	7	4805734	7	5166	7	130000	5000
Sound	P1/tapping1	other				4851231	1			25000
Sound	f11	other				4897731	1			71500
Picture	3-122-1-3	hit	2	13600	8	4956548	7	5166	7	130000	5000
Sound	P1/tapping	other				5002046	1			25000
Sound	n07	other				5048545	1			71500
Picture	3-212-1-3	incorrect	2	16544	7	5107363	7	5166	7	130000	5000
Sound	P1/tapping	other				5152860	1			25000
Sound	test09	other				5199360	1			71500
Picture	3-212-1-3	hit	1	9089	7	5258178	7	5166	7	130000	5000
Sound	P1/tapping	other				5303675	1			25000
Sound	test22	other				5350175	1			71500
Picture	2-222-2-2	hit	2	11794	7	5408992	7	5166	7	130000	5000
Sound	P2/beat1	other				5454489	1			25000
Sound	f14	other				5500990	1			71500
Picture	2-113-2-2	hit	1	10019	7	5559807	7	5166	7	130000	5000
Sound	P2/beat	other				5605305	1			25000
Sound	test17	other				5651804	1			71500
Picture	3-223-1-3	incorrect	1	13604	7	5710622	7	5166	7	130000	5000
Sound	P2/beat	other				5756119	1			25000
Sound	n14	other				5802619	1			71500
Picture	2-123-2-2	incorrect	1	16870	7	5861437	7	5166	7	130000	5000
Sound	P2/beat	other				5906934	1			25000
Sound	f01	other				5953434	1			71500
Picture	3-123-1-3	hit	2	12055	7	6012251	7	5166	7	130000	5000
Sound	P2/both1	other				6057749	1			25000
Sound	n06	other				6104249	1			71500
Picture	2-214-2-2	incorrect	2	15800	7	6163066	7	5166	7	130000	5000
Sound	P2/both	other				6208563	1			25000
Sound	f23	other				6255063	1			71500
Picture	3-124-1-3	hit	2	15705	8	6313881	7	5166	7	130000	5000
Sound	P2/both	other				6359378	1			25000
Sound	test02	other				6405878	1			71500
Picture	3-214-1-3	hit	1	8890	7	6464695	7	5166	7	130000	5000
Sound	P2/both	other				6510193	1			25000
Sound	test08	other				6556693	1			71500
Picture	3-214-1-3	incorrect	2	12876	7	6615510	7	5166	7	130000	5000
Sound	P0/none1	other				6661008	1			25000
Sound	f10	other				6707507	1			71500
Picture	3-121-1-3	hit	2	19660	7	6766325	7	5166	7	130000	5000
Sound	P0/none	other				6811822	1			25000
Sound	f04	other				6858322	1			71500
Picture	3-121-1-3	hit	2	10526	7	6917140	7	5166	7	130000	5000
Sound	P0/none	other				6962637	1			25000
Sound	n11	other				7009137	1			71500
Picture	3-121-2-3	hit	2	10431	7	7067954	7	5166	7	130000	5000
Sound	P0/none	other				7113452	1			25000
Sound	test16	other				7159952	1			71500
Picture	2-221-1-2	incorrect	1	10256	35	7218769	35	5166	35	130000	5000
Sound	P2/beat1	other				7264266	1			25000
Sound	test13	other				7310766	1			71500
Picture	2-223-1-2	hit	2	10801	7	7369584	7	5166	7	130000	5000
Sound	P2/beat	other				7415081	1			25000
Sound	f21	other				7461581	1			71500
Picture	2-113-2-2	incorrect	2	15746	7	7520398	7	5166	7	130000	5000
Sound	P2/beat	other				7565896	1			25000
Sound	n13	other				7612396	1			71500
Picture	2-213-1-2	hit	1	10611	8	7671213	7	5166	7	130000	5000
Sound	P2/beat	other				7716711	1			25000
Sound	f09	other				7763210	1			71500
Picture	3-123-1-3	hit	2	13957	8	7822028	7	5166	7	130000	5000
Sound	P2/both1	other				7867525	1			25000
Sound	f07	other				7914025	1			71500
Picture	3-114-1-3	incorrect	2	8422	8	7972843	7	5166	7	130000	5000
Sound	P2/both	other				8018340	1			25000
Sound	test23	other				8064840	1			71500
Picture	2-214-2-2	incorrect	2	10887	8	8123657	7	5166	7	130000	5000
Sound	P2/both	other				8169155	1			25000
Sound	f03	other				8215655	1			71500
Picture	3-124-1-3	hit	2	10392	7	8274472	7	5166	7	130000	5000
Sound	P2/both	other				8319969	1			25000
Sound	f20	other				8366470	1			71500
Picture	2-114-2-2	hit	1	9097	7	8425287	7	5166	7	130000	5000
Sound	P1/tapping1	other				8470784	1			25000
Sound	test01	other				8517284	1			71500
Picture	3-222-1-3	incorrect	1	13402	9	8576102	7	5166	7	130000	5000
Sound	P1/tapping	other				8621599	1			25000
Sound	n04	other				8668099	1			71500
Picture	3-212-1-3	hit	1	12747	9	8726916	7	5166	7	130000	5000
Sound	P1/tapping	other				8772414	1			25000
Sound	f19	other				8818913	1			71500
Picture	2-122-2-2	hit	2	15613	8	8877731	7	5166	7	130000	5000
Sound	P1/tapping	other				8923228	1			25000
Sound	f24	other				8969728	1			71500
Picture	2-122-1-2	hit	2	9438	7	9028546	7	5166	7	130000	5000


{
   "app": "Presentation Version 22.1 Build 01.21.21",
   "device": "Dell Inc. OptiPlex 7050",
   "experiment": "{C8E97CB4-6FCA-44FA-B866-4A2D94B6B85C}",
   "os": "Windows 10 64 bit",
   "package": "",
   "parameters": {
      "configuration": "Default configuration"
   },
   "scenario": "entrain_list1_sess4_EB.sce",
   "subject": "019",
   "timestamp": "2022/11/14 10:20:07 GMT"
}
