Scenario - test
Logfile written - 11/14/2022 10:58:05

Subject	Trial	Event Type	Code	Time	TTime	Uncertainty	Duration	Uncertainty	ReqTime	ReqDur	Stim Type	Pair Index

019	1	Sound	P0/none1	25160	25000	1			25000		other	0
019	1	Sound	f01	71660	71500	1			71500		other	0
019	1	Picture	2-111-1-2	130478	130317	7	5166	7	130000	5000	hit	4
019	1	Response	61	142570	142409	1
019	2	Sound	P0/none	175975	25000	1			25000		other	0
019	2	Sound	test01	222475	71500	1			71500		other	0
019	2	Picture	2-211-1-2	281293	130317	7	5166	7	130000	5000	incorrect	8
019	2	Response	52	293449	142474	2
019	3	Sound	P0/none	326790	25000	1			25000		other	0
019	3	Sound	test22	373290	71500	1			71500		other	0
019	3	Picture	3-211-1-3	432107	130317	7	5166	7	130000	5000	hit	12
019	3	Response	61	446969	145179	2
019	4	Sound	P0/none	477605	25000	1			25000		other	0
019	4	Sound	f07	524105	71500	1			71500		other	0
019	4	Picture	2-121-1-2	582922	130317	7	5166	7	130000	5000	hit	16
019	4	Response	62	592409	139804	1
019	5	Sound	P2/beat1	628419	25000	1			25000		other	0
019	5	Sound	f03	674919	71500	1			71500		other	0
019	5	Picture	2-123-1-2	733737	130317	7	5166	7	130000	5000	incorrect	20
019	5	Response	51	752649	149229	2
019	6	Sound	P2/beat	779234	25000	1			25000		other	0
019	6	Sound	n12	825734	71500	1			71500		other	0
019	6	Picture	3-123-1-3	884551	130317	7	5166	7	130000	5000	hit	24
019	6	Response	62	894729	140495	1
019	7	Sound	P2/beat	930049	25000	1			25000		other	0
019	7	Sound	test10	976549	71500	1			71500		other	0
019	7	Picture	2-213-1-2	1035366	130317	7	5166	7	130000	5000	hit	28
019	7	Response	61	1052729	147680	2
019	8	Sound	P2/beat	1080863	25000	1			25000		other	0
019	8	Sound	f17	1127363	71500	1			71500		other	0
019	8	Picture	3-113-1-3	1186181	130317	7	5166	7	130000	5000	hit	32
019	8	Response	61	1194969	139105	2
019	9	Sound	P0/none1	1231678	25000	1			25000		other	0
019	9	Sound	f09	1278178	71500	1			71500		other	0
019	9	Picture	2-111-1-2	1336995	130317	7	5166	7	130000	5000	hit	36
019	9	Response	61	1348089	141410	2
019	10	Sound	P0/none	1382492	24999	1			25000		other	0
019	10	Sound	test02	1428993	71500	1			71500		other	0
019	10	Picture	2-221-1-2	1487810	130317	7	5166	7	130000	5000	hit	40
019	10	Response	62	1500809	143316	1
019	11	Sound	P0/none	1533307	25000	1			25000		other	0
019	11	Sound	f20	1579808	71500	1			71500		other	0
019	11	Picture	3-121-1-3	1638625	130317	7	5166	7	130000	5000	hit	44
019	11	Response	62	1652888	144581	1
019	12	Sound	P0/none	1684122	25000	1			25000		other	0
019	12	Sound	test21	1730622	71500	1			71500		other	0
019	12	Picture	3-221-1-3	1789439	130317	7	5166	7	130000	5000	hit	48
019	12	Response	62	1808088	148966	1
019	13	Sound	P1/tapping1	1834937	25000	1			25000		other	0
019	13	Response	53	1841128	31191	1
019	13	Response	53	1846328	36391	2
019	13	Response	53	1851848	41911	2
019	13	Response	53	1857288	47351	1
019	13	Response	53	1862889	52952	2
019	13	Response	53	1869929	59992	3
019	13	Response	53	1874888	64951	1
019	13	Response	53	1880728	70791	2
019	13	Sound	test04	1881437	71500	1			71500		other	0
019	13	Picture	2-212-1-2	1940254	130317	7	5166	7	130000	5000	incorrect	60
019	13	Response	52	1955128	145191	2
019	14	Response	53	1981208	20456	1
019	14	Sound	P1/tapping	1985752	25000	1			25000		other	0
019	14	Response	53	1987128	26376	2
019	14	Response	53	1991928	31176	1
019	14	Response	53	1997288	36536	1
019	14	Response	53	2002408	41656	1
019	14	Response	53	2007209	46457	3
019	14	Response	53	2012008	51256	1
019	14	Response	53	2016808	56056	1
019	14	Response	53	2021527	60776	1
019	14	Response	53	2026968	66216	1
019	14	Response	53	2031528	70777	2
019	14	Sound	test23	2032252	71500	1			71500		other	0
019	14	Picture	3-222-1-3	2091069	130317	7	5166	7	130000	5000	hit	75
019	14	Response	62	2099928	139176	1
019	15	Response	53	2132648	21082	3
019	15	Sound	P1/tapping	2136566	25000	1			25000		other	0
019	15	Response	53	2137929	26362	2
019	15	Response	53	2142888	31322	2
019	15	Response	53	2148089	36523	3
019	15	Response	53	2153128	41562	2
019	15	Response	53	2158408	46842	2
019	15	Response	53	2163608	52042	2
019	15	Response	53	2169368	57801	1
019	15	Response	53	2174569	63003	3
019	15	Response	53	2180488	68922	2
019	15	Sound	test06	2183066	71500	1			71500		other	0
019	15	Picture	2-222-1-2	2241884	130317	7	5166	7	130000	5000	hit	89
019	15	Response	62	2250568	139001	1
019	16	Sound	P1/tapping	2287381	25000	1			25000		other	0
019	16	Response	53	2289608	27227	3
019	16	Response	53	2293848	31467	1
019	16	Response	53	2299208	36827	1
019	16	Response	53	2304008	41627	2
019	16	Response	53	2309368	46987	1
019	16	Response	53	2314328	51947	2
019	16	Response	53	2319369	56988	3
019	16	Response	53	2325048	62667	1
019	16	Response	53	2330729	68348	3
019	16	Sound	test07	2333881	71500	1			71500		other	0
019	16	Picture	2-212-1-2	2392698	130317	7	5166	7	130000	5000	incorrect	102
019	16	Response	52	2402568	140187	2
019	17	Sound	P2/both1	2438196	25000	1			25000		other	0
019	17	Response	53	2443848	30652	3
019	17	Response	53	2449447	36251	1
019	17	Response	53	2455127	41932	2
019	17	Response	53	2461368	48172	2
019	17	Response	53	2467527	54331	2
019	17	Response	53	2473527	60331	2
019	17	Response	53	2479527	66331	1
019	17	Sound	n01	2484696	71500	1			71500		other	0
019	17	Response	53	2485527	72331	2
019	17	Picture	3-214-1-3	2543513	130317	7	5166	7	130000	5000	incorrect	114
019	17	Response	52	2553047	139851	2
019	18	Response	53	2579047	15037	1
019	18	Response	53	2585047	21037	1
019	18	Sound	P2/both	2589010	25000	1			25000		other	0
019	18	Response	53	2590967	26957	1
019	18	Response	53	2595927	31917	2
019	18	Response	53	2601287	37277	2
019	18	Response	53	2607048	43037	3
019	18	Response	53	2613047	49037	1
019	18	Response	53	2618647	54637	2
019	18	Response	53	2624647	60637	2
019	18	Response	53	2630967	66957	1
019	18	Sound	f22	2635510	71500	1			71500		other	0
019	18	Picture	3-124-1-3	2694328	130317	7	5166	7	130000	5000	incorrect	128
019	18	Response	51	2705367	141357	2
019	19	Response	53	2735048	20223	1
019	19	Sound	P2/both	2739825	25000	1			25000		other	0
019	19	Response	53	2741449	26624	3
019	19	Response	53	2747047	32222	1
019	19	Response	53	2751927	37102	1
019	19	Response	53	2757607	42782	1
019	19	Response	53	2763527	48702	3
019	19	Response	53	2769527	54702	1
019	19	Response	53	2776087	61262	1
019	19	Response	53	2781687	66862	1
019	19	Sound	f19	2786325	71500	1			71500		other	0
019	19	Picture	3-114-1-3	2845142	130317	7	5166	7	130000	5000	hit	141
019	19	Response	61	2855607	140782	2
019	20	Response	53	2880887	15247	1
019	20	Response	53	2887927	22287	2
019	20	Sound	P2/both	2890639	25000	1			25000		other	0
019	20	Response	53	2894807	29167	2
019	20	Response	53	2901367	35727	1
019	20	Response	53	2907847	42207	1
019	20	Response	53	2914087	48447	1
019	20	Response	53	2920327	54687	2
019	20	Response	53	2926327	60687	1
019	20	Response	53	2932807	67167	2
019	20	Sound	test16	2937140	71500	1			71500		other	0
019	20	Response	53	2939208	73568	3
019	20	Picture	3-224-1-3	2995957	130317	7	5166	7	130000	5000	hit	155
019	20	Response	62	3010327	144687	1
019	21	Sound	P1/tapping1	3041454	25000	1			25000		other	0
019	21	Response	53	3041527	25072	2
019	21	Response	53	3046807	30353	2
019	21	Response	53	3053207	36752	2
019	21	Response	53	3058807	42353	2
019	21	Response	53	3064487	48033	2
019	21	Response	53	3070008	53554	2
019	21	Response	53	3075687	59233	1
019	21	Response	53	3081367	64912	2
019	21	Response	53	3087367	70912	2
019	21	Sound	test05	3087954	71500	1			71500		other	0
019	21	Picture	2-222-1-2	3146772	130317	7	5166	7	130000	5000	hit	168
019	21	Response	62	3160087	143632	1
019	22	Response	53	3184087	16818	1
019	22	Response	53	3190647	23378	2
019	22	Sound	P1/tapping	3192269	25000	1			25000		other	0
019	22	Response	53	3197047	29778	1
019	22	Response	53	3203127	35858	1
019	22	Response	53	3208887	41618	1
019	22	Response	53	3214487	47218	2
019	22	Response	53	3220328	53059	2
019	22	Response	53	3226407	59137	1
019	22	Response	53	3232408	65138	2
019	22	Response	53	3238247	70977	1
019	22	Sound	test08	3238769	71500	1			71500		other	0
019	22	Picture	2-212-1-2	3297586	130317	7	5166	7	130000	5000	hit	182
019	22	Response	61	3314886	147617	1
019	23	Sound	P1/tapping	3343083	25000	1			25000		other	0
019	23	Response	53	3346567	28483	2
019	23	Response	53	3351127	33043	2
019	23	Response	53	3357286	39203	2
019	23	Response	53	3362487	44403	1
019	23	Response	53	3367846	49763	1
019	23	Response	53	3373526	55443	2
019	23	Response	53	3379286	61203	2
019	23	Response	53	3384647	66563	3
019	23	Sound	test14	3389584	71500	1			71500		other	0
019	23	Response	53	3390726	72643	1
019	23	Picture	3-212-1-3	3448401	130317	7	5166	7	130000	5000	incorrect	195
019	23	Response	52	3462086	144003	1
019	24	Sound	P1/tapping	3493898	25000	1			25000		other	0
019	24	Response	53	3495928	27029	2
019	24	Response	53	3500567	31668	1
019	24	Response	53	3506647	37748	2
019	24	Response	53	3512406	43508	1
019	24	Response	53	3517846	48948	2
019	24	Response	53	3523686	54788	2
019	24	Response	53	3529847	60948	1
019	24	Response	53	3535366	66468	2
019	24	Sound	test19	3540398	71500	1			71500		other	0
019	24	Response	53	3541046	72148	1
019	24	Picture	3-212-1-3	3599216	130317	7	5166	7	130000	5000	hit	208
019	24	Response	61	3608489	139590	3
019	25	Sound	P2/beat1	3644713	25000	1			25000		other	0
019	25	Sound	f15	3691213	71500	1			71500		other	0
019	25	Picture	3-113-1-3	3750031	130317	7	5166	7	130000	5000	hit	212
019	25	Response	61	3758966	139253	2
019	26	Sound	P2/beat	3795528	25000	1			25000		other	0
019	26	Sound	f16	3842028	71500	1			71500		other	0
019	26	Picture	3-123-1-3	3900845	130317	7	5166	7	130000	5000	hit	216
019	26	Response	62	3914246	143718	1
019	27	Sound	P2/beat	3946343	25000	1			25000		other	0
019	27	Sound	f18	3992843	71500	1			71500		other	0
019	27	Picture	3-113-1-3	4051660	130317	7	5166	7	130000	5000	hit	220
019	27	Response	61	4061846	140503	1
019	28	Sound	P2/beat	4097157	25000	1			25000		other	0
019	28	Sound	test18	4143657	71500	1			71500		other	0
019	28	Picture	3-223-1-3	4202475	130317	7	5166	7	130000	5000	incorrect	224
019	28	Response	51	4217686	145528	2
019	29	Sound	P2/both1	4247972	25000	1			25000		other	0
019	29	Response	53	4253926	30954	2
019	29	Response	53	4259286	36314	1
019	29	Response	53	4265446	42474	2
019	29	Response	53	4271446	48474	1
019	29	Response	53	4277526	54554	2
019	29	Response	53	4283286	60314	2
019	29	Response	53	4289446	66474	1
019	29	Sound	f10	4294472	71500	1			71500		other	0
019	29	Response	53	4295446	72474	2
019	29	Picture	2-114-1-2	4353289	130317	7	5166	7	130000	5000	incorrect	236
019	29	Response	52	4364486	141514	3
019	30	Response	53	4396486	22699	1
019	30	Sound	P2/both	4398787	25000	1			25000		other	0
019	30	Response	53	4402965	29179	1
019	30	Response	53	4409126	35339	2
019	30	Response	53	4415686	41900	3
019	30	Response	53	4421925	48139	1
019	30	Response	53	4427766	53979	2
019	30	Response	53	4433845	60059	1
019	30	Response	53	4439765	65979	2
019	30	Sound	f12	4445287	71500	1			71500		other	0
019	30	Response	53	4446405	72619	2
019	30	Picture	2-114-1-2	4504104	130317	7	5166	7	130000	5000	hit	249
019	30	Response	61	4513445	139659	2
019	31	Response	53	4545846	21244	1
019	31	Sound	P2/both	4549601	25000	1			25000		other	0
019	31	Response	53	4554485	29884	1
019	31	Response	53	4560806	36204	3
019	31	Response	53	4567286	42684	2
019	31	Response	53	4573286	48684	2
019	31	Response	53	4579046	54444	1
019	31	Response	53	4585126	60524	2
019	31	Response	53	4590887	66285	3
019	31	Sound	n05	4596101	71500	1			71500		other	0
019	31	Response	53	4597125	72523	1
019	31	Picture	3-124-1-3	4654919	130317	7	5166	7	130000	5000	hit	262
019	31	Response	62	4666405	141804	2
019	32	Response	53	4695286	19869	1
019	32	Sound	P2/both	4700416	25000	1			25000		other	0
019	32	Response	53	4701607	26190	3
019	32	Response	53	4706725	31309	1
019	32	Response	53	4712326	36909	1
019	32	Response	53	4718405	42989	2
019	32	Response	53	4723766	48350	1
019	32	Response	53	4729526	54109	1
019	32	Response	53	4735926	60510	2
019	32	Response	53	4741925	66509	2
019	32	Sound	f13	4746916	71500	1			71500		other	0
019	32	Response	53	4748166	72749	2
019	32	Picture	3-124-1-3	4805733	130317	7	5166	7	130000	5000	hit	276
019	32	Response	62	4818725	143309	2
019	33	Sound	P0/none1	4851231	25000	1			25000		other	0
019	33	Sound	n09	4897731	71500	1			71500		other	0
019	33	Picture	3-211-1-3	4956548	130317	7	5166	7	130000	5000	incorrect	280
019	33	Response	52	4970725	144494	2
019	34	Sound	P0/none	5002046	25000	1			25000		other	0
019	34	Sound	test13	5048545	71500	1			71500		other	0
019	34	Picture	3-221-1-3	5107363	130317	7	5166	7	130000	5000	hit	284
019	34	Response	62	5119125	142079	2
019	35	Sound	P0/none	5152860	25000	1			25000		other	0
019	35	Sound	f11	5199360	71500	1			71500		other	0
019	35	Picture	2-111-1-2	5258178	130317	7	5166	7	130000	5000	incorrect	288
019	35	Response	52	5272165	144305	2
019	36	Sound	P0/none	5303675	25000	1			25000		other	0
019	36	Sound	test17	5350175	71500	1			71500		other	0
019	36	Picture	2-211-2-2	5408992	130317	7	5166	7	130000	5000	hit	292
019	36	Response	61	5415206	136531	3
019	37	Sound	P2/both1	5454489	25000	1			25000		other	0
019	37	Response	53	5461446	31956	2
019	37	Response	53	5466725	37235	2
019	37	Response	53	5472405	42915	1
019	37	Response	53	5478325	48835	1
019	37	Response	53	5484405	54915	1
019	37	Response	53	5490325	60835	1
019	37	Response	53	5496325	66835	1
019	37	Sound	f06	5500989	71500	1			71500		other	0
019	37	Response	53	5502325	72835	1
019	37	Picture	2-114-1-2	5559807	130317	7	5166	7	130000	5000	hit	304
019	37	Response	61	5567605	138115	2
019	38	Response	53	5603685	23380	2
019	38	Sound	P2/both	5605304	25000	1			25000		other	0
019	38	Response	53	5609926	29621	3
019	38	Response	53	5616565	36260	1
019	38	Response	53	5622245	41940	2
019	38	Response	53	5628885	48580	2
019	38	Response	53	5634804	54500	1
019	38	Response	53	5640645	60340	2
019	38	Response	53	5646805	66500	2
019	38	Sound	f24	5651804	71500	1			71500		other	0
019	38	Response	53	5653524	73220	2
019	38	Picture	3-114-1-3	5710622	130317	7	5166	7	130000	5000	hit	317
019	38	Response	61	5719685	139380	3
019	39	Response	53	5749764	18645	3
019	39	Response	53	5756004	24885	1
019	39	Sound	P2/both	5756119	25000	1			25000		other	0
019	39	Response	53	5761764	30645	1
019	39	Response	53	5767764	36645	2
019	39	Response	53	5773604	42485	1
019	39	Response	53	5779685	48565	3
019	39	Response	53	5785444	54325	2
019	39	Response	53	5791844	60725	2
019	39	Response	53	5798164	67045	2
019	39	Sound	f08	5802619	71500	1			71500		other	0
019	39	Picture	2-114-1-2	5861436	130317	7	5166	7	130000	5000	hit	330
019	39	Response	61	5871364	140245	1
019	40	Response	53	5904324	22391	2
019	40	Sound	P2/both	5906934	25000	1			25000		other	0
019	40	Response	53	5911524	29591	1
019	40	Response	53	5918404	36471	1
019	40	Response	53	5924564	42631	2
019	40	Response	53	5930404	48471	2
019	40	Response	53	5936006	54072	3
019	40	Response	53	5942084	60151	2
019	40	Response	53	5948564	66631	2
019	40	Sound	n04	5953434	71500	1			71500		other	0
019	40	Picture	2-224-1-2	6012251	130317	7	5166	7	130000	5000	hit	342
019	40	Response	62	6022804	140870	2
019	41	Sound	P2/beat1	6057748	25000	1			25000		other	0
019	41	Sound	test09	6104248	71500	1			71500		other	0
019	41	Picture	2-223-1-2	6163066	130317	7	5166	7	130000	5000	hit	346
019	41	Response	62	6175284	142535	1
019	42	Sound	P2/beat	6208563	25000	1			25000		other	0
019	42	Sound	test03	6255063	71500	1			71500		other	0
019	42	Picture	2-213-1-2	6313880	130317	7	5166	7	130000	5000	incorrect	350
019	42	Response	52	6331045	147482	1
019	43	Sound	P2/beat	6359379	25001	1			25000		other	0
019	43	Sound	n10	6405878	71500	1			71500		other	0
019	43	Picture	3-123-1-3	6464695	130317	7	5166	7	130000	5000	hit	354
019	43	Response	62	6474644	140266	2
019	44	Sound	P2/beat	6510192	25000	1			25000		other	0
019	44	Sound	test24	6556692	71500	1			71500		other	0
019	44	Picture	3-223-1-3	6615510	130317	7	5166	7	130000	5000	hit	358
019	44	Response	62	6635204	150011	2
019	45	Response	53	6660083	24076	2
019	45	Sound	P1/tapping1	6661007	25000	1			25000		other	0
019	45	Response	53	6666083	30076	1
019	45	Response	53	6672243	36236	2
019	45	Response	53	6677843	41836	2
019	45	Response	53	6683283	47276	2
019	45	Response	53	6689044	53036	1
019	45	Response	53	6694964	58956	2
019	45	Response	53	6700803	64796	1
019	45	Response	53	6706404	70396	3
019	45	Sound	f05	6707507	71500	1			71500		other	0
019	45	Picture	2-112-1-2	6766325	130317	7	5166	7	130000	5000	hit	371
019	45	Response	61	6776564	140556	1
019	46	Response	53	6807763	20941	2
019	46	Sound	P1/tapping	6811822	25000	1			25000		other	0
019	46	Response	53	6813443	26621	2
019	46	Response	53	6818323	31501	1
019	46	Response	53	6824484	37662	3
019	46	Response	53	6829763	42941	1
019	46	Response	53	6835443	48621	2
019	46	Response	53	6841603	54781	1
019	46	Response	53	6847443	60621	2
019	46	Response	53	6852963	66141	1
019	46	Sound	f04	6858322	71500	1			71500		other	0
019	46	Response	53	6859123	72301	1
019	46	Picture	2-122-1-2	6917139	130317	7	5166	7	130000	5000	hit	385
019	46	Response	62	6933285	146463	4
019	47	Response	53	6956243	18606	2
019	47	Response	53	6961763	24126	2
019	47	Sound	P1/tapping	6962636	25000	1			25000		other	0
019	47	Response	53	6967363	29726	1
019	47	Response	53	6973043	35406	2
019	47	Response	53	6978483	40846	1
019	47	Response	53	6983603	45966	1
019	47	Response	53	6988963	51326	1
019	47	Response	53	6994323	56686	2
019	47	Response	53	6999763	62126	1
019	47	Response	53	7005523	67886	1
019	47	Sound	n13	7009136	71500	1			71500		other	0
019	47	Picture	3-222-1-3	7067954	130317	7	5166	7	130000	5000	hit	399
019	47	Response	62	7078564	140927	1
019	48	Response	53	7103365	14913	3
019	48	Response	53	7109443	20991	1
019	48	Sound	P1/tapping	7113451	25000	1			25000		other	0
019	48	Response	53	7116003	27552	2
019	48	Response	53	7122563	34112	2
019	48	Response	53	7128803	40351	1
019	48	Response	53	7134883	46431	1
019	48	Response	53	7140723	52272	1
019	48	Response	53	7146723	58271	1
019	48	Response	53	7152563	64111	1
019	48	Response	53	7159124	70672	2
019	48	Sound	f21	7159951	71500	1			71500		other	0
019	48	Picture	3-112-1-3	7218769	130317	7	5166	7	130000	5000	incorrect	413
019	48	Response	52	7238084	149632	3
019	49	Sound	P0/none1	7264266	25000	1			25000		other	0
019	49	Sound	test25	7310766	71500	1			71500		other	0
019	49	Picture	3-211-1-3	7369583	130317	7	5166	7	130000	5000	hit	417
019	49	Response	61	7378563	139297	1
019	50	Sound	P0/none	7415081	25000	1			25000		other	0
019	50	Sound	test12	7461581	71500	1			71500		other	0
019	50	Picture	2-221-1-2	7520398	130317	7	5166	7	130000	5000	hit	421
019	50	Response	62	7531363	141282	1
019	51	Sound	P0/none	7565896	25000	1			25000		other	0
019	51	Sound	n03	7612395	71500	1			71500		other	0
019	51	Picture	2-111-1-2	7671213	130317	7	5166	7	130000	5000	hit	425
019	51	Response	61	7681843	140948	2
019	52	Sound	P0/none	7716710	25000	1			25000		other	0
019	52	Sound	f23	7763210	71500	1			71500		other	0
019	52	Picture	2-121-1-2	7822028	130317	7	5166	7	130000	5000	hit	429
019	52	Response	62	7835283	143572	2
019	53	Sound	P1/tapping1	7867525	25000	1			25000		other	0
019	53	Response	53	7867683	25158	3
019	53	Response	53	7873523	30997	2
019	53	Response	53	7880322	37797	1
019	53	Response	53	7885362	42837	2
019	53	Response	53	7891122	48597	2
019	53	Response	53	7896643	54117	2
019	53	Response	53	7902243	59718	2
019	53	Response	53	7907683	65157	2
019	53	Response	53	7913602	71077	3
019	53	Sound	f02	7914025	71500	1			71500		other	0
019	53	Picture	2-122-1-2	7972842	130317	7	5166	7	130000	5000	hit	442
019	53	Response	62	7982562	140037	2
019	54	Response	53	8012003	18663	2
019	54	Response	53	8017682	24343	2
019	54	Sound	P1/tapping	8018340	25000	1			25000		other	0
019	54	Response	53	8023362	30023	2
019	54	Response	53	8029603	36263	3
019	54	Response	53	8035522	42183	1
019	54	Response	53	8041443	48104	3
019	54	Response	53	8047762	54422	2
019	54	Response	53	8053922	60583	2
019	54	Response	53	8059922	66583	1
019	54	Sound	test15	8064840	71500	1			71500		other	0
019	54	Picture	3-222-1-3	8123657	130317	7	5166	7	130000	5000	hit	455
019	54	Response	62	8139442	146102	2
019	55	Sound	P1/tapping	8169154	25000	1			25000		other	0
019	55	Response	53	8174802	30648	1
019	55	Response	53	8180642	36488	2
019	55	Response	53	8186402	42247	1
019	55	Response	53	8192402	48248	1
019	55	Response	53	8198482	54328	1
019	55	Response	53	8204482	60327	2
019	55	Response	53	8209682	65528	2
019	55	Response	53	8215122	70968	1
019	55	Sound	test11	8215654	71500	1			71500		other	0
019	55	Picture	2-212-1-2	8274472	130317	7	5166	7	130000	5000	incorrect	467
019	55	Response	52	8284482	140328	1
019	56	Response	53	8308162	13193	3
019	56	Response	53	8313922	18953	2
019	56	Response	53	8319843	24874	3
019	56	Sound	P1/tapping	8319969	25000	1			25000		other	0
019	56	Response	53	8325522	30553	2
019	56	Response	53	8331043	36073	3
019	56	Response	53	8337042	42073	2
019	56	Response	53	8343202	48233	2
019	56	Response	53	8349923	54954	3
019	56	Response	53	8355762	60793	2
019	56	Response	53	8361602	66633	1
019	56	Sound	n06	8366469	71500	1			71500		other	0
019	56	Picture	3-222-1-3	8425287	130317	7	5166	7	130000	5000	hit	481
019	56	Response	62	8434722	139753	2
019	57	Sound	P2/both1	8470784	25000	1			25000		other	0
019	57	Response	53	8472402	26618	1
019	57	Response	53	8477522	31738	1
019	57	Response	53	8482962	37178	1
019	57	Response	53	8488482	42698	3
019	57	Response	53	8494482	48698	1
019	57	Response	53	8500402	54618	2
019	57	Response	53	8506402	60618	2
019	57	Response	53	8512642	66858	1
019	57	Sound	n11	8517284	71500	1			71500		other	0
019	57	Response	53	8518482	72698	1
019	57	Picture	2-124-1-2	8576101	130317	7	5166	7	130000	5000	incorrect	494
019	57	Response	51	8589042	143258	1
019	58	Response	53	8612322	15723	2
019	58	Response	53	8618322	21723	2
019	58	Sound	P2/both	8621598	25000	1			25000		other	0
019	58	Response	53	8623842	27243	2
019	58	Response	53	8629202	32603	1
019	58	Response	53	8633842	37243	2
019	58	Response	53	8639362	42763	2
019	58	Response	53	8645202	48603	1
019	58	Response	53	8651202	54603	2
019	58	Response	53	8657282	60683	1
019	58	Response	53	8663203	66604	2
019	58	Sound	n14	8668099	71500	1			71500		other	0
019	58	Picture	3-124-1-3	8726916	130317	7	5166	7	130000	5000	incorrect	508
019	58	Response	51	8736482	139883	2
019	59	Response	53	8764642	17228	1
019	59	Response	53	8770962	23549	2
019	59	Sound	P2/both	8772413	25000	1			25000		other	0
019	59	Response	53	8777123	29709	3
019	59	Response	53	8783682	36268	2
019	59	Response	53	8789762	42348	1
019	59	Response	53	8795762	48349	2
019	59	Response	53	8802162	54748	1
019	59	Response	53	8808482	61068	1
019	59	Response	53	8814162	66748	1
019	59	Sound	f14	8818913	71500	1			71500		other	0
019	59	Response	53	8820722	73308	2
019	59	Picture	3-124-1-3	8877731	130317	7	5166	7	130000	5000	hit	522
019	59	Response	62	8895202	147789	3
019	60	Response	53	8920242	22014	1
019	60	Sound	P2/both	8923228	25000	1			25000		other	0
019	60	Response	53	8927122	28894	1
019	60	Response	53	8934001	35773	2
019	60	Response	53	8939921	41693	2
019	60	Response	53	8946801	48573	1
019	60	Response	53	8953041	54813	2
019	60	Response	53	8959121	60893	1
019	60	Response	53	8965202	66974	1
019	60	Sound	n07	8969728	71500	1			71500		other	0
019	60	Picture	2-214-1-2	9028545	130317	7	5166	7	130000	5000	incorrect	534
019	60	Response	52	9046722	148494	3


Event Type	Code	Type	Response	RT	RT Uncertainty	Time	Uncertainty	Duration	Uncertainty	ReqTime	ReqDur

Sound	P0/none1	other				25160	1			25000
Sound	f01	other				71660	1			71500
Picture	2-111-1-2	hit	1	12092	7	130478	7	5166	7	130000	5000
Sound	P0/none	other				175975	1			25000
Sound	test01	other				222475	1			71500
Picture	2-211-1-2	incorrect	2	12157	8	281293	7	5166	7	130000	5000
Sound	P0/none	other				326790	1			25000
Sound	test22	other				373290	1			71500
Picture	3-211-1-3	hit	1	14862	8	432107	7	5166	7	130000	5000
Sound	P0/none	other				477605	1			25000
Sound	f07	other				524105	1			71500
Picture	2-121-1-2	hit	2	9487	7	582922	7	5166	7	130000	5000
Sound	P2/beat1	other				628419	1			25000
Sound	f03	other				674919	1			71500
Picture	2-123-1-2	incorrect	1	18912	8	733737	7	5166	7	130000	5000
Sound	P2/beat	other				779234	1			25000
Sound	n12	other				825734	1			71500
Picture	3-123-1-3	hit	2	10178	7	884551	7	5166	7	130000	5000
Sound	P2/beat	other				930049	1			25000
Sound	test10	other				976549	1			71500
Picture	2-213-1-2	hit	1	17363	8	1035366	7	5166	7	130000	5000
Sound	P2/beat	other				1080863	1			25000
Sound	f17	other				1127363	1			71500
Picture	3-113-1-3	hit	1	8788	8	1186181	7	5166	7	130000	5000
Sound	P0/none1	other				1231678	1			25000
Sound	f09	other				1278178	1			71500
Picture	2-111-1-2	hit	1	11093	8	1336995	7	5166	7	130000	5000
Sound	P0/none	other				1382492	1			25000
Sound	test02	other				1428993	1			71500
Picture	2-221-1-2	hit	2	12998	7	1487810	7	5166	7	130000	5000
Sound	P0/none	other				1533307	1			25000
Sound	f20	other				1579808	1			71500
Picture	3-121-1-3	hit	2	14264	7	1638625	7	5166	7	130000	5000
Sound	P0/none	other				1684122	1			25000
Sound	test21	other				1730622	1			71500
Picture	3-221-1-3	hit	2	18649	7	1789439	7	5166	7	130000	5000
Sound	P1/tapping1	other				1834937	1			25000
Sound	test04	other				1881437	1			71500
Picture	2-212-1-2	incorrect	2	14874	8	1940254	7	5166	7	130000	5000
Sound	P1/tapping	other				1985752	1			25000
Sound	test23	other				2032252	1			71500
Picture	3-222-1-3	hit	2	8859	7	2091069	7	5166	7	130000	5000
Sound	P1/tapping	other				2136566	1			25000
Sound	test06	other				2183066	1			71500
Picture	2-222-1-2	hit	2	8684	7	2241884	7	5166	7	130000	5000
Sound	P1/tapping	other				2287381	1			25000
Sound	test07	other				2333881	1			71500
Picture	2-212-1-2	incorrect	2	9869	8	2392698	7	5166	7	130000	5000
Sound	P2/both1	other				2438196	1			25000
Sound	n01	other				2484696	1			71500
Picture	3-214-1-3	incorrect	2	9534	8	2543513	7	5166	7	130000	5000
Sound	P2/both	other				2589010	1			25000
Sound	f22	other				2635510	1			71500
Picture	3-124-1-3	incorrect	1	11040	8	2694328	7	5166	7	130000	5000
Sound	P2/both	other				2739825	1			25000
Sound	f19	other				2786325	1			71500
Picture	3-114-1-3	hit	1	10465	8	2845142	7	5166	7	130000	5000
Sound	P2/both	other				2890639	1			25000
Sound	test16	other				2937140	1			71500
Picture	3-224-1-3	hit	2	14370	7	2995957	7	5166	7	130000	5000
Sound	P1/tapping1	other				3041454	1			25000
Sound	test05	other				3087954	1			71500
Picture	2-222-1-2	hit	2	13315	7	3146772	7	5166	7	130000	5000
Sound	P1/tapping	other				3192269	1			25000
Sound	test08	other				3238769	1			71500
Picture	2-212-1-2	hit	1	17300	7	3297586	7	5166	7	130000	5000
Sound	P1/tapping	other				3343083	1			25000
Sound	test14	other				3389584	1			71500
Picture	3-212-1-3	incorrect	2	13685	7	3448401	7	5166	7	130000	5000
Sound	P1/tapping	other				3493898	1			25000
Sound	test19	other				3540398	1			71500
Picture	3-212-1-3	hit	1	9273	9	3599216	7	5166	7	130000	5000
Sound	P2/beat1	other				3644713	1			25000
Sound	f15	other				3691213	1			71500
Picture	3-113-1-3	hit	1	8936	8	3750031	7	5166	7	130000	5000
Sound	P2/beat	other				3795528	1			25000
Sound	f16	other				3842028	1			71500
Picture	3-123-1-3	hit	2	13401	7	3900845	7	5166	7	130000	5000
Sound	P2/beat	other				3946343	1			25000
Sound	f18	other				3992843	1			71500
Picture	3-113-1-3	hit	1	10186	8	4051660	7	5166	7	130000	5000
Sound	P2/beat	other				4097157	1			25000
Sound	test18	other				4143657	1			71500
Picture	3-223-1-3	incorrect	1	15211	8	4202475	7	5166	7	130000	5000
Sound	P2/both1	other				4247972	1			25000
Sound	f10	other				4294472	1			71500
Picture	2-114-1-2	incorrect	2	11197	9	4353289	7	5166	7	130000	5000
Sound	P2/both	other				4398787	1			25000
Sound	f12	other				4445287	1			71500
Picture	2-114-1-2	hit	1	9341	8	4504104	7	5166	7	130000	5000
Sound	P2/both	other				4549601	1			25000
Sound	n05	other				4596101	1			71500
Picture	3-124-1-3	hit	2	11487	8	4654919	7	5166	7	130000	5000
Sound	P2/both	other				4700416	1			25000
Sound	f13	other				4746916	1			71500
Picture	3-124-1-3	hit	2	12992	8	4805733	7	5166	7	130000	5000
Sound	P0/none1	other				4851231	1			25000
Sound	n09	other				4897731	1			71500
Picture	3-211-1-3	incorrect	2	14177	8	4956548	7	5166	7	130000	5000
Sound	P0/none	other				5002046	1			25000
Sound	test13	other				5048545	1			71500
Picture	3-221-1-3	hit	2	11762	8	5107363	7	5166	7	130000	5000
Sound	P0/none	other				5152860	1			25000
Sound	f11	other				5199360	1			71500
Picture	2-111-1-2	incorrect	2	13988	8	5258178	7	5166	7	130000	5000
Sound	P0/none	other				5303675	1			25000
Sound	test17	other				5350175	1			71500
Picture	2-211-2-2	hit	1	6214	9	5408992	7	5166	7	130000	5000
Sound	P2/both1	other				5454489	1			25000
Sound	f06	other				5500989	1			71500
Picture	2-114-1-2	hit	1	7798	8	5559807	7	5166	7	130000	5000
Sound	P2/both	other				5605304	1			25000
Sound	f24	other				5651804	1			71500
Picture	3-114-1-3	hit	1	9063	9	5710622	7	5166	7	130000	5000
Sound	P2/both	other				5756119	1			25000
Sound	f08	other				5802619	1			71500
Picture	2-114-1-2	hit	1	9928	7	5861436	7	5166	7	130000	5000
Sound	P2/both	other				5906934	1			25000
Sound	n04	other				5953434	1			71500
Picture	2-224-1-2	hit	2	10553	8	6012251	7	5166	7	130000	5000
Sound	P2/beat1	other				6057748	1			25000
Sound	test09	other				6104248	1			71500
Picture	2-223-1-2	hit	2	12218	7	6163066	7	5166	7	130000	5000
Sound	P2/beat	other				6208563	1			25000
Sound	test03	other				6255063	1			71500
Picture	2-213-1-2	incorrect	2	17164	7	6313880	7	5166	7	130000	5000
Sound	P2/beat	other				6359379	1			25000
Sound	n10	other				6405878	1			71500
Picture	3-123-1-3	hit	2	9949	8	6464695	7	5166	7	130000	5000
Sound	P2/beat	other				6510192	1			25000
Sound	test24	other				6556692	1			71500
Picture	3-223-1-3	hit	2	19694	8	6615510	7	5166	7	130000	5000
Sound	P1/tapping1	other				6661007	1			25000
Sound	f05	other				6707507	1			71500
Picture	2-112-1-2	hit	1	10239	7	6766325	7	5166	7	130000	5000
Sound	P1/tapping	other				6811822	1			25000
Sound	f04	other				6858322	1			71500
Picture	2-122-1-2	hit	2	16146	10	6917139	7	5166	7	130000	5000
Sound	P1/tapping	other				6962636	1			25000
Sound	n13	other				7009136	1			71500
Picture	3-222-1-3	hit	2	10610	7	7067954	7	5166	7	130000	5000
Sound	P1/tapping	other				7113451	1			25000
Sound	f21	other				7159951	1			71500
Picture	3-112-1-3	incorrect	2	19315	9	7218769	7	5166	7	130000	5000
Sound	P0/none1	other				7264266	1			25000
Sound	test25	other				7310766	1			71500
Picture	3-211-1-3	hit	1	8980	7	7369583	7	5166	7	130000	5000
Sound	P0/none	other				7415081	1			25000
Sound	test12	other				7461581	1			71500
Picture	2-221-1-2	hit	2	10964	7	7520398	7	5166	7	130000	5000
Sound	P0/none	other				7565896	1			25000
Sound	n03	other				7612395	1			71500
Picture	2-111-1-2	hit	1	10630	8	7671213	7	5166	7	130000	5000
Sound	P0/none	other				7716710	1			25000
Sound	f23	other				7763210	1			71500
Picture	2-121-1-2	hit	2	13255	8	7822028	7	5166	7	130000	5000
Sound	P1/tapping1	other				7867525	1			25000
Sound	f02	other				7914025	1			71500
Picture	2-122-1-2	hit	2	9720	8	7972842	7	5166	7	130000	5000
Sound	P1/tapping	other				8018340	1			25000
Sound	test15	other				8064840	1			71500
Picture	3-222-1-3	hit	2	15785	8	8123657	7	5166	7	130000	5000
Sound	P1/tapping	other				8169154	1			25000
Sound	test11	other				8215654	1			71500
Picture	2-212-1-2	incorrect	2	10011	7	8274472	7	5166	7	130000	5000
Sound	P1/tapping	other				8319969	1			25000
Sound	n06	other				8366469	1			71500
Picture	3-222-1-3	hit	2	9435	8	8425287	7	5166	7	130000	5000
Sound	P2/both1	other				8470784	1			25000
Sound	n11	other				8517284	1			71500
Picture	2-124-1-2	incorrect	1	12941	7	8576101	7	5166	7	130000	5000
Sound	P2/both	other				8621598	1			25000
Sound	n14	other				8668099	1			71500
Picture	3-124-1-3	incorrect	1	9566	8	8726916	7	5166	7	130000	5000
Sound	P2/both	other				8772413	1			25000
Sound	f14	other				8818913	1			71500
Picture	3-124-1-3	hit	2	17471	9	8877731	7	5166	7	130000	5000
Sound	P2/both	other				8923228	1			25000
Sound	n07	other				8969728	1			71500
Picture	2-214-1-2	incorrect	2	18177	9	9028545	7	5166	7	130000	5000


{
   "app": "Presentation Version 22.1 Build 01.21.21",
   "device": "Dell Inc. OptiPlex 7050",
   "experiment": "{C8E97CB4-6FCA-44FA-B866-4A2D94B6B85C}",
   "os": "Windows 10 64 bit",
   "package": "",
   "parameters": {
      "configuration": "Default configuration"
   },
   "scenario": "entrain_list1_sess1_EB.sce",
   "subject": "019",
   "timestamp": "2022/11/14 09:42:54 GMT"
}
