Scenario - test
Logfile written - 11/14/2022 11:16:58

Subject	Trial	Event Type	Code	Time	TTime	Uncertainty	Duration	Uncertainty	ReqTime	ReqDur	Stim Type	Pair Index

019	1	Sound	P1/tapping1	25327	25000	1			25000		other	0
019	1	Response	53	28652	28325	1
019	1	Response	53	33612	33285	2
019	1	Response	53	39692	39365	1
019	1	Response	53	46892	46565	1
019	1	Response	53	51692	51365	1
019	1	Response	53	57292	56965	1
019	1	Response	53	63051	62724	2
019	1	Response	53	68572	68245	1
019	1	Sound	n05	71827	71500	1			71500		other	0
019	1	Picture	2-122-2-2	130644	130317	7	5166	7	130000	5000	incorrect	12
019	1	Response	51	140092	139765	1
019	2	Response	53	170332	19190	1
019	2	Sound	P1/tapping	176142	25000	1			25000		other	0
019	2	Response	53	177212	26070	1
019	2	Response	53	182172	31030	1
019	2	Response	53	188012	36870	1
019	2	Response	53	193452	42310	1
019	2	Response	53	198972	47830	1
019	2	Response	53	204892	53750	1
019	2	Response	53	210492	59350	1
019	2	Response	53	216572	65430	1
019	2	Response	53	221852	70710	1
019	2	Sound	f18	222642	71500	1			71500		other	0
019	2	Picture	3-122-1-3	281459	130317	7	5166	7	130000	5000	hit	26
019	2	Response	62	299052	147910	1
019	3	Response	53	318731	16775	1
019	3	Response	53	324651	22695	2
019	3	Sound	P1/tapping	326956	25000	1			25000		other	0
019	3	Response	53	330491	28535	1
019	3	Response	53	336171	34215	1
019	3	Response	53	342091	40135	1
019	3	Response	53	347691	45735	1
019	3	Response	53	353851	51895	1
019	3	Response	53	360171	58215	2
019	3	Response	53	366091	64135	2
019	3	Response	53	372972	71016	2
019	3	Sound	f09	373456	71500	1			71500		other	0
019	3	Picture	2-122-1-2	432274	130317	7	5166	7	130000	5000	incorrect	40
019	3	Response	51	451291	149335	1
019	4	Response	53	475132	22361	2
019	4	Sound	P1/tapping	477771	25000	1			25000		other	0
019	4	Response	53	481531	28760	1
019	4	Response	53	487131	34360	2
019	4	Response	53	493371	40600	1
019	4	Response	53	498731	45960	1
019	4	Response	53	504731	51960	2
019	4	Response	53	509691	56920	1
019	4	Response	53	514811	62040	1
019	4	Response	53	520491	67720	2
019	4	Sound	f06	524271	71500	1			71500		other	0
019	4	Picture	3-122-1-3	583088	130317	7	5166	7	130000	5000	hit	53
019	4	Response	62	592572	139801	1
019	5	Response	53	625531	21946	1
019	5	Sound	P2/both1	628585	25000	1			25000		other	0
019	5	Response	53	632411	28825	1
019	5	Response	53	639291	35705	2
019	5	Response	53	645531	41945	1
019	5	Response	53	652091	48505	1
019	5	Response	53	658331	54745	2
019	5	Response	53	664411	60825	1
019	5	Response	53	670411	66825	1
019	5	Sound	f01	675086	71500	1			71500		other	0
019	5	Response	53	676891	73305	3
019	5	Picture	3-114-1-3	733903	130317	7	5166	7	130000	5000	incorrect	66
019	5	Response	52	750811	147225	1
019	6	Response	53	770251	15850	1
019	6	Response	53	776491	22090	1
019	6	Sound	P2/both	779400	25000	1			25000		other	0
019	6	Response	53	782731	28330	1
019	6	Response	53	789611	35211	1
019	6	Response	53	796171	41771	1
019	6	Response	53	801611	47210	1
019	6	Response	53	807211	52810	1
019	6	Response	53	813211	58811	2
019	6	Response	53	819291	64890	2
019	6	Sound	test24	825900	71500	1			71500		other	0
019	6	Response	53	826011	71610	1
019	6	Picture	3-214-1-3	884718	130317	7	5166	7	130000	5000	hit	80
019	6	Response	61	892011	137610	1
019	7	Response	53	927291	22076	1
019	7	Sound	P2/both	930215	25000	1			25000		other	0
019	7	Response	53	934571	29356	1
019	7	Response	53	940971	35756	1
019	7	Response	53	947131	41916	1
019	7	Response	53	953211	47996	1
019	7	Response	53	959292	54077	1
019	7	Response	53	965451	60236	1
019	7	Response	53	971211	65996	2
019	7	Sound	test22	976715	71500	1			71500		other	0
019	7	Response	53	977371	72156	1
019	7	Picture	3-224-1-3	1035532	130317	7	5166	7	130000	5000	hit	93
019	7	Response	62	1044811	139595	1
019	8	Response	53	1072571	16541	1
019	8	Response	53	1078891	22861	1
019	8	Sound	P2/both	1081030	25000	1			25000		other	0
019	8	Response	53	1085691	29661	2
019	8	Response	53	1091931	35901	2
019	8	Response	53	1098331	42301	2
019	8	Response	53	1104651	48621	1
019	8	Response	53	1110891	54861	1
019	8	Response	53	1117211	61181	1
019	8	Response	53	1122651	66621	1
019	8	Sound	test07	1127529	71500	1			71500		other	0
019	8	Response	53	1129611	73581	1
019	8	Picture	3-214-1-3	1186347	130317	7	5166	7	130000	5000	hit	107
019	8	Response	61	1195212	139182	3
019	9	Sound	P2/beat1	1231844	25000	1			25000		other	0
019	9	Sound	f02	1278344	71500	1			71500		other	0
019	9	Picture	2-113-1-2	1337162	130317	7	5166	7	130000	5000	hit	111
019	9	Response	61	1346010	139166	1
019	10	Sound	P2/beat	1382659	25000	1			25000		other	0
019	10	Sound	f19	1429159	71500	1			71500		other	0
019	10	Picture	2-113-2-2	1487976	130317	7	5166	7	130000	5000	hit	115
019	10	Response	61	1498811	141152	1
019	11	Sound	P2/beat	1533473	25000	1			25000		other	0
019	11	Sound	n07	1579974	71500	1			71500		other	0
019	11	Picture	3-223-1-3	1638791	130317	7	5166	7	130000	5000	hit	119
019	11	Response	62	1653850	145377	1
019	12	Sound	P2/beat	1684288	25000	1			25000		other	0
019	12	Sound	f07	1730788	71500	1			71500		other	0
019	12	Picture	3-123-1-3	1789606	130317	7	5166	7	130000	5000	hit	123
019	12	Response	62	1800250	140961	2
019	13	Sound	P2/both1	1835103	25000	1			25000		other	0
019	13	Response	53	1837770	27667	1
019	13	Response	53	1842330	32227	1
019	13	Response	53	1847210	37107	1
019	13	Response	53	1852730	42627	2
019	13	Response	53	1858650	48547	2
019	13	Response	53	1866090	55987	2
019	13	Response	53	1870890	60787	1
019	13	Response	53	1876410	66307	2
019	13	Sound	f05	1881603	71500	1			71500		other	0
019	13	Response	53	1882250	72147	1
019	13	Picture	2-124-1-2	1940421	130317	7	5166	7	130000	5000	hit	136
019	13	Response	62	1951850	141747	2
019	14	Response	53	1979450	18532	1
019	14	Response	53	1985210	24292	1
019	14	Sound	P2/both	1985918	25000	1			25000		other	0
019	14	Response	53	1991370	30452	1
019	14	Response	53	1997370	36452	1
019	14	Response	53	2003370	42452	1
019	14	Response	53	2009050	48132	1
019	14	Response	53	2015130	54212	2
019	14	Response	53	2020810	59892	1
019	14	Response	53	2026970	66052	1
019	14	Sound	test09	2032418	71500	1			71500		other	0
019	14	Response	53	2032970	72052	2
019	14	Picture	3-224-1-3	2091235	130317	7	5166	7	130000	5000	incorrect	150
019	14	Response	51	2104410	143492	1
019	15	Response	53	2130730	18997	1
019	15	Sound	P2/both	2136733	25000	1			25000		other	0
019	15	Response	53	2139130	27397	1
019	15	Response	53	2144649	32917	1
019	15	Response	53	2151610	39877	1
019	15	Response	53	2160010	48277	1
019	15	Response	53	2165770	54037	1
019	15	Response	53	2171770	60037	1
019	15	Response	53	2177850	66117	1
019	15	Sound	test12	2183233	71500	1			71500		other	0
019	15	Response	53	2185130	73397	1
019	15	Picture	3-214-1-3	2242050	130317	7	5166	7	130000	5000	hit	163
019	15	Response	61	2251129	139397	1
019	16	Sound	P2/both	2287547	25000	1			25000		other	0
019	16	Response	53	2290010	27462	1
019	16	Response	53	2294410	31862	1
019	16	Response	53	2299689	37142	1
019	16	Response	53	2305130	42582	1
019	16	Response	53	2311449	48902	1
019	16	Response	53	2317289	54742	1
019	16	Response	53	2323289	60742	1
019	16	Response	53	2329289	66742	1
019	16	Sound	test19	2334047	71500	1			71500		other	0
019	16	Picture	2-224-1-2	2392865	130317	7	5166	7	130000	5000	hit	175
019	16	Response	62	2413050	150503	2
019	17	Response	53	2437610	24248	1
019	17	Sound	P1/tapping1	2438362	25000	1			25000		other	0
019	17	Response	53	2443610	30248	2
019	17	Response	53	2449530	36168	1
019	17	Response	53	2455290	41928	1
019	17	Response	53	2461050	47688	1
019	17	Response	53	2467129	53768	1
019	17	Response	53	2473049	59687	2
019	17	Response	53	2479209	65848	1
019	17	Sound	f15	2484862	71500	1			71500		other	0
019	17	Response	53	2485529	72167	1
019	17	Picture	2-122-2-2	2543679	130317	7	5166	7	130000	5000	miss	0
019	18	Response	52	2566249	2073	1
019	18	Sound	P1/tapping	2589176	25000	1			25000		other	0
019	18	Response	53	2592570	28393	1
019	18	Response	53	2596249	32073	1
019	18	Response	53	2601609	37433	1
019	18	Response	53	2607130	42953	1
019	18	Response	53	2612489	48313	1
019	18	Response	53	2618329	54153	1
019	18	Response	53	2623849	59673	1
019	18	Response	53	2629369	65193	1
019	18	Response	53	2635209	71033	1
019	18	Sound	test21	2635676	71500	1			71500		other	0
019	18	Picture	3-212-1-3	2694494	130317	7	5166	7	130000	5000	hit	201
019	18	Response	61	2705289	141113	1
019	19	Response	53	2733689	18697	1
019	19	Response	53	2739289	24297	1
019	19	Sound	P1/tapping	2739992	25000	1			25000		other	0
019	19	Response	53	2745209	30217	1
019	19	Response	53	2751289	36298	1
019	19	Response	53	2756729	41737	1
019	19	Response	53	2762249	47258	1
019	19	Response	53	2767449	52457	1
019	19	Response	53	2773449	58457	1
019	19	Response	53	2779209	64217	1
019	19	Response	53	2784809	69818	1
019	19	Sound	f10	2786491	71500	1			71500		other	0
019	19	Picture	3-112-1-3	2845309	130317	7	5166	7	130000	5000	hit	215
019	19	Response	61	2855929	140938	1
019	20	Response	53	2885369	19563	1
019	20	Sound	P1/tapping	2890806	25000	1			25000		other	0
019	20	Response	53	2891610	25804	2
019	20	Response	53	2896730	30923	1
019	20	Response	53	2902169	36363	1
019	20	Response	53	2907369	41563	1
019	20	Response	53	2912969	47163	2
019	20	Response	53	2917449	51643	1
019	20	Response	53	2922649	56843	2
019	20	Response	53	2927769	61963	1
019	20	Response	53	2933049	67243	1
019	20	Sound	f13	2937306	71500	1			71500		other	0
019	20	Response	53	2938169	72363	1
019	20	Picture	3-112-1-3	2996123	130317	7	5166	7	130000	5000	hit	230
019	20	Response	61	3002969	137163	1
019	21	Response	53	3039769	23148	1
019	21	Sound	P2/both1	3041621	25000	1			25000		other	0
019	21	Response	53	3046489	29868	1
019	21	Response	53	3053209	36588	1
019	21	Response	53	3059529	42908	1
019	21	Response	53	3065449	48828	1
019	21	Response	53	3071369	54748	1
019	21	Response	53	3077529	60908	1
019	21	Response	53	3083529	66908	1
019	21	Sound	n03	3088121	71500	1			71500		other	0
019	21	Response	53	3089289	72668	1
019	21	Picture	2-124-1-2	3146938	130317	7	5166	7	130000	5000	hit	243
019	21	Response	62	3161609	144988	1
019	22	Response	53	3190009	22573	1
019	22	Sound	P2/both	3192435	25000	1			25000		other	0
019	22	Response	53	3197050	29614	1
019	22	Response	53	3203769	36333	1
019	22	Response	53	3209049	41613	1
019	22	Response	53	3215929	48493	1
019	22	Response	53	3222008	54573	1
019	22	Response	53	3228008	60573	1
019	22	Response	53	3234489	67053	1
019	22	Sound	n13	3238935	71500	1			71500		other	0
019	22	Picture	3-214-1-3	3297753	130317	7	5166	7	130000	5000	hit	255
019	22	Response	61	3304649	137213	1
019	23	Response	53	3338249	19999	1
019	23	Sound	P2/both	3343250	25000	1			25000		other	0
019	23	Response	53	3344168	25918	1
019	23	Response	53	3349288	31038	1
019	23	Response	53	3355049	36799	1
019	23	Response	53	3361208	42958	1
019	23	Response	53	3367289	49038	3
019	23	Response	53	3373048	54798	1
019	23	Response	53	3381528	63278	1
019	23	Response	53	3386088	67838	1
019	23	Sound	f11	3389750	71500	1			71500		other	0
019	23	Response	53	3391448	73198	1
019	23	Picture	2-124-1-2	3448567	130317	7	5166	7	130000	5000	incorrect	269
019	23	Response	51	3463208	144958	1
019	24	Response	53	3489448	20383	1
019	24	Sound	P2/both	3494065	25000	1			25000		other	0
019	24	Response	53	3495848	26783	2
019	24	Response	53	3500168	31103	1
019	24	Response	53	3506088	37023	1
019	24	Response	53	3512329	43264	2
019	24	Response	53	3518249	49184	2
019	24	Response	53	3524248	55183	1
019	24	Response	53	3530008	60943	1
019	24	Response	53	3535528	66463	2
019	24	Sound	f16	3540565	71500	1			71500		other	0
019	24	Picture	2-114-1-2	3599382	130317	7	5166	7	130000	5000	hit	282
019	24	Response	61	3610169	141104	2
019	25	Sound	P0/none1	3644879	25000	1			25000		other	0
019	25	Sound	f21	3691378	71499	1			71500		other	0
019	25	Picture	2-121-2-2	3750197	130317	7	5166	7	130000	5000	hit	286
019	25	Response	62	3762168	142288	1
019	26	Sound	P0/none	3795694	25000	1			25000		other	0
019	26	Sound	test14	3842194	71500	1			71500		other	0
019	26	Picture	2-221-1-2	3901012	130317	7	5166	7	130000	5000	hit	290
019	26	Response	62	3911768	141074	1
019	27	Sound	P0/none	3946509	25000	1			25000		other	0
019	27	Sound	f14	3993009	71500	1			71500		other	0
019	27	Picture	3-111-1-3	4051826	130317	7	5166	7	130000	5000	hit	294
019	27	Response	61	4058168	136659	1
019	28	Sound	P0/none	4097323	25000	1			25000		other	0
019	28	Sound	test08	4143823	71500	1			71500		other	0
019	28	Picture	3-221-1-3	4202641	130317	7	5166	7	130000	5000	hit	298
019	28	Response	62	4214008	141684	1
019	29	Sound	P1/tapping1	4248138	25000	1			25000		other	0
019	29	Response	53	4250248	27110	2
019	29	Response	53	4255288	32149	1
019	29	Response	53	4260648	37509	1
019	29	Response	53	4266328	43189	1
019	29	Response	53	4272008	48869	1
019	29	Response	53	4277928	54789	1
019	29	Response	53	4283848	60709	2
019	29	Response	53	4289928	66789	1
019	29	Sound	n09	4294638	71500	1			71500		other	0
019	29	Response	53	4295848	72709	1
019	29	Picture	2-222-2-2	4353456	130317	7	5166	7	130000	5000	hit	311
019	29	Response	62	4368648	145509	1
019	30	Sound	P1/tapping	4398953	25000	1			25000		other	0
019	30	Response	53	4405048	31095	1
019	30	Response	53	4410488	36535	1
019	30	Response	53	4416088	42135	1
019	30	Response	53	4421528	47574	1
019	30	Response	53	4427128	53174	1
019	30	Response	53	4433048	59095	1
019	30	Response	53	4438968	65014	1
019	30	Response	53	4445127	71174	2
019	30	Sound	test13	4445453	71500	1			71500		other	0
019	30	Picture	2-212-1-2	4504270	130317	7	5166	7	130000	5000	hit	323
019	30	Response	61	4513208	139254	1
019	31	Response	53	4540567	15799	1
019	31	Response	53	4546007	21239	1
019	31	Sound	P1/tapping	4549768	25000	1			25000		other	0
019	31	Response	53	4551928	27160	1
019	31	Response	53	4558087	33319	2
019	31	Response	53	4564407	39639	1
019	31	Response	53	4570967	46199	1
019	31	Response	53	4576247	51479	1
019	31	Response	53	4582967	58199	1
019	31	Response	53	4588647	63879	1
019	31	Response	53	4595207	70439	1
019	31	Sound	f03	4596268	71500	1			71500		other	0
019	31	Picture	3-112-1-3	4655085	130317	7	5166	7	130000	5000	hit	337
019	31	Response	61	4663928	139160	1
019	32	Response	53	4694408	18826	1
019	32	Sound	P1/tapping	4700583	25000	1			25000		other	0
019	32	Response	53	4701608	26026	2
019	32	Response	53	4706487	30905	1
019	32	Response	53	4712007	36425	1
019	32	Response	53	4717767	42185	1
019	32	Response	53	4723768	48186	1
019	32	Response	53	4730167	54585	1
019	32	Response	53	4736247	60665	1
019	32	Response	53	4742247	66665	1
019	32	Sound	f12	4747082	71500	1			71500		other	0
019	32	Picture	2-122-1-2	4805900	130317	7	5166	7	130000	5000	hit	350
019	32	Response	62	4825367	149785	1
019	33	Sound	P2/beat1	4851397	25000	1			25000		other	0
019	33	Sound	n06	4897897	71500	1			71500		other	0
019	33	Picture	2-223-2-2	4956714	130317	7	5166	7	130000	5000	hit	354
019	33	Response	62	4965847	139450	2
019	34	Sound	P2/beat	5002212	25000	1			25000		other	0
019	34	Sound	test06	5048712	71500	1			71500		other	0
019	34	Picture	3-213-1-3	5107529	130317	7	5166	7	130000	5000	incorrect	358
019	34	Response	52	5119927	142715	1
019	35	Sound	P2/beat	5153026	25000	1			25000		other	0
019	35	Sound	n04	5199526	71500	1			71500		other	0
019	35	Picture	3-223-1-3	5258344	130317	7	5166	7	130000	5000	hit	362
019	35	Response	62	5265047	137020	2
019	36	Sound	P2/beat	5303841	25000	1			25000		other	0
019	36	Sound	n11	5350341	71500	1			71500		other	0
019	36	Picture	3-113-2-3	5409159	130317	7	5166	7	130000	5000	incorrect	366
019	36	Response	52	5426087	147245	1
019	37	Sound	P1/tapping1	5454656	25000	1			25000		other	0
019	37	Response	53	5455846	26190	1
019	37	Response	53	5461366	31710	1
019	37	Response	53	5467446	37790	1
019	37	Response	53	5472646	42990	1
019	37	Response	53	5478328	48671	2
019	37	Response	53	5484566	54910	1
019	37	Response	53	5490326	60670	1
019	37	Response	53	5496487	66831	2
019	37	Sound	f23	5501156	71500	1			71500		other	0
019	37	Response	53	5502247	72591	2
019	37	Picture	3-112-1-3	5559973	130317	7	5166	7	130000	5000	hit	379
019	37	Response	61	5568166	138510	1
019	38	Response	53	5594727	14256	1
019	38	Response	53	5600247	19776	1
019	38	Sound	P1/tapping	5605470	25000	1			25000		other	0
019	38	Response	53	5605607	25136	1
019	38	Response	53	5611527	31056	1
019	38	Response	53	5617047	36576	1
019	38	Response	53	5622487	42016	1
019	38	Response	53	5627687	47216	1
019	38	Response	53	5633367	52896	1
019	38	Response	53	5639367	58896	1
019	38	Response	53	5644727	64256	1
019	38	Response	53	5650167	69696	1
019	38	Sound	n10	5651971	71500	1			71500		other	0
019	38	Picture	2-112-1-2	5710788	130317	7	5166	7	130000	5000	hit	394
019	38	Response	61	5718966	138496	1
019	39	Response	53	5752647	21362	1
019	39	Sound	P1/tapping	5756285	25000	1			25000		other	0
019	39	Response	53	5757767	26481	2
019	39	Response	53	5762647	31361	1
019	39	Response	53	5767927	36641	1
019	39	Response	53	5773366	42081	1
019	39	Response	53	5778806	47521	2
019	39	Response	53	5784726	53441	1
019	39	Response	53	5790327	59041	2
019	39	Response	53	5795846	64561	1
019	39	Response	53	5801767	70481	1
019	39	Sound	test10	5802785	71500	1			71500		other	0
019	39	Picture	3-212-1-3	5861603	130317	7	5166	7	130000	5000	incorrect	408
019	39	Response	52	5874166	142881	1
019	40	Response	53	5903926	21826	1
019	40	Sound	P1/tapping	5907100	25000	1			25000		other	0
019	40	Response	53	5909927	27827	2
019	40	Response	53	5915606	33506	2
019	40	Response	53	5921366	39266	1
019	40	Response	53	5926726	44626	1
019	40	Response	53	5933046	50946	1
019	40	Response	53	5938646	56546	1
019	40	Response	53	5945046	62946	1
019	40	Response	53	5950406	68306	1
019	40	Sound	test16	5953600	71500	1			71500		other	0
019	40	Picture	2-212-1-2	6012417	130317	7	5166	7	130000	5000	hit	421
019	40	Response	61	6021286	139186	2
019	41	Sound	P0/none1	6057915	25000	1			25000		other	0
019	41	Sound	test03	6104415	71500	1			71500		other	0
019	41	Picture	2-221-1-2	6163232	130317	7	5166	7	130000	5000	hit	425
019	41	Response	62	6175606	142691	1
019	42	Sound	P0/none	6208729	25000	1			25000		other	0
019	42	Sound	f22	6255229	71500	1			71500		other	0
019	42	Picture	2-121-2-2	6314047	130317	7	5166	7	130000	5000	hit	429
019	42	Response	62	6328326	144596	1
019	43	Sound	P0/none	6359544	25000	1			25000		other	0
019	43	Sound	test04	6406044	71500	1			71500		other	0
019	43	Picture	3-221-1-3	6464861	130317	7	5166	7	130000	5000	hit	433
019	43	Response	62	6477686	143141	1
019	44	Sound	P0/none	6510359	25000	1			25000		other	0
019	44	Sound	test11	6556859	71500	1			71500		other	0
019	44	Picture	2-221-1-2	6615676	130317	7	5166	7	130000	5000	hit	437
019	44	Response	62	6625846	140487	1
019	45	Sound	P2/beat1	6661173	25000	1			25000		other	0
019	45	Sound	f04	6707674	71500	1			71500		other	0
019	45	Picture	2-113-1-2	6766491	130317	7	5166	7	130000	5000	hit	441
019	45	Response	61	6772325	136152	1
019	46	Sound	P2/beat	6811988	25000	1			25000		other	0
019	46	Sound	test05	6858488	71500	1			71500		other	0
019	46	Picture	3-213-1-3	6917306	130317	7	5166	7	130000	5000	hit	445
019	46	Response	61	6925925	138937	1
019	47	Sound	P2/beat	6962803	25000	1			25000		other	0
019	47	Sound	f20	7009303	71500	1			71500		other	0
019	47	Picture	2-123-2-2	7068120	130317	7	5166	7	130000	5000	hit	449
019	47	Response	62	7079685	141882	1
019	48	Sound	P2/beat	7113618	25000	1			25000		other	0
019	48	Sound	f24	7160118	71500	1			71500		other	0
019	48	Picture	2-113-1-2	7218935	130317	7	5166	7	130000	5000	hit	453
019	48	Response	61	7225205	136587	1
019	49	Sound	P2/both1	7264432	25000	1			25000		other	0
019	49	Response	53	7293605	54173	1
019	49	Response	53	7296165	56732	1
019	49	Response	53	7300805	61372	1
019	49	Response	53	7306325	66892	1
019	49	Sound	test18	7310932	71500	1			71500		other	0
019	49	Response	53	7312005	72572	1
019	49	Picture	2-224-1-2	7369750	130317	7	5166	7	130000	5000	hit	462
019	49	Response	62	7379365	139933	1
019	50	Response	53	7403125	12877	1
019	50	Response	53	7408245	17997	2
019	50	Response	53	7413845	23598	1
019	50	Sound	P2/both	7415247	25000	1			25000		other	0
019	50	Response	53	7420005	29758	1
019	50	Response	53	7425925	35678	2
019	50	Response	53	7432165	41917	1
019	50	Response	53	7438885	48637	2
019	50	Response	53	7445125	54877	1
019	50	Response	53	7451285	61038	1
019	50	Response	53	7457125	66877	1
019	50	Sound	test01	7461747	71500	1			71500		other	0
019	50	Picture	3-214-1-3	7520565	130317	7	5166	7	130000	5000	incorrect	476
019	50	Response	52	7532325	142077	1
019	51	Response	53	7558085	17023	1
019	51	Response	53	7563845	22783	1
019	51	Sound	P2/both	7566062	25000	1			25000		other	0
019	51	Response	53	7570485	29422	1
019	51	Response	53	7576245	35183	1
019	51	Response	53	7582565	41503	1
019	51	Response	53	7588645	47583	1
019	51	Response	53	7594725	53663	1
019	51	Response	53	7601205	60143	2
019	51	Response	53	7607365	66303	1
019	51	Sound	test17	7612562	71500	1			71500		other	0
019	51	Response	53	7613205	72143	1
019	51	Picture	3-214-1-3	7671379	130317	7	5166	7	130000	5000	incorrect	490
019	51	Response	52	7684164	143102	1
019	52	Sound	P2/both	7716876	25000	1			25000		other	0
019	52	Response	53	7723525	31648	1
019	52	Response	53	7729045	37168	1
019	52	Response	53	7734885	43008	1
019	52	Response	53	7740885	49008	1
019	52	Response	53	7746805	54928	1
019	52	Response	53	7752645	60768	1
019	52	Response	53	7758645	66768	1
019	52	Sound	test15	7763377	71500	1			71500		other	0
019	52	Response	53	7764725	72848	1
019	52	Picture	3-214-1-3	7822194	130317	7	5166	7	130000	5000	hit	502
019	52	Response	61	7829604	137728	1
019	53	Sound	P2/beat1	7867691	25000	1			25000		other	0
019	53	Sound	test02	7914191	71500	1			71500		other	0
019	53	Picture	3-223-1-3	7973009	130317	7	5166	7	130000	5000	hit	506
019	53	Response	62	7986005	143313	1
019	54	Sound	P2/beat	8018506	25000	1			25000		other	0
019	54	Sound	f08	8065006	71500	1			71500		other	0
019	54	Picture	3-113-2-3	8123823	130317	7	5166	7	130000	5000	hit	510
019	54	Response	61	8129604	136098	2
019	55	Sound	P2/beat	8169321	25000	1			25000		other	0
019	55	Sound	test23	8215821	71500	1			71500		other	0
019	55	Picture	3-213-1-3	8274638	130317	7	5166	7	130000	5000	hit	514
019	55	Response	61	8284485	140164	2
019	56	Sound	P2/beat	8320135	25000	1			25000		other	0
019	56	Sound	test25	8366635	71500	1			71500		other	0
019	56	Picture	2-223-1-2	8425453	130317	7	5166	7	130000	5000	hit	518
019	56	Response	62	8436484	141348	1
019	57	Sound	P0/none1	8470950	25000	1			25000		other	0
019	57	Sound	n01	8517450	71500	1			71500		other	0
019	57	Picture	2-211-1-2	8576268	130317	7	5166	7	130000	5000	incorrect	522
019	57	Response	52	8592084	146133	2
019	58	Sound	P0/none	8621765	25000	1			25000		other	0
019	58	Sound	n12	8668265	71500	1			71500		other	0
019	58	Picture	2-121-2-2	8727082	130317	7	5166	7	130000	5000	incorrect	526
019	58	Response	51	8737684	140919	1
019	59	Sound	P0/none	8772580	25000	1			25000		other	0
019	59	Sound	f17	8819079	71500	1			71500		other	0
019	59	Picture	2-121-2-2	8877897	130317	7	5166	7	130000	5000	hit	530
019	59	Response	62	8897683	150103	1
019	60	Sound	P0/none	8923394	25000	1			25000		other	0
019	60	Sound	n14	8969894	71500	1			71500		other	0
019	60	Picture	2-111-2-2	9028712	130317	7	5166	7	130000	5000	hit	534
019	60	Response	61	9035923	137529	1


Event Type	Code	Type	Response	RT	RT Uncertainty	Time	Uncertainty	Duration	Uncertainty	ReqTime	ReqDur

Sound	P1/tapping1	other				25327	1			25000
Sound	n05	other				71827	1			71500
Picture	2-122-2-2	incorrect	1	9447	7	130644	7	5166	7	130000	5000
Sound	P1/tapping	other				176142	1			25000
Sound	f18	other				222642	1			71500
Picture	3-122-1-3	hit	2	17593	7	281459	7	5166	7	130000	5000
Sound	P1/tapping	other				326956	1			25000
Sound	f09	other				373456	1			71500
Picture	2-122-1-2	incorrect	1	19017	7	432274	7	5166	7	130000	5000
Sound	P1/tapping	other				477771	1			25000
Sound	f06	other				524271	1			71500
Picture	3-122-1-3	hit	2	9483	7	583088	7	5166	7	130000	5000
Sound	P2/both1	other				628585	1			25000
Sound	f01	other				675086	1			71500
Picture	3-114-1-3	incorrect	2	16908	7	733903	7	5166	7	130000	5000
Sound	P2/both	other				779400	1			25000
Sound	test24	other				825900	1			71500
Picture	3-214-1-3	hit	1	7293	7	884718	7	5166	7	130000	5000
Sound	P2/both	other				930215	1			25000
Sound	test22	other				976715	1			71500
Picture	3-224-1-3	hit	2	9278	7	1035532	7	5166	7	130000	5000
Sound	P2/both	other				1081030	1			25000
Sound	test07	other				1127529	1			71500
Picture	3-214-1-3	hit	1	8865	9	1186347	7	5166	7	130000	5000
Sound	P2/beat1	other				1231844	1			25000
Sound	f02	other				1278344	1			71500
Picture	2-113-1-2	hit	1	8849	7	1337162	7	5166	7	130000	5000
Sound	P2/beat	other				1382659	1			25000
Sound	f19	other				1429159	1			71500
Picture	2-113-2-2	hit	1	10835	8	1487976	7	5166	7	130000	5000
Sound	P2/beat	other				1533473	1			25000
Sound	n07	other				1579974	1			71500
Picture	3-223-1-3	hit	2	15059	7	1638791	7	5166	7	130000	5000
Sound	P2/beat	other				1684288	1			25000
Sound	f07	other				1730788	1			71500
Picture	3-123-1-3	hit	2	10644	8	1789606	7	5166	7	130000	5000
Sound	P2/both1	other				1835103	1			25000
Sound	f05	other				1881603	1			71500
Picture	2-124-1-2	hit	2	11429	8	1940421	7	5166	7	130000	5000
Sound	P2/both	other				1985918	1			25000
Sound	test09	other				2032418	1			71500
Picture	3-224-1-3	incorrect	1	13175	7	2091235	7	5166	7	130000	5000
Sound	P2/both	other				2136733	1			25000
Sound	test12	other				2183233	1			71500
Picture	3-214-1-3	hit	1	9079	8	2242050	7	5166	7	130000	5000
Sound	P2/both	other				2287547	1			25000
Sound	test19	other				2334047	1			71500
Picture	2-224-1-2	hit	2	20186	8	2392865	7	5166	7	130000	5000
Sound	P1/tapping1	other				2438362	1			25000
Sound	f15	other				2484862	1			71500
Picture	2-122-2-2	miss				2543679	7	5166	7	130000	5000
Sound	P1/tapping	other				2589176	1			25000
Sound	test21	other				2635676	1			71500
Picture	3-212-1-3	hit	1	10795	7	2694494	7	5166	7	130000	5000
Sound	P1/tapping	other				2739992	1			25000
Sound	f10	other				2786491	1			71500
Picture	3-112-1-3	hit	1	10621	7	2845309	7	5166	7	130000	5000
Sound	P1/tapping	other				2890806	1			25000
Sound	f13	other				2937306	1			71500
Picture	3-112-1-3	hit	1	6845	7	2996123	7	5166	7	130000	5000
Sound	P2/both1	other				3041621	1			25000
Sound	n03	other				3088121	1			71500
Picture	2-124-1-2	hit	2	14671	7	3146938	7	5166	7	130000	5000
Sound	P2/both	other				3192435	1			25000
Sound	n13	other				3238935	1			71500
Picture	3-214-1-3	hit	1	6896	7	3297753	7	5166	7	130000	5000
Sound	P2/both	other				3343250	1			25000
Sound	f11	other				3389750	1			71500
Picture	2-124-1-2	incorrect	1	14641	7	3448567	7	5166	7	130000	5000
Sound	P2/both	other				3494065	1			25000
Sound	f16	other				3540565	1			71500
Picture	2-114-1-2	hit	1	10787	8	3599382	7	5166	7	130000	5000
Sound	P0/none1	other				3644879	1			25000
Sound	f21	other				3691378	1			71500
Picture	2-121-2-2	hit	2	11971	7	3750197	7	5166	7	130000	5000
Sound	P0/none	other				3795694	1			25000
Sound	test14	other				3842194	1			71500
Picture	2-221-1-2	hit	2	10757	7	3901012	7	5166	7	130000	5000
Sound	P0/none	other				3946509	1			25000
Sound	f14	other				3993009	1			71500
Picture	3-111-1-3	hit	1	6342	7	4051826	7	5166	7	130000	5000
Sound	P0/none	other				4097323	1			25000
Sound	test08	other				4143823	1			71500
Picture	3-221-1-3	hit	2	11367	7	4202641	7	5166	7	130000	5000
Sound	P1/tapping1	other				4248138	1			25000
Sound	n09	other				4294638	1			71500
Picture	2-222-2-2	hit	2	15192	7	4353456	7	5166	7	130000	5000
Sound	P1/tapping	other				4398953	1			25000
Sound	test13	other				4445453	1			71500
Picture	2-212-1-2	hit	1	8937	7	4504270	7	5166	7	130000	5000
Sound	P1/tapping	other				4549768	1			25000
Sound	f03	other				4596268	1			71500
Picture	3-112-1-3	hit	1	8843	7	4655085	7	5166	7	130000	5000
Sound	P1/tapping	other				4700583	1			25000
Sound	f12	other				4747082	1			71500
Picture	2-122-1-2	hit	2	19468	7	4805900	7	5166	7	130000	5000
Sound	P2/beat1	other				4851397	1			25000
Sound	n06	other				4897897	1			71500
Picture	2-223-2-2	hit	2	9133	8	4956714	7	5166	7	130000	5000
Sound	P2/beat	other				5002212	1			25000
Sound	test06	other				5048712	1			71500
Picture	3-213-1-3	incorrect	2	12398	7	5107529	7	5166	7	130000	5000
Sound	P2/beat	other				5153026	1			25000
Sound	n04	other				5199526	1			71500
Picture	3-223-1-3	hit	2	6703	8	5258344	7	5166	7	130000	5000
Sound	P2/beat	other				5303841	1			25000
Sound	n11	other				5350341	1			71500
Picture	3-113-2-3	incorrect	2	16928	7	5409159	7	5166	7	130000	5000
Sound	P1/tapping1	other				5454656	1			25000
Sound	f23	other				5501156	1			71500
Picture	3-112-1-3	hit	1	8193	8	5559973	7	5166	7	130000	5000
Sound	P1/tapping	other				5605470	1			25000
Sound	n10	other				5651971	1			71500
Picture	2-112-1-2	hit	1	8178	7	5710788	7	5166	7	130000	5000
Sound	P1/tapping	other				5756285	1			25000
Sound	test10	other				5802785	1			71500
Picture	3-212-1-3	incorrect	2	12564	7	5861603	7	5166	7	130000	5000
Sound	P1/tapping	other				5907100	1			25000
Sound	test16	other				5953600	1			71500
Picture	2-212-1-2	hit	1	8869	8	6012417	7	5166	7	130000	5000
Sound	P0/none1	other				6057915	1			25000
Sound	test03	other				6104415	1			71500
Picture	2-221-1-2	hit	2	12374	7	6163232	7	5166	7	130000	5000
Sound	P0/none	other				6208729	1			25000
Sound	f22	other				6255229	1			71500
Picture	2-121-2-2	hit	2	14279	7	6314047	7	5166	7	130000	5000
Sound	P0/none	other				6359544	1			25000
Sound	test04	other				6406044	1			71500
Picture	3-221-1-3	hit	2	12824	7	6464861	7	5166	7	130000	5000
Sound	P0/none	other				6510359	1			25000
Sound	test11	other				6556859	1			71500
Picture	2-221-1-2	hit	2	10169	7	6615676	7	5166	7	130000	5000
Sound	P2/beat1	other				6661173	1			25000
Sound	f04	other				6707674	1			71500
Picture	2-113-1-2	hit	1	5834	7	6766491	7	5166	7	130000	5000
Sound	P2/beat	other				6811988	1			25000
Sound	test05	other				6858488	1			71500
Picture	3-213-1-3	hit	1	8619	7	6917306	7	5166	7	130000	5000
Sound	P2/beat	other				6962803	1			25000
Sound	f20	other				7009303	1			71500
Picture	2-123-2-2	hit	2	11565	7	7068120	7	5166	7	130000	5000
Sound	P2/beat	other				7113618	1			25000
Sound	f24	other				7160118	1			71500
Picture	2-113-1-2	hit	1	6270	8	7218935	7	5166	7	130000	5000
Sound	P2/both1	other				7264432	1			25000
Sound	test18	other				7310932	1			71500
Picture	2-224-1-2	hit	2	9615	7	7369750	7	5166	7	130000	5000
Sound	P2/both	other				7415247	1			25000
Sound	test01	other				7461747	1			71500
Picture	3-214-1-3	incorrect	2	11760	7	7520565	7	5166	7	130000	5000
Sound	P2/both	other				7566062	1			25000
Sound	test17	other				7612562	1			71500
Picture	3-214-1-3	incorrect	2	12785	7	7671379	7	5166	7	130000	5000
Sound	P2/both	other				7716876	1			25000
Sound	test15	other				7763377	1			71500
Picture	3-214-1-3	hit	1	7410	7	7822194	7	5166	7	130000	5000
Sound	P2/beat1	other				7867691	1			25000
Sound	test02	other				7914191	1			71500
Picture	3-223-1-3	hit	2	12996	7	7973009	7	5166	7	130000	5000
Sound	P2/beat	other				8018506	1			25000
Sound	f08	other				8065006	1			71500
Picture	3-113-2-3	hit	1	5781	8	8123823	7	5166	7	130000	5000
Sound	P2/beat	other				8169321	1			25000
Sound	test23	other				8215821	1			71500
Picture	3-213-1-3	hit	1	9846	8	8274638	7	5166	7	130000	5000
Sound	P2/beat	other				8320135	1			25000
Sound	test25	other				8366635	1			71500
Picture	2-223-1-2	hit	2	11031	7	8425453	7	5166	7	130000	5000
Sound	P0/none1	other				8470950	1			25000
Sound	n01	other				8517450	1			71500
Picture	2-211-1-2	incorrect	2	15816	8	8576268	7	5166	7	130000	5000
Sound	P0/none	other				8621765	1			25000
Sound	n12	other				8668265	1			71500
Picture	2-121-2-2	incorrect	1	10601	7	8727082	7	5166	7	130000	5000
Sound	P0/none	other				8772580	1			25000
Sound	f17	other				8819079	1			71500
Picture	2-121-2-2	hit	2	19786	7	8877897	7	5166	7	130000	5000
Sound	P0/none	other				8923394	1			25000
Sound	n14	other				8969894	1			71500
Picture	2-111-2-2	hit	1	7211	7	9028712	7	5166	7	130000	5000


{
   "app": "Presentation Version 22.1 Build 01.21.21",
   "device": "Dell Inc. OptiPlex 7050",
   "experiment": "{C8E97CB4-6FCA-44FA-B866-4A2D94B6B85C}",
   "os": "Windows 10 64 bit",
   "package": "",
   "parameters": {
      "configuration": "Default configuration"
   },
   "scenario": "entrain_list1_sess3_EB.sce",
   "subject": "019",
   "timestamp": "2022/11/14 10:01:47 GMT"
}
