Scenario - test
Logfile written - 11/04/2022 11:48:26

Subject	Trial	Event Type	Code	Time	TTime	Uncertainty	Duration	Uncertainty	ReqTime	ReqDur	Stim Type	Pair Index

017	1	Sound	P1/tapping1	25101	24774	1			25000		other	0
017	1	Response	53	30452	30124	1
017	1	Response	53	35493	35165	2
017	1	Response	53	40371	40044	2
017	1	Response	53	45571	45244	2
017	1	Response	53	50611	50284	1
017	1	Response	53	55892	55564	1
017	1	Response	53	60931	60604	2
017	1	Response	53	65811	65484	2
017	1	Response	53	71331	71004	2
017	1	Sound	n05	71822	71494	1			71500		other	0
017	1	Picture	2-122-2-2	130645	130318	7	5166	7	130000	5000	hit	13
017	1	Response	62	148291	147964	1
017	2	Sound	P1/tapping	176128	24986	1			25000		other	0
017	2	Response	53	181251	30109	2
017	2	Response	53	186611	35469	2
017	2	Response	53	192051	40909	1
017	2	Response	53	196692	45549	1
017	2	Response	53	201811	50669	1
017	2	Response	53	207172	56030	1
017	2	Response	53	211811	60669	1
017	2	Response	53	217091	65949	1
017	2	Response	53	222211	71069	2
017	2	Sound	f18	222640	71498	1			71500		other	0
017	2	Picture	3-122-1-3	281459	130317	7	5166	7	130000	5000	hit	26
017	2	Response	62	295011	143869	2
017	3	Sound	P1/tapping	326950	24993	1			25000		other	0
017	3	Response	53	332451	30494	2
017	3	Response	53	337331	35374	2
017	3	Response	53	342691	40734	1
017	3	Response	53	347971	46014	1
017	3	Response	53	352931	50974	1
017	3	Response	53	357811	55854	1
017	3	Response	53	362851	60894	1
017	3	Response	53	368051	66094	1
017	3	Response	53	373171	71214	2
017	3	Sound	f09	373456	71499	1			71500		other	0
017	3	Picture	2-122-1-2	432274	130317	7	5166	7	130000	5000	hit	39
017	3	Response	62	449971	148014	2
017	4	Sound	P1/tapping	477767	24995	1			25000		other	0
017	4	Response	53	482451	29679	1
017	4	Response	53	487491	34719	2
017	4	Response	53	492211	39439	2
017	4	Response	53	496851	44079	2
017	4	Response	53	501411	48639	2
017	4	Response	53	506451	53679	1
017	4	Response	53	511491	58719	2
017	4	Response	53	516291	63519	2
017	4	Response	53	522291	69519	2
017	4	Sound	f06	524271	71499	1			71500		other	0
017	4	Picture	3-122-1-3	583089	130318	7	5166	7	130000	5000	hit	52
017	4	Response	62	598931	146159	2
017	5	Sound	P2/both1	628583	24996	1			25000		other	0
017	5	Response	53	634291	30704	2
017	5	Response	53	639731	36144	1
017	5	Response	53	645171	41584	2
017	5	Response	53	651971	48384	2
017	5	Response	53	658291	54704	1
017	5	Response	53	664211	60624	2
017	5	Response	53	670451	66864	2
017	5	Sound	f01	675086	71499	1			71500		other	0
017	5	Picture	3-114-1-3	733904	130317	7	5166	7	130000	5000	hit	63
017	5	Response	61	751411	147824	2
017	6	Sound	P2/both	779398	24997	1			25000		other	0
017	6	Response	53	784371	29969	2
017	6	Response	53	789891	35490	2
017	6	Response	53	796131	41730	1
017	6	Response	53	802291	47889	1
017	6	Response	53	808611	54210	3
017	6	Response	53	814931	60530	2
017	6	Response	53	821091	66689	1
017	6	Sound	test24	825901	71499	1			71500		other	0
017	6	Picture	3-214-1-3	884719	130317	7	5166	7	130000	5000	incorrect	74
017	6	Response	52	896771	142369	2
017	7	Sound	P2/both	930214	24997	1			25000		other	0
017	7	Response	53	931811	26594	2
017	7	Response	53	936291	31074	1
017	7	Response	53	941811	36595	2
017	7	Response	53	947171	41954	1
017	7	Response	53	953251	48034	1
017	7	Response	53	959330	54114	1
017	7	Response	53	965090	59874	1
017	7	Response	53	971571	66354	1
017	7	Sound	test22	976716	71499	1			71500		other	0
017	7	Picture	3-224-1-3	1035534	130317	7	5166	7	130000	5000	hit	86
017	7	Response	62	1047250	142034	2
017	8	Sound	P2/both	1081029	24998	1			25000		other	0
017	8	Response	53	1085810	29779	2
017	8	Response	53	1091890	35859	2
017	8	Response	53	1097810	41779	2
017	8	Response	53	1103970	47939	2
017	8	Response	53	1110370	54339	2
017	8	Response	53	1115970	59939	1
017	8	Response	53	1121971	65939	2
017	8	Sound	test07	1127531	71500	1			71500		other	0
017	8	Picture	3-214-1-3	1186349	130317	7	5166	7	130000	5000	hit	97
017	8	Response	61	1204770	148739	1
017	9	Sound	P2/beat1	1231844	24998	1			25000		other	0
017	9	Sound	f02	1278345	71499	1			71500		other	0
017	9	Picture	2-113-1-2	1337164	130318	7	5166	7	130000	5000	incorrect	101
017	9	Response	52	1353890	147044	2
017	10	Sound	P2/beat	1382659	24998	1			25000		other	0
017	10	Sound	f19	1429160	71500	1			71500		other	0
017	10	Picture	2-113-2-2	1487978	130317	7	5166	7	130000	5000	incorrect	105
017	10	Response	52	1501490	143829	2
017	11	Sound	P2/beat	1533474	24998	1			25000		other	0
017	11	Sound	n07	1579976	71500	1			71500		other	0
017	11	Picture	3-223-1-3	1638793	130317	7	5166	7	130000	5000	hit	109
017	11	Response	62	1656290	147814	2
017	12	Sound	P2/beat	1684289	24998	1			25000		other	0
017	12	Sound	f07	1730790	71500	1			71500		other	0
017	12	Picture	3-123-1-3	1789608	130317	7	5166	7	130000	5000	hit	113
017	12	Response	62	1802130	142839	2
017	13	Sound	P2/both1	1835104	24998	1			25000		other	0
017	13	Response	53	1840610	30504	2
017	13	Response	53	1846290	36184	1
017	13	Response	53	1852290	42184	2
017	13	Response	53	1857890	47784	2
017	13	Response	53	1864610	54504	2
017	13	Response	53	1870737	60631	86
017	13	Response	53	1875970	65864	2
017	13	Sound	f05	1881605	71500	1			71500		other	0
017	13	Picture	2-124-1-2	1940423	130317	7	5166	7	130000	5000	hit	124
017	13	Response	62	1958370	148264	2
017	14	Sound	P2/both	1985919	24999	1			25000		other	0
017	14	Response	53	1990689	29769	2
017	14	Response	53	1996609	35689	2
017	14	Response	53	2002929	42009	1
017	14	Response	53	2009089	48169	1
017	14	Response	53	2015009	54089	2
017	14	Response	53	2020929	60009	2
017	14	Response	53	2027329	66409	2
017	14	Sound	test09	2032420	71500	1			71500		other	0
017	14	Picture	3-224-1-3	2091238	130317	7	5166	7	130000	5000	hit	135
017	14	Response	62	2102370	141449	2
017	15	Sound	P2/both	2136739	25004	1			25000		other	0
017	15	Response	53	2138769	27034	1
017	15	Response	53	2143089	31354	2
017	15	Response	53	2148289	36554	1
017	15	Response	53	2154530	42795	2
017	15	Response	53	2160689	48954	1
017	15	Response	53	2166769	55034	1
017	15	Response	53	2172437	60701	134
017	15	Response	53	2178530	66795	2
017	15	Sound	test12	2183235	71500	1			71500		other	0
017	15	Picture	3-214-1-3	2242053	130317	7	5166	7	130000	5000	hit	147
017	15	Response	61	2253409	141674	1
017	16	Sound	P2/both	2287549	24999	1			25000		other	0
017	16	Response	53	2290289	27739	2
017	16	Response	53	2294129	31579	2
017	16	Response	53	2299169	36619	2
017	16	Response	53	2304449	41899	1
017	16	Response	53	2311089	48539	2
017	16	Response	53	2316689	54139	1
017	16	Response	53	2323249	60699	2
017	16	Response	53	2329170	66620	2
017	16	Sound	test19	2334050	71500	1			71500		other	0
017	16	Picture	2-224-1-2	2392867	130317	7	5166	7	130000	5000	hit	159
017	16	Response	62	2409089	146539	2
017	17	Sound	P1/tapping1	2438364	24999	1			25000		other	0
017	17	Response	53	2443649	30284	1
017	17	Response	53	2449009	35644	1
017	17	Response	53	2454849	41484	2
017	17	Response	53	2460209	46844	2
017	17	Response	53	2465809	52444	2
017	17	Response	53	2471169	57804	1
017	17	Response	53	2476529	63164	2
017	17	Response	53	2481969	68604	2
017	17	Sound	f15	2484865	71500	1			71500		other	0
017	17	Picture	2-122-2-2	2543682	130317	7	5166	7	130000	5000	hit	171
017	17	Response	62	2558129	144764	2
017	18	Sound	P1/tapping	2589179	24999	1			25000		other	0
017	18	Response	53	2594369	30189	1
017	18	Response	53	2599570	35390	2
017	18	Response	53	2604929	40750	2
017	18	Response	53	2610209	46029	1
017	18	Response	53	2615569	51389	2
017	18	Response	53	2621009	56829	2
017	18	Response	53	2625969	61789	2
017	18	Response	53	2631169	66989	1
017	18	Sound	test21	2635679	71499	1			71500		other	0
017	18	Response	53	2636289	72109	2
017	18	Picture	3-212-1-3	2694497	130317	7	5166	7	130000	5000	incorrect	184
017	18	Response	52	2708049	143869	2
017	19	Sound	P1/tapping	2739994	24999	1			25000		other	0
017	19	Response	53	2743809	28814	2
017	19	Response	53	2748848	33854	2
017	19	Response	53	2753649	38654	2
017	19	Response	53	2758768	43774	2
017	19	Response	53	2763489	48494	2
017	19	Response	53	2768609	53614	2
017	19	Response	53	2773809	58814	1
017	19	Response	53	2780289	65294	1
017	19	Response	53	2786048	71054	2
017	19	Sound	f10	2786494	71500	1			71500		other	0
017	19	Picture	3-112-1-3	2845312	130317	7	5166	7	130000	5000	incorrect	197
017	19	Response	52	2863569	148574	1
017	20	Sound	P1/tapping	2890809	24999	1			25000		other	0
017	20	Response	53	2895008	29199	2
017	20	Response	53	2900128	34319	2
017	20	Response	53	2905248	39439	1
017	20	Response	53	2909809	43999	2
017	20	Response	53	2914609	48799	1
017	20	Response	53	2919809	53999	1
017	20	Response	53	2924528	58719	1
017	20	Response	53	2930209	64400	1
017	20	Response	53	2935249	69439	2
017	20	Sound	f13	2937309	71500	1			71500		other	0
017	20	Picture	3-112-1-3	2996127	130317	7	5166	7	130000	5000	incorrect	210
017	20	Response	52	3007728	141919	2
017	21	Sound	P2/both1	3041623	24999	1			25000		other	0
017	21	Response	53	3047008	30384	1
017	21	Response	53	3053168	36544	2
017	21	Response	53	3058928	42304	2
017	21	Response	53	3064688	48064	2
017	21	Response	53	3070368	53744	2
017	21	Response	53	3076448	59824	2
017	21	Response	53	3083008	66384	2
017	21	Sound	n03	3088124	71500	1			71500		other	0
017	21	Picture	2-124-1-2	3146942	130317	7	5166	7	130000	5000	hit	221
017	21	Response	62	3160048	143424	2
017	22	Sound	P2/both	3192439	24999	1			25000		other	0
017	22	Response	53	3198609	31170	2
017	22	Response	53	3203168	35729	2
017	22	Response	53	3209649	42209	2
017	22	Response	53	3215568	48129	1
017	22	Response	53	3221328	53889	2
017	22	Response	53	3227568	60129	2
017	22	Response	53	3233409	65970	2
017	22	Sound	n13	3238939	71500	1			71500		other	0
017	22	Picture	3-214-1-3	3297757	130317	7	5166	7	130000	5000	hit	232
017	22	Response	61	3310208	142769	2
017	23	Sound	P2/both	3343253	24999	1			25000		other	0
017	23	Response	53	3345328	27074	2
017	23	Response	53	3349728	31474	2
017	23	Response	53	3355008	36754	2
017	23	Response	53	3360448	42194	1
017	23	Response	53	3366528	48274	2
017	23	Response	53	3372288	54034	2
017	23	Response	53	3378528	60274	2
017	23	Response	53	3384768	66514	1
017	23	Sound	f11	3389754	71500	1			71500		other	0
017	23	Picture	2-124-1-2	3448571	130317	7	5166	7	130000	5000	hit	244
017	23	Response	62	3463168	144914	2
017	24	Sound	P2/both	3494068	24999	1			25000		other	0
017	24	Response	53	3496848	27779	1
017	24	Response	53	3500928	31859	1
017	24	Response	53	3506128	37059	1
017	24	Response	53	3511648	42579	1
017	24	Response	53	3517088	48019	1
017	24	Response	53	3523328	54259	2
017	24	Response	53	3529488	60419	2
017	24	Response	53	3535888	66819	1
017	24	Sound	f16	3540568	71500	1			71500		other	0
017	24	Response	53	3541888	72819	1
017	24	Picture	2-114-1-2	3599386	130317	7	5166	7	130000	5000	incorrect	257
017	24	Response	52	3612608	143539	2
017	25	Sound	P0/none1	3644883	24999	1			25000		other	0
017	25	Sound	f21	3691384	71500	1			71500		other	0
017	25	Picture	2-121-2-2	3750201	130317	7	5166	7	130000	5000	hit	261
017	25	Response	62	3766288	146404	2
017	26	Sound	P0/none	3795698	24999	1			25000		other	0
017	26	Sound	test14	3842198	71500	1			71500		other	0
017	26	Picture	2-221-1-2	3901016	130317	7	5166	7	130000	5000	hit	265
017	26	Response	62	3913088	142390	2
017	27	Sound	P0/none	3946513	24999	1			25000		other	0
017	27	Sound	f14	3993013	71500	1			71500		other	0
017	27	Picture	3-111-1-3	4051831	130317	7	5166	7	130000	5000	incorrect	269
017	27	Response	52	4065248	143734	2
017	28	Sound	P0/none	4097328	24999	1			25000		other	0
017	28	Sound	test08	4143828	71500	1			71500		other	0
017	28	Picture	3-221-1-3	4202646	130317	7	5166	7	130000	5000	hit	273
017	28	Response	62	4221967	149639	2
017	29	Sound	P1/tapping1	4248143	24999	1			25000		other	0
017	29	Response	53	4253167	30024	2
017	29	Response	53	4258367	35224	2
017	29	Response	53	4263567	40424	2
017	29	Response	53	4268767	45624	1
017	29	Response	53	4273808	50664	1
017	29	Response	53	4279249	56105	3
017	29	Response	53	4284127	60984	1
017	29	Response	53	4289087	65944	1
017	29	Response	53	4294127	70984	2
017	29	Sound	n09	4294643	71500	1			71500		other	0
017	29	Picture	2-222-2-2	4353461	130317	7	5166	7	130000	5000	hit	286
017	29	Response	62	4369167	146024	1
017	30	Sound	P1/tapping	4398957	24999	1			25000		other	0
017	30	Response	53	4403487	29529	1
017	30	Response	53	4408288	34330	2
017	30	Response	53	4413647	39689	1
017	30	Response	53	4418607	44649	1
017	30	Response	53	4423087	49129	2
017	30	Response	53	4428847	54889	1
017	30	Response	53	4434207	60249	2
017	30	Response	53	4439167	65209	1
017	30	Response	53	4444767	70809	2
017	30	Sound	test13	4445458	71500	1			71500		other	0
017	30	Picture	2-212-1-2	4504276	130317	7	5166	7	130000	5000	incorrect	299
017	30	Response	52	4517568	143609	2
017	31	Sound	P1/tapping	4549772	24999	1			25000		other	0
017	31	Response	53	4555407	30634	2
017	31	Response	53	4560207	35434	1
017	31	Response	53	4565407	40634	1
017	31	Response	53	4570767	45994	2
017	31	Response	53	4576127	51354	2
017	31	Response	53	4580687	55914	1
017	31	Response	53	4585967	61194	2
017	31	Response	53	4591167	66394	1
017	31	Sound	f03	4596273	71500	1			71500		other	0
017	31	Response	53	4596687	71914	1
017	31	Picture	3-112-1-3	4655090	130317	7	5166	7	130000	5000	hit	312
017	31	Response	61	4667087	142314	2
017	32	Sound	P1/tapping	4700588	24999	1			25000		other	0
017	32	Response	53	4705647	30058	3
017	32	Response	53	4711167	35579	2
017	32	Response	53	4715967	40379	1
017	32	Response	53	4721007	45419	2
017	32	Response	53	4725727	50139	2
017	32	Response	53	4730927	55339	2
017	32	Response	53	4735807	60219	1
017	32	Response	53	4740767	65179	2
017	32	Response	53	4745647	70059	1
017	32	Sound	f12	4747088	71500	1			71500		other	0
017	32	Picture	2-122-1-2	4805905	130317	7	5166	7	130000	5000	hit	325
017	32	Response	62	4819407	143819	1
017	33	Sound	P2/beat1	4851402	24999	1			25000		other	0
017	33	Sound	n06	4897903	71500	1			71500		other	0
017	33	Picture	2-223-2-2	4956720	130317	7	5166	7	130000	5000	hit	329
017	33	Response	62	4970766	144364	2
017	34	Sound	P2/beat	5002217	24999	1			25000		other	0
017	34	Sound	test06	5048718	71500	1			71500		other	0
017	34	Picture	3-213-1-3	5107535	130317	7	5166	7	130000	5000	incorrect	333
017	34	Response	52	5126046	148829	2
017	35	Sound	P2/beat	5153032	24999	1			25000		other	0
017	35	Sound	n04	5199533	71500	1			71500		other	0
017	35	Picture	3-223-1-3	5258350	130317	7	5166	7	130000	5000	hit	337
017	35	Response	62	5268687	140655	1
017	36	Sound	P2/beat	5303847	24999	1			25000		other	0
017	36	Sound	n11	5350347	71500	1			71500		other	0
017	36	Picture	3-113-2-3	5409165	130317	7	5166	7	130000	5000	incorrect	341
017	36	Response	52	5426766	147919	2
017	37	Sound	P1/tapping1	5454662	24999	1			25000		other	0
017	37	Response	53	5460046	30384	1
017	37	Response	53	5465726	36063	1
017	37	Response	53	5470846	41183	2
017	37	Response	53	5475886	46223	2
017	37	Response	53	5480286	50623	1
017	37	Response	53	5485566	55903	2
017	37	Response	53	5490366	60703	2
017	37	Response	53	5495086	65423	2
017	37	Response	53	5500206	70544	1
017	37	Sound	f23	5501162	71500	1			71500		other	0
017	37	Picture	3-112-1-3	5559980	130317	7	5166	7	130000	5000	incorrect	354
017	37	Response	52	5575886	146223	2
017	38	Sound	P1/tapping	5605477	24999	1			25000		other	0
017	38	Response	53	5610126	29648	2
017	38	Response	53	5615166	34688	2
017	38	Response	53	5620366	39888	2
017	38	Response	53	5625406	44928	2
017	38	Response	53	5630846	50368	2
017	38	Response	53	5636046	55568	2
017	38	Response	53	5640926	60449	2
017	38	Response	53	5645886	65409	1
017	38	Response	53	5651166	70688	2
017	38	Sound	n10	5651977	71500	1			71500		other	0
017	38	Picture	2-112-1-2	5710795	130317	7	5166	7	130000	5000	incorrect	367
017	38	Response	52	5722046	141568	2
017	39	Sound	P1/tapping	5756292	24999	1			25000		other	0
017	39	Response	53	5761966	30673	2
017	39	Response	53	5766766	35473	2
017	39	Response	53	5771566	40273	2
017	39	Response	53	5776766	45473	2
017	39	Response	53	5781646	50353	2
017	39	Response	53	5786686	55393	2
017	39	Response	53	5791566	60274	2
017	39	Response	53	5796526	65233	2
017	39	Response	53	5801566	70274	3
017	39	Sound	test10	5802792	71500	1			71500		other	0
017	39	Picture	3-212-1-3	5861610	130317	7	5166	7	130000	5000	hit	380
017	39	Response	61	5875405	144113	2
017	40	Sound	P1/tapping	5907107	24999	1			25000		other	0
017	40	Response	53	5910445	28338	2
017	40	Response	53	5915165	33058	2
017	40	Response	53	5920285	38178	2
017	40	Response	53	5925325	43218	1
017	40	Response	53	5930285	48178	1
017	40	Response	53	5935405	53298	1
017	40	Response	53	5940125	58018	1
017	40	Response	53	5944925	62818	1
017	40	Response	53	5949645	67538	1
017	40	Sound	test16	5953607	71500	1			71500		other	0
017	40	Picture	2-212-1-2	6012425	130318	7	5166	7	130000	5000	incorrect	393
017	40	Response	52	6027165	145058	2
017	41	Sound	P0/none1	6057921	24999	1			25000		other	0
017	41	Sound	test03	6104422	71500	1			71500		other	0
017	41	Picture	2-221-1-2	6163239	130317	7	5166	7	130000	5000	hit	397
017	41	Response	62	6182205	149283	1
017	42	Sound	P0/none	6208736	24999	1			25000		other	0
017	42	Sound	f22	6255237	71500	1			71500		other	0
017	42	Picture	2-121-2-2	6314054	130317	7	5166	7	130000	5000	hit	401
017	42	Response	62	6328205	144468	1
017	43	Sound	P0/none	6359551	24999	1			25000		other	0
017	43	Sound	test04	6406051	71500	1			71500		other	0
017	43	Picture	3-221-1-3	6464869	130317	7	5166	7	130000	5000	hit	405
017	43	Response	62	6477885	143333	1
017	44	Sound	P0/none	6510366	24999	1			25000		other	0
017	44	Sound	test11	6556866	71500	1			71500		other	0
017	44	Picture	2-221-1-2	6615684	130318	7	5166	7	130000	5000	hit	409
017	44	Response	62	6627725	142358	2
017	45	Sound	P2/beat1	6661181	25000	1			25000		other	0
017	45	Sound	f04	6707682	71500	1			71500		other	0
017	45	Picture	2-113-1-2	6766499	130317	7	5166	7	130000	5000	incorrect	413
017	45	Response	52	6780764	144583	2
017	46	Sound	P2/beat	6811996	25000	1			25000		other	0
017	46	Sound	test05	6858496	71500	1			71500		other	0
017	46	Picture	3-213-1-3	6917314	130318	7	5166	7	130000	5000	incorrect	417
017	46	Response	52	6932204	145208	1
017	47	Sound	P2/beat	6962811	25000	1			25000		other	0
017	47	Sound	f20	7009311	71500	1			71500		other	0
017	47	Picture	2-123-2-2	7068129	130317	7	5166	7	130000	5000	hit	421
017	47	Response	62	7081564	143753	1
017	48	Sound	P2/beat	7113626	24999	1			25000		other	0
017	48	Sound	f24	7160126	71500	1			71500		other	0
017	48	Picture	2-113-1-2	7218944	130317	7	5166	7	130000	5000	hit	425
017	48	Response	61	7230125	141498	2
017	49	Sound	P2/both1	7264441	25000	1			25000		other	0
017	49	Response	53	7270285	30843	2
017	49	Response	53	7275804	36363	1
017	49	Response	53	7281484	42042	1
017	49	Response	53	7287084	47643	2
017	49	Response	53	7292844	53403	2
017	49	Response	53	7299084	59642	2
017	49	Response	53	7306364	66923	2
017	49	Sound	test18	7310941	71500	1			71500		other	0
017	49	Picture	2-224-1-2	7369759	130317	7	5166	7	130000	5000	hit	436
017	49	Response	62	7381724	142282	2
017	50	Sound	P2/both	7415256	24999	1			25000		other	0
017	50	Response	53	7421084	30827	2
017	50	Response	53	7426284	36027	2
017	50	Response	53	7432204	41947	1
017	50	Response	53	7438204	47948	1
017	50	Response	53	7444604	54347	1
017	50	Response	53	7451244	60988	1
017	50	Response	53	7457324	67068	1
017	50	Sound	test01	7461756	71500	1			71500		other	0
017	50	Picture	3-214-1-3	7520574	130317	7	5166	7	130000	5000	incorrect	447
017	50	Response	52	7536444	146188	2
017	51	Sound	P2/both	7566071	25000	1			25000		other	0
017	51	Response	53	7571644	30573	2
017	51	Response	53	7577644	36572	1
017	51	Response	53	7583084	42013	2
017	51	Response	53	7589244	48172	1
017	51	Response	53	7594924	53853	2
017	51	Response	53	7601404	60332	1
017	51	Response	53	7607564	66493	1
017	51	Sound	test17	7612571	71500	1			71500		other	0
017	51	Picture	3-214-1-3	7671389	130317	7	5166	7	130000	5000	incorrect	458
017	51	Response	52	7686204	145132	2
017	52	Sound	P2/both	7716886	24999	1			25000		other	0
017	52	Response	53	7722204	30317	1
017	52	Response	53	7728764	36877	2
017	52	Response	53	7734604	42717	2
017	52	Response	53	7741004	49117	1
017	52	Response	53	7746364	54477	2
017	52	Response	53	7752604	60717	2
017	52	Response	53	7758524	66637	2
017	52	Sound	test15	7763386	71500	1			71500		other	0
017	52	Picture	3-214-1-3	7822204	130317	7	5166	7	130000	5000	incorrect	469
017	52	Response	52	7836204	144317	2
017	53	Sound	P2/beat1	7867701	25000	1			25000		other	0
017	53	Sound	test02	7914201	71500	1			71500		other	0
017	53	Picture	3-223-1-3	7973019	130317	7	5166	7	130000	5000	hit	473
017	53	Response	62	7990203	147502	1
017	54	Sound	P2/beat	8018516	25000	1			25000		other	0
017	54	Sound	f08	8065016	71500	1			71500		other	0
017	54	Picture	3-113-2-3	8123834	130317	7	5166	7	130000	5000	hit	477
017	54	Response	61	8133963	140447	1
017	55	Sound	P2/beat	8169331	25000	1			25000		other	0
017	55	Sound	test23	8215831	71500	1			71500		other	0
017	55	Picture	3-213-1-3	8274648	130317	7	5166	7	130000	5000	hit	481
017	55	Response	61	8289643	145312	1
017	56	Sound	P2/beat	8320146	25000	1			25000		other	0
017	56	Sound	test25	8366646	71500	1			71500		other	0
017	56	Picture	2-223-1-2	8425463	130317	7	5166	7	130000	5000	hit	485
017	56	Response	62	8438123	142977	2
017	57	Sound	P0/none1	8470961	25000	1			25000		other	0
017	57	Sound	n01	8517461	71500	1			71500		other	0
017	57	Picture	2-211-1-2	8576279	130318	7	5166	7	130000	5000	incorrect	489
017	57	Response	52	8588603	142642	2
017	58	Sound	P0/none	8621775	25000	1			25000		other	0
017	58	Sound	n12	8668276	71500	1			71500		other	0
017	58	Picture	2-121-2-2	8727093	130317	7	5166	7	130000	5000	hit	493
017	58	Response	62	8740683	143907	1
017	59	Sound	P0/none	8772590	25000	1			25000		other	0
017	59	Sound	f17	8819090	71500	1			71500		other	0
017	59	Picture	2-121-2-2	8877908	130318	7	5166	7	130000	5000	hit	497
017	59	Response	62	8895802	148211	1
017	60	Sound	P0/none	8923405	25000	1			25000		other	0
017	60	Sound	n14	8969905	71500	1			71500		other	0
017	60	Picture	2-111-2-2	9028723	130317	7	5166	7	130000	5000	hit	501
017	60	Response	61	9041482	143077	1


Event Type	Code	Type	Response	RT	RT Uncertainty	Time	Uncertainty	Duration	Uncertainty	ReqTime	ReqDur

Sound	P1/tapping1	other				25101	1			25000
Sound	n05	other				71822	1			71500
Picture	2-122-2-2	hit	2	17647	7	130645	7	5166	7	130000	5000
Sound	P1/tapping	other				176128	1			25000
Sound	f18	other				222640	1			71500
Picture	3-122-1-3	hit	2	13552	8	281459	7	5166	7	130000	5000
Sound	P1/tapping	other				326950	1			25000
Sound	f09	other				373456	1			71500
Picture	2-122-1-2	hit	2	17697	8	432274	7	5166	7	130000	5000
Sound	P1/tapping	other				477767	1			25000
Sound	f06	other				524271	1			71500
Picture	3-122-1-3	hit	2	15842	8	583089	7	5166	7	130000	5000
Sound	P2/both1	other				628583	1			25000
Sound	f01	other				675086	1			71500
Picture	3-114-1-3	hit	1	17507	8	733904	7	5166	7	130000	5000
Sound	P2/both	other				779398	1			25000
Sound	test24	other				825901	1			71500
Picture	3-214-1-3	incorrect	2	12052	8	884719	7	5166	7	130000	5000
Sound	P2/both	other				930214	1			25000
Sound	test22	other				976716	1			71500
Picture	3-224-1-3	hit	2	11717	8	1035534	7	5166	7	130000	5000
Sound	P2/both	other				1081029	1			25000
Sound	test07	other				1127531	1			71500
Picture	3-214-1-3	hit	1	18422	7	1186349	7	5166	7	130000	5000
Sound	P2/beat1	other				1231844	1			25000
Sound	f02	other				1278345	1			71500
Picture	2-113-1-2	incorrect	2	16727	8	1337164	7	5166	7	130000	5000
Sound	P2/beat	other				1382659	1			25000
Sound	f19	other				1429160	1			71500
Picture	2-113-2-2	incorrect	2	13512	8	1487978	7	5166	7	130000	5000
Sound	P2/beat	other				1533474	1			25000
Sound	n07	other				1579976	1			71500
Picture	3-223-1-3	hit	2	17497	8	1638793	7	5166	7	130000	5000
Sound	P2/beat	other				1684289	1			25000
Sound	f07	other				1730790	1			71500
Picture	3-123-1-3	hit	2	12522	8	1789608	7	5166	7	130000	5000
Sound	P2/both1	other				1835104	1			25000
Sound	f05	other				1881605	1			71500
Picture	2-124-1-2	hit	2	17947	8	1940423	7	5166	7	130000	5000
Sound	P2/both	other				1985919	1			25000
Sound	test09	other				2032420	1			71500
Picture	3-224-1-3	hit	2	11132	8	2091238	7	5166	7	130000	5000
Sound	P2/both	other				2136739	1			25000
Sound	test12	other				2183235	1			71500
Picture	3-214-1-3	hit	1	11357	7	2242053	7	5166	7	130000	5000
Sound	P2/both	other				2287549	1			25000
Sound	test19	other				2334050	1			71500
Picture	2-224-1-2	hit	2	16221	8	2392867	7	5166	7	130000	5000
Sound	P1/tapping1	other				2438364	1			25000
Sound	f15	other				2484865	1			71500
Picture	2-122-2-2	hit	2	14447	8	2543682	7	5166	7	130000	5000
Sound	P1/tapping	other				2589179	1			25000
Sound	test21	other				2635679	1			71500
Picture	3-212-1-3	incorrect	2	13552	8	2694497	7	5166	7	130000	5000
Sound	P1/tapping	other				2739994	1			25000
Sound	f10	other				2786494	1			71500
Picture	3-112-1-3	incorrect	2	18257	8	2845312	7	5166	7	130000	5000
Sound	P1/tapping	other				2890809	1			25000
Sound	f13	other				2937309	1			71500
Picture	3-112-1-3	incorrect	2	11602	8	2996127	7	5166	7	130000	5000
Sound	P2/both1	other				3041623	1			25000
Sound	n03	other				3088124	1			71500
Picture	2-124-1-2	hit	2	13107	8	3146942	7	5166	7	130000	5000
Sound	P2/both	other				3192439	1			25000
Sound	n13	other				3238939	1			71500
Picture	3-214-1-3	hit	1	12451	8	3297757	7	5166	7	130000	5000
Sound	P2/both	other				3343253	1			25000
Sound	f11	other				3389754	1			71500
Picture	2-124-1-2	hit	2	14597	9	3448571	7	5166	7	130000	5000
Sound	P2/both	other				3494068	1			25000
Sound	f16	other				3540568	1			71500
Picture	2-114-1-2	incorrect	2	13222	8	3599386	7	5166	7	130000	5000
Sound	P0/none1	other				3644883	1			25000
Sound	f21	other				3691384	1			71500
Picture	2-121-2-2	hit	2	16087	8	3750201	7	5166	7	130000	5000
Sound	P0/none	other				3795698	1			25000
Sound	test14	other				3842198	1			71500
Picture	2-221-1-2	hit	2	12072	8	3901016	7	5166	7	130000	5000
Sound	P0/none	other				3946513	1			25000
Sound	f14	other				3993013	1			71500
Picture	3-111-1-3	incorrect	2	13417	8	4051831	7	5166	7	130000	5000
Sound	P0/none	other				4097328	1			25000
Sound	test08	other				4143828	1			71500
Picture	3-221-1-3	hit	2	19321	8	4202646	7	5166	7	130000	5000
Sound	P1/tapping1	other				4248143	1			25000
Sound	n09	other				4294643	1			71500
Picture	2-222-2-2	hit	2	15706	7	4353461	7	5166	7	130000	5000
Sound	P1/tapping	other				4398957	1			25000
Sound	test13	other				4445458	1			71500
Picture	2-212-1-2	incorrect	2	13292	8	4504276	7	5166	7	130000	5000
Sound	P1/tapping	other				4549772	1			25000
Sound	f03	other				4596273	1			71500
Picture	3-112-1-3	hit	1	11996	8	4655090	7	5166	7	130000	5000
Sound	P1/tapping	other				4700588	1			25000
Sound	f12	other				4747088	1			71500
Picture	2-122-1-2	hit	2	13502	7	4805905	7	5166	7	130000	5000
Sound	P2/beat1	other				4851402	1			25000
Sound	n06	other				4897903	1			71500
Picture	2-223-2-2	hit	2	14046	8	4956720	7	5166	7	130000	5000
Sound	P2/beat	other				5002217	1			25000
Sound	test06	other				5048718	1			71500
Picture	3-213-1-3	incorrect	2	18511	8	5107535	7	5166	7	130000	5000
Sound	P2/beat	other				5153032	1			25000
Sound	n04	other				5199533	1			71500
Picture	3-223-1-3	hit	2	10337	7	5258350	7	5166	7	130000	5000
Sound	P2/beat	other				5303847	1			25000
Sound	n11	other				5350347	1			71500
Picture	3-113-2-3	incorrect	2	17601	8	5409165	7	5166	7	130000	5000
Sound	P1/tapping1	other				5454662	1			25000
Sound	f23	other				5501162	1			71500
Picture	3-112-1-3	incorrect	2	15906	8	5559980	7	5166	7	130000	5000
Sound	P1/tapping	other				5605477	1			25000
Sound	n10	other				5651977	1			71500
Picture	2-112-1-2	incorrect	2	11251	8	5710795	7	5166	7	130000	5000
Sound	P1/tapping	other				5756292	1			25000
Sound	test10	other				5802792	1			71500
Picture	3-212-1-3	hit	1	13796	8	5861610	7	5166	7	130000	5000
Sound	P1/tapping	other				5907107	1			25000
Sound	test16	other				5953607	1			71500
Picture	2-212-1-2	incorrect	2	14741	8	6012425	7	5166	7	130000	5000
Sound	P0/none1	other				6057921	1			25000
Sound	test03	other				6104422	1			71500
Picture	2-221-1-2	hit	2	18965	7	6163239	7	5166	7	130000	5000
Sound	P0/none	other				6208736	1			25000
Sound	f22	other				6255237	1			71500
Picture	2-121-2-2	hit	2	14151	7	6314054	7	5166	7	130000	5000
Sound	P0/none	other				6359551	1			25000
Sound	test04	other				6406051	1			71500
Picture	3-221-1-3	hit	2	13016	7	6464869	7	5166	7	130000	5000
Sound	P0/none	other				6510366	1			25000
Sound	test11	other				6556866	1			71500
Picture	2-221-1-2	hit	2	12040	8	6615684	7	5166	7	130000	5000
Sound	P2/beat1	other				6661181	1			25000
Sound	f04	other				6707682	1			71500
Picture	2-113-1-2	incorrect	2	14265	8	6766499	7	5166	7	130000	5000
Sound	P2/beat	other				6811996	1			25000
Sound	test05	other				6858496	1			71500
Picture	3-213-1-3	incorrect	2	14890	7	6917314	7	5166	7	130000	5000
Sound	P2/beat	other				6962811	1			25000
Sound	f20	other				7009311	1			71500
Picture	2-123-2-2	hit	2	13435	7	7068129	7	5166	7	130000	5000
Sound	P2/beat	other				7113626	1			25000
Sound	f24	other				7160126	1			71500
Picture	2-113-1-2	hit	1	11181	8	7218944	7	5166	7	130000	5000
Sound	P2/both1	other				7264441	1			25000
Sound	test18	other				7310941	1			71500
Picture	2-224-1-2	hit	2	11965	8	7369759	7	5166	7	130000	5000
Sound	P2/both	other				7415256	1			25000
Sound	test01	other				7461756	1			71500
Picture	3-214-1-3	incorrect	2	15870	8	7520574	7	5166	7	130000	5000
Sound	P2/both	other				7566071	1			25000
Sound	test17	other				7612571	1			71500
Picture	3-214-1-3	incorrect	2	14815	8	7671389	7	5166	7	130000	5000
Sound	P2/both	other				7716886	1			25000
Sound	test15	other				7763386	1			71500
Picture	3-214-1-3	incorrect	2	14000	8	7822204	7	5166	7	130000	5000
Sound	P2/beat1	other				7867701	1			25000
Sound	test02	other				7914201	1			71500
Picture	3-223-1-3	hit	2	17185	7	7973019	7	5166	7	130000	5000
Sound	P2/beat	other				8018516	1			25000
Sound	f08	other				8065016	1			71500
Picture	3-113-2-3	hit	1	10129	7	8123834	7	5166	7	130000	5000
Sound	P2/beat	other				8169331	1			25000
Sound	test23	other				8215831	1			71500
Picture	3-213-1-3	hit	1	14995	7	8274648	7	5166	7	130000	5000
Sound	P2/beat	other				8320146	1			25000
Sound	test25	other				8366646	1			71500
Picture	2-223-1-2	hit	2	12659	8	8425463	7	5166	7	130000	5000
Sound	P0/none1	other				8470961	1			25000
Sound	n01	other				8517461	1			71500
Picture	2-211-1-2	incorrect	2	12324	8	8576279	7	5166	7	130000	5000
Sound	P0/none	other				8621775	1			25000
Sound	n12	other				8668276	1			71500
Picture	2-121-2-2	hit	2	13589	7	8727093	7	5166	7	130000	5000
Sound	P0/none	other				8772590	1			25000
Sound	f17	other				8819090	1			71500
Picture	2-121-2-2	hit	2	17894	7	8877908	7	5166	7	130000	5000
Sound	P0/none	other				8923405	1			25000
Sound	n14	other				8969905	1			71500
Picture	2-111-2-2	hit	1	12759	7	9028723	7	5166	7	130000	5000


{
   "app": "Presentation Version 22.1 Build 01.21.21",
   "device": "Dell Inc. OptiPlex 7050",
   "experiment": "{C8E97CB4-6FCA-44FA-B866-4A2D94B6B85C}",
   "os": "Windows 10 64 bit",
   "package": "",
   "parameters": {
      "configuration": "Default configuration"
   },
   "scenario": "entrain_list1_sess3_EB.sce",
   "subject": "017",
   "timestamp": "2022/11/04 10:33:16 GMT"
}
