Scenario - test
Logfile written - 11/04/2022 11:30:28

Subject	Trial	Event Type	Code	Time	TTime	Uncertainty	Duration	Uncertainty	ReqTime	ReqDur	Stim Type	Pair Index

017	1	Sound	P2/beat1	25160	24999	1			25000		other	0
017	1	Sound	n05	71660	71500	1			71500		other	0
017	1	Picture	3-113-1-3	130478	130317	7	5166	7	130000	5000	incorrect	4
017	1	Response	52	145529	145368	2
017	2	Sound	P2/beat	175975	25000	1			25000		other	0
017	2	Sound	f05	222475	71500	1			71500		other	0
017	2	Picture	3-113-1-3	281293	130317	7	5166	7	130000	5000	hit	8
017	2	Response	61	293128	142153	1
017	3	Sound	P2/beat	326790	25000	1			25000		other	0
017	3	Sound	n01	373290	71500	1			71500		other	0
017	3	Picture	3-223-1-3	432107	130317	7	5166	7	130000	5000	hit	12
017	3	Response	62	445368	143578	2
017	4	Sound	P2/beat	477605	25000	1			25000		other	0
017	4	Sound	test15	524105	71500	1			71500		other	0
017	4	Picture	2-223-1-2	582922	130317	7	5166	7	130000	5000	hit	16
017	4	Response	62	597448	144843	1
017	5	Sound	P1/tapping1	628419	25000	1			25000		other	0
017	5	Response	53	633529	30109	2
017	5	Response	53	639368	35948	1
017	5	Response	53	644888	41468	2
017	5	Response	53	650008	46588	1
017	5	Response	53	655288	51869	1
017	5	Response	53	659849	56429	2
017	5	Response	53	665608	62188	2
017	5	Response	53	671448	68028	2
017	5	Sound	f08	674919	71500	1			71500		other	0
017	5	Picture	3-122-2-3	733737	130317	7	5166	7	130000	5000	hit	28
017	5	Response	62	744888	141468	2
017	6	Sound	P1/tapping	779234	25000	1			25000		other	0
017	6	Response	53	783928	29694	1
017	6	Response	53	788968	34734	1
017	6	Response	53	794328	40094	1
017	6	Response	53	799849	45614	2
017	6	Response	53	804728	50493	2
017	6	Response	53	810568	56333	2
017	6	Response	53	815769	61534	2
017	6	Response	53	821688	67453	1
017	6	Sound	f01	825734	71500	1			71500		other	0
017	6	Picture	2-122-1-2	884552	130317	7	5166	7	130000	5000	hit	40
017	6	Response	62	899608	145374	2
017	7	Sound	P1/tapping	930049	25000	1			25000		other	0
017	7	Response	53	935048	29999	2
017	7	Response	53	939928	34879	2
017	7	Response	53	944968	39918	1
017	7	Response	53	949768	44719	1
017	7	Response	53	955288	50239	1
017	7	Response	53	960168	55118	2
017	7	Response	53	964968	59919	1
017	7	Response	53	970008	64959	1
017	7	Response	53	975128	70078	2
017	7	Sound	n03	976549	71500	1			71500		other	0
017	7	Picture	3-122-1-3	1035367	130317	7	5166	7	130000	5000	hit	53
017	7	Response	62	1046888	141838	2
017	8	Sound	P1/tapping	1080864	25000	1			25000		other	0
017	8	Response	53	1087288	31424	1
017	8	Response	53	1091768	35904	1
017	8	Response	53	1096328	40464	1
017	8	Response	53	1101048	45184	2
017	8	Response	53	1105608	49744	1
017	8	Response	53	1110487	54623	1
017	8	Response	53	1115448	59584	1
017	8	Response	53	1120808	64944	2
017	8	Response	53	1126088	70224	2
017	8	Sound	test18	1127364	71500	1			71500		other	0
017	8	Picture	3-212-1-3	1186181	130317	7	5166	7	130000	5000	hit	66
017	8	Response	61	1197528	141664	1
017	9	Sound	P2/both1	1231679	25000	1			25000		other	0
017	9	Response	53	1237128	30449	1
017	9	Response	53	1243128	36449	2
017	9	Response	53	1249128	42449	2
017	9	Response	53	1255367	48688	1
017	9	Response	53	1261128	54449	2
017	9	Response	53	1266808	60129	2
017	9	Response	53	1273047	66368	2
017	9	Sound	test13	1278179	71500	1			71500		other	0
017	9	Picture	3-214-1-3	1336996	130317	7	5166	7	130000	5000	incorrect	77
017	9	Response	52	1348088	141409	2
017	10	Sound	P2/both	1382495	25001	1			25000		other	0
017	10	Response	53	1388007	30514	1
017	10	Response	53	1393687	36194	2
017	10	Response	53	1399367	41874	2
017	10	Response	53	1406328	48834	2
017	10	Response	53	1411607	54114	1
017	10	Response	53	1417527	60033	1
017	10	Response	53	1423527	66034	1
017	10	Sound	test04	1428993	71500	1			71500		other	0
017	10	Picture	2-224-1-2	1487811	130317	7	5166	7	130000	5000	hit	88
017	10	Response	62	1499688	142194	1
017	11	Sound	P2/both	1533308	25000	1			25000		other	0
017	11	Response	53	1538647	30339	1
017	11	Response	53	1544087	35779	1
017	11	Response	53	1550648	42339	2
017	11	Response	53	1557127	48819	1
017	11	Response	53	1562967	54659	1
017	11	Response	53	1569208	60900	2
017	11	Response	53	1575287	66979	2
017	11	Sound	f15	1579803	71494	64			71500		other	0
017	11	Picture	3-124-1-3	1638626	130317	7	5166	7	130000	5000	hit	99
017	11	Response	62	1650968	142659	2
017	12	Sound	P2/both	1684123	25000	1			25000		other	0
017	12	Response	53	1689367	30244	1
017	12	Response	53	1695527	36404	2
017	12	Response	53	1701607	42484	2
017	12	Response	53	1707127	48004	2
017	12	Response	53	1713287	54164	1
017	12	Response	53	1719287	60164	2
017	12	Response	53	1725287	66164	2
017	12	Sound	f21	1730623	71500	1			71500		other	0
017	12	Picture	3-124-1-3	1789441	130317	7	5166	7	130000	5000	hit	110
017	12	Response	62	1802087	142964	2
017	13	Sound	P0/none1	1834938	25000	1			25000		other	0
017	13	Sound	n07	1881438	71500	1			71500		other	0
017	13	Picture	2-221-1-2	1940255	130317	7	5166	7	130000	5000	hit	114
017	13	Response	62	1957447	147509	1
017	14	Sound	P0/none	1985753	25000	1			25000		other	0
017	14	Sound	n04	2032253	71500	1			71500		other	0
017	14	Picture	2-211-1-2	2091070	130317	7	5166	7	130000	5000	hit	118
017	14	Response	61	2106567	145814	1
017	15	Sound	P0/none	2136567	25000	1			25000		other	0
017	15	Sound	f03	2183067	71500	1			71500		other	0
017	15	Picture	2-111-1-2	2241885	130317	7	5166	7	130000	5000	incorrect	122
017	15	Response	52	2254567	142999	1
017	16	Sound	P0/none	2287382	25000	1			25000		other	0
017	16	Sound	test05	2333882	71500	1			71500		other	0
017	16	Picture	2-211-1-2	2392700	130317	7	5166	7	130000	5000	hit	126
017	16	Response	61	2402086	139704	1
017	17	Sound	P2/beat1	2438197	25000	1			25000		other	0
017	17	Sound	test16	2484697	71500	1			71500		other	0
017	17	Picture	3-213-1-3	2543515	130317	7	5166	7	130000	5000	hit	130
017	17	Response	61	2556166	142969	1
017	18	Sound	P2/beat	2589012	25000	1			25000		other	0
017	18	Sound	f11	2635512	71500	1			71500		other	0
017	18	Picture	3-113-1-3	2694329	130317	7	5166	7	130000	5000	incorrect	134
017	18	Response	52	2710486	146474	1
017	19	Sound	P2/beat	2739827	25000	1			25000		other	0
017	19	Sound	test07	2786326	71499	1			71500		other	0
017	19	Picture	2-223-1-2	2845144	130317	7	5166	7	130000	5000	hit	138
017	19	Response	62	2862566	147739	1
017	20	Sound	P2/beat	2890642	25000	1			25000		other	0
017	20	Sound	f23	2937142	71500	1			71500		other	0
017	20	Picture	2-113-1-2	2995959	130317	7	5166	7	130000	5000	incorrect	142
017	20	Response	52	3009606	143964	2
017	21	Sound	P0/none1	3041456	25000	1			25000		other	0
017	21	Sound	test23	3087956	71500	1			71500		other	0
017	21	Picture	2-221-2-2	3146774	130317	7	5166	7	130000	5000	hit	146
017	21	Response	62	3159526	143069	2
017	22	Sound	P0/none	3192271	25000	1			25000		other	0
017	22	Sound	f24	3238771	71500	1			71500		other	0
017	22	Picture	3-121-1-3	3297589	130317	7	5166	7	130000	5000	hit	150
017	22	Response	62	3310405	143134	2
017	23	Sound	P0/none	3343086	25000	1			25000		other	0
017	23	Sound	n06	3389586	71500	1			71500		other	0
017	23	Picture	3-211-1-3	3448404	130317	7	5166	7	130000	5000	miss	0
017	23	Response	52	3468885	150799	2
017	24	Sound	P0/none	3493901	25000	1			25000		other	0
017	24	Sound	test24	3540401	71500	1			71500		other	0
017	24	Picture	2-221-1-2	3599218	130317	7	5166	7	130000	5000	hit	158
017	24	Response	62	3612085	143184	1
017	25	Sound	P1/tapping1	3644716	25000	1			25000		other	0
017	25	Response	53	3647525	27809	1
017	25	Response	53	3651285	31569	2
017	25	Response	53	3656485	36769	1
017	25	Response	53	3661605	41889	1
017	25	Response	53	3666165	46449	1
017	25	Response	53	3671045	51330	1
017	25	Response	53	3675846	56130	2
017	25	Response	53	3680885	61169	1
017	25	Response	53	3686245	66529	1
017	25	Sound	test02	3691215	71500	1			71500		other	0
017	25	Response	53	3691925	72209	2
017	25	Picture	2-212-1-2	3750033	130317	7	5166	7	130000	5000	incorrect	172
017	25	Response	52	3761685	141969	2
017	26	Sound	P1/tapping	3795530	25000	1			25000		other	0
017	26	Response	53	3800085	29554	1
017	26	Response	53	3804805	34274	1
017	26	Response	53	3809685	39154	1
017	26	Response	53	3814885	44354	2
017	26	Response	53	3820325	49794	1
017	26	Response	53	3825605	55074	1
017	26	Response	53	3830245	59714	2
017	26	Response	53	3835605	65074	1
017	26	Response	53	3840725	70194	1
017	26	Sound	f14	3842030	71500	1			71500		other	0
017	26	Picture	2-122-2-2	3900848	130317	7	5166	7	130000	5000	hit	185
017	26	Response	62	3919205	148674	2
017	27	Sound	P1/tapping	3946345	25000	1			25000		other	0
017	27	Response	53	3950885	29539	1
017	27	Response	53	3955605	34259	2
017	27	Response	53	3960245	38899	2
017	27	Response	53	3965045	43699	1
017	27	Response	53	3970084	48739	2
017	27	Response	53	3975045	53699	2
017	27	Response	53	3979685	58339	1
017	27	Response	53	3984725	63379	1
017	27	Response	53	3989765	68419	1
017	27	Sound	f17	3992845	71500	1			71500		other	0
017	27	Picture	3-122-1-3	4051663	130317	7	5166	7	130000	5000	hit	198
017	27	Response	62	4064005	142659	1
017	28	Sound	P1/tapping	4097160	25000	1			25000		other	0
017	28	Response	53	4102085	29924	1
017	28	Response	53	4106804	34644	1
017	28	Response	53	4111605	39444	1
017	28	Response	53	4116325	44164	1
017	28	Response	53	4121044	48884	1
017	28	Response	53	4125925	53764	2
017	28	Response	53	4130965	58805	2
017	28	Response	53	4136165	64004	1
017	28	Response	53	4141044	68884	2
017	28	Sound	test17	4143660	71500	1			71500		other	0
017	28	Picture	2-222-2-2	4202478	130317	7	5166	7	130000	5000	hit	211
017	28	Response	62	4218885	146724	2
017	29	Sound	P2/beat1	4247975	25000	1			25000		other	0
017	29	Sound	f10	4294475	71500	1			71500		other	0
017	29	Picture	2-123-1-2	4353293	130317	7	5166	7	130000	5000	hit	215
017	29	Response	62	4367844	144869	1
017	30	Sound	P2/beat	4398790	25000	1			25000		other	0
017	30	Sound	test01	4445290	71500	1			71500		other	0
017	30	Picture	2-223-1-2	4504107	130317	7	5166	7	130000	5000	hit	219
017	30	Response	62	4516724	142934	1
017	31	Sound	P2/beat	4549605	25000	1			25000		other	0
017	31	Sound	test12	4596105	71500	1			71500		other	0
017	31	Picture	2-213-1-2	4654922	130317	7	5166	7	130000	5000	incorrect	223
017	31	Response	52	4668244	143639	2
017	32	Sound	P2/beat	4700419	25000	1			25000		other	0
017	32	Sound	test08	4746923	71503	1			71500		other	0
017	32	Picture	2-223-1-2	4805904	130484	7	5166	7	130000	5000	hit	227
017	32	Response	62	4817364	141944	1
017	33	Sound	P2/both1	4851401	25000	1			25000		other	0
017	33	Response	53	4857124	30723	2
017	33	Response	53	4862964	36563	2
017	33	Response	53	4868564	42163	2
017	33	Response	53	4874724	48323	2
017	33	Response	53	4880964	54563	2
017	33	Response	53	4887044	60643	1
017	33	Response	53	4892964	66563	2
017	33	Sound	f09	4897901	71500	1			71500		other	0
017	33	Picture	3-114-1-3	4956719	130317	7	5166	7	130000	5000	hit	238
017	33	Response	61	4971924	145523	1
017	34	Sound	P2/both	5002216	25000	1			25000		other	0
017	34	Response	53	5012644	35428	1
017	34	Response	53	5018724	41508	1
017	34	Response	53	5024484	47267	1
017	34	Response	53	5030724	53508	2
017	34	Response	53	5036643	59427	2
017	34	Response	53	5043204	65988	2
017	34	Sound	test03	5048716	71500	1			71500		other	0
017	34	Picture	3-214-1-3	5107534	130317	7	5166	7	130000	5000	hit	248
017	34	Response	61	5116083	138867	1
017	35	Sound	P2/both	5153031	25000	1			25000		other	0
017	35	Response	53	5158323	30293	2
017	35	Response	53	5163924	35893	1
017	35	Response	53	5170244	42213	2
017	35	Response	53	5176803	48772	2
017	35	Response	53	5182804	54773	1
017	35	Response	53	5188724	60694	2
017	35	Response	53	5193764	65733	1
017	35	Sound	f04	5199530	71500	1			71500		other	0
017	35	Picture	3-114-1-3	5258348	130317	7	5166	7	130000	5000	incorrect	259
017	35	Response	52	5270644	142613	1
017	36	Sound	P2/both	5303845	25000	1			25000		other	0
017	36	Response	53	5308963	30118	1
017	36	Response	53	5314483	35638	1
017	36	Response	53	5320243	41398	2
017	36	Response	53	5326323	47477	2
017	36	Response	53	5332883	54037	1
017	36	Response	53	5339043	60198	1
017	36	Response	53	5345204	66358	2
017	36	Sound	f18	5350345	71500	1			71500		other	0
017	36	Picture	2-114-2-2	5409163	130317	7	5166	7	130000	5000	incorrect	270
017	36	Response	52	5427203	148357	2
017	37	Sound	P0/none1	5454660	25000	1			25000		other	0
017	37	Sound	f19	5501160	71500	1			71500		other	0
017	37	Picture	3-121-1-3	5559978	130317	7	5166	7	130000	5000	hit	274
017	37	Response	62	5577203	147542	2
017	38	Sound	P0/none	5605475	25000	1			25000		other	0
017	38	Sound	test09	5651975	71500	1			71500		other	0
017	38	Picture	2-211-1-2	5710793	130317	7	5166	7	130000	5000	hit	278
017	38	Response	61	5725043	144567	2
017	39	Sound	P0/none	5756290	25000	1			25000		other	0
017	39	Sound	f02	5802790	71500	1			71500		other	0
017	39	Picture	3-121-2-3	5861608	130318	7	5166	7	130000	5000	hit	282
017	39	Response	62	5875363	144072	2
017	40	Sound	P0/none	5907105	25000	1			25000		other	0
017	40	Sound	n13	5953605	71500	1			71500		other	0
017	40	Picture	2-221-1-2	6012423	130317	7	5166	7	130000	5000	hit	286
017	40	Response	62	6023043	140938	1
017	41	Sound	P1/tapping1	6057920	25000	1			25000		other	0
017	41	Response	53	6062403	29483	2
017	41	Response	53	6067363	34443	1
017	41	Response	53	6072323	39403	1
017	41	Response	53	6077363	44443	1
017	41	Response	53	6082643	49723	2
017	41	Response	53	6088002	55082	2
017	41	Response	53	6092642	59722	1
017	41	Response	53	6097843	64923	1
017	41	Response	53	6103282	70362	1
017	41	Sound	f16	6104420	71500	1			71500		other	0
017	41	Picture	3-112-1-3	6163238	130318	7	5166	7	130000	5000	incorrect	299
017	41	Response	52	6176402	143482	2
017	42	Sound	P1/tapping	6208735	25000	1			25000		other	0
017	42	Response	53	6213762	30027	2
017	42	Response	53	6218322	34587	1
017	42	Response	53	6223282	39547	1
017	42	Response	53	6228082	44347	1
017	42	Response	53	6233202	49467	1
017	42	Response	53	6238563	54828	2
017	42	Response	53	6243443	59708	1
017	42	Response	53	6248323	64588	2
017	42	Response	53	6254242	70507	1
017	42	Sound	n14	6255235	71500	1			71500		other	0
017	42	Picture	3-112-1-3	6314052	130318	7	5166	7	130000	5000	hit	312
017	42	Response	61	6324563	140828	3
017	43	Sound	P1/tapping	6359550	25000	1			25000		other	0
017	43	Response	53	6366802	32253	1
017	43	Response	53	6371443	36893	2
017	43	Response	53	6375762	41212	3
017	43	Response	53	6380882	46333	2
017	43	Response	53	6386082	51533	1
017	43	Response	53	6390962	56412	2
017	43	Response	53	6396082	61532	2
017	43	Response	53	6400802	66252	1
017	43	Response	53	6405843	71293	1
017	43	Sound	f07	6406050	71500	1			71500		other	0
017	43	Picture	2-112-1-2	6464867	130317	7	5166	7	130000	5000	incorrect	325
017	43	Response	52	6479282	144733	2
017	44	Sound	P1/tapping	6510364	25000	1			25000		other	0
017	44	Response	53	6513202	27838	1
017	44	Response	53	6517922	32558	1
017	44	Response	53	6522402	37038	2
017	44	Response	53	6527283	41918	2
017	44	Response	53	6531762	46397	1
017	44	Response	53	6536322	50957	1
017	44	Response	53	6540882	55517	2
017	44	Response	53	6545282	59918	1
017	44	Response	53	6549922	64558	1
017	44	Response	53	6554722	69357	2
017	44	Sound	n11	6556864	71500	1			71500		other	0
017	44	Picture	2-112-1-2	6615682	130318	7	5166	7	130000	5000	hit	339
017	44	Response	61	6629522	144158	1
017	45	Sound	P2/both1	6661179	25000	1			25000		other	0
017	45	Response	53	6666002	29823	2
017	45	Response	53	6671842	35663	1
017	45	Response	53	6677602	41422	2
017	45	Response	53	6683922	47743	2
017	45	Response	53	6689762	53583	1
017	45	Response	53	6697522	61342	2
017	45	Response	53	6702802	66623	1
017	45	Sound	test10	6707679	71500	1			71500		other	0
017	45	Picture	2-224-1-2	6766497	130318	7	5166	7	130000	5000	hit	350
017	45	Response	62	6786642	150462	1
017	46	Sound	P2/both	6811994	25000	1			25000		other	0
017	46	Response	53	6816962	29967	1
017	46	Response	53	6822562	35567	2
017	46	Response	53	6828322	41327	1
017	46	Response	53	6834402	47408	1
017	46	Response	53	6840242	53247	1
017	46	Response	53	6846322	59328	1
017	46	Response	53	6852242	65247	1
017	46	Sound	test14	6858494	71500	1			71500		other	0
017	46	Picture	3-224-1-3	6917312	130317	7	5166	7	130000	5000	hit	361
017	46	Response	62	6930482	143487	2
017	47	Sound	P2/both	6962809	25000	1			25000		other	0
017	47	Response	53	6964642	26833	1
017	47	Response	53	6968882	31072	1
017	47	Response	53	6973682	35872	1
017	47	Response	53	6979922	42112	1
017	47	Response	53	6985602	47792	1
017	47	Response	53	6992082	54272	1
017	47	Response	53	6997842	60032	1
017	47	Response	53	7003602	65792	2
017	47	Sound	test21	7009309	71500	1			71500		other	0
017	47	Picture	2-224-2-2	7068127	130317	7	5166	7	130000	5000	hit	373
017	47	Response	62	7079921	142112	2
017	48	Sound	P2/both	7113624	25000	1			25000		other	0
017	48	Response	53	7115361	26737	2
017	48	Response	53	7120002	31377	2
017	48	Response	53	7125202	36578	2
017	48	Response	53	7130801	42177	2
017	48	Response	53	7136561	47937	1
017	48	Response	53	7142642	54017	1
017	48	Response	53	7148881	60257	2
017	48	Response	53	7154882	66258	1
017	48	Sound	test11	7160124	71500	1			71500		other	0
017	48	Picture	3-224-1-3	7218942	130317	7	5166	7	130000	5000	incorrect	385
017	48	Response	51	7231442	142817	1
017	49	Sound	P1/tapping1	7264439	25000	1			25000		other	0
017	49	Response	53	7265442	26002	1
017	49	Response	53	7270882	31443	1
017	49	Response	53	7276001	36562	2
017	49	Response	53	7280801	41362	1
017	49	Response	53	7285282	45843	2
017	49	Response	53	7290321	50882	1
017	49	Response	53	7295441	56002	2
017	49	Response	53	7301041	61602	1
017	49	Response	53	7305841	66402	2
017	49	Sound	f22	7310939	71500	1			71500		other	0
017	49	Picture	3-112-1-3	7369757	130318	7	5166	7	130000	5000	incorrect	398
017	49	Response	52	7383121	143682	1
017	50	Sound	P1/tapping	7415254	25000	1			25000		other	0
017	50	Response	53	7417682	27428	1
017	50	Response	53	7422481	32227	2
017	50	Response	53	7427521	37267	2
017	50	Response	53	7432402	42148	2
017	50	Response	53	7437441	47187	1
017	50	Response	53	7442081	51827	1
017	50	Response	53	7447201	56947	2
017	50	Response	53	7452161	61907	1
017	50	Response	53	7457362	67108	1
017	50	Sound	n12	7461754	71500	1			71500		other	0
017	50	Picture	3-112-1-3	7520571	130317	7	5166	7	130000	5000	incorrect	411
017	50	Response	52	7535121	144867	1
017	51	Sound	P1/tapping	7566069	25000	1			25000		other	0
017	51	Response	53	7572881	31812	2
017	51	Response	53	7577681	36612	1
017	51	Response	53	7582241	41172	1
017	51	Response	53	7587201	46132	1
017	51	Response	53	7592081	51012	1
017	51	Response	53	7597201	56132	1
017	51	Response	53	7602161	61092	2
017	51	Response	53	7607041	65972	1
017	51	Response	53	7612161	71092	2
017	51	Sound	test25	7612569	71500	1			71500		other	0
017	51	Picture	3-222-1-3	7671386	130317	7	5166	7	130000	5000	hit	424
017	51	Response	62	7681601	140532	1
017	52	Sound	P1/tapping	7716884	25000	1			25000		other	0
017	52	Response	53	7723041	31157	1
017	52	Response	53	7728401	36517	1
017	52	Response	53	7733121	41237	2
017	52	Response	53	7738002	46118	2
017	52	Response	53	7742881	50997	1
017	52	Response	53	7748241	56357	1
017	52	Response	53	7753281	61397	2
017	52	Response	53	7758401	66517	1
017	52	Sound	f20	7763383	71500	1			71500		other	0
017	52	Response	53	7764081	72197	2
017	52	Picture	3-112-1-3	7822201	130317	7	5166	7	130000	5000	hit	437
017	52	Response	61	7831441	139557	3
017	53	Sound	P0/none1	7867699	25000	1			25000		other	0
017	53	Sound	f12	7914198	71500	1			71500		other	0
017	53	Picture	3-111-1-3	7973016	130318	7	5166	7	130000	5000	hit	441
017	53	Response	61	7988081	145382	2
017	54	Sound	P0/none	8018516	25002	1			25000		other	0
017	54	Sound	test06	8065013	71500	1			71500		other	0
017	54	Picture	2-211-1-2	8123831	130318	7	5166	7	130000	5000	incorrect	445
017	54	Response	52	8135361	141847	2
017	55	Sound	P0/none	8169328	25000	1			25000		other	0
017	55	Sound	f06	8215828	71500	1			71500		other	0
017	55	Picture	2-121-1-2	8274646	130317	7	5166	7	130000	5000	hit	449
017	55	Response	62	8285680	141352	1
017	56	Sound	P0/none	8320143	25000	1			25000		other	0
017	56	Sound	n10	8366643	71500	1			71500		other	0
017	56	Picture	3-111-1-3	8425461	130318	7	5166	7	130000	5000	hit	453
017	56	Response	61	8436800	141657	1
017	57	Sound	P2/beat1	8470958	25000	1			25000		other	0
017	57	Sound	f13	8517458	71500	1			71500		other	0
017	57	Picture	2-123-1-2	8576276	130317	7	5166	7	130000	5000	hit	457
017	57	Response	62	8588880	142922	2
017	58	Sound	P2/beat	8621773	25000	1			25000		other	0
017	58	Sound	test22	8668273	71500	1			71500		other	0
017	58	Picture	2-213-2-2	8727091	130318	7	5166	7	130000	5000	incorrect	461
017	58	Response	52	8739840	143067	2
017	59	Sound	P2/beat	8772588	25000	1			25000		other	0
017	59	Sound	n09	8819088	71500	1			71500		other	0
017	59	Picture	3-223-1-3	8877906	130317	7	5166	7	130000	5000	hit	465
017	59	Response	62	8889680	142091	2
017	60	Sound	P2/beat	8923403	25000	1			25000		other	0
017	60	Sound	test19	8969903	71500	1			71500		other	0
017	60	Picture	2-213-1-2	9028721	130318	7	5166	7	130000	5000	incorrect	469
017	60	Response	52	9045040	146637	1


Event Type	Code	Type	Response	RT	RT Uncertainty	Time	Uncertainty	Duration	Uncertainty	ReqTime	ReqDur

Sound	P2/beat1	other				25160	1			25000
Sound	n05	other				71660	1			71500
Picture	3-113-1-3	incorrect	2	15051	8	130478	7	5166	7	130000	5000
Sound	P2/beat	other				175975	1			25000
Sound	f05	other				222475	1			71500
Picture	3-113-1-3	hit	1	11836	7	281293	7	5166	7	130000	5000
Sound	P2/beat	other				326790	1			25000
Sound	n01	other				373290	1			71500
Picture	3-223-1-3	hit	2	13261	8	432107	7	5166	7	130000	5000
Sound	P2/beat	other				477605	1			25000
Sound	test15	other				524105	1			71500
Picture	2-223-1-2	hit	2	14526	7	582922	7	5166	7	130000	5000
Sound	P1/tapping1	other				628419	1			25000
Sound	f08	other				674919	1			71500
Picture	3-122-2-3	hit	2	11151	8	733737	7	5166	7	130000	5000
Sound	P1/tapping	other				779234	1			25000
Sound	f01	other				825734	1			71500
Picture	2-122-1-2	hit	2	15056	8	884552	7	5166	7	130000	5000
Sound	P1/tapping	other				930049	1			25000
Sound	n03	other				976549	1			71500
Picture	3-122-1-3	hit	2	11521	8	1035367	7	5166	7	130000	5000
Sound	P1/tapping	other				1080864	1			25000
Sound	test18	other				1127364	1			71500
Picture	3-212-1-3	hit	1	11346	7	1186181	7	5166	7	130000	5000
Sound	P2/both1	other				1231679	1			25000
Sound	test13	other				1278179	1			71500
Picture	3-214-1-3	incorrect	2	11091	8	1336996	7	5166	7	130000	5000
Sound	P2/both	other				1382495	1			25000
Sound	test04	other				1428993	1			71500
Picture	2-224-1-2	hit	2	11877	7	1487811	7	5166	7	130000	5000
Sound	P2/both	other				1533308	1			25000
Sound	f15	other				1579803	64			71500
Picture	3-124-1-3	hit	2	12342	8	1638626	7	5166	7	130000	5000
Sound	P2/both	other				1684123	1			25000
Sound	f21	other				1730623	1			71500
Picture	3-124-1-3	hit	2	12646	8	1789441	7	5166	7	130000	5000
Sound	P0/none1	other				1834938	1			25000
Sound	n07	other				1881438	1			71500
Picture	2-221-1-2	hit	2	17192	7	1940255	7	5166	7	130000	5000
Sound	P0/none	other				1985753	1			25000
Sound	n04	other				2032253	1			71500
Picture	2-211-1-2	hit	1	15496	7	2091070	7	5166	7	130000	5000
Sound	P0/none	other				2136567	1			25000
Sound	f03	other				2183067	1			71500
Picture	2-111-1-2	incorrect	2	12682	7	2241885	7	5166	7	130000	5000
Sound	P0/none	other				2287382	1			25000
Sound	test05	other				2333882	1			71500
Picture	2-211-1-2	hit	1	9386	7	2392700	7	5166	7	130000	5000
Sound	P2/beat1	other				2438197	1			25000
Sound	test16	other				2484697	1			71500
Picture	3-213-1-3	hit	1	12652	7	2543515	7	5166	7	130000	5000
Sound	P2/beat	other				2589012	1			25000
Sound	f11	other				2635512	1			71500
Picture	3-113-1-3	incorrect	2	16157	7	2694329	7	5166	7	130000	5000
Sound	P2/beat	other				2739827	1			25000
Sound	test07	other				2786326	1			71500
Picture	2-223-1-2	hit	2	17422	7	2845144	7	5166	7	130000	5000
Sound	P2/beat	other				2890642	1			25000
Sound	f23	other				2937142	1			71500
Picture	2-113-1-2	incorrect	2	13647	8	2995959	7	5166	7	130000	5000
Sound	P0/none1	other				3041456	1			25000
Sound	test23	other				3087956	1			71500
Picture	2-221-2-2	hit	2	12752	8	3146774	7	5166	7	130000	5000
Sound	P0/none	other				3192271	1			25000
Sound	f24	other				3238771	1			71500
Picture	3-121-1-3	hit	2	12817	8	3297589	7	5166	7	130000	5000
Sound	P0/none	other				3343086	1			25000
Sound	n06	other				3389586	1			71500
Picture	3-211-1-3	miss				3448404	7	5166	7	130000	5000
Sound	P0/none	other				3493901	1			25000
Sound	test24	other				3540401	1			71500
Picture	2-221-1-2	hit	2	12867	7	3599218	7	5166	7	130000	5000
Sound	P1/tapping1	other				3644716	1			25000
Sound	test02	other				3691215	1			71500
Picture	2-212-1-2	incorrect	2	11652	8	3750033	7	5166	7	130000	5000
Sound	P1/tapping	other				3795530	1			25000
Sound	f14	other				3842030	1			71500
Picture	2-122-2-2	hit	2	18357	8	3900848	7	5166	7	130000	5000
Sound	P1/tapping	other				3946345	1			25000
Sound	f17	other				3992845	1			71500
Picture	3-122-1-3	hit	2	12342	7	4051663	7	5166	7	130000	5000
Sound	P1/tapping	other				4097160	1			25000
Sound	test17	other				4143660	1			71500
Picture	2-222-2-2	hit	2	16407	8	4202478	7	5166	7	130000	5000
Sound	P2/beat1	other				4247975	1			25000
Sound	f10	other				4294475	1			71500
Picture	2-123-1-2	hit	2	14552	7	4353293	7	5166	7	130000	5000
Sound	P2/beat	other				4398790	1			25000
Sound	test01	other				4445290	1			71500
Picture	2-223-1-2	hit	2	12617	7	4504107	7	5166	7	130000	5000
Sound	P2/beat	other				4549605	1			25000
Sound	test12	other				4596105	1			71500
Picture	2-213-1-2	incorrect	2	13322	8	4654922	7	5166	7	130000	5000
Sound	P2/beat	other				4700419	1			25000
Sound	test08	other				4746923	1			71500
Picture	2-223-1-2	hit	2	11460	7	4805904	7	5166	7	130000	5000
Sound	P2/both1	other				4851401	1			25000
Sound	f09	other				4897901	1			71500
Picture	3-114-1-3	hit	1	15205	7	4956719	7	5166	7	130000	5000
Sound	P2/both	other				5002216	1			25000
Sound	test03	other				5048716	1			71500
Picture	3-214-1-3	hit	1	8550	7	5107534	7	5166	7	130000	5000
Sound	P2/both	other				5153031	1			25000
Sound	f04	other				5199530	1			71500
Picture	3-114-1-3	incorrect	2	12295	7	5258348	7	5166	7	130000	5000
Sound	P2/both	other				5303845	1			25000
Sound	f18	other				5350345	1			71500
Picture	2-114-2-2	incorrect	2	18040	8	5409163	7	5166	7	130000	5000
Sound	P0/none1	other				5454660	1			25000
Sound	f19	other				5501160	1			71500
Picture	3-121-1-3	hit	2	17225	8	5559978	7	5166	7	130000	5000
Sound	P0/none	other				5605475	1			25000
Sound	test09	other				5651975	1			71500
Picture	2-211-1-2	hit	1	14250	8	5710793	7	5166	7	130000	5000
Sound	P0/none	other				5756290	1			25000
Sound	f02	other				5802790	1			71500
Picture	3-121-2-3	hit	2	13755	8	5861608	7	5166	7	130000	5000
Sound	P0/none	other				5907105	1			25000
Sound	n13	other				5953605	1			71500
Picture	2-221-1-2	hit	2	10620	7	6012423	7	5166	7	130000	5000
Sound	P1/tapping1	other				6057920	1			25000
Sound	f16	other				6104420	1			71500
Picture	3-112-1-3	incorrect	2	13165	8	6163238	7	5166	7	130000	5000
Sound	P1/tapping	other				6208735	1			25000
Sound	n14	other				6255235	1			71500
Picture	3-112-1-3	hit	1	10511	9	6314052	7	5166	7	130000	5000
Sound	P1/tapping	other				6359550	1			25000
Sound	f07	other				6406050	1			71500
Picture	2-112-1-2	incorrect	2	14415	8	6464867	7	5166	7	130000	5000
Sound	P1/tapping	other				6510364	1			25000
Sound	n11	other				6556864	1			71500
Picture	2-112-1-2	hit	1	13840	7	6615682	7	5166	7	130000	5000
Sound	P2/both1	other				6661179	1			25000
Sound	test10	other				6707679	1			71500
Picture	2-224-1-2	hit	2	20145	7	6766497	7	5166	7	130000	5000
Sound	P2/both	other				6811994	1			25000
Sound	test14	other				6858494	1			71500
Picture	3-224-1-3	hit	2	13170	8	6917312	7	5166	7	130000	5000
Sound	P2/both	other				6962809	1			25000
Sound	test21	other				7009309	1			71500
Picture	2-224-2-2	hit	2	11795	8	7068127	7	5166	7	130000	5000
Sound	P2/both	other				7113624	1			25000
Sound	test11	other				7160124	1			71500
Picture	3-224-1-3	incorrect	1	12500	8	7218942	7	5166	7	130000	5000
Sound	P1/tapping1	other				7264439	1			25000
Sound	f22	other				7310939	1			71500
Picture	3-112-1-3	incorrect	2	13364	8	7369757	7	5166	7	130000	5000
Sound	P1/tapping	other				7415254	1			25000
Sound	n12	other				7461754	1			71500
Picture	3-112-1-3	incorrect	2	14550	7	7520571	7	5166	7	130000	5000
Sound	P1/tapping	other				7566069	1			25000
Sound	test25	other				7612569	1			71500
Picture	3-222-1-3	hit	2	10215	7	7671386	7	5166	7	130000	5000
Sound	P1/tapping	other				7716884	1			25000
Sound	f20	other				7763383	1			71500
Picture	3-112-1-3	hit	1	9240	9	7822201	7	5166	7	130000	5000
Sound	P0/none1	other				7867699	1			25000
Sound	f12	other				7914198	1			71500
Picture	3-111-1-3	hit	1	15064	8	7973016	7	5166	7	130000	5000
Sound	P0/none	other				8018516	1			25000
Sound	test06	other				8065013	1			71500
Picture	2-211-1-2	incorrect	2	11529	8	8123831	7	5166	7	130000	5000
Sound	P0/none	other				8169328	1			25000
Sound	f06	other				8215828	1			71500
Picture	2-121-1-2	hit	2	11034	7	8274646	7	5166	7	130000	5000
Sound	P0/none	other				8320143	1			25000
Sound	n10	other				8366643	1			71500
Picture	3-111-1-3	hit	1	11339	7	8425461	7	5166	7	130000	5000
Sound	P2/beat1	other				8470958	1			25000
Sound	f13	other				8517458	1			71500
Picture	2-123-1-2	hit	2	12604	8	8576276	7	5166	7	130000	5000
Sound	P2/beat	other				8621773	1			25000
Sound	test22	other				8668273	1			71500
Picture	2-213-2-2	incorrect	2	12749	8	8727091	7	5166	7	130000	5000
Sound	P2/beat	other				8772588	1			25000
Sound	n09	other				8819088	1			71500
Picture	3-223-1-3	hit	2	11774	8	8877906	7	5166	7	130000	5000
Sound	P2/beat	other				8923403	1			25000
Sound	test19	other				8969903	1			71500
Picture	2-213-1-2	incorrect	2	16320	7	9028721	7	5166	7	130000	5000


{
   "app": "Presentation Version 22.1 Build 01.21.21",
   "device": "Dell Inc. OptiPlex 7050",
   "experiment": "{C8E97CB4-6FCA-44FA-B866-4A2D94B6B85C}",
   "os": "Windows 10 64 bit",
   "package": "",
   "parameters": {
      "configuration": "Default configuration"
   },
   "scenario": "entrain_list1_sess2_EB.sce",
   "subject": "017",
   "timestamp": "2022/11/04 10:15:19 GMT"
}
