Scenario - test
Logfile written - 11/15/2022 11:51:44

Subject	Trial	Event Type	Code	Time	TTime	Uncertainty	Duration	Uncertainty	ReqTime	ReqDur	Stim Type	Pair Index

020	1	Sound	P2/both1	25159	24832	1			25000		other	0
020	1	Response	53	27742	27415	1
020	1	Response	53	31662	31335	1
020	1	Response	53	37742	37415	2
020	1	Response	53	43822	43495	1
020	1	Response	53	49902	49575	1
020	1	Response	53	55582	55255	1
020	1	Response	53	61902	61575	1
020	1	Response	53	67422	67095	2
020	1	Sound	test06	71823	71496	1			71500		other	0
020	1	Picture	3-224-1-3	130645	130317	7	5166	7	130000	5000	hit	12
020	1	Response	62	145902	145575	2
020	2	Sound	P2/both	176131	24989	1			25000		other	0
020	2	Response	53	178062	26920	1
020	2	Response	53	182702	31560	2
020	2	Response	53	188062	36920	2
020	2	Response	53	193902	42760	2
020	2	Response	53	200222	49080	2
020	2	Response	53	206302	55161	2
020	2	Response	53	212622	61480	2
020	2	Response	53	218462	67320	2
020	2	Sound	f17	222640	71499	1			71500		other	0
020	2	Picture	2-114-2-2	281459	130317	7	5166	7	130000	5000	hit	24
020	2	Response	61	290462	139320	1
020	3	Sound	P2/both	326951	24994	1			25000		other	0
020	3	Response	53	329102	27145	2
020	3	Response	53	333582	31625	2
020	3	Response	53	338941	36985	1
020	3	Response	53	345021	43065	1
020	3	Response	53	351022	49065	3
020	3	Response	53	356942	54985	1
020	3	Response	53	362942	60985	1
020	3	Response	53	369102	67145	1
020	3	Sound	f02	373456	71499	1			71500		other	0
020	3	Picture	3-114-2-3	432274	130317	7	5166	7	130000	5000	hit	36
020	3	Response	61	441262	139305	2
020	4	Response	53	477022	24250	2
020	4	Sound	P2/both	477768	24996	1			25000		other	0
020	4	Response	53	483742	30970	1
020	4	Response	53	489902	37130	2
020	4	Response	53	495982	43210	2
020	4	Response	53	502222	49450	2
020	4	Response	53	508542	55770	2
020	4	Response	53	514142	61370	2
020	4	Response	53	519822	67050	2
020	4	Sound	n09	524271	71499	1			71500		other	0
020	4	Picture	2-214-2-2	583089	130317	7	5166	7	130000	5000	hit	48
020	4	Response	61	592622	139850	1
020	5	Sound	P0/none1	628583	24997	1			25000		other	0
020	5	Sound	test15	675086	71499	1			71500		other	0
020	5	Picture	2-211-1-2	733903	130317	7	5166	7	130000	5000	hit	52
020	5	Response	61	742942	139355	1
020	6	Sound	P0/none	779399	24998	1			25000		other	0
020	6	Sound	test07	825901	71500	1			71500		other	0
020	6	Picture	3-221-1-3	884718	130317	7	5166	7	130000	5000	hit	56
020	6	Response	62	895901	141500	2
020	7	Sound	P0/none	930213	24998	1			25000		other	0
020	7	Sound	f16	976715	71500	1			71500		other	0
020	7	Picture	2-121-1-2	1035533	130317	7	5166	7	130000	5000	hit	60
020	7	Response	62	1050221	145006	1
020	8	Sound	P0/none	1081029	24998	1			25000		other	0
020	8	Sound	f15	1127530	71500	1			71500		other	0
020	8	Picture	2-111-2-2	1186348	130317	7	5166	7	130000	5000	hit	64
020	8	Response	61	1196061	140030	2
020	9	Sound	P1/tapping1	1231844	24998	1			25000		other	0
020	9	Response	53	1234701	27856	1
020	9	Response	53	1238942	32097	3
020	9	Response	53	1245101	38256	1
020	9	Response	53	1250781	43936	2
020	9	Response	53	1256941	50096	1
020	9	Response	53	1262781	55936	1
020	9	Response	53	1268542	61696	3
020	9	Response	53	1274461	67616	2
020	9	Sound	test24	1278345	71499	1			71500		other	0
020	9	Picture	2-212-2-2	1337162	130317	7	5166	7	130000	5000	incorrect	76
020	9	Response	52	1350141	143295	3
020	10	Sound	P1/tapping	1382659	24999	1			25000		other	0
020	10	Response	53	1389661	32001	2
020	10	Response	53	1395501	37841	1
020	10	Response	53	1401420	43761	1
020	10	Response	53	1407421	49761	2
020	10	Response	53	1413341	55681	1
020	10	Response	53	1419181	61522	1
020	10	Response	53	1425421	67761	2
020	10	Sound	n01	1429160	71500	1			71500		other	0
020	10	Picture	2-222-1-2	1487977	130317	7	5166	7	130000	5000	hit	87
020	10	Response	62	1499100	141441	2
020	11	Sound	P1/tapping	1533473	24999	1			25000		other	0
020	11	Response	53	1539341	30866	2
020	11	Response	53	1545341	36866	2
020	11	Response	53	1551341	42866	2
020	11	Response	53	1557101	48626	2
020	11	Response	53	1562861	54386	1
020	11	Response	53	1569181	60706	2
020	11	Response	53	1575021	66546	1
020	11	Sound	test12	1579974	71500	1			71500		other	0
020	11	Picture	3-222-1-3	1638792	130317	7	5166	7	130000	5000	hit	98
020	11	Response	62	1648620	140145	1
020	12	Response	53	1684220	24931	1
020	12	Sound	P1/tapping	1684288	24999	1			25000		other	0
020	12	Response	53	1690300	31011	1
020	12	Response	53	1690860	31571	1
020	12	Response	53	1696620	37331	1
020	12	Response	53	1702380	43091	1
020	12	Response	53	1708460	49171	1
020	12	Response	53	1714300	55011	1
020	12	Response	53	1720381	61092	1
020	12	Response	53	1726460	67171	1
020	12	Sound	test03	1730789	71500	1			71500		other	0
020	12	Picture	3-222-1-3	1789607	130317	7	5166	7	130000	5000	hit	111
020	12	Response	62	1801502	142212	3
020	13	Sound	P2/beat1	1835103	24999	1			25000		other	0
020	13	Sound	test04	1881604	71500	1			71500		other	0
020	13	Picture	3-213-1-3	1940421	130317	7	5166	7	130000	5000	hit	115
020	13	Response	61	1949500	139396	1
020	14	Sound	P2/beat	1985918	24999	1			25000		other	0
020	14	Sound	f12	2032419	71500	1			71500		other	0
020	14	Picture	3-123-1-3	2091236	130317	7	5166	7	130000	5000	hit	119
020	14	Response	62	2102620	141701	1
020	15	Sound	P2/beat	2136733	24999	1			25000		other	0
020	15	Sound	test21	2183233	71500	1			71500		other	0
020	15	Picture	2-213-2-2	2242051	130317	7	5166	7	130000	5000	hit	123
020	15	Response	61	2251420	139686	2
020	16	Sound	P2/beat	2287547	24999	1			25000		other	0
020	16	Sound	test14	2334048	71500	1			71500		other	0
020	16	Picture	2-213-1-2	2392866	130317	7	5166	7	130000	5000	incorrect	127
020	16	Response	52	2410540	147991	2
020	17	Sound	P0/none1	2438362	24999	1			25000		other	0
020	17	Sound	f08	2484865	71502	1			71500		other	0
020	17	Picture	2-121-1-2	2543680	130317	7	5166	7	130000	5000	hit	131
020	17	Response	62	2555020	141657	1
020	18	Sound	P0/none	2589177	24999	1			25000		other	0
020	18	Sound	f05	2635678	71500	1			71500		other	0
020	18	Picture	3-121-1-3	2694495	130317	7	5166	7	130000	5000	hit	135
020	18	Response	62	2705180	141002	2
020	19	Sound	P0/none	2739992	24999	1			25000		other	0
020	19	Sound	n05	2786492	71500	1			71500		other	0
020	19	Response	51	2832459	117467	2
020	19	Picture	2-111-2-2	2845310	130317	7	5166	7	130000	5000	hit	140
020	19	Response	61	2856620	141627	2
020	20	Sound	P0/none	2890807	24999	1			25000		other	0
020	20	Sound	f13	2937307	71500	1			71500		other	0
020	20	Picture	2-111-1-2	2996124	130317	7	5166	7	130000	5000	hit	144
020	20	Response	61	3006539	140732	1
020	21	Sound	P2/beat1	3041621	24999	1			25000		other	0
020	21	Sound	f06	3088122	71500	1			71500		other	0
020	21	Picture	3-113-1-3	3146939	130317	7	5166	7	130000	5000	hit	148
020	21	Response	61	3156219	139597	1
020	22	Sound	P2/beat	3192436	24999	1			25000		other	0
020	22	Sound	n03	3238936	71500	1			71500		other	0
020	22	Picture	3-113-1-3	3297754	130317	7	5166	7	130000	5000	hit	152
020	22	Response	61	3306539	139102	2
020	23	Sound	P2/beat	3343250	24999	1			25000		other	0
020	23	Sound	f22	3389751	71500	1			71500		other	0
020	23	Picture	2-113-2-2	3448569	130317	7	5166	7	130000	5000	incorrect	156
020	23	Response	52	3466219	147968	1
020	24	Sound	P2/beat	3494066	24999	1			25000		other	0
020	24	Sound	test11	3540566	71500	1			71500		other	0
020	24	Picture	3-213-1-3	3599383	130317	7	5166	7	130000	5000	incorrect	160
020	24	Response	52	3611659	142592	1
020	25	Sound	P2/both1	3644880	24999	1			25000		other	0
020	25	Response	53	3650859	30978	1
020	25	Response	53	3656539	36658	2
020	25	Response	53	3663018	43137	2
020	25	Response	53	3669179	49298	2
020	25	Response	53	3675259	55378	2
020	25	Response	53	3687419	67538	1
020	25	Sound	test05	3691381	71500	1			71500		other	0
020	25	Picture	3-224-1-3	3750198	130317	7	5166	7	130000	5000	hit	170
020	25	Response	62	3761978	142097	2
020	26	Sound	P2/both	3795695	24999	1			25000		other	0
020	26	Response	53	3796939	26243	2
020	26	Response	53	3801899	31203	2
020	26	Response	53	3807578	36883	2
020	26	Response	53	3813579	42883	2
020	26	Response	53	3819659	48963	1
020	26	Response	53	3825579	54883	1
020	26	Response	53	3831899	61203	2
020	26	Response	53	3837819	67123	2
020	26	Sound	n12	3842196	71500	1			71500		other	0
020	26	Picture	2-114-2-2	3901013	130317	7	5166	7	130000	5000	hit	182
020	26	Response	61	3915899	145203	2
020	27	Response	53	3945178	23668	1
020	27	Sound	P2/both	3946510	24999	1			25000		other	0
020	27	Response	53	3951818	30308	2
020	27	Response	53	3958538	37028	2
020	27	Response	53	3964459	42948	2
020	27	Response	53	3970298	48788	1
020	27	Response	53	3976538	55028	1
020	27	Response	53	3982458	60948	2
020	27	Response	53	3988618	67107	2
020	27	Sound	n10	3993010	71500	1			71500		other	0
020	27	Picture	2-124-1-2	4051828	130317	7	5166	7	130000	5000	hit	194
020	27	Response	62	4062298	140788	2
020	28	Sound	P2/both	4097325	24999	1			25000		other	0
020	28	Response	53	4099418	27093	2
020	28	Response	53	4103978	31653	2
020	28	Response	53	4109498	37173	2
020	28	Response	53	4115498	43173	1
020	28	Response	53	4121338	49013	2
020	28	Response	53	4127338	55013	1
020	28	Response	53	4133178	60853	2
020	28	Response	53	4139498	67173	1
020	28	Sound	test25	4143825	71500	1			71500		other	0
020	28	Picture	2-214-1-2	4202643	130317	7	5166	7	130000	5000	hit	206
020	28	Response	61	4212298	139973	2
020	29	Sound	P0/none1	4248139	24999	1			25000		other	0
020	29	Sound	f18	4294640	71500	1			71500		other	0
020	29	Picture	2-121-2-2	4353457	130317	7	5166	7	130000	5000	hit	210
020	29	Response	62	4365418	142278	2
020	30	Sound	P0/none	4398954	24999	1			25000		other	0
020	30	Sound	test10	4445455	71500	1			71500		other	0
020	30	Picture	3-221-1-3	4504272	130317	7	5166	7	130000	5000	hit	214
020	30	Response	62	4515338	141383	1
020	31	Sound	P0/none	4549769	24999	1			25000		other	0
020	31	Sound	test19	4596269	71500	1			71500		other	0
020	31	Picture	3-221-1-3	4655087	130317	7	5166	7	130000	5000	hit	218
020	31	Response	62	4664778	140008	2
020	32	Sound	P0/none	4700584	24999	1			25000		other	0
020	32	Sound	test18	4747084	71500	1			71500		other	0
020	32	Picture	2-211-1-2	4805902	130317	7	5166	7	130000	5000	hit	222
020	32	Response	61	4815497	139913	2
020	33	Sound	P1/tapping1	4851399	25000	1			25000		other	0
020	33	Response	53	4857017	30618	2
020	33	Response	53	4863337	36938	1
020	33	Response	53	4869177	42778	1
020	33	Response	53	4875177	48778	1
020	33	Response	53	4881577	55178	2
020	33	Response	53	4887498	61099	2
020	33	Response	53	4893178	66779	1
020	33	Sound	f11	4897899	71500	1			71500		other	0
020	33	Picture	3-122-1-3	4956716	130317	7	5166	7	130000	5000	hit	233
020	33	Response	62	4967578	141179	2
020	34	Sound	P1/tapping	5002213	25000	1			25000		other	0
020	34	Response	53	5004298	27084	1
020	34	Response	53	5009097	31884	2
020	34	Response	53	5015337	38124	1
020	34	Response	53	5020858	43644	2
020	34	Response	52	5021097	43883	1
020	34	Response	53	5026857	49644	1
020	34	Response	53	5032697	55484	1
020	34	Response	53	5038457	61243	1
020	34	Response	53	5044217	67004	1
020	34	Sound	n07	5048713	71500	1			71500		other	0
020	34	Picture	3-212-1-3	5107531	130317	7	5166	7	130000	5000	incorrect	246
020	34	Response	53	5113417	136204	2
020	34	Response	51	5116617	139403	1
020	35	Sound	P1/tapping	5153028	25000	1			25000		other	0
020	35	Response	53	5159097	31069	1
020	35	Response	53	5165097	37068	2
020	35	Response	53	5171177	43149	2
020	35	Response	53	5176937	48908	2
020	35	Response	53	5182697	54668	2
020	35	Response	53	5189097	61068	1
020	35	Response	53	5194857	66829	2
020	35	Sound	test09	5199528	71500	1			71500		other	0
020	35	Picture	3-212-1-3	5258346	130317	7	5166	7	130000	5000	hit	258
020	35	Response	61	5267577	139549	1
020	36	Sound	P1/tapping	5303843	24999	1			25000		other	0
020	36	Response	53	5306138	27294	1
020	36	Response	53	5310777	31933	1
020	36	Response	53	5316697	37853	2
020	36	Response	53	5322777	43934	1
020	36	Response	53	5328857	50013	1
020	36	Response	53	5334937	56094	2
020	36	Response	53	5341337	62494	2
020	36	Response	53	5347737	68893	2
020	36	Sound	test22	5350343	71500	1			71500		other	0
020	36	Picture	2-222-2-2	5409161	130317	7	5166	7	130000	5000	hit	270
020	36	Response	62	5417417	138573	2
020	37	Sound	P2/beat1	5454658	25000	1			25000		other	0
020	37	Sound	f14	5501158	71500	1			71500		other	0
020	37	Picture	2-113-2-2	5559975	130317	7	5166	7	130000	5000	hit	274
020	37	Response	61	5570138	140479	3
020	38	Sound	P2/beat	5605472	25000	1			25000		other	0
020	38	Sound	test17	5651973	71500	1			71500		other	0
020	38	Picture	3-223-1-3	5710790	130317	7	5166	7	130000	5000	hit	278
020	38	Response	62	5723897	143424	2
020	39	Sound	P2/beat	5756287	25000	1			25000		other	0
020	39	Sound	n14	5802788	71500	1			71500		other	0
020	39	Picture	2-123-2-2	5861605	130317	7	5166	7	130000	5000	hit	282
020	39	Response	62	5870937	139649	3
020	40	Sound	P2/beat	5907102	25000	1			25000		other	0
020	40	Sound	f01	5953602	71500	1			71500		other	0
020	40	Picture	3-123-1-3	6012420	130317	7	5166	7	130000	5000	hit	286
020	40	Response	62	6025736	143634	1
020	41	Sound	P2/both1	6057917	25000	1			25000		other	0
020	41	Response	53	6059896	26979	2
020	41	Response	53	6064056	31139	1
020	41	Response	53	6069656	36739	2
020	41	Response	53	6075736	42819	2
020	41	Response	53	6082056	49139	1
020	41	Response	53	6088216	55299	1
020	41	Response	53	6093896	60979	2
020	41	Response	53	6100056	67139	1
020	41	Sound	n06	6104417	71500	1			71500		other	0
020	41	Picture	2-214-2-2	6163234	130317	7	5166	7	130000	5000	hit	298
020	41	Response	61	6175097	142179	2
020	42	Sound	P2/both	6208732	25000	1			25000		other	0
020	42	Response	53	6214936	31204	2
020	42	Response	53	6220696	36964	1
020	42	Response	53	6226776	43044	2
020	42	Response	53	6232456	48724	2
020	42	Response	53	6238856	55124	2
020	42	Response	53	6244776	61044	1
020	42	Response	53	6250936	67204	2
020	42	Sound	f23	6255232	71500	1			71500		other	0
020	42	Picture	3-124-1-3	6314049	130317	7	5166	7	130000	5000	hit	309
020	42	Response	62	6322936	139204	2
020	43	Sound	P2/both	6359546	25000	1			25000		other	0
020	43	Response	53	6360616	26069	2
020	43	Response	53	6365736	31189	2
020	43	Response	53	6371096	36549	2
020	43	Response	53	6376856	42309	2
020	43	Response	53	6383336	48789	2
020	43	Response	53	6389416	54869	1
020	43	Response	53	6395737	61191	2
020	43	Response	53	6401416	66869	1
020	43	Sound	test02	6406047	71500	1			71500		other	0
020	43	Picture	3-214-1-3	6464864	130317	7	5166	7	130000	5000	hit	321
020	43	Response	61	6479816	145269	2
020	44	Response	53	6504376	19015	1
020	44	Sound	P2/both	6510361	25000	1			25000		other	0
020	44	Response	53	6510856	25494	1
020	44	Response	53	6516776	31414	2
020	44	Response	53	6517335	31974	1
020	44	Response	53	6521816	36454	1
020	44	Response	53	6528216	42854	2
020	44	Response	53	6540856	55494	2
020	44	Response	53	6546776	61414	2
020	44	Response	53	6552536	67174	1
020	44	Sound	test08	6556861	71500	1			71500		other	0
020	44	Picture	3-214-1-3	6615679	130317	7	5166	7	130000	5000	hit	334
020	44	Response	61	6625096	139734	1
020	45	Sound	P0/none1	6661176	25000	1			25000		other	0
020	45	Sound	f10	6707676	71500	1			71500		other	0
020	45	Picture	3-121-1-3	6766494	130317	7	5166	7	130000	5000	hit	338
020	45	Response	62	6777096	140919	2
020	46	Sound	P0/none	6811991	25000	1			25000		other	0
020	46	Sound	f04	6858491	71500	1			71500		other	0
020	46	Picture	3-121-1-3	6917308	130317	7	5166	7	130000	5000	hit	342
020	46	Response	62	6930456	143464	2
020	47	Sound	P0/none	6962805	24999	1			25000		other	0
020	47	Sound	n11	7009305	71500	1			71500		other	0
020	47	Picture	3-121-2-3	7068123	130317	7	5166	7	130000	5000	hit	346
020	47	Response	62	7076376	138570	1
020	48	Sound	P0/none	7113620	24999	1			25000		other	0
020	48	Sound	test16	7160120	71500	1			71500		other	0
020	48	Picture	2-221-1-2	7218938	130317	7	5166	7	130000	5000	hit	350
020	48	Response	62	7233575	144955	1
020	49	Sound	P2/beat1	7264435	24999	1			25000		other	0
020	49	Sound	test13	7310935	71500	1			71500		other	0
020	49	Picture	2-223-1-2	7369753	130317	7	5166	7	130000	5000	hit	354
020	49	Response	62	7378855	139420	1
020	50	Sound	P2/beat	7415250	24999	1			25000		other	0
020	50	Sound	f21	7461750	71500	1			71500		other	0
020	50	Picture	2-113-2-2	7520567	130317	7	5166	7	130000	5000	hit	358
020	50	Response	61	7538695	148445	2
020	51	Sound	P2/beat	7566065	25000	1			25000		other	0
020	51	Sound	n13	7612565	71500	1			71500		other	0
020	51	Picture	2-213-1-2	7671382	130317	7	5166	7	130000	5000	hit	362
020	51	Response	61	7681895	140830	1
020	52	Sound	P2/beat	7716880	25000	1			25000		other	0
020	52	Sound	f09	7763380	71500	1			71500		other	0
020	52	Picture	3-123-1-3	7822197	130317	7	5166	7	130000	5000	hit	366
020	52	Response	62	7832215	140335	1
020	53	Sound	P2/both1	7867694	25000	1			25000		other	0
020	53	Response	53	7873975	31280	2
020	53	Response	53	7879735	37040	2
020	53	Response	53	7885575	42880	2
020	53	Response	53	7891255	48560	2
020	53	Response	53	7897334	54640	1
020	53	Response	53	7903656	60961	1
020	53	Response	53	7910215	67520	2
020	53	Sound	f07	7914194	71500	1			71500		other	0
020	53	Response	53	7915735	73040	1
020	53	Picture	3-114-1-3	7973012	130317	7	5166	7	130000	5000	incorrect	378
020	53	Response	52	7986215	143521	2
020	54	Sound	P2/both	8018509	25000	1			25000		other	0
020	54	Response	53	8024854	31345	2
020	54	Response	53	8030455	36945	1
020	54	Response	53	8036454	42945	1
020	54	Response	53	8042374	48865	2
020	54	Response	53	8048295	54785	1
020	54	Response	53	8054695	61185	3
020	54	Response	53	8060694	67185	1
020	54	Sound	test23	8065009	71500	1			71500		other	0
020	54	Picture	2-214-2-2	8123827	130317	7	5166	7	130000	5000	incorrect	389
020	54	Response	52	8137574	144065	1
020	55	Sound	P2/both	8169324	25000	1			25000		other	0
020	55	Response	53	8171894	27570	2
020	55	Response	53	8176054	31730	1
020	55	Response	53	8181334	37010	1
020	55	Response	53	8187655	43330	1
020	55	Response	53	8193174	48850	1
020	55	Response	53	8199174	54850	1
020	55	Response	53	8205254	60930	1
020	55	Response	53	8211095	66771	2
020	55	Sound	f03	8215824	71500	1			71500		other	0
020	55	Picture	3-124-1-3	8274642	130317	7	5166	7	130000	5000	hit	401
020	55	Response	62	8283895	139571	2
020	56	Sound	P2/both	8320138	25000	1			25000		other	0
020	56	Response	53	8322694	27555	1
020	56	Response	53	8327095	31956	1
020	56	Response	52	8327254	32115	1
020	56	Response	53	8331894	36755	1
020	56	Response	53	8337974	42836	2
020	56	Response	53	8343974	48835	1
020	56	Response	53	8349895	54756	2
020	56	Response	53	8355734	60595	1
020	56	Response	53	8362295	67156	2
020	56	Sound	f20	8366639	71500	1			71500		other	0
020	56	Picture	2-114-2-2	8425456	130317	7	5166	7	130000	5000	hit	414
020	56	Response	61	8436774	141635	1
020	57	Sound	P1/tapping1	8470953	24999	1			25000		other	0
020	57	Response	53	8477254	31300	1
020	57	Response	53	8483494	37540	2
020	57	Response	53	8489574	43620	2
020	57	Response	53	8495895	49941	2
020	57	Response	53	8501174	55220	2
020	57	Response	53	8507334	61380	2
020	57	Response	53	8513494	67540	2
020	57	Sound	test01	8517453	71500	1			71500		other	0
020	57	Picture	3-222-1-3	8576271	130317	7	5166	7	130000	5000	hit	425
020	57	Response	62	8588455	142501	2
020	58	Sound	P1/tapping	8621768	24999	1			25000		other	0
020	58	Response	53	8628134	31366	2
020	58	Response	53	8634214	37446	2
020	58	Response	53	8640214	43446	2
020	58	Response	53	8646214	49446	2
020	58	Response	53	8651974	55205	1
020	58	Response	53	8657814	61046	2
020	58	Response	53	8663974	67205	3
020	58	Sound	n04	8668268	71500	1			71500		other	0
020	58	Picture	3-212-1-3	8727086	130317	7	5166	7	130000	5000	incorrect	436
020	58	Response	52	8741894	145125	2
020	59	Sound	P1/tapping	8772583	25000	1			25000		other	0
020	59	Response	53	8784695	37111	2
020	59	Response	53	8790214	42631	1
020	59	Response	53	8795894	48311	1
020	59	Response	53	8801814	54231	1
020	59	Response	53	8807414	59831	1
020	59	Response	53	8812854	65271	1
020	59	Sound	f19	8819083	71500	1			71500		other	0
020	59	Picture	2-122-2-2	8877901	130317	7	5166	7	130000	5000	hit	446
020	59	Response	62	8889494	141910	2
020	60	Sound	P1/tapping	8923398	25000	1			25000		other	0
020	60	Response	53	8929494	31096	1
020	60	Response	53	8935654	37256	1
020	60	Response	53	8941334	42936	2
020	60	Response	53	8947334	48936	2
020	60	Response	53	8953414	55016	2
020	60	Response	53	8959494	61096	2
020	60	Response	53	8965734	67336	1
020	60	Sound	f24	8969898	71500	1			71500		other	0
020	60	Response	53	8971414	73015	2
020	60	Picture	2-122-1-2	9028716	130317	7	5166	7	130000	5000	hit	458
020	60	Response	62	9038534	140135	2


Event Type	Code	Type	Response	RT	RT Uncertainty	Time	Uncertainty	Duration	Uncertainty	ReqTime	ReqDur

Sound	P2/both1	other				25159	1			25000
Sound	test06	other				71823	1			71500
Picture	3-224-1-3	hit	2	15258	8	130645	7	5166	7	130000	5000
Sound	P2/both	other				176131	1			25000
Sound	f17	other				222640	1			71500
Picture	2-114-2-2	hit	1	9003	7	281459	7	5166	7	130000	5000
Sound	P2/both	other				326951	1			25000
Sound	f02	other				373456	1			71500
Picture	3-114-2-3	hit	1	8988	8	432274	7	5166	7	130000	5000
Sound	P2/both	other				477768	1			25000
Sound	n09	other				524271	1			71500
Picture	2-214-2-2	hit	1	9533	7	583089	7	5166	7	130000	5000
Sound	P0/none1	other				628583	1			25000
Sound	test15	other				675086	1			71500
Picture	2-211-1-2	hit	1	9038	7	733903	7	5166	7	130000	5000
Sound	P0/none	other				779399	1			25000
Sound	test07	other				825901	1			71500
Picture	3-221-1-3	hit	2	11183	8	884718	7	5166	7	130000	5000
Sound	P0/none	other				930213	1			25000
Sound	f16	other				976715	1			71500
Picture	2-121-1-2	hit	2	14688	7	1035533	7	5166	7	130000	5000
Sound	P0/none	other				1081029	1			25000
Sound	f15	other				1127530	1			71500
Picture	2-111-2-2	hit	1	9713	8	1186348	7	5166	7	130000	5000
Sound	P1/tapping1	other				1231844	1			25000
Sound	test24	other				1278345	1			71500
Picture	2-212-2-2	incorrect	2	12978	9	1337162	7	5166	7	130000	5000
Sound	P1/tapping	other				1382659	1			25000
Sound	n01	other				1429160	1			71500
Picture	2-222-1-2	hit	2	11123	8	1487977	7	5166	7	130000	5000
Sound	P1/tapping	other				1533473	1			25000
Sound	test12	other				1579974	1			71500
Picture	3-222-1-3	hit	2	9828	7	1638792	7	5166	7	130000	5000
Sound	P1/tapping	other				1684288	1			25000
Sound	test03	other				1730789	1			71500
Picture	3-222-1-3	hit	2	11895	9	1789607	7	5166	7	130000	5000
Sound	P2/beat1	other				1835103	1			25000
Sound	test04	other				1881604	1			71500
Picture	3-213-1-3	hit	1	9079	7	1940421	7	5166	7	130000	5000
Sound	P2/beat	other				1985918	1			25000
Sound	f12	other				2032419	1			71500
Picture	3-123-1-3	hit	2	11384	8	2091236	7	5166	7	130000	5000
Sound	P2/beat	other				2136733	1			25000
Sound	test21	other				2183233	1			71500
Picture	2-213-2-2	hit	1	9369	8	2242051	7	5166	7	130000	5000
Sound	P2/beat	other				2287547	1			25000
Sound	test14	other				2334048	1			71500
Picture	2-213-1-2	incorrect	2	17674	8	2392866	7	5166	7	130000	5000
Sound	P0/none1	other				2438362	1			25000
Sound	f08	other				2484865	1			71500
Picture	2-121-1-2	hit	2	11340	7	2543680	7	5166	7	130000	5000
Sound	P0/none	other				2589177	1			25000
Sound	f05	other				2635678	1			71500
Picture	3-121-1-3	hit	2	10685	8	2694495	7	5166	7	130000	5000
Sound	P0/none	other				2739992	1			25000
Sound	n05	other				2786492	1			71500
Picture	2-111-2-2	hit	1	11310	8	2845310	7	5166	7	130000	5000
Sound	P0/none	other				2890807	1			25000
Sound	f13	other				2937307	1			71500
Picture	2-111-1-2	hit	1	10415	7	2996124	7	5166	7	130000	5000
Sound	P2/beat1	other				3041621	1			25000
Sound	f06	other				3088122	1			71500
Picture	3-113-1-3	hit	1	9280	7	3146939	7	5166	7	130000	5000
Sound	P2/beat	other				3192436	1			25000
Sound	n03	other				3238936	1			71500
Picture	3-113-1-3	hit	1	8785	8	3297754	7	5166	7	130000	5000
Sound	P2/beat	other				3343250	1			25000
Sound	f22	other				3389751	1			71500
Picture	2-113-2-2	incorrect	2	17650	7	3448569	7	5166	7	130000	5000
Sound	P2/beat	other				3494066	1			25000
Sound	test11	other				3540566	1			71500
Picture	3-213-1-3	incorrect	2	12275	7	3599383	7	5166	7	130000	5000
Sound	P2/both1	other				3644880	1			25000
Sound	test05	other				3691381	1			71500
Picture	3-224-1-3	hit	2	11780	8	3750198	7	5166	7	130000	5000
Sound	P2/both	other				3795695	1			25000
Sound	n12	other				3842196	1			71500
Picture	2-114-2-2	hit	1	14886	8	3901013	7	5166	7	130000	5000
Sound	P2/both	other				3946510	1			25000
Sound	n10	other				3993010	1			71500
Picture	2-124-1-2	hit	2	10470	8	4051828	7	5166	7	130000	5000
Sound	P2/both	other				4097325	1			25000
Sound	test25	other				4143825	1			71500
Picture	2-214-1-2	hit	1	9655	8	4202643	7	5166	7	130000	5000
Sound	P0/none1	other				4248139	1			25000
Sound	f18	other				4294640	1			71500
Picture	2-121-2-2	hit	2	11961	8	4353457	7	5166	7	130000	5000
Sound	P0/none	other				4398954	1			25000
Sound	test10	other				4445455	1			71500
Picture	3-221-1-3	hit	2	11066	7	4504272	7	5166	7	130000	5000
Sound	P0/none	other				4549769	1			25000
Sound	test19	other				4596269	1			71500
Picture	3-221-1-3	hit	2	9691	8	4655087	7	5166	7	130000	5000
Sound	P0/none	other				4700584	1			25000
Sound	test18	other				4747084	1			71500
Picture	2-211-1-2	hit	1	9596	8	4805902	7	5166	7	130000	5000
Sound	P1/tapping1	other				4851399	1			25000
Sound	f11	other				4897899	1			71500
Picture	3-122-1-3	hit	2	10862	8	4956716	7	5166	7	130000	5000
Sound	P1/tapping	other				5002213	1			25000
Sound	n07	other				5048713	1			71500
Picture	3-212-1-3	incorrect	3	5886	8	5107531	7	5166	7	130000	5000
Sound	P1/tapping	other				5153028	1			25000
Sound	test09	other				5199528	1			71500
Picture	3-212-1-3	hit	1	9231	7	5258346	7	5166	7	130000	5000
Sound	P1/tapping	other				5303843	1			25000
Sound	test22	other				5350343	1			71500
Picture	2-222-2-2	hit	2	8256	8	5409161	7	5166	7	130000	5000
Sound	P2/beat1	other				5454658	1			25000
Sound	f14	other				5501158	1			71500
Picture	2-113-2-2	hit	1	10162	9	5559975	7	5166	7	130000	5000
Sound	P2/beat	other				5605472	1			25000
Sound	test17	other				5651973	1			71500
Picture	3-223-1-3	hit	2	13106	8	5710790	7	5166	7	130000	5000
Sound	P2/beat	other				5756287	1			25000
Sound	n14	other				5802788	1			71500
Picture	2-123-2-2	hit	2	9332	9	5861605	7	5166	7	130000	5000
Sound	P2/beat	other				5907102	1			25000
Sound	f01	other				5953602	1			71500
Picture	3-123-1-3	hit	2	13317	8	6012420	7	5166	7	130000	5000
Sound	P2/both1	other				6057917	1			25000
Sound	n06	other				6104417	1			71500
Picture	2-214-2-2	hit	1	11862	8	6163234	7	5166	7	130000	5000
Sound	P2/both	other				6208732	1			25000
Sound	f23	other				6255232	1			71500
Picture	3-124-1-3	hit	2	8887	9	6314049	7	5166	7	130000	5000
Sound	P2/both	other				6359546	1			25000
Sound	test02	other				6406047	1			71500
Picture	3-214-1-3	hit	1	14952	8	6464864	7	5166	7	130000	5000
Sound	P2/both	other				6510361	1			25000
Sound	test08	other				6556861	1			71500
Picture	3-214-1-3	hit	1	9417	7	6615679	7	5166	7	130000	5000
Sound	P0/none1	other				6661176	1			25000
Sound	f10	other				6707676	1			71500
Picture	3-121-1-3	hit	2	10602	8	6766494	7	5166	7	130000	5000
Sound	P0/none	other				6811991	1			25000
Sound	f04	other				6858491	1			71500
Picture	3-121-1-3	hit	2	13147	8	6917308	7	5166	7	130000	5000
Sound	P0/none	other				6962805	1			25000
Sound	n11	other				7009305	1			71500
Picture	3-121-2-3	hit	2	8253	7	7068123	7	5166	7	130000	5000
Sound	P0/none	other				7113620	1			25000
Sound	test16	other				7160120	1			71500
Picture	2-221-1-2	hit	2	14637	7	7218938	7	5166	7	130000	5000
Sound	P2/beat1	other				7264435	1			25000
Sound	test13	other				7310935	1			71500
Picture	2-223-1-2	hit	2	9103	7	7369753	7	5166	7	130000	5000
Sound	P2/beat	other				7415250	1			25000
Sound	f21	other				7461750	1			71500
Picture	2-113-2-2	hit	1	18128	8	7520567	7	5166	7	130000	5000
Sound	P2/beat	other				7566065	1			25000
Sound	n13	other				7612565	1			71500
Picture	2-213-1-2	hit	1	10513	7	7671382	7	5166	7	130000	5000
Sound	P2/beat	other				7716880	1			25000
Sound	f09	other				7763380	1			71500
Picture	3-123-1-3	hit	2	10018	8	7822197	7	5166	7	130000	5000
Sound	P2/both1	other				7867694	1			25000
Sound	f07	other				7914194	1			71500
Picture	3-114-1-3	incorrect	2	13203	8	7973012	7	5166	7	130000	5000
Sound	P2/both	other				8018509	1			25000
Sound	test23	other				8065009	1			71500
Picture	2-214-2-2	incorrect	2	13748	7	8123827	7	5166	7	130000	5000
Sound	P2/both	other				8169324	1			25000
Sound	f03	other				8215824	1			71500
Picture	3-124-1-3	hit	2	9254	8	8274642	7	5166	7	130000	5000
Sound	P2/both	other				8320138	1			25000
Sound	f20	other				8366639	1			71500
Picture	2-114-2-2	hit	1	11318	7	8425456	7	5166	7	130000	5000
Sound	P1/tapping1	other				8470953	1			25000
Sound	test01	other				8517453	1			71500
Picture	3-222-1-3	hit	2	12184	8	8576271	7	5166	7	130000	5000
Sound	P1/tapping	other				8621768	1			25000
Sound	n04	other				8668268	1			71500
Picture	3-212-1-3	incorrect	2	14808	8	8727086	7	5166	7	130000	5000
Sound	P1/tapping	other				8772583	1			25000
Sound	f19	other				8819083	1			71500
Picture	2-122-2-2	hit	2	11593	8	8877901	7	5166	7	130000	5000
Sound	P1/tapping	other				8923398	1			25000
Sound	f24	other				8969898	1			71500
Picture	2-122-1-2	hit	2	9818	8	9028716	7	5166	7	130000	5000


{
   "app": "Presentation Version 22.1 Build 01.21.21",
   "device": "Dell Inc. OptiPlex 7050",
   "experiment": "{C8E97CB4-6FCA-44FA-B866-4A2D94B6B85C}",
   "os": "Windows 10 64 bit",
   "package": "",
   "parameters": {
      "configuration": "Default configuration"
   },
   "scenario": "entrain_list1_sess4_EB.sce",
   "subject": "020",
   "timestamp": "2022/11/15 10:36:34 GMT"
}
