Scenario - test
Logfile written - 11/15/2022 11:14:30

Subject	Trial	Event Type	Code	Time	TTime	Uncertainty	Duration	Uncertainty	ReqTime	ReqDur	Stim Type	Pair Index

020	1	Sound	P0/none1	25160	25000	1			25000		other	0
020	1	Sound	f01	71660	71500	1			71500		other	0
020	1	Picture	2-111-1-2	130478	130317	7	5166	7	130000	5000	hit	4
020	1	Response	61	140281	140120	1
020	2	Sound	P0/none	175975	25000	1			25000		other	0
020	2	Sound	test01	222475	71500	1			71500		other	0
020	2	Picture	2-211-1-2	281293	130317	7	5166	7	130000	5000	incorrect	8
020	2	Response	52	295161	144186	1
020	3	Sound	P0/none	326790	25000	1			25000		other	0
020	3	Sound	test22	373290	71500	1			71500		other	0
020	3	Picture	3-211-1-3	432107	130317	7	5166	7	130000	5000	hit	12
020	3	Response	61	442520	140730	2
020	4	Sound	P0/none	477605	25000	1			25000		other	0
020	4	Response	53	503000	50396	2
020	4	Sound	f07	524105	71500	1			71500		other	0
020	4	Picture	2-121-1-2	582922	130317	7	5166	7	130000	5000	hit	17
020	4	Response	62	594840	142236	1
020	5	Sound	P2/beat1	628419	25000	1			25000		other	0
020	5	Sound	f03	674919	71500	1			71500		other	0
020	5	Picture	2-123-1-2	733736	130317	7	5166	7	130000	5000	hit	21
020	5	Response	62	746040	142621	2
020	6	Sound	P2/beat	779234	25000	1			25000		other	0
020	6	Sound	n12	825734	71500	1			71500		other	0
020	6	Picture	3-123-1-3	884551	130317	7	5166	7	130000	5000	hit	25
020	6	Response	62	894200	139966	1
020	7	Sound	P2/beat	930049	25000	1			25000		other	0
020	7	Sound	test10	976549	71500	1			71500		other	0
020	7	Picture	2-213-1-2	1035366	130317	7	5166	7	130000	5000	incorrect	29
020	7	Response	52	1046760	141711	1
020	8	Sound	P2/beat	1080863	25000	1			25000		other	0
020	8	Sound	f17	1127363	71500	1			71500		other	0
020	8	Picture	3-113-1-3	1186181	130317	7	5166	7	130000	5000	hit	33
020	8	Response	61	1195880	140016	1
020	9	Sound	P0/none1	1231678	25000	1			25000		other	0
020	9	Sound	f09	1278178	71500	1			71500		other	0
020	9	Picture	2-111-1-2	1336995	130317	7	5166	7	130000	5000	hit	37
020	9	Response	61	1351639	144962	1
020	10	Sound	P0/none	1382493	25000	1			25000		other	0
020	10	Sound	test02	1428993	71500	1			71500		other	0
020	10	Picture	2-221-1-2	1487810	130317	7	5166	7	130000	5000	hit	41
020	10	Response	62	1499480	141987	2
020	11	Sound	P0/none	1533307	25000	1			25000		other	0
020	11	Sound	f20	1579807	71500	1			71500		other	0
020	11	Picture	3-121-1-3	1638625	130317	7	5166	7	130000	5000	hit	45
020	11	Response	62	1647640	139332	1
020	12	Sound	P0/none	1684122	25000	1			25000		other	0
020	12	Sound	test21	1730622	71500	1			71500		other	0
020	12	Picture	3-221-1-3	1789439	130317	7	5166	7	130000	5000	hit	49
020	12	Response	62	1803399	144277	1
020	13	Sound	P1/tapping1	1834937	25000	1			25000		other	0
020	13	Response	53	1853239	43303	1
020	13	Response	53	1859319	49382	1
020	13	Response	53	1865000	55063	2
020	13	Response	53	1871159	61222	1
020	13	Response	53	1877319	67382	2
020	13	Sound	test04	1881437	71500	1			71500		other	0
020	13	Picture	2-212-1-2	1940254	130317	7	5166	7	130000	5000	incorrect	58
020	13	Response	52	1949959	140022	2
020	14	Sound	P1/tapping	1985751	25000	1			25000		other	0
020	14	Response	53	1991319	30567	2
020	14	Response	53	1997239	36487	2
020	14	Response	53	2003239	42487	2
020	14	Response	53	2009479	48727	2
020	14	Response	53	2015879	55127	2
020	14	Response	53	2022279	61527	2
020	14	Response	53	2028679	67927	1
020	14	Sound	test23	2032251	71500	1			71500		other	0
020	14	Picture	3-222-1-3	2091069	130317	7	5166	7	130000	5000	hit	69
020	14	Response	62	2100279	139528	1
020	15	Sound	P1/tapping	2136566	25000	1			25000		other	0
020	15	Response	53	2142679	31113	1
020	15	Response	53	2148919	37353	1
020	15	Response	53	2155079	43513	1
020	15	Response	53	2161479	49913	1
020	15	Response	53	2167959	56393	2
020	15	Response	53	2174199	62633	2
020	15	Response	53	2180439	68873	1
020	15	Sound	test06	2183066	71500	1			71500		other	0
020	15	Picture	2-222-1-2	2241883	130317	7	5166	7	130000	5000	hit	80
020	15	Response	62	2251879	140313	1
020	16	Sound	P1/tapping	2287381	25000	1			25000		other	0
020	16	Response	53	2293399	31018	2
020	16	Response	53	2299399	37018	2
020	16	Response	53	2305319	42938	2
020	16	Response	53	2311159	48778	2
020	16	Response	52	2311318	48937	1
020	16	Response	53	2317399	55018	2
020	16	Response	53	2323239	60858	2
020	16	Response	53	2329399	67018	1
020	16	Sound	test07	2333881	71500	1			71500		other	0
020	16	Picture	2-212-1-2	2392698	130317	7	5166	7	130000	5000	hit	92
020	16	Response	61	2398679	136298	2
020	16	Response	51	2403798	141418	2
020	17	Sound	P2/both1	2438195	25000	1			25000		other	0
020	17	Response	53	2444439	31243	1
020	17	Response	53	2450519	37323	1
020	17	Response	53	2456119	42923	1
020	17	Response	53	2462279	49083	1
020	17	Response	53	2468439	55243	1
020	17	Response	53	2474519	61323	1
020	17	Response	53	2480439	67243	2
020	17	Sound	n01	2484695	71500	1			71500		other	0
020	17	Picture	3-214-1-3	2543513	130317	7	5166	7	130000	5000	hit	104
020	17	Response	61	2554518	141323	2
020	18	Sound	P2/both	2589010	25000	1			25000		other	0
020	18	Response	53	2591399	27388	2
020	18	Response	53	2595158	31148	1
020	18	Response	53	2601079	37068	1
020	18	Response	53	2607319	43308	2
020	18	Response	53	2613719	49708	2
020	18	Response	53	2619639	55628	2
020	18	Response	53	2625319	61308	2
020	18	Response	53	2631319	67308	1
020	18	Sound	f22	2635510	71500	1			71500		other	0
020	18	Picture	3-124-1-3	2694327	130317	7	5166	7	130000	5000	hit	116
020	18	Response	62	2705078	141068	1
020	19	Sound	P2/both	2739825	25000	1			25000		other	0
020	19	Response	53	2741878	27054	1
020	19	Response	53	2746438	31614	1
020	19	Response	53	2752119	37294	2
020	19	Response	53	2758199	43374	1
020	19	Response	53	2764038	49213	1
020	19	Response	53	2769958	55133	1
020	19	Response	53	2776119	61294	2
020	19	Response	53	2782278	67453	2
020	19	Sound	f19	2786325	71500	1			71500		other	0
020	19	Picture	3-114-1-3	2845142	130317	7	5166	7	130000	5000	hit	128
020	19	Response	61	2855478	140653	2
020	20	Sound	P2/both	2890639	25000	1			25000		other	0
020	20	Response	53	2897398	31759	2
020	20	Response	53	2903159	37519	2
020	20	Response	53	2908918	43278	2
020	20	Response	53	2914598	48958	2
020	20	Response	53	2920678	55039	2
020	20	Response	53	2926838	61199	1
020	20	Response	53	2933238	67598	1
020	20	Sound	test16	2937139	71500	1			71500		other	0
020	20	Response	53	2939238	73599	2
020	20	Picture	3-224-1-3	2995957	130317	7	5166	7	130000	5000	hit	140
020	20	Response	62	3013398	147759	1
020	21	Sound	P1/tapping1	3041454	25000	1			25000		other	0
020	21	Response	53	3043638	27184	2
020	21	Response	53	3048198	31744	2
020	21	Response	53	3054438	37984	1
020	21	Response	53	3060438	43984	1
020	21	Response	53	3066038	49584	2
020	21	Response	53	3071878	55424	2
020	21	Response	53	3078038	61584	2
020	21	Response	53	3083878	67424	1
020	21	Sound	test05	3087954	71499	1			71500		other	0
020	21	Picture	2-222-1-2	3146771	130317	7	5166	7	130000	5000	hit	152
020	21	Response	62	3156358	139904	2
020	22	Sound	P1/tapping	3192269	25000	1			25000		other	0
020	22	Response	53	3198118	30849	2
020	22	Response	53	3204198	36929	3
020	22	Response	53	3210758	43489	2
020	22	Response	53	3216838	49569	1
020	22	Response	53	3222838	55569	1
020	22	Response	53	3229078	61809	1
020	22	Response	53	3235158	67889	1
020	22	Sound	test08	3238769	71500	1			71500		other	0
020	22	Picture	2-212-1-2	3297586	130317	7	5166	7	130000	5000	hit	163
020	22	Response	61	3310758	143489	1
020	23	Sound	P1/tapping	3343083	25000	1			25000		other	0
020	23	Response	53	3348918	30834	2
020	23	Response	53	3354838	36754	1
020	23	Response	53	3361078	42994	2
020	23	Response	53	3367318	49234	2
020	23	Response	53	3373398	55314	1
020	23	Response	53	3379558	61474	1
020	23	Response	53	3385398	67314	1
020	23	Sound	test14	3389584	71500	1			71500		other	0
020	23	Picture	3-212-1-3	3448401	130317	7	5166	7	130000	5000	hit	174
020	23	Response	61	3454438	136354	2
020	23	Response	51	3460758	142674	2
020	24	Sound	P1/tapping	3493898	25000	1			25000		other	0
020	24	Response	53	3496197	27299	1
020	24	Response	53	3500917	32019	1
020	24	Response	53	3506357	37459	2
020	24	Response	53	3512437	43539	1
020	24	Response	53	3518598	49699	2
020	24	Response	53	3524358	55459	2
020	24	Response	53	3530277	61379	1
020	24	Response	53	3536277	67379	1
020	24	Sound	test19	3540398	71500	1			71500		other	0
020	24	Picture	3-212-1-3	3599216	130317	7	5166	7	130000	5000	hit	187
020	24	Response	61	3608757	139859	1
020	25	Sound	P2/beat1	3644713	25000	1			25000		other	0
020	25	Sound	f15	3691213	71500	1			71500		other	0
020	25	Picture	3-113-1-3	3750030	130317	7	5166	7	130000	5000	hit	191
020	25	Response	61	3759717	140004	1
020	26	Sound	P2/beat	3795527	25000	1			25000		other	0
020	26	Sound	f16	3842028	71500	1			71500		other	0
020	26	Picture	3-123-1-3	3900845	130317	7	5166	7	130000	5000	hit	195
020	26	Response	62	3910757	140229	2
020	27	Sound	P2/beat	3946342	25000	1			25000		other	0
020	27	Sound	f18	3992842	71500	1			71500		other	0
020	27	Picture	3-113-1-3	4051660	130317	7	5166	7	130000	5000	hit	199
020	27	Response	61	4061477	140135	1
020	28	Sound	P2/beat	4097157	25000	1			25000		other	0
020	28	Sound	test18	4143657	71500	1			71500		other	0
020	28	Picture	3-223-1-3	4202474	130317	7	5166	7	130000	5000	hit	203
020	28	Response	62	4213717	141560	1
020	29	Response	53	4247237	24265	2
020	29	Sound	P2/both1	4247972	25000	1			25000		other	0
020	29	Response	53	4253317	30345	1
020	29	Response	53	4259637	36665	1
020	29	Response	53	4265877	42905	1
020	29	Response	53	4271957	48985	1
020	29	Response	53	4278357	55385	1
020	29	Response	53	4284277	61305	1
020	29	Response	53	4290117	67145	1
020	29	Sound	f10	4294471	71500	1			71500		other	0
020	29	Picture	2-114-1-2	4353289	130317	7	5166	7	130000	5000	hit	215
020	29	Response	61	4364117	141145	2
020	30	Response	53	4395237	21450	1
020	30	Sound	P2/both	4398786	25000	1			25000		other	0
020	30	Response	53	4400837	27050	1
020	30	Response	53	4404437	30650	2
020	30	Response	53	4410917	37130	1
020	30	Response	53	4416757	42970	1
020	30	Response	53	4422997	49210	1
020	30	Response	53	4428837	55050	1
020	30	Response	53	4434837	61050	1
020	30	Response	53	4440756	66970	2
020	30	Sound	f12	4445286	71500	1			71500		other	0
020	30	Picture	2-114-1-2	4504104	130317	7	5166	7	130000	5000	hit	228
020	30	Response	61	4515477	141690	2
020	31	Sound	P2/both	4549601	25000	1			25000		other	0
020	31	Response	53	4551636	27035	2
020	31	Response	53	4556037	31435	2
020	31	Response	53	4562036	37435	2
020	31	Response	53	4568116	43515	2
020	31	Response	53	4574036	49435	1
020	31	Response	53	4579876	55275	2
020	31	Response	53	4585956	61355	2
020	31	Response	53	4591796	67195	2
020	31	Sound	n05	4596101	71500	1			71500		other	0
020	31	Picture	3-124-1-3	4654918	130317	7	5166	7	130000	5000	hit	240
020	31	Response	62	4667476	142875	1
020	32	Sound	P2/both	4700416	25000	1			25000		other	0
020	32	Response	53	4701076	25661	1
020	32	Response	53	4706276	30861	1
020	32	Response	53	4712196	36780	1
020	32	Response	53	4718036	42620	1
020	32	Response	53	4724356	48941	1
020	32	Response	53	4730196	54780	1
020	32	Response	53	4736436	61020	1
020	32	Response	53	4742437	67021	1
020	32	Sound	f13	4746916	71500	1			71500		other	0
020	32	Picture	3-124-1-3	4805733	130317	7	5166	7	130000	5000	hit	252
020	32	Response	62	4814436	139020	1
020	33	Sound	P0/none1	4851230	25000	1			25000		other	0
020	33	Sound	n09	4897730	71500	1			71500		other	0
020	33	Picture	3-211-1-3	4956548	130317	7	5166	7	130000	5000	hit	256
020	33	Response	61	4967077	140846	2
020	34	Sound	P0/none	5002045	25000	1			25000		other	0
020	34	Sound	test13	5048545	71500	1			71500		other	0
020	34	Picture	3-221-1-3	5107363	130317	7	5166	7	130000	5000	hit	260
020	34	Response	62	5116516	139471	1
020	35	Sound	P0/none	5152860	25000	1			25000		other	0
020	35	Sound	f11	5199360	71500	1			71500		other	0
020	35	Picture	2-111-1-2	5258177	130317	7	5166	7	130000	5000	incorrect	264
020	35	Response	52	5270036	142176	1
020	36	Sound	P0/none	5303675	25000	1			25000		other	0
020	36	Sound	test17	5350174	71500	1			71500		other	0
020	36	Picture	2-211-2-2	5408992	130317	7	5166	7	130000	5000	incorrect	268
020	36	Response	52	5419396	140721	1
020	37	Sound	P2/both1	5454489	25000	1			25000		other	0
020	37	Response	53	5460116	30626	2
020	37	Response	53	5466276	36786	1
020	37	Response	53	5472436	42946	1
020	37	Response	53	5473075	43586	1
020	37	Response	53	5478516	49026	2
020	37	Response	53	5484596	55107	2
020	37	Response	53	5490836	61346	1
020	37	Response	52	5491635	62146	1
020	37	Response	53	5496755	67266	2
020	37	Sound	f06	5500989	71500	1			71500		other	0
020	37	Picture	2-114-1-2	5559807	130317	7	5166	7	130000	5000	hit	281
020	37	Response	61	5570836	141346	2
020	38	Sound	P2/both	5605304	25000	1			25000		other	0
020	38	Response	53	5610836	30532	1
020	38	Response	53	5616836	36531	1
020	38	Response	53	5623076	42771	1
020	38	Response	53	5629156	48851	1
020	38	Response	53	5635236	54931	2
020	38	Response	53	5641316	61011	1
020	38	Response	53	5647316	67011	1
020	38	Sound	f24	5651804	71500	1			71500		other	0
020	38	Picture	3-114-1-3	5710621	130317	7	5166	7	130000	5000	hit	292
020	38	Response	61	5721636	141331	2
020	39	Sound	P2/both	5756119	25000	1			25000		other	0
020	39	Response	53	5762036	30917	2
020	39	Response	53	5768036	36917	1
020	39	Response	53	5774037	42918	3
020	39	Response	53	5779715	48596	2
020	39	Response	53	5785956	54837	2
020	39	Response	53	5792036	60917	1
020	39	Response	53	5798116	66997	1
020	39	Sound	f08	5802619	71500	1			71500		other	0
020	39	Picture	2-114-1-2	5861436	130317	7	5166	7	130000	5000	hit	303
020	39	Response	61	5871236	140117	2
020	40	Sound	P2/both	5906933	25000	1			25000		other	0
020	40	Response	53	5912436	30502	2
020	40	Response	53	5918355	36421	2
020	40	Response	53	5924595	42661	1
020	40	Response	53	5930835	48901	1
020	40	Response	53	5936756	54822	1
020	40	Response	53	5943076	61142	2
020	40	Response	53	5948995	67062	2
020	40	Sound	n04	5953433	71500	1			71500		other	0
020	40	Picture	2-224-1-2	6012251	130317	7	5166	7	130000	5000	hit	314
020	40	Response	62	6022595	140662	1
020	41	Sound	P2/beat1	6057748	25000	1			25000		other	0
020	41	Sound	test09	6104248	71500	1			71500		other	0
020	41	Picture	2-223-1-2	6163066	130317	7	5166	7	130000	5000	hit	318
020	41	Response	62	6173235	140487	1
020	42	Sound	P2/beat	6208563	25000	1			25000		other	0
020	42	Sound	test03	6255063	71500	1			71500		other	0
020	42	Picture	2-213-1-2	6313880	130317	7	5166	7	130000	5000	incorrect	322
020	42	Response	52	6324195	140632	1
020	43	Sound	P2/beat	6359378	25000	1			25000		other	0
020	43	Sound	n10	6405878	71500	1			71500		other	0
020	43	Picture	3-123-1-3	6464695	130317	7	5166	7	130000	5000	hit	326
020	43	Response	62	6473475	139097	2
020	44	Sound	P2/beat	6510192	25000	1			25000		other	0
020	44	Sound	test24	6556692	71500	1			71500		other	0
020	44	Picture	3-223-1-3	6615510	130317	7	5166	7	130000	5000	hit	330
020	44	Response	62	6625075	139882	1
020	45	Sound	P1/tapping1	6661007	25000	1			25000		other	0
020	45	Response	53	6662755	26748	2
020	45	Response	53	6667395	31387	1
020	45	Response	53	6673475	37467	2
020	45	Response	53	6679475	43467	2
020	45	Response	53	6685396	49389	1
020	45	Response	53	6691475	55467	2
020	45	Response	53	6697395	61387	2
020	45	Response	53	6703235	67227	2
020	45	Sound	f05	6707507	71500	1			71500		other	0
020	45	Picture	2-112-1-2	6766324	130317	7	5166	7	130000	5000	hit	342
020	45	Response	61	6785475	149467	2
020	46	Sound	P1/tapping	6811822	25000	1			25000		other	0
020	46	Response	53	6817314	30493	2
020	46	Response	53	6823394	36572	1
020	46	Response	53	6829395	42573	1
020	46	Response	53	6835234	48412	2
020	46	Response	53	6840994	54172	1
020	46	Response	53	6847555	60733	2
020	46	Response	53	6853474	66652	1
020	46	Response	52	6854114	67292	1
020	46	Sound	f04	6858322	71500	1			71500		other	0
020	46	Response	52	6859314	72492	1
020	46	Response	53	6859394	72572	1
020	46	Picture	2-122-1-2	6917139	130317	7	5166	7	130000	5000	hit	356
020	46	Response	62	6937394	150572	1
020	47	Sound	P1/tapping	6962637	25000	1			25000		other	0
020	47	Response	53	6964275	26638	2
020	47	Response	53	6969075	31438	2
020	47	Response	53	6975155	37518	2
020	47	Response	53	6980994	43358	2
020	47	Response	53	6987075	49438	2
020	47	Response	53	6993315	55678	2
020	47	Response	53	6999154	61518	2
020	47	Response	53	7005315	67678	1
020	47	Sound	n13	7009137	71500	1			71500		other	0
020	47	Picture	3-222-1-3	7067954	130317	7	5166	7	130000	5000	hit	368
020	47	Response	62	7076834	139197	1
020	48	Sound	P1/tapping	7113451	25000	1			25000		other	0
020	48	Response	53	7119074	30623	1
020	48	Response	53	7124754	36303	1
020	48	Response	53	7131234	42783	1
020	48	Response	53	7136994	48543	1
020	48	Response	53	7143314	54863	1
020	48	Response	53	7149394	60943	1
020	48	Response	53	7154994	66543	1
020	48	Sound	f21	7159951	71500	1			71500		other	0
020	48	Picture	3-112-1-3	7218769	130317	7	5166	7	130000	5000	hit	379
020	48	Response	61	7229474	141023	1
020	49	Sound	P0/none1	7264266	25000	1			25000		other	0
020	49	Sound	test25	7310766	71500	1			71500		other	0
020	49	Picture	3-211-1-3	7369583	130317	7	5166	7	130000	5000	hit	383
020	49	Response	61	7378754	139488	1
020	50	Sound	P0/none	7415081	25000	1			25000		other	0
020	50	Sound	test12	7461581	71500	1			71500		other	0
020	50	Picture	2-221-1-2	7520398	130317	7	5166	7	130000	5000	hit	387
020	50	Response	62	7529714	139633	1
020	51	Sound	P0/none	7565895	25000	1			25000		other	0
020	51	Sound	n03	7612395	71500	1			71500		other	0
020	51	Picture	2-111-1-2	7671213	130317	7	5166	7	130000	5000	hit	391
020	51	Response	61	7680594	139698	1
020	52	Sound	P0/none	7716710	25000	1			25000		other	0
020	52	Sound	f23	7763210	71500	1			71500		other	0
020	52	Picture	2-121-1-2	7822028	130317	7	5166	7	130000	5000	hit	395
020	52	Response	62	7830754	139043	1
020	53	Sound	P1/tapping1	7867525	25000	1			25000		other	0
020	53	Response	53	7881874	39349	1
020	53	Response	53	7887794	45268	1
020	53	Response	53	7893554	51028	1
020	53	Response	53	7899554	57028	1
020	53	Response	53	7905554	63029	1
020	53	Response	53	7911474	68948	1
020	53	Sound	f02	7914025	71500	1			71500		other	0
020	53	Picture	2-122-1-2	7972842	130317	7	5166	7	130000	5000	hit	405
020	53	Response	62	7986834	144308	1
020	54	Response	53	8014513	21174	1
020	54	Sound	P1/tapping	8018340	25000	1			25000		other	0
020	54	Response	53	8020354	27014	1
020	54	Response	53	8025314	31974	1
020	54	Response	53	8030993	37654	1
020	54	Response	53	8037073	43733	1
020	54	Response	53	8042913	49573	1
020	54	Response	53	8048914	55574	2
020	54	Response	53	8054754	61414	1
020	54	Sound	test15	8064840	71500	1			71500		other	0
020	54	Picture	3-222-1-3	8123657	130317	7	5166	7	130000	5000	hit	417
020	54	Response	62	8134433	141093	1
020	55	Sound	P1/tapping	8169154	25000	1			25000		other	0
020	55	Response	53	8174913	30759	1
020	55	Response	53	8180753	36599	1
020	55	Response	53	8186674	42519	2
020	55	Response	53	8192433	48279	1
020	55	Response	53	8198673	54519	1
020	55	Response	53	8205153	60999	1
020	55	Response	53	8211393	67239	1
020	55	Sound	test11	8215654	71500	1			71500		other	0
020	55	Response	53	8217313	73159	1
020	55	Picture	2-212-1-2	8274472	130317	7	5166	7	130000	5000	incorrect	429
020	55	Response	52	8284435	140281	2
020	56	Sound	P1/tapping	8319969	25000	1			25000		other	0
020	56	Response	53	8325954	30984	1
020	56	Response	53	8331793	36824	2
020	56	Response	53	8338034	43064	1
020	56	Response	53	8344193	49224	1
020	56	Response	53	8350433	55464	1
020	56	Response	53	8356753	61784	2
020	56	Response	53	8362753	67784	1
020	56	Sound	n06	8366469	71500	1			71500		other	0
020	56	Picture	3-222-1-3	8425287	130317	7	5166	7	130000	5000	hit	440
020	56	Response	62	8437793	142824	1
020	57	Sound	P2/both1	8470784	25000	1			25000		other	0
020	57	Response	53	8476673	30889	1
020	57	Response	53	8482273	36489	1
020	57	Response	53	8488513	42729	1
020	57	Response	53	8494833	49049	1
020	57	Response	53	8500593	54809	1
020	57	Response	53	8506914	61130	2
020	57	Response	53	8512433	66649	1
020	57	Sound	n11	8517284	71500	1			71500		other	0
020	57	Response	53	8518993	73209	1
020	57	Response	53	8519553	73769	1
020	57	Picture	2-124-1-2	8576101	130317	7	5166	7	130000	5000	hit	453
020	57	Response	62	8585633	139849	2
020	58	Sound	P2/both	8621599	25000	1			25000		other	0
020	58	Response	53	8627393	30794	1
020	58	Response	53	8633233	36634	1
020	58	Response	53	8639473	42874	1
020	58	Response	53	8645633	49034	1
020	58	Response	53	8651553	54954	1
020	58	Response	53	8657553	60954	2
020	58	Response	53	8663633	67034	2
020	58	Sound	n14	8668099	71500	1			71500		other	0
020	58	Picture	3-124-1-3	8726916	130317	7	5166	7	130000	5000	hit	464
020	58	Response	62	8737633	141034	1
020	59	Response	53	8767073	19659	2
020	59	Sound	P2/both	8772414	25000	1			25000		other	0
020	59	Response	53	8773313	25899	1
020	59	Response	53	8778353	30939	1
020	59	Response	53	8783873	36459	1
020	59	Response	53	8790353	42939	2
020	59	Response	53	8796193	48779	2
020	59	Response	53	8802113	54699	1
020	59	Response	53	8808353	60939	3
020	59	Response	53	8814353	66939	2
020	59	Sound	f14	8818914	71500	1			71500		other	0
020	59	Picture	3-124-1-3	8877731	130317	7	5166	7	130000	5000	hit	477
020	59	Response	62	8886672	139259	1
020	60	Sound	P2/both	8923228	25000	1			25000		other	0
020	60	Response	53	8925073	26844	2
020	60	Response	53	8929473	31244	2
020	60	Response	53	8935073	36844	2
020	60	Response	53	8940993	42764	2
020	60	Response	53	8947233	49004	2
020	60	Response	53	8953313	55084	1
020	60	Response	53	8959313	61084	1
020	60	Response	53	8965233	67004	2
020	60	Sound	n07	8969728	71500	1			71500		other	0
020	60	Response	53	8971873	73644	2
020	60	Picture	2-214-1-2	9028546	130317	7	5166	7	130000	5000	incorrect	490
020	60	Response	52	9046273	148044	1


Event Type	Code	Type	Response	RT	RT Uncertainty	Time	Uncertainty	Duration	Uncertainty	ReqTime	ReqDur

Sound	P0/none1	other				25160	1			25000
Sound	f01	other				71660	1			71500
Picture	2-111-1-2	hit	1	9803	7	130478	7	5166	7	130000	5000
Sound	P0/none	other				175975	1			25000
Sound	test01	other				222475	1			71500
Picture	2-211-1-2	incorrect	2	13868	7	281293	7	5166	7	130000	5000
Sound	P0/none	other				326790	1			25000
Sound	test22	other				373290	1			71500
Picture	3-211-1-3	hit	1	10413	8	432107	7	5166	7	130000	5000
Sound	P0/none	other				477605	1			25000
Sound	f07	other				524105	1			71500
Picture	2-121-1-2	hit	2	11918	7	582922	7	5166	7	130000	5000
Sound	P2/beat1	other				628419	1			25000
Sound	f03	other				674919	1			71500
Picture	2-123-1-2	hit	2	12304	8	733736	7	5166	7	130000	5000
Sound	P2/beat	other				779234	1			25000
Sound	n12	other				825734	1			71500
Picture	3-123-1-3	hit	2	9649	7	884551	7	5166	7	130000	5000
Sound	P2/beat	other				930049	1			25000
Sound	test10	other				976549	1			71500
Picture	2-213-1-2	incorrect	2	11394	7	1035366	7	5166	7	130000	5000
Sound	P2/beat	other				1080863	1			25000
Sound	f17	other				1127363	1			71500
Picture	3-113-1-3	hit	1	9699	7	1186181	7	5166	7	130000	5000
Sound	P0/none1	other				1231678	1			25000
Sound	f09	other				1278178	1			71500
Picture	2-111-1-2	hit	1	14644	7	1336995	7	5166	7	130000	5000
Sound	P0/none	other				1382493	1			25000
Sound	test02	other				1428993	1			71500
Picture	2-221-1-2	hit	2	11670	8	1487810	7	5166	7	130000	5000
Sound	P0/none	other				1533307	1			25000
Sound	f20	other				1579807	1			71500
Picture	3-121-1-3	hit	2	9015	7	1638625	7	5166	7	130000	5000
Sound	P0/none	other				1684122	1			25000
Sound	test21	other				1730622	1			71500
Picture	3-221-1-3	hit	2	13960	7	1789439	7	5166	7	130000	5000
Sound	P1/tapping1	other				1834937	1			25000
Sound	test04	other				1881437	1			71500
Picture	2-212-1-2	incorrect	2	9705	8	1940254	7	5166	7	130000	5000
Sound	P1/tapping	other				1985751	1			25000
Sound	test23	other				2032251	1			71500
Picture	3-222-1-3	hit	2	9210	7	2091069	7	5166	7	130000	5000
Sound	P1/tapping	other				2136566	1			25000
Sound	test06	other				2183066	1			71500
Picture	2-222-1-2	hit	2	9996	7	2241883	7	5166	7	130000	5000
Sound	P1/tapping	other				2287381	1			25000
Sound	test07	other				2333881	1			71500
Picture	2-212-1-2	hit	1	5981	8	2392698	7	5166	7	130000	5000
Sound	P2/both1	other				2438195	1			25000
Sound	n01	other				2484695	1			71500
Picture	3-214-1-3	hit	1	11006	8	2543513	7	5166	7	130000	5000
Sound	P2/both	other				2589010	1			25000
Sound	f22	other				2635510	1			71500
Picture	3-124-1-3	hit	2	10751	7	2694327	7	5166	7	130000	5000
Sound	P2/both	other				2739825	1			25000
Sound	f19	other				2786325	1			71500
Picture	3-114-1-3	hit	1	10336	8	2845142	7	5166	7	130000	5000
Sound	P2/both	other				2890639	1			25000
Sound	test16	other				2937139	1			71500
Picture	3-224-1-3	hit	2	17441	7	2995957	7	5166	7	130000	5000
Sound	P1/tapping1	other				3041454	1			25000
Sound	test05	other				3087954	1			71500
Picture	2-222-1-2	hit	2	9587	9	3146771	7	5166	7	130000	5000
Sound	P1/tapping	other				3192269	1			25000
Sound	test08	other				3238769	1			71500
Picture	2-212-1-2	hit	1	13172	7	3297586	7	5166	7	130000	5000
Sound	P1/tapping	other				3343083	1			25000
Sound	test14	other				3389584	1			71500
Picture	3-212-1-3	hit	1	6037	8	3448401	7	5166	7	130000	5000
Sound	P1/tapping	other				3493898	1			25000
Sound	test19	other				3540398	1			71500
Picture	3-212-1-3	hit	1	9542	7	3599216	7	5166	7	130000	5000
Sound	P2/beat1	other				3644713	1			25000
Sound	f15	other				3691213	1			71500
Picture	3-113-1-3	hit	1	9687	7	3750030	7	5166	7	130000	5000
Sound	P2/beat	other				3795527	1			25000
Sound	f16	other				3842028	1			71500
Picture	3-123-1-3	hit	2	9912	8	3900845	7	5166	7	130000	5000
Sound	P2/beat	other				3946342	1			25000
Sound	f18	other				3992842	1			71500
Picture	3-113-1-3	hit	1	9818	7	4051660	7	5166	7	130000	5000
Sound	P2/beat	other				4097157	1			25000
Sound	test18	other				4143657	1			71500
Picture	3-223-1-3	hit	2	11243	7	4202474	7	5166	7	130000	5000
Sound	P2/both1	other				4247972	1			25000
Sound	f10	other				4294471	1			71500
Picture	2-114-1-2	hit	1	10828	8	4353289	7	5166	7	130000	5000
Sound	P2/both	other				4398786	1			25000
Sound	f12	other				4445286	1			71500
Picture	2-114-1-2	hit	1	11373	8	4504104	7	5166	7	130000	5000
Sound	P2/both	other				4549601	1			25000
Sound	n05	other				4596101	1			71500
Picture	3-124-1-3	hit	2	12558	7	4654918	7	5166	7	130000	5000
Sound	P2/both	other				4700416	1			25000
Sound	f13	other				4746916	1			71500
Picture	3-124-1-3	hit	2	8703	7	4805733	7	5166	7	130000	5000
Sound	P0/none1	other				4851230	1			25000
Sound	n09	other				4897730	1			71500
Picture	3-211-1-3	hit	1	10529	8	4956548	7	5166	7	130000	5000
Sound	P0/none	other				5002045	1			25000
Sound	test13	other				5048545	1			71500
Picture	3-221-1-3	hit	2	9153	7	5107363	7	5166	7	130000	5000
Sound	P0/none	other				5152860	1			25000
Sound	f11	other				5199360	1			71500
Picture	2-111-1-2	incorrect	2	11859	7	5258177	7	5166	7	130000	5000
Sound	P0/none	other				5303675	1			25000
Sound	test17	other				5350174	1			71500
Picture	2-211-2-2	incorrect	2	10404	8	5408992	7	5166	7	130000	5000
Sound	P2/both1	other				5454489	1			25000
Sound	f06	other				5500989	1			71500
Picture	2-114-1-2	hit	1	11029	8	5559807	7	5166	7	130000	5000
Sound	P2/both	other				5605304	1			25000
Sound	f24	other				5651804	1			71500
Picture	3-114-1-3	hit	1	11014	8	5710621	7	5166	7	130000	5000
Sound	P2/both	other				5756119	1			25000
Sound	f08	other				5802619	1			71500
Picture	2-114-1-2	hit	1	9799	8	5861436	7	5166	7	130000	5000
Sound	P2/both	other				5906933	1			25000
Sound	n04	other				5953433	1			71500
Picture	2-224-1-2	hit	2	10345	7	6012251	7	5166	7	130000	5000
Sound	P2/beat1	other				6057748	1			25000
Sound	test09	other				6104248	1			71500
Picture	2-223-1-2	hit	2	10170	7	6163066	7	5166	7	130000	5000
Sound	P2/beat	other				6208563	1			25000
Sound	test03	other				6255063	1			71500
Picture	2-213-1-2	incorrect	2	10314	7	6313880	7	5166	7	130000	5000
Sound	P2/beat	other				6359378	1			25000
Sound	n10	other				6405878	1			71500
Picture	3-123-1-3	hit	2	8780	8	6464695	7	5166	7	130000	5000
Sound	P2/beat	other				6510192	1			25000
Sound	test24	other				6556692	1			71500
Picture	3-223-1-3	hit	2	9565	7	6615510	7	5166	7	130000	5000
Sound	P1/tapping1	other				6661007	1			25000
Sound	f05	other				6707507	1			71500
Picture	2-112-1-2	hit	1	19150	8	6766324	7	5166	7	130000	5000
Sound	P1/tapping	other				6811822	1			25000
Sound	f04	other				6858322	1			71500
Picture	2-122-1-2	hit	2	20255	7	6917139	7	5166	7	130000	5000
Sound	P1/tapping	other				6962637	1			25000
Sound	n13	other				7009137	1			71500
Picture	3-222-1-3	hit	2	8880	7	7067954	7	5166	7	130000	5000
Sound	P1/tapping	other				7113451	1			25000
Sound	f21	other				7159951	1			71500
Picture	3-112-1-3	hit	1	10705	8	7218769	7	5166	7	130000	5000
Sound	P0/none1	other				7264266	1			25000
Sound	test25	other				7310766	1			71500
Picture	3-211-1-3	hit	1	9171	7	7369583	7	5166	7	130000	5000
Sound	P0/none	other				7415081	1			25000
Sound	test12	other				7461581	1			71500
Picture	2-221-1-2	hit	2	9316	7	7520398	7	5166	7	130000	5000
Sound	P0/none	other				7565895	1			25000
Sound	n03	other				7612395	1			71500
Picture	2-111-1-2	hit	1	9381	7	7671213	7	5166	7	130000	5000
Sound	P0/none	other				7716710	1			25000
Sound	f23	other				7763210	1			71500
Picture	2-121-1-2	hit	2	8726	7	7822028	7	5166	7	130000	5000
Sound	P1/tapping1	other				7867525	1			25000
Sound	f02	other				7914025	1			71500
Picture	2-122-1-2	hit	2	13991	7	7972842	7	5166	7	130000	5000
Sound	P1/tapping	other				8018340	1			25000
Sound	test15	other				8064840	1			71500
Picture	3-222-1-3	hit	2	10776	7	8123657	7	5166	7	130000	5000
Sound	P1/tapping	other				8169154	1			25000
Sound	test11	other				8215654	1			71500
Picture	2-212-1-2	incorrect	2	9963	9	8274472	7	5166	7	130000	5000
Sound	P1/tapping	other				8319969	1			25000
Sound	n06	other				8366469	1			71500
Picture	3-222-1-3	hit	2	12507	7	8425287	7	5166	7	130000	5000
Sound	P2/both1	other				8470784	1			25000
Sound	n11	other				8517284	1			71500
Picture	2-124-1-2	hit	2	9531	8	8576101	7	5166	7	130000	5000
Sound	P2/both	other				8621599	1			25000
Sound	n14	other				8668099	1			71500
Picture	3-124-1-3	hit	2	10717	8	8726916	7	5166	7	130000	5000
Sound	P2/both	other				8772414	1			25000
Sound	f14	other				8818914	1			71500
Picture	3-124-1-3	hit	2	8942	7	8877731	7	5166	7	130000	5000
Sound	P2/both	other				8923228	1			25000
Sound	n07	other				8969728	1			71500
Picture	2-214-1-2	incorrect	2	17727	7	9028546	7	5166	7	130000	5000


{
   "app": "Presentation Version 22.1 Build 01.21.21",
   "device": "Dell Inc. OptiPlex 7050",
   "experiment": "{C8E97CB4-6FCA-44FA-B866-4A2D94B6B85C}",
   "os": "Windows 10 64 bit",
   "package": "",
   "parameters": {
      "configuration": "Default configuration"
   },
   "scenario": "entrain_list1_sess1_EB.sce",
   "subject": "020",
   "timestamp": "2022/11/15 09:59:20 GMT"
}
