Scenario - test
Logfile written - 11/15/2022 11:33:17

Subject	Trial	Event Type	Code	Time	TTime	Uncertainty	Duration	Uncertainty	ReqTime	ReqDur	Stim Type	Pair Index

020	1	Sound	P1/tapping1	25160	25000	1			25000		other	0
020	1	Response	53	30695	30534	1
020	1	Response	53	37176	37015	2
020	1	Response	53	43336	43175	1
020	1	Response	53	49576	49416	2
020	1	Response	53	55976	55815	1
020	1	Response	53	62296	62135	2
020	1	Response	53	68136	67975	1
020	1	Sound	n05	71660	71500	1			71500		other	0
020	1	Picture	2-122-2-2	130478	130317	7	5166	7	130000	5000	incorrect	11
020	1	Response	51	147335	147175	1
020	2	Sound	P1/tapping	175975	25000	1			25000		other	0
020	2	Response	53	181655	30680	1
020	2	Response	53	187576	36601	2
020	2	Response	53	193575	42600	1
020	2	Response	53	199816	48841	2
020	2	Response	53	206295	55320	1
020	2	Response	53	212455	61480	1
020	2	Response	53	218215	67240	1
020	2	Sound	f18	222475	71500	1			71500		other	0
020	2	Picture	3-122-1-3	281292	130317	7	5166	7	130000	5000	hit	22
020	2	Response	62	290855	139880	3
020	3	Sound	P1/tapping	326790	25000	1			25000		other	0
020	3	Response	53	332695	30905	1
020	3	Response	53	338775	36985	1
020	3	Response	53	344775	42985	1
020	3	Response	53	351015	49225	1
020	3	Response	53	357335	55545	1
020	3	Response	53	363655	61865	1
020	3	Response	53	369655	67865	1
020	3	Sound	f09	373290	71500	1			71500		other	0
020	3	Picture	2-122-1-2	432107	130317	7	5166	7	130000	5000	hit	33
020	3	Response	62	441975	140185	1
020	4	Sound	P1/tapping	477604	25000	1			25000		other	0
020	4	Response	53	479655	27050	1
020	4	Response	53	484535	31930	1
020	4	Response	53	490775	38170	1
020	4	Response	53	496615	44010	1
020	4	Response	53	502775	50170	2
020	4	Response	53	508696	56091	2
020	4	Response	53	515015	62410	1
020	4	Response	53	520615	68010	2
020	4	Sound	f06	524105	71500	1			71500		other	0
020	4	Picture	3-122-1-3	582922	130317	7	5166	7	130000	5000	hit	45
020	4	Response	62	596455	143850	1
020	5	Sound	P2/both1	628419	25000	1			25000		other	0
020	5	Response	53	634135	30716	1
020	5	Response	53	640855	37435	1
020	5	Response	53	646775	43356	1
020	5	Response	53	652775	49355	2
020	5	Response	53	658615	55196	3
020	5	Response	53	665335	61916	1
020	5	Sound	f01	674919	71500	1			71500		other	0
020	5	Picture	3-114-1-3	733737	130317	7	5166	7	130000	5000	incorrect	55
020	5	Response	52	746695	143275	1
020	6	Response	53	777576	23341	2
020	6	Sound	P2/both	779234	25000	1			25000		other	0
020	6	Response	53	784775	30540	1
020	6	Response	53	791255	37020	2
020	6	Response	53	797335	43100	2
020	6	Response	53	803335	49100	2
020	6	Response	53	809656	55421	3
020	6	Response	53	815255	61021	1
020	6	Response	53	821335	67101	1
020	6	Sound	test24	825734	71500	1			71500		other	0
020	6	Picture	3-214-1-3	884551	130317	7	5166	7	130000	5000	incorrect	67
020	6	Response	52	899015	144780	1
020	7	Sound	P2/both	930049	25000	1			25000		other	0
020	7	Response	53	931895	26846	1
020	7	Response	53	936375	31327	2
020	7	Response	53	941895	36846	2
020	7	Response	53	948215	43166	1
020	7	Response	53	954455	49406	2
020	7	Response	53	960375	55326	3
020	7	Response	53	966535	61486	2
020	7	Response	53	972135	67086	1
020	7	Sound	test22	976549	71500	1			71500		other	0
020	7	Picture	3-224-1-3	1035366	130317	7	5166	7	130000	5000	hit	79
020	7	Response	62	1043815	138766	1
020	8	Sound	P2/both	1080863	25000	1			25000		other	0
020	8	Response	53	1083095	27231	2
020	8	Response	53	1087574	31711	1
020	8	Response	53	1092935	37071	1
020	8	Response	53	1099015	43151	1
020	8	Response	53	1105015	49151	1
020	8	Response	53	1112055	56191	1
020	8	Response	53	1117495	61631	1
020	8	Response	53	1123255	67391	1
020	8	Sound	test07	1127363	71500	1			71500		other	0
020	8	Picture	3-214-1-3	1186181	130317	7	5166	7	130000	5000	hit	91
020	8	Response	61	1196775	140911	1
020	9	Sound	P2/beat1	1231678	25000	1			25000		other	0
020	9	Sound	f02	1278178	71500	1			71500		other	0
020	9	Picture	2-113-1-2	1336995	130317	7	5166	7	130000	5000	hit	95
020	9	Response	61	1345734	139056	1
020	10	Sound	P2/beat	1382493	25000	1			25000		other	0
020	10	Sound	f19	1428993	71500	1			71500		other	0
020	10	Picture	2-113-2-2	1487810	130317	7	5166	7	130000	5000	hit	99
020	10	Response	61	1497014	139521	1
020	11	Sound	P2/beat	1533308	25000	1			25000		other	0
020	11	Sound	n07	1579808	71500	1			71500		other	0
020	11	Picture	3-223-1-3	1638625	130317	7	5166	7	130000	5000	hit	103
020	11	Response	62	1647494	139186	1
020	12	Sound	P2/beat	1684122	25000	1			25000		other	0
020	12	Sound	f07	1730622	71500	1			71500		other	0
020	12	Picture	3-123-1-3	1789440	130317	7	5166	7	130000	5000	hit	107
020	12	Response	62	1801654	142531	1
020	13	Sound	P2/both1	1834937	25000	1			25000		other	0
020	13	Response	53	1837254	27317	2
020	13	Response	53	1841654	31716	2
020	13	Response	53	1846854	36916	2
020	13	Response	53	1853094	43157	2
020	13	Response	53	1859334	49397	2
020	13	Response	53	1865094	55156	1
020	13	Response	53	1871254	61317	1
020	13	Response	53	1877414	67476	1
020	13	Sound	f05	1881437	71500	1			71500		other	0
020	13	Picture	2-124-1-2	1940254	130317	7	5166	7	130000	5000	hit	119
020	13	Response	62	1951494	141557	1
020	14	Sound	P2/both	1985751	25000	1			25000		other	0
020	14	Response	53	1991334	30583	2
020	14	Response	53	1997174	36422	1
020	14	Response	53	2003573	42822	1
020	14	Response	53	2009734	48982	2
020	14	Response	53	2016374	55622	1
020	14	Response	53	2022213	61462	1
020	14	Response	53	2028053	67302	2
020	14	Sound	test09	2032252	71500	1			71500		other	0
020	14	Picture	3-224-1-3	2091069	130317	7	5166	7	130000	5000	hit	130
020	14	Response	62	2100294	139542	1
020	15	Response	53	2135733	24167	1
020	15	Sound	P2/both	2136566	25000	1			25000		other	0
020	15	Response	53	2142133	30567	2
020	15	Response	53	2148373	36807	1
020	15	Response	53	2154534	42967	2
020	15	Response	53	2155173	43607	1
020	15	Response	53	2160533	48967	2
020	15	Response	53	2166454	54887	1
020	15	Response	53	2172454	60887	1
020	15	Response	53	2178853	67287	1
020	15	Sound	test12	2183066	71500	1			71500		other	0
020	15	Picture	3-214-1-3	2241884	130317	7	5166	7	130000	5000	hit	143
020	15	Response	61	2251493	139927	1
020	16	Sound	P2/both	2287381	25000	1			25000		other	0
020	16	Response	53	2293253	30872	1
020	16	Response	53	2298774	36393	2
020	16	Response	53	2305574	43192	1
020	16	Response	53	2311413	49032	1
020	16	Response	53	2316933	54552	1
020	16	Response	53	2323253	60872	1
020	16	Response	53	2323813	61432	1
020	16	Response	53	2329334	66952	3
020	16	Sound	test19	2333881	71500	1			71500		other	0
020	16	Picture	2-224-1-2	2392698	130317	7	5166	7	130000	5000	hit	155
020	16	Response	62	2402853	140472	1
020	17	Sound	P1/tapping1	2438196	25000	1			25000		other	0
020	17	Response	53	2439974	26778	2
020	17	Response	53	2444533	31337	1
020	17	Response	53	2450613	37417	1
020	17	Response	53	2456613	43417	1
020	17	Response	53	2457093	43897	1
020	17	Response	53	2462053	48857	1
020	17	Response	53	2468293	55097	1
020	17	Response	53	2474453	61257	1
020	17	Response	53	2475013	61817	1
020	17	Response	53	2480374	67178	2
020	17	Sound	f15	2484696	71500	1			71500		other	0
020	17	Picture	2-122-2-2	2543513	130317	7	5166	7	130000	5000	hit	169
020	17	Response	62	2561733	148537	1
020	18	Sound	P1/tapping	2589010	25000	1			25000		other	0
020	18	Response	53	2594693	30683	1
020	18	Response	53	2600693	36683	1
020	18	Response	53	2606773	42763	1
020	18	Response	53	2613093	49083	1
020	18	Response	53	2613573	49562	1
020	18	Response	53	2618773	54762	1
020	18	Response	53	2624854	60843	2
020	18	Response	53	2630773	66763	1
020	18	Sound	test21	2635511	71500	1			71500		other	0
020	18	Response	53	2636373	72362	2
020	18	Picture	3-212-1-3	2694328	130317	7	5166	7	130000	5000	hit	182
020	18	Response	61	2705173	141162	1
020	19	Sound	P1/tapping	2739825	25000	1			25000		other	0
020	19	Response	53	2745813	30988	3
020	19	Response	53	2752053	37227	1
020	19	Response	53	2758613	43787	1
020	19	Response	53	2765173	50347	1
020	19	Response	53	2776293	61468	1
020	19	Response	53	2776853	62028	2
020	19	Response	53	2782373	67547	1
020	19	Sound	f10	2786325	71500	1			71500		other	0
020	19	Picture	3-112-1-3	2845143	130317	7	5166	7	130000	5000	hit	193
020	19	Response	61	2854773	139948	1
020	20	Sound	P1/tapping	2890640	25000	1			25000		other	0
020	20	Response	53	2896613	30973	2
020	20	Response	53	2902533	36893	1
020	20	Response	53	2908773	43133	1
020	20	Response	53	2909333	43692	1
020	20	Response	53	2914853	49213	2
020	20	Response	53	2920613	54973	1
020	20	Response	53	2926933	61293	1
020	20	Response	53	2932373	66733	1
020	20	Sound	f13	2937140	71500	1			71500		other	0
020	20	Picture	3-112-1-3	2995957	130317	7	5166	7	130000	5000	hit	205
020	20	Response	61	3005253	139612	1
020	21	Sound	P2/both1	3041455	25000	1			25000		other	0
020	21	Response	53	3047574	31119	3
020	21	Response	53	3053253	36798	2
020	21	Response	53	3059333	42878	1
020	21	Response	53	3065492	49038	2
020	21	Response	53	3071653	55198	1
020	21	Response	53	3077654	61199	3
020	21	Response	53	3083653	67198	2
020	21	Sound	n03	3087955	71500	1			71500		other	0
020	21	Picture	2-124-1-2	3146772	130317	7	5166	7	130000	5000	hit	216
020	21	Response	62	3157892	141438	1
020	22	Sound	P2/both	3192269	25000	1			25000		other	0
020	22	Response	53	3198372	31103	1
020	22	Response	53	3204213	36943	3
020	22	Response	53	3210212	42943	1
020	22	Response	53	3215972	48703	1
020	22	Response	53	3222132	54863	1
020	22	Response	53	3228372	61103	1
020	22	Response	53	3234292	67022	1
020	22	Sound	n13	3238769	71500	1			71500		other	0
020	22	Picture	3-214-1-3	3297587	130317	7	5166	7	130000	5000	hit	227
020	22	Response	61	3308132	140863	1
020	23	Sound	P2/both	3343084	25000	1			25000		other	0
020	23	Response	53	3343493	25408	1
020	23	Response	53	3348852	30768	2
020	23	Response	53	3354612	36528	2
020	23	Response	53	3360612	42528	1
020	23	Response	53	3367092	49008	1
020	23	Response	53	3373092	55008	1
020	23	Response	53	3379333	61249	1
020	23	Response	53	3385092	67008	1
020	23	Response	53	3385652	67567	1
020	23	Sound	f11	3389584	71500	1			71500		other	0
020	23	Picture	2-124-1-2	3448401	130317	7	5166	7	130000	5000	hit	240
020	23	Response	62	3457332	139248	1
020	24	Sound	P2/both	3493899	25000	1			25000		other	0
020	24	Response	53	3499732	30833	1
020	24	Response	53	3505812	36913	1
020	24	Response	53	3511652	42753	2
020	24	Response	53	3517732	48833	2
020	24	Response	53	3523492	54593	1
020	24	Response	53	3529812	60913	2
020	24	Response	53	3535893	66994	3
020	24	Sound	f16	3540399	71500	1			71500		other	0
020	24	Picture	2-114-1-2	3599216	130317	7	5166	7	130000	5000	hit	251
020	24	Response	61	3613412	144513	1
020	25	Sound	P0/none1	3644714	25000	1			25000		other	0
020	25	Sound	f21	3691213	71500	1			71500		other	0
020	25	Picture	2-121-2-2	3750031	130317	7	5166	7	130000	5000	incorrect	255
020	25	Response	51	3760692	140979	1
020	26	Sound	P0/none	3795528	25000	1			25000		other	0
020	26	Sound	test14	3842028	71500	1			71500		other	0
020	26	Picture	2-221-1-2	3900846	130317	7	5166	7	130000	5000	hit	259
020	26	Response	62	3910212	139683	1
020	27	Sound	P0/none	3946343	25000	1			25000		other	0
020	27	Sound	f14	3992843	71500	1			71500		other	0
020	27	Picture	3-111-1-3	4051660	130317	7	5166	7	130000	5000	hit	263
020	27	Response	61	4061011	139668	2
020	28	Sound	P0/none	4097158	25000	1			25000		other	0
020	28	Sound	test08	4143658	71500	1			71500		other	0
020	28	Picture	3-221-1-3	4202475	130317	7	5166	7	130000	5000	hit	267
020	28	Response	62	4214772	142614	2
020	29	Sound	P1/tapping1	4247972	25000	1			25000		other	0
020	29	Response	53	4253331	30359	1
020	29	Response	53	4259811	36839	1
020	29	Response	53	4265972	42999	2
020	29	Response	53	4271811	48839	1
020	29	Response	53	4278211	55239	1
020	29	Response	53	4284213	61240	3
020	29	Response	53	4290451	67479	1
020	29	Sound	n09	4294472	71500	1			71500		other	0
020	29	Picture	2-222-2-2	4353290	130317	7	5166	7	130000	5000	hit	278
020	29	Response	62	4364132	141159	1
020	30	Sound	P1/tapping	4398787	25000	1			25000		other	0
020	30	Response	53	4404852	31064	1
020	30	Response	53	4411011	37224	1
020	30	Response	53	4417411	43624	1
020	30	Response	53	4417971	44183	1
020	30	Response	53	4423011	49224	1
020	30	Response	53	4429011	55224	1
020	30	Response	53	4435011	61224	1
020	30	Response	53	4440851	67064	1
020	30	Sound	test13	4445287	71500	1			71500		other	0
020	30	Picture	2-212-1-2	4504105	130317	7	5166	7	130000	5000	hit	290
020	30	Response	61	4513091	139304	1
020	31	Response	53	4548372	23770	3
020	31	Sound	P1/tapping	4549602	25000	1			25000		other	0
020	31	Response	53	4554931	30329	1
020	31	Response	53	4561171	36569	1
020	31	Response	53	4567011	42409	1
020	31	Response	53	4573091	48489	2
020	31	Response	53	4579171	54569	1
020	31	Response	53	4585251	60649	1
020	31	Response	53	4591091	66489	1
020	31	Sound	f03	4596102	71500	1			71500		other	0
020	31	Picture	3-112-1-3	4654919	130317	7	5166	7	130000	5000	hit	302
020	31	Response	61	4663971	139369	1
020	32	Sound	P1/tapping	4700417	25000	1			25000		other	0
020	32	Response	53	4702531	27114	1
020	32	Response	53	4707412	31995	1
020	32	Response	53	4720371	44954	2
020	32	Response	53	4726531	51114	1
020	32	Response	53	4732211	56794	2
020	32	Response	53	4738211	62794	1
020	32	Response	53	4744611	69194	1
020	32	Sound	f12	4746917	71500	1			71500		other	0
020	32	Picture	2-122-1-2	4805734	130317	7	5166	7	130000	5000	incorrect	313
020	32	Response	51	4818451	143034	1
020	33	Sound	P2/beat1	4851231	25000	1			25000		other	0
020	33	Sound	n06	4897731	71500	1			71500		other	0
020	33	Picture	2-223-2-2	4956549	130317	7	5166	7	130000	5000	hit	317
020	33	Response	62	4966611	140380	1
020	34	Sound	P2/beat	5002046	25000	1			25000		other	0
020	34	Sound	test06	5048546	71500	1			71500		other	0
020	34	Picture	3-213-1-3	5107364	130317	7	5166	7	130000	5000	hit	321
020	34	Response	61	5115971	138925	1
020	35	Sound	P2/beat	5152861	25000	1			25000		other	0
020	35	Sound	n04	5199361	71500	1			71500		other	0
020	35	Picture	3-223-1-3	5258178	130317	7	5166	7	130000	5000	hit	325
020	35	Response	62	5268291	140429	1
020	36	Sound	P2/beat	5303676	25000	1			25000		other	0
020	36	Sound	n11	5350176	71500	1			71500		other	0
020	36	Picture	3-113-2-3	5408993	130317	7	5166	7	130000	5000	incorrect	329
020	36	Response	52	5420290	141614	1
020	37	Sound	P1/tapping1	5454490	25000	1			25000		other	0
020	37	Response	53	5460532	31041	3
020	37	Response	53	5472850	43360	1
020	37	Response	53	5478930	49440	2
020	37	Response	53	5484530	55040	1
020	37	Response	53	5491250	61760	1
020	37	Response	53	5497250	67759	1
020	37	Sound	f23	5500990	71500	1			71500		other	0
020	37	Picture	3-112-1-3	5559808	130317	7	5166	7	130000	5000	hit	339
020	37	Response	61	5567330	137840	1
020	37	Response	51	5571490	141999	1
020	38	Sound	P1/tapping	5605305	25000	1			25000		other	0
020	38	Response	53	5613970	33665	2
020	38	Response	53	5620370	40065	1
020	38	Response	53	5626931	46626	3
020	38	Response	53	5632610	52305	1
020	38	Response	53	5638850	58545	1
020	38	Response	53	5644370	64065	1
020	38	Response	53	5650131	69826	1
020	38	Sound	n10	5651805	71500	1			71500		other	0
020	38	Picture	2-112-1-2	5710623	130317	7	5166	7	130000	5000	hit	351
020	38	Response	61	5720530	140225	2
020	39	Sound	P1/tapping	5756120	25000	1			25000		other	0
020	39	Response	53	5762132	31011	3
020	39	Response	53	5768290	37170	1
020	39	Response	53	5773890	42770	2
020	39	Response	53	5779810	48690	1
020	39	Response	53	5785890	54770	1
020	39	Response	53	5791730	60610	3
020	39	Response	53	5797810	66690	1
020	39	Sound	test10	5802620	71500	1			71500		other	0
020	39	Picture	3-212-1-3	5861437	130317	7	5166	7	130000	5000	hit	362
020	39	Response	61	5870690	139570	2
020	40	Sound	P1/tapping	5906935	25000	1			25000		other	0
020	40	Response	53	5913331	31396	3
020	40	Response	53	5918851	36916	2
020	40	Response	53	5924930	42995	1
020	40	Response	53	5931010	49075	2
020	40	Response	53	5937090	55155	1
020	40	Response	53	5943411	61476	3
020	40	Response	53	5949410	67475	1
020	40	Sound	test16	5953435	71500	1			71500		other	0
020	40	Picture	2-212-1-2	6012252	130317	7	5166	7	130000	5000	hit	373
020	40	Response	61	6024130	142195	1
020	41	Sound	P0/none1	6057749	25000	1			25000		other	0
020	41	Sound	test03	6104249	71500	1			71500		other	0
020	41	Picture	2-221-1-2	6163067	130317	7	5166	7	130000	5000	hit	377
020	41	Response	62	6176851	144102	3
020	42	Sound	P0/none	6208564	25000	1			25000		other	0
020	42	Sound	f22	6255064	71500	1			71500		other	0
020	42	Picture	2-121-2-2	6313882	130317	7	5166	7	130000	5000	hit	381
020	42	Response	62	6324930	141366	2
020	43	Sound	P0/none	6359379	25000	1			25000		other	0
020	43	Sound	test04	6405879	71500	1			71500		other	0
020	43	Picture	3-221-1-3	6464696	130317	7	5166	7	130000	5000	hit	385
020	43	Response	62	6475410	141031	2
020	44	Sound	P0/none	6510194	25000	1			25000		other	0
020	44	Sound	test11	6556693	71500	1			71500		other	0
020	44	Picture	2-221-1-2	6615511	130317	7	5166	7	130000	5000	hit	389
020	44	Response	62	6626529	141336	1
020	45	Sound	P2/beat1	6661009	25000	1			25000		other	0
020	45	Sound	f04	6707508	71500	1			71500		other	0
020	45	Picture	2-113-1-2	6766326	130317	7	5166	7	130000	5000	hit	393
020	45	Response	61	6774689	138680	1
020	46	Sound	P2/beat	6811823	25000	1			25000		other	0
020	46	Sound	test05	6858323	71500	1			71500		other	0
020	46	Picture	3-213-1-3	6917141	130317	7	5166	7	130000	5000	hit	397
020	46	Response	61	6927570	140747	3
020	47	Sound	P2/beat	6962638	25000	1			25000		other	0
020	47	Sound	f20	7009138	71500	1			71500		other	0
020	47	Picture	2-123-2-2	7067955	130317	7	5166	7	130000	5000	hit	401
020	47	Response	62	7078769	141131	1
020	48	Sound	P2/beat	7113453	25000	1			25000		other	0
020	48	Sound	f24	7159953	71500	1			71500		other	0
020	48	Picture	2-113-1-2	7218770	130317	7	5166	7	130000	5000	hit	405
020	48	Response	61	7226849	138396	2
020	49	Sound	P2/both1	7264268	25000	1			25000		other	0
020	49	Response	53	7266289	27021	1
020	49	Response	53	7270609	31341	1
020	49	Response	53	7275888	36621	1
020	49	Response	53	7281729	42461	1
020	49	Response	53	7288050	48782	3
020	49	Response	53	7293889	54621	1
020	49	Response	53	7300049	60781	1
020	49	Response	53	7306449	67181	1
020	49	Sound	test18	7310767	71500	1			71500		other	0
020	49	Picture	2-224-1-2	7369585	130317	7	5166	7	130000	5000	hit	417
020	49	Response	62	7380370	141102	4
020	50	Response	53	7413569	23486	1
020	50	Sound	P2/both	7415082	25000	1			25000		other	0
020	50	Response	53	7420768	30686	1
020	50	Response	53	7426529	36446	1
020	50	Response	53	7432688	42606	1
020	50	Response	53	7438849	48766	2
020	50	Response	53	7445010	54927	3
020	50	Response	53	7445488	55406	1
020	50	Response	53	7451008	60926	1
020	50	Response	53	7457088	67006	1
020	50	Sound	test01	7461582	71500	1			71500		other	0
020	50	Picture	3-214-1-3	7520400	130317	7	5166	7	130000	5000	hit	430
020	50	Response	61	7530529	140446	1
020	51	Response	53	7565729	24831	1
020	51	Sound	P2/both	7565897	25000	1			25000		other	0
020	51	Response	53	7571648	30751	1
020	51	Response	53	7577249	36351	1
020	51	Response	53	7583488	42591	1
020	51	Response	53	7589650	48752	3
020	51	Response	53	7595328	54431	2
020	51	Response	53	7601808	60911	1
020	51	Response	53	7607968	67071	1
020	51	Sound	test17	7612397	71500	1			71500		other	0
020	51	Picture	3-214-1-3	7671214	130317	7	5166	7	130000	5000	hit	442
020	51	Response	61	7680209	139312	3
020	52	Sound	P2/both	7716712	25000	1			25000		other	0
020	52	Response	53	7718529	26817	1
020	52	Response	53	7722768	31056	1
020	52	Response	53	7728288	36576	1
020	52	Response	53	7734688	42976	1
020	52	Response	53	7741088	49376	1
020	52	Response	53	7747249	55536	1
020	52	Response	53	7752368	60656	1
020	52	Response	53	7758849	67137	2
020	52	Sound	test15	7763212	71500	1			71500		other	0
020	52	Picture	3-214-1-3	7822029	130317	7	5166	7	130000	5000	hit	454
020	52	Response	61	7831889	140177	3
020	53	Sound	P2/beat1	7867527	25000	1			25000		other	0
020	53	Sound	test02	7914027	71500	1			71500		other	0
020	53	Picture	3-223-1-3	7972844	130317	7	5166	7	130000	5000	hit	458
020	53	Response	62	7987568	145042	1
020	54	Sound	P2/beat	8018342	25000	1			25000		other	0
020	54	Sound	f08	8064842	71500	1			71500		other	0
020	54	Picture	3-113-2-3	8123659	130317	7	5166	7	130000	5000	hit	462
020	54	Response	61	8134528	141186	1
020	55	Sound	P2/beat	8169156	25000	1			25000		other	0
020	55	Sound	test23	8215656	71500	1			71500		other	0
020	55	Picture	3-213-1-3	8274474	130317	7	5166	7	130000	5000	hit	466
020	55	Response	61	8284208	140051	1
020	56	Sound	P2/beat	8319971	25000	1			25000		other	0
020	56	Sound	test25	8366471	71500	1			71500		other	0
020	56	Picture	2-223-1-2	8425288	130317	7	5166	7	130000	5000	hit	470
020	56	Response	62	8434528	139557	1
020	57	Sound	P0/none1	8470786	25000	1			25000		other	0
020	57	Sound	n01	8517286	71500	1			71500		other	0
020	57	Picture	2-211-1-2	8576103	130317	7	5166	7	130000	5000	incorrect	474
020	57	Response	52	8591487	145702	2
020	58	Sound	P0/none	8621601	25000	1			25000		other	0
020	58	Sound	n12	8668100	71500	1			71500		other	0
020	58	Picture	2-121-2-2	8726918	130317	7	5166	7	130000	5000	hit	478
020	58	Response	62	8738207	141607	1
020	59	Sound	P0/none	8772415	25000	1			25000		other	0
020	59	Sound	f17	8818915	71500	1			71500		other	0
020	59	Picture	2-121-2-2	8877733	130317	7	5166	7	130000	5000	hit	482
020	59	Response	62	8888047	140632	1
020	60	Sound	P0/none	8923230	25000	1			25000		other	0
020	60	Sound	n14	8969730	71500	1			71500		other	0
020	60	Picture	2-111-2-2	9028548	130317	7	5166	7	130000	5000	hit	486
020	60	Response	61	9039087	140857	2


Event Type	Code	Type	Response	RT	RT Uncertainty	Time	Uncertainty	Duration	Uncertainty	ReqTime	ReqDur

Sound	P1/tapping1	other				25160	1			25000
Sound	n05	other				71660	1			71500
Picture	2-122-2-2	incorrect	1	16858	7	130478	7	5166	7	130000	5000
Sound	P1/tapping	other				175975	1			25000
Sound	f18	other				222475	1			71500
Picture	3-122-1-3	hit	2	9562	9	281292	7	5166	7	130000	5000
Sound	P1/tapping	other				326790	1			25000
Sound	f09	other				373290	1			71500
Picture	2-122-1-2	hit	2	9868	7	432107	7	5166	7	130000	5000
Sound	P1/tapping	other				477604	1			25000
Sound	f06	other				524105	1			71500
Picture	3-122-1-3	hit	2	13533	7	582922	7	5166	7	130000	5000
Sound	P2/both1	other				628419	1			25000
Sound	f01	other				674919	1			71500
Picture	3-114-1-3	incorrect	2	12958	7	733737	7	5166	7	130000	5000
Sound	P2/both	other				779234	1			25000
Sound	test24	other				825734	1			71500
Picture	3-214-1-3	incorrect	2	14463	7	884551	7	5166	7	130000	5000
Sound	P2/both	other				930049	1			25000
Sound	test22	other				976549	1			71500
Picture	3-224-1-3	hit	2	8449	7	1035366	7	5166	7	130000	5000
Sound	P2/both	other				1080863	1			25000
Sound	test07	other				1127363	1			71500
Picture	3-214-1-3	hit	1	10594	7	1186181	7	5166	7	130000	5000
Sound	P2/beat1	other				1231678	1			25000
Sound	f02	other				1278178	1			71500
Picture	2-113-1-2	hit	1	8739	7	1336995	7	5166	7	130000	5000
Sound	P2/beat	other				1382493	1			25000
Sound	f19	other				1428993	1			71500
Picture	2-113-2-2	hit	1	9204	7	1487810	7	5166	7	130000	5000
Sound	P2/beat	other				1533308	1			25000
Sound	n07	other				1579808	1			71500
Picture	3-223-1-3	hit	2	8869	7	1638625	7	5166	7	130000	5000
Sound	P2/beat	other				1684122	1			25000
Sound	f07	other				1730622	1			71500
Picture	3-123-1-3	hit	2	12214	7	1789440	7	5166	7	130000	5000
Sound	P2/both1	other				1834937	1			25000
Sound	f05	other				1881437	1			71500
Picture	2-124-1-2	hit	2	11240	7	1940254	7	5166	7	130000	5000
Sound	P2/both	other				1985751	1			25000
Sound	test09	other				2032252	1			71500
Picture	3-224-1-3	hit	2	9224	7	2091069	7	5166	7	130000	5000
Sound	P2/both	other				2136566	1			25000
Sound	test12	other				2183066	1			71500
Picture	3-214-1-3	hit	1	9610	7	2241884	7	5166	7	130000	5000
Sound	P2/both	other				2287381	1			25000
Sound	test19	other				2333881	1			71500
Picture	2-224-1-2	hit	2	10155	7	2392698	7	5166	7	130000	5000
Sound	P1/tapping1	other				2438196	1			25000
Sound	f15	other				2484696	1			71500
Picture	2-122-2-2	hit	2	18220	7	2543513	7	5166	7	130000	5000
Sound	P1/tapping	other				2589010	1			25000
Sound	test21	other				2635511	1			71500
Picture	3-212-1-3	hit	1	10845	7	2694328	7	5166	7	130000	5000
Sound	P1/tapping	other				2739825	1			25000
Sound	f10	other				2786325	1			71500
Picture	3-112-1-3	hit	1	9630	7	2845143	7	5166	7	130000	5000
Sound	P1/tapping	other				2890640	1			25000
Sound	f13	other				2937140	1			71500
Picture	3-112-1-3	hit	1	9295	7	2995957	7	5166	7	130000	5000
Sound	P2/both1	other				3041455	1			25000
Sound	n03	other				3087955	1			71500
Picture	2-124-1-2	hit	2	11120	7	3146772	7	5166	7	130000	5000
Sound	P2/both	other				3192269	1			25000
Sound	n13	other				3238769	1			71500
Picture	3-214-1-3	hit	1	10545	7	3297587	7	5166	7	130000	5000
Sound	P2/both	other				3343084	1			25000
Sound	f11	other				3389584	1			71500
Picture	2-124-1-2	hit	2	8931	7	3448401	7	5166	7	130000	5000
Sound	P2/both	other				3493899	1			25000
Sound	f16	other				3540399	1			71500
Picture	2-114-1-2	hit	1	14196	7	3599216	7	5166	7	130000	5000
Sound	P0/none1	other				3644714	1			25000
Sound	f21	other				3691213	1			71500
Picture	2-121-2-2	incorrect	1	10662	7	3750031	7	5166	7	130000	5000
Sound	P0/none	other				3795528	1			25000
Sound	test14	other				3842028	1			71500
Picture	2-221-1-2	hit	2	9366	7	3900846	7	5166	7	130000	5000
Sound	P0/none	other				3946343	1			25000
Sound	f14	other				3992843	1			71500
Picture	3-111-1-3	hit	1	9351	8	4051660	7	5166	7	130000	5000
Sound	P0/none	other				4097158	1			25000
Sound	test08	other				4143658	1			71500
Picture	3-221-1-3	hit	2	12297	8	4202475	7	5166	7	130000	5000
Sound	P1/tapping1	other				4247972	1			25000
Sound	n09	other				4294472	1			71500
Picture	2-222-2-2	hit	2	10842	7	4353290	7	5166	7	130000	5000
Sound	P1/tapping	other				4398787	1			25000
Sound	test13	other				4445287	1			71500
Picture	2-212-1-2	hit	1	8987	7	4504105	7	5166	7	130000	5000
Sound	P1/tapping	other				4549602	1			25000
Sound	f03	other				4596102	1			71500
Picture	3-112-1-3	hit	1	9052	7	4654919	7	5166	7	130000	5000
Sound	P1/tapping	other				4700417	1			25000
Sound	f12	other				4746917	1			71500
Picture	2-122-1-2	incorrect	1	12717	7	4805734	7	5166	7	130000	5000
Sound	P2/beat1	other				4851231	1			25000
Sound	n06	other				4897731	1			71500
Picture	2-223-2-2	hit	2	10062	7	4956549	7	5166	7	130000	5000
Sound	P2/beat	other				5002046	1			25000
Sound	test06	other				5048546	1			71500
Picture	3-213-1-3	hit	1	8607	7	5107364	7	5166	7	130000	5000
Sound	P2/beat	other				5152861	1			25000
Sound	n04	other				5199361	1			71500
Picture	3-223-1-3	hit	2	10112	7	5258178	7	5166	7	130000	5000
Sound	P2/beat	other				5303676	1			25000
Sound	n11	other				5350176	1			71500
Picture	3-113-2-3	incorrect	2	11297	7	5408993	7	5166	7	130000	5000
Sound	P1/tapping1	other				5454490	1			25000
Sound	f23	other				5500990	1			71500
Picture	3-112-1-3	hit	1	7522	7	5559808	7	5166	7	130000	5000
Sound	P1/tapping	other				5605305	1			25000
Sound	n10	other				5651805	1			71500
Picture	2-112-1-2	hit	1	9907	8	5710623	7	5166	7	130000	5000
Sound	P1/tapping	other				5756120	1			25000
Sound	test10	other				5802620	1			71500
Picture	3-212-1-3	hit	1	9253	8	5861437	7	5166	7	130000	5000
Sound	P1/tapping	other				5906935	1			25000
Sound	test16	other				5953435	1			71500
Picture	2-212-1-2	hit	1	11878	7	6012252	7	5166	7	130000	5000
Sound	P0/none1	other				6057749	1			25000
Sound	test03	other				6104249	1			71500
Picture	2-221-1-2	hit	2	13784	9	6163067	7	5166	7	130000	5000
Sound	P0/none	other				6208564	1			25000
Sound	f22	other				6255064	1			71500
Picture	2-121-2-2	hit	2	11049	8	6313882	7	5166	7	130000	5000
Sound	P0/none	other				6359379	1			25000
Sound	test04	other				6405879	1			71500
Picture	3-221-1-3	hit	2	10713	8	6464696	7	5166	7	130000	5000
Sound	P0/none	other				6510194	1			25000
Sound	test11	other				6556693	1			71500
Picture	2-221-1-2	hit	2	11018	7	6615511	7	5166	7	130000	5000
Sound	P2/beat1	other				6661009	1			25000
Sound	f04	other				6707508	1			71500
Picture	2-113-1-2	hit	1	8363	7	6766326	7	5166	7	130000	5000
Sound	P2/beat	other				6811823	1			25000
Sound	test05	other				6858323	1			71500
Picture	3-213-1-3	hit	1	10430	9	6917141	7	5166	7	130000	5000
Sound	P2/beat	other				6962638	1			25000
Sound	f20	other				7009138	1			71500
Picture	2-123-2-2	hit	2	10813	7	7067955	7	5166	7	130000	5000
Sound	P2/beat	other				7113453	1			25000
Sound	f24	other				7159953	1			71500
Picture	2-113-1-2	hit	1	8079	8	7218770	7	5166	7	130000	5000
Sound	P2/both1	other				7264268	1			25000
Sound	test18	other				7310767	1			71500
Picture	2-224-1-2	hit	2	10785	10	7369585	7	5166	7	130000	5000
Sound	P2/both	other				7415082	1			25000
Sound	test01	other				7461582	1			71500
Picture	3-214-1-3	hit	1	10129	7	7520400	7	5166	7	130000	5000
Sound	P2/both	other				7565897	1			25000
Sound	test17	other				7612397	1			71500
Picture	3-214-1-3	hit	1	8995	9	7671214	7	5166	7	130000	5000
Sound	P2/both	other				7716712	1			25000
Sound	test15	other				7763212	1			71500
Picture	3-214-1-3	hit	1	9860	9	7822029	7	5166	7	130000	5000
Sound	P2/beat1	other				7867527	1			25000
Sound	test02	other				7914027	1			71500
Picture	3-223-1-3	hit	2	14724	7	7972844	7	5166	7	130000	5000
Sound	P2/beat	other				8018342	1			25000
Sound	f08	other				8064842	1			71500
Picture	3-113-2-3	hit	1	10869	7	8123659	7	5166	7	130000	5000
Sound	P2/beat	other				8169156	1			25000
Sound	test23	other				8215656	1			71500
Picture	3-213-1-3	hit	1	9734	7	8274474	7	5166	7	130000	5000
Sound	P2/beat	other				8319971	1			25000
Sound	test25	other				8366471	1			71500
Picture	2-223-1-2	hit	2	9239	7	8425288	7	5166	7	130000	5000
Sound	P0/none1	other				8470786	1			25000
Sound	n01	other				8517286	1			71500
Picture	2-211-1-2	incorrect	2	15384	8	8576103	7	5166	7	130000	5000
Sound	P0/none	other				8621601	1			25000
Sound	n12	other				8668100	1			71500
Picture	2-121-2-2	hit	2	11289	7	8726918	7	5166	7	130000	5000
Sound	P0/none	other				8772415	1			25000
Sound	f17	other				8818915	1			71500
Picture	2-121-2-2	hit	2	10314	7	8877733	7	5166	7	130000	5000
Sound	P0/none	other				8923230	1			25000
Sound	n14	other				8969730	1			71500
Picture	2-111-2-2	hit	1	10539	8	9028548	7	5166	7	130000	5000


{
   "app": "Presentation Version 22.1 Build 01.21.21",
   "device": "Dell Inc. OptiPlex 7050",
   "experiment": "{C8E97CB4-6FCA-44FA-B866-4A2D94B6B85C}",
   "os": "Windows 10 64 bit",
   "package": "",
   "parameters": {
      "configuration": "Default configuration"
   },
   "scenario": "entrain_list1_sess3_EB.sce",
   "subject": "020",
   "timestamp": "2022/11/15 10:18:08 GMT"
}
