Scenario - test
Logfile written - 11/15/2022 10:54:18

Subject	Trial	Event Type	Code	Time	TTime	Uncertainty	Duration	Uncertainty	ReqTime	ReqDur	Stim Type	Pair Index

020	1	Sound	P2/beat1	25166	25006	1			25000		other	0
020	1	Sound	n05	71660	71500	1			71500		other	0
020	1	Picture	3-113-1-3	130478	130317	7	5166	7	130000	5000	incorrect	4
020	1	Response	52	139729	139569	1
020	2	Response	52	153089	2114	1
020	2	Sound	P2/beat	175975	25000	1			25000		other	0
020	2	Sound	f05	222475	71500	1			71500		other	0
020	2	Picture	3-113-1-3	281293	130317	7	5166	7	130000	5000	hit	9
020	2	Response	61	292209	141234	1
020	3	Sound	P2/beat	326790	25000	1			25000		other	0
020	3	Sound	n01	373290	71500	1			71500		other	0
020	3	Picture	3-223-1-3	432108	130317	7	5166	7	130000	5000	hit	13
020	3	Response	62	444289	142499	1
020	4	Sound	P2/beat	477605	25000	1			25000		other	0
020	4	Sound	test15	524105	71500	1			71500		other	0
020	4	Picture	2-223-1-2	582922	130317	7	5166	7	130000	5000	incorrect	17
020	4	Response	51	591729	139124	2
020	5	Response	53	625409	21989	1
020	5	Sound	P1/tapping1	628420	25000	1			25000		other	0
020	5	Response	53	633169	29749	2
020	5	Response	53	639169	35749	1
020	5	Response	53	644529	41109	2
020	5	Response	53	650289	46869	1
020	5	Response	53	656449	53029	2
020	5	Response	53	661729	58309	1
020	5	Response	53	667888	64468	1
020	5	Response	53	673489	70069	1
020	5	Sound	f08	674920	71500	1			71500		other	0
020	5	Picture	3-122-2-3	733737	130317	7	5166	7	130000	5000	hit	30
020	5	Response	62	745328	141908	1
020	6	Sound	P1/tapping	779235	25000	1			25000		other	0
020	6	Response	53	784849	30614	1
020	6	Response	51	784928	30694	1
020	6	Response	52	785088	30853	1
020	6	Response	53	790689	36455	2
020	6	Response	53	796529	42294	1
020	6	Response	53	802129	47894	1
020	6	Response	53	807889	53654	1
020	6	Response	53	813569	59334	1
020	6	Response	53	819729	65494	1
020	6	Response	53	825649	71414	1
020	6	Sound	f01	825735	71500	1			71500		other	0
020	6	Picture	2-122-1-2	884552	130317	7	5166	7	130000	5000	hit	44
020	6	Response	62	895329	141094	1
020	7	Sound	P1/tapping	930049	25000	1			25000		other	0
020	7	Response	53	935329	30279	1
020	7	Response	53	941169	36119	1
020	7	Response	53	946930	41880	2
020	7	Response	53	952768	47719	1
020	7	Response	53	958689	53639	2
020	7	Response	53	964849	59799	1
020	7	Response	53	970529	65479	1
020	7	Response	53	976289	71240	1
020	7	Sound	n03	976557	71507	1			71500		other	0
020	7	Picture	3-122-1-3	1035367	130317	7	5166	7	130000	5000	hit	56
020	7	Response	62	1045969	140919	1
020	8	Sound	P1/tapping	1080864	25000	1			25000		other	0
020	8	Response	53	1086289	30425	2
020	8	Response	53	1092208	36344	1
020	8	Response	53	1098208	42344	1
020	8	Response	53	1103969	48105	2
020	8	Response	53	1110128	54264	1
020	8	Response	53	1115888	60024	1
020	8	Response	53	1121728	65863	3
020	8	Sound	test18	1127364	71500	1			71500		other	0
020	8	Response	53	1127808	71944	1
020	8	Picture	3-212-1-3	1186182	130317	7	5166	7	130000	5000	hit	68
020	8	Response	61	1198848	142984	1
020	9	Sound	P2/both1	1231679	25000	1			25000		other	0
020	9	Response	53	1237569	30890	3
020	9	Response	53	1243328	36649	2
020	9	Response	53	1249248	42569	1
020	9	Response	53	1255728	49049	2
020	9	Response	53	1261728	55049	1
020	9	Response	53	1268048	61369	1
020	9	Response	53	1274288	67609	1
020	9	Sound	test13	1278179	71500	1			71500		other	0
020	9	Response	53	1279808	73129	1
020	9	Picture	3-214-1-3	1336996	130317	7	5166	7	130000	5000	incorrect	80
020	9	Response	52	1351408	144729	1
020	10	Sound	P2/both	1382494	25000	1			25000		other	0
020	10	Response	53	1384768	27274	1
020	10	Response	53	1388848	31354	1
020	10	Response	53	1394448	36954	1
020	10	Response	53	1400608	43114	2
020	10	Response	53	1406688	49194	1
020	10	Response	53	1412768	55274	1
020	10	Response	53	1419248	61754	1
020	10	Response	53	1424928	67434	1
020	10	Sound	test04	1428994	71500	1			71500		other	0
020	10	Picture	2-224-1-2	1487811	130317	7	5166	7	130000	5000	hit	92
020	10	Response	62	1501808	144314	1
020	11	Sound	P2/both	1533309	25000	1			25000		other	0
020	11	Response	53	1538688	30379	1
020	11	Response	53	1545248	36939	1
020	11	Response	53	1551008	42699	1
020	11	Response	53	1557248	48939	2
020	11	Response	53	1563568	55259	1
020	11	Response	53	1569568	61259	2
020	11	Response	53	1575488	67179	2
020	11	Sound	f15	1579809	71500	1			71500		other	0
020	11	Picture	3-124-1-3	1638626	130317	7	5166	7	130000	5000	hit	103
020	11	Response	62	1649248	140939	1
020	12	Sound	P2/both	1684123	25000	1			25000		other	0
020	12	Response	53	1689328	30204	1
020	12	Response	53	1695648	36524	1
020	12	Response	53	1701888	42764	1
020	12	Response	53	1708128	49004	1
020	12	Response	53	1714128	55004	1
020	12	Response	53	1720288	61164	1
020	12	Response	53	1726528	67404	1
020	12	Sound	f21	1730624	71500	1			71500		other	0
020	12	Picture	3-124-1-3	1789441	130317	7	5166	7	130000	5000	hit	114
020	12	Response	62	1801568	142444	2
020	13	Sound	P0/none1	1834938	25000	1			25000		other	0
020	13	Sound	n07	1881438	71500	1			71500		other	0
020	13	Picture	2-221-1-2	1940256	130317	7	5166	7	130000	5000	incorrect	118
020	13	Response	51	1950768	140829	2
020	14	Sound	P0/none	1985753	25000	1			25000		other	0
020	14	Sound	n04	2032253	71500	1			71500		other	0
020	14	Picture	2-211-1-2	2091070	130317	7	5166	7	130000	5000	hit	122
020	14	Response	61	2100048	139294	1
020	15	Sound	P0/none	2136568	25000	1			25000		other	0
020	15	Sound	f03	2183068	71500	1			71500		other	0
020	15	Picture	2-111-1-2	2241885	130317	7	5166	7	130000	5000	hit	126
020	15	Response	61	2259728	148160	2
020	16	Sound	P0/none	2287383	25000	1			25000		other	0
020	16	Sound	test05	2333882	71500	1			71500		other	0
020	16	Picture	2-211-1-2	2392700	130317	7	5166	7	130000	5000	hit	130
020	16	Response	61	2402607	140225	2
020	17	Sound	P2/beat1	2438197	25000	1			25000		other	0
020	17	Sound	test16	2484697	71500	1			71500		other	0
020	17	Picture	3-213-1-3	2543515	130317	7	5166	7	130000	5000	hit	134
020	17	Response	61	2548687	135490	2
020	17	Response	51	2557087	143890	1
020	18	Sound	P2/beat	2589012	25000	1			25000		other	0
020	18	Sound	f11	2635512	71500	1			71500		other	0
020	18	Picture	3-113-1-3	2694329	130317	7	5166	7	130000	5000	hit	139
020	18	Response	61	2701007	136996	1
020	18	Response	51	2705487	141475	1
020	19	Sound	P2/beat	2739827	25000	1			25000		other	0
020	19	Sound	test07	2786326	71500	1			71500		other	0
020	19	Picture	2-223-1-2	2845144	130317	7	5166	7	130000	5000	hit	144
020	19	Response	62	2858127	143300	1
020	20	Sound	P2/beat	2890641	25000	1			25000		other	0
020	20	Sound	f23	2937142	71500	1			71500		other	0
020	20	Picture	2-113-1-2	2995959	130317	7	5166	7	130000	5000	hit	148
020	20	Response	61	3005567	139925	1
020	21	Sound	P0/none1	3041456	25000	1			25000		other	0
020	21	Sound	test23	3087956	71500	1			71500		other	0
020	21	Picture	2-221-2-2	3146773	130317	7	5166	7	130000	5000	hit	152
020	21	Response	62	3158207	141750	1
020	22	Sound	P0/none	3192270	25000	1			25000		other	0
020	22	Sound	f24	3238771	71500	1			71500		other	0
020	22	Picture	3-121-1-3	3297588	130317	7	5166	7	130000	5000	hit	156
020	22	Response	62	3309407	142136	1
020	23	Sound	P0/none	3343085	25000	1			25000		other	0
020	23	Sound	n06	3389585	71500	1			71500		other	0
020	23	Picture	3-211-1-3	3448403	130317	7	5166	7	130000	5000	hit	160
020	23	Response	61	3468286	150200	2
020	24	Sound	P0/none	3493900	25000	1			25000		other	0
020	24	Sound	test24	3540400	71500	1			71500		other	0
020	24	Picture	2-221-1-2	3599217	130317	7	5166	7	130000	5000	hit	164
020	24	Response	62	3609726	140826	2
020	25	Sound	P1/tapping1	3644715	25000	1			25000		other	0
020	25	Response	53	3646686	26971	1
020	25	Response	53	3651246	31531	1
020	25	Response	53	3657326	37611	1
020	25	Response	53	3662846	43131	2
020	25	Response	53	3669166	49451	2
020	25	Response	53	3675406	55691	1
020	25	Response	53	3681246	61531	2
020	25	Response	53	3687166	67451	1
020	25	Sound	test02	3691215	71500	1			71500		other	0
020	25	Picture	2-212-1-2	3750032	130317	7	5166	7	130000	5000	hit	176
020	25	Response	61	3764366	144651	1
020	26	Sound	P1/tapping	3795530	25000	1			25000		other	0
020	26	Response	53	3797886	27356	2
020	26	Response	53	3802205	31676	1
020	26	Response	53	3808126	37596	1
020	26	Response	53	3814046	43516	1
020	26	Response	53	3820045	49516	2
020	26	Response	53	3826286	55756	1
020	26	Response	53	3832285	61756	1
020	26	Response	53	3838446	67916	1
020	26	Sound	f14	3842030	71500	1			71500		other	0
020	26	Picture	2-122-2-2	3900847	130317	7	5166	7	130000	5000	hit	188
020	26	Response	62	3914446	143916	1
020	27	Sound	P1/tapping	3946344	25000	1			25000		other	0
020	27	Response	53	3948366	27021	1
020	27	Response	53	3953085	31741	1
020	27	Response	53	3959245	37901	2
020	27	Response	53	3965006	43662	1
020	27	Response	53	3971085	49741	1
020	27	Response	53	3977325	55981	1
020	27	Response	53	3983565	62221	1
020	27	Response	53	3989565	68221	2
020	27	Sound	f17	3992844	71500	1			71500		other	0
020	27	Picture	3-122-1-3	4051662	130317	7	5166	7	130000	5000	hit	200
020	27	Response	62	4062446	141102	2
020	28	Sound	P1/tapping	4097159	25000	1			25000		other	0
020	28	Response	53	4099325	27166	2
020	28	Response	53	4103885	31726	1
020	28	Response	53	4110125	37966	1
020	28	Response	53	4115886	43727	2
020	28	Response	53	4122045	49886	1
020	28	Response	53	4128205	56046	1
020	28	Response	53	4134525	62366	2
020	28	Response	53	4140765	68606	2
020	28	Sound	test17	4143659	71500	1			71500		other	0
020	28	Picture	2-222-2-2	4202476	130317	7	5166	7	130000	5000	hit	212
020	28	Response	62	4214846	142687	1
020	29	Sound	P2/beat1	4247973	25000	1			25000		other	0
020	29	Sound	f10	4294473	71500	1			71500		other	0
020	29	Picture	2-123-1-2	4353291	130317	7	5166	7	130000	5000	incorrect	216
020	29	Response	51	4364125	141151	1
020	30	Sound	P2/beat	4398788	25000	1			25000		other	0
020	30	Sound	test01	4445288	71500	1			71500		other	0
020	30	Picture	2-223-1-2	4504106	130317	7	5166	7	130000	5000	hit	220
020	30	Response	62	4514445	140657	1
020	31	Sound	P2/beat	4549603	25000	1			25000		other	0
020	31	Sound	test12	4596103	71500	1			71500		other	0
020	31	Picture	2-213-1-2	4654920	130317	7	5166	7	130000	5000	incorrect	224
020	31	Response	52	4665485	140882	2
020	32	Sound	P2/beat	4700418	25000	1			25000		other	0
020	32	Sound	test08	4746917	71500	1			71500		other	0
020	32	Picture	2-223-1-2	4805735	130317	7	5166	7	130000	5000	hit	228
020	32	Response	62	4816525	141107	1
020	33	Sound	P2/both1	4851232	25000	1			25000		other	0
020	33	Response	53	4853405	27172	1
020	33	Response	53	4857885	31652	1
020	33	Response	53	4863325	37092	1
020	33	Response	53	4869405	43172	1
020	33	Response	53	4875565	49332	1
020	33	Response	53	4881404	55172	1
020	33	Response	53	4887405	61172	1
020	33	Response	53	4893645	67412	1
020	33	Sound	f09	4897732	71500	1			71500		other	0
020	33	Picture	3-114-1-3	4956550	130317	7	5166	7	130000	5000	hit	240
020	33	Response	61	4963965	137732	1
020	33	Response	51	4975405	149172	1
020	34	Sound	P2/both	5002047	25000	1			25000		other	0
020	34	Response	53	5004205	27157	1
020	34	Response	53	5008605	31557	2
020	34	Response	53	5014204	37157	1
020	34	Response	53	5020684	43637	2
020	34	Response	53	5026285	49238	1
020	34	Response	53	5032285	55238	1
020	34	Response	53	5038045	60998	1
020	34	Response	53	5043964	66917	1
020	34	Sound	test03	5048547	71500	1			71500		other	0
020	34	Picture	3-214-1-3	5107364	130317	7	5166	7	130000	5000	hit	253
020	34	Response	61	5116925	139878	1
020	35	Sound	P2/both	5152862	25000	1			25000		other	0
020	35	Response	53	5154844	26983	1
020	35	Response	53	5159404	31543	2
020	35	Response	53	5165724	37862	1
020	35	Response	53	5171724	43863	1
020	35	Response	53	5177244	49382	2
020	35	Response	53	5183005	55143	1
020	35	Response	53	5188684	60823	1
020	35	Response	53	5194524	66662	2
020	35	Sound	f04	5199362	71500	1			71500		other	0
020	35	Picture	3-114-1-3	5258179	130317	7	5166	7	130000	5000	hit	265
020	35	Response	61	5268524	140663	1
020	36	Sound	P2/both	5303676	25000	1			25000		other	0
020	36	Response	53	5305965	27289	2
020	36	Response	53	5310365	31688	1
020	36	Response	53	5316044	37368	1
020	36	Response	53	5321964	43288	1
020	36	Response	53	5327724	49048	1
020	36	Response	53	5333884	55208	1
020	36	Response	53	5339484	60808	1
020	36	Response	53	5345884	67208	1
020	36	Sound	f18	5350176	71500	1			71500		other	0
020	36	Picture	2-114-2-2	5408994	130317	7	5166	7	130000	5000	hit	277
020	36	Response	61	5418844	140168	1
020	37	Sound	P0/none1	5454491	25000	1			25000		other	0
020	37	Sound	f19	5500991	71500	1			71500		other	0
020	37	Picture	3-121-1-3	5559808	130317	7	5166	7	130000	5000	hit	281
020	37	Response	62	5570124	140633	1
020	38	Sound	P0/none	5605306	25000	1			25000		other	0
020	38	Sound	test09	5651806	71500	1			71500		other	0
020	38	Picture	2-211-1-2	5710623	130317	7	5166	7	130000	5000	incorrect	285
020	38	Response	52	5721324	141018	1
020	39	Sound	P0/none	5756120	25000	1			25000		other	0
020	39	Sound	f02	5802620	71500	1			71500		other	0
020	39	Picture	3-121-2-3	5861438	130317	7	5166	7	130000	5000	hit	289
020	39	Response	62	5871724	140604	1
020	40	Sound	P0/none	5906935	25000	1			25000		other	0
020	40	Sound	n13	5953435	71500	1			71500		other	0
020	40	Picture	2-221-1-2	6012252	130317	7	5166	7	130000	5000	hit	293
020	40	Response	62	6024044	142109	1
020	41	Sound	P1/tapping1	6057750	25000	1			25000		other	0
020	41	Response	53	6059884	27134	1
020	41	Response	53	6064364	31614	1
020	41	Response	53	6070364	37614	1
020	41	Response	53	6075964	43214	1
020	41	Response	53	6081964	49214	2
020	41	Response	53	6088043	55294	1
020	41	Response	53	6094044	61294	2
020	41	Response	53	6100604	67854	1
020	41	Sound	f16	6104250	71500	1			71500		other	0
020	41	Picture	3-112-1-3	6163067	130317	7	5166	7	130000	5000	hit	305
020	41	Response	61	6173404	140654	1
020	42	Response	53	6202764	19199	1
020	42	Sound	P1/tapping	6208564	25000	1			25000		other	0
020	42	Response	53	6208763	25199	1
020	42	Response	53	6214284	30719	1
020	42	Response	53	6220443	36879	2
020	42	Response	53	6226203	42639	1
020	42	Response	53	6232283	48719	1
020	42	Response	53	6238443	54879	2
020	42	Response	53	6244523	60959	1
020	42	Response	53	6250684	67119	1
020	42	Sound	n14	6255064	71500	1			71500		other	0
020	42	Picture	3-112-1-3	6313882	130317	7	5166	7	130000	5000	hit	318
020	42	Response	61	6324283	140719	2
020	43	Sound	P1/tapping	6359379	25000	1			25000		other	0
020	43	Response	53	6365324	30944	1
020	43	Response	53	6371404	37025	2
020	43	Response	53	6377244	42865	1
020	43	Response	53	6383484	49105	2
020	43	Response	53	6389884	55505	2
020	43	Response	53	6395964	61584	1
020	43	Response	53	6402124	67744	1
020	43	Sound	f07	6405879	71500	1			71500		other	0
020	43	Picture	2-112-1-2	6464696	130317	7	5166	7	130000	5000	hit	329
020	43	Response	61	6478363	143984	1
020	44	Response	53	6507483	22289	1
020	44	Sound	P1/tapping	6510193	25000	1			25000		other	0
020	44	Response	53	6514923	29729	1
020	44	Response	53	6521243	36049	2
020	44	Response	53	6527323	42130	2
020	44	Response	53	6533483	48289	1
020	44	Response	53	6539403	54209	2
020	44	Response	53	6545563	60369	1
020	44	Response	53	6551723	66529	1
020	44	Sound	n11	6556694	71500	1			71500		other	0
020	44	Picture	2-112-1-2	6615511	130317	7	5166	7	130000	5000	hit	341
020	44	Response	61	6624923	139729	1
020	45	Sound	P2/both1	6661008	25000	1			25000		other	0
020	45	Response	53	6663243	27235	2
020	45	Response	53	6667563	31555	1
020	45	Response	53	6673083	37075	1
020	45	Response	53	6679003	42995	1
020	45	Response	53	6684923	48915	1
020	45	Response	53	6691323	55315	1
020	45	Response	53	6697403	61394	1
020	45	Response	52	6698043	62034	1
020	45	Response	53	6703163	67155	2
020	45	Sound	test10	6707508	71500	1			71500		other	0
020	45	Picture	2-224-1-2	6766326	130317	7	5166	7	130000	5000	hit	354
020	45	Response	62	6782123	146115	1
020	46	Sound	P2/both	6811823	25000	1			25000		other	0
020	46	Response	53	6817163	30340	1
020	46	Response	53	6823323	36500	1
020	46	Response	53	6829643	42820	1
020	46	Response	53	6835643	48820	1
020	46	Response	53	6841563	54740	2
020	46	Response	53	6847883	61059	1
020	46	Response	53	6854284	67460	2
020	46	Sound	test14	6858323	71500	1			71500		other	0
020	46	Picture	3-224-1-3	6917140	130317	7	5166	7	130000	5000	hit	365
020	46	Response	62	6928603	141780	1
020	47	Sound	P2/both	6962638	25000	1			25000		other	0
020	47	Response	53	6962763	25126	2
020	47	Response	53	6968843	31205	1
020	47	Response	53	6974523	36885	1
020	47	Response	53	6980523	42886	2
020	47	Response	53	6986523	48885	1
020	47	Response	53	6992683	55045	1
020	47	Response	53	6998923	61285	1
020	47	Response	53	7004683	67045	1
020	47	Sound	test21	7009143	71505	1			71500		other	0
020	47	Picture	2-224-2-2	7067955	130317	7	5166	7	130000	5000	hit	377
020	47	Response	62	7085163	147525	1
020	48	Sound	P2/both	7113452	25000	1			25000		other	0
020	48	Response	53	7119163	30710	1
020	48	Response	53	7125323	36870	1
020	48	Response	53	7131403	42950	2
020	48	Response	53	7137403	48950	1
020	48	Response	53	7143163	54710	1
020	48	Response	53	7149563	61110	1
020	48	Response	53	7155803	67350	2
020	48	Sound	test11	7159952	71500	1			71500		other	0
020	48	Picture	3-224-1-3	7218770	130317	7	5166	7	130000	5000	incorrect	388
020	48	Response	51	7232522	144070	1
020	49	Sound	P1/tapping1	7264267	25000	1			25000		other	0
020	49	Response	53	7266283	27016	1
020	49	Response	53	7271163	31895	1
020	49	Response	53	7277083	37815	2
020	49	Response	53	7283243	43975	1
020	49	Response	53	7289403	50136	2
020	49	Response	53	7295403	56135	1
020	49	Response	53	7301563	62295	1
020	49	Response	53	7307883	68615	1
020	49	Sound	f22	7310767	71500	1			71500		other	0
020	49	Picture	3-112-1-3	7369585	130317	7	5166	7	130000	5000	incorrect	400
020	49	Response	52	7386443	147175	1
020	50	Sound	P1/tapping	7415082	25000	1			25000		other	0
020	50	Response	53	7417082	27000	1
020	50	Response	53	7421962	31880	1
020	50	Response	53	7428202	38120	1
020	50	Response	53	7434362	44280	2
020	50	Response	53	7440442	50360	1
020	50	Response	53	7446523	56441	1
020	50	Response	53	7452442	62360	2
020	50	Response	53	7459083	69001	1
020	50	Sound	n12	7461582	71500	1			71500		other	0
020	50	Picture	3-112-1-3	7520399	130317	7	5166	7	130000	5000	hit	412
020	50	Response	61	7530843	140761	2
020	51	Response	53	7562362	21466	1
020	51	Sound	P1/tapping	7565896	25000	1			25000		other	0
020	51	Response	53	7568202	27306	1
020	51	Response	53	7571242	30345	1
020	51	Response	53	7577082	36185	1
020	51	Response	53	7583562	42666	1
020	51	Response	53	7589882	48986	1
020	51	Response	53	7596123	55226	2
020	51	Response	53	7602362	61465	1
020	51	Response	53	7608682	67785	1
020	51	Sound	test25	7612397	71500	1			71500		other	0
020	51	Picture	3-222-1-3	7671214	130317	7	5166	7	130000	5000	hit	425
020	51	Response	62	7681082	140185	1
020	52	Sound	P1/tapping	7716711	25000	1			25000		other	0
020	52	Response	53	7722522	30811	2
020	52	Response	53	7728922	37211	1
020	52	Response	53	7735322	43611	1
020	52	Response	53	7741482	49771	1
020	52	Response	53	7747963	56251	2
020	52	Response	53	7753962	62251	2
020	52	Response	53	7760762	69051	2
020	52	Sound	f20	7763211	71500	1			71500		other	0
020	52	Picture	3-112-1-3	7822029	130317	7	5166	7	130000	5000	hit	436
020	52	Response	61	7837963	146251	2
020	53	Sound	P0/none1	7867526	25000	1			25000		other	0
020	53	Sound	f12	7914026	71500	1			71500		other	0
020	53	Picture	3-111-1-3	7972843	130317	7	5166	7	130000	5000	incorrect	440
020	53	Response	52	7985962	143436	2
020	54	Sound	P0/none	8018340	25000	1			25000		other	0
020	54	Sound	test06	8064841	71500	1			71500		other	0
020	54	Picture	2-211-1-2	8123658	130317	7	5166	7	130000	5000	hit	444
020	54	Response	61	8137242	143901	1
020	55	Sound	P0/none	8169155	25000	1			25000		other	0
020	55	Sound	f06	8215655	71500	1			71500		other	0
020	55	Picture	2-121-1-2	8274473	130317	7	5166	7	130000	5000	incorrect	448
020	55	Response	51	8286122	141966	2
020	56	Sound	P0/none	8319970	25000	1			25000		other	0
020	56	Sound	n10	8366470	71500	1			71500		other	0
020	56	Picture	3-111-1-3	8425287	130317	7	5166	7	130000	5000	hit	452
020	56	Response	61	8434441	139471	1
020	57	Sound	P2/beat1	8470785	25000	1			25000		other	0
020	57	Sound	f13	8517284	71500	1			71500		other	0
020	57	Picture	2-123-1-2	8576102	130317	7	5166	7	130000	5000	hit	456
020	57	Response	62	8587562	141777	1
020	58	Sound	P2/beat	8621599	25000	1			25000		other	0
020	58	Sound	test22	8668098	71498	6			71500		other	0
020	58	Picture	2-213-2-2	8726917	130317	7	5166	7	130000	5000	hit	460
020	58	Response	61	8737321	140722	1
020	59	Sound	P2/beat	8772414	25000	1			25000		other	0
020	59	Sound	n09	8818914	71500	1			71500		other	0
020	59	Picture	3-223-1-3	8877731	130317	7	5166	7	130000	5000	hit	464
020	59	Response	62	8892921	145507	1
020	60	Sound	P2/beat	8923229	25000	1			25000		other	0
020	60	Sound	test19	8969729	71500	1			71500		other	0
020	60	Picture	2-213-1-2	9028546	130317	7	5166	7	130000	5000	incorrect	468
020	60	Response	52	9040041	141812	2


Event Type	Code	Type	Response	RT	RT Uncertainty	Time	Uncertainty	Duration	Uncertainty	ReqTime	ReqDur

Sound	P2/beat1	other				25166	1			25000
Sound	n05	other				71660	1			71500
Picture	3-113-1-3	incorrect	2	9252	7	130478	7	5166	7	130000	5000
Sound	P2/beat	other				175975	1			25000
Sound	f05	other				222475	1			71500
Picture	3-113-1-3	hit	1	10916	7	281293	7	5166	7	130000	5000
Sound	P2/beat	other				326790	1			25000
Sound	n01	other				373290	1			71500
Picture	3-223-1-3	hit	2	12181	7	432108	7	5166	7	130000	5000
Sound	P2/beat	other				477605	1			25000
Sound	test15	other				524105	1			71500
Picture	2-223-1-2	incorrect	1	8806	8	582922	7	5166	7	130000	5000
Sound	P1/tapping1	other				628420	1			25000
Sound	f08	other				674920	1			71500
Picture	3-122-2-3	hit	2	11591	7	733737	7	5166	7	130000	5000
Sound	P1/tapping	other				779235	1			25000
Sound	f01	other				825735	1			71500
Picture	2-122-1-2	hit	2	10777	7	884552	7	5166	7	130000	5000
Sound	P1/tapping	other				930049	1			25000
Sound	n03	other				976557	1			71500
Picture	3-122-1-3	hit	2	10602	7	1035367	7	5166	7	130000	5000
Sound	P1/tapping	other				1080864	1			25000
Sound	test18	other				1127364	1			71500
Picture	3-212-1-3	hit	1	12666	7	1186182	7	5166	7	130000	5000
Sound	P2/both1	other				1231679	1			25000
Sound	test13	other				1278179	1			71500
Picture	3-214-1-3	incorrect	2	14411	7	1336996	7	5166	7	130000	5000
Sound	P2/both	other				1382494	1			25000
Sound	test04	other				1428994	1			71500
Picture	2-224-1-2	hit	2	13996	7	1487811	7	5166	7	130000	5000
Sound	P2/both	other				1533309	1			25000
Sound	f15	other				1579809	1			71500
Picture	3-124-1-3	hit	2	10621	7	1638626	7	5166	7	130000	5000
Sound	P2/both	other				1684123	1			25000
Sound	f21	other				1730624	1			71500
Picture	3-124-1-3	hit	2	12127	8	1789441	7	5166	7	130000	5000
Sound	P0/none1	other				1834938	1			25000
Sound	n07	other				1881438	1			71500
Picture	2-221-1-2	incorrect	1	10512	8	1940256	7	5166	7	130000	5000
Sound	P0/none	other				1985753	1			25000
Sound	n04	other				2032253	1			71500
Picture	2-211-1-2	hit	1	8977	7	2091070	7	5166	7	130000	5000
Sound	P0/none	other				2136568	1			25000
Sound	f03	other				2183068	1			71500
Picture	2-111-1-2	hit	1	17843	8	2241885	7	5166	7	130000	5000
Sound	P0/none	other				2287383	1			25000
Sound	test05	other				2333882	1			71500
Picture	2-211-1-2	hit	1	9908	8	2392700	7	5166	7	130000	5000
Sound	P2/beat1	other				2438197	1			25000
Sound	test16	other				2484697	1			71500
Picture	3-213-1-3	hit	1	5172	8	2543515	7	5166	7	130000	5000
Sound	P2/beat	other				2589012	1			25000
Sound	f11	other				2635512	1			71500
Picture	3-113-1-3	hit	1	6678	7	2694329	7	5166	7	130000	5000
Sound	P2/beat	other				2739827	1			25000
Sound	test07	other				2786326	1			71500
Picture	2-223-1-2	hit	2	12983	7	2845144	7	5166	7	130000	5000
Sound	P2/beat	other				2890641	1			25000
Sound	f23	other				2937142	1			71500
Picture	2-113-1-2	hit	1	9608	7	2995959	7	5166	7	130000	5000
Sound	P0/none1	other				3041456	1			25000
Sound	test23	other				3087956	1			71500
Picture	2-221-2-2	hit	2	11433	7	3146773	7	5166	7	130000	5000
Sound	P0/none	other				3192270	1			25000
Sound	f24	other				3238771	1			71500
Picture	3-121-1-3	hit	2	11819	7	3297588	7	5166	7	130000	5000
Sound	P0/none	other				3343085	1			25000
Sound	n06	other				3389585	1			71500
Picture	3-211-1-3	hit	1	19883	8	3448403	7	5166	7	130000	5000
Sound	P0/none	other				3493900	1			25000
Sound	test24	other				3540400	1			71500
Picture	2-221-1-2	hit	2	10508	8	3599217	7	5166	7	130000	5000
Sound	P1/tapping1	other				3644715	1			25000
Sound	test02	other				3691215	1			71500
Picture	2-212-1-2	hit	1	14334	7	3750032	7	5166	7	130000	5000
Sound	P1/tapping	other				3795530	1			25000
Sound	f14	other				3842030	1			71500
Picture	2-122-2-2	hit	2	13599	7	3900847	7	5166	7	130000	5000
Sound	P1/tapping	other				3946344	1			25000
Sound	f17	other				3992844	1			71500
Picture	3-122-1-3	hit	2	10784	8	4051662	7	5166	7	130000	5000
Sound	P1/tapping	other				4097159	1			25000
Sound	test17	other				4143659	1			71500
Picture	2-222-2-2	hit	2	12369	7	4202476	7	5166	7	130000	5000
Sound	P2/beat1	other				4247973	1			25000
Sound	f10	other				4294473	1			71500
Picture	2-123-1-2	incorrect	1	10834	7	4353291	7	5166	7	130000	5000
Sound	P2/beat	other				4398788	1			25000
Sound	test01	other				4445288	1			71500
Picture	2-223-1-2	hit	2	10340	7	4504106	7	5166	7	130000	5000
Sound	P2/beat	other				4549603	1			25000
Sound	test12	other				4596103	1			71500
Picture	2-213-1-2	incorrect	2	10565	8	4654920	7	5166	7	130000	5000
Sound	P2/beat	other				4700418	1			25000
Sound	test08	other				4746917	1			71500
Picture	2-223-1-2	hit	2	10790	7	4805735	7	5166	7	130000	5000
Sound	P2/both1	other				4851232	1			25000
Sound	f09	other				4897732	1			71500
Picture	3-114-1-3	hit	1	7415	7	4956550	7	5166	7	130000	5000
Sound	P2/both	other				5002047	1			25000
Sound	test03	other				5048547	1			71500
Picture	3-214-1-3	hit	1	9561	7	5107364	7	5166	7	130000	5000
Sound	P2/both	other				5152862	1			25000
Sound	f04	other				5199362	1			71500
Picture	3-114-1-3	hit	1	10345	7	5258179	7	5166	7	130000	5000
Sound	P2/both	other				5303676	1			25000
Sound	f18	other				5350176	1			71500
Picture	2-114-2-2	hit	1	9851	7	5408994	7	5166	7	130000	5000
Sound	P0/none1	other				5454491	1			25000
Sound	f19	other				5500991	1			71500
Picture	3-121-1-3	hit	2	10316	7	5559808	7	5166	7	130000	5000
Sound	P0/none	other				5605306	1			25000
Sound	test09	other				5651806	1			71500
Picture	2-211-1-2	incorrect	2	10701	7	5710623	7	5166	7	130000	5000
Sound	P0/none	other				5756120	1			25000
Sound	f02	other				5802620	1			71500
Picture	3-121-2-3	hit	2	10287	7	5861438	7	5166	7	130000	5000
Sound	P0/none	other				5906935	1			25000
Sound	n13	other				5953435	1			71500
Picture	2-221-1-2	hit	2	11791	7	6012252	7	5166	7	130000	5000
Sound	P1/tapping1	other				6057750	1			25000
Sound	f16	other				6104250	1			71500
Picture	3-112-1-3	hit	1	10337	7	6163067	7	5166	7	130000	5000
Sound	P1/tapping	other				6208564	1			25000
Sound	n14	other				6255064	1			71500
Picture	3-112-1-3	hit	1	10402	8	6313882	7	5166	7	130000	5000
Sound	P1/tapping	other				6359379	1			25000
Sound	f07	other				6405879	1			71500
Picture	2-112-1-2	hit	1	13667	7	6464696	7	5166	7	130000	5000
Sound	P1/tapping	other				6510193	1			25000
Sound	n11	other				6556694	1			71500
Picture	2-112-1-2	hit	1	9412	7	6615511	7	5166	7	130000	5000
Sound	P2/both1	other				6661008	1			25000
Sound	test10	other				6707508	1			71500
Picture	2-224-1-2	hit	2	15798	7	6766326	7	5166	7	130000	5000
Sound	P2/both	other				6811823	1			25000
Sound	test14	other				6858323	1			71500
Picture	3-224-1-3	hit	2	11463	7	6917140	7	5166	7	130000	5000
Sound	P2/both	other				6962638	1			25000
Sound	test21	other				7009143	1			71500
Picture	2-224-2-2	hit	2	17208	7	7067955	7	5166	7	130000	5000
Sound	P2/both	other				7113452	1			25000
Sound	test11	other				7159952	1			71500
Picture	3-224-1-3	incorrect	1	13753	7	7218770	7	5166	7	130000	5000
Sound	P1/tapping1	other				7264267	1			25000
Sound	f22	other				7310767	1			71500
Picture	3-112-1-3	incorrect	2	16858	7	7369585	7	5166	7	130000	5000
Sound	P1/tapping	other				7415082	1			25000
Sound	n12	other				7461582	1			71500
Picture	3-112-1-3	hit	1	10444	8	7520399	7	5166	7	130000	5000
Sound	P1/tapping	other				7565896	1			25000
Sound	test25	other				7612397	1			71500
Picture	3-222-1-3	hit	2	9868	7	7671214	7	5166	7	130000	5000
Sound	P1/tapping	other				7716711	1			25000
Sound	f20	other				7763211	1			71500
Picture	3-112-1-3	hit	1	15934	8	7822029	7	5166	7	130000	5000
Sound	P0/none1	other				7867526	1			25000
Sound	f12	other				7914026	1			71500
Picture	3-111-1-3	incorrect	2	13119	8	7972843	7	5166	7	130000	5000
Sound	P0/none	other				8018340	1			25000
Sound	test06	other				8064841	1			71500
Picture	2-211-1-2	hit	1	13584	7	8123658	7	5166	7	130000	5000
Sound	P0/none	other				8169155	1			25000
Sound	f06	other				8215655	1			71500
Picture	2-121-1-2	incorrect	1	11649	8	8274473	7	5166	7	130000	5000
Sound	P0/none	other				8319970	1			25000
Sound	n10	other				8366470	1			71500
Picture	3-111-1-3	hit	1	9154	7	8425287	7	5166	7	130000	5000
Sound	P2/beat1	other				8470785	1			25000
Sound	f13	other				8517284	1			71500
Picture	2-123-1-2	hit	2	11460	7	8576102	7	5166	7	130000	5000
Sound	P2/beat	other				8621599	1			25000
Sound	test22	other				8668098	6			71500
Picture	2-213-2-2	hit	1	10405	7	8726917	7	5166	7	130000	5000
Sound	P2/beat	other				8772414	1			25000
Sound	n09	other				8818914	1			71500
Picture	3-223-1-3	hit	2	15190	7	8877731	7	5166	7	130000	5000
Sound	P2/beat	other				8923229	1			25000
Sound	test19	other				8969729	1			71500
Picture	2-213-1-2	incorrect	2	11495	8	9028546	7	5166	7	130000	5000


{
   "app": "Presentation Version 22.1 Build 01.21.21",
   "device": "Dell Inc. OptiPlex 7050",
   "experiment": "{C8E97CB4-6FCA-44FA-B866-4A2D94B6B85C}",
   "os": "Windows 10 64 bit",
   "package": "",
   "parameters": {
      "configuration": "Default configuration"
   },
   "scenario": "entrain_list1_sess2_EB.sce",
   "subject": "020",
   "timestamp": "2022/11/15 09:39:09 GMT"
}
