Scenario - test
Logfile written - 04/15/2022 16:54:13

Subject	Trial	Event Type	Code	Time	TTime	Uncertainty	Duration	Uncertainty	ReqTime	ReqDur	Stim Type	Pair Index

008	1	Sound	P0/none1	25160	24999	1			25000		other	0
008	1	Sound	f01	71661	71500	1			71500		other	0
008	1	Picture	2-111-1-2	130479	130318	7	5166	7	130000	5000	hit	4
008	1	Response	61	144361	144200	1
008	2	Sound	P0/none	175976	25000	1			25000		other	0
008	2	Sound	test01	222476	71499	1			71500		other	0
008	2	Picture	2-211-1-2	281295	130318	7	5166	7	130000	5000	incorrect	8
008	2	Response	52	293721	142744	3
008	3	Sound	P0/none	326792	24999	1			25000		other	0
008	3	Sound	test22	373292	71499	1			71500		other	0
008	3	Picture	3-211-1-3	432110	130318	7	5166	7	130000	5000	hit	12
008	3	Response	61	449481	147689	2
008	4	Sound	P0/none	477608	25000	1			25000		other	0
008	4	Sound	f07	524108	71500	1			71500		other	0
008	4	Picture	2-121-1-2	582926	130318	7	5166	7	130000	5000	hit	16
008	4	Response	62	595321	142713	1
008	5	Sound	P2/beat1	628424	25000	1			25000		other	0
008	5	Sound	f03	674924	71500	1			71500		other	0
008	5	Picture	2-123-1-2	733742	130318	7	5166	7	130000	5000	hit	20
008	5	Response	62	743241	139817	1
008	6	Sound	P2/beat	779240	25000	1			25000		other	0
008	6	Sound	n12	825740	71500	1			71500		other	0
008	6	Picture	3-123-1-3	884558	130318	7	5166	7	130000	5000	hit	24
008	6	Response	62	893641	139401	1
008	7	Sound	P2/beat	930056	25001	1			25000		other	0
008	7	Sound	test10	976555	71500	1			71500		other	0
008	7	Picture	2-213-1-2	1035374	130318	7	5166	7	130000	5000	incorrect	28
008	7	Response	52	1043321	138265	1
008	8	Sound	P2/beat	1080872	25000	1			25000		other	0
008	8	Sound	f17	1127372	71500	1			71500		other	0
008	8	Picture	3-113-1-3	1186189	130318	7	5166	7	130000	5000	hit	32
008	8	Response	61	1195081	139210	2
008	9	Sound	P0/none1	1231686	24999	1			25000		other	0
008	9	Sound	f09	1278187	71500	1			71500		other	0
008	9	Picture	2-111-1-2	1337005	130318	7	5166	7	130000	5000	incorrect	36
008	9	Response	52	1347320	140633	2
008	10	Sound	P0/none	1382502	25000	1			25000		other	0
008	10	Sound	test02	1429003	71500	1			71500		other	0
008	10	Picture	2-221-1-2	1487821	130318	7	5166	7	130000	5000	hit	40
008	10	Response	62	1499960	142458	2
008	11	Sound	P0/none	1533317	24999	1			25000		other	0
008	11	Sound	f20	1579817	71499	1			71500		other	0
008	11	Picture	3-121-1-3	1638637	130318	7	5166	7	130000	5000	hit	44
008	11	Response	62	1649481	141162	1
008	12	Sound	P0/none	1684134	25000	1			25000		other	0
008	12	Sound	test21	1730633	71499	1			71500		other	0
008	12	Picture	3-221-1-3	1789453	130318	7	5166	7	130000	5000	hit	48
008	12	Response	62	1801560	142426	2
008	13	Sound	P1/tapping1	1834950	25000	1			25000		other	0
008	13	Response	53	1841241	31291	1
008	13	Response	53	1845320	35370	1
008	13	Response	53	1851080	41130	1
008	13	Response	53	1855880	45930	2
008	13	Response	53	1860840	50890	1
008	13	Response	53	1864840	54890	1
008	13	Response	53	1869880	59930	2
008	13	Response	53	1874041	64091	1
008	13	Sound	test04	1881450	71500	1			71500		other	0
008	13	Picture	2-212-1-2	1940268	130318	7	5166	7	130000	5000	hit	60
008	13	Response	61	1952440	142490	3
008	14	Sound	P1/tapping	1985766	25000	1			25000		other	0
008	14	Response	53	1992360	31594	1
008	14	Response	53	1996840	36074	1
008	14	Response	53	2003000	42234	1
008	14	Response	53	2007241	46475	2
008	14	Response	53	2011880	51115	2
008	14	Response	53	2016360	55594	2
008	14	Response	53	2021481	60715	2
008	14	Response	53	2025800	65034	1
008	14	Sound	test23	2032266	71500	1			71500		other	0
008	14	Picture	3-222-1-3	2091084	130318	7	5166	7	130000	5000	hit	72
008	14	Response	62	2104360	143594	1
008	15	Sound	P1/tapping	2136581	25000	1			25000		other	0
008	15	Response	53	2143000	31418	1
008	15	Response	53	2146840	35258	2
008	15	Response	53	2153080	41498	1
008	15	Response	53	2156361	44779	1
008	15	Response	53	2162920	51338	1
008	15	Response	53	2165959	54378	2
008	15	Response	53	2177560	65978	2
008	15	Response	53	2179880	68298	2
008	15	Response	53	2182040	70458	1
008	15	Sound	test06	2183082	71500	1			71500		other	0
008	15	Picture	2-222-1-2	2241900	130318	7	5166	7	130000	5000	hit	85
008	15	Response	62	2252680	141098	2
008	16	Sound	P1/tapping	2287397	25000	1			25000		other	0
008	16	Response	53	2293240	30843	1
008	16	Response	53	2297000	34603	2
008	16	Response	53	2302040	39642	2
008	16	Response	53	2306280	43883	1
008	16	Response	53	2311560	49162	1
008	16	Response	53	2316280	53882	1
008	16	Response	53	2321320	58922	1
008	16	Response	53	2325400	63003	1
008	16	Sound	test07	2333898	71500	1			71500		other	0
008	16	Picture	2-212-1-2	2392716	130318	7	5166	7	130000	5000	hit	97
008	16	Response	61	2402600	140203	1
008	17	Sound	P2/both1	2438214	25000	1			25000		other	0
008	17	Response	53	2439960	26747	1
008	17	Response	53	2445880	32667	1
008	17	Response	53	2449800	36587	1
008	17	Response	53	2454760	41547	1
008	17	Response	53	2460040	46827	1
008	17	Response	53	2466281	53067	1
008	17	Response	53	2472440	59226	1
008	17	Response	53	2478680	65466	2
008	17	Response	53	2484600	71387	1
008	17	Sound	n01	2484713	71500	1			71500		other	0
008	17	Picture	3-214-1-3	2543531	130318	7	5166	7	130000	5000	incorrect	110
008	17	Response	52	2554920	141706	1
008	18	Sound	P2/both	2589029	25000	1			25000		other	0
008	18	Response	53	2590760	26731	1
008	18	Response	53	2594680	30650	1
008	18	Response	53	2599400	35371	1
008	18	Response	53	2605000	40971	1
008	18	Response	53	2611160	47131	1
008	18	Response	53	2617160	53131	1
008	18	Response	53	2623720	59691	1
008	18	Response	53	2629560	65531	2
008	18	Sound	f22	2635528	71499	1			71500		other	0
008	18	Picture	3-124-1-3	2694347	130318	7	5166	7	130000	5000	hit	122
008	18	Response	62	2704520	140491	1
008	19	Response	53	2739640	24795	1
008	19	Sound	P2/both	2739845	25000	1			25000		other	0
008	19	Response	53	2744920	30075	1
008	19	Response	53	2749960	35115	1
008	19	Response	53	2755480	40635	1
008	19	Response	53	2761320	46475	1
008	19	Response	53	2767480	52635	1
008	19	Response	53	2773400	58555	1
008	19	Response	53	2779080	64235	1
008	19	Response	53	2785320	70475	1
008	19	Sound	f19	2786345	71500	1			71500		other	0
008	19	Picture	3-114-1-3	2845163	130318	7	5166	7	130000	5000	hit	135
008	19	Response	61	2855640	140795	1
008	20	Response	53	2886280	20619	1
008	20	Sound	P2/both	2890661	25000	1			25000		other	0
008	20	Response	53	2893400	27739	2
008	20	Response	53	2899160	33499	3
008	20	Response	53	2906039	40379	1
008	20	Response	53	2912599	46939	1
008	20	Response	53	2918839	53179	1
008	20	Response	53	2924680	59019	1
008	20	Response	53	2930760	65099	2
008	20	Sound	test16	2937160	71500	1			71500		other	0
008	20	Picture	3-224-1-3	2995979	130318	7	5166	7	130000	5000	incorrect	147
008	20	Response	51	3007879	142219	1
008	21	Sound	P1/tapping1	3041477	25000	1			25000		other	0
008	21	Response	53	3043320	26843	2
008	21	Response	53	3047560	31083	1
008	21	Response	53	3054360	37883	1
008	21	Response	53	3060760	44283	1
008	21	Response	53	3066760	50283	1
008	21	Response	53	3069960	53483	1
008	21	Response	53	3075160	58683	2
008	21	Response	53	3078279	61803	2
008	21	Sound	test05	3087976	71500	1			71500		other	0
008	21	Picture	2-222-1-2	3146795	130318	7	5166	7	130000	5000	hit	159
008	21	Response	62	3157000	140523	1
008	22	Response	53	3190519	23227	2
008	22	Sound	P1/tapping	3192291	24999	1			25000		other	0
008	22	Response	53	3196040	28747	1
008	22	Response	53	3205720	38427	1
008	22	Response	53	3209159	41867	1
008	22	Response	53	3215560	48267	1
008	22	Response	53	3219720	52427	1
008	22	Response	53	3225560	58267	1
008	22	Response	53	3229240	61947	1
008	22	Sound	test08	3238792	71500	1			71500		other	0
008	22	Picture	2-212-1-2	3297610	130318	7	5166	7	130000	5000	incorrect	171
008	22	Response	52	3311239	143947	1
008	23	Sound	P1/tapping	3343109	25001	1			25000		other	0
008	23	Response	53	3348280	30172	1
008	23	Response	53	3352281	34173	2
008	23	Response	53	3359479	41371	1
008	23	Response	53	3362759	44651	1
008	23	Response	53	3369240	51132	1
008	23	Response	53	3373160	55052	1
008	23	Response	53	3378199	60091	1
008	23	Response	53	3382040	63932	1
008	23	Sound	test14	3389607	71499	1			71500		other	0
008	23	Picture	3-212-1-3	3448426	130318	7	5166	7	130000	5000	hit	183
008	23	Response	61	3458440	140332	1
008	24	Sound	P1/tapping	3493924	25000	1			25000		other	0
008	24	Response	53	3499799	30876	2
008	24	Response	53	3503880	34956	2
008	24	Response	53	3511079	42156	1
008	24	Response	53	3515319	46396	1
008	24	Response	53	3521639	52715	1
008	24	Response	53	3525559	56636	1
008	24	Response	53	3530839	61916	1
008	24	Response	53	3534921	65997	2
008	24	Sound	test19	3540424	71501	1			71500		other	0
008	24	Picture	3-212-1-3	3599242	130318	7	5166	7	130000	5000	hit	195
008	24	Response	61	3608599	139676	1
008	25	Sound	P2/beat1	3644740	25000	1			25000		other	0
008	25	Sound	f15	3691239	71499	1			71500		other	0
008	25	Picture	3-113-1-3	3750058	130318	7	5166	7	130000	5000	hit	199
008	25	Response	61	3760119	140379	1
008	26	Sound	P2/beat	3795555	25000	1			25000		other	0
008	26	Sound	f16	3842055	71499	1			71500		other	0
008	26	Picture	3-123-1-3	3900874	130318	7	5166	7	130000	5000	hit	203
008	26	Response	62	3910840	140285	1
008	27	Sound	P2/beat	3946371	25000	1			25000		other	0
008	27	Sound	f18	3992871	71500	1			71500		other	0
008	27	Picture	3-113-1-3	4051689	130318	7	5166	7	130000	5000	hit	207
008	27	Response	61	4062279	140908	1
008	28	Sound	P2/beat	4097186	24999	1			25000		other	0
008	28	Sound	test18	4143687	71500	1			71500		other	0
008	28	Picture	3-223-1-3	4202505	130318	7	5166	7	130000	5000	incorrect	211
008	28	Response	51	4213720	141533	1
008	29	Sound	P2/both1	4248003	25000	1			25000		other	0
008	29	Response	53	4250119	27116	1
008	29	Response	53	4254359	31356	2
008	29	Response	53	4259479	36476	1
008	29	Response	53	4265080	42077	2
008	29	Response	53	4270919	47916	1
008	29	Response	53	4277239	54236	1
008	29	Response	53	4283879	60877	1
008	29	Response	53	4289639	66636	1
008	29	Sound	f10	4294502	71500	1			71500		other	0
008	29	Picture	2-114-1-2	4353321	130318	7	5166	7	130000	5000	incorrect	223
008	29	Response	52	4363719	140716	1
008	30	Sound	P2/both	4398819	25000	1			25000		other	0
008	30	Response	53	4400760	26942	1
008	30	Response	53	4404999	31181	1
008	30	Response	53	4410359	36541	2
008	30	Response	53	4416359	42541	2
008	30	Response	53	4422119	48301	1
008	30	Response	53	4428119	54300	1
008	30	Response	53	4434199	60381	1
008	30	Response	53	4440359	66540	1
008	30	Sound	f12	4445318	71499	1			71500		other	0
008	30	Picture	2-114-1-2	4504137	130318	7	5166	7	130000	5000	hit	235
008	30	Response	61	4513879	140060	1
008	31	Sound	P2/both	4549634	24999	1			25000		other	0
008	31	Response	53	4551239	26605	1
008	31	Response	53	4555719	31084	1
008	31	Response	53	4560839	36204	1
008	31	Response	53	4566519	41885	2
008	31	Response	53	4572359	47725	1
008	31	Response	53	4578039	53405	1
008	31	Response	53	4583879	59245	1
008	31	Response	53	4589639	65005	1
008	31	Sound	n05	4596135	71501	1			71500		other	0
008	31	Picture	3-124-1-3	4654953	130318	7	5166	7	130000	5000	hit	247
008	31	Response	62	4665479	140845	1
008	32	Response	53	4696599	21148	1
008	32	Sound	P2/both	4700450	25000	1			25000		other	0
008	32	Response	53	4703559	28108	1
008	32	Response	53	4709799	34349	1
008	32	Response	53	4716041	40591	3
008	32	Response	53	4722439	46989	1
008	32	Response	53	4729159	53709	1
008	32	Response	53	4735079	59629	1
008	32	Response	53	4740919	65468	1
008	32	Sound	f13	4746950	71499	1			71500		other	0
008	32	Picture	3-124-1-3	4805768	130318	7	5166	7	130000	5000	hit	259
008	32	Response	62	4820359	144909	1
008	33	Sound	P0/none1	4851266	25000	1			25000		other	0
008	33	Sound	n09	4897765	71499	1			71500		other	0
008	33	Picture	3-211-1-3	4956584	130318	7	5166	7	130000	5000	incorrect	263
008	33	Response	52	4967799	141533	3
008	34	Sound	P0/none	5002082	25000	1			25000		other	0
008	34	Sound	test13	5048581	71499	1			71500		other	0
008	34	Picture	3-221-1-3	5107400	130318	7	5166	7	130000	5000	hit	267
008	34	Response	62	5119400	142318	1
008	35	Sound	P0/none	5152897	25000	1			25000		other	0
008	35	Sound	f11	5199397	71499	1			71500		other	0
008	35	Picture	2-111-1-2	5258216	130318	7	5166	7	130000	5000	hit	271
008	35	Response	61	5271559	143662	2
008	36	Sound	P0/none	5303713	25000	1			25000		other	0
008	36	Sound	test17	5350213	71499	1			71500		other	0
008	36	Picture	2-211-2-2	5409032	130318	7	5166	7	130000	5000	hit	275
008	36	Response	61	5418599	139886	3
008	37	Sound	P2/both1	5454529	25000	1			25000		other	0
008	37	Response	53	5456678	27149	3
008	37	Response	53	5460998	31469	1
008	37	Response	53	5466039	36509	1
008	37	Response	53	5471639	42109	1
008	37	Response	53	5477238	47709	2
008	37	Response	53	5483158	53629	2
008	37	Response	53	5489158	59629	1
008	37	Response	53	5495078	65549	1
008	37	Sound	f06	5501030	71501	1			71500		other	0
008	37	Picture	2-114-1-2	5559847	130318	7	5166	7	130000	5000	incorrect	287
008	37	Response	52	5577558	148029	1
008	38	Sound	P2/both	5605345	25000	1			25000		other	0
008	38	Response	53	5607718	27373	2
008	38	Response	53	5611799	31454	1
008	38	Response	53	5616918	36573	1
008	38	Response	53	5622599	42253	1
008	38	Response	53	5627959	47614	1
008	38	Response	53	5634518	54173	2
008	38	Response	53	5640038	59693	1
008	38	Response	53	5645959	65613	1
008	38	Sound	f24	5651844	71499	1			71500		other	0
008	38	Picture	3-114-1-3	5710663	130318	7	5166	7	130000	5000	hit	299
008	38	Response	61	5720438	140093	1
008	39	Sound	P2/both	5756160	24999	1			25000		other	0
008	39	Response	53	5758119	26958	1
008	39	Response	53	5762518	31357	1
008	39	Response	53	5767238	36077	2
008	39	Response	53	5772598	41437	1
008	39	Response	53	5778039	46878	1
008	39	Response	53	5785159	53998	2
008	39	Response	53	5790678	59517	1
008	39	Response	53	5796279	65118	2
008	39	Sound	f08	5802661	71500	1			71500		other	0
008	39	Response	53	5802759	71598	3
008	39	Picture	2-114-1-2	5861479	130318	7	5166	7	130000	5000	hit	312
008	39	Response	61	5870598	139437	1
008	40	Sound	P2/both	5906976	25000	1			25000		other	0
008	40	Response	53	5908678	26702	1
008	40	Response	53	5912599	30622	1
008	40	Response	53	5917478	35502	1
008	40	Response	53	5922759	40782	1
008	40	Response	53	5928599	46622	2
008	40	Response	53	5934198	52222	1
008	40	Response	53	5940359	58382	2
008	40	Response	53	5946278	64302	1
008	40	Sound	n04	5953476	71499	1			71500		other	0
008	40	Picture	2-224-1-2	6012295	130318	7	5166	7	130000	5000	hit	324
008	40	Response	62	6023158	141181	1
008	41	Sound	P2/beat1	6057793	25000	1			25000		other	0
008	41	Sound	test09	6104292	71500	1			71500		other	0
008	41	Picture	2-223-1-2	6163111	130318	7	5166	7	130000	5000	hit	328
008	41	Response	62	6173958	141166	2
008	42	Sound	P2/beat	6208608	24999	1			25000		other	0
008	42	Sound	test03	6255108	71500	1			71500		other	0
008	42	Picture	2-213-1-2	6313927	130318	7	5166	7	130000	5000	incorrect	332
008	42	Response	52	6323158	139550	2
008	43	Sound	P2/beat	6359424	24999	1			25000		other	0
008	43	Sound	n10	6405925	71500	1			71500		other	0
008	43	Picture	3-123-1-3	6464742	130318	7	5166	7	130000	5000	hit	336
008	43	Response	62	6474918	140494	1
008	44	Sound	P2/beat	6510239	24999	1			25000		other	0
008	44	Sound	test24	6556739	71499	1			71500		other	0
008	44	Picture	3-223-1-3	6615558	130318	7	5166	7	130000	5000	hit	340
008	44	Response	62	6626038	140798	1
008	45	Sound	P1/tapping1	6661056	25000	1			25000		other	0
008	45	Response	53	6663398	27342	1
008	45	Response	53	6667638	31582	2
008	45	Response	53	6674678	38622	1
008	45	Response	53	6679798	43742	1
008	45	Response	53	6685318	49262	1
008	45	Response	53	6689558	53502	2
008	45	Response	53	6694758	58702	1
008	45	Response	53	6699638	63582	2
008	45	Sound	f05	6707556	71500	1			71500		other	0
008	45	Picture	2-112-1-2	6766374	130318	7	5166	7	130000	5000	incorrect	352
008	45	Response	52	6777958	141902	1
008	46	Sound	P1/tapping	6811872	25001	1			25000		other	0
008	46	Response	53	6817638	30766	1
008	46	Response	53	6822518	35646	2
008	46	Response	53	6829078	42206	1
008	46	Response	53	6833397	46526	2
008	46	Response	53	6839719	52847	1
008	46	Response	53	6844758	57886	1
008	46	Response	53	6850039	63167	2
008	46	Response	53	6854758	67886	1
008	46	Sound	f04	6858371	71500	1			71500		other	0
008	46	Picture	2-122-1-2	6917190	130318	7	5166	7	130000	5000	hit	364
008	46	Response	62	6926678	139806	1
008	47	Sound	P1/tapping	6962687	25000	1			25000		other	0
008	47	Response	53	6970998	33311	1
008	47	Response	53	6975158	37470	1
008	47	Response	53	6982439	44751	1
008	47	Response	53	6987478	49790	1
008	47	Response	53	6993878	56190	1
008	47	Response	53	6998518	60831	1
008	47	Response	53	7004438	66750	1
008	47	Sound	n13	7009187	71500	1			71500		other	0
008	47	Response	53	7009398	71711	1
008	47	Picture	3-222-1-3	7068006	130318	7	5166	7	130000	5000	hit	376
008	47	Response	62	7077398	139711	1
008	48	Sound	P1/tapping	7113503	25000	1			25000		other	0
008	48	Response	53	7118838	30335	1
008	48	Response	53	7123079	34575	1
008	48	Response	53	7127958	39455	1
008	48	Response	53	7133318	44815	2
008	48	Response	53	7138438	49935	2
008	48	Response	53	7143478	54975	1
008	48	Response	53	7148358	59855	3
008	48	Response	53	7152998	64495	1
008	48	Sound	f21	7160002	71499	1			71500		other	0
008	48	Picture	3-112-1-3	7218821	130318	7	5166	7	130000	5000	incorrect	388
008	48	Response	52	7228598	140094	1
008	49	Sound	P0/none1	7264319	25000	1			25000		other	0
008	49	Sound	test25	7310820	71500	1			71500		other	0
008	49	Picture	3-211-1-3	7369637	130318	7	5166	7	130000	5000	hit	392
008	49	Response	61	7379798	140478	1
008	50	Sound	P0/none	7415135	25000	1			25000		other	0
008	50	Sound	test12	7461636	71501	1			71500		other	0
008	50	Picture	2-221-1-2	7520453	130318	7	5166	7	130000	5000	hit	396
008	50	Response	62	7530918	140783	1
008	51	Sound	P0/none	7565950	24999	1			25000		other	0
008	51	Sound	n03	7612451	71500	1			71500		other	0
008	51	Picture	2-111-1-2	7671269	130318	7	5166	7	130000	5000	hit	400
008	51	Response	61	7681718	140767	1
008	52	Sound	P0/none	7716766	25000	1			25000		other	0
008	52	Sound	f23	7763267	71501	1			71500		other	0
008	52	Picture	2-121-1-2	7822085	130318	7	5166	7	130000	5000	hit	404
008	52	Response	62	7831558	139791	1
008	53	Sound	P1/tapping1	7867582	25000	1			25000		other	0
008	53	Response	53	7881957	39375	1
008	53	Response	53	7886278	43695	1
008	53	Response	53	7891878	49296	1
008	53	Response	53	7895798	53216	1
008	53	Response	53	7903717	61135	1
008	53	Response	53	7907957	65375	1
008	53	Response	53	7913557	70975	2
008	53	Sound	f02	7914082	71500	1			71500		other	0
008	53	Response	53	7917637	75055	2
008	53	Picture	2-122-1-2	7972901	130318	7	5166	7	130000	5000	hit	416
008	53	Response	62	7984437	141855	1
008	54	Sound	P1/tapping	8018398	25000	1			25000		other	0
008	54	Response	53	8024357	30959	2
008	54	Response	53	8029797	36399	1
008	54	Response	53	8035078	41680	2
008	54	Response	53	8040678	47279	3
008	54	Response	53	8046037	52639	1
008	54	Response	53	8050597	57199	1
008	54	Response	53	8055798	62399	2
008	54	Response	53	8059957	66559	1
008	54	Sound	test15	8064899	71500	1			71500		other	0
008	54	Picture	3-222-1-3	8123716	130318	7	5166	7	130000	5000	hit	428
008	54	Response	62	8133557	140159	1
008	55	Sound	P1/tapping	8169213	24999	1			25000		other	0
008	55	Response	53	8177158	32944	1
008	55	Response	53	8181878	37664	1
008	55	Response	53	8189078	44864	1
008	55	Response	53	8193397	49183	1
008	55	Response	53	8198437	54223	1
008	55	Response	53	8203558	59344	1
008	55	Response	53	8208838	64624	2
008	55	Response	53	8212997	68783	1
008	55	Sound	test11	8215713	71499	1			71500		other	0
008	55	Picture	2-212-1-2	8274532	130318	7	5166	7	130000	5000	incorrect	440
008	55	Response	52	8284677	140463	1
008	56	Sound	P1/tapping	8320030	25000	1			25000		other	0
008	56	Response	53	8345077	50047	1
008	56	Response	53	8349317	54287	1
008	56	Response	53	8353877	58847	1
008	56	Response	53	8358837	63807	1
008	56	Response	53	8363077	68047	1
008	56	Sound	n06	8366530	71500	1			71500		other	0
008	56	Response	53	8367238	72208	1
008	56	Picture	3-222-1-3	8425348	130318	7	5166	7	130000	5000	hit	450
008	56	Response	62	8435877	140847	1
008	57	Sound	P2/both1	8470846	25000	1			25000		other	0
008	57	Response	53	8478997	33152	1
008	57	Response	53	8482757	36911	1
008	57	Response	53	8487157	41311	1
008	57	Response	53	8492677	46831	1
008	57	Response	53	8498757	52912	1
008	57	Response	53	8504677	58832	1
008	57	Response	53	8510597	64752	1
008	57	Response	53	8516677	70831	2
008	57	Sound	n11	8517345	71499	1			71500		other	0
008	57	Picture	2-124-1-2	8576164	130318	7	5166	7	130000	5000	hit	462
008	57	Response	62	8587158	141312	2
008	58	Sound	P2/both	8621662	25000	1			25000		other	0
008	58	Response	53	8622997	26336	1
008	58	Response	53	8626997	30336	1
008	58	Response	53	8632277	35616	1
008	58	Response	53	8639477	42815	1
008	58	Response	53	8644117	47456	1
008	58	Response	53	8650037	53376	1
008	58	Response	53	8656117	59456	1
008	58	Response	53	8661877	65215	1
008	58	Sound	n14	8668161	71500	1			71500		other	0
008	58	Picture	3-124-1-3	8726980	130318	7	5166	7	130000	5000	hit	474
008	58	Response	62	8738597	141936	1
008	59	Sound	P2/both	8772478	25001	1			25000		other	0
008	59	Response	53	8778037	30560	1
008	59	Response	53	8783077	35600	1
008	59	Response	53	8788197	40720	1
008	59	Response	53	8794837	47360	1
008	59	Response	53	8800277	52800	1
008	59	Response	53	8805637	58160	1
008	59	Response	53	8811718	64241	2
008	59	Response	53	8818837	71360	1
008	59	Sound	f14	8818978	71501	1			71500		other	0
008	59	Picture	3-124-1-3	8877796	130318	7	5166	7	130000	5000	hit	486
008	59	Response	62	8887717	140240	1
008	60	Sound	P2/both	8923294	25001	1			25000		other	0
008	60	Response	53	8927237	28944	2
008	60	Response	53	8931397	33104	1
008	60	Response	53	8936917	38624	1
008	60	Response	53	8942517	44224	1
008	60	Response	53	8947077	48784	1
008	60	Response	53	8951958	53664	1
008	60	Response	53	8957158	58865	1
008	60	Response	53	8962838	64545	2
008	60	Response	53	8969077	70784	1
008	60	Sound	n07	8969792	71499	1			71500		other	0
008	60	Picture	2-214-1-2	9028612	130318	7	5166	7	130000	5000	hit	499
008	60	Response	61	9041397	143103	3


Event Type	Code	Type	Response	RT	RT Uncertainty	Time	Uncertainty	Duration	Uncertainty	ReqTime	ReqDur

Sound	P0/none1	other				25160	1			25000
Sound	f01	other				71661	1			71500
Picture	2-111-1-2	hit	1	13882	7	130479	7	5166	7	130000	5000
Sound	P0/none	other				175976	1			25000
Sound	test01	other				222476	1			71500
Picture	2-211-1-2	incorrect	2	12426	9	281295	7	5166	7	130000	5000
Sound	P0/none	other				326792	1			25000
Sound	test22	other				373292	1			71500
Picture	3-211-1-3	hit	1	17371	8	432110	7	5166	7	130000	5000
Sound	P0/none	other				477608	1			25000
Sound	f07	other				524108	1			71500
Picture	2-121-1-2	hit	2	12394	7	582926	7	5166	7	130000	5000
Sound	P2/beat1	other				628424	1			25000
Sound	f03	other				674924	1			71500
Picture	2-123-1-2	hit	2	9499	7	733742	7	5166	7	130000	5000
Sound	P2/beat	other				779240	1			25000
Sound	n12	other				825740	1			71500
Picture	3-123-1-3	hit	2	9083	7	884558	7	5166	7	130000	5000
Sound	P2/beat	other				930056	1			25000
Sound	test10	other				976555	1			71500
Picture	2-213-1-2	incorrect	2	7947	7	1035374	7	5166	7	130000	5000
Sound	P2/beat	other				1080872	1			25000
Sound	f17	other				1127372	1			71500
Picture	3-113-1-3	hit	1	8892	8	1186189	7	5166	7	130000	5000
Sound	P0/none1	other				1231686	1			25000
Sound	f09	other				1278187	1			71500
Picture	2-111-1-2	incorrect	2	10315	8	1337005	7	5166	7	130000	5000
Sound	P0/none	other				1382502	1			25000
Sound	test02	other				1429003	1			71500
Picture	2-221-1-2	hit	2	12139	8	1487821	7	5166	7	130000	5000
Sound	P0/none	other				1533317	1			25000
Sound	f20	other				1579817	1			71500
Picture	3-121-1-3	hit	2	10844	7	1638637	7	5166	7	130000	5000
Sound	P0/none	other				1684134	1			25000
Sound	test21	other				1730633	1			71500
Picture	3-221-1-3	hit	2	12108	8	1789453	7	5166	7	130000	5000
Sound	P1/tapping1	other				1834950	1			25000
Sound	test04	other				1881450	1			71500
Picture	2-212-1-2	hit	1	12172	9	1940268	7	5166	7	130000	5000
Sound	P1/tapping	other				1985766	1			25000
Sound	test23	other				2032266	1			71500
Picture	3-222-1-3	hit	2	13276	7	2091084	7	5166	7	130000	5000
Sound	P1/tapping	other				2136581	1			25000
Sound	test06	other				2183082	1			71500
Picture	2-222-1-2	hit	2	10780	8	2241900	7	5166	7	130000	5000
Sound	P1/tapping	other				2287397	1			25000
Sound	test07	other				2333898	1			71500
Picture	2-212-1-2	hit	1	9884	7	2392716	7	5166	7	130000	5000
Sound	P2/both1	other				2438214	1			25000
Sound	n01	other				2484713	1			71500
Picture	3-214-1-3	incorrect	2	11388	7	2543531	7	5166	7	130000	5000
Sound	P2/both	other				2589029	1			25000
Sound	f22	other				2635528	1			71500
Picture	3-124-1-3	hit	2	10173	7	2694347	7	5166	7	130000	5000
Sound	P2/both	other				2739845	1			25000
Sound	f19	other				2786345	1			71500
Picture	3-114-1-3	hit	1	10477	7	2845163	7	5166	7	130000	5000
Sound	P2/both	other				2890661	1			25000
Sound	test16	other				2937160	1			71500
Picture	3-224-1-3	incorrect	1	11901	7	2995979	7	5166	7	130000	5000
Sound	P1/tapping1	other				3041477	1			25000
Sound	test05	other				3087976	1			71500
Picture	2-222-1-2	hit	2	10205	7	3146795	7	5166	7	130000	5000
Sound	P1/tapping	other				3192291	1			25000
Sound	test08	other				3238792	1			71500
Picture	2-212-1-2	incorrect	2	13629	7	3297610	7	5166	7	130000	5000
Sound	P1/tapping	other				3343109	1			25000
Sound	test14	other				3389607	1			71500
Picture	3-212-1-3	hit	1	10013	7	3448426	7	5166	7	130000	5000
Sound	P1/tapping	other				3493924	1			25000
Sound	test19	other				3540424	1			71500
Picture	3-212-1-3	hit	1	9358	7	3599242	7	5166	7	130000	5000
Sound	P2/beat1	other				3644740	1			25000
Sound	f15	other				3691239	1			71500
Picture	3-113-1-3	hit	1	10061	7	3750058	7	5166	7	130000	5000
Sound	P2/beat	other				3795555	1			25000
Sound	f16	other				3842055	1			71500
Picture	3-123-1-3	hit	2	9967	7	3900874	7	5166	7	130000	5000
Sound	P2/beat	other				3946371	1			25000
Sound	f18	other				3992871	1			71500
Picture	3-113-1-3	hit	1	10589	7	4051689	7	5166	7	130000	5000
Sound	P2/beat	other				4097186	1			25000
Sound	test18	other				4143687	1			71500
Picture	3-223-1-3	incorrect	1	11215	7	4202505	7	5166	7	130000	5000
Sound	P2/both1	other				4248003	1			25000
Sound	f10	other				4294502	1			71500
Picture	2-114-1-2	incorrect	2	10398	7	4353321	7	5166	7	130000	5000
Sound	P2/both	other				4398819	1			25000
Sound	f12	other				4445318	1			71500
Picture	2-114-1-2	hit	1	9742	7	4504137	7	5166	7	130000	5000
Sound	P2/both	other				4549634	1			25000
Sound	n05	other				4596135	1			71500
Picture	3-124-1-3	hit	2	10527	8	4654953	7	5166	7	130000	5000
Sound	P2/both	other				4700450	1			25000
Sound	f13	other				4746950	1			71500
Picture	3-124-1-3	hit	2	14591	8	4805768	7	5166	7	130000	5000
Sound	P0/none1	other				4851266	1			25000
Sound	n09	other				4897765	1			71500
Picture	3-211-1-3	incorrect	2	11215	9	4956584	7	5166	7	130000	5000
Sound	P0/none	other				5002082	1			25000
Sound	test13	other				5048581	1			71500
Picture	3-221-1-3	hit	2	12000	8	5107400	7	5166	7	130000	5000
Sound	P0/none	other				5152897	1			25000
Sound	f11	other				5199397	1			71500
Picture	2-111-1-2	hit	1	13343	8	5258216	7	5166	7	130000	5000
Sound	P0/none	other				5303713	1			25000
Sound	test17	other				5350213	1			71500
Picture	2-211-2-2	hit	1	9568	9	5409032	7	5166	7	130000	5000
Sound	P2/both1	other				5454529	1			25000
Sound	f06	other				5501030	1			71500
Picture	2-114-1-2	incorrect	2	17711	7	5559847	7	5166	7	130000	5000
Sound	P2/both	other				5605345	1			25000
Sound	f24	other				5651844	1			71500
Picture	3-114-1-3	hit	1	9775	7	5710663	7	5166	7	130000	5000
Sound	P2/both	other				5756160	1			25000
Sound	f08	other				5802661	1			71500
Picture	2-114-1-2	hit	1	9119	7	5861479	7	5166	7	130000	5000
Sound	P2/both	other				5906976	1			25000
Sound	n04	other				5953476	1			71500
Picture	2-224-1-2	hit	2	10863	7	6012295	7	5166	7	130000	5000
Sound	P2/beat1	other				6057793	1			25000
Sound	test09	other				6104292	1			71500
Picture	2-223-1-2	hit	2	10848	8	6163111	7	5166	7	130000	5000
Sound	P2/beat	other				6208608	1			25000
Sound	test03	other				6255108	1			71500
Picture	2-213-1-2	incorrect	2	9232	8	6313927	7	5166	7	130000	5000
Sound	P2/beat	other				6359424	1			25000
Sound	n10	other				6405925	1			71500
Picture	3-123-1-3	hit	2	10176	7	6464742	7	5166	7	130000	5000
Sound	P2/beat	other				6510239	1			25000
Sound	test24	other				6556739	1			71500
Picture	3-223-1-3	hit	2	10480	7	6615558	7	5166	7	130000	5000
Sound	P1/tapping1	other				6661056	1			25000
Sound	f05	other				6707556	1			71500
Picture	2-112-1-2	incorrect	2	11584	7	6766374	7	5166	7	130000	5000
Sound	P1/tapping	other				6811872	1			25000
Sound	f04	other				6858371	1			71500
Picture	2-122-1-2	hit	2	9488	7	6917190	7	5166	7	130000	5000
Sound	P1/tapping	other				6962687	1			25000
Sound	n13	other				7009187	1			71500
Picture	3-222-1-3	hit	2	9392	7	7068006	7	5166	7	130000	5000
Sound	P1/tapping	other				7113503	1			25000
Sound	f21	other				7160002	1			71500
Picture	3-112-1-3	incorrect	2	9776	7	7218821	7	5166	7	130000	5000
Sound	P0/none1	other				7264319	1			25000
Sound	test25	other				7310820	1			71500
Picture	3-211-1-3	hit	1	10160	7	7369637	7	5166	7	130000	5000
Sound	P0/none	other				7415135	1			25000
Sound	test12	other				7461636	1			71500
Picture	2-221-1-2	hit	2	10465	7	7520453	7	5166	7	130000	5000
Sound	P0/none	other				7565950	1			25000
Sound	n03	other				7612451	1			71500
Picture	2-111-1-2	hit	1	10449	7	7671269	7	5166	7	130000	5000
Sound	P0/none	other				7716766	1			25000
Sound	f23	other				7763267	1			71500
Picture	2-121-1-2	hit	2	9473	7	7822085	7	5166	7	130000	5000
Sound	P1/tapping1	other				7867582	1			25000
Sound	f02	other				7914082	1			71500
Picture	2-122-1-2	hit	2	11537	7	7972901	7	5166	7	130000	5000
Sound	P1/tapping	other				8018398	1			25000
Sound	test15	other				8064899	1			71500
Picture	3-222-1-3	hit	2	9841	7	8123716	7	5166	7	130000	5000
Sound	P1/tapping	other				8169213	1			25000
Sound	test11	other				8215713	1			71500
Picture	2-212-1-2	incorrect	2	10145	7	8274532	7	5166	7	130000	5000
Sound	P1/tapping	other				8320030	1			25000
Sound	n06	other				8366530	1			71500
Picture	3-222-1-3	hit	2	10529	7	8425348	7	5166	7	130000	5000
Sound	P2/both1	other				8470846	1			25000
Sound	n11	other				8517345	1			71500
Picture	2-124-1-2	hit	2	10994	8	8576164	7	5166	7	130000	5000
Sound	P2/both	other				8621662	1			25000
Sound	n14	other				8668161	1			71500
Picture	3-124-1-3	hit	2	11617	7	8726980	7	5166	7	130000	5000
Sound	P2/both	other				8772478	1			25000
Sound	f14	other				8818978	1			71500
Picture	3-124-1-3	hit	2	9921	7	8877796	7	5166	7	130000	5000
Sound	P2/both	other				8923294	1			25000
Sound	n07	other				8969792	1			71500
Picture	2-214-1-2	hit	1	12785	9	9028612	7	5166	7	130000	5000


{
   "app": "Presentation Version 22.1 Build 01.21.21",
   "device": "Dell Inc. OptiPlex 7050",
   "experiment": "{C8E97CB4-6FCA-44FA-B866-4A2D94B6B85C}",
   "os": "Windows 10 64 bit",
   "package": "",
   "parameters": {
      "configuration": "Default configuration"
   },
   "scenario": "entrain_list1_sess1_EB.sce",
   "subject": "008",
   "timestamp": "2022/04/15 14:39:04 GMT"
}
