Scenario - test
Logfile written - 04/15/2022 16:18:01

Subject	Trial	Event Type	Code	Time	TTime	Uncertainty	Duration	Uncertainty	ReqTime	ReqDur	Stim Type	Pair Index

008	1	Sound	P1/tapping1	25161	25001	1			25000		other	0
008	1	Response	53	28506	28345	1
008	1	Response	53	34906	34745	2
008	1	Response	53	38825	38665	1
008	1	Response	53	42185	42025	1
008	1	Response	53	45145	44985	2
008	1	Response	53	48346	48185	1
008	1	Response	53	50986	50826	2
008	1	Response	53	53945	53785	2
008	1	Response	53	56665	56505	1
008	1	Response	53	59466	59306	2
008	1	Response	53	62185	62025	2
008	1	Response	53	65065	64905	1
008	1	Response	53	67945	67785	1
008	1	Response	53	70825	70665	1
008	1	Sound	n05	71661	71500	1			71500		other	0
008	1	Picture	2-122-2-2	130479	130318	7	5166	7	130000	5000	incorrect	18
008	1	Response	51	144185	144025	1
008	2	Sound	P1/tapping	175977	25001	1			25000		other	0
008	2	Response	53	183305	32329	3
008	2	Response	53	186745	35769	1
008	2	Response	53	190025	39049	1
008	2	Response	53	192985	42009	2
008	2	Response	53	195946	44969	1
008	2	Response	53	198825	47849	1
008	2	Response	53	201945	50969	1
008	2	Response	53	205306	54330	2
008	2	Response	53	208345	57369	1
008	2	Response	53	211386	60409	1
008	2	Response	53	214185	63209	1
008	2	Response	53	217305	66329	2
008	2	Response	53	220346	69370	2
008	2	Sound	f18	222476	71500	1			71500		other	0
008	2	Picture	3-122-1-3	281294	130318	7	5166	7	130000	5000	hit	35
008	2	Response	62	293225	142249	1
008	3	Sound	P1/tapping	326791	25000	1			25000		other	0
008	3	Response	53	330425	28633	1
008	3	Response	53	334105	32313	1
008	3	Response	53	337065	35274	1
008	3	Response	53	340265	38473	1
008	3	Response	53	343545	41754	2
008	3	Response	53	346985	45194	1
008	3	Response	53	350186	48394	2
008	3	Response	53	353225	51434	1
008	3	Response	53	356265	54474	1
008	3	Response	53	359465	57673	1
008	3	Response	53	362425	60633	2
008	3	Response	53	365385	63593	1
008	3	Response	53	368345	66554	1
008	3	Response	53	371225	69433	1
008	3	Sound	f09	373292	71500	1			71500		other	0
008	3	Picture	2-122-1-2	432110	130318	7	5166	7	130000	5000	hit	53
008	3	Response	62	443305	141514	1
008	4	Sound	P1/tapping	477608	25001	1			25000		other	0
008	4	Response	53	487385	34778	2
008	4	Response	53	490665	38058	2
008	4	Response	53	493945	41338	1
008	4	Response	53	497225	44618	3
008	4	Response	53	500665	48058	2
008	4	Response	53	503865	51258	2
008	4	Response	53	506985	54378	2
008	4	Response	53	509865	57257	2
008	4	Response	53	512826	60218	1
008	4	Response	53	515785	63177	1
008	4	Response	53	518506	65899	3
008	4	Response	53	521305	68698	1
008	4	Sound	f06	524108	71500	1			71500		other	0
008	4	Picture	3-122-1-3	582926	130318	7	5166	7	130000	5000	hit	69
008	4	Response	62	593625	141017	2
008	5	Sound	P2/both1	628422	24999	1			25000		other	0
008	5	Response	53	633625	30202	2
008	5	Response	53	637785	34362	2
008	5	Response	53	644266	40843	1
008	5	Response	53	650266	46843	2
008	5	Response	53	656185	52762	1
008	5	Response	53	662025	58602	2
008	5	Response	53	668505	65082	2
008	5	Sound	f01	674921	71498	1			71500		other	0
008	5	Picture	3-114-1-3	733741	130318	7	5166	7	130000	5000	hit	80
008	5	Response	61	746825	143402	1
008	6	Sound	P2/both	779238	25000	1			25000		other	0
008	6	Response	53	781065	26827	1
008	6	Response	53	785225	30986	1
008	6	Response	53	790505	36266	1
008	6	Response	53	795545	41306	2
008	6	Response	53	800985	46747	2
008	6	Response	53	806826	52587	2
008	6	Response	53	812746	58507	2
008	6	Response	53	821305	67067	1
008	6	Sound	test24	825738	71499	1			71500		other	0
008	6	Picture	3-214-1-3	884557	130318	7	5166	7	130000	5000	hit	92
008	6	Response	61	895945	141707	2
008	7	Sound	P2/both	930054	25000	1			25000		other	0
008	7	Response	53	931865	26811	1
008	7	Response	53	936025	30971	1
008	7	Response	53	941465	36411	1
008	7	Response	53	946185	41131	1
008	7	Response	53	952025	46971	1
008	7	Response	53	957385	52331	2
008	7	Response	53	962905	57851	2
008	7	Response	53	969225	64171	3
008	7	Response	53	975145	70091	1
008	7	Sound	test22	976553	71499	1			71500		other	0
008	7	Picture	3-224-1-3	1035372	130318	7	5166	7	130000	5000	hit	105
008	7	Response	62	1048905	143851	1
008	8	Sound	P2/both	1080870	25000	1			25000		other	0
008	8	Response	53	1083306	27436	2
008	8	Response	53	1087065	31195	1
008	8	Response	53	1092265	36395	2
008	8	Response	53	1097545	41675	1
008	8	Response	53	1102985	47115	1
008	8	Response	53	1108425	52555	2
008	8	Response	53	1114986	59116	2
008	8	Response	53	1120745	64875	2
008	8	Response	53	1127225	71355	1
008	8	Sound	test07	1127369	71499	1			71500		other	0
008	8	Picture	3-214-1-3	1186188	130318	7	5166	7	130000	5000	hit	118
008	8	Response	61	1196025	140155	1
008	9	Sound	P2/beat1	1231686	25000	1			25000		other	0
008	9	Sound	f02	1278186	71500	1			71500		other	0
008	9	Picture	2-113-1-2	1337004	130318	7	5166	7	130000	5000	hit	122
008	9	Response	61	1348825	142139	1
008	10	Sound	P2/beat	1382501	25000	1			25000		other	0
008	10	Sound	f19	1429000	71499	1			71500		other	0
008	10	Picture	2-113-2-2	1487819	130318	7	5166	7	130000	5000	hit	126
008	10	Response	61	1497146	139644	2
008	11	Sound	P2/beat	1533316	25000	1			25000		other	0
008	11	Sound	n07	1579817	71500	1			71500		other	0
008	11	Picture	3-223-1-3	1638635	130318	7	5166	7	130000	5000	hit	130
008	11	Response	62	1648745	140428	1
008	12	Sound	P2/beat	1684132	25000	1			25000		other	0
008	12	Sound	f07	1730632	71499	1			71500		other	0
008	12	Picture	3-123-1-3	1789451	130318	7	5166	7	130000	5000	hit	134
008	12	Response	62	1799625	140492	1
008	13	Sound	P2/both1	1834948	25000	1			25000		other	0
008	13	Response	53	1837145	27197	1
008	13	Response	53	1841784	31836	1
008	13	Response	53	1846105	36157	1
008	13	Response	53	1852105	42157	1
008	13	Response	53	1857545	47597	1
008	13	Response	53	1863304	53356	1
008	13	Response	53	1869144	59196	1
008	13	Response	53	1875624	65676	1
008	13	Sound	f05	1881448	71500	1			71500		other	0
008	13	Response	53	1881624	71676	1
008	13	Picture	2-124-1-2	1940266	130318	7	5166	7	130000	5000	incorrect	147
008	13	Response	51	1954745	144797	1
008	14	Sound	P2/both	1985764	25000	1			25000		other	0
008	14	Response	53	1988905	28142	2
008	14	Response	53	1992505	31741	1
008	14	Response	53	1997865	37101	1
008	14	Response	53	2002664	41901	1
008	14	Response	53	2008665	47901	2
008	14	Response	53	2015224	54461	2
008	14	Response	53	2020985	60221	2
008	14	Response	53	2027225	66461	1
008	14	Sound	test09	2032263	71500	1			71500		other	0
008	14	Picture	3-224-1-3	2091082	130318	7	5166	7	130000	5000	hit	159
008	14	Response	62	2100504	139740	1
008	15	Sound	P2/both	2136579	24999	1			25000		other	0
008	15	Response	53	2138585	27005	2
008	15	Response	53	2142825	31245	1
008	15	Response	53	2147624	36045	1
008	15	Response	53	2152905	41326	2
008	15	Response	53	2158425	46846	2
008	15	Response	53	2164024	52445	2
008	15	Response	53	2169625	58046	1
008	15	Response	53	2175625	64046	1
008	15	Response	53	2181945	70365	2
008	15	Sound	test12	2183080	71500	1			71500		other	0
008	15	Picture	3-214-1-3	2241897	130318	7	5166	7	130000	5000	hit	172
008	15	Response	61	2253145	141565	1
008	16	Sound	P2/both	2287395	25000	1			25000		other	0
008	16	Response	53	2289305	26909	1
008	16	Response	53	2293304	30909	1
008	16	Response	53	2298345	35950	2
008	16	Response	53	2303784	41389	2
008	16	Response	53	2309304	46909	2
008	16	Response	53	2315464	53069	1
008	16	Response	53	2321385	58990	2
008	16	Response	53	2327944	65549	1
008	16	Sound	test19	2333896	71501	1			71500		other	0
008	16	Picture	2-224-1-2	2392713	130318	7	5166	7	130000	5000	hit	184
008	16	Response	62	2403704	141309	1
008	17	Sound	P1/tapping1	2438211	25000	1			25000		other	0
008	17	Response	53	2440505	27294	1
008	17	Response	53	2444264	31054	1
008	17	Response	53	2453064	39853	2
008	17	Response	53	2457464	44253	1
008	17	Response	53	2462504	49294	1
008	17	Response	53	2468184	54974	1
008	17	Response	53	2473144	59934	2
008	17	Response	53	2478344	65134	1
008	17	Response	53	2483464	70253	2
008	17	Sound	f15	2484711	71500	1			71500		other	0
008	17	Picture	2-122-2-2	2543529	130318	7	5166	7	130000	5000	hit	197
008	17	Response	62	2557624	144414	2
008	18	Response	53	2587225	23199	2
008	18	Sound	P1/tapping	2589026	24999	1			25000		other	0
008	18	Response	53	2592104	28078	1
008	18	Response	53	2596824	32798	1
008	18	Response	53	2601544	37518	1
008	18	Response	53	2605944	41918	1
008	18	Response	53	2610104	46078	1
008	18	Response	53	2614345	50318	2
008	18	Response	53	2618745	54718	2
008	18	Response	53	2622824	58798	1
008	18	Response	53	2626504	62478	2
008	18	Response	53	2632185	68159	2
008	18	Sound	test21	2635526	71500	1			71500		other	0
008	18	Picture	3-212-1-3	2694344	130318	7	5166	7	130000	5000	hit	212
008	18	Response	61	2714584	150558	1
008	19	Response	53	2739385	24542	2
008	19	Sound	P1/tapping	2739842	25000	1			25000		other	0
008	19	Response	53	2743624	28782	1
008	19	Response	53	2748024	33182	2
008	19	Response	53	2752104	37262	1
008	19	Response	53	2756264	41422	1
008	19	Response	53	2760024	45182	2
008	19	Response	53	2763944	49102	1
008	19	Response	53	2767704	52862	2
008	19	Response	53	2771305	56463	2
008	19	Response	53	2774744	59902	2
008	19	Response	53	2778424	63582	1
008	19	Response	53	2781944	67102	3
008	19	Response	53	2785544	70702	2
008	19	Sound	f10	2786343	71501	1			71500		other	0
008	19	Picture	3-112-1-3	2845160	130318	7	5166	7	130000	5000	hit	229
008	19	Response	61	2855705	140863	2
008	20	Response	53	2890184	24526	1
008	20	Sound	P1/tapping	2890657	25000	1			25000		other	0
008	20	Response	53	2894184	28526	2
008	20	Response	53	2898104	32446	2
008	20	Response	53	2902024	36366	2
008	20	Response	53	2905624	39966	1
008	20	Response	53	2908744	43087	2
008	20	Response	53	2912664	47006	1
008	20	Response	53	2916344	50686	2
008	20	Response	53	2919624	53967	1
008	20	Response	53	2923544	57887	1
008	20	Response	53	2926904	61246	1
008	20	Response	53	2930424	64767	2
008	20	Response	53	2934104	68446	2
008	20	Sound	f13	2937158	71500	1			71500		other	0
008	20	Picture	3-112-1-3	2995976	130318	7	5166	7	130000	5000	incorrect	246
008	20	Response	52	3013224	147567	1
008	21	Sound	P2/both1	3041474	25000	1			25000		other	0
008	21	Response	53	3043544	27071	2
008	21	Response	53	3047704	31231	2
008	21	Response	53	3052744	36271	1
008	21	Response	53	3058744	42271	2
008	21	Response	53	3064664	48191	1
008	21	Response	53	3070664	54191	2
008	21	Response	53	3076744	60271	1
008	21	Response	53	3082744	66271	1
008	21	Sound	n03	3087973	71500	1			71500		other	0
008	21	Response	53	3088824	72351	2
008	21	Picture	2-124-1-2	3146791	130318	7	5166	7	130000	5000	hit	259
008	21	Response	62	3156584	140111	1
008	22	Response	53	3180984	13695	1
008	22	Sound	P2/both	3192289	25000	1			25000		other	0
008	22	Response	53	3194184	26895	1
008	22	Response	53	3198904	31615	1
008	22	Response	53	3203544	36255	1
008	22	Response	53	3208984	41695	2
008	22	Response	53	3214664	47375	1
008	22	Response	53	3221144	53855	1
008	22	Response	53	3226825	59536	2
008	22	Response	53	3232984	65695	1
008	22	Sound	n13	3238789	71500	1			71500		other	0
008	22	Response	53	3238824	71535	1
008	22	Picture	3-214-1-3	3297607	130318	7	5166	7	130000	5000	hit	273
008	22	Response	61	3307064	139775	2
008	23	Response	53	3342105	24000	1
008	23	Sound	P2/both	3343104	24999	1			25000		other	0
008	23	Response	53	3347944	29839	1
008	23	Response	53	3353385	35280	2
008	23	Response	53	3359224	41119	2
008	23	Response	53	3365224	47119	2
008	23	Response	53	3371864	53759	1
008	23	Response	53	3378104	59999	2
008	23	Response	53	3384184	66079	2
008	23	Sound	f11	3389604	71500	1			71500		other	0
008	23	Picture	2-124-1-2	3448423	130318	7	5166	7	130000	5000	hit	285
008	23	Response	62	3459224	141120	2
008	24	Sound	P2/both	3493921	25000	1			25000		other	0
008	24	Response	53	3496104	27184	1
008	24	Response	53	3500744	31823	1
008	24	Response	53	3505864	36943	1
008	24	Response	53	3511144	42223	2
008	24	Response	53	3517064	48143	1
008	24	Response	53	3523064	54143	1
008	24	Response	53	3528904	59983	1
008	24	Response	53	3534824	65904	2
008	24	Sound	f16	3540420	71500	1			71500		other	0
008	24	Picture	2-114-1-2	3599238	130318	7	5166	7	130000	5000	hit	297
008	24	Response	61	3608504	139583	2
008	25	Sound	P0/none1	3644736	25000	1			25000		other	0
008	25	Sound	f21	3691237	71501	1			71500		other	0
008	25	Picture	2-121-2-2	3750054	130318	7	5166	7	130000	5000	hit	301
008	25	Response	62	3760904	141168	2
008	26	Sound	P0/none	3795551	24999	1			25000		other	0
008	26	Sound	test14	3842051	71499	1			71500		other	0
008	26	Picture	2-221-1-2	3900870	130318	7	5166	7	130000	5000	hit	305
008	26	Response	62	3911304	140752	2
008	27	Sound	P0/none	3946366	24999	1			25000		other	0
008	27	Sound	f14	3992866	71499	1			71500		other	0
008	27	Picture	3-111-1-3	4051686	130318	7	5166	7	130000	5000	hit	309
008	27	Response	61	4061624	140256	2
008	28	Sound	P0/none	4097183	25000	1			25000		other	0
008	28	Sound	test08	4143683	71500	1			71500		other	0
008	28	Picture	3-221-1-3	4202501	130318	7	5166	7	130000	5000	hit	313
008	28	Response	62	4214264	142081	3
008	29	Sound	P1/tapping1	4247999	25000	1			25000		other	0
008	29	Response	53	4250584	27585	1
008	29	Response	53	4255304	32305	1
008	29	Response	53	4261784	38786	2
008	29	Response	53	4266424	43425	1
008	29	Response	53	4271384	48385	2
008	29	Response	53	4276664	53665	1
008	29	Response	53	4281544	58545	1
008	29	Response	53	4286584	63585	2
008	29	Response	53	4293224	70225	1
008	29	Sound	n09	4294498	71499	1			71500		other	0
008	29	Picture	2-222-2-2	4353317	130318	7	5166	7	130000	5000	hit	326
008	29	Response	62	4365063	142065	2
008	30	Sound	P1/tapping	4398815	25000	1			25000		other	0
008	30	Response	53	4402744	28929	1
008	30	Response	53	4408023	34209	1
008	30	Response	53	4413624	39809	2
008	30	Response	53	4419464	45649	1
008	30	Response	53	4425863	52049	2
008	30	Response	53	4431863	58049	2
008	30	Response	53	4437144	63330	1
008	30	Response	53	4442584	68769	1
008	30	Sound	test13	4445314	71499	1			71500		other	0
008	30	Picture	2-212-1-2	4504133	130318	7	5166	7	130000	5000	hit	338
008	30	Response	61	4513863	140049	1
008	31	Sound	P1/tapping	4549630	25000	1			25000		other	0
008	31	Response	53	4552184	27553	1
008	31	Response	53	4557304	32673	1
008	31	Response	53	4562663	38033	2
008	31	Response	53	4567703	43073	2
008	31	Response	53	4572823	48193	1
008	31	Response	53	4578103	53473	2
008	31	Response	53	4583624	58994	2
008	31	Response	53	4589143	64513	1
008	31	Response	53	4594904	70273	2
008	31	Sound	f03	4596130	71500	1			71500		other	0
008	31	Picture	3-112-1-3	4654949	130318	7	5166	7	130000	5000	hit	351
008	31	Response	61	4664664	140033	1
008	32	Sound	P1/tapping	4700445	24999	1			25000		other	0
008	32	Response	53	4702903	27457	2
008	32	Response	53	4708343	32897	1
008	32	Response	53	4714103	38657	2
008	32	Response	53	4719704	44258	3
008	32	Response	53	4725543	50097	3
008	32	Response	53	4730903	55457	2
008	32	Response	53	4736503	61057	1
008	32	Response	53	4741783	66337	2
008	32	Sound	f12	4746946	71500	1			71500		other	0
008	32	Picture	2-122-1-2	4805764	130318	7	5166	7	130000	5000	hit	363
008	32	Response	62	4821464	146018	1
008	33	Sound	P2/beat1	4851261	24999	1			25000		other	0
008	33	Sound	n06	4897761	71499	1			71500		other	0
008	33	Picture	2-223-2-2	4956580	130318	7	5166	7	130000	5000	hit	367
008	33	Response	62	4971544	145283	1
008	34	Sound	P2/beat	5002076	24999	1			25000		other	0
008	34	Sound	test06	5048577	71499	1			71500		other	0
008	34	Picture	3-213-1-3	5107396	130318	7	5166	7	130000	5000	hit	371
008	34	Response	61	5117703	140626	1
008	35	Sound	P2/beat	5152893	25000	1			25000		other	0
008	35	Sound	n04	5199394	71500	1			71500		other	0
008	35	Picture	3-223-1-3	5258211	130318	7	5166	7	130000	5000	hit	375
008	35	Response	62	5267943	140050	1
008	36	Sound	P2/beat	5303709	25000	1			25000		other	0
008	36	Sound	n11	5350209	71500	1			71500		other	0
008	36	Picture	3-113-2-3	5409027	130318	7	5166	7	130000	5000	incorrect	379
008	36	Response	52	5418903	140194	1
008	37	Sound	P1/tapping1	5454525	25000	1			25000		other	0
008	37	Response	53	5460343	30818	2
008	37	Response	53	5466743	37219	2
008	37	Response	53	5472583	43058	2
008	37	Response	53	5478023	48499	2
008	37	Response	53	5483703	54178	2
008	37	Response	53	5490103	60578	2
008	37	Response	53	5495863	66338	2
008	37	Sound	f23	5501024	71500	1			71500		other	0
008	37	Response	53	5501063	71539	1
008	37	Picture	3-112-1-3	5559843	130318	7	5166	7	130000	5000	hit	391
008	37	Response	61	5569703	140179	1
008	38	Sound	P1/tapping	5605340	24999	1			25000		other	0
008	38	Response	53	5613943	33603	1
008	38	Response	53	5619463	39123	1
008	38	Response	53	5624903	44563	1
008	38	Response	53	5630102	49762	2
008	38	Response	53	5635623	55283	1
008	38	Response	53	5640263	59922	2
008	38	Response	53	5645223	64882	1
008	38	Response	53	5649543	69202	1
008	38	Sound	n10	5651840	71500	1			71500		other	0
008	38	Picture	2-112-1-2	5710659	130318	7	5166	7	130000	5000	incorrect	403
008	38	Response	52	5721703	141363	2
008	39	Sound	P1/tapping	5756156	25000	1			25000		other	0
008	39	Response	53	5761303	30147	1
008	39	Response	53	5766663	35507	2
008	39	Response	53	5771703	40547	2
008	39	Response	53	5777223	46067	1
008	39	Response	53	5782503	51347	1
008	39	Response	53	5787303	56147	2
008	39	Response	53	5792823	61667	2
008	39	Response	53	5797783	66627	2
008	39	Sound	test10	5802656	71499	1			71500		other	0
008	39	Picture	3-212-1-3	5861474	130318	7	5166	7	130000	5000	incorrect	415
008	39	Response	52	5872983	141827	1
008	40	Sound	P1/tapping	5906971	25000	1			25000		other	0
008	40	Response	53	5910023	28051	2
008	40	Response	53	5915543	33571	2
008	40	Response	53	5920423	38451	2
008	40	Response	53	5925703	43731	1
008	40	Response	53	5931783	49812	1
008	40	Response	53	5936503	54531	1
008	40	Response	53	5941063	59091	2
008	40	Response	53	5944903	62932	2
008	40	Sound	test16	5953472	71500	1			71500		other	0
008	40	Picture	2-212-1-2	6012290	130318	7	5166	7	130000	5000	incorrect	427
008	40	Response	52	6025943	143971	2
008	41	Sound	P0/none1	6057787	24999	1			25000		other	0
008	41	Sound	test03	6104286	71499	1			71500		other	0
008	41	Picture	2-221-1-2	6163106	130318	7	5166	7	130000	5000	hit	431
008	41	Response	62	6172823	140035	1
008	42	Sound	P0/none	6208603	24999	1			25000		other	0
008	42	Sound	f22	6255104	71501	1			71500		other	0
008	42	Picture	2-121-2-2	6313921	130318	7	5166	7	130000	5000	hit	435
008	42	Response	62	6327303	143699	2
008	43	Sound	P0/none	6359419	25000	1			25000		other	0
008	43	Sound	test04	6405920	71500	1			71500		other	0
008	43	Picture	3-221-1-3	6464737	130318	7	5166	7	130000	5000	hit	439
008	43	Response	62	6474503	140084	1
008	44	Sound	P0/none	6510235	25000	1			25000		other	0
008	44	Sound	test11	6556734	71500	1			71500		other	0
008	44	Picture	2-221-1-2	6615553	130318	7	5166	7	130000	5000	hit	443
008	44	Response	62	6625143	139908	1
008	45	Sound	P2/beat1	6661050	24999	1			25000		other	0
008	45	Sound	f04	6707551	71500	1			71500		other	0
008	45	Picture	2-113-1-2	6766369	130318	7	5166	7	130000	5000	hit	447
008	45	Response	61	6776103	140052	2
008	46	Sound	P2/beat	6811866	25000	1			25000		other	0
008	46	Sound	test05	6858367	71501	1			71500		other	0
008	46	Picture	3-213-1-3	6917185	130318	7	5166	7	130000	5000	hit	451
008	46	Response	61	6928903	142037	2
008	47	Sound	P2/beat	6962681	24999	1			25000		other	0
008	47	Sound	f20	7009182	71500	1			71500		other	0
008	47	Picture	2-123-2-2	7068000	130318	7	5166	7	130000	5000	hit	455
008	47	Response	62	7077543	139860	1
008	48	Sound	P2/beat	7113498	25000	1			25000		other	0
008	48	Sound	f24	7159998	71500	1			71500		other	0
008	48	Picture	2-113-1-2	7218816	130318	7	5166	7	130000	5000	hit	459
008	48	Response	61	7228022	139524	1
008	49	Sound	P2/both1	7264313	24999	1			25000		other	0
008	49	Response	53	7268502	29189	1
008	49	Response	53	7272423	33109	2
008	49	Response	53	7276822	37509	2
008	49	Response	53	7281543	42229	2
008	49	Response	53	7286982	47668	1
008	49	Response	53	7292582	53269	2
008	49	Response	53	7299142	59829	1
008	49	Response	53	7305542	66229	1
008	49	Sound	test18	7310814	71500	1			71500		other	0
008	49	Picture	2-224-1-2	7369632	130318	7	5166	7	130000	5000	hit	471
008	49	Response	62	7379942	140629	1
008	50	Sound	P2/both	7415129	25000	1			25000		other	0
008	50	Response	53	7417542	27412	2
008	50	Response	53	7421622	31493	1
008	50	Response	53	7426583	36453	1
008	50	Response	53	7431783	41653	2
008	50	Response	53	7437542	47413	2
008	50	Response	53	7443462	53333	1
008	50	Response	53	7449142	59013	1
008	50	Response	53	7455302	65173	2
008	50	Sound	test01	7461630	71500	1			71500		other	0
008	50	Picture	3-214-1-3	7520448	130318	7	5166	7	130000	5000	incorrect	483
008	50	Response	52	7532822	142693	1
008	51	Sound	P2/both	7565945	25000	1			25000		other	0
008	51	Response	53	7567702	26757	1
008	51	Response	53	7571622	30677	1
008	51	Response	53	7576982	36037	2
008	51	Response	53	7582582	41637	1
008	51	Response	53	7588102	47157	2
008	51	Response	53	7593702	52757	1
008	51	Response	53	7599302	58357	1
008	51	Response	53	7606502	65557	2
008	51	Sound	test17	7612445	71500	1			71500		other	0
008	51	Picture	3-214-1-3	7671263	130318	7	5166	7	130000	5000	hit	495
008	51	Response	61	7681942	140997	2
008	52	Sound	P2/both	7716761	25000	1			25000		other	0
008	52	Response	53	7760663	68902	2
008	52	Sound	test15	7763260	71499	1			71500		other	0
008	52	Picture	3-214-1-3	7822079	130318	7	5166	7	130000	5000	incorrect	500
008	52	Response	52	7834902	143141	1
008	53	Sound	P2/beat1	7867576	25000	1			25000		other	0
008	53	Sound	test02	7914077	71501	1			71500		other	0
008	53	Picture	3-223-1-3	7972895	130318	7	5166	7	130000	5000	hit	504
008	53	Response	62	7983942	141365	1
008	54	Sound	P2/beat	8018392	25000	1			25000		other	0
008	54	Sound	f08	8064892	71500	1			71500		other	0
008	54	Picture	3-113-2-3	8123711	130318	7	5166	7	130000	5000	hit	508
008	54	Response	61	8134023	140630	2
008	55	Sound	P2/beat	8169209	25001	1			25000		other	0
008	55	Sound	test23	8215709	71501	1			71500		other	0
008	55	Picture	3-213-1-3	8274527	130318	7	5166	7	130000	5000	hit	512
008	55	Response	61	8286662	142454	2
008	56	Sound	P2/beat	8320025	25001	1			25000		other	0
008	56	Sound	test25	8366524	71500	1			71500		other	0
008	56	Picture	2-223-1-2	8425342	130318	7	5166	7	130000	5000	hit	516
008	56	Response	62	8436102	141078	2
008	57	Sound	P0/none1	8470839	24999	1			25000		other	0
008	57	Sound	n01	8517340	71500	1			71500		other	0
008	57	Picture	2-211-1-2	8576158	130318	7	5166	7	130000	5000	incorrect	520
008	57	Response	52	8586181	140341	2
008	58	Sound	P0/none	8621656	25000	1			25000		other	0
008	58	Sound	n12	8668155	71500	1			71500		other	0
008	58	Picture	2-121-2-2	8726974	130318	7	5166	7	130000	5000	incorrect	524
008	58	Response	51	8741462	144806	1
008	59	Sound	P0/none	8772470	24999	1			25000		other	0
008	59	Sound	f17	8818970	71499	1			71500		other	0
008	59	Picture	2-121-2-2	8877790	130318	7	5166	7	130000	5000	hit	528
008	59	Response	62	8890982	143510	2
008	60	Sound	P0/none	8923287	25000	1			25000		other	0
008	60	Sound	n14	8969787	71500	1			71500		other	0
008	60	Picture	2-111-2-2	9028605	130318	7	5166	7	130000	5000	hit	532
008	60	Response	61	9037142	138855	3


Event Type	Code	Type	Response	RT	RT Uncertainty	Time	Uncertainty	Duration	Uncertainty	ReqTime	ReqDur

Sound	P1/tapping1	other				25161	1			25000
Sound	n05	other				71661	1			71500
Picture	2-122-2-2	incorrect	1	13707	7	130479	7	5166	7	130000	5000
Sound	P1/tapping	other				175977	1			25000
Sound	f18	other				222476	1			71500
Picture	3-122-1-3	hit	2	11931	7	281294	7	5166	7	130000	5000
Sound	P1/tapping	other				326791	1			25000
Sound	f09	other				373292	1			71500
Picture	2-122-1-2	hit	2	11196	7	432110	7	5166	7	130000	5000
Sound	P1/tapping	other				477608	1			25000
Sound	f06	other				524108	1			71500
Picture	3-122-1-3	hit	2	10699	8	582926	7	5166	7	130000	5000
Sound	P2/both1	other				628422	1			25000
Sound	f01	other				674921	1			71500
Picture	3-114-1-3	hit	1	13084	7	733741	7	5166	7	130000	5000
Sound	P2/both	other				779238	1			25000
Sound	test24	other				825738	1			71500
Picture	3-214-1-3	hit	1	11388	8	884557	7	5166	7	130000	5000
Sound	P2/both	other				930054	1			25000
Sound	test22	other				976553	1			71500
Picture	3-224-1-3	hit	2	13533	7	1035372	7	5166	7	130000	5000
Sound	P2/both	other				1080870	1			25000
Sound	test07	other				1127369	1			71500
Picture	3-214-1-3	hit	1	9837	7	1186188	7	5166	7	130000	5000
Sound	P2/beat1	other				1231686	1			25000
Sound	f02	other				1278186	1			71500
Picture	2-113-1-2	hit	1	11822	7	1337004	7	5166	7	130000	5000
Sound	P2/beat	other				1382501	1			25000
Sound	f19	other				1429000	1			71500
Picture	2-113-2-2	hit	1	9326	8	1487819	7	5166	7	130000	5000
Sound	P2/beat	other				1533316	1			25000
Sound	n07	other				1579817	1			71500
Picture	3-223-1-3	hit	2	10110	7	1638635	7	5166	7	130000	5000
Sound	P2/beat	other				1684132	1			25000
Sound	f07	other				1730632	1			71500
Picture	3-123-1-3	hit	2	10174	7	1789451	7	5166	7	130000	5000
Sound	P2/both1	other				1834948	1			25000
Sound	f05	other				1881448	1			71500
Picture	2-124-1-2	incorrect	1	14478	7	1940266	7	5166	7	130000	5000
Sound	P2/both	other				1985764	1			25000
Sound	test09	other				2032263	1			71500
Picture	3-224-1-3	hit	2	9423	7	2091082	7	5166	7	130000	5000
Sound	P2/both	other				2136579	1			25000
Sound	test12	other				2183080	1			71500
Picture	3-214-1-3	hit	1	11247	7	2241897	7	5166	7	130000	5000
Sound	P2/both	other				2287395	1			25000
Sound	test19	other				2333896	1			71500
Picture	2-224-1-2	hit	2	10991	7	2392713	7	5166	7	130000	5000
Sound	P1/tapping1	other				2438211	1			25000
Sound	f15	other				2484711	1			71500
Picture	2-122-2-2	hit	2	14096	8	2543529	7	5166	7	130000	5000
Sound	P1/tapping	other				2589026	1			25000
Sound	test21	other				2635526	1			71500
Picture	3-212-1-3	hit	1	20240	7	2694344	7	5166	7	130000	5000
Sound	P1/tapping	other				2739842	1			25000
Sound	f10	other				2786343	1			71500
Picture	3-112-1-3	hit	1	10545	8	2845160	7	5166	7	130000	5000
Sound	P1/tapping	other				2890657	1			25000
Sound	f13	other				2937158	1			71500
Picture	3-112-1-3	incorrect	2	17248	7	2995976	7	5166	7	130000	5000
Sound	P2/both1	other				3041474	1			25000
Sound	n03	other				3087973	1			71500
Picture	2-124-1-2	hit	2	9792	7	3146791	7	5166	7	130000	5000
Sound	P2/both	other				3192289	1			25000
Sound	n13	other				3238789	1			71500
Picture	3-214-1-3	hit	1	9457	8	3297607	7	5166	7	130000	5000
Sound	P2/both	other				3343104	1			25000
Sound	f11	other				3389604	1			71500
Picture	2-124-1-2	hit	2	10802	8	3448423	7	5166	7	130000	5000
Sound	P2/both	other				3493921	1			25000
Sound	f16	other				3540420	1			71500
Picture	2-114-1-2	hit	1	9266	8	3599238	7	5166	7	130000	5000
Sound	P0/none1	other				3644736	1			25000
Sound	f21	other				3691237	1			71500
Picture	2-121-2-2	hit	2	10850	8	3750054	7	5166	7	130000	5000
Sound	P0/none	other				3795551	1			25000
Sound	test14	other				3842051	1			71500
Picture	2-221-1-2	hit	2	10434	8	3900870	7	5166	7	130000	5000
Sound	P0/none	other				3946366	1			25000
Sound	f14	other				3992866	1			71500
Picture	3-111-1-3	hit	1	9938	8	4051686	7	5166	7	130000	5000
Sound	P0/none	other				4097183	1			25000
Sound	test08	other				4143683	1			71500
Picture	3-221-1-3	hit	2	11762	9	4202501	7	5166	7	130000	5000
Sound	P1/tapping1	other				4247999	1			25000
Sound	n09	other				4294498	1			71500
Picture	2-222-2-2	hit	2	11746	8	4353317	7	5166	7	130000	5000
Sound	P1/tapping	other				4398815	1			25000
Sound	test13	other				4445314	1			71500
Picture	2-212-1-2	hit	1	9731	7	4504133	7	5166	7	130000	5000
Sound	P1/tapping	other				4549630	1			25000
Sound	f03	other				4596130	1			71500
Picture	3-112-1-3	hit	1	9715	7	4654949	7	5166	7	130000	5000
Sound	P1/tapping	other				4700445	1			25000
Sound	f12	other				4746946	1			71500
Picture	2-122-1-2	hit	2	15700	7	4805764	7	5166	7	130000	5000
Sound	P2/beat1	other				4851261	1			25000
Sound	n06	other				4897761	1			71500
Picture	2-223-2-2	hit	2	14964	7	4956580	7	5166	7	130000	5000
Sound	P2/beat	other				5002076	1			25000
Sound	test06	other				5048577	1			71500
Picture	3-213-1-3	hit	1	10308	7	5107396	7	5166	7	130000	5000
Sound	P2/beat	other				5152893	1			25000
Sound	n04	other				5199394	1			71500
Picture	3-223-1-3	hit	2	9732	7	5258211	7	5166	7	130000	5000
Sound	P2/beat	other				5303709	1			25000
Sound	n11	other				5350209	1			71500
Picture	3-113-2-3	incorrect	2	9876	7	5409027	7	5166	7	130000	5000
Sound	P1/tapping1	other				5454525	1			25000
Sound	f23	other				5501024	1			71500
Picture	3-112-1-3	hit	1	9861	7	5559843	7	5166	7	130000	5000
Sound	P1/tapping	other				5605340	1			25000
Sound	n10	other				5651840	1			71500
Picture	2-112-1-2	incorrect	2	11044	8	5710659	7	5166	7	130000	5000
Sound	P1/tapping	other				5756156	1			25000
Sound	test10	other				5802656	1			71500
Picture	3-212-1-3	incorrect	2	11509	7	5861474	7	5166	7	130000	5000
Sound	P1/tapping	other				5906971	1			25000
Sound	test16	other				5953472	1			71500
Picture	2-212-1-2	incorrect	2	13653	8	6012290	7	5166	7	130000	5000
Sound	P0/none1	other				6057787	1			25000
Sound	test03	other				6104286	1			71500
Picture	2-221-1-2	hit	2	9717	8	6163106	7	5166	7	130000	5000
Sound	P0/none	other				6208603	1			25000
Sound	f22	other				6255104	1			71500
Picture	2-121-2-2	hit	2	13381	8	6313921	7	5166	7	130000	5000
Sound	P0/none	other				6359419	1			25000
Sound	test04	other				6405920	1			71500
Picture	3-221-1-3	hit	2	9766	7	6464737	7	5166	7	130000	5000
Sound	P0/none	other				6510235	1			25000
Sound	test11	other				6556734	1			71500
Picture	2-221-1-2	hit	2	9590	7	6615553	7	5166	7	130000	5000
Sound	P2/beat1	other				6661050	1			25000
Sound	f04	other				6707551	1			71500
Picture	2-113-1-2	hit	1	9734	8	6766369	7	5166	7	130000	5000
Sound	P2/beat	other				6811866	1			25000
Sound	test05	other				6858367	1			71500
Picture	3-213-1-3	hit	1	11719	8	6917185	7	5166	7	130000	5000
Sound	P2/beat	other				6962681	1			25000
Sound	f20	other				7009182	1			71500
Picture	2-123-2-2	hit	2	9542	7	7068000	7	5166	7	130000	5000
Sound	P2/beat	other				7113498	1			25000
Sound	f24	other				7159998	1			71500
Picture	2-113-1-2	hit	1	9206	7	7218816	7	5166	7	130000	5000
Sound	P2/both1	other				7264313	1			25000
Sound	test18	other				7310814	1			71500
Picture	2-224-1-2	hit	2	10311	7	7369632	7	5166	7	130000	5000
Sound	P2/both	other				7415129	1			25000
Sound	test01	other				7461630	1			71500
Picture	3-214-1-3	incorrect	2	12375	7	7520448	7	5166	7	130000	5000
Sound	P2/both	other				7565945	1			25000
Sound	test17	other				7612445	1			71500
Picture	3-214-1-3	hit	1	10679	8	7671263	7	5166	7	130000	5000
Sound	P2/both	other				7716761	1			25000
Sound	test15	other				7763260	1			71500
Picture	3-214-1-3	incorrect	2	12823	7	7822079	7	5166	7	130000	5000
Sound	P2/beat1	other				7867576	1			25000
Sound	test02	other				7914077	1			71500
Picture	3-223-1-3	hit	2	11047	7	7972895	7	5166	7	130000	5000
Sound	P2/beat	other				8018392	1			25000
Sound	f08	other				8064892	1			71500
Picture	3-113-2-3	hit	1	10312	8	8123711	7	5166	7	130000	5000
Sound	P2/beat	other				8169209	1			25000
Sound	test23	other				8215709	1			71500
Picture	3-213-1-3	hit	1	12135	8	8274527	7	5166	7	130000	5000
Sound	P2/beat	other				8320025	1			25000
Sound	test25	other				8366524	1			71500
Picture	2-223-1-2	hit	2	10760	8	8425342	7	5166	7	130000	5000
Sound	P0/none1	other				8470839	1			25000
Sound	n01	other				8517340	1			71500
Picture	2-211-1-2	incorrect	2	10023	8	8576158	7	5166	7	130000	5000
Sound	P0/none	other				8621656	1			25000
Sound	n12	other				8668155	1			71500
Picture	2-121-2-2	incorrect	1	14488	7	8726974	7	5166	7	130000	5000
Sound	P0/none	other				8772470	1			25000
Sound	f17	other				8818970	1			71500
Picture	2-121-2-2	hit	2	13192	8	8877790	7	5166	7	130000	5000
Sound	P0/none	other				8923287	1			25000
Sound	n14	other				8969787	1			71500
Picture	2-111-2-2	hit	1	8536	9	9028605	7	5166	7	130000	5000

The following output port codes were not sent because of a conflict on the port.
Port	Code	Time(ms)
1	53	323882
1	53	550106


{
   "app": "Presentation Version 22.1 Build 01.21.21",
   "device": "Dell Inc. OptiPlex 7050",
   "experiment": "{C8E97CB4-6FCA-44FA-B866-4A2D94B6B85C}",
   "os": "Windows 10 64 bit",
   "package": "",
   "parameters": {
      "configuration": "Default configuration"
   },
   "scenario": "entrain_list1_sess3_EB.sce",
   "subject": "008",
   "timestamp": "2022/04/15 14:02:48 GMT"
}
