Scenario - test
Logfile written - 04/15/2022 16:36:00

Subject	Trial	Event Type	Code	Time	TTime	Uncertainty	Duration	Uncertainty	ReqTime	ReqDur	Stim Type	Pair Index

008	1	Sound	P2/both1	25160	25000	1			25000		other	0
008	1	Response	53	27774	27614	1
008	1	Response	53	31694	31533	1
008	1	Response	53	36095	35934	1
008	1	Response	53	40894	40734	1
008	1	Response	53	46494	46334	1
008	1	Response	53	51614	51454	1
008	1	Response	53	57134	56973	1
008	1	Response	53	62974	62813	1
008	1	Response	53	68334	68173	2
008	1	Sound	test06	71660	71499	1			71500		other	0
008	1	Picture	3-224-1-3	130479	130318	7	5166	7	130000	5000	hit	13
008	1	Response	62	141775	141614	2
008	2	Sound	P2/both	175976	25000	1			25000		other	0
008	2	Response	53	180494	29517	1
008	2	Response	53	184414	33438	1
008	2	Response	53	188974	37998	2
008	2	Response	53	193135	42158	1
008	2	Response	53	197534	46558	2
008	2	Response	53	202734	51758	2
008	2	Response	53	208334	57358	1
008	2	Response	53	214094	63118	1
008	2	Response	53	220734	69757	2
008	2	Sound	f17	222475	71498	1			71500		other	0
008	2	Picture	2-114-2-2	281294	130318	7	5166	7	130000	5000	hit	26
008	2	Response	61	297054	146078	1
008	3	Sound	P2/both	326792	25000	1			25000		other	0
008	3	Response	53	336654	34862	2
008	3	Response	53	340654	38862	2
008	3	Response	53	344894	43102	1
008	3	Response	53	350094	48302	2
008	3	Response	53	355134	53342	2
008	3	Response	53	360894	59102	1
008	3	Response	53	366414	64622	2
008	3	Response	53	372174	70382	1
008	3	Sound	f02	373292	71500	1			71500		other	0
008	3	Picture	3-114-2-3	432110	130318	7	5166	7	130000	5000	hit	38
008	3	Response	61	442895	141103	2
008	4	Sound	P2/both	477607	24999	1			25000		other	0
008	4	Response	53	479534	26926	2
008	4	Response	53	483774	31166	2
008	4	Response	53	488654	36046	1
008	4	Response	53	494014	41406	1
008	4	Response	53	499454	46846	2
008	4	Response	53	505774	53166	1
008	4	Response	53	512334	59726	2
008	4	Response	53	518254	65646	1
008	4	Sound	n09	524108	71500	1			71500		other	0
008	4	Picture	2-214-2-2	582926	130318	7	5166	7	130000	5000	hit	50
008	4	Response	61	592414	139806	2
008	5	Sound	P0/none1	628424	25000	1			25000		other	0
008	5	Sound	test15	674923	71499	1			71500		other	0
008	5	Picture	2-211-1-2	733742	130318	7	5166	7	130000	5000	incorrect	54
008	5	Response	52	744094	140670	1
008	6	Sound	P0/none	779239	24999	1			25000		other	0
008	6	Sound	test07	825739	71499	1			71500		other	0
008	6	Picture	3-221-1-3	884558	130318	7	5166	7	130000	5000	hit	58
008	6	Response	62	898093	143854	1
008	7	Sound	P0/none	930055	24999	1			25000		other	0
008	7	Sound	f16	976556	71500	1			71500		other	0
008	7	Picture	2-121-1-2	1035373	130318	7	5166	7	130000	5000	hit	62
008	7	Response	62	1044654	139599	2
008	8	Sound	P0/none	1080871	25000	1			25000		other	0
008	8	Sound	f15	1127370	71499	1			71500		other	0
008	8	Picture	2-111-2-2	1186189	130318	7	5166	7	130000	5000	hit	66
008	8	Response	61	1196573	140702	1
008	9	Sound	P1/tapping1	1231687	25000	1			25000		other	0
008	9	Response	53	1235053	28367	2
008	9	Response	53	1241933	35246	2
008	9	Response	53	1247374	40687	2
008	9	Response	53	1251373	44686	1
008	9	Response	53	1256813	50127	1
008	9	Response	53	1260733	54046	1
008	9	Response	53	1266653	59967	1
008	9	Response	53	1271133	64446	1
008	9	Sound	test24	1278186	71499	1			71500		other	0
008	9	Picture	2-212-2-2	1337005	130318	7	5166	7	130000	5000	hit	78
008	9	Response	61	1347533	140847	2
008	10	Sound	P1/tapping	1382502	24999	1			25000		other	0
008	10	Response	53	1382973	25471	2
008	10	Response	53	1388493	30991	1
008	10	Response	53	1396254	38751	2
008	10	Response	53	1399533	42031	1
008	10	Response	53	1406013	48511	2
008	10	Response	53	1409613	52111	1
008	10	Response	53	1414973	57470	2
008	10	Response	53	1418573	61070	1
008	10	Sound	n01	1429002	71500	1			71500		other	0
008	10	Picture	2-222-1-2	1487821	130318	7	5166	7	130000	5000	hit	90
008	10	Response	62	1497933	140431	1
008	11	Sound	P1/tapping	1533318	24999	1			25000		other	0
008	11	Response	53	1536174	27855	2
008	11	Response	53	1542893	34575	1
008	11	Response	53	1549694	41375	2
008	11	Response	53	1554893	46575	1
008	11	Response	53	1562173	53855	1
008	11	Response	53	1566333	58015	3
008	11	Response	53	1572014	63695	2
008	11	Response	53	1576413	68095	1
008	11	Sound	test12	1579818	71499	1			71500		other	0
008	11	Picture	3-222-1-3	1638636	130318	7	5166	7	130000	5000	hit	102
008	11	Response	62	1650813	142495	2
008	12	Sound	P1/tapping	1684134	25000	1			25000		other	0
008	12	Response	53	1694253	35119	1
008	12	Response	53	1700253	41119	2
008	12	Response	53	1705613	46479	1
008	12	Response	53	1711373	52239	2
008	12	Response	53	1716174	57040	2
008	12	Response	53	1721773	62640	2
008	12	Response	53	1727693	68559	2
008	12	Sound	test03	1730633	71499	1			71500		other	0
008	12	Picture	3-222-1-3	1789452	130318	7	5166	7	130000	5000	hit	113
008	12	Response	62	1803053	143919	1
008	13	Sound	P2/beat1	1834950	25001	1			25000		other	0
008	13	Sound	test04	1881450	71500	1			71500		other	0
008	13	Picture	3-213-1-3	1940268	130318	7	5166	7	130000	5000	hit	117
008	13	Response	61	1951293	141343	1
008	14	Sound	P2/beat	1985765	24999	1			25000		other	0
008	14	Sound	f12	2032265	71500	1			71500		other	0
008	14	Picture	3-123-1-3	2091084	130318	7	5166	7	130000	5000	hit	121
008	14	Response	62	2101533	140768	1
008	15	Sound	P2/beat	2136581	25000	1			25000		other	0
008	15	Sound	test21	2183082	71501	1			71500		other	0
008	15	Picture	2-213-2-2	2241899	130318	7	5166	7	130000	5000	hit	125
008	15	Response	61	2251853	140272	1
008	16	Sound	P2/beat	2287397	25000	1			25000		other	0
008	16	Sound	test14	2333897	71500	1			71500		other	0
008	16	Picture	2-213-1-2	2392715	130318	7	5166	7	130000	5000	incorrect	129
008	16	Response	52	2405693	143296	1
008	17	Sound	P0/none1	2438213	25000	1			25000		other	0
008	17	Sound	f08	2484713	71500	1			71500		other	0
008	17	Picture	2-121-1-2	2543531	130318	7	5166	7	130000	5000	hit	133
008	17	Response	62	2556973	143760	2
008	18	Sound	P0/none	2589029	25000	1			25000		other	0
008	18	Sound	f05	2635528	71500	1			71500		other	0
008	18	Picture	3-121-1-3	2694347	130318	7	5166	7	130000	5000	hit	137
008	18	Response	62	2704333	140305	1
008	19	Sound	P0/none	2739844	25000	1			25000		other	0
008	19	Sound	n05	2786345	71500	1			71500		other	0
008	19	Picture	2-111-2-2	2845162	130318	7	5166	7	130000	5000	hit	141
008	19	Response	61	2854173	139328	1
008	20	Sound	P0/none	2890660	25000	1			25000		other	0
008	20	Sound	f13	2937160	71499	1			71500		other	0
008	20	Picture	2-111-1-2	2995978	130318	7	5166	7	130000	5000	hit	145
008	20	Response	61	3005453	139792	1
008	21	Sound	P2/beat1	3041476	25001	1			25000		other	0
008	21	Sound	f06	3087976	71500	1			71500		other	0
008	21	Picture	3-113-1-3	3146794	130318	7	5166	7	130000	5000	hit	149
008	21	Response	61	3156013	139537	2
008	22	Sound	P2/beat	3192291	25000	1			25000		other	0
008	22	Sound	n03	3238791	71500	1			71500		other	0
008	22	Picture	3-113-1-3	3297610	130318	7	5166	7	130000	5000	hit	153
008	22	Response	61	3307133	139841	1
008	23	Sound	P2/beat	3343107	24999	1			25000		other	0
008	23	Sound	f22	3389606	71499	1			71500		other	0
008	23	Picture	2-113-2-2	3448426	130318	7	5166	7	130000	5000	hit	157
008	23	Response	61	3457532	139425	1
008	24	Sound	P2/beat	3493923	25000	1			25000		other	0
008	24	Sound	test11	3540424	71500	1			71500		other	0
008	24	Picture	3-213-1-3	3599241	130318	7	5166	7	130000	5000	hit	161
008	24	Response	61	3608092	139169	1
008	25	Sound	P2/both1	3644738	25000	1			25000		other	0
008	25	Response	53	3646332	26593	2
008	25	Response	53	3650652	30913	1
008	25	Response	53	3655692	35953	1
008	25	Response	53	3662012	42273	2
008	25	Response	53	3668013	48274	1
008	25	Response	53	3673852	54113	1
008	25	Response	53	3679772	60033	3
008	25	Response	53	3685772	66033	2
008	25	Sound	test05	3691239	71500	1			71500		other	0
008	25	Response	53	3692572	72833	2
008	25	Picture	3-224-1-3	3750057	130318	7	5166	7	130000	5000	hit	174
008	25	Response	62	3760732	140993	3
008	26	Sound	P2/both	3795554	24999	1			25000		other	0
008	26	Response	53	3797372	26818	2
008	26	Response	53	3801772	31217	2
008	26	Response	53	3806893	36338	1
008	26	Response	53	3812573	42018	3
008	26	Response	53	3818492	47938	2
008	26	Response	53	3824572	54018	1
008	26	Response	53	3830892	60337	1
008	26	Response	53	3837772	67218	2
008	26	Sound	n12	3842054	71500	1			71500		other	0
008	26	Picture	2-114-2-2	3900873	130318	7	5166	7	130000	5000	hit	186
008	26	Response	61	3914812	144258	1
008	27	Sound	P2/both	3946370	24999	1			25000		other	0
008	27	Response	53	3948252	26882	2
008	27	Response	53	3952892	31522	2
008	27	Response	53	3958092	36722	1
008	27	Response	53	3963612	42242	1
008	27	Response	53	3969212	47842	1
008	27	Response	53	3975052	53682	2
008	27	Response	53	3981293	59922	2
008	27	Response	53	3988012	66642	1
008	27	Sound	n10	3992870	71500	1			71500		other	0
008	27	Picture	2-124-1-2	4051689	130318	7	5166	7	130000	5000	hit	198
008	27	Response	62	4066652	145282	1
008	28	Response	53	4094412	22226	1
008	28	Sound	P2/both	4097186	25000	1			25000		other	0
008	28	Response	53	4101052	28866	2
008	28	Response	53	4106972	34786	1
008	28	Response	53	4113532	41346	1
008	28	Response	53	4119372	47186	1
008	28	Response	53	4125692	53506	1
008	28	Response	53	4131853	59667	2
008	28	Response	53	4137612	65426	2
008	28	Sound	test25	4143685	71499	1			71500		other	0
008	28	Picture	2-214-1-2	4202504	130318	7	5166	7	130000	5000	hit	210
008	28	Response	61	4214412	142226	1
008	29	Sound	P0/none1	4248002	25000	1			25000		other	0
008	29	Sound	f18	4294503	71501	1			71500		other	0
008	29	Picture	2-121-2-2	4353320	130318	7	5166	7	130000	5000	hit	214
008	29	Response	62	4366332	143330	1
008	30	Sound	P0/none	4398818	25000	1			25000		other	0
008	30	Sound	test10	4445318	71500	1			71500		other	0
008	30	Picture	3-221-1-3	4504136	130318	7	5166	7	130000	5000	hit	218
008	30	Response	62	4514413	140596	2
008	31	Sound	P0/none	4549633	24999	1			25000		other	0
008	31	Sound	test19	4596133	71499	1			71500		other	0
008	31	Picture	3-221-1-3	4654952	130318	7	5166	7	130000	5000	hit	222
008	31	Response	62	4664172	139539	2
008	32	Sound	P0/none	4700450	25001	1			25000		other	0
008	32	Sound	test18	4746949	71500	1			71500		other	0
008	32	Picture	2-211-1-2	4805767	130318	7	5166	7	130000	5000	incorrect	226
008	32	Response	52	4822732	147283	2
008	33	Sound	P1/tapping1	4851264	24999	1			25000		other	0
008	33	Response	53	4857772	31507	1
008	33	Response	53	4871532	45267	3
008	33	Response	53	4876572	50307	1
008	33	Response	53	4881773	55508	2
008	33	Response	53	4886731	60466	1
008	33	Response	53	4891933	65668	1
008	33	Response	53	4896732	70467	1
008	33	Sound	f11	4897765	71500	1			71500		other	0
008	33	Picture	3-122-1-3	4956583	130318	7	5166	7	130000	5000	hit	237
008	33	Response	62	4967612	141347	2
008	34	Sound	P1/tapping	5002081	25000	1			25000		other	0
008	34	Response	53	5007372	30291	3
008	34	Response	53	5011932	34851	1
008	34	Response	53	5017292	40211	1
008	34	Response	53	5023051	45971	1
008	34	Response	53	5027852	50771	1
008	34	Response	53	5034012	56931	1
008	34	Response	53	5037852	60771	1
008	34	Sound	n07	5048581	71500	1			71500		other	0
008	34	Picture	3-212-1-3	5107399	130318	7	5166	7	130000	5000	hit	248
008	34	Response	61	5117212	140131	2
008	35	Sound	P1/tapping	5152896	24999	1			25000		other	0
008	35	Response	53	5158652	30756	2
008	35	Response	53	5164652	36755	1
008	35	Response	53	5169932	42035	2
008	35	Response	53	5175851	47955	1
008	35	Response	53	5181292	53395	2
008	35	Response	53	5186252	58355	2
008	35	Response	53	5192012	64115	1
008	35	Response	53	5198252	70355	1
008	35	Sound	test09	5199397	71500	1			71500		other	0
008	35	Response	53	5202812	74915	1
008	35	Picture	3-212-1-3	5258215	130318	7	5166	7	130000	5000	hit	261
008	35	Response	61	5266891	138995	1
008	36	Sound	P1/tapping	5303711	24999	1			25000		other	0
008	36	Response	53	5308732	30019	2
008	36	Response	53	5313132	34419	1
008	36	Response	53	5318412	39699	2
008	36	Response	53	5323932	45219	1
008	36	Response	53	5329292	50579	2
008	36	Response	53	5334092	55379	1
008	36	Response	53	5339132	60419	2
008	36	Response	53	5343612	64899	1
008	36	Sound	test22	5350212	71499	1			71500		other	0
008	36	Picture	2-222-2-2	5409031	130318	7	5166	7	130000	5000	hit	273
008	36	Response	62	5420971	142259	1
008	37	Sound	P2/beat1	5454528	25000	1			25000		other	0
008	37	Sound	f14	5501028	71500	1			71500		other	0
008	37	Picture	2-113-2-2	5559846	130318	7	5166	7	130000	5000	hit	277
008	37	Response	61	5572252	142723	2
008	38	Sound	P2/beat	5605344	25000	1			25000		other	0
008	38	Sound	test17	5651845	71501	1			71500		other	0
008	38	Picture	3-223-1-3	5710662	130318	7	5166	7	130000	5000	hit	281
008	38	Response	62	5720812	140468	2
008	39	Sound	P2/beat	5756159	24999	1			25000		other	0
008	39	Sound	n14	5802659	71500	1			71500		other	0
008	39	Picture	2-123-2-2	5861478	130318	7	5166	7	130000	5000	hit	285
008	39	Response	62	5876172	145012	1
008	40	Sound	P2/beat	5906976	25000	1			25000		other	0
008	40	Sound	f01	5953474	71499	1			71500		other	0
008	40	Picture	3-123-1-3	6012294	130318	7	5166	7	130000	5000	hit	289
008	40	Response	62	6025131	143155	2
008	41	Sound	P2/both1	6057791	25000	1			25000		other	0
008	41	Response	53	6059532	26740	2
008	41	Response	53	6064331	31540	2
008	41	Response	53	6068971	36180	2
008	41	Response	53	6074891	42100	1
008	41	Response	53	6081211	48420	3
008	41	Response	53	6086651	53859	1
008	41	Response	53	6092331	59540	1
008	41	Response	53	6098171	65380	2
008	41	Response	53	6103931	71140	1
008	41	Sound	n06	6104291	71499	1			71500		other	0
008	41	Picture	2-214-2-2	6163110	130318	7	5166	7	130000	5000	hit	302
008	41	Response	61	6173451	140660	2
008	42	Sound	P2/both	6208607	25000	1			25000		other	0
008	42	Response	53	6214571	30964	1
008	42	Response	53	6219451	35844	1
008	42	Response	53	6224571	40964	1
008	42	Response	53	6230812	47205	2
008	42	Response	53	6236331	52724	1
008	42	Response	53	6241931	58324	2
008	42	Response	53	6247531	63924	2
008	42	Response	53	6253771	70164	1
008	42	Sound	f23	6255107	71499	1			71500		other	0
008	42	Picture	3-124-1-3	6313925	130318	7	5166	7	130000	5000	hit	314
008	42	Response	62	6326251	142644	1
008	43	Response	53	6358251	23828	2
008	43	Sound	P2/both	6359422	24999	1			25000		other	0
008	43	Response	53	6364011	29588	1
008	43	Response	53	6369851	35428	2
008	43	Response	53	6374971	40548	2
008	43	Response	53	6380812	46389	2
008	43	Response	53	6386411	51988	2
008	43	Response	53	6392491	58068	1
008	43	Response	53	6398331	63908	2
008	43	Response	53	6405131	70708	2
008	43	Sound	test02	6405923	71500	1			71500		other	0
008	43	Picture	3-214-1-3	6464741	130318	7	5166	7	130000	5000	hit	327
008	43	Response	61	6473371	138949	1
008	44	Sound	P2/both	6510238	24999	1			25000		other	0
008	44	Response	53	6512091	26852	2
008	44	Response	53	6516731	31492	2
008	44	Response	53	6522171	36932	2
008	44	Response	53	6527371	42132	2
008	44	Response	53	6532971	47732	1
008	44	Response	53	6538411	53172	1
008	44	Response	53	6544731	59492	1
008	44	Response	53	6550411	65172	1
008	44	Sound	test08	6556740	71501	1			71500		other	0
008	44	Picture	3-214-1-3	6615557	130318	7	5166	7	130000	5000	hit	339
008	44	Response	61	6625851	140612	2
008	45	Sound	P0/none1	6661055	25000	1			25000		other	0
008	45	Sound	f10	6707554	71499	1			71500		other	0
008	45	Picture	3-121-1-3	6766373	130318	7	5166	7	130000	5000	hit	343
008	45	Response	62	6777211	141157	1
008	46	Sound	P0/none	6811870	24999	1			25000		other	0
008	46	Sound	f04	6858371	71500	1			71500		other	0
008	46	Picture	3-121-1-3	6917189	130318	7	5166	7	130000	5000	hit	347
008	46	Response	62	6927212	140341	3
008	47	Sound	P0/none	6962686	25000	1			25000		other	0
008	47	Sound	n11	7009186	71500	1			71500		other	0
008	47	Picture	3-121-2-3	7068004	130318	7	5166	7	130000	5000	hit	351
008	47	Response	62	7078971	141285	2
008	48	Sound	P0/none	7113502	25000	1			25000		other	0
008	48	Sound	test16	7160002	71500	1			71500		other	0
008	48	Picture	2-221-1-2	7218820	130318	7	5165	7	130000	5000	miss	0
008	49	Sound	P2/beat1	7264317	25000	1			25000		other	0
008	49	Sound	test13	7310818	71500	1			71500		other	0
008	49	Picture	2-223-1-2	7369636	130318	7	5166	7	130000	5000	hit	358
008	49	Response	62	7380332	141014	3
008	50	Sound	P2/beat	7415134	25000	1			25000		other	0
008	50	Sound	f21	7461634	71500	1			71500		other	0
008	50	Picture	2-113-2-2	7520452	130318	7	5166	7	130000	5000	incorrect	362
008	50	Response	52	7531931	141797	1
008	51	Sound	P2/beat	7565949	24999	1			25000		other	0
008	51	Sound	n13	7612450	71500	1			71500		other	0
008	51	Picture	2-213-1-2	7671268	130318	7	5166	7	130000	5000	hit	366
008	51	Response	61	7682331	141382	3
008	52	Sound	P2/beat	7716765	24999	1			25000		other	0
008	52	Sound	f09	7763265	71500	1			71500		other	0
008	52	Picture	3-123-1-3	7822083	130318	7	5166	7	130000	5000	hit	370
008	52	Response	62	7831130	139365	2
008	53	Sound	P2/both1	7867581	24999	1			25000		other	0
008	53	Response	53	7869371	26790	2
008	53	Response	53	7873690	31109	1
008	53	Response	53	7878251	35669	2
008	53	Response	53	7883930	41349	2
008	53	Response	53	7890011	47429	1
008	53	Response	53	7895370	52789	2
008	53	Response	53	7900811	58229	2
008	53	Response	53	7906811	64229	2
008	53	Response	53	7914011	71430	2
008	53	Sound	f07	7914080	71499	1			71500		other	0
008	53	Picture	3-114-1-3	7972899	130318	7	5166	7	130000	5000	incorrect	383
008	53	Response	52	7982410	139829	1
008	54	Sound	P2/both	8018396	25000	1			25000		other	0
008	54	Response	53	8021690	28294	1
008	54	Response	53	8025691	32294	1
008	54	Response	53	8030410	37014	2
008	54	Response	53	8034970	41574	1
008	54	Response	53	8041050	47654	1
008	54	Response	53	8046170	52774	1
008	54	Response	53	8051130	57734	1
008	54	Response	53	8057290	63893	2
008	54	Response	53	8063130	69734	1
008	54	Sound	test23	8064898	71501	1			71500		other	0
008	54	Picture	2-214-2-2	8123715	130318	7	5166	7	130000	5000	incorrect	396
008	54	Response	52	8133371	139974	2
008	55	Response	53	8166331	22118	1
008	55	Sound	P2/both	8169212	25000	1			25000		other	0
008	55	Response	53	8172810	28597	1
008	55	Response	53	8179450	35237	1
008	55	Response	53	8185851	41638	2
008	55	Response	53	8191931	47718	2
008	55	Response	53	8197690	53478	2
008	55	Response	53	8203691	59478	2
008	55	Response	53	8210090	65878	1
008	55	Sound	f03	8215711	71498	1			71500		other	0
008	55	Picture	3-124-1-3	8274531	130318	7	5166	7	130000	5000	hit	408
008	55	Response	62	8286651	142438	1
008	56	Sound	P2/both	8320029	25001	1			25000		other	0
008	56	Response	53	8321850	26822	1
008	56	Response	53	8326410	31382	1
008	56	Response	53	8331851	36823	1
008	56	Response	53	8337690	42662	1
008	56	Response	53	8343930	48902	1
008	56	Response	53	8349770	54742	1
008	56	Response	53	8355610	60582	1
008	56	Response	53	8361850	66821	2
008	56	Sound	f20	8366528	71499	1			71500		other	0
008	56	Picture	2-114-2-2	8425347	130318	7	5166	7	130000	5000	hit	420
008	56	Response	61	8435690	140662	2
008	57	Sound	P1/tapping1	8470845	25000	1			25000		other	0
008	57	Response	53	8472650	26806	1
008	57	Response	53	8477211	31366	2
008	57	Response	53	8484570	38726	1
008	57	Response	53	8491611	45767	1
008	57	Response	53	8496090	50246	1
008	57	Response	53	8500810	54966	2
008	57	Response	53	8505370	59526	1
008	57	Response	53	8508890	63045	2
008	57	Response	53	8512810	66966	1
008	57	Response	53	8516090	70246	1
008	57	Sound	test01	8517344	71499	1			71500		other	0
008	57	Picture	3-222-1-3	8576163	130318	7	5166	7	130000	5000	hit	434
008	57	Response	62	8586491	140646	2
008	58	Sound	P1/tapping	8621660	24999	1			25000		other	0
008	58	Response	53	8625850	29190	2
008	58	Response	53	8631210	34550	1
008	58	Response	53	8636570	39910	1
008	58	Response	53	8641610	44950	1
008	58	Response	53	8646570	49910	1
008	58	Response	53	8650890	54230	2
008	58	Response	53	8655210	58550	1
008	58	Response	53	8658890	62230	2
008	58	Sound	n04	8668159	71499	1			71500		other	0
008	58	Picture	3-212-1-3	8726978	130318	7	5166	7	130000	5000	incorrect	446
008	58	Response	52	8739210	142550	1
008	59	Sound	P1/tapping	8772475	24999	1			25000		other	0
008	59	Response	53	8774811	27335	3
008	59	Response	53	8779370	31894	2
008	59	Response	53	8784330	36854	1
008	59	Response	53	8790010	42534	2
008	59	Response	53	8795290	47814	1
008	59	Response	53	8800410	52934	1
008	59	Response	53	8806250	58774	1
008	59	Response	53	8810570	63094	2
008	59	Sound	f19	8818975	71499	1			71500		other	0
008	59	Picture	2-122-2-2	8877794	130318	7	5166	7	130000	5000	hit	458
008	59	Response	62	8887930	140454	1
008	60	Sound	P1/tapping	8923292	25000	1			25000		other	0
008	60	Response	53	8925850	27558	2
008	60	Response	53	8931530	33238	1
008	60	Response	53	8937130	38838	2
008	60	Response	53	8941690	43398	1
008	60	Response	53	8946490	48198	1
008	60	Response	53	8950890	52598	1
008	60	Response	53	8955210	56918	1
008	60	Sound	f24	8969792	71500	1			71500		other	0
008	60	Picture	2-122-1-2	9028610	130318	7	5166	7	130000	5000	hit	469
008	60	Response	62	9038010	139718	2


Event Type	Code	Type	Response	RT	RT Uncertainty	Time	Uncertainty	Duration	Uncertainty	ReqTime	ReqDur

Sound	P2/both1	other				25160	1			25000
Sound	test06	other				71660	1			71500
Picture	3-224-1-3	hit	2	11296	8	130479	7	5166	7	130000	5000
Sound	P2/both	other				175976	1			25000
Sound	f17	other				222475	1			71500
Picture	2-114-2-2	hit	1	15759	7	281294	7	5166	7	130000	5000
Sound	P2/both	other				326792	1			25000
Sound	f02	other				373292	1			71500
Picture	3-114-2-3	hit	1	10784	8	432110	7	5166	7	130000	5000
Sound	P2/both	other				477607	1			25000
Sound	n09	other				524108	1			71500
Picture	2-214-2-2	hit	1	9488	8	582926	7	5166	7	130000	5000
Sound	P0/none1	other				628424	1			25000
Sound	test15	other				674923	1			71500
Picture	2-211-1-2	incorrect	2	10352	7	733742	7	5166	7	130000	5000
Sound	P0/none	other				779239	1			25000
Sound	test07	other				825739	1			71500
Picture	3-221-1-3	hit	2	13536	8	884558	7	5166	7	130000	5000
Sound	P0/none	other				930055	1			25000
Sound	f16	other				976556	1			71500
Picture	2-121-1-2	hit	2	9281	8	1035373	7	5166	7	130000	5000
Sound	P0/none	other				1080871	1			25000
Sound	f15	other				1127370	1			71500
Picture	2-111-2-2	hit	1	10384	8	1186189	7	5166	7	130000	5000
Sound	P1/tapping1	other				1231687	1			25000
Sound	test24	other				1278186	1			71500
Picture	2-212-2-2	hit	1	10529	8	1337005	7	5166	7	130000	5000
Sound	P1/tapping	other				1382502	1			25000
Sound	n01	other				1429002	1			71500
Picture	2-222-1-2	hit	2	10113	7	1487821	7	5166	7	130000	5000
Sound	P1/tapping	other				1533318	1			25000
Sound	test12	other				1579818	1			71500
Picture	3-222-1-3	hit	2	12177	8	1638636	7	5166	7	130000	5000
Sound	P1/tapping	other				1684134	1			25000
Sound	test03	other				1730633	1			71500
Picture	3-222-1-3	hit	2	13601	7	1789452	7	5166	7	130000	5000
Sound	P2/beat1	other				1834950	1			25000
Sound	test04	other				1881450	1			71500
Picture	3-213-1-3	hit	1	11025	7	1940268	7	5166	7	130000	5000
Sound	P2/beat	other				1985765	1			25000
Sound	f12	other				2032265	1			71500
Picture	3-123-1-3	hit	2	10450	7	2091084	7	5166	7	130000	5000
Sound	P2/beat	other				2136581	1			25000
Sound	test21	other				2183082	1			71500
Picture	2-213-2-2	hit	1	9954	7	2241899	7	5166	7	130000	5000
Sound	P2/beat	other				2287397	1			25000
Sound	test14	other				2333897	1			71500
Picture	2-213-1-2	incorrect	2	12978	7	2392715	7	5166	7	130000	5000
Sound	P0/none1	other				2438213	1			25000
Sound	f08	other				2484713	1			71500
Picture	2-121-1-2	hit	2	13442	8	2543531	7	5166	7	130000	5000
Sound	P0/none	other				2589029	1			25000
Sound	f05	other				2635528	1			71500
Picture	3-121-1-3	hit	2	9986	7	2694347	7	5166	7	130000	5000
Sound	P0/none	other				2739844	1			25000
Sound	n05	other				2786345	1			71500
Picture	2-111-2-2	hit	1	9010	7	2845162	7	5166	7	130000	5000
Sound	P0/none	other				2890660	1			25000
Sound	f13	other				2937160	1			71500
Picture	2-111-1-2	hit	1	9474	7	2995978	7	5166	7	130000	5000
Sound	P2/beat1	other				3041476	1			25000
Sound	f06	other				3087976	1			71500
Picture	3-113-1-3	hit	1	9219	8	3146794	7	5166	7	130000	5000
Sound	P2/beat	other				3192291	1			25000
Sound	n03	other				3238791	1			71500
Picture	3-113-1-3	hit	1	9523	7	3297610	7	5166	7	130000	5000
Sound	P2/beat	other				3343107	1			25000
Sound	f22	other				3389606	1			71500
Picture	2-113-2-2	hit	1	9107	7	3448426	7	5166	7	130000	5000
Sound	P2/beat	other				3493923	1			25000
Sound	test11	other				3540424	1			71500
Picture	3-213-1-3	hit	1	8851	7	3599241	7	5166	7	130000	5000
Sound	P2/both1	other				3644738	1			25000
Sound	test05	other				3691239	1			71500
Picture	3-224-1-3	hit	2	10675	9	3750057	7	5166	7	130000	5000
Sound	P2/both	other				3795554	1			25000
Sound	n12	other				3842054	1			71500
Picture	2-114-2-2	hit	1	13939	7	3900873	7	5166	7	130000	5000
Sound	P2/both	other				3946370	1			25000
Sound	n10	other				3992870	1			71500
Picture	2-124-1-2	hit	2	14964	7	4051689	7	5166	7	130000	5000
Sound	P2/both	other				4097186	1			25000
Sound	test25	other				4143685	1			71500
Picture	2-214-1-2	hit	1	11908	7	4202504	7	5166	7	130000	5000
Sound	P0/none1	other				4248002	1			25000
Sound	f18	other				4294503	1			71500
Picture	2-121-2-2	hit	2	13012	7	4353320	7	5166	7	130000	5000
Sound	P0/none	other				4398818	1			25000
Sound	test10	other				4445318	1			71500
Picture	3-221-1-3	hit	2	10277	8	4504136	7	5166	7	130000	5000
Sound	P0/none	other				4549633	1			25000
Sound	test19	other				4596133	1			71500
Picture	3-221-1-3	hit	2	9220	8	4654952	7	5166	7	130000	5000
Sound	P0/none	other				4700450	1			25000
Sound	test18	other				4746949	1			71500
Picture	2-211-1-2	incorrect	2	16964	8	4805767	7	5166	7	130000	5000
Sound	P1/tapping1	other				4851264	1			25000
Sound	f11	other				4897765	1			71500
Picture	3-122-1-3	hit	2	11028	8	4956583	7	5166	7	130000	5000
Sound	P1/tapping	other				5002081	1			25000
Sound	n07	other				5048581	1			71500
Picture	3-212-1-3	hit	1	9813	8	5107399	7	5166	7	130000	5000
Sound	P1/tapping	other				5152896	1			25000
Sound	test09	other				5199397	1			71500
Picture	3-212-1-3	hit	1	8677	7	5258215	7	5166	7	130000	5000
Sound	P1/tapping	other				5303711	1			25000
Sound	test22	other				5350212	1			71500
Picture	2-222-2-2	hit	2	11941	8	5409031	7	5166	7	130000	5000
Sound	P2/beat1	other				5454528	1			25000
Sound	f14	other				5501028	1			71500
Picture	2-113-2-2	hit	1	12405	8	5559846	7	5166	7	130000	5000
Sound	P2/beat	other				5605344	1			25000
Sound	test17	other				5651845	1			71500
Picture	3-223-1-3	hit	2	10149	8	5710662	7	5166	7	130000	5000
Sound	P2/beat	other				5756159	1			25000
Sound	n14	other				5802659	1			71500
Picture	2-123-2-2	hit	2	14694	7	5861478	7	5166	7	130000	5000
Sound	P2/beat	other				5906976	1			25000
Sound	f01	other				5953474	1			71500
Picture	3-123-1-3	hit	2	12837	8	6012294	7	5166	7	130000	5000
Sound	P2/both1	other				6057791	1			25000
Sound	n06	other				6104291	1			71500
Picture	2-214-2-2	hit	1	10342	8	6163110	7	5166	7	130000	5000
Sound	P2/both	other				6208607	1			25000
Sound	f23	other				6255107	1			71500
Picture	3-124-1-3	hit	2	12326	7	6313925	7	5166	7	130000	5000
Sound	P2/both	other				6359422	1			25000
Sound	test02	other				6405923	1			71500
Picture	3-214-1-3	hit	1	8630	7	6464741	7	5166	7	130000	5000
Sound	P2/both	other				6510238	1			25000
Sound	test08	other				6556740	1			71500
Picture	3-214-1-3	hit	1	10294	8	6615557	7	5166	7	130000	5000
Sound	P0/none1	other				6661055	1			25000
Sound	f10	other				6707554	1			71500
Picture	3-121-1-3	hit	2	10838	7	6766373	7	5166	7	130000	5000
Sound	P0/none	other				6811870	1			25000
Sound	f04	other				6858371	1			71500
Picture	3-121-1-3	hit	2	10023	9	6917189	7	5166	7	130000	5000
Sound	P0/none	other				6962686	1			25000
Sound	n11	other				7009186	1			71500
Picture	3-121-2-3	hit	2	10967	8	7068004	7	5166	7	130000	5000
Sound	P0/none	other				7113502	1			25000
Sound	test16	other				7160002	1			71500
Picture	2-221-1-2	miss				7218820	7	5165	7	130000	5000
Sound	P2/beat1	other				7264317	1			25000
Sound	test13	other				7310818	1			71500
Picture	2-223-1-2	hit	2	10695	9	7369636	7	5166	7	130000	5000
Sound	P2/beat	other				7415134	1			25000
Sound	f21	other				7461634	1			71500
Picture	2-113-2-2	incorrect	2	11479	7	7520452	7	5166	7	130000	5000
Sound	P2/beat	other				7565949	1			25000
Sound	n13	other				7612450	1			71500
Picture	2-213-1-2	hit	1	11063	9	7671268	7	5166	7	130000	5000
Sound	P2/beat	other				7716765	1			25000
Sound	f09	other				7763265	1			71500
Picture	3-123-1-3	hit	2	9047	8	7822083	7	5166	7	130000	5000
Sound	P2/both1	other				7867581	1			25000
Sound	f07	other				7914080	1			71500
Picture	3-114-1-3	incorrect	2	9511	8	7972899	7	5166	7	130000	5000
Sound	P2/both	other				8018396	1			25000
Sound	test23	other				8064898	1			71500
Picture	2-214-2-2	incorrect	2	9656	8	8123715	7	5166	7	130000	5000
Sound	P2/both	other				8169212	1			25000
Sound	f03	other				8215711	1			71500
Picture	3-124-1-3	hit	2	12120	7	8274531	7	5166	7	130000	5000
Sound	P2/both	other				8320029	1			25000
Sound	f20	other				8366528	1			71500
Picture	2-114-2-2	hit	1	10344	8	8425347	7	5166	7	130000	5000
Sound	P1/tapping1	other				8470845	1			25000
Sound	test01	other				8517344	1			71500
Picture	3-222-1-3	hit	2	10328	8	8576163	7	5166	7	130000	5000
Sound	P1/tapping	other				8621660	1			25000
Sound	n04	other				8668159	1			71500
Picture	3-212-1-3	incorrect	2	12232	7	8726978	7	5166	7	130000	5000
Sound	P1/tapping	other				8772475	1			25000
Sound	f19	other				8818975	1			71500
Picture	2-122-2-2	hit	2	10136	7	8877794	7	5166	7	130000	5000
Sound	P1/tapping	other				8923292	1			25000
Sound	f24	other				8969792	1			71500
Picture	2-122-1-2	hit	2	9400	8	9028610	7	5166	7	130000	5000


{
   "app": "Presentation Version 22.1 Build 01.21.21",
   "device": "Dell Inc. OptiPlex 7050",
   "experiment": "{C8E97CB4-6FCA-44FA-B866-4A2D94B6B85C}",
   "os": "Windows 10 64 bit",
   "package": "",
   "parameters": {
      "configuration": "Default configuration"
   },
   "scenario": "entrain_list1_sess4_EB.sce",
   "subject": "008",
   "timestamp": "2022/04/15 14:20:49 GMT"
}
