Scenario - test
Logfile written - 04/15/2022 15:55:35

Subject	Trial	Event Type	Code	Time	TTime	Uncertainty	Duration	Uncertainty	ReqTime	ReqDur	Stim Type	Pair Index

008	1	Sound	P2/beat1	25160	25000	1			25000		other	0
008	1	Sound	n05	71661	71500	1			71500		other	0
008	1	Picture	3-113-1-3	130478	130318	7	5166	7	130000	5000	incorrect	4
008	1	Response	52	142981	142821	1
008	2	Sound	P2/beat	175977	25000	1			25000		other	0
008	2	Sound	f05	222476	71500	1			71500		other	0
008	2	Picture	3-113-1-3	281294	130318	7	5166	7	130000	5000	hit	8
008	2	Response	61	292100	141124	1
008	3	Sound	P2/beat	326791	24999	1			25000		other	0
008	3	Sound	n01	373291	71499	1			71500		other	0
008	3	Picture	3-223-1-3	432110	130318	7	5166	7	130000	5000	hit	12
008	3	Response	62	443140	141349	1
008	4	Sound	P2/beat	477607	25000	1			25000		other	0
008	4	Sound	test15	524107	71499	1			71500		other	0
008	4	Picture	2-223-1-2	582925	130318	7	5166	7	130000	5000	miss	0
008	5	Sound	P1/tapping1	628421	24999	1			25000		other	0
008	5	Response	53	634741	31318	1
008	5	Response	53	639701	36278	2
008	5	Response	53	644980	41557	1
008	5	Response	53	650180	46757	1
008	5	Response	53	655541	52118	1
008	5	Response	53	660580	57158	1
008	5	Response	53	665780	62357	1
008	5	Response	53	670980	67557	1
008	5	Sound	f08	674922	71499	1			71500		other	0
008	5	Picture	3-122-2-3	733741	130318	7	5166	7	130000	5000	hit	27
008	5	Response	62	748741	145318	2
008	6	Sound	P1/tapping	779238	25000	1			25000		other	0
008	6	Response	53	782340	28102	1
008	6	Response	53	786581	32342	1
008	6	Response	53	791780	37541	1
008	6	Response	53	797060	42822	1
008	6	Response	53	802020	47782	1
008	6	Response	53	806900	52662	1
008	6	Response	53	812340	58102	1
008	6	Response	53	817381	63143	2
008	6	Response	53	822500	68262	1
008	6	Sound	f01	825737	71499	1			71500		other	0
008	6	Picture	2-122-1-2	884556	130318	7	5166	7	130000	5000	hit	40
008	6	Response	62	898180	143942	2
008	7	Response	53	926580	21526	1
008	7	Sound	P1/tapping	930054	25001	1			25000		other	0
008	7	Response	53	932980	27926	1
008	7	Response	53	938340	33286	1
008	7	Response	53	943140	38087	2
008	7	Response	53	948500	43446	1
008	7	Response	53	953220	48166	1
008	7	Response	53	957940	52886	1
008	7	Response	53	964020	58966	1
008	7	Response	53	968820	63766	2
008	7	Response	53	973780	68726	1
008	7	Sound	n03	976554	71500	1			71500		other	0
008	7	Picture	3-122-1-3	1035372	130318	7	5166	7	130000	5000	hit	54
008	7	Response	62	1055300	150246	1
008	8	Sound	P1/tapping	1080869	25000	1			25000		other	0
008	8	Response	53	1083780	27911	1
008	8	Response	53	1089141	33271	2
008	8	Response	53	1094020	38150	1
008	8	Response	53	1098820	42950	1
008	8	Response	53	1103380	47510	1
008	8	Response	53	1108580	52710	1
008	8	Response	53	1113300	57430	1
008	8	Response	53	1118580	62710	1
008	8	Response	53	1123140	67271	1
008	8	Sound	test18	1127369	71499	1			71500		other	0
008	8	Picture	3-212-1-3	1186187	130318	7	5166	7	130000	5000	hit	67
008	8	Response	61	1198100	142231	2
008	9	Sound	P2/both1	1231685	25000	1			25000		other	0
008	9	Response	53	1236580	29895	1
008	9	Response	53	1242100	35415	1
008	9	Response	53	1248100	41415	1
008	9	Response	53	1254180	47495	2
008	9	Response	53	1260419	53734	1
008	9	Response	53	1266419	59734	1
008	9	Response	53	1272820	66135	1
008	9	Sound	test13	1278185	71500	1			71500		other	0
008	9	Response	53	1279541	72856	2
008	9	Picture	3-214-1-3	1337003	130318	7	5166	7	130000	5000	hit	79
008	9	Response	61	1351460	144775	1
008	10	Sound	P2/both	1382501	25000	1			25000		other	0
008	10	Response	53	1385700	28200	1
008	10	Response	53	1391940	34440	1
008	10	Response	53	1397700	40199	1
008	10	Response	53	1403620	46119	1
008	10	Response	53	1409941	52440	1
008	10	Response	53	1416100	58599	1
008	10	Response	53	1422980	65479	1
008	10	Sound	test04	1429000	71500	1			71500		other	0
008	10	Picture	2-224-1-2	1487818	130318	7	5166	7	130000	5000	hit	90
008	10	Response	62	1498820	141320	1
008	11	Sound	P2/both	1533316	25000	1			25000		other	0
008	11	Response	53	1536500	28184	1
008	11	Response	53	1541379	33063	2
008	11	Response	53	1545939	37623	1
008	11	Response	53	1551220	42904	1
008	11	Response	53	1556660	48343	1
008	11	Response	53	1562500	54184	2
008	11	Response	53	1568100	59784	1
008	11	Response	53	1574259	65943	1
008	11	Sound	f15	1579815	71499	1			71500		other	0
008	11	Picture	3-124-1-3	1638634	130318	7	5166	7	130000	5000	hit	102
008	11	Response	62	1650979	142663	3
008	12	Sound	P2/both	1684131	24999	1			25000		other	0
008	12	Response	53	1692020	32888	1
008	12	Response	53	1695780	36648	1
008	12	Response	53	1700820	41688	2
008	12	Response	53	1705860	46728	1
008	12	Response	53	1711380	52248	1
008	12	Response	53	1717220	58089	1
008	12	Response	53	1723220	64089	1
008	12	Response	53	1728740	69608	1
008	12	Sound	f21	1730632	71500	1			71500		other	0
008	12	Picture	3-124-1-3	1789450	130318	7	5166	7	130000	5000	hit	114
008	12	Response	62	1803940	144808	1
008	13	Sound	P0/none1	1834947	25000	1			25000		other	0
008	13	Sound	n07	1881447	71500	1			71500		other	0
008	13	Picture	2-221-1-2	1940265	130318	7	5166	7	130000	5000	miss	0
008	13	Response	52	1960739	150792	1
008	14	Sound	P0/none	1985762	24999	1			25000		other	0
008	14	Sound	n04	2032263	71500	1			71500		other	0
008	14	Picture	2-211-1-2	2091081	130318	7	5166	7	130000	5000	hit	122
008	14	Response	61	2106500	145738	1
008	15	Sound	P0/none	2136577	24999	1			25000		other	0
008	15	Sound	f03	2183079	71500	1			71500		other	0
008	15	Picture	2-111-1-2	2241896	130318	7	5166	7	130000	5000	incorrect	126
008	15	Response	52	2253779	142201	1
008	16	Sound	P0/none	2287394	25000	1			25000		other	0
008	16	Sound	test05	2333895	71501	1			71500		other	0
008	16	Picture	2-211-1-2	2392712	130318	7	5166	7	130000	5000	hit	130
008	16	Response	61	2404259	141865	1
008	17	Sound	P2/beat1	2438209	25000	1			25000		other	0
008	17	Sound	test16	2484709	71499	1			71500		other	0
008	17	Picture	3-213-1-3	2543528	130318	7	5166	7	130000	5000	incorrect	134
008	17	Response	52	2556499	143290	1
008	18	Sound	P2/beat	2589025	24999	1			25000		other	0
008	18	Sound	f11	2635526	71501	1			71500		other	0
008	18	Picture	3-113-1-3	2694343	130318	7	5166	7	130000	5000	hit	138
008	18	Response	61	2705939	141914	1
008	19	Sound	P2/beat	2739840	25000	1			25000		other	0
008	19	Sound	test07	2786340	71499	1			71500		other	0
008	19	Picture	2-223-1-2	2845159	130318	7	5166	7	130000	5000	hit	142
008	19	Response	62	2858259	143418	1
008	20	Sound	P2/beat	2890656	24999	1			25000		other	0
008	20	Sound	f23	2937157	71500	1			71500		other	0
008	20	Picture	2-113-1-2	2995974	130318	7	5166	7	130000	5000	incorrect	146
008	20	Response	52	3007299	141643	1
008	21	Sound	P0/none1	3041471	24999	1			25000		other	0
008	21	Sound	test23	3087971	71499	1			71500		other	0
008	21	Picture	2-221-2-2	3146790	130318	7	5166	7	130000	5000	hit	150
008	21	Response	62	3157460	140988	2
008	22	Sound	P0/none	3192288	25000	1			25000		other	0
008	22	Sound	f24	3238787	71500	1			71500		other	0
008	22	Picture	3-121-1-3	3297606	130318	7	5166	7	130000	5000	hit	154
008	22	Response	62	3313139	145851	1
008	23	Sound	P0/none	3343104	25001	1			25000		other	0
008	23	Sound	n06	3389604	71501	1			71500		other	0
008	23	Picture	3-211-1-3	3448421	130318	7	5166	7	130000	5000	incorrect	158
008	23	Response	52	3462499	144396	1
008	24	Sound	P0/none	3493918	25000	1			25000		other	0
008	24	Sound	test24	3540419	71500	1			71500		other	0
008	24	Picture	2-221-1-2	3599237	130318	7	5166	7	130000	5000	hit	162
008	24	Response	62	3613619	144700	1
008	25	Sound	P1/tapping1	3644735	25000	1			25000		other	0
008	25	Response	53	3658339	38604	1
008	25	Response	53	3663939	44204	1
008	25	Response	53	3671138	51404	2
008	25	Response	53	3677219	57484	1
008	25	Response	53	3682419	62685	1
008	25	Response	53	3688499	68765	1
008	25	Sound	test02	3691234	71499	1			71500		other	0
008	25	Picture	2-212-1-2	3750053	130318	7	5166	7	130000	5000	hit	172
008	25	Response	61	3760499	140764	1
008	26	Sound	P1/tapping	3795550	25000	1			25000		other	0
008	26	Response	53	3798739	28189	3
008	26	Response	53	3803780	33229	3
008	26	Response	53	3809699	39149	1
008	26	Response	53	3814978	44428	1
008	26	Response	53	3820339	49789	2
008	26	Response	53	3826019	55469	1
008	26	Response	53	3831539	60989	2
008	26	Response	53	3837138	66588	2
008	26	Sound	f14	3842049	71499	1			71500		other	0
008	26	Picture	2-122-2-2	3900868	130318	7	5166	7	130000	5000	hit	184
008	26	Response	62	3913698	143148	1
008	27	Sound	P1/tapping	3946366	25000	1			25000		other	0
008	27	Response	53	3952099	30733	1
008	27	Response	53	3958179	36813	1
008	27	Response	53	3963219	41853	1
008	27	Response	53	3968659	47293	2
008	27	Response	53	3973219	51853	1
008	27	Response	53	3978178	56812	1
008	27	Response	53	3982419	61053	1
008	27	Response	53	3987538	66173	2
008	27	Response	53	3992819	71453	1
008	27	Sound	f17	3992866	71500	1			71500		other	0
008	27	Picture	3-122-1-3	4051684	130318	7	5166	7	130000	5000	miss	0
008	28	Sound	P1/tapping	4097181	25000	1			25000		other	0
008	28	Response	53	4106019	33837	1
008	28	Response	53	4110338	38157	1
008	28	Response	53	4115298	43117	2
008	28	Response	53	4119379	47197	1
008	28	Response	53	4123939	51757	1
008	28	Response	53	4127859	55677	1
008	28	Response	53	4131459	59277	1
008	28	Response	53	4135699	63517	1
008	28	Response	53	4140419	68237	1
008	28	Sound	test17	4143681	71499	1			71500		other	0
008	28	Picture	2-222-2-2	4202499	130318	7	5166	7	130000	5000	hit	209
008	28	Response	62	4212899	140717	3
008	29	Sound	P2/beat1	4247998	25000	1			25000		other	0
008	29	Sound	f10	4294497	71500	1			71500		other	0
008	29	Picture	2-123-1-2	4353315	130318	7	5166	7	130000	5000	hit	213
008	29	Response	62	4365059	142061	2
008	30	Sound	P2/beat	4398813	25000	1			25000		other	0
008	30	Sound	test01	4445313	71500	1			71500		other	0
008	30	Picture	2-223-1-2	4504131	130318	7	5166	7	130000	5000	hit	217
008	30	Response	62	4515218	141405	1
008	31	Sound	P2/beat	4549629	25000	1			25000		other	0
008	31	Sound	test12	4596128	71499	1			71500		other	0
008	31	Picture	2-213-1-2	4654946	130318	7	5166	7	130000	5000	incorrect	221
008	31	Response	52	4668018	143390	1
008	32	Sound	P2/beat	4700444	25000	1			25000		other	0
008	32	Sound	test08	4746943	71499	1			71500		other	0
008	32	Picture	2-223-1-2	4805762	130318	7	5166	7	130000	5000	hit	225
008	32	Response	62	4817138	141694	1
008	33	Sound	P2/both1	4851259	25000	1			25000		other	0
008	33	Response	53	4855298	29038	1
008	33	Response	53	4859698	33439	1
008	33	Response	53	4865458	39199	1
008	33	Response	53	4870978	44718	1
008	33	Response	53	4875858	49598	2
008	33	Response	53	4880818	54558	1
008	33	Response	53	4885858	59598	3
008	33	Response	53	4891458	65198	1
008	33	Response	53	4897539	71279	2
008	33	Sound	f09	4897759	71500	1			71500		other	0
008	33	Picture	3-114-1-3	4956578	130318	7	5166	7	130000	5000	hit	238
008	33	Response	61	4965938	139678	2
008	34	Sound	P2/both	5002075	24999	1			25000		other	0
008	34	Response	53	5004978	27903	1
008	34	Response	53	5009618	32542	1
008	34	Response	53	5014258	37183	2
008	34	Response	53	5019538	42463	1
008	34	Response	53	5025458	48382	1
008	34	Response	53	5030739	53664	2
008	34	Response	53	5037138	60063	1
008	34	Response	53	5043059	65983	2
008	34	Sound	test03	5048575	71499	1			71500		other	0
008	34	Picture	3-214-1-3	5107393	130318	7	5166	7	130000	5000	hit	250
008	34	Response	61	5117618	140543	2
008	35	Sound	P2/both	5152891	25000	1			25000		other	0
008	35	Response	53	5155138	27247	1
008	35	Response	53	5160099	32208	2
008	35	Response	53	5164658	36767	1
008	35	Response	53	5170418	42527	2
008	35	Response	53	5176578	48687	1
008	35	Response	53	5182339	54448	1
008	35	Response	53	5187778	59887	1
008	35	Response	53	5194018	66127	1
008	35	Sound	f04	5199390	71499	1			71500		other	0
008	35	Picture	3-114-1-3	5258209	130318	7	5166	7	130000	5000	hit	262
008	35	Response	61	5267859	139968	1
008	36	Sound	P2/both	5303707	25000	1			25000		other	0
008	36	Response	53	5305618	26911	2
008	36	Response	53	5310418	31711	1
008	36	Response	53	5315218	36511	1
008	36	Response	53	5320498	41791	1
008	36	Response	53	5326578	47871	1
008	36	Response	53	5332578	53871	1
008	36	Response	53	5338498	59791	1
008	36	Response	53	5344178	65471	2
008	36	Sound	f18	5350207	71500	1			71500		other	0
008	36	Picture	2-114-2-2	5409025	130318	7	5166	7	130000	5000	hit	274
008	36	Response	61	5419698	140991	1
008	37	Sound	P0/none1	5454522	25000	1			25000		other	0
008	37	Sound	f19	5501022	71499	1			71500		other	0
008	37	Picture	3-121-1-3	5559840	130318	7	5166	7	130000	5000	hit	278
008	37	Response	62	5574818	145295	1
008	38	Sound	P0/none	5605338	25000	1			25000		other	0
008	38	Sound	test09	5651837	71499	1			71500		other	0
008	38	Picture	2-211-1-2	5710656	130318	7	5166	7	130000	5000	incorrect	282
008	38	Response	52	5724738	144400	1
008	39	Sound	P0/none	5756153	25000	1			25000		other	0
008	39	Sound	f02	5802654	71500	1			71500		other	0
008	39	Picture	3-121-2-3	5861472	130318	7	5166	7	130000	5000	hit	286
008	39	Response	62	5876738	145584	2
008	40	Sound	P0/none	5906969	24999	1			25000		other	0
008	40	Sound	n13	5953469	71500	1			71500		other	0
008	40	Picture	2-221-1-2	6012287	130318	7	5166	7	130000	5000	hit	290
008	40	Response	62	6022898	140929	2
008	41	Sound	P1/tapping1	6057785	25000	1			25000		other	0
008	41	Response	53	6064978	32193	1
008	41	Response	53	6071698	38913	2
008	41	Response	53	6077138	44352	1
008	41	Response	53	6082898	50112	1
008	41	Response	53	6090338	57552	1
008	41	Response	53	6096178	63393	1
008	41	Response	53	6101938	69152	1
008	41	Sound	f16	6104285	71500	1			71500		other	0
008	41	Picture	3-112-1-3	6163103	130318	7	5166	7	130000	5000	incorrect	301
008	41	Response	52	6182898	150112	1
008	42	Sound	P1/tapping	6208601	25000	1			25000		other	0
008	42	Response	53	6211617	28017	1
008	42	Response	53	6216498	32897	1
008	42	Response	53	6222177	38577	1
008	42	Response	53	6227697	44097	1
008	42	Response	53	6233778	50177	1
008	42	Response	53	6239778	56177	1
008	42	Response	53	6245858	62257	1
008	42	Response	53	6251938	68337	1
008	42	Sound	n14	6255100	71500	1			71500		other	0
008	42	Picture	3-112-1-3	6313919	130318	7	5166	7	130000	5000	hit	313
008	42	Response	61	6323697	140097	1
008	43	Sound	P1/tapping	6359417	25000	1			25000		other	0
008	43	Response	53	6364737	30321	1
008	43	Response	53	6370097	35681	1
008	43	Response	53	6375457	41041	2
008	43	Response	53	6380658	46241	1
008	43	Response	53	6386177	51761	1
008	43	Response	53	6392418	58001	1
008	43	Response	53	6397538	63121	1
008	43	Response	53	6403138	68721	2
008	43	Sound	f07	6405916	71499	1			71500		other	0
008	43	Picture	2-112-1-2	6464735	130318	7	5166	7	130000	5000	hit	325
008	43	Response	61	6475138	140721	1
008	44	Sound	P1/tapping	6510233	25001	1			25000		other	0
008	44	Response	53	6514418	29185	1
008	44	Response	53	6520417	35185	3
008	44	Response	53	6524818	39585	1
008	44	Response	53	6530098	44865	1
008	44	Response	53	6536017	50785	1
008	44	Response	53	6541218	55985	2
008	44	Response	53	6547219	61987	1
008	44	Response	53	6553378	68145	1
008	44	Sound	n11	6556731	71499	1			71500		other	0
008	44	Picture	2-112-1-2	6615550	130318	7	5166	7	130000	5000	hit	337
008	44	Response	61	6625298	140065	1
008	45	Sound	P2/both1	6661047	24999	1			25000		other	0
008	45	Response	53	6668818	32770	1
008	45	Response	53	6672818	36770	1
008	45	Response	53	6678258	42210	3
008	45	Response	53	6684018	47970	1
008	45	Response	53	6690017	53969	1
008	45	Response	53	6695537	59489	1
008	45	Response	53	6701537	65489	1
008	45	Response	53	6707298	71250	1
008	45	Sound	test10	6707548	71500	1			71500		other	0
008	45	Picture	2-224-1-2	6766366	130318	7	5166	7	130000	5000	hit	349
008	45	Response	62	6776658	140610	1
008	46	Sound	P2/both	6811864	25000	1			25000		other	0
008	46	Response	53	6814497	27634	1
008	46	Response	53	6818898	32034	1
008	46	Response	53	6823537	36674	1
008	46	Response	53	6828817	41954	1
008	46	Response	53	6834737	47874	1
008	46	Response	53	6840497	53634	1
008	46	Response	53	6846577	59714	1
008	46	Response	53	6852098	65235	2
008	46	Sound	test14	6858363	71500	1			71500		other	0
008	46	Picture	3-224-1-3	6917182	130318	7	5166	7	130000	5000	hit	361
008	46	Response	62	6927538	140674	2
008	47	Sound	P2/both	6962679	25000	1			25000		other	0
008	47	Response	53	6965057	27378	1
008	47	Response	53	6970577	32898	1
008	47	Response	53	6974337	36658	2
008	47	Response	53	6979217	41538	2
008	47	Response	53	6984897	47218	1
008	47	Response	53	6991538	53859	1
008	47	Response	53	6997458	59779	2
008	47	Response	53	7003457	65778	2
008	47	Response	53	7009057	71378	2
008	47	Sound	test21	7009179	71499	1			71500		other	0
008	47	Picture	2-224-2-2	7067997	130318	7	5166	7	130000	5000	hit	374
008	47	Response	62	7085537	147858	1
008	48	Sound	P2/both	7113494	25000	1			25000		other	0
008	48	Response	53	7115538	27043	1
008	48	Response	53	7119617	31122	1
008	48	Response	53	7124417	35922	1
008	48	Response	53	7129857	41362	1
008	48	Response	53	7135857	47362	1
008	48	Response	53	7141617	53122	2
008	48	Response	53	7147778	59283	1
008	48	Response	53	7154577	66083	2
008	48	Sound	test11	7159995	71500	1			71500		other	0
008	48	Picture	3-224-1-3	7218813	130318	7	5166	7	130000	5000	hit	386
008	48	Response	62	7229137	140642	1
008	49	Sound	P1/tapping1	7264311	25000	1			25000		other	0
008	49	Response	53	7267377	28067	1
008	49	Response	53	7272097	32787	2
008	49	Response	53	7278257	38947	1
008	49	Response	53	7283377	44066	2
008	49	Response	53	7289697	50386	1
008	49	Response	53	7295938	56627	2
008	49	Response	53	7301937	62627	1
008	49	Response	53	7307697	68386	1
008	49	Sound	f22	7310811	71500	1			71500		other	0
008	49	Picture	3-112-1-3	7369629	130318	7	5166	7	130000	5000	hit	398
008	49	Response	61	7383937	144626	1
008	50	Sound	P1/tapping	7415126	25000	1			25000		other	0
008	50	Response	53	7419697	29570	1
008	50	Response	53	7426098	35971	2
008	50	Response	53	7431058	40931	1
008	50	Response	53	7436737	46611	1
008	50	Response	53	7442177	52051	2
008	50	Response	53	7447537	57411	1
008	50	Response	53	7452417	62291	1
008	50	Response	53	7458577	68451	1
008	50	Sound	n12	7461626	71500	1			71500		other	0
008	50	Picture	3-112-1-3	7520444	130318	7	5166	7	130000	5000	hit	410
008	50	Response	61	7530177	140050	3
008	51	Sound	P1/tapping	7565941	24999	1			25000		other	0
008	51	Response	53	7570498	29556	1
008	51	Response	53	7575617	34675	1
008	51	Response	53	7580337	39394	1
008	51	Response	53	7585537	44595	1
008	51	Response	53	7590497	49555	2
008	51	Response	53	7595298	54356	1
008	51	Response	53	7600577	59635	1
008	51	Response	53	7605457	64515	1
008	51	Response	53	7610417	69475	1
008	51	Sound	test25	7612443	71501	1			71500		other	0
008	51	Picture	3-222-1-3	7671260	130318	7	5166	7	130000	5000	hit	423
008	51	Response	62	7681857	140915	1
008	52	Sound	P1/tapping	7716758	25000	1			25000		other	0
008	52	Response	53	7719617	27859	1
008	52	Response	53	7724657	32899	2
008	52	Response	53	7728977	37219	1
008	52	Response	53	7734177	42419	1
008	52	Response	53	7738417	46659	1
008	52	Response	53	7743138	51380	1
008	52	Response	53	7747856	56098	3
008	52	Response	53	7751938	60180	1
008	52	Response	53	7757457	65699	1
008	52	Response	53	7762336	70579	2
008	52	Sound	f20	7763258	71501	1			71500		other	0
008	52	Picture	3-112-1-3	7822076	130318	7	5166	7	130000	5000	hit	437
008	52	Response	61	7831778	140020	1
008	53	Sound	P0/none1	7867574	25001	1			25000		other	0
008	53	Sound	f12	7914074	71500	1			71500		other	0
008	53	Picture	3-111-1-3	7972892	130318	7	5166	7	130000	5000	hit	441
008	53	Response	61	7985137	142563	2
008	54	Sound	P0/none	8018389	25000	1			25000		other	0
008	54	Sound	test06	8064889	71500	1			71500		other	0
008	54	Picture	2-211-1-2	8123707	130318	7	5166	7	130000	5000	hit	445
008	54	Response	61	8134258	140869	1
008	55	Sound	P0/none	8169204	24999	1			25000		other	0
008	55	Sound	f06	8215704	71499	1			71500		other	0
008	55	Picture	2-121-1-2	8274523	130318	7	5166	7	130000	5000	hit	449
008	55	Response	62	8294097	149892	1
008	56	Sound	P0/none	8320021	25001	1			25000		other	0
008	56	Sound	n10	8366519	71498	1			71500		other	0
008	56	Picture	3-111-1-3	8425339	130318	7	5166	7	130000	5000	hit	453
008	56	Response	61	8434897	139876	1
008	57	Sound	P2/beat1	8470837	25001	1			25000		other	0
008	57	Sound	f13	8517337	71500	1			71500		other	0
008	57	Picture	2-123-1-2	8576154	130318	7	5166	7	130000	5000	hit	457
008	57	Response	62	8590577	144741	1
008	58	Sound	P2/beat	8621652	25000	1			25000		other	0
008	58	Sound	test22	8668153	71500	1			71500		other	0
008	58	Picture	2-213-2-2	8726970	130318	7	5166	7	130000	5000	hit	461
008	58	Response	61	8736817	140165	2
008	59	Sound	P2/beat	8772467	25000	1			25000		other	0
008	59	Sound	n09	8818967	71499	1			71500		other	0
008	59	Picture	3-223-1-3	8877786	130318	7	5166	7	130000	5000	hit	465
008	59	Response	62	8887776	140309	1
008	60	Sound	P2/beat	8923283	24999	1			25000		other	0
008	60	Sound	test19	8969784	71500	1			71500		other	0
008	60	Picture	2-213-1-2	9028602	130318	7	5166	7	130000	5000	incorrect	469
008	60	Response	52	9038896	140613	1


Event Type	Code	Type	Response	RT	RT Uncertainty	Time	Uncertainty	Duration	Uncertainty	ReqTime	ReqDur

Sound	P2/beat1	other				25160	1			25000
Sound	n05	other				71661	1			71500
Picture	3-113-1-3	incorrect	2	12503	7	130478	7	5166	7	130000	5000
Sound	P2/beat	other				175977	1			25000
Sound	f05	other				222476	1			71500
Picture	3-113-1-3	hit	1	10806	7	281294	7	5166	7	130000	5000
Sound	P2/beat	other				326791	1			25000
Sound	n01	other				373291	1			71500
Picture	3-223-1-3	hit	2	11031	7	432110	7	5166	7	130000	5000
Sound	P2/beat	other				477607	1			25000
Sound	test15	other				524107	1			71500
Picture	2-223-1-2	miss				582925	7	5166	7	130000	5000
Sound	P1/tapping1	other				628421	1			25000
Sound	f08	other				674922	1			71500
Picture	3-122-2-3	hit	2	15000	8	733741	7	5166	7	130000	5000
Sound	P1/tapping	other				779238	1			25000
Sound	f01	other				825737	1			71500
Picture	2-122-1-2	hit	2	13624	8	884556	7	5166	7	130000	5000
Sound	P1/tapping	other				930054	1			25000
Sound	n03	other				976554	1			71500
Picture	3-122-1-3	hit	2	19928	7	1035372	7	5166	7	130000	5000
Sound	P1/tapping	other				1080869	1			25000
Sound	test18	other				1127369	1			71500
Picture	3-212-1-3	hit	1	11913	8	1186187	7	5166	7	130000	5000
Sound	P2/both1	other				1231685	1			25000
Sound	test13	other				1278185	1			71500
Picture	3-214-1-3	hit	1	14457	7	1337003	7	5166	7	130000	5000
Sound	P2/both	other				1382501	1			25000
Sound	test04	other				1429000	1			71500
Picture	2-224-1-2	hit	2	11002	7	1487818	7	5166	7	130000	5000
Sound	P2/both	other				1533316	1			25000
Sound	f15	other				1579815	1			71500
Picture	3-124-1-3	hit	2	12345	9	1638634	7	5166	7	130000	5000
Sound	P2/both	other				1684131	1			25000
Sound	f21	other				1730632	1			71500
Picture	3-124-1-3	hit	2	14490	7	1789450	7	5166	7	130000	5000
Sound	P0/none1	other				1834947	1			25000
Sound	n07	other				1881447	1			71500
Picture	2-221-1-2	miss				1940265	7	5166	7	130000	5000
Sound	P0/none	other				1985762	1			25000
Sound	n04	other				2032263	1			71500
Picture	2-211-1-2	hit	1	15419	7	2091081	7	5166	7	130000	5000
Sound	P0/none	other				2136577	1			25000
Sound	f03	other				2183079	1			71500
Picture	2-111-1-2	incorrect	2	11883	7	2241896	7	5166	7	130000	5000
Sound	P0/none	other				2287394	1			25000
Sound	test05	other				2333895	1			71500
Picture	2-211-1-2	hit	1	11547	7	2392712	7	5166	7	130000	5000
Sound	P2/beat1	other				2438209	1			25000
Sound	test16	other				2484709	1			71500
Picture	3-213-1-3	incorrect	2	12972	7	2543528	7	5166	7	130000	5000
Sound	P2/beat	other				2589025	1			25000
Sound	f11	other				2635526	1			71500
Picture	3-113-1-3	hit	1	11596	7	2694343	7	5166	7	130000	5000
Sound	P2/beat	other				2739840	1			25000
Sound	test07	other				2786340	1			71500
Picture	2-223-1-2	hit	2	13100	7	2845159	7	5166	7	130000	5000
Sound	P2/beat	other				2890656	1			25000
Sound	f23	other				2937157	1			71500
Picture	2-113-1-2	incorrect	2	11325	7	2995974	7	5166	7	130000	5000
Sound	P0/none1	other				3041471	1			25000
Sound	test23	other				3087971	1			71500
Picture	2-221-2-2	hit	2	10670	8	3146790	7	5166	7	130000	5000
Sound	P0/none	other				3192288	1			25000
Sound	f24	other				3238787	1			71500
Picture	3-121-1-3	hit	2	15533	7	3297606	7	5166	7	130000	5000
Sound	P0/none	other				3343104	1			25000
Sound	n06	other				3389604	1			71500
Picture	3-211-1-3	incorrect	2	14078	7	3448421	7	5166	7	130000	5000
Sound	P0/none	other				3493918	1			25000
Sound	test24	other				3540419	1			71500
Picture	2-221-1-2	hit	2	14382	7	3599237	7	5166	7	130000	5000
Sound	P1/tapping1	other				3644735	1			25000
Sound	test02	other				3691234	1			71500
Picture	2-212-1-2	hit	1	10446	7	3750053	7	5166	7	130000	5000
Sound	P1/tapping	other				3795550	1			25000
Sound	f14	other				3842049	1			71500
Picture	2-122-2-2	hit	2	12830	7	3900868	7	5166	7	130000	5000
Sound	P1/tapping	other				3946366	1			25000
Sound	f17	other				3992866	1			71500
Picture	3-122-1-3	miss				4051684	7	5166	7	130000	5000
Sound	P1/tapping	other				4097181	1			25000
Sound	test17	other				4143681	1			71500
Picture	2-222-2-2	hit	2	10399	9	4202499	7	5166	7	130000	5000
Sound	P2/beat1	other				4247998	1			25000
Sound	f10	other				4294497	1			71500
Picture	2-123-1-2	hit	2	11744	8	4353315	7	5166	7	130000	5000
Sound	P2/beat	other				4398813	1			25000
Sound	test01	other				4445313	1			71500
Picture	2-223-1-2	hit	2	11087	7	4504131	7	5166	7	130000	5000
Sound	P2/beat	other				4549629	1			25000
Sound	test12	other				4596128	1			71500
Picture	2-213-1-2	incorrect	2	13072	7	4654946	7	5166	7	130000	5000
Sound	P2/beat	other				4700444	1			25000
Sound	test08	other				4746943	1			71500
Picture	2-223-1-2	hit	2	11376	7	4805762	7	5166	7	130000	5000
Sound	P2/both1	other				4851259	1			25000
Sound	f09	other				4897759	1			71500
Picture	3-114-1-3	hit	1	9360	9	4956578	7	5166	7	130000	5000
Sound	P2/both	other				5002075	1			25000
Sound	test03	other				5048575	1			71500
Picture	3-214-1-3	hit	1	10225	8	5107393	7	5166	7	130000	5000
Sound	P2/both	other				5152891	1			25000
Sound	f04	other				5199390	1			71500
Picture	3-114-1-3	hit	1	9650	8	5258209	7	5166	7	130000	5000
Sound	P2/both	other				5303707	1			25000
Sound	f18	other				5350207	1			71500
Picture	2-114-2-2	hit	1	10673	7	5409025	7	5166	7	130000	5000
Sound	P0/none1	other				5454522	1			25000
Sound	f19	other				5501022	1			71500
Picture	3-121-1-3	hit	2	14977	7	5559840	7	5166	7	130000	5000
Sound	P0/none	other				5605338	1			25000
Sound	test09	other				5651837	1			71500
Picture	2-211-1-2	incorrect	2	14082	7	5710656	7	5166	7	130000	5000
Sound	P0/none	other				5756153	1			25000
Sound	f02	other				5802654	1			71500
Picture	3-121-2-3	hit	2	15266	8	5861472	7	5166	7	130000	5000
Sound	P0/none	other				5906969	1			25000
Sound	n13	other				5953469	1			71500
Picture	2-221-1-2	hit	2	10611	8	6012287	7	5166	7	130000	5000
Sound	P1/tapping1	other				6057785	1			25000
Sound	f16	other				6104285	1			71500
Picture	3-112-1-3	incorrect	2	19794	7	6163103	7	5166	7	130000	5000
Sound	P1/tapping	other				6208601	1			25000
Sound	n14	other				6255100	1			71500
Picture	3-112-1-3	hit	1	9779	7	6313919	7	5166	7	130000	5000
Sound	P1/tapping	other				6359417	1			25000
Sound	f07	other				6405916	1			71500
Picture	2-112-1-2	hit	1	10403	7	6464735	7	5166	7	130000	5000
Sound	P1/tapping	other				6510233	1			25000
Sound	n11	other				6556731	1			71500
Picture	2-112-1-2	hit	1	9747	7	6615550	7	5166	7	130000	5000
Sound	P2/both1	other				6661047	1			25000
Sound	test10	other				6707548	1			71500
Picture	2-224-1-2	hit	2	10292	7	6766366	7	5166	7	130000	5000
Sound	P2/both	other				6811864	1			25000
Sound	test14	other				6858363	1			71500
Picture	3-224-1-3	hit	2	10356	8	6917182	7	5166	7	130000	5000
Sound	P2/both	other				6962679	1			25000
Sound	test21	other				7009179	1			71500
Picture	2-224-2-2	hit	2	17540	7	7067997	7	5166	7	130000	5000
Sound	P2/both	other				7113494	1			25000
Sound	test11	other				7159995	1			71500
Picture	3-224-1-3	hit	2	10324	7	7218813	7	5166	7	130000	5000
Sound	P1/tapping1	other				7264311	1			25000
Sound	f22	other				7310811	1			71500
Picture	3-112-1-3	hit	1	14308	7	7369629	7	5166	7	130000	5000
Sound	P1/tapping	other				7415126	1			25000
Sound	n12	other				7461626	1			71500
Picture	3-112-1-3	hit	1	9732	9	7520444	7	5166	7	130000	5000
Sound	P1/tapping	other				7565941	1			25000
Sound	test25	other				7612443	1			71500
Picture	3-222-1-3	hit	2	10597	7	7671260	7	5166	7	130000	5000
Sound	P1/tapping	other				7716758	1			25000
Sound	f20	other				7763258	1			71500
Picture	3-112-1-3	hit	1	9701	7	7822076	7	5166	7	130000	5000
Sound	P0/none1	other				7867574	1			25000
Sound	f12	other				7914074	1			71500
Picture	3-111-1-3	hit	1	12245	8	7972892	7	5166	7	130000	5000
Sound	P0/none	other				8018389	1			25000
Sound	test06	other				8064889	1			71500
Picture	2-211-1-2	hit	1	10550	7	8123707	7	5166	7	130000	5000
Sound	P0/none	other				8169204	1			25000
Sound	f06	other				8215704	1			71500
Picture	2-121-1-2	hit	2	19574	8	8274523	7	5166	7	130000	5000
Sound	P0/none	other				8320021	1			25000
Sound	n10	other				8366519	1			71500
Picture	3-111-1-3	hit	1	9558	7	8425339	7	5166	7	130000	5000
Sound	P2/beat1	other				8470837	1			25000
Sound	f13	other				8517337	1			71500
Picture	2-123-1-2	hit	2	14422	7	8576154	7	5166	7	130000	5000
Sound	P2/beat	other				8621652	1			25000
Sound	test22	other				8668153	1			71500
Picture	2-213-2-2	hit	1	9847	8	8726970	7	5166	7	130000	5000
Sound	P2/beat	other				8772467	1			25000
Sound	n09	other				8818967	1			71500
Picture	3-223-1-3	hit	2	9990	7	8877786	7	5166	7	130000	5000
Sound	P2/beat	other				8923283	1			25000
Sound	test19	other				8969784	1			71500
Picture	2-213-1-2	incorrect	2	10295	7	9028602	7	5166	7	130000	5000

The following output port codes were not sent because of a conflict on the port.
Port	Code	Time(ms)
1	102	399287


{
   "app": "Presentation Version 22.1 Build 01.21.21",
   "device": "Dell Inc. OptiPlex 7050",
   "experiment": "{C8E97CB4-6FCA-44FA-B866-4A2D94B6B85C}",
   "os": "Windows 10 64 bit",
   "package": "",
   "parameters": {
      "configuration": "Default configuration"
   },
   "scenario": "entrain_list1_sess2_EB.sce",
   "subject": "008",
   "timestamp": "2022/04/15 13:39:27 GMT"
}
