Scenario - test
Logfile written - 03/31/2022 15:25:37

Subject	Trial	Event Type	Code	Time	TTime	Uncertainty	Duration	Uncertainty	ReqTime	ReqDur	Stim Type	Pair Index

003	1	Sound	P1/tapping1	25160	25000	1			25000		other	0
003	1	Response	53	32369	32209	1
003	1	Response	53	38129	37969	3
003	1	Response	53	43410	43249	1
003	1	Response	53	49089	48929	1
003	1	Response	53	55649	55489	1
003	1	Response	53	60849	60688	2
003	1	Response	53	66369	66209	1
003	1	Sound	n05	71661	71501	1			71500		other	0
003	1	Response	53	71890	71730	3
003	1	Picture	2-122-2-2	130479	130318	7	5166	7	130000	5000	hit	12
003	1	Response	62	145969	145809	1
003	2	Sound	P1/tapping	175977	25000	1			25000		other	0
003	2	Response	53	186129	35152	1
003	2	Response	53	191810	40833	1
003	2	Response	53	198369	47393	1
003	2	Response	53	205971	54994	2
003	2	Response	53	213649	62673	1
003	2	Sound	f18	222476	71500	1			71500		other	0
003	2	Response	53	222529	71553	1
003	2	Picture	3-122-1-3	281295	130318	7	5166	7	130000	5000	hit	22
003	2	Response	62	295889	144913	2
003	3	Response	53	324369	22577	1
003	3	Sound	P1/tapping	326792	25000	1			25000		other	0
003	3	Response	53	333170	31377	3
003	3	Response	53	341810	40017	2
003	3	Response	53	351889	50096	1
003	3	Response	53	361889	60096	1
003	3	Response	53	372210	70418	4
003	3	Sound	f09	373293	71500	1			71500		other	0
003	3	Picture	2-122-1-2	432111	130318	7	5166	7	130000	5000	hit	32
003	3	Response	62	446529	144737	2
003	4	Response	53	473010	20401	2
003	4	Sound	P1/tapping	477608	25000	1			25000		other	0
003	4	Response	53	482529	29921	1
003	4	Response	53	491169	38561	1
003	4	Response	53	499489	46880	1
003	4	Response	53	509409	56800	1
003	4	Response	53	518769	66161	1
003	4	Sound	f06	524109	71500	1			71500		other	0
003	4	Picture	3-122-1-3	582927	130318	7	5166	7	130000	5000	hit	42
003	4	Response	62	594449	141840	1
003	5	Sound	P2/both1	628424	25000	1			25000		other	0
003	5	Response	53	636929	33505	1
003	5	Response	53	643409	39984	1
003	5	Response	53	651729	48304	2
003	5	Response	53	658049	54624	2
003	5	Response	53	663489	60065	2
003	5	Response	53	669569	66144	1
003	5	Sound	f01	674924	71500	1			71500		other	0
003	5	Picture	3-114-1-3	733743	130318	7	5166	7	130000	5000	incorrect	52
003	5	Response	52	752449	149024	1
003	6	Sound	P2/both	779240	24999	1			25000		other	0
003	6	Response	53	780689	26448	3
003	6	Response	53	786210	31969	2
003	6	Response	53	791969	37728	2
003	6	Response	53	797729	43489	2
003	6	Response	53	803809	49568	1
003	6	Response	53	809409	55168	1
003	6	Response	53	815729	61488	1
003	6	Response	53	822449	68208	1
003	6	Sound	test24	825741	71500	1			71500		other	0
003	6	Picture	3-214-1-3	884559	130318	7	5166	7	130000	5000	hit	64
003	6	Response	61	893889	139648	1
003	7	Response	53	925729	20672	1
003	7	Sound	P2/both	930057	25000	1			25000		other	0
003	7	Response	53	932049	26993	3
003	7	Response	53	936849	31792	2
003	7	Response	53	942049	36992	2
003	7	Response	53	947409	42352	2
003	7	Response	53	953409	48352	1
003	7	Response	53	959889	54832	1
003	7	Response	53	965969	60912	2
003	7	Response	53	972048	66992	2
003	7	Sound	test22	976556	71499	1			71500		other	0
003	7	Response	53	979249	74192	2
003	7	Picture	3-224-1-3	1035375	130318	7	5166	7	130000	5000	hit	78
003	7	Response	62	1044449	139392	1
003	8	Response	53	1073809	17936	1
003	8	Sound	P2/both	1080872	24999	1			25000		other	0
003	8	Response	53	1082129	26256	1
003	8	Response	53	1087489	31616	1
003	8	Response	53	1092849	36976	2
003	8	Response	53	1099090	43217	3
003	8	Response	53	1105329	49456	1
003	8	Response	53	1111089	55217	2
003	8	Response	53	1117328	61456	1
003	8	Response	53	1123009	67136	1
003	8	Sound	test07	1127371	71499	1			71500		other	0
003	8	Picture	3-214-1-3	1186191	130318	7	5166	7	130000	5000	hit	91
003	8	Response	61	1204448	148576	1
003	9	Sound	P2/beat1	1231688	25000	1			25000		other	0
003	9	Sound	f02	1278188	71500	1			71500		other	0
003	9	Picture	2-113-1-2	1337007	130318	7	5166	7	130000	5000	miss	0
003	10	Response	51	1360849	3344	3
003	10	Response	52	1362128	4624	1
003	10	Sound	P2/beat	1382504	25000	1			25000		other	0
003	10	Sound	f19	1429004	71499	1			71500		other	0
003	10	Picture	2-113-2-2	1487823	130318	7	5166	7	130000	5000	hit	100
003	10	Response	61	1500289	142784	1
003	11	Sound	P2/beat	1533320	25000	1			25000		other	0
003	11	Sound	n07	1579820	71500	1			71500		other	0
003	11	Picture	3-223-1-3	1638639	130318	7	5166	7	130000	5000	hit	104
003	11	Response	62	1649008	140688	1
003	12	Sound	P2/beat	1684135	24999	1			25000		other	0
003	12	Sound	f07	1730636	71500	1			71500		other	0
003	12	Picture	3-123-1-3	1789455	130318	7	5166	7	130000	5000	hit	108
003	12	Response	62	1805729	146593	1
003	13	Sound	P2/both1	1834952	24999	1			25000		other	0
003	13	Response	53	1837248	27296	1
003	13	Response	53	1841648	31696	2
003	13	Response	53	1846768	36816	1
003	13	Response	53	1852688	42736	1
003	13	Response	53	1858928	48976	3
003	13	Response	53	1865008	55056	1
003	13	Response	53	1870848	60896	2
003	13	Response	53	1876848	66896	1
003	13	Sound	f05	1881452	71499	1			71500		other	0
003	13	Picture	2-124-1-2	1940271	130318	7	5166	7	130000	5000	hit	120
003	13	Response	62	1952289	142336	2
003	14	Response	53	1984128	23360	2
003	14	Sound	P2/both	1985769	25000	1			25000		other	0
003	14	Response	53	1991089	30321	3
003	14	Response	53	1997728	36960	1
003	14	Response	53	2004128	43360	1
003	14	Response	53	2009809	49040	3
003	14	Response	53	2015568	54800	1
003	14	Response	53	2021568	60800	1
003	14	Response	53	2027648	66880	1
003	14	Sound	test09	2032268	71500	1			71500		other	0
003	14	Response	53	2071408	110640	1
003	14	Picture	3-224-1-3	2091087	130318	7	5166	7	130000	5000	hit	133
003	14	Response	62	2100608	139840	1
003	15	Response	53	2136288	24704	2
003	15	Sound	P2/both	2136584	25000	1			25000		other	0
003	15	Response	53	2141888	30304	1
003	15	Response	53	2147888	36304	1
003	15	Response	53	2154208	42624	1
003	15	Response	53	2160609	49024	1
003	15	Response	53	2166608	55024	1
003	15	Response	53	2173648	62064	1
003	15	Response	53	2179168	67584	1
003	15	Sound	test12	2183084	71500	1			71500		other	0
003	15	Picture	3-214-1-3	2241902	130318	7	5166	7	130000	5000	hit	145
003	15	Response	61	2251168	139584	1
003	16	Sound	P2/both	2287400	24999	1			25000		other	0
003	16	Response	53	2287728	25328	1
003	16	Response	53	2293088	30688	1
003	16	Response	53	2299008	36608	1
003	16	Response	53	2305008	42608	1
003	16	Response	53	2310930	48529	3
003	16	Response	53	2316608	54208	2
003	16	Response	53	2323248	60848	2
003	16	Response	53	2331568	69168	1
003	16	Sound	test19	2333900	71500	1			71500		other	0
003	16	Picture	2-224-1-2	2392718	130318	7	5166	7	130000	5000	incorrect	157
003	16	Response	51	2405648	143248	3
003	17	Response	53	2435809	22592	1
003	17	Sound	P1/tapping1	2438215	24999	1			25000		other	0
003	17	Response	53	2443728	30512	1
003	17	Response	53	2453008	39792	2
003	17	Response	53	2461489	48273	3
003	17	Response	53	2470289	57072	2
003	17	Response	53	2480048	66832	2
003	17	Sound	f15	2484716	71500	1			71500		other	0
003	17	Picture	2-122-2-2	2543535	130318	7	5166	7	130000	5000	hit	167
003	17	Response	62	2557489	144273	3
003	18	Response	53	2583808	19776	1
003	18	Sound	P1/tapping	2589032	25000	1			25000		other	0
003	18	Response	53	2592768	28736	1
003	18	Response	53	2601489	37457	3
003	18	Response	53	2611488	47456	1
003	18	Response	53	2620369	56337	3
003	18	Response	53	2628608	64576	1
003	18	Sound	test21	2635532	71500	1			71500		other	0
003	18	Response	53	2638288	74256	1
003	18	Picture	3-212-1-3	2694350	130318	7	5166	7	130000	5000	hit	178
003	18	Response	61	2710288	146256	1
003	19	Sound	P1/tapping	2739848	25000	1			25000		other	0
003	19	Response	53	2744848	30000	2
003	19	Response	53	2752928	38080	2
003	19	Response	53	2761088	46240	1
003	19	Response	53	2769648	54800	3
003	19	Response	53	2778368	63520	1
003	19	Sound	f10	2786346	71498	1			71500		other	0
003	19	Response	53	2787008	72160	1
003	19	Picture	3-112-1-3	2845166	130318	7	5166	7	130000	5000	hit	188
003	19	Response	61	2859328	144480	1
003	20	Response	53	2883727	18063	1
003	20	Sound	P1/tapping	2890664	25000	1			25000		other	0
003	20	Response	53	2891968	26304	1
003	20	Response	53	2902608	36944	1
003	20	Response	53	2911808	46144	1
003	20	Response	53	2919648	53984	1
003	20	Response	53	2928208	62544	1
003	20	Response	53	2937090	71426	3
003	20	Sound	f13	2937164	71500	1			71500		other	0
003	20	Picture	3-112-1-3	2995982	130318	7	5166	7	130000	5000	hit	199
003	20	Response	61	3007488	141824	2
003	21	Response	53	3040528	24048	3
003	21	Sound	P2/both1	3041480	25000	1			25000		other	0
003	21	Response	53	3047567	31087	2
003	21	Response	53	3053487	37007	2
003	21	Response	53	3059729	43249	3
003	21	Response	53	3065888	49408	1
003	21	Response	53	3072288	55808	1
003	21	Response	53	3078288	61808	1
003	21	Response	53	3083968	67488	1
003	21	Sound	n03	3087980	71500	1			71500		other	0
003	21	Picture	2-124-1-2	3146798	130318	7	5166	7	130000	5000	hit	211
003	21	Response	62	3155728	139248	1
003	22	Response	53	3189248	21952	1
003	22	Sound	P2/both	3192296	25000	1			25000		other	0
003	22	Response	53	3197488	30192	2
003	22	Response	53	3204607	37312	1
003	22	Response	53	3210048	42752	1
003	22	Response	53	3215968	48672	2
003	22	Response	53	3221809	54513	3
003	22	Response	53	3228128	60832	2
003	22	Response	53	3234048	66753	2
003	22	Sound	n13	3238796	71500	1			71500		other	0
003	22	Picture	3-214-1-3	3297614	130318	7	5166	7	130000	5000	hit	223
003	22	Response	61	3313888	146592	1
003	23	Sound	P2/both	3343111	24999	1			25000		other	0
003	23	Response	53	3344768	26656	1
003	23	Response	53	3349248	31136	1
003	23	Response	53	3356048	37936	1
003	23	Response	53	3360768	42656	1
003	23	Response	53	3367008	48896	1
003	23	Response	53	3372927	54816	1
003	23	Response	53	3378928	60816	1
003	23	Response	53	3384928	66816	1
003	23	Sound	f11	3389611	71499	1			71500		other	0
003	23	Picture	2-124-1-2	3448430	130318	7	5166	7	130000	5000	hit	235
003	23	Response	62	3457968	139856	1
003	24	Sound	P2/both	3493928	25000	1			25000		other	0
003	24	Response	53	3496209	27281	3
003	24	Response	53	3500688	31760	2
003	24	Response	53	3506048	37120	1
003	24	Response	53	3511968	43040	1
003	24	Response	53	3518448	49520	1
003	24	Response	53	3524048	55120	1
003	24	Response	53	3530367	61440	2
003	24	Response	53	3536128	67200	2
003	24	Sound	f16	3540428	71501	1			71500		other	0
003	24	Picture	2-114-1-2	3599246	130318	7	5166	7	130000	5000	hit	247
003	24	Response	61	3617169	148241	3
003	25	Sound	P0/none1	3644744	25000	1			25000		other	0
003	25	Sound	f21	3691244	71501	1			71500		other	0
003	25	Picture	2-121-2-2	3750062	130318	7	5166	7	130000	5000	hit	251
003	25	Response	62	3764207	144464	1
003	26	Sound	P0/none	3795559	25000	1			25000		other	0
003	26	Sound	test14	3842059	71499	1			71500		other	0
003	26	Picture	2-221-1-2	3900878	130318	7	5166	7	130000	5000	hit	255
003	26	Response	62	3915248	144688	3
003	27	Sound	P0/none	3946376	25001	1			25000		other	0
003	27	Sound	f14	3992875	71500	1			71500		other	0
003	27	Picture	3-111-1-3	4051694	130318	7	5166	7	130000	5000	hit	259
003	27	Response	61	4065407	144031	1
003	28	Sound	P0/none	4097192	25000	1			25000		other	0
003	28	Sound	test08	4143691	71500	1			71500		other	0
003	28	Picture	3-221-1-3	4202510	130318	7	5166	7	130000	5000	hit	263
003	28	Response	62	4218047	145856	1
003	29	Sound	P1/tapping1	4248006	24999	1			25000		other	0
003	29	Response	53	4262687	39679	1
003	29	Response	53	4264127	41119	1
003	29	Response	53	4269967	46959	1
003	29	Response	53	4277808	54800	1
003	29	Response	53	4285727	62720	1
003	29	Response	53	4293407	70400	1
003	29	Sound	n09	4294507	71499	1			71500		other	0
003	29	Picture	2-222-2-2	4353326	130318	7	5166	7	130000	5000	hit	273
003	29	Response	62	4363807	140799	1
003	30	Sound	P1/tapping	4398822	24999	1			25000		other	0
003	30	Response	53	4401887	28063	2
003	30	Response	53	4408767	34944	1
003	30	Response	53	4416768	42944	1
003	30	Response	53	4425567	51743	1
003	30	Response	53	4433887	60064	2
003	30	Response	53	4442687	68864	1
003	30	Sound	test13	4445324	71500	1			71500		other	0
003	30	Picture	2-212-1-2	4504142	130318	7	5166	7	130000	5000	hit	283
003	30	Response	61	4513727	139904	1
003	31	Sound	P1/tapping	4549639	25000	1			25000		other	0
003	31	Response	53	4555967	31327	1
003	31	Response	53	4564607	39968	1
003	31	Response	53	4572768	48128	1
003	31	Response	53	4581329	56689	4
003	31	Response	53	4589567	64928	1
003	31	Sound	f03	4596140	71500	1			71500		other	0
003	31	Picture	3-112-1-3	4654958	130318	7	5166	7	130000	5000	hit	292
003	31	Response	61	4666289	141649	2
003	32	Response	53	4689087	13631	1
003	32	Response	53	4697487	22031	1
003	32	Sound	P1/tapping	4700455	25000	1			25000		other	0
003	32	Response	53	4706047	30591	2
003	32	Response	53	4715408	39953	3
003	32	Response	53	4723887	48432	1
003	32	Response	53	4733487	58032	1
003	32	Response	53	4742527	67071	1
003	32	Sound	f12	4746955	71500	1			71500		other	0
003	32	Picture	2-122-1-2	4805774	130318	7	5166	7	130000	5000	hit	303
003	32	Response	62	4815887	140431	1
003	33	Sound	P2/beat1	4851271	25000	1			25000		other	0
003	33	Sound	n06	4897771	71499	1			71500		other	0
003	33	Picture	2-223-2-2	4956590	130318	7	5166	7	130000	5000	hit	307
003	33	Response	62	4972927	146656	1
003	34	Sound	P2/beat	5002087	25000	1			25000		other	0
003	34	Sound	test06	5048587	71500	1			71500		other	0
003	34	Picture	3-213-1-3	5107406	130318	7	5166	7	130000	5000	hit	311
003	34	Response	61	5120527	143439	1
003	35	Sound	P2/beat	5152903	25000	1			25000		other	0
003	35	Sound	n04	5199402	71499	1			71500		other	0
003	35	Picture	3-223-1-3	5258222	130318	7	5166	7	130000	5000	hit	315
003	35	Response	62	5269487	141584	1
003	36	Sound	P2/beat	5303718	24999	1			25000		other	0
003	36	Sound	n11	5350219	71500	1			71500		other	0
003	36	Picture	3-113-2-3	5409038	130318	7	5166	7	130000	5000	incorrect	319
003	36	Response	52	5428527	149807	1
003	37	Response	53	5453487	23952	3
003	37	Sound	P1/tapping1	5454535	25000	1			25000		other	0
003	37	Response	53	5461567	32032	2
003	37	Response	53	5470687	41151	1
003	37	Response	53	5480048	50513	3
003	37	Response	53	5487409	57874	3
003	37	Response	53	5495487	65951	1
003	37	Sound	f23	5501035	71500	1			71500		other	0
003	37	Picture	3-112-1-3	5559854	130318	7	5166	7	130000	5000	hit	329
003	37	Response	61	5571807	142271	1
003	38	Response	53	5601327	20976	2
003	38	Sound	P1/tapping	5605351	25000	1			25000		other	0
003	38	Response	53	5610126	29775	1
003	38	Response	53	5618768	38417	3
003	38	Response	53	5627887	47536	1
003	38	Response	53	5637967	57616	2
003	38	Response	53	5646367	66016	1
003	38	Sound	n10	5651851	71500	1			71500		other	0
003	38	Picture	2-112-1-2	5710669	130318	7	5166	7	130000	5000	hit	339
003	38	Response	61	5721807	141456	3
003	39	Response	53	5750127	18960	2
003	39	Sound	P1/tapping	5756167	25000	1			25000		other	0
003	39	Response	53	5759488	28321	2
003	39	Response	53	5769726	38559	1
003	39	Response	53	5778527	47360	1
003	39	Response	53	5787408	56241	3
003	39	Response	53	5796926	65759	1
003	39	Sound	test10	5802668	71501	1			71500		other	0
003	39	Response	53	5805647	74480	1
003	39	Picture	3-212-1-3	5861486	130318	7	5166	7	130000	5000	hit	350
003	39	Response	61	5873487	142320	1
003	40	Response	53	5899327	17343	1
003	40	Sound	P1/tapping	5906983	25000	1			25000		other	0
003	40	Response	53	5908607	26623	2
003	40	Response	53	5918447	36463	1
003	40	Response	53	5929327	47343	1
003	40	Response	53	5938287	56304	1
003	40	Response	53	5948447	66464	2
003	40	Sound	test16	5953484	71500	1			71500		other	0
003	40	Response	53	5956286	74303	1
003	40	Response	53	5967728	85745	3
003	40	Picture	2-212-1-2	6012301	130318	7	5166	7	130000	5000	incorrect	362
003	40	Response	52	6022847	140864	1
003	41	Sound	P0/none1	6057799	25000	1			25000		other	0
003	41	Sound	test03	6104299	71500	1			71500		other	0
003	41	Picture	2-221-1-2	6163117	130318	7	5166	7	130000	5000	hit	366
003	41	Response	62	6171327	138528	1
003	42	Sound	P0/none	6208615	25000	1			25000		other	0
003	42	Sound	f22	6255114	71499	1			71500		other	0
003	42	Picture	2-121-2-2	6313933	130318	7	5166	7	130000	5000	hit	370
003	42	Response	62	6331166	147552	1
003	43	Sound	P0/none	6359431	25000	1			25000		other	0
003	43	Sound	test04	6405931	71500	1			71500		other	0
003	43	Picture	3-221-1-3	6464749	130318	7	5166	7	130000	5000	hit	374
003	43	Response	62	6475246	140815	2
003	44	Sound	P0/none	6510247	25000	1			25000		other	0
003	44	Sound	test11	6556747	71500	1			71500		other	0
003	44	Picture	2-221-1-2	6615565	130318	7	5166	7	130000	5000	hit	378
003	44	Response	62	6628286	143040	1
003	45	Sound	P2/beat1	6661062	25000	1			25000		other	0
003	45	Sound	f04	6707563	71500	1			71500		other	0
003	45	Picture	2-113-1-2	6766381	130318	7	5166	7	130000	5000	hit	382
003	45	Response	61	6780766	144703	1
003	46	Sound	P2/beat	6811878	25000	1			25000		other	0
003	46	Sound	test05	6858377	71498	1			71500		other	0
003	46	Picture	3-213-1-3	6917197	130318	7	5166	7	130000	5000	hit	386
003	46	Response	61	6932447	145568	2
003	47	Sound	P2/beat	6962694	24999	2			25000		other	0
003	47	Sound	f20	7009195	71501	1			71500		other	0
003	47	Picture	2-123-2-2	7068013	130318	7	5166	7	130000	5000	miss	0
003	48	Response	52	7088927	416	2
003	48	Sound	P2/beat	7113510	25000	1			25000		other	0
003	48	Sound	f24	7160011	71500	1			71500		other	0
003	48	Picture	2-113-1-2	7218829	130318	7	5166	7	130000	5000	hit	394
003	48	Response	61	7236286	147775	2
003	49	Sound	P2/both1	7264325	24999	1			25000		other	0
003	49	Response	53	7265406	26080	2
003	49	Response	53	7270606	31279	1
003	49	Response	53	7276126	36799	1
003	49	Response	53	7282206	42879	1
003	49	Response	53	7288046	48719	1
003	49	Response	53	7293966	54639	1
003	49	Response	53	7300126	60799	1
003	49	Response	53	7306286	66959	1
003	49	Sound	test18	7310827	71500	1			71500		other	0
003	49	Response	53	7312527	73201	3
003	49	Response	53	7343486	104159	2
003	49	Picture	2-224-1-2	7369645	130318	7	5166	7	130000	5000	hit	408
003	49	Response	62	7381966	142639	1
003	50	Sound	P2/both	7415142	24999	1			25000		other	0
003	50	Response	53	7426606	36463	2
003	50	Response	53	7432286	42143	1
003	50	Response	53	7438126	47983	1
003	50	Response	53	7443966	53823	1
003	50	Response	53	7449966	59823	2
003	50	Response	53	7456206	66063	1
003	50	Sound	test01	7461643	71501	1			71500		other	0
003	50	Response	53	7494527	104384	2
003	50	Picture	3-214-1-3	7520461	130318	7	5166	7	130000	5000	incorrect	419
003	50	Response	52	7532767	142624	1
003	51	Response	53	7564206	23247	2
003	51	Sound	P2/both	7565958	25000	1			25000		other	0
003	51	Response	53	7570286	29327	1
003	51	Response	53	7576606	35647	1
003	51	Response	53	7582686	41727	1
003	51	Response	53	7588686	47727	1
003	51	Response	53	7594845	53887	1
003	51	Response	53	7600527	59568	3
003	51	Response	53	7606767	65808	2
003	51	Sound	test17	7612459	71500	1			71500		other	0
003	51	Response	53	7612686	71727	1
003	51	Picture	3-214-1-3	7671277	130318	7	5166	7	130000	5000	hit	432
003	51	Response	61	7681166	140207	1
003	52	Response	53	7710766	18991	2
003	52	Sound	P2/both	7716774	24999	1			25000		other	0
003	52	Response	53	7718447	26672	3
003	52	Response	53	7722846	31071	2
003	52	Response	53	7728286	36511	2
003	52	Response	53	7734446	42671	2
003	52	Response	53	7739966	48191	1
003	52	Response	53	7745646	53871	2
003	52	Response	53	7751646	59871	2
003	52	Response	53	7757566	65791	1
003	52	Sound	test15	7763273	71499	1			71500		other	0
003	52	Picture	3-214-1-3	7822093	130318	7	5166	7	130000	5000	incorrect	445
003	52	Response	52	7831646	139871	2
003	53	Sound	P2/beat1	7867589	24999	1			25000		other	0
003	53	Sound	test02	7914089	71499	1			71500		other	0
003	53	Picture	3-223-1-3	7972909	130318	7	5166	7	130000	5000	hit	449
003	53	Response	62	7983725	141135	1
003	54	Sound	P2/beat	8018406	24999	1			25000		other	0
003	54	Sound	f08	8064907	71501	1			71500		other	0
003	54	Picture	3-113-2-3	8123725	130318	7	5166	7	130000	5000	hit	453
003	54	Response	61	8132606	139199	2
003	55	Sound	P2/beat	8169222	25000	1			25000		other	0
003	55	Sound	test23	8215723	71500	1			71500		other	0
003	55	Picture	3-213-1-3	8274541	130318	7	5166	7	130000	5000	incorrect	457
003	55	Response	52	8284686	140463	2
003	56	Sound	P2/beat	8320039	25001	1			25000		other	0
003	56	Sound	test25	8366538	71499	1			71500		other	0
003	56	Picture	2-223-1-2	8425357	130318	7	5166	7	130000	5000	hit	461
003	56	Response	62	8435565	140527	1
003	57	Sound	P0/none1	8470855	25000	1			25000		other	0
003	57	Sound	n01	8517355	71500	1			71500		other	0
003	57	Picture	2-211-1-2	8576173	130318	7	5166	7	130000	5000	incorrect	465
003	57	Response	52	8588686	142832	2
003	58	Sound	P0/none	8621669	24999	1			25000		other	0
003	58	Sound	n12	8668169	71499	1			71500		other	0
003	58	Picture	2-121-2-2	8726989	130318	7	5166	7	130000	5000	incorrect	469
003	58	Response	51	8739566	142895	2
003	59	Sound	P0/none	8772487	25000	1			25000		other	0
003	59	Sound	f17	8818985	71499	1			71500		other	0
003	59	Picture	2-121-2-2	8877805	130318	7	5166	7	130000	5000	hit	473
003	59	Response	62	8891566	144079	2
003	60	Sound	P0/none	8923303	25000	1			25000		other	0
003	60	Sound	n14	8969802	71500	1			71500		other	0
003	60	Picture	2-111-2-2	9028621	130318	7	5166	7	130000	5000	hit	477
003	60	Response	61	9041805	143503	1


Event Type	Code	Type	Response	RT	RT Uncertainty	Time	Uncertainty	Duration	Uncertainty	ReqTime	ReqDur

Sound	P1/tapping1	other				25160	1			25000
Sound	n05	other				71661	1			71500
Picture	2-122-2-2	hit	2	15490	7	130479	7	5166	7	130000	5000
Sound	P1/tapping	other				175977	1			25000
Sound	f18	other				222476	1			71500
Picture	3-122-1-3	hit	2	14594	8	281295	7	5166	7	130000	5000
Sound	P1/tapping	other				326792	1			25000
Sound	f09	other				373293	1			71500
Picture	2-122-1-2	hit	2	14418	8	432111	7	5166	7	130000	5000
Sound	P1/tapping	other				477608	1			25000
Sound	f06	other				524109	1			71500
Picture	3-122-1-3	hit	2	11522	7	582927	7	5166	7	130000	5000
Sound	P2/both1	other				628424	1			25000
Sound	f01	other				674924	1			71500
Picture	3-114-1-3	incorrect	2	18706	7	733743	7	5166	7	130000	5000
Sound	P2/both	other				779240	1			25000
Sound	test24	other				825741	1			71500
Picture	3-214-1-3	hit	1	9330	7	884559	7	5166	7	130000	5000
Sound	P2/both	other				930057	1			25000
Sound	test22	other				976556	1			71500
Picture	3-224-1-3	hit	2	9074	7	1035375	7	5166	7	130000	5000
Sound	P2/both	other				1080872	1			25000
Sound	test07	other				1127371	1			71500
Picture	3-214-1-3	hit	1	18258	7	1186191	7	5166	7	130000	5000
Sound	P2/beat1	other				1231688	1			25000
Sound	f02	other				1278188	1			71500
Picture	2-113-1-2	miss				1337007	7	5166	7	130000	5000
Sound	P2/beat	other				1382504	1			25000
Sound	f19	other				1429004	1			71500
Picture	2-113-2-2	hit	1	12466	7	1487823	7	5166	7	130000	5000
Sound	P2/beat	other				1533320	1			25000
Sound	n07	other				1579820	1			71500
Picture	3-223-1-3	hit	2	10370	7	1638639	7	5166	7	130000	5000
Sound	P2/beat	other				1684135	1			25000
Sound	f07	other				1730636	1			71500
Picture	3-123-1-3	hit	2	16275	7	1789455	7	5166	7	130000	5000
Sound	P2/both1	other				1834952	1			25000
Sound	f05	other				1881452	1			71500
Picture	2-124-1-2	hit	2	12018	8	1940271	7	5166	7	130000	5000
Sound	P2/both	other				1985769	1			25000
Sound	test09	other				2032268	1			71500
Picture	3-224-1-3	hit	2	9522	7	2091087	7	5166	7	130000	5000
Sound	P2/both	other				2136584	1			25000
Sound	test12	other				2183084	1			71500
Picture	3-214-1-3	hit	1	9266	7	2241902	7	5166	7	130000	5000
Sound	P2/both	other				2287400	1			25000
Sound	test19	other				2333900	1			71500
Picture	2-224-1-2	incorrect	1	12930	9	2392718	7	5166	7	130000	5000
Sound	P1/tapping1	other				2438215	1			25000
Sound	f15	other				2484716	1			71500
Picture	2-122-2-2	hit	2	13955	9	2543535	7	5166	7	130000	5000
Sound	P1/tapping	other				2589032	1			25000
Sound	test21	other				2635532	1			71500
Picture	3-212-1-3	hit	1	15938	7	2694350	7	5166	7	130000	5000
Sound	P1/tapping	other				2739848	1			25000
Sound	f10	other				2786346	1			71500
Picture	3-112-1-3	hit	1	14161	7	2845166	7	5166	7	130000	5000
Sound	P1/tapping	other				2890664	1			25000
Sound	f13	other				2937164	1			71500
Picture	3-112-1-3	hit	1	11506	8	2995982	7	5166	7	130000	5000
Sound	P2/both1	other				3041480	1			25000
Sound	n03	other				3087980	1			71500
Picture	2-124-1-2	hit	2	8930	7	3146798	7	5166	7	130000	5000
Sound	P2/both	other				3192296	1			25000
Sound	n13	other				3238796	1			71500
Picture	3-214-1-3	hit	1	16273	7	3297614	7	5166	7	130000	5000
Sound	P2/both	other				3343111	1			25000
Sound	f11	other				3389611	1			71500
Picture	2-124-1-2	hit	2	9538	7	3448430	7	5166	7	130000	5000
Sound	P2/both	other				3493928	1			25000
Sound	f16	other				3540428	1			71500
Picture	2-114-1-2	hit	1	17923	9	3599246	7	5166	7	130000	5000
Sound	P0/none1	other				3644744	1			25000
Sound	f21	other				3691244	1			71500
Picture	2-121-2-2	hit	2	14145	7	3750062	7	5166	7	130000	5000
Sound	P0/none	other				3795559	1			25000
Sound	test14	other				3842059	1			71500
Picture	2-221-1-2	hit	2	14370	9	3900878	7	5166	7	130000	5000
Sound	P0/none	other				3946376	1			25000
Sound	f14	other				3992875	1			71500
Picture	3-111-1-3	hit	1	13713	7	4051694	7	5166	7	130000	5000
Sound	P0/none	other				4097192	1			25000
Sound	test08	other				4143691	1			71500
Picture	3-221-1-3	hit	2	15537	7	4202510	7	5166	7	130000	5000
Sound	P1/tapping1	other				4248006	1			25000
Sound	n09	other				4294507	1			71500
Picture	2-222-2-2	hit	2	10481	7	4353326	7	5166	7	130000	5000
Sound	P1/tapping	other				4398822	1			25000
Sound	test13	other				4445324	1			71500
Picture	2-212-1-2	hit	1	9585	7	4504142	7	5166	7	130000	5000
Sound	P1/tapping	other				4549639	1			25000
Sound	f03	other				4596140	1			71500
Picture	3-112-1-3	hit	1	11331	8	4654958	7	5166	7	130000	5000
Sound	P1/tapping	other				4700455	1			25000
Sound	f12	other				4746955	1			71500
Picture	2-122-1-2	hit	2	10113	7	4805774	7	5166	7	130000	5000
Sound	P2/beat1	other				4851271	1			25000
Sound	n06	other				4897771	1			71500
Picture	2-223-2-2	hit	2	16337	7	4956590	7	5166	7	130000	5000
Sound	P2/beat	other				5002087	1			25000
Sound	test06	other				5048587	1			71500
Picture	3-213-1-3	hit	1	13121	7	5107406	7	5166	7	130000	5000
Sound	P2/beat	other				5152903	1			25000
Sound	n04	other				5199402	1			71500
Picture	3-223-1-3	hit	2	11265	7	5258222	7	5166	7	130000	5000
Sound	P2/beat	other				5303718	1			25000
Sound	n11	other				5350219	1			71500
Picture	3-113-2-3	incorrect	2	19489	7	5409038	7	5166	7	130000	5000
Sound	P1/tapping1	other				5454535	1			25000
Sound	f23	other				5501035	1			71500
Picture	3-112-1-3	hit	1	11953	7	5559854	7	5166	7	130000	5000
Sound	P1/tapping	other				5605351	1			25000
Sound	n10	other				5651851	1			71500
Picture	2-112-1-2	hit	1	11138	9	5710669	7	5166	7	130000	5000
Sound	P1/tapping	other				5756167	1			25000
Sound	test10	other				5802668	1			71500
Picture	3-212-1-3	hit	1	12002	7	5861486	7	5166	7	130000	5000
Sound	P1/tapping	other				5906983	1			25000
Sound	test16	other				5953484	1			71500
Picture	2-212-1-2	incorrect	2	10545	7	6012301	7	5166	7	130000	5000
Sound	P0/none1	other				6057799	1			25000
Sound	test03	other				6104299	1			71500
Picture	2-221-1-2	hit	2	8209	7	6163117	7	5166	7	130000	5000
Sound	P0/none	other				6208615	1			25000
Sound	f22	other				6255114	1			71500
Picture	2-121-2-2	hit	2	17233	7	6313933	7	5166	7	130000	5000
Sound	P0/none	other				6359431	1			25000
Sound	test04	other				6405931	1			71500
Picture	3-221-1-3	hit	2	10497	8	6464749	7	5166	7	130000	5000
Sound	P0/none	other				6510247	1			25000
Sound	test11	other				6556747	1			71500
Picture	2-221-1-2	hit	2	12721	7	6615565	7	5166	7	130000	5000
Sound	P2/beat1	other				6661062	1			25000
Sound	f04	other				6707563	1			71500
Picture	2-113-1-2	hit	1	14385	8	6766381	7	5166	7	130000	5000
Sound	P2/beat	other				6811878	1			25000
Sound	test05	other				6858377	1			71500
Picture	3-213-1-3	hit	1	15249	8	6917197	7	5166	7	130000	5000
Sound	P2/beat	other				6962694	2			25000
Sound	f20	other				7009195	1			71500
Picture	2-123-2-2	miss				7068013	7	5166	7	130000	5000
Sound	P2/beat	other				7113510	1			25000
Sound	f24	other				7160011	1			71500
Picture	2-113-1-2	hit	1	17457	8	7218829	7	5166	7	130000	5000
Sound	P2/both1	other				7264325	1			25000
Sound	test18	other				7310827	1			71500
Picture	2-224-1-2	hit	2	12321	7	7369645	7	5166	7	130000	5000
Sound	P2/both	other				7415142	1			25000
Sound	test01	other				7461643	1			71500
Picture	3-214-1-3	incorrect	2	12306	7	7520461	7	5166	7	130000	5000
Sound	P2/both	other				7565958	1			25000
Sound	test17	other				7612459	1			71500
Picture	3-214-1-3	hit	1	9889	7	7671277	7	5166	7	130000	5000
Sound	P2/both	other				7716774	1			25000
Sound	test15	other				7763273	1			71500
Picture	3-214-1-3	incorrect	2	9553	8	7822093	7	5166	7	130000	5000
Sound	P2/beat1	other				7867589	1			25000
Sound	test02	other				7914089	1			71500
Picture	3-223-1-3	hit	2	10817	7	7972909	7	5166	7	130000	5000
Sound	P2/beat	other				8018406	1			25000
Sound	f08	other				8064907	1			71500
Picture	3-113-2-3	hit	1	8881	8	8123725	7	5166	7	130000	5000
Sound	P2/beat	other				8169222	1			25000
Sound	test23	other				8215723	1			71500
Picture	3-213-1-3	incorrect	2	10145	9	8274541	7	5166	7	130000	5000
Sound	P2/beat	other				8320039	1			25000
Sound	test25	other				8366538	1			71500
Picture	2-223-1-2	hit	2	10208	8	8425357	7	5166	7	130000	5000
Sound	P0/none1	other				8470855	1			25000
Sound	n01	other				8517355	1			71500
Picture	2-211-1-2	incorrect	2	12513	8	8576173	7	5166	7	130000	5000
Sound	P0/none	other				8621669	1			25000
Sound	n12	other				8668169	1			71500
Picture	2-121-2-2	incorrect	1	12577	8	8726989	7	5166	7	130000	5000
Sound	P0/none	other				8772487	1			25000
Sound	f17	other				8818985	1			71500
Picture	2-121-2-2	hit	2	13761	9	8877805	7	5166	7	130000	5000
Sound	P0/none	other				8923303	1			25000
Sound	n14	other				8969802	1			71500
Picture	2-111-2-2	hit	1	13185	7	9028621	7	5166	7	130000	5000


{
   "app": "Presentation Version 22.1 Build 01.21.21",
   "device": "Dell Inc. OptiPlex 7050",
   "experiment": "{C8E97CB4-6FCA-44FA-B866-4A2D94B6B85C}",
   "os": "Windows 10 64 bit",
   "package": "",
   "parameters": {
      "configuration": "Default configuration"
   },
   "scenario": "entrain_list1_sess3_EB.sce",
   "subject": "003",
   "timestamp": "2022/03/31 13:10:25 GMT"
}
