Scenario - test
Logfile written - 03/31/2022 14:51:31

Subject	Trial	Event Type	Code	Time	TTime	Uncertainty	Duration	Uncertainty	ReqTime	ReqDur	Stim Type	Pair Index

003	1	Sound	P2/both1	25160	25000	1			25000		other	0
003	1	Response	53	27589	27428	2
003	1	Response	53	31429	31268	1
003	1	Response	53	36629	36468	1
003	1	Response	53	42469	42308	1
003	1	Response	53	48949	48788	1
003	1	Response	53	54070	53909	2
003	1	Response	53	59829	59668	2
003	1	Response	53	65109	64949	1
003	1	Sound	test06	71659	71499	1			71500		other	0
003	1	Response	53	72229	72068	1
003	1	Picture	3-224-1-3	130479	130318	7	5166	7	130000	5000	hit	13
003	1	Response	62	141750	141590	2
003	2	Response	53	172069	21093	2
003	2	Sound	P2/both	175977	25001	1			25000		other	0
003	2	Response	53	177669	26693	1
003	2	Response	53	182229	31253	2
003	2	Response	53	187669	36693	1
003	2	Response	53	193029	42053	1
003	2	Response	53	199428	48453	1
003	2	Response	53	204949	53973	1
003	2	Response	53	211589	60613	1
003	2	Response	53	217509	66533	1
003	2	Sound	f17	222477	71501	1			71500		other	0
003	2	Picture	2-114-2-2	281295	130319	7	5166	7	130000	5000	incorrect	26
003	2	Response	52	291269	140293	1
003	3	Response	53	322228	20436	1
003	3	Sound	P2/both	326792	25000	1			25000		other	0
003	3	Response	53	328309	26516	1
003	3	Response	53	332628	30836	1
003	3	Response	53	338468	36676	1
003	3	Response	53	344549	42757	1
003	3	Response	53	350228	48436	1
003	3	Response	53	356149	54356	1
003	3	Response	53	362389	60596	2
003	3	Response	53	368229	66437	1
003	3	Sound	f02	373293	71500	1			71500		other	0
003	3	Picture	3-114-2-3	432111	130318	7	5166	7	130000	5000	hit	39
003	3	Response	61	442869	141076	1
003	4	Response	53	474229	21620	1
003	4	Sound	P2/both	477607	24999	1			25000		other	0
003	4	Response	53	479988	27380	1
003	4	Response	53	484549	31940	1
003	4	Response	53	489749	37140	1
003	4	Response	53	495669	43060	1
003	4	Response	53	501268	48660	1
003	4	Response	53	507109	54500	1
003	4	Response	53	513109	60501	1
003	4	Response	53	519028	66420	2
003	4	Sound	n09	524108	71500	1			71500		other	0
003	4	Response	53	524788	72180	2
003	4	Picture	2-214-2-2	582927	130318	7	5166	7	130000	5000	hit	53
003	4	Response	61	595269	142660	2
003	5	Sound	P0/none1	628424	24999	1			25000		other	0
003	5	Sound	test15	674923	71498	1			71500		other	0
003	5	Picture	2-211-1-2	733743	130318	7	5166	7	130000	5000	incorrect	57
003	5	Response	52	743909	140484	1
003	6	Sound	P0/none	779239	24999	1			25000		other	0
003	6	Sound	test07	825740	71500	1			71500		other	0
003	6	Picture	3-221-1-3	884558	130318	7	5166	7	130000	5000	hit	61
003	6	Response	62	895669	141429	2
003	7	Sound	P0/none	930057	25001	1			25000		other	0
003	7	Sound	f16	976556	71500	1			71500		other	0
003	7	Picture	2-121-1-2	1035374	130318	7	5166	7	130000	5000	hit	65
003	7	Response	62	1048710	143654	2
003	8	Sound	P0/none	1080871	24999	1			25000		other	0
003	8	Sound	f15	1127372	71500	1			71500		other	0
003	8	Picture	2-111-2-2	1186190	130318	7	5166	7	130000	5000	hit	69
003	8	Response	61	1194949	139077	1
003	9	Sound	P1/tapping1	1231687	24999	1			25000		other	0
003	9	Response	53	1232628	25940	1
003	9	Response	53	1237989	31301	1
003	9	Response	53	1242708	36020	1
003	9	Response	53	1247508	40820	1
003	9	Response	53	1252228	45540	1
003	9	Response	53	1256868	50180	2
003	9	Response	53	1261428	54740	1
003	9	Response	53	1266548	59860	1
003	9	Response	53	1271508	64820	1
003	9	Response	53	1276468	69780	2
003	9	Sound	test24	1278187	71499	1			71500		other	0
003	9	Picture	2-212-2-2	1337006	130318	7	5166	7	130000	5000	hit	83
003	9	Response	61	1346388	139700	2
003	10	Response	53	1372388	14884	1
003	10	Response	53	1377188	19684	1
003	10	Response	53	1382228	24724	1
003	10	Sound	P1/tapping	1382505	25001	1			25000		other	0
003	10	Response	53	1386948	29444	1
003	10	Response	53	1391348	33844	1
003	10	Response	53	1395509	38005	2
003	10	Response	53	1402629	45125	1
003	10	Response	53	1406548	49044	2
003	10	Response	53	1410708	53204	2
003	10	Response	53	1414468	56964	1
003	10	Response	53	1419508	62004	1
003	10	Response	53	1424149	66645	2
003	10	Response	53	1427748	70244	1
003	10	Sound	n01	1429004	71500	1			71500		other	0
003	10	Picture	2-222-1-2	1487822	130318	7	5166	7	130000	5000	hit	100
003	10	Response	62	1498708	141204	1
003	11	Response	53	1524468	16149	1
003	11	Response	53	1528948	20628	1
003	11	Sound	P1/tapping	1533320	25000	1			25000		other	0
003	11	Response	53	1533748	25428	1
003	11	Response	53	1537988	29668	1
003	11	Response	53	1542308	33988	1
003	11	Response	53	1547188	38868	1
003	11	Response	53	1550628	42308	2
003	11	Response	53	1555348	47029	1
003	11	Response	53	1559908	51588	1
003	11	Response	53	1564388	56068	1
003	11	Response	52	1568628	60308	1
003	11	Response	53	1569588	61268	1
003	11	Response	53	1574708	66388	1
003	11	Response	53	1579508	71188	1
003	11	Sound	test12	1579820	71500	1			71500		other	0
003	11	Picture	3-222-1-3	1638638	130318	7	5166	7	130000	5000	hit	118
003	11	Response	62	1647908	139589	1
003	12	Response	53	1672548	13413	1
003	12	Response	53	1676628	17492	1
003	12	Response	53	1680548	21412	1
003	12	Sound	P1/tapping	1684136	25001	1			25000		other	0
003	12	Response	53	1684389	25253	2
003	12	Response	53	1688948	29812	2
003	12	Response	53	1692308	33172	1
003	12	Response	53	1696228	37092	2
003	12	Response	53	1700228	41092	1
003	12	Response	53	1711428	52292	2
003	12	Response	53	1721109	61973	1
003	12	Response	53	1724148	65012	1
003	12	Response	53	1729108	69972	2
003	12	Sound	test03	1730635	71499	1			71500		other	0
003	12	Picture	3-222-1-3	1789454	130318	7	5166	7	130000	5000	hit	134
003	12	Response	62	1799428	140292	1
003	13	Sound	P2/beat1	1834952	25000	1			25000		other	0
003	13	Sound	test04	1881450	71499	1			71500		other	0
003	13	Picture	3-213-1-3	1940270	130318	7	5166	7	130000	5000	hit	138
003	13	Response	61	1948468	138516	1
003	14	Sound	P2/beat	1985768	25000	1			25000		other	0
003	14	Sound	f12	2032268	71501	1			71500		other	0
003	14	Picture	3-123-1-3	2091086	130318	7	5166	7	130000	5000	hit	142
003	14	Response	62	2100788	140020	1
003	15	Sound	P2/beat	2136583	24999	1			25000		other	0
003	15	Sound	test21	2183083	71500	1			71500		other	0
003	15	Picture	2-213-2-2	2241902	130318	7	5166	7	130000	5000	hit	146
003	15	Response	61	2252868	141284	1
003	16	Sound	P2/beat	2287399	25000	1			25000		other	0
003	16	Sound	test14	2333899	71500	1			71500		other	0
003	16	Picture	2-213-1-2	2392718	130318	7	5166	7	130000	5000	incorrect	150
003	16	Response	52	2409508	147108	1
003	17	Sound	P0/none1	2438215	24999	1			25000		other	0
003	17	Sound	f08	2484715	71500	1			71500		other	0
003	17	Picture	2-121-1-2	2543534	130318	7	5166	7	130000	5000	hit	154
003	17	Response	62	2553748	140533	1
003	18	Sound	P0/none	2589032	25000	1			25000		other	0
003	18	Sound	f05	2635532	71501	1			71500		other	0
003	18	Picture	3-121-1-3	2694350	130318	7	5166	7	130000	5000	hit	158
003	18	Response	62	2704387	140356	2
003	19	Sound	P0/none	2739847	25000	1			25000		other	0
003	19	Sound	n05	2786347	71500	1			71500		other	0
003	19	Picture	2-111-2-2	2845165	130318	7	5166	7	130000	5000	hit	162
003	19	Response	61	2857028	142180	1
003	20	Sound	P0/none	2890662	24999	1			25000		other	0
003	20	Sound	f13	2937163	71500	1			71500		other	0
003	20	Picture	2-111-1-2	2995981	130318	7	5166	7	130000	5000	hit	166
003	20	Response	61	3012307	146644	1
003	21	Sound	P2/beat1	3041478	24999	1			25000		other	0
003	21	Sound	f06	3087979	71500	1			71500		other	0
003	21	Picture	3-113-1-3	3146797	130318	7	5166	7	130000	5000	hit	170
003	21	Response	61	3159988	143509	1
003	22	Sound	P2/beat	3192295	25000	1			25000		other	0
003	22	Sound	n03	3238795	71500	1			71500		other	0
003	22	Picture	3-113-1-3	3297613	130318	7	5166	7	130000	5000	hit	174
003	22	Response	61	3317588	150292	1
003	23	Sound	P2/beat	3343111	25000	1			25000		other	0
003	23	Sound	f22	3389610	71499	1			71500		other	0
003	23	Picture	2-113-2-2	3448429	130318	7	5166	7	130000	5000	incorrect	178
003	23	Response	52	3464947	146837	1
003	24	Sound	P2/beat	3493927	25000	1			25000		other	0
003	24	Sound	test11	3540426	71499	1			71500		other	0
003	24	Picture	3-213-1-3	3599245	130318	7	5166	7	130000	5000	hit	182
003	24	Response	61	3611107	142180	1
003	25	Sound	P2/both1	3644742	24999	1			25000		other	0
003	25	Response	53	3645107	25365	1
003	25	Response	53	3649987	30244	1
003	25	Response	53	3655987	36244	3
003	25	Response	53	3661828	42085	1
003	25	Response	53	3668308	48565	2
003	25	Response	53	3674387	54644	1
003	25	Response	53	3680547	60805	1
003	25	Response	53	3686387	66645	1
003	25	Sound	test05	3691243	71500	1			71500		other	0
003	25	Picture	3-224-1-3	3750061	130318	7	5166	7	130000	5000	hit	194
003	25	Response	62	3760307	140565	1
003	26	Sound	P2/both	3795559	25000	1			25000		other	0
003	26	Sound	n12	3842058	71499	1			71500		other	0
003	26	Picture	2-114-2-2	3900877	130318	7	5166	7	130000	5000	incorrect	198
003	26	Response	52	3912388	141829	1
003	27	Response	53	3946307	24933	2
003	27	Sound	P2/both	3946374	24999	1			25000		other	0
003	27	Response	53	3952067	30693	1
003	27	Response	53	3957587	36212	1
003	27	Response	53	3963747	42372	2
003	27	Response	53	3969347	47972	1
003	27	Response	53	3975347	53972	1
003	27	Response	53	3981667	60293	1
003	27	Response	53	3988707	67333	1
003	27	Sound	n10	3992874	71500	1			71500		other	0
003	27	Response	53	3994547	73172	1
003	27	Picture	2-124-1-2	4051693	130318	7	5166	7	130000	5000	hit	211
003	27	Response	62	4064947	143573	2
003	28	Response	53	4090148	17957	1
003	28	Response	53	4096867	24676	1
003	28	Sound	P2/both	4097191	25000	1			25000		other	0
003	28	Response	53	4102548	30357	1
003	28	Response	53	4108787	36596	2
003	28	Response	53	4114867	42677	1
003	28	Response	53	4121027	48837	1
003	28	Response	53	4127427	55236	1
003	28	Response	53	4133267	61076	1
003	28	Response	53	4139267	67076	1
003	28	Sound	test25	4143691	71500	1			71500		other	0
003	28	Picture	2-214-1-2	4202509	130318	7	5166	7	130000	5000	hit	224
003	28	Response	61	4212947	140756	2
003	29	Sound	P0/none1	4248006	24999	1			25000		other	0
003	29	Sound	f18	4294506	71500	1			71500		other	0
003	29	Picture	2-121-2-2	4353325	130318	7	5166	7	130000	5000	hit	228
003	29	Response	62	4368067	145060	1
003	30	Sound	P0/none	4398823	25000	1			25000		other	0
003	30	Sound	test10	4445322	71500	1			71500		other	0
003	30	Picture	3-221-1-3	4504141	130318	7	5166	7	130000	5000	incorrect	232
003	30	Response	51	4516467	142645	1
003	31	Sound	P0/none	4549639	25000	1			25000		other	0
003	31	Sound	test19	4596138	71500	1			71500		other	0
003	31	Picture	3-221-1-3	4654957	130318	7	5166	7	130000	5000	hit	236
003	31	Response	62	4665107	140468	1
003	32	Sound	P0/none	4700456	25001	1			25000		other	0
003	32	Sound	test18	4746954	71500	1			71500		other	0
003	32	Picture	2-211-1-2	4805773	130318	7	5166	7	130000	5000	incorrect	240
003	32	Response	52	4821507	146053	1
003	33	Response	53	4851267	24996	1
003	33	Sound	P1/tapping1	4851270	24999	1			25000		other	0
003	33	Response	53	4856387	30116	1
003	33	Response	53	4861827	35556	2
003	33	Response	53	4866227	39956	1
003	33	Response	53	4870707	44436	1
003	33	Response	52	4872387	46116	1
003	33	Response	53	4877747	51476	2
003	33	Response	53	4882227	55956	1
003	33	Response	53	4886627	60356	1
003	33	Response	53	4890547	64277	1
003	33	Response	53	4895426	69156	1
003	33	Sound	f11	4897771	71500	1			71500		other	0
003	33	Picture	3-122-1-3	4956589	130318	7	5166	7	130000	5000	hit	255
003	33	Response	62	4965826	139556	1
003	34	Response	53	4995987	18901	2
003	34	Response	53	5000787	23701	1
003	34	Sound	P1/tapping	5002086	25000	1			25000		other	0
003	34	Response	53	5005346	28260	1
003	34	Response	53	5009347	32261	1
003	34	Response	53	5013587	36501	1
003	34	Response	53	5017587	40501	1
003	34	Response	53	5021267	44181	1
003	34	Response	53	5024947	47861	1
003	34	Response	53	5029826	52740	1
003	34	Response	53	5033507	56421	2
003	34	Response	53	5037907	60821	1
003	34	Response	53	5041747	64661	1
003	34	Response	53	5045667	68581	2
003	34	Sound	n07	5048585	71500	1			71500		other	0
003	34	Picture	3-212-1-3	5107404	130318	7	5166	7	130000	5000	hit	272
003	34	Response	61	5121747	144661	2
003	35	Response	53	5148306	20404	1
003	35	Sound	P1/tapping	5152902	25000	1			25000		other	0
003	35	Response	53	5152947	25045	1
003	35	Response	53	5157347	29444	1
003	35	Response	53	5161266	33364	1
003	35	Response	53	5165107	37204	1
003	35	Response	53	5168706	40804	1
003	35	Response	53	5172706	44804	1
003	35	Response	53	5176706	48804	1
003	35	Response	53	5181427	53525	1
003	35	Response	53	5185586	57684	1
003	35	Response	53	5189106	61204	1
003	35	Response	53	5193427	65524	2
003	35	Response	53	5197586	69684	1
003	35	Sound	test09	5199403	71501	1			71500		other	0
003	35	Picture	3-212-1-3	5258220	130318	7	5166	7	130000	5000	hit	289
003	35	Response	61	5267907	140005	1
003	36	Response	53	5295907	17189	1
003	36	Response	53	5299986	21268	1
003	36	Response	53	5303426	24708	1
003	36	Sound	P1/tapping	5303718	25000	1			25000		other	0
003	36	Response	53	5307107	28388	1
003	36	Response	53	5310867	32149	1
003	36	Response	53	5314547	35829	3
003	36	Response	53	5318227	39509	1
003	36	Response	53	5322066	43348	1
003	36	Response	53	5326146	47428	1
003	36	Response	53	5330306	51588	1
003	36	Response	53	5333907	55188	1
003	36	Response	53	5337586	58868	1
003	36	Response	53	5341666	62948	2
003	36	Response	53	5345026	66308	1
003	36	Response	53	5348707	69988	3
003	36	Sound	test22	5350219	71501	1			71500		other	0
003	36	Picture	2-222-2-2	5409036	130318	7	5166	7	130000	5000	incorrect	308
003	36	Response	51	5423507	144789	1
003	37	Sound	P2/beat1	5454534	25000	1			25000		other	0
003	37	Sound	f14	5501034	71500	1			71500		other	0
003	37	Picture	2-113-2-2	5559852	130318	7	5166	7	130000	5000	hit	312
003	37	Response	61	5572147	142613	2
003	38	Sound	P2/beat	5605351	25000	1			25000		other	0
003	38	Sound	test17	5651851	71501	1			71500		other	0
003	38	Picture	3-223-1-3	5710668	130318	7	5166	7	130000	5000	hit	316
003	38	Response	62	5720066	139716	1
003	39	Sound	P2/beat	5756166	25000	1			25000		other	0
003	39	Sound	n14	5802665	71499	1			71500		other	0
003	39	Picture	2-123-2-2	5861484	130318	7	5166	7	130000	5000	hit	320
003	39	Response	62	5874946	143780	1
003	40	Sound	P2/beat	5906982	25000	1			25000		other	0
003	40	Sound	f01	5953481	71499	1			71500		other	0
003	40	Picture	3-123-1-3	6012300	130318	7	5166	7	130000	5000	hit	324
003	40	Response	62	6029426	147444	1
003	41	Sound	P2/both1	6057798	25000	1			25000		other	0
003	41	Response	53	6058226	25428	1
003	41	Response	53	6063346	30548	1
003	41	Response	53	6069267	36469	1
003	41	Response	53	6075267	42469	1
003	41	Response	53	6081586	48788	1
003	41	Response	53	6087906	55108	1
003	41	Response	53	6094146	61348	2
003	41	Response	53	6099906	67108	2
003	41	Sound	n06	6104298	71500	1			71500		other	0
003	41	Picture	2-214-2-2	6163116	130318	7	5166	7	130000	5000	hit	336
003	41	Response	61	6176786	143988	1
003	42	Response	53	6196786	13173	2
003	42	Response	53	6203586	19972	2
003	42	Sound	P2/both	6208614	25000	1			25000		other	0
003	42	Response	53	6209586	25972	2
003	42	Response	53	6214546	30932	1
003	42	Response	53	6220146	36532	2
003	42	Response	53	6225986	42372	1
003	42	Response	53	6232146	48533	2
003	42	Response	53	6237906	54292	1
003	42	Response	53	6244226	60612	1
003	42	Response	53	6250066	66452	1
003	42	Sound	f23	6255113	71499	1			71500		other	0
003	42	Response	53	6257346	73733	1
003	42	Picture	3-124-1-3	6313932	130318	7	5166	7	130000	5000	incorrect	351
003	42	Response	51	6333666	150052	1
003	43	Sound	P2/both	6359430	25000	1			25000		other	0
003	43	Response	53	6361106	26676	1
003	43	Response	53	6365426	30996	1
003	43	Response	53	6371346	36916	3
003	43	Response	53	6376626	42196	1
003	43	Response	53	6383186	48756	1
003	43	Response	53	6389026	54596	2
003	43	Response	53	6394626	60196	1
003	43	Response	53	6400786	66356	2
003	43	Sound	test02	6405929	71499	1			71500		other	0
003	43	Picture	3-214-1-3	6464748	130318	7	5166	7	130000	5000	hit	363
003	43	Response	61	6474787	140357	2
003	44	Response	53	6500786	15541	1
003	44	Response	53	6508306	23060	1
003	44	Sound	P2/both	6510245	25000	1			25000		other	0
003	44	Response	53	6514786	29541	1
003	44	Response	53	6520946	35700	1
003	44	Response	53	6526866	41620	1
003	44	Response	53	6532866	47620	1
003	44	Response	53	6539027	53781	2
003	44	Response	53	6545106	59860	1
003	44	Response	53	6551266	66020	1
003	44	Sound	test08	6556746	71500	1			71500		other	0
003	44	Picture	3-214-1-3	6615564	130318	7	5166	7	130000	5000	hit	376
003	44	Response	61	6625586	140340	1
003	45	Sound	P0/none1	6661062	25000	1			25000		other	0
003	45	Sound	f10	6707562	71500	1			71500		other	0
003	45	Picture	3-121-1-3	6766380	130318	7	5166	7	130000	5000	incorrect	380
003	45	Response	51	6782146	146084	1
003	46	Sound	P0/none	6811877	25000	1			25000		other	0
003	46	Sound	f04	6858378	71500	1			71500		other	0
003	46	Picture	3-121-1-3	6917196	130318	7	5166	7	130000	5000	hit	384
003	46	Response	62	6931106	144229	1
003	47	Sound	P0/none	6962694	25000	1			25000		other	0
003	47	Sound	n11	7009194	71500	1			71500		other	0
003	47	Picture	3-121-2-3	7068012	130318	7	5166	7	130000	5000	hit	388
003	47	Response	62	7080946	143253	1
003	48	Sound	P0/none	7113509	24999	1			25000		other	0
003	48	Sound	test16	7160010	71500	1			71500		other	0
003	48	Picture	2-221-1-2	7218828	130318	7	5166	7	130000	5000	hit	392
003	48	Response	62	7237026	148516	1
003	49	Sound	P2/beat1	7264325	24999	1			25000		other	0
003	49	Sound	test13	7310825	71500	1			71500		other	0
003	49	Picture	2-223-1-2	7369644	130318	7	5166	7	130000	5000	hit	396
003	49	Response	62	7382545	143220	3
003	50	Sound	P2/beat	7415141	25000	1			25000		other	0
003	50	Sound	f21	7461642	71500	1			71500		other	0
003	50	Picture	2-113-2-2	7520460	130318	7	5166	7	130000	5000	miss	0
003	51	Response	52	7542786	1828	1
003	51	Sound	P2/beat	7565958	25000	1			25000		other	0
003	51	Sound	n13	7612457	71500	1			71500		other	0
003	51	Picture	2-213-1-2	7671276	130318	7	5166	7	130000	5000	hit	404
003	51	Response	61	7680706	139749	1
003	52	Sound	P2/beat	7716774	25000	1			25000		other	0
003	52	Sound	f09	7763274	71501	1			71500		other	0
003	52	Picture	3-123-1-3	7822092	130318	7	5166	7	130000	5000	hit	408
003	52	Response	62	7838625	146852	2
003	53	Response	53	7866945	24356	1
003	53	Sound	P2/both1	7867590	25001	1			25000		other	0
003	53	Response	53	7873105	30516	1
003	53	Response	53	7878785	36196	1
003	53	Response	53	7885985	43396	1
003	53	Response	53	7891825	49236	2
003	53	Response	53	7897665	55076	2
003	53	Response	53	7903266	60676	2
003	53	Response	53	7909347	66757	1
003	53	Sound	f07	7914090	71501	1			71500		other	0
003	53	Picture	3-114-1-3	7972908	130318	7	5166	7	130000	5000	incorrect	420
003	53	Response	52	7982065	139476	1
003	54	Sound	P2/both	8018405	25000	1			25000		other	0
003	54	Response	53	8036465	43060	2
003	54	Response	53	8041985	48580	1
003	54	Response	53	8047265	53860	1
003	54	Response	53	8053265	59860	1
003	54	Response	53	8059345	65940	3
003	54	Sound	test23	8064905	71500	1			71500		other	0
003	54	Response	53	8065745	72340	2
003	54	Picture	2-214-2-2	8123724	130318	7	5166	7	130000	5000	hit	430
003	54	Response	61	8133105	139700	1
003	55	Response	53	8162065	17844	1
003	55	Response	53	8167265	23044	2
003	55	Sound	P2/both	8169221	25000	1			25000		other	0
003	55	Response	53	8172226	28005	1
003	55	Response	53	8178866	34644	1
003	55	Response	53	8185905	41684	1
003	55	Response	53	8191345	47124	1
003	55	Response	53	8197265	53044	1
003	55	Response	53	8203025	58804	1
003	55	Response	53	8209185	64964	1
003	55	Sound	f03	8215722	71501	1			71500		other	0
003	55	Response	53	8216065	71844	2
003	55	Picture	3-124-1-3	8274540	130318	7	5166	7	130000	5000	hit	444
003	55	Response	62	8286866	142645	1
003	56	Sound	P2/both	8320037	25000	1			25000		other	0
003	56	Response	53	8321505	26468	1
003	56	Response	53	8325985	30948	1
003	56	Response	53	8331185	36148	1
003	56	Response	53	8337345	42308	1
003	56	Response	53	8343425	48388	1
003	56	Response	53	8349025	53988	1
003	56	Response	53	8355505	60468	2
003	56	Response	53	8361825	66788	2
003	56	Sound	f20	8366538	71500	1			71500		other	0
003	56	Picture	2-114-2-2	8425355	130318	7	5166	7	130000	5000	hit	456
003	56	Response	61	8436705	141668	1
003	57	Response	53	8468545	22692	2
003	57	Sound	P1/tapping1	8470853	25000	1			25000		other	0
003	57	Response	53	8473265	27412	1
003	57	Response	53	8478625	32772	1
003	57	Response	53	8482945	37092	1
003	57	Response	53	8487825	41972	1
003	57	Response	53	8493505	47652	2
003	57	Response	53	8499105	53252	2
003	57	Response	53	8502785	56932	2
003	57	Response	53	8506305	60452	1
003	57	Response	53	8510385	64532	1
003	57	Response	53	8514625	68772	1
003	57	Sound	test01	8517352	71499	1			71500		other	0
003	57	Picture	3-222-1-3	8576171	130318	7	5166	7	130000	5000	hit	471
003	57	Response	62	8586465	140612	2
003	58	Response	53	8613585	16916	1
003	58	Response	53	8619265	22596	1
003	58	Sound	P1/tapping	8621669	24999	1			25000		other	0
003	58	Response	53	8623825	27156	1
003	58	Response	53	8628225	31556	2
003	58	Response	53	8632625	35956	1
003	58	Response	52	8634545	37876	1
003	58	Response	53	8639105	42436	1
003	58	Response	53	8643665	46996	1
003	58	Response	53	8647905	51236	1
003	58	Response	53	8652385	55716	2
003	58	Response	53	8656705	60036	1
003	58	Response	53	8660545	63876	1
003	58	Response	53	8664465	67796	1
003	58	Response	53	8668065	71396	1
003	58	Sound	n04	8668169	71500	1			71500		other	0
003	58	Picture	3-212-1-3	8726987	130318	7	5166	7	130000	5000	hit	489
003	58	Response	61	8738625	141956	1
003	59	Response	53	8770705	23220	1
003	59	Sound	P1/tapping	8772485	25000	1			25000		other	0
003	59	Response	53	8777665	30180	1
003	59	Response	53	8781025	33540	1
003	59	Response	53	8786865	39380	1
003	59	Response	53	8790625	43140	1
003	59	Response	53	8793905	46420	1
003	59	Response	53	8797345	49860	1
003	59	Response	53	8800785	53300	1
003	59	Response	53	8804305	56820	2
003	59	Response	53	8807665	60180	1
003	59	Response	53	8811025	63540	2
003	59	Response	53	8814385	66900	1
003	59	Response	53	8818145	70660	1
003	59	Sound	f19	8818984	71499	1			71500		other	0
003	59	Response	53	8821665	74180	1
003	59	Picture	2-122-2-2	8877803	130318	7	5166	7	130000	5000	hit	507
003	59	Response	62	8888865	141380	2
003	60	Response	53	8917185	18884	1
003	60	Response	53	8921024	22723	1
003	60	Sound	P1/tapping	8923301	25000	1			25000		other	0
003	60	Response	53	8924305	26004	1
003	60	Response	53	8927825	29524	2
003	60	Response	53	8931505	33204	1
003	60	Response	53	8935345	37044	1
003	60	Response	53	8939026	40725	2
003	60	Response	53	8943025	44724	1
003	60	Response	53	8946545	48244	1
003	60	Response	53	8950065	51764	1
003	60	Response	53	8953985	55684	1
003	60	Response	53	8957985	59684	1
003	60	Response	53	8961745	63444	1
003	60	Response	53	8967985	69684	1
003	60	Sound	f24	8969801	71500	1			71500		other	0
003	60	Picture	2-122-1-2	9028619	130318	7	5166	7	130000	5000	hit	525
003	60	Response	62	9038305	140004	2


Event Type	Code	Type	Response	RT	RT Uncertainty	Time	Uncertainty	Duration	Uncertainty	ReqTime	ReqDur

Sound	P2/both1	other				25160	1			25000
Sound	test06	other				71659	1			71500
Picture	3-224-1-3	hit	2	11271	8	130479	7	5166	7	130000	5000
Sound	P2/both	other				175977	1			25000
Sound	f17	other				222477	1			71500
Picture	2-114-2-2	incorrect	2	9974	7	281295	7	5166	7	130000	5000
Sound	P2/both	other				326792	1			25000
Sound	f02	other				373293	1			71500
Picture	3-114-2-3	hit	1	10758	7	432111	7	5166	7	130000	5000
Sound	P2/both	other				477607	1			25000
Sound	n09	other				524108	1			71500
Picture	2-214-2-2	hit	1	12342	8	582927	7	5166	7	130000	5000
Sound	P0/none1	other				628424	1			25000
Sound	test15	other				674923	1			71500
Picture	2-211-1-2	incorrect	2	10166	7	733743	7	5166	7	130000	5000
Sound	P0/none	other				779239	1			25000
Sound	test07	other				825740	1			71500
Picture	3-221-1-3	hit	2	11111	8	884558	7	5166	7	130000	5000
Sound	P0/none	other				930057	1			25000
Sound	f16	other				976556	1			71500
Picture	2-121-1-2	hit	2	13336	8	1035374	7	5166	7	130000	5000
Sound	P0/none	other				1080871	1			25000
Sound	f15	other				1127372	1			71500
Picture	2-111-2-2	hit	1	8759	7	1186190	7	5166	7	130000	5000
Sound	P1/tapping1	other				1231687	1			25000
Sound	test24	other				1278187	1			71500
Picture	2-212-2-2	hit	1	9382	8	1337006	7	5166	7	130000	5000
Sound	P1/tapping	other				1382505	1			25000
Sound	n01	other				1429004	1			71500
Picture	2-222-1-2	hit	2	10886	7	1487822	7	5166	7	130000	5000
Sound	P1/tapping	other				1533320	1			25000
Sound	test12	other				1579820	1			71500
Picture	3-222-1-3	hit	2	9270	7	1638638	7	5166	7	130000	5000
Sound	P1/tapping	other				1684136	1			25000
Sound	test03	other				1730635	1			71500
Picture	3-222-1-3	hit	2	9974	7	1789454	7	5166	7	130000	5000
Sound	P2/beat1	other				1834952	1			25000
Sound	test04	other				1881450	1			71500
Picture	3-213-1-3	hit	1	8198	7	1940270	7	5166	7	130000	5000
Sound	P2/beat	other				1985768	1			25000
Sound	f12	other				2032268	1			71500
Picture	3-123-1-3	hit	2	9702	7	2091086	7	5166	7	130000	5000
Sound	P2/beat	other				2136583	1			25000
Sound	test21	other				2183083	1			71500
Picture	2-213-2-2	hit	1	10966	7	2241902	7	5166	7	130000	5000
Sound	P2/beat	other				2287399	1			25000
Sound	test14	other				2333899	1			71500
Picture	2-213-1-2	incorrect	2	16790	7	2392718	7	5166	7	130000	5000
Sound	P0/none1	other				2438215	1			25000
Sound	f08	other				2484715	1			71500
Picture	2-121-1-2	hit	2	10215	7	2543534	7	5166	7	130000	5000
Sound	P0/none	other				2589032	1			25000
Sound	f05	other				2635532	1			71500
Picture	3-121-1-3	hit	2	10038	8	2694350	7	5166	7	130000	5000
Sound	P0/none	other				2739847	1			25000
Sound	n05	other				2786347	1			71500
Picture	2-111-2-2	hit	1	11862	7	2845165	7	5166	7	130000	5000
Sound	P0/none	other				2890662	1			25000
Sound	f13	other				2937163	1			71500
Picture	2-111-1-2	hit	1	16326	7	2995981	7	5166	7	130000	5000
Sound	P2/beat1	other				3041478	1			25000
Sound	f06	other				3087979	1			71500
Picture	3-113-1-3	hit	1	13190	7	3146797	7	5166	7	130000	5000
Sound	P2/beat	other				3192295	1			25000
Sound	n03	other				3238795	1			71500
Picture	3-113-1-3	hit	1	19974	7	3297613	7	5166	7	130000	5000
Sound	P2/beat	other				3343111	1			25000
Sound	f22	other				3389610	1			71500
Picture	2-113-2-2	incorrect	2	16518	7	3448429	7	5166	7	130000	5000
Sound	P2/beat	other				3493927	1			25000
Sound	test11	other				3540426	1			71500
Picture	3-213-1-3	hit	1	11862	7	3599245	7	5166	7	130000	5000
Sound	P2/both1	other				3644742	1			25000
Sound	test05	other				3691243	1			71500
Picture	3-224-1-3	hit	2	10246	7	3750061	7	5166	7	130000	5000
Sound	P2/both	other				3795559	1			25000
Sound	n12	other				3842058	1			71500
Picture	2-114-2-2	incorrect	2	11511	7	3900877	7	5166	7	130000	5000
Sound	P2/both	other				3946374	1			25000
Sound	n10	other				3992874	1			71500
Picture	2-124-1-2	hit	2	13254	8	4051693	7	5166	7	130000	5000
Sound	P2/both	other				4097191	1			25000
Sound	test25	other				4143691	1			71500
Picture	2-214-1-2	hit	1	10438	8	4202509	7	5166	7	130000	5000
Sound	P0/none1	other				4248006	1			25000
Sound	f18	other				4294506	1			71500
Picture	2-121-2-2	hit	2	14742	7	4353325	7	5166	7	130000	5000
Sound	P0/none	other				4398823	1			25000
Sound	test10	other				4445322	1			71500
Picture	3-221-1-3	incorrect	1	12326	7	4504141	7	5166	7	130000	5000
Sound	P0/none	other				4549639	1			25000
Sound	test19	other				4596138	1			71500
Picture	3-221-1-3	hit	2	10150	7	4654957	7	5166	7	130000	5000
Sound	P0/none	other				4700456	1			25000
Sound	test18	other				4746954	1			71500
Picture	2-211-1-2	incorrect	2	15734	7	4805773	7	5166	7	130000	5000
Sound	P1/tapping1	other				4851270	1			25000
Sound	f11	other				4897771	1			71500
Picture	3-122-1-3	hit	2	9238	7	4956589	7	5166	7	130000	5000
Sound	P1/tapping	other				5002086	1			25000
Sound	n07	other				5048585	1			71500
Picture	3-212-1-3	hit	1	14342	8	5107404	7	5166	7	130000	5000
Sound	P1/tapping	other				5152902	1			25000
Sound	test09	other				5199403	1			71500
Picture	3-212-1-3	hit	1	9686	7	5258220	7	5166	7	130000	5000
Sound	P1/tapping	other				5303718	1			25000
Sound	test22	other				5350219	1			71500
Picture	2-222-2-2	incorrect	1	14470	7	5409036	7	5166	7	130000	5000
Sound	P2/beat1	other				5454534	1			25000
Sound	f14	other				5501034	1			71500
Picture	2-113-2-2	hit	1	12294	8	5559852	7	5166	7	130000	5000
Sound	P2/beat	other				5605351	1			25000
Sound	test17	other				5651851	1			71500
Picture	3-223-1-3	hit	2	9398	7	5710668	7	5166	7	130000	5000
Sound	P2/beat	other				5756166	1			25000
Sound	n14	other				5802665	1			71500
Picture	2-123-2-2	hit	2	13462	7	5861484	7	5166	7	130000	5000
Sound	P2/beat	other				5906982	1			25000
Sound	f01	other				5953481	1			71500
Picture	3-123-1-3	hit	2	17126	7	6012300	7	5166	7	130000	5000
Sound	P2/both1	other				6057798	1			25000
Sound	n06	other				6104298	1			71500
Picture	2-214-2-2	hit	1	13670	7	6163116	7	5166	7	130000	5000
Sound	P2/both	other				6208614	1			25000
Sound	f23	other				6255113	1			71500
Picture	3-124-1-3	incorrect	1	19734	7	6313932	7	5166	7	130000	5000
Sound	P2/both	other				6359430	1			25000
Sound	test02	other				6405929	1			71500
Picture	3-214-1-3	hit	1	10039	8	6464748	7	5166	7	130000	5000
Sound	P2/both	other				6510245	1			25000
Sound	test08	other				6556746	1			71500
Picture	3-214-1-3	hit	1	10022	7	6615564	7	5166	7	130000	5000
Sound	P0/none1	other				6661062	1			25000
Sound	f10	other				6707562	1			71500
Picture	3-121-1-3	incorrect	1	15766	7	6766380	7	5166	7	130000	5000
Sound	P0/none	other				6811877	1			25000
Sound	f04	other				6858378	1			71500
Picture	3-121-1-3	hit	2	13911	7	6917196	7	5166	7	130000	5000
Sound	P0/none	other				6962694	1			25000
Sound	n11	other				7009194	1			71500
Picture	3-121-2-3	hit	2	12934	7	7068012	7	5166	7	130000	5000
Sound	P0/none	other				7113509	1			25000
Sound	test16	other				7160010	1			71500
Picture	2-221-1-2	hit	2	18198	7	7218828	7	5166	7	130000	5000
Sound	P2/beat1	other				7264325	1			25000
Sound	test13	other				7310825	1			71500
Picture	2-223-1-2	hit	2	12902	9	7369644	7	5166	7	130000	5000
Sound	P2/beat	other				7415141	1			25000
Sound	f21	other				7461642	1			71500
Picture	2-113-2-2	miss				7520460	7	5166	7	130000	5000
Sound	P2/beat	other				7565958	1			25000
Sound	n13	other				7612457	1			71500
Picture	2-213-1-2	hit	1	9430	7	7671276	7	5166	7	130000	5000
Sound	P2/beat	other				7716774	1			25000
Sound	f09	other				7763274	1			71500
Picture	3-123-1-3	hit	2	16534	8	7822092	7	5166	7	130000	5000
Sound	P2/both1	other				7867590	1			25000
Sound	f07	other				7914090	1			71500
Picture	3-114-1-3	incorrect	2	9158	7	7972908	7	5166	7	130000	5000
Sound	P2/both	other				8018405	1			25000
Sound	test23	other				8064905	1			71500
Picture	2-214-2-2	hit	1	9382	7	8123724	7	5166	7	130000	5000
Sound	P2/both	other				8169221	1			25000
Sound	f03	other				8215722	1			71500
Picture	3-124-1-3	hit	2	12326	7	8274540	7	5166	7	130000	5000
Sound	P2/both	other				8320037	1			25000
Sound	f20	other				8366538	1			71500
Picture	2-114-2-2	hit	1	11350	7	8425355	7	5166	7	130000	5000
Sound	P1/tapping1	other				8470853	1			25000
Sound	test01	other				8517352	1			71500
Picture	3-222-1-3	hit	2	10293	8	8576171	7	5166	7	130000	5000
Sound	P1/tapping	other				8621669	1			25000
Sound	n04	other				8668169	1			71500
Picture	3-212-1-3	hit	1	11638	7	8726987	7	5166	7	130000	5000
Sound	P1/tapping	other				8772485	1			25000
Sound	f19	other				8818984	1			71500
Picture	2-122-2-2	hit	2	11061	8	8877803	7	5166	7	130000	5000
Sound	P1/tapping	other				8923301	1			25000
Sound	f24	other				8969801	1			71500
Picture	2-122-1-2	hit	2	9686	8	9028619	7	5166	7	130000	5000

The following output port codes were not sent because of a conflict on the port.
Port	Code	Time(ms)
1	2	485127
1	53	515295


{
   "app": "Presentation Version 22.1 Build 01.21.21",
   "device": "Dell Inc. OptiPlex 7050",
   "experiment": "{C8E97CB4-6FCA-44FA-B866-4A2D94B6B85C}",
   "os": "Windows 10 64 bit",
   "package": "",
   "parameters": {
      "configuration": "Default configuration"
   },
   "scenario": "entrain_list1_sess4_EB.sce",
   "subject": "003",
   "timestamp": "2022/03/31 12:36:18 GMT"
}
