Scenario - test
Logfile written - 03/31/2022 15:08:42

Subject	Trial	Event Type	Code	Time	TTime	Uncertainty	Duration	Uncertainty	ReqTime	ReqDur	Stim Type	Pair Index

003	1	Sound	P0/none1	25160	24999	1			25000		other	0
003	1	Sound	f01	71660	71500	1			71500		other	0
003	1	Picture	2-111-1-2	130479	130318	7	5166	7	130000	5000	incorrect	4
003	1	Response	52	146666	146506	2
003	2	Sound	P0/none	175976	24999	1			25000		other	0
003	2	Sound	test01	222476	71500	1			71500		other	0
003	2	Picture	2-211-1-2	281295	130318	7	5166	7	130000	5000	hit	8
003	2	Response	61	291146	140170	2
003	3	Sound	P0/none	326792	24999	1			25000		other	0
003	3	Sound	test22	373293	71501	1			71500		other	0
003	3	Picture	3-211-1-3	432111	130318	7	5166	7	130000	5000	incorrect	12
003	3	Response	52	440746	138954	2
003	4	Sound	P0/none	477609	25000	1			25000		other	0
003	4	Sound	f07	524109	71501	1			71500		other	0
003	4	Picture	2-121-1-2	582927	130318	7	5166	7	130000	5000	hit	16
003	4	Response	62	592426	139818	2
003	5	Sound	P2/beat1	628424	25000	1			25000		other	0
003	5	Sound	f03	674924	71500	1			71500		other	0
003	5	Picture	2-123-1-2	733743	130318	7	5166	7	130000	5000	hit	20
003	5	Response	62	744106	140682	1
003	6	Sound	P2/beat	779240	25000	1			25000		other	0
003	6	Sound	n12	825740	71500	1			71500		other	0
003	6	Picture	3-123-1-3	884559	130318	7	5166	7	130000	5000	hit	24
003	6	Response	62	894907	140667	3
003	7	Sound	P2/beat	930056	24999	1			25000		other	0
003	7	Sound	test10	976557	71501	1			71500		other	0
003	7	Picture	2-213-1-2	1035375	130318	7	5166	7	130000	5000	hit	28
003	7	Response	61	1046106	141049	2
003	8	Sound	P2/beat	1080872	24999	1			25000		other	0
003	8	Sound	f17	1127372	71499	1			71500		other	0
003	8	Picture	3-113-1-3	1186191	130318	7	5166	7	130000	5000	hit	32
003	8	Response	61	1197066	141194	2
003	9	Sound	P0/none1	1231689	25000	1			25000		other	0
003	9	Sound	f09	1278188	71499	1			71500		other	0
003	9	Picture	2-111-1-2	1337007	130318	7	5166	7	130000	5000	incorrect	36
003	9	Response	52	1353466	146778	1
003	10	Sound	P0/none	1382504	24999	1			25000		other	0
003	10	Sound	test02	1429005	71501	1			71500		other	0
003	10	Picture	2-221-1-2	1487823	130318	7	5166	7	130000	5000	incorrect	40
003	10	Response	51	1504346	146842	2
003	11	Sound	P0/none	1533320	25000	1			25000		other	0
003	11	Sound	f20	1579819	71499	1			71500		other	0
003	11	Picture	3-121-1-3	1638639	130318	7	5166	7	130000	5000	hit	44
003	11	Response	62	1657466	149146	1
003	12	Sound	P0/none	1684136	25000	1			25000		other	0
003	12	Sound	test21	1730636	71500	1			71500		other	0
003	12	Picture	3-221-1-3	1789455	130318	7	5166	7	130000	5000	miss	0
003	13	Response	51	1814346	4393	2
003	13	Response	53	1832825	22873	2
003	13	Sound	P1/tapping1	1834952	24999	1			25000		other	0
003	13	Response	53	1837466	27513	2
003	13	Response	53	1841786	31834	2
003	13	Response	53	1846025	36073	1
003	13	Response	53	1849546	39593	2
003	13	Response	53	1853305	43353	2
003	13	Response	53	1856906	46954	2
003	13	Response	53	1860346	50393	2
003	13	Response	53	1863626	53673	1
003	13	Response	53	1867625	57673	2
003	13	Response	53	1871305	61353	1
003	13	Response	53	1874665	64713	1
003	13	Response	53	1878025	68073	2
003	13	Response	53	1881226	71273	1
003	13	Sound	test04	1881453	71501	1			71500		other	0
003	13	Response	53	1884746	74794	2
003	13	Picture	2-212-1-2	1940271	130318	7	5166	7	130000	5000	incorrect	67
003	13	Response	52	1951386	141433	2
003	14	Response	53	1976825	16057	2
003	14	Response	53	1980746	19978	2
003	14	Response	53	1984426	23658	2
003	14	Sound	P1/tapping	1985768	25000	1			25000		other	0
003	14	Response	53	1988186	27418	2
003	14	Response	53	1991545	30777	2
003	14	Response	53	1994746	33977	2
003	14	Response	53	1998345	37577	2
003	14	Response	53	2002266	41498	1
003	14	Response	53	2005706	44938	2
003	14	Response	53	2009626	48857	2
003	14	Response	53	2013385	52617	1
003	14	Response	53	2017226	56457	2
003	14	Response	53	2021706	60937	1
003	14	Response	53	2025625	64857	2
003	14	Response	53	2029306	68537	2
003	14	Sound	test23	2032267	71499	1			71500		other	0
003	14	Picture	3-222-1-3	2091087	130318	7	5166	7	130000	5000	hit	86
003	14	Response	62	2105066	144298	2
003	15	Response	53	2130905	19321	2
003	15	Response	53	2134666	23081	3
003	15	Sound	P1/tapping	2136584	24999	1			25000		other	0
003	15	Response	53	2138505	26921	2
003	15	Response	53	2142425	30841	2
003	15	Response	53	2145705	34121	1
003	15	Response	53	2149225	37641	1
003	15	Response	53	2152985	41401	1
003	15	Response	53	2156506	44922	3
003	15	Response	53	2160506	48922	3
003	15	Response	53	2164106	52521	1
003	15	Response	53	2167305	55721	1
003	15	Response	53	2170746	59161	1
003	15	Response	53	2174185	62601	1
003	15	Response	53	2177545	65961	2
003	15	Response	53	2180665	69081	2
003	15	Sound	test06	2183084	71500	1			71500		other	0
003	15	Picture	2-222-1-2	2241902	130318	7	5166	7	130000	5000	hit	105
003	15	Response	62	2255865	144281	2
003	16	Response	53	2284346	21945	2
003	16	Sound	P1/tapping	2287399	24999	1			25000		other	0
003	16	Response	53	2287625	25225	1
003	16	Response	53	2290907	28507	3
003	16	Response	53	2293865	31465	2
003	16	Response	53	2297308	34907	3
003	16	Response	53	2300507	38107	3
003	16	Response	53	2303625	41225	2
003	16	Response	53	2306905	44505	2
003	16	Response	53	2313465	51065	2
003	16	Response	53	2316585	54185	2
003	16	Response	53	2319546	57145	2
003	16	Response	53	2325705	63305	1
003	16	Response	53	2329305	66905	2
003	16	Response	53	2332025	69625	1
003	16	Sound	test07	2333899	71499	1			71500		other	0
003	16	Picture	2-212-1-2	2392718	130318	7	5166	7	130000	5000	hit	123
003	16	Response	61	2411866	149466	1
003	17	Response	53	2432746	19529	3
003	17	Sound	P2/both1	2438216	25000	1			25000		other	0
003	17	Response	53	2440346	27129	1
003	17	Response	53	2445865	32649	2
003	17	Response	53	2451065	37849	2
003	17	Response	53	2455625	42409	2
003	17	Response	53	2461785	48569	1
003	17	Response	53	2467546	54330	2
003	17	Response	53	2474185	60969	1
003	17	Response	53	2480185	66969	3
003	17	Sound	n01	2484716	71500	1			71500		other	0
003	17	Response	53	2485866	72650	2
003	17	Picture	3-214-1-3	2543534	130318	7	5166	7	130000	5000	incorrect	137
003	17	Response	52	2555705	142489	1
003	18	Response	53	2583385	19353	2
003	18	Sound	P2/both	2589032	25000	1			25000		other	0
003	18	Response	53	2591545	27513	1
003	18	Response	53	2596426	32394	2
003	18	Response	53	2601146	37114	3
003	18	Response	53	2606425	42393	1
003	18	Response	53	2612346	48314	2
003	18	Response	53	2618345	54313	1
003	18	Response	53	2624585	60553	2
003	18	Response	53	2630665	66633	1
003	18	Sound	f22	2635532	71500	1			71500		other	0
003	18	Response	53	2636265	72233	2
003	18	Picture	3-124-1-3	2694350	130318	7	5166	7	130000	5000	hit	151
003	18	Response	62	2708185	144153	2
003	19	Response	53	2732346	17498	2
003	19	Sound	P2/both	2739849	25000	1			25000		other	0
003	19	Response	53	2741385	26537	1
003	19	Response	53	2746266	31417	2
003	19	Response	53	2751466	36618	3
003	19	Response	53	2756825	41977	2
003	19	Response	53	2762746	47898	2
003	19	Response	53	2768985	54137	1
003	19	Response	53	2774985	60137	2
003	19	Response	53	2781146	66298	3
003	19	Sound	f19	2786349	71500	1			71500		other	0
003	19	Response	53	2787385	72537	2
003	19	Picture	3-114-1-3	2845166	130318	7	5166	7	130000	5000	hit	165
003	19	Response	61	2854745	139897	1
003	20	Sound	P2/both	2890664	25000	1			25000		other	0
003	20	Response	53	2890905	25241	2
003	20	Response	53	2896105	30441	1
003	20	Response	53	2901385	35721	2
003	20	Response	53	2907945	42281	1
003	20	Response	53	2914265	48601	1
003	20	Response	53	2919625	53961	2
003	20	Response	53	2926345	60681	1
003	20	Response	53	2931705	66041	2
003	20	Sound	test16	2937163	71499	1			71500		other	0
003	20	Response	53	2937865	72201	2
003	20	Picture	3-224-1-3	2995982	130318	7	5166	7	130000	5000	hit	178
003	20	Response	62	3004746	139082	2
003	21	Response	53	3036585	20105	1
003	21	Response	53	3041305	24825	2
003	21	Sound	P1/tapping1	3041479	24999	1			25000		other	0
003	21	Response	53	3045706	29226	2
003	21	Response	53	3050425	33945	1
003	21	Response	53	3054585	38105	1
003	21	Response	53	3058906	42426	3
003	21	Response	53	3063065	46585	3
003	21	Response	53	3067545	51065	2
003	21	Response	53	3071945	55465	2
003	21	Response	53	3076025	59545	2
003	21	Response	53	3080425	63945	1
003	21	Response	53	3084265	67785	1
003	21	Sound	test05	3087980	71500	1			71500		other	0
003	21	Response	53	3088505	72025	1
003	21	Picture	2-222-1-2	3146798	130318	7	5166	7	130000	5000	hit	195
003	21	Response	62	3156665	140185	1
003	21	Response	53	3157705	141225	1
003	22	Response	53	3187465	20169	1
003	22	Response	53	3191545	24249	2
003	22	Sound	P1/tapping	3192296	25000	1			25000		other	0
003	22	Response	53	3195545	28249	2
003	22	Response	53	3199545	32249	2
003	22	Response	53	3203385	36089	1
003	22	Response	53	3207065	39769	1
003	22	Response	53	3211065	43769	1
003	22	Response	53	3215545	48249	2
003	22	Response	53	3218665	51369	1
003	22	Response	53	3223867	56571	3
003	22	Response	53	3227865	60569	2
003	22	Response	53	3231625	64329	2
003	22	Response	53	3234505	67209	1
003	22	Response	53	3238425	71129	2
003	22	Sound	test08	3238796	71500	1			71500		other	0
003	22	Picture	2-212-1-2	3297614	130318	7	5166	7	130000	5000	incorrect	214
003	22	Response	52	3307545	140249	1
003	23	Response	53	3336506	18394	2
003	23	Response	53	3340585	22473	1
003	23	Sound	P1/tapping	3343111	24999	1			25000		other	0
003	23	Response	53	3347464	29353	1
003	23	Response	53	3349545	31433	1
003	23	Response	53	3352745	34633	2
003	23	Response	53	3355465	37353	1
003	23	Response	53	3358185	40073	1
003	23	Response	53	3361465	43353	1
003	23	Response	53	3365785	47673	1
003	23	Response	53	3371225	53113	1
003	23	Response	53	3373544	55433	1
003	23	Response	53	3380025	61913	2
003	23	Response	53	3384345	66233	2
003	23	Response	53	3388265	70153	1
003	23	Sound	test14	3389612	71500	1			71500		other	0
003	23	Picture	3-212-1-3	3448430	130318	7	5166	7	130000	5000	incorrect	232
003	23	Response	52	3468186	150075	3
003	24	Response	53	3489225	20297	2
003	24	Response	53	3493065	24137	2
003	24	Sound	P1/tapping	3493928	25000	1			25000		other	0
003	24	Response	53	3496185	27257	2
003	24	Response	53	3499385	30457	1
003	24	Response	53	3502904	33977	2
003	24	Response	53	3506344	37417	1
003	24	Response	53	3509705	40778	3
003	24	Response	53	3513225	44298	2
003	24	Response	53	3516905	47977	2
003	24	Response	53	3520345	51417	2
003	24	Response	53	3523945	55017	1
003	24	Response	53	3527945	59017	1
003	24	Response	53	3531385	62457	1
003	24	Response	53	3534825	65897	1
003	24	Response	53	3538265	69337	2
003	24	Sound	test19	3540427	71499	1			71500		other	0
003	24	Picture	3-212-1-3	3599246	130318	7	5166	7	130000	5000	hit	251
003	24	Response	61	3613145	144217	2
003	25	Sound	P2/beat1	3644745	25001	1			25000		other	0
003	25	Sound	f15	3691244	71500	1			71500		other	0
003	25	Picture	3-113-1-3	3750062	130318	7	5166	7	130000	5000	hit	255
003	25	Response	61	3760025	140281	3
003	26	Sound	P2/beat	3795559	25000	1			25000		other	0
003	26	Sound	f16	3842060	71500	1			71500		other	0
003	26	Picture	3-123-1-3	3900878	130318	7	5166	7	130000	5000	hit	259
003	26	Response	62	3916264	145705	2
003	27	Sound	P2/beat	3946377	25001	1			25000		other	0
003	27	Sound	f18	3992876	71500	1			71500		other	0
003	27	Picture	3-113-1-3	4051694	130318	7	5166	7	130000	5000	incorrect	263
003	27	Response	52	4067386	146010	1
003	28	Sound	P2/beat	4097193	25001	1			25000		other	0
003	28	Sound	test18	4143691	71500	1			71500		other	0
003	28	Picture	3-223-1-3	4202510	130318	7	5166	7	130000	5000	hit	267
003	28	Response	62	4218024	145833	2
003	29	Sound	P2/both1	4248008	25000	1			25000		other	0
003	29	Response	53	4250664	27657	2
003	29	Response	53	4254745	31737	3
003	29	Response	53	4259465	36457	2
003	29	Response	53	4265545	42537	2
003	29	Response	53	4271305	48297	2
003	29	Response	53	4277305	54297	1
003	29	Response	53	4283145	60137	2
003	29	Response	53	4289306	66298	3
003	29	Sound	f10	4294507	71499	1			71500		other	0
003	29	Response	53	4295305	72297	2
003	29	Picture	2-114-1-2	4353326	130318	7	5166	7	130000	5000	incorrect	280
003	29	Response	52	4363064	140057	1
003	30	Sound	P2/both	4398824	25000	1			25000		other	0
003	30	Response	53	4412585	38761	2
003	30	Response	53	4416826	43002	3
003	30	Response	53	4422424	48600	2
003	30	Response	53	4427944	54121	2
003	30	Response	53	4433865	60041	2
003	30	Response	53	4439864	66040	1
003	30	Sound	f12	4445324	71500	1			71500		other	0
003	30	Response	53	4445945	72121	1
003	30	Picture	2-114-1-2	4504142	130318	7	5166	7	130000	5000	incorrect	291
003	30	Response	52	4511865	138041	1
003	31	Response	53	4541626	16986	4
003	31	Sound	P2/both	4549639	24999	1			25000		other	0
003	31	Response	53	4550745	26105	2
003	31	Response	53	4555866	31226	3
003	31	Response	53	4560984	36345	1
003	31	Response	53	4567624	42985	2
003	31	Response	53	4573785	49145	3
003	31	Response	53	4579704	55065	2
003	31	Response	53	4586905	62266	2
003	31	Response	53	4592185	67546	3
003	31	Sound	n05	4596140	71500	1			71500		other	0
003	31	Response	53	4598504	73865	2
003	31	Picture	3-124-1-3	4654958	130318	7	5166	7	130000	5000	hit	305
003	31	Response	62	4662424	137785	1
003	32	Sound	P2/both	4700456	25001	1			25000		other	0
003	32	Response	53	4702745	27290	3
003	32	Response	53	4706824	31368	1
003	32	Response	53	4712104	36649	2
003	32	Response	53	4717704	42249	2
003	32	Response	53	4723225	47769	3
003	32	Response	52	4729064	53608	1
003	32	Response	53	4729624	54169	2
003	32	Response	53	4734984	59529	2
003	32	Response	53	4741224	65768	2
003	32	Sound	f13	4746955	71500	1			71500		other	0
003	32	Response	53	4747224	71769	1
003	32	Picture	3-124-1-3	4805774	130318	7	5166	7	130000	5000	hit	319
003	32	Response	62	4817864	142409	1
003	33	Sound	P0/none1	4851271	25000	1			25000		other	0
003	33	Sound	n09	4897771	71500	1			71500		other	0
003	33	Picture	3-211-1-3	4956590	130318	7	5166	7	130000	5000	incorrect	323
003	33	Response	52	4967144	140873	2
003	34	Sound	P0/none	5002088	25000	1			25000		other	0
003	34	Sound	test13	5048588	71500	1			71500		other	0
003	34	Picture	3-221-1-3	5107406	130318	7	5166	7	130000	5000	hit	327
003	34	Response	62	5123305	146218	2
003	35	Sound	P0/none	5152903	24999	1			25000		other	0
003	35	Sound	f11	5199403	71499	1			71500		other	0
003	35	Picture	2-111-1-2	5258222	130318	7	5166	7	130000	5000	hit	331
003	35	Response	61	5272825	144922	3
003	36	Sound	P0/none	5303719	25000	1			25000		other	0
003	36	Sound	test17	5350219	71500	1			71500		other	0
003	36	Picture	2-211-2-2	5409038	130318	7	5166	7	130000	5000	hit	335
003	36	Response	61	5422344	143624	2
003	37	Response	53	5454504	24968	1
003	37	Sound	P2/both1	5454535	25000	1			25000		other	0
003	37	Response	53	5459944	30409	2
003	37	Response	53	5465464	35929	3
003	37	Response	53	5471384	41849	1
003	37	Response	53	5477704	48169	2
003	37	Response	53	5483624	54089	1
003	37	Response	53	5489944	60408	1
003	37	Response	53	5495864	66328	1
003	37	Sound	f06	5501036	71501	1			71500		other	0
003	37	Response	53	5503305	73769	2
003	37	Picture	2-114-1-2	5559854	130318	7	5166	7	130000	5000	hit	348
003	37	Response	61	5578664	149129	2
003	38	Sound	P2/both	5605351	24999	1			25000		other	0
003	38	Response	53	5607464	27113	2
003	38	Response	53	5612024	31672	2
003	38	Response	53	5617704	37353	2
003	38	Response	53	5622984	42632	2
003	38	Response	53	5628744	48392	1
003	38	Response	53	5634984	54632	1
003	38	Response	53	5640984	60633	1
003	38	Response	53	5647304	66952	3
003	38	Sound	f24	5651852	71501	1			71500		other	0
003	38	Response	53	5653384	73032	1
003	38	Picture	3-114-1-3	5710670	130318	7	5166	7	130000	5000	hit	361
003	38	Response	61	5720184	139833	1
003	39	Response	51	5746184	15017	1
003	39	Sound	P2/both	5756167	25000	1			25000		other	0
003	39	Response	53	5759544	28377	2
003	39	Response	53	5764104	32936	1
003	39	Response	53	5768424	37256	2
003	39	Response	53	5773864	42696	1
003	39	Response	53	5779705	48538	3
003	39	Response	53	5785784	54616	2
003	39	Response	53	5791544	60377	1
003	39	Response	53	5797464	66296	1
003	39	Sound	f08	5802667	71500	1			71500		other	0
003	39	Response	53	5803624	72456	1
003	39	Picture	2-114-1-2	5861486	130318	7	5166	7	130000	5000	hit	375
003	39	Response	61	5878664	147497	1
003	40	Response	53	5899464	17480	1
003	40	Response	53	5906344	24360	2
003	40	Sound	P2/both	5906983	25000	1			25000		other	0
003	40	Response	53	5912424	30440	1
003	40	Response	53	5918184	36200	2
003	40	Response	53	5924824	42841	3
003	40	Response	53	5930664	48680	2
003	40	Response	53	5936584	54600	2
003	40	Response	53	5942264	60281	2
003	40	Response	53	5948504	66520	1
003	40	Sound	n04	5953483	71500	1			71500		other	0
003	40	Response	53	5954425	72442	3
003	40	Picture	2-224-1-2	6012302	130318	7	5166	7	130000	5000	hit	389
003	40	Response	62	6021384	139400	2
003	41	Sound	P2/beat1	6057799	24999	1			25000		other	0
003	41	Sound	test09	6104299	71500	1			71500		other	0
003	41	Picture	2-223-1-2	6163118	130318	7	5166	7	130000	5000	hit	393
003	41	Response	62	6173463	140664	2
003	42	Sound	P2/beat	6208615	25000	1			25000		other	0
003	42	Sound	test03	6255115	71500	1			71500		other	0
003	42	Picture	2-213-1-2	6313934	130318	7	5166	7	130000	5000	incorrect	397
003	42	Response	52	6323943	140328	2
003	43	Sound	P2/beat	6359431	25000	1			25000		other	0
003	43	Sound	n10	6405931	71500	1			71500		other	0
003	43	Picture	3-123-1-3	6464750	130318	7	5166	7	130000	5000	hit	401
003	43	Response	62	6475304	140872	2
003	44	Sound	P2/beat	6510247	25000	1			25000		other	0
003	44	Sound	test24	6556747	71499	1			71500		other	0
003	44	Picture	3-223-1-3	6615566	130318	7	5166	7	130000	5000	hit	405
003	44	Response	62	6628024	142776	2
003	45	Response	53	6659703	23640	2
003	45	Sound	P1/tapping1	6661063	25000	1			25000		other	0
003	45	Response	53	6664663	28600	3
003	45	Response	53	6670503	34440	2
003	45	Response	53	6674263	38200	1
003	45	Response	53	6679063	43000	1
003	45	Response	53	6682663	46600	2
003	45	Response	53	6686504	50440	1
003	45	Response	53	6690183	54120	1
003	45	Response	53	6693784	57721	3
003	45	Response	53	6697464	61401	3
003	45	Response	53	6702263	66200	2
003	45	Response	53	6706023	69960	2
003	45	Sound	f05	6707564	71500	1			71500		other	0
003	45	Picture	2-112-1-2	6766382	130318	7	5166	7	130000	5000	incorrect	421
003	45	Response	52	6778024	141960	2
003	46	Sound	P1/tapping	6811878	24999	1			25000		other	0
003	46	Response	53	6817703	30824	2
003	46	Response	53	6821383	34504	2
003	46	Response	53	6824983	38104	1
003	46	Response	53	6828184	41304	3
003	46	Response	53	6831625	44745	1
003	46	Response	53	6835144	48265	1
003	46	Response	53	6838424	51545	1
003	46	Response	53	6841623	54744	1
003	46	Response	53	6845063	58184	2
003	46	Response	53	6848583	61704	2
003	46	Response	53	6852263	65384	2
003	46	Response	53	6855384	68504	2
003	46	Sound	f04	6858379	71499	1			71500		other	0
003	46	Response	53	6859383	72504	2
003	46	Picture	2-122-1-2	6917198	130318	7	5166	7	130000	5000	hit	438
003	46	Response	62	6928343	141464	2
003	47	Response	53	6956424	18728	2
003	47	Response	53	6959944	22248	2
003	47	Sound	P1/tapping	6962695	25000	1			25000		other	0
003	47	Response	53	6962903	25208	2
003	47	Response	53	6966423	28728	2
003	47	Response	53	6969223	31528	1
003	47	Response	53	6972663	34968	2
003	47	Response	53	6975705	38009	3
003	47	Response	53	6979303	41608	2
003	47	Response	53	6982584	44889	3
003	47	Response	53	6986024	48329	1
003	47	Response	53	6989384	51689	1
003	47	Response	53	6993143	55448	2
003	47	Response	53	6996503	58808	1
003	47	Response	53	7000103	62408	2
003	47	Response	53	7002983	65288	1
003	47	Response	53	7006503	68808	2
003	47	Sound	n13	7009196	71501	1			71500		other	0
003	47	Response	53	7010104	72409	4
003	47	Picture	3-222-1-3	7068014	130318	7	5166	7	130000	5000	miss	0
003	48	Response	51	7091143	2632	2
003	48	Response	53	7106585	18073	4
003	48	Response	53	7109944	21433	3
003	48	Response	53	7112823	24312	1
003	48	Sound	P1/tapping	7113511	25000	1			25000		other	0
003	48	Response	53	7116183	27672	2
003	48	Response	53	7119623	31112	1
003	48	Response	53	7123063	34552	1
003	48	Response	53	7126425	37913	3
003	48	Response	53	7129784	41272	3
003	48	Response	53	7133144	44632	1
003	48	Response	53	7139143	50632	2
003	48	Response	53	7142423	53912	1
003	48	Response	53	7146744	58232	1
003	48	Response	53	7150424	61912	3
003	48	Response	53	7156183	67672	2
003	48	Response	53	7159384	70873	2
003	48	Sound	f21	7160011	71500	1			71500		other	0
003	48	Picture	3-112-1-3	7218830	130318	7	5166	7	130000	5000	incorrect	478
003	48	Response	52	7230183	141672	2
003	49	Sound	P0/none1	7264327	25000	1			25000		other	0
003	49	Sound	test25	7310827	71500	1			71500		other	0
003	49	Picture	3-211-1-3	7369646	130319	7	5166	7	130000	5000	hit	482
003	49	Response	61	7380503	141176	1
003	50	Sound	P0/none	7415142	24999	1			25000		other	0
003	50	Sound	test12	7461643	71500	1			71500		other	0
003	50	Picture	2-221-1-2	7520462	130318	7	5166	7	130000	5000	hit	486
003	50	Response	62	7532024	141880	3
003	51	Sound	P0/none	7565960	25001	1			25000		other	0
003	51	Sound	n03	7612459	71500	1			71500		other	0
003	51	Picture	2-111-1-2	7671278	130318	7	5166	7	130000	5000	incorrect	490
003	51	Response	52	7684583	143624	1
003	52	Sound	P0/none	7716776	25001	1			25000		other	0
003	52	Sound	f23	7763274	71499	1			71500		other	0
003	52	Picture	2-121-1-2	7822093	130318	7	5166	7	130000	5000	hit	494
003	52	Response	62	7835463	143688	2
003	53	Sound	P1/tapping1	7867591	25000	1			25000		other	0
003	53	Response	53	7868504	25913	3
003	53	Response	53	7871703	29112	1
003	53	Response	53	7875464	32873	2
003	53	Response	53	7878103	35512	2
003	53	Response	53	7880903	38311	1
003	53	Response	53	7883783	41192	2
003	53	Response	53	7886743	44151	2
003	53	Response	53	7889063	46472	1
003	53	Response	53	7891864	49273	3
003	53	Response	53	7894423	51832	1
003	53	Response	53	7897063	54472	1
003	53	Response	53	7899703	57112	3
003	53	Response	53	7902263	59671	1
003	53	Response	53	7904583	61991	2
003	53	Response	53	7906983	64392	1
003	53	Response	53	7909462	66871	1
003	53	Response	53	7911623	69032	2
003	53	Sound	f02	7914092	71501	1			71500		other	0
003	53	Response	53	7914183	71592	2
003	53	Picture	2-122-1-2	7972910	130318	7	5166	7	130000	5000	hit	516
003	53	Response	62	7985863	143272	2
003	54	Response	53	8010584	17177	3
003	54	Response	53	8013544	20137	3
003	54	Response	53	8015623	22215	2
003	54	Response	53	8018023	24615	1
003	54	Sound	P1/tapping	8018408	25000	1			25000		other	0
003	54	Response	53	8020183	26776	1
003	54	Response	53	8022583	29176	3
003	54	Response	53	8025063	31656	1
003	54	Response	53	8027142	33735	2
003	54	Response	53	8029623	36216	2
003	54	Response	53	8032023	38616	2
003	54	Response	53	8034263	40856	2
003	54	Response	53	8036743	43336	1
003	54	Response	53	8039143	45736	2
003	54	Response	53	8041703	48296	2
003	54	Response	53	8044263	50856	1
003	54	Response	53	8045783	52376	2
003	54	Response	53	8049382	55975	2
003	54	Response	53	8051783	58376	1
003	54	Response	53	8053783	60375	1
003	54	Response	53	8057223	63815	2
003	54	Response	53	8059623	66215	1
003	54	Response	53	8062103	68696	1
003	54	Response	53	8064823	71416	2
003	54	Sound	test15	8064908	71501	1			71500		other	0
003	54	Picture	3-222-1-3	8123726	130318	7	5166	7	130000	5000	hit	543
003	54	Response	62	8134263	140856	2
003	55	Response	53	8163704	19481	3
003	55	Response	53	8166983	22760	2
003	55	Sound	P1/tapping	8169224	25000	1			25000		other	0
003	55	Response	53	8169703	25480	2
003	55	Response	53	8172583	28360	2
003	55	Response	53	8175223	31000	3
003	55	Response	53	8177943	33719	1
003	55	Response	53	8180743	36520	2
003	55	Response	53	8183463	39240	2
003	55	Response	53	8186104	41881	3
003	55	Response	53	8188903	44680	1
003	55	Response	53	8191863	47640	2
003	55	Response	53	8194663	50440	2
003	55	Response	53	8199462	55239	1
003	55	Response	53	8202262	58039	1
003	55	Response	53	8204982	60759	1
003	55	Response	53	8208503	64279	1
003	55	Response	53	8212023	67800	2
003	55	Response	53	8214343	70120	1
003	55	Sound	test11	8215723	71500	1			71500		other	0
003	55	Picture	2-212-1-2	8274541	130318	7	5166	7	130000	5000	hit	565
003	55	Response	61	8286903	142680	1
003	56	Response	53	8313543	18503	1
003	56	Response	53	8317464	22424	3
003	56	Response	53	8319622	24583	1
003	56	Sound	P1/tapping	8320039	25000	1			25000		other	0
003	56	Response	53	8323062	28023	1
003	56	Response	53	8325623	30584	2
003	56	Response	53	8328823	33784	3
003	56	Response	53	8332344	37304	3
003	56	Response	53	8335143	40104	1
003	56	Response	53	8337863	42823	2
003	56	Response	53	8340503	45463	1
003	56	Response	53	8342983	47943	2
003	56	Response	53	8345783	50743	1
003	56	Response	53	8348662	53623	2
003	56	Response	53	8351224	56184	3
003	56	Response	53	8354343	59304	1
003	56	Response	53	8357143	62103	1
003	56	Response	53	8359943	64903	2
003	56	Response	53	8363062	68023	1
003	56	Response	53	8366183	71143	2
003	56	Sound	n06	8366539	71500	1			71500		other	0
003	56	Picture	3-222-1-3	8425358	130318	7	5166	7	130000	5000	hit	588
003	56	Response	62	8435943	140904	1
003	56	Response	52	8439302	144263	2
003	57	Response	53	8464103	18248	1
003	57	Sound	P2/both1	8470855	25000	1			25000		other	0
003	57	Response	53	8472823	26967	1
003	57	Response	53	8476983	31128	1
003	57	Response	53	8481943	36088	2
003	57	Response	53	8487783	41928	1
003	57	Response	53	8493622	47767	3
003	57	Response	53	8500103	54248	1
003	57	Response	53	8505543	59688	2
003	57	Response	53	8511863	66008	2
003	57	Sound	n11	8517355	71500	1			71500		other	0
003	57	Response	53	8518023	72167	1
003	57	Picture	2-124-1-2	8576173	130318	7	5166	7	130000	5000	hit	603
003	57	Response	62	8585463	139608	2
003	58	Sound	P2/both	8621671	24999	1			25000		other	0
003	58	Response	53	8623623	26952	2
003	58	Response	53	8628423	31751	2
003	58	Response	53	8633383	36711	2
003	58	Response	53	8639464	42793	2
003	58	Response	53	8645383	48711	2
003	58	Response	53	8651063	54392	2
003	58	Response	53	8657063	60392	1
003	58	Response	53	8662663	65992	2
003	58	Sound	n14	8668170	71499	1			71500		other	0
003	58	Picture	3-124-1-3	8726989	130318	7	5166	7	130000	5000	hit	615
003	58	Response	62	8737063	140392	1
003	59	Sound	P2/both	8772487	25000	1			25000		other	0
003	59	Response	53	8785144	37657	3
003	59	Response	53	8791783	44296	2
003	59	Response	53	8796582	49095	2
003	59	Response	53	8801623	54135	2
003	59	Response	53	8807463	59975	2
003	59	Response	53	8813222	65735	2
003	59	Sound	f14	8818987	71500	1			71500		other	0
003	59	Response	53	8820023	72536	1
003	59	Picture	3-124-1-3	8877805	130318	7	5166	7	130000	5000	hit	626
003	59	Response	62	8887463	139976	2
003	60	Response	53	8919462	21159	1
003	60	Sound	P2/both	8923302	24999	1			25000		other	0
003	60	Response	53	8925303	27000	1
003	60	Response	53	8929862	31559	1
003	60	Response	53	8934902	36599	1
003	60	Response	53	8940262	41959	1
003	60	Response	53	8946902	48599	2
003	60	Response	53	8952503	54200	1
003	60	Response	53	8958423	60120	3
003	60	Response	53	8964742	66439	2
003	60	Sound	n07	8969802	71499	1			71500		other	0
003	60	Response	53	8970742	72439	1
003	60	Picture	2-214-1-2	9028621	130318	7	5166	7	130000	5000	incorrect	640
003	60	Response	52	9041862	143559	2


Event Type	Code	Type	Response	RT	RT Uncertainty	Time	Uncertainty	Duration	Uncertainty	ReqTime	ReqDur

Sound	P0/none1	other				25160	1			25000
Sound	f01	other				71660	1			71500
Picture	2-111-1-2	incorrect	2	16188	8	130479	7	5166	7	130000	5000
Sound	P0/none	other				175976	1			25000
Sound	test01	other				222476	1			71500
Picture	2-211-1-2	hit	1	9851	8	281295	7	5166	7	130000	5000
Sound	P0/none	other				326792	1			25000
Sound	test22	other				373293	1			71500
Picture	3-211-1-3	incorrect	2	8636	8	432111	7	5166	7	130000	5000
Sound	P0/none	other				477609	1			25000
Sound	f07	other				524109	1			71500
Picture	2-121-1-2	hit	2	9499	8	582927	7	5166	7	130000	5000
Sound	P2/beat1	other				628424	1			25000
Sound	f03	other				674924	1			71500
Picture	2-123-1-2	hit	2	10364	7	733743	7	5166	7	130000	5000
Sound	P2/beat	other				779240	1			25000
Sound	n12	other				825740	1			71500
Picture	3-123-1-3	hit	2	10348	9	884559	7	5166	7	130000	5000
Sound	P2/beat	other				930056	1			25000
Sound	test10	other				976557	1			71500
Picture	2-213-1-2	hit	1	10731	8	1035375	7	5166	7	130000	5000
Sound	P2/beat	other				1080872	1			25000
Sound	f17	other				1127372	1			71500
Picture	3-113-1-3	hit	1	10875	8	1186191	7	5166	7	130000	5000
Sound	P0/none1	other				1231689	1			25000
Sound	f09	other				1278188	1			71500
Picture	2-111-1-2	incorrect	2	16460	7	1337007	7	5166	7	130000	5000
Sound	P0/none	other				1382504	1			25000
Sound	test02	other				1429005	1			71500
Picture	2-221-1-2	incorrect	1	16523	8	1487823	7	5166	7	130000	5000
Sound	P0/none	other				1533320	1			25000
Sound	f20	other				1579819	1			71500
Picture	3-121-1-3	hit	2	18827	7	1638639	7	5166	7	130000	5000
Sound	P0/none	other				1684136	1			25000
Sound	test21	other				1730636	1			71500
Picture	3-221-1-3	miss				1789455	7	5166	7	130000	5000
Sound	P1/tapping1	other				1834952	1			25000
Sound	test04	other				1881453	1			71500
Picture	2-212-1-2	incorrect	2	11115	8	1940271	7	5166	7	130000	5000
Sound	P1/tapping	other				1985768	1			25000
Sound	test23	other				2032267	1			71500
Picture	3-222-1-3	hit	2	13980	8	2091087	7	5166	7	130000	5000
Sound	P1/tapping	other				2136584	1			25000
Sound	test06	other				2183084	1			71500
Picture	2-222-1-2	hit	2	13963	8	2241902	7	5166	7	130000	5000
Sound	P1/tapping	other				2287399	1			25000
Sound	test07	other				2333899	1			71500
Picture	2-212-1-2	hit	1	19147	7	2392718	7	5166	7	130000	5000
Sound	P2/both1	other				2438216	1			25000
Sound	n01	other				2484716	1			71500
Picture	3-214-1-3	incorrect	2	12171	7	2543534	7	5166	7	130000	5000
Sound	P2/both	other				2589032	1			25000
Sound	f22	other				2635532	1			71500
Picture	3-124-1-3	hit	2	13835	9	2694350	7	5166	7	130000	5000
Sound	P2/both	other				2739849	1			25000
Sound	f19	other				2786349	1			71500
Picture	3-114-1-3	hit	1	9579	7	2845166	7	5166	7	130000	5000
Sound	P2/both	other				2890664	1			25000
Sound	test16	other				2937163	1			71500
Picture	3-224-1-3	hit	2	8763	8	2995982	7	5166	7	130000	5000
Sound	P1/tapping1	other				3041479	1			25000
Sound	test05	other				3087980	1			71500
Picture	2-222-1-2	hit	2	9866	7	3146798	7	5166	7	130000	5000
Sound	P1/tapping	other				3192296	1			25000
Sound	test08	other				3238796	1			71500
Picture	2-212-1-2	incorrect	2	9931	7	3297614	7	5166	7	130000	5000
Sound	P1/tapping	other				3343111	1			25000
Sound	test14	other				3389612	1			71500
Picture	3-212-1-3	incorrect	2	19756	9	3448430	7	5166	7	130000	5000
Sound	P1/tapping	other				3493928	1			25000
Sound	test19	other				3540427	1			71500
Picture	3-212-1-3	hit	1	13898	8	3599246	7	5166	7	130000	5000
Sound	P2/beat1	other				3644745	1			25000
Sound	f15	other				3691244	1			71500
Picture	3-113-1-3	hit	1	9963	9	3750062	7	5166	7	130000	5000
Sound	P2/beat	other				3795559	1			25000
Sound	f16	other				3842060	1			71500
Picture	3-123-1-3	hit	2	15386	8	3900878	7	5166	7	130000	5000
Sound	P2/beat	other				3946377	1			25000
Sound	f18	other				3992876	1			71500
Picture	3-113-1-3	incorrect	2	15692	7	4051694	7	5166	7	130000	5000
Sound	P2/beat	other				4097193	1			25000
Sound	test18	other				4143691	1			71500
Picture	3-223-1-3	hit	2	15514	8	4202510	7	5166	7	130000	5000
Sound	P2/both1	other				4248008	1			25000
Sound	f10	other				4294507	1			71500
Picture	2-114-1-2	incorrect	2	9738	8	4353326	7	5166	7	130000	5000
Sound	P2/both	other				4398824	1			25000
Sound	f12	other				4445324	1			71500
Picture	2-114-1-2	incorrect	2	7723	7	4504142	7	5166	7	130000	5000
Sound	P2/both	other				4549639	1			25000
Sound	n05	other				4596140	1			71500
Picture	3-124-1-3	hit	2	7466	7	4654958	7	5166	7	130000	5000
Sound	P2/both	other				4700456	1			25000
Sound	f13	other				4746955	1			71500
Picture	3-124-1-3	hit	2	12090	7	4805774	7	5166	7	130000	5000
Sound	P0/none1	other				4851271	1			25000
Sound	n09	other				4897771	1			71500
Picture	3-211-1-3	incorrect	2	10554	8	4956590	7	5166	7	130000	5000
Sound	P0/none	other				5002088	1			25000
Sound	test13	other				5048588	1			71500
Picture	3-221-1-3	hit	2	15899	8	5107406	7	5166	7	130000	5000
Sound	P0/none	other				5152903	1			25000
Sound	f11	other				5199403	1			71500
Picture	2-111-1-2	hit	1	14603	9	5258222	7	5166	7	130000	5000
Sound	P0/none	other				5303719	1			25000
Sound	test17	other				5350219	1			71500
Picture	2-211-2-2	hit	1	13306	8	5409038	7	5166	7	130000	5000
Sound	P2/both1	other				5454535	1			25000
Sound	f06	other				5501036	1			71500
Picture	2-114-1-2	hit	1	18810	8	5559854	7	5166	7	130000	5000
Sound	P2/both	other				5605351	1			25000
Sound	f24	other				5651852	1			71500
Picture	3-114-1-3	hit	1	9514	7	5710670	7	5166	7	130000	5000
Sound	P2/both	other				5756167	1			25000
Sound	f08	other				5802667	1			71500
Picture	2-114-1-2	hit	1	17178	7	5861486	7	5166	7	130000	5000
Sound	P2/both	other				5906983	1			25000
Sound	n04	other				5953483	1			71500
Picture	2-224-1-2	hit	2	9082	8	6012302	7	5166	7	130000	5000
Sound	P2/beat1	other				6057799	1			25000
Sound	test09	other				6104299	1			71500
Picture	2-223-1-2	hit	2	10346	8	6163118	7	5166	7	130000	5000
Sound	P2/beat	other				6208615	1			25000
Sound	test03	other				6255115	1			71500
Picture	2-213-1-2	incorrect	2	10010	8	6313934	7	5166	7	130000	5000
Sound	P2/beat	other				6359431	1			25000
Sound	n10	other				6405931	1			71500
Picture	3-123-1-3	hit	2	10554	8	6464750	7	5166	7	130000	5000
Sound	P2/beat	other				6510247	1			25000
Sound	test24	other				6556747	1			71500
Picture	3-223-1-3	hit	2	12458	8	6615566	7	5166	7	130000	5000
Sound	P1/tapping1	other				6661063	1			25000
Sound	f05	other				6707564	1			71500
Picture	2-112-1-2	incorrect	2	11642	8	6766382	7	5166	7	130000	5000
Sound	P1/tapping	other				6811878	1			25000
Sound	f04	other				6858379	1			71500
Picture	2-122-1-2	hit	2	11146	8	6917198	7	5166	7	130000	5000
Sound	P1/tapping	other				6962695	1			25000
Sound	n13	other				7009196	1			71500
Picture	3-222-1-3	miss				7068014	7	5166	7	130000	5000
Sound	P1/tapping	other				7113511	1			25000
Sound	f21	other				7160011	1			71500
Picture	3-112-1-3	incorrect	2	11353	8	7218830	7	5166	7	130000	5000
Sound	P0/none1	other				7264327	1			25000
Sound	test25	other				7310827	1			71500
Picture	3-211-1-3	hit	1	10858	7	7369646	7	5166	7	130000	5000
Sound	P0/none	other				7415142	1			25000
Sound	test12	other				7461643	1			71500
Picture	2-221-1-2	hit	2	11562	9	7520462	7	5166	7	130000	5000
Sound	P0/none	other				7565960	1			25000
Sound	n03	other				7612459	1			71500
Picture	2-111-1-2	incorrect	2	13305	7	7671278	7	5166	7	130000	5000
Sound	P0/none	other				7716776	1			25000
Sound	f23	other				7763274	1			71500
Picture	2-121-1-2	hit	2	13370	8	7822093	7	5166	7	130000	5000
Sound	P1/tapping1	other				7867591	1			25000
Sound	f02	other				7914092	1			71500
Picture	2-122-1-2	hit	2	12954	8	7972910	7	5166	7	130000	5000
Sound	P1/tapping	other				8018408	1			25000
Sound	test15	other				8064908	1			71500
Picture	3-222-1-3	hit	2	10537	8	8123726	7	5166	7	130000	5000
Sound	P1/tapping	other				8169224	1			25000
Sound	test11	other				8215723	1			71500
Picture	2-212-1-2	hit	1	12361	7	8274541	7	5166	7	130000	5000
Sound	P1/tapping	other				8320039	1			25000
Sound	n06	other				8366539	1			71500
Picture	3-222-1-3	hit	2	10585	7	8425358	7	5166	7	130000	5000
Sound	P2/both1	other				8470855	1			25000
Sound	n11	other				8517355	1			71500
Picture	2-124-1-2	hit	2	9289	8	8576173	7	5166	7	130000	5000
Sound	P2/both	other				8621671	1			25000
Sound	n14	other				8668170	1			71500
Picture	3-124-1-3	hit	2	10073	7	8726989	7	5166	7	130000	5000
Sound	P2/both	other				8772487	1			25000
Sound	f14	other				8818987	1			71500
Picture	3-124-1-3	hit	2	9657	8	8877805	7	5166	7	130000	5000
Sound	P2/both	other				8923302	1			25000
Sound	n07	other				8969802	1			71500
Picture	2-214-1-2	incorrect	2	13241	8	9028621	7	5166	7	130000	5000

The following output port codes were not sent because of a conflict on the port.
Port	Code	Time(ms)
1	4	545454


{
   "app": "Presentation Version 22.1 Build 01.21.21",
   "device": "Dell Inc. OptiPlex 7050",
   "experiment": "{C8E97CB4-6FCA-44FA-B866-4A2D94B6B85C}",
   "os": "Windows 10 64 bit",
   "package": "",
   "parameters": {
      "configuration": "Default configuration"
   },
   "scenario": "entrain_list1_sess1_EB.sce",
   "subject": "003",
   "timestamp": "2022/03/31 12:53:30 GMT"
}
