Scenario - test
Logfile written - 03/31/2022 14:35:01

Subject	Trial	Event Type	Code	Time	TTime	Uncertainty	Duration	Uncertainty	ReqTime	ReqDur	Stim Type	Pair Index

003	1	Sound	P2/beat1	25162	25002	1			25000		other	0
003	1	Sound	n05	71660	71500	1			71500		other	0
003	1	Picture	3-113-1-3	130479	130318	7	5166	7	130000	5000	incorrect	4
003	1	Response	52	141303	141143	2
003	2	Sound	P2/beat	175976	25000	1			25000		other	0
003	2	Sound	f05	222476	71500	1			71500		other	0
003	2	Picture	3-113-1-3	281295	130318	7	5166	7	130000	5000	hit	8
003	2	Response	61	290263	139287	2
003	3	Sound	P2/beat	326792	25000	1			25000		other	0
003	3	Sound	n01	373291	71499	1			71500		other	0
003	3	Picture	3-223-1-3	432110	130318	7	5166	7	130000	5000	hit	12
003	3	Response	62	444823	143031	1
003	4	Sound	P2/beat	477607	24999	1			25000		other	0
003	4	Sound	test15	524108	71500	1			71500		other	0
003	4	Picture	2-223-1-2	582926	130318	7	5166	7	130000	5000	incorrect	16
003	4	Response	51	594743	142135	2
003	5	Response	53	622583	19159	2
003	5	Response	53	628103	24679	2
003	5	Sound	P1/tapping1	628424	25000	1			25000		other	0
003	5	Response	53	633783	30359	1
003	5	Response	53	639224	35800	2
003	5	Response	53	645143	41719	1
003	5	Response	53	650583	47160	1
003	5	Response	53	655783	52359	1
003	5	Response	53	661063	57640	1
003	5	Response	53	666263	62839	1
003	5	Response	53	672023	68599	1
003	5	Sound	f08	674924	71500	1			71500		other	0
003	5	Picture	3-122-2-3	733742	130318	7	5166	7	130000	5000	hit	30
003	5	Response	62	743783	140359	1
003	6	Response	53	773783	19543	2
003	6	Response	53	779063	24824	2
003	6	Sound	P1/tapping	779239	25000	1			25000		other	0
003	6	Response	53	784503	30264	1
003	6	Response	53	789623	35384	1
003	6	Response	53	795223	40984	1
003	6	Response	53	800983	46744	1
003	6	Response	53	806423	52183	1
003	6	Response	53	812103	57864	2
003	6	Response	53	817383	63144	1
003	6	Response	53	822903	68664	1
003	6	Sound	f01	825739	71499	1			71500		other	0
003	6	Picture	2-122-1-2	884558	130318	7	5166	7	130000	5000	hit	44
003	6	Response	62	895623	141384	1
003	7	Response	53	921623	16568	2
003	7	Response	53	927783	22728	2
003	7	Sound	P1/tapping	930055	25000	1			25000		other	0
003	7	Response	53	933223	28168	1
003	7	Response	53	938903	33848	1
003	7	Response	53	945143	40088	1
003	7	Response	53	951543	46488	1
003	7	Response	53	957543	52488	2
003	7	Response	52	959942	54887	1
003	7	Response	53	966343	61288	2
003	7	Response	53	972263	67208	1
003	7	Sound	n03	976555	71500	1			71500		other	0
003	7	Picture	3-122-1-3	1035373	130318	7	5166	7	130000	5000	incorrect	58
003	7	Response	51	1043783	138728	1
003	8	Response	53	1072423	16552	1
003	8	Response	53	1077623	21752	1
003	8	Sound	P1/tapping	1080871	25000	1			25000		other	0
003	8	Response	53	1083543	27672	2
003	8	Response	53	1089463	33592	1
003	8	Response	53	1095623	39752	2
003	8	Response	53	1100742	44871	1
003	8	Response	53	1106023	50152	1
003	8	Response	53	1111463	55592	1
003	8	Response	53	1116983	61112	1
003	8	Response	53	1123384	67512	2
003	8	Sound	test18	1127371	71500	1			71500		other	0
003	8	Picture	3-212-1-3	1186189	130318	7	5166	7	130000	5000	incorrect	72
003	8	Response	52	1196503	140632	1
003	9	Sound	P2/both1	1231686	25000	1			25000		other	0
003	9	Response	53	1233463	26776	1
003	9	Response	53	1238743	32056	1
003	9	Response	53	1243623	36936	1
003	9	Response	53	1249383	42696	1
003	9	Response	53	1255542	48856	2
003	9	Response	53	1261623	54936	1
003	9	Response	53	1267702	61016	2
003	9	Response	53	1273623	66936	2
003	9	Sound	test13	1278186	71500	1			71500		other	0
003	9	Response	53	1279943	73256	1
003	9	Picture	3-214-1-3	1337005	130318	7	5166	7	130000	5000	incorrect	85
003	9	Response	52	1350583	143896	2
003	10	Response	53	1378183	20680	1
003	10	Sound	P2/both	1382502	25000	1			25000		other	0
003	10	Response	53	1384822	27320	2
003	10	Response	53	1390343	32840	1
003	10	Response	53	1395143	37640	2
003	10	Response	53	1400583	43080	2
003	10	Response	53	1406183	48680	1
003	10	Response	53	1412263	54760	1
003	10	Response	53	1418342	60840	1
003	10	Response	53	1424503	67001	1
003	10	Sound	test04	1429002	71500	1			71500		other	0
003	10	Picture	2-224-1-2	1487821	130318	7	5166	7	130000	5000	hit	98
003	10	Response	62	1497943	140440	2
003	11	Response	53	1531223	22905	2
003	11	Sound	P2/both	1533319	25001	1			25000		other	0
003	11	Response	53	1538823	30505	2
003	11	Response	53	1544823	36504	2
003	11	Response	53	1551143	42825	1
003	11	Response	53	1557383	49065	1
003	11	Response	53	1563542	55224	1
003	11	Response	53	1569302	60984	2
003	11	Response	53	1575063	66745	1
003	11	Sound	f15	1579818	71500	1			71500		other	0
003	11	Picture	3-124-1-3	1638636	130318	7	5166	7	130000	5000	hit	110
003	11	Response	62	1658503	150185	2
003	12	Sound	P2/both	1684134	25000	1			25000		other	0
003	12	Response	53	1686103	26969	1
003	12	Response	53	1691222	32088	2
003	12	Response	53	1696583	37449	1
003	12	Response	53	1702183	43049	1
003	12	Response	53	1707542	48408	2
003	12	Response	53	1713623	54489	1
003	12	Response	53	1721464	62330	1
003	12	Response	53	1727303	68169	1
003	12	Sound	f21	1730634	71500	1			71500		other	0
003	12	Picture	3-124-1-3	1789452	130318	7	5166	7	130000	5000	incorrect	122
003	12	Response	51	1803063	143929	1
003	13	Sound	P0/none1	1834949	25000	1			25000		other	0
003	13	Sound	n07	1881450	71500	1			71500		other	0
003	13	Picture	2-221-1-2	1940268	130318	7	5166	7	130000	5000	hit	126
003	13	Response	62	1959623	149673	1
003	14	Sound	P0/none	1985765	25000	1			25000		other	0
003	14	Sound	n04	2032264	71499	1			71500		other	0
003	14	Picture	2-211-1-2	2091084	130318	7	5166	7	130000	5000	hit	130
003	14	Response	61	2101702	140937	2
003	15	Sound	P0/none	2136581	25000	1			25000		other	0
003	15	Sound	f03	2183082	71500	1			71500		other	0
003	15	Picture	2-111-1-2	2241899	130318	7	5166	7	130000	5000	incorrect	134
003	15	Response	52	2254262	142681	1
003	16	Sound	P0/none	2287397	25000	1			25000		other	0
003	16	Sound	test05	2333897	71500	1			71500		other	0
003	16	Picture	2-211-1-2	2392715	130318	7	5166	7	130000	5000	hit	138
003	16	Response	61	2401462	139065	2
003	17	Sound	P2/beat1	2438213	25000	1			25000		other	0
003	17	Sound	test16	2484713	71500	1			71500		other	0
003	17	Picture	3-213-1-3	2543531	130318	7	5166	7	130000	5000	hit	142
003	17	Response	61	2555702	142490	2
003	18	Sound	P2/beat	2589029	25000	1			25000		other	0
003	18	Sound	f11	2635528	71500	1			71500		other	0
003	18	Picture	3-113-1-3	2694347	130318	7	5166	7	130000	5000	incorrect	146
003	18	Response	52	2711782	147754	2
003	19	Sound	P2/beat	2739844	25000	1			25000		other	0
003	19	Sound	test07	2786344	71500	1			71500		other	0
003	19	Picture	2-223-1-2	2845162	130318	7	5166	7	130000	5000	hit	150
003	19	Response	62	2857782	142938	2
003	20	Sound	P2/beat	2890659	24999	1			25000		other	0
003	20	Sound	f23	2937159	71499	1			71500		other	0
003	20	Picture	2-113-1-2	2995978	130318	7	5166	7	130000	5000	incorrect	154
003	20	Response	52	3008262	142602	1
003	21	Sound	P0/none1	3041476	25000	1			25000		other	0
003	21	Sound	test23	3087976	71500	1			71500		other	0
003	21	Picture	2-221-2-2	3146794	130318	7	5166	7	130000	5000	incorrect	158
003	21	Response	51	3163702	147226	2
003	22	Sound	P0/none	3192290	24999	1			25000		other	0
003	22	Sound	f24	3238792	71500	1			71500		other	0
003	22	Picture	3-121-1-3	3297610	130318	7	5166	7	130000	5000	incorrect	162
003	22	Response	51	3309142	141851	2
003	23	Sound	P0/none	3343107	24999	1			25000		other	0
003	23	Sound	n06	3389607	71500	1			71500		other	0
003	23	Picture	3-211-1-3	3448426	130318	7	5166	7	130000	5000	hit	166
003	23	Response	61	3463142	145035	1
003	24	Sound	P0/none	3493923	25000	1			25000		other	0
003	24	Sound	test24	3540422	71499	1			71500		other	0
003	24	Picture	2-221-1-2	3599241	130318	7	5166	7	130000	5000	hit	170
003	24	Response	62	3610663	141740	2
003	25	Sound	P1/tapping1	3644739	25000	1			25000		other	0
003	25	Response	53	3646582	26844	1
003	25	Response	53	3650741	31003	1
003	25	Response	53	3657701	37963	1
003	25	Response	53	3662262	42523	2
003	25	Response	53	3666982	47243	2
003	25	Response	53	3671942	52203	1
003	25	Response	53	3679782	60043	1
003	25	Response	53	3683862	64123	1
003	25	Response	53	3688742	69003	1
003	25	Sound	test02	3691240	71501	1			71500		other	0
003	25	Picture	2-212-1-2	3750057	130318	7	5166	7	130000	5000	hit	183
003	25	Response	61	3764342	144603	1
003	26	Sound	P1/tapping	3795555	25000	1			25000		other	0
003	26	Response	53	3805382	34827	1
003	26	Response	53	3810422	39867	1
003	26	Response	53	3816261	45707	1
003	26	Response	53	3822422	51868	2
003	26	Response	53	3828022	57467	1
003	26	Response	53	3834182	63627	2
003	26	Sound	f14	3842055	71500	1			71500		other	0
003	26	Picture	2-122-2-2	3900873	130318	7	5166	7	130000	5000	hit	193
003	26	Response	62	3915622	145067	2
003	27	Sound	P1/tapping	3946370	25000	1			25000		other	0
003	27	Response	53	3947862	26491	2
003	27	Response	53	3952342	30971	1
003	27	Response	53	3957542	36171	2
003	27	Response	53	3963142	41771	2
003	27	Response	53	3967062	45691	1
003	27	Response	53	3971621	50251	2
003	27	Response	53	3975621	54251	2
003	27	Response	53	3980502	59131	2
003	27	Response	53	3985222	63852	1
003	27	Response	53	3990582	69212	2
003	27	Sound	f17	3992869	71499	1			71500		other	0
003	27	Picture	3-122-1-3	4051689	130318	7	5166	7	130000	5000	incorrect	207
003	27	Response	51	4065302	143931	2
003	28	Response	53	4096421	24235	2
003	28	Sound	P1/tapping	4097186	25000	1			25000		other	0
003	28	Response	53	4103621	31435	1
003	28	Response	53	4109301	37115	2
003	28	Response	53	4113942	41755	2
003	28	Response	53	4119462	47275	2
003	28	Response	53	4123461	51275	2
003	28	Response	53	4126582	54395	1
003	28	Response	53	4131382	59195	1
003	28	Response	53	4135302	63115	1
003	28	Response	53	4139701	67515	1
003	28	Response	53	4143141	70955	1
003	28	Sound	test17	4143686	71500	1			71500		other	0
003	28	Picture	2-222-2-2	4202504	130318	7	5166	7	130000	5000	hit	222
003	28	Response	62	4213381	141195	1
003	29	Sound	P2/beat1	4248001	24999	1			25000		other	0
003	29	Sound	f10	4294502	71500	1			71500		other	0
003	29	Picture	2-123-1-2	4353320	130318	7	5166	7	130000	5000	hit	226
003	29	Response	62	4362662	139660	1
003	30	Sound	P2/beat	4398817	24999	1			25000		other	0
003	30	Sound	test01	4445317	71499	1			71500		other	0
003	30	Picture	2-223-1-2	4504136	130318	7	5166	7	130000	5000	hit	230
003	30	Response	62	4519542	145724	2
003	31	Sound	P2/beat	4549633	25000	1			25000		other	0
003	31	Sound	test12	4596133	71500	1			71500		other	0
003	31	Picture	2-213-1-2	4654952	130318	7	5166	7	130000	5000	hit	234
003	31	Response	61	4669941	145308	1
003	32	Sound	P2/beat	4700449	24999	1			25000		other	0
003	32	Sound	test08	4746949	71500	1			71500		other	0
003	32	Picture	2-223-1-2	4805768	130318	7	5166	7	130000	5000	hit	238
003	32	Response	62	4816021	140572	2
003	33	Sound	P2/both1	4851266	25001	1			25000		other	0
003	33	Response	53	4887381	61116	2
003	33	Response	53	4892421	66156	1
003	33	Sound	f09	4897765	71500	1			71500		other	0
003	33	Response	53	4898261	71996	1
003	33	Picture	3-114-1-3	4956584	130318	7	5166	7	130000	5000	hit	245
003	33	Response	61	4967541	141276	1
003	34	Response	53	4996261	19180	2
003	34	Sound	P2/both	5002080	24999	1			25000		other	0
003	34	Response	53	5002822	25741	2
003	34	Response	53	5007541	30460	1
003	34	Response	53	5013061	35980	1
003	34	Response	53	5019301	42220	2
003	34	Response	53	5024982	47901	2
003	34	Response	53	5030901	53820	2
003	34	Response	53	5036581	59500	1
003	34	Response	53	5042981	65900	2
003	34	Sound	test03	5048581	71500	1			71500		other	0
003	34	Response	53	5048901	71820	1
003	34	Picture	3-214-1-3	5107399	130318	7	5166	7	130000	5000	hit	259
003	34	Response	61	5116502	139421	2
003	35	Response	53	5146741	18844	1
003	35	Response	53	5152741	24844	2
003	35	Sound	P2/both	5152896	24999	1			25000		other	0
003	35	Response	53	5157781	29884	1
003	35	Response	53	5163541	35644	2
003	35	Response	53	5170661	42764	2
003	35	Response	53	5175942	48045	2
003	35	Response	53	5181702	53805	2
003	35	Response	53	5188021	60125	1
003	35	Response	53	5194341	66444	1
003	35	Sound	f04	5199398	71501	1			71500		other	0
003	35	Response	53	5199781	71884	1
003	35	Picture	3-114-1-3	5258215	130318	7	5166	7	130000	5000	hit	273
003	35	Response	61	5265781	137884	1
003	36	Response	53	5295461	16749	2
003	36	Response	53	5301941	23228	1
003	36	Sound	P2/both	5303712	25000	1			25000		other	0
003	36	Response	53	5308502	29789	1
003	36	Response	53	5315061	36348	1
003	36	Response	53	5321141	42428	1
003	36	Response	53	5327301	48588	2
003	36	Response	53	5333220	54508	2
003	36	Response	53	5339061	60348	1
003	36	Response	53	5344741	66028	1
003	36	Sound	f18	5350211	71499	1			71500		other	0
003	36	Response	53	5350581	71868	2
003	36	Picture	2-114-2-2	5409031	130318	7	5166	7	130000	5000	incorrect	287
003	36	Response	52	5426341	147628	2
003	37	Sound	P0/none1	5454528	25000	1			25000		other	0
003	37	Sound	f19	5501028	71500	1			71500		other	0
003	37	Picture	3-121-1-3	5559847	130318	7	5166	7	130000	5000	incorrect	291
003	37	Response	51	5569302	139773	2
003	38	Sound	P0/none	5605344	25000	1			25000		other	0
003	38	Sound	test09	5651844	71500	1			71500		other	0
003	38	Picture	2-211-1-2	5710663	130318	7	5166	7	130000	5000	incorrect	295
003	38	Response	52	5722901	142556	1
003	39	Sound	P0/none	5756160	25000	1			25000		other	0
003	39	Sound	f02	5802661	71501	1			71500		other	0
003	39	Picture	3-121-2-3	5861478	130318	7	5166	7	130000	5000	incorrect	299
003	39	Response	51	5876981	145821	1
003	40	Sound	P0/none	5906976	25000	1			25000		other	0
003	40	Sound	n13	5953476	71499	1			71500		other	0
003	40	Picture	2-221-1-2	6012294	130318	7	5166	7	130000	5000	incorrect	303
003	40	Response	51	6024421	142445	2
003	41	Sound	P1/tapping1	6057792	25000	1			25000		other	0
003	41	Response	53	6067461	34669	2
003	41	Response	53	6073140	40349	2
003	41	Response	53	6077541	44749	2
003	41	Response	53	6082181	49389	2
003	41	Response	53	6086420	53628	1
003	41	Response	53	6091301	58509	1
003	41	Response	53	6096181	63389	1
003	41	Response	53	6101220	68428	1
003	41	Sound	f16	6104292	71500	1			71500		other	0
003	41	Picture	3-112-1-3	6163110	130318	7	5166	7	130000	5000	hit	315
003	41	Response	61	6174261	141470	2
003	42	Sound	P1/tapping	6208608	25000	1			25000		other	0
003	42	Response	53	6213380	29773	2
003	42	Response	53	6217621	34013	2
003	42	Response	53	6221381	37773	2
003	42	Response	53	6225541	41933	1
003	42	Response	53	6229780	46173	1
003	42	Response	53	6233701	50093	1
003	42	Response	53	6238900	55293	2
003	42	Response	53	6243700	60093	2
003	42	Response	53	6249620	66013	2
003	42	Sound	n14	6255107	71499	1			71500		other	0
003	42	Picture	3-112-1-3	6313926	130318	7	5166	7	130000	5000	hit	328
003	42	Response	61	6323141	139533	2
003	43	Response	53	6346981	12558	1
003	43	Response	53	6352260	17837	1
003	43	Response	53	6357140	22717	2
003	43	Sound	P1/tapping	6359423	24999	1			25000		other	0
003	43	Response	53	6361221	26797	2
003	43	Response	53	6365861	31437	1
003	43	Response	53	6370021	35598	2
003	43	Response	53	6373621	39197	1
003	43	Response	53	6377700	43277	2
003	43	Response	53	6381220	46797	2
003	43	Response	53	6384901	50478	1
003	43	Response	53	6388261	53838	2
003	43	Response	53	6391860	57437	1
003	43	Response	53	6395860	61437	1
003	43	Response	53	6399540	65117	1
003	43	Response	53	6403540	69117	1
003	43	Sound	f07	6405923	71499	1			71500		other	0
003	43	Response	53	6407701	73277	1
003	43	Picture	2-112-1-2	6464742	130318	7	5166	7	130000	5000	incorrect	348
003	43	Response	52	6473220	138797	1
003	44	Response	53	6504181	18942	2
003	44	Response	53	6508820	23581	1
003	44	Sound	P1/tapping	6510238	24999	1			25000		other	0
003	44	Response	53	6514180	28941	1
003	44	Response	53	6517780	32541	2
003	44	Response	53	6521540	36301	1
003	44	Response	53	6526020	40781	1
003	44	Response	53	6530180	44941	2
003	44	Response	53	6535860	50621	1
003	44	Response	53	6541780	56541	1
003	44	Response	53	6546020	60781	2
003	44	Response	53	6549780	64541	1
003	44	Response	53	6554020	68781	2
003	44	Sound	n11	6556739	71500	1			71500		other	0
003	44	Picture	2-112-1-2	6615558	130318	7	5166	7	130000	5000	hit	364
003	44	Response	61	6624501	139261	1
003	45	Response	53	6653460	17405	1
003	45	Response	53	6660180	24125	2
003	45	Sound	P2/both1	6661055	24999	1			25000		other	0
003	45	Response	53	6665780	29725	1
003	45	Response	53	6672020	35965	2
003	45	Response	53	6678020	41965	1
003	45	Response	53	6684420	48365	2
003	45	Response	53	6690261	54205	1
003	45	Response	53	6696100	60045	1
003	45	Response	53	6702100	66045	1
003	45	Sound	test10	6707556	71500	1			71500		other	0
003	45	Response	53	6708020	71965	1
003	45	Picture	2-224-1-2	6766373	130318	7	5166	7	130000	5000	incorrect	378
003	45	Response	51	6777780	141725	3
003	46	Sound	P2/both	6811870	24999	1			25000		other	0
003	46	Response	53	6814980	28109	1
003	46	Response	53	6819860	32989	2
003	46	Response	53	6824340	37469	2
003	46	Response	53	6829461	42590	2
003	46	Response	53	6835140	48269	2
003	46	Response	53	6841140	54269	2
003	46	Response	53	6846900	60029	1
003	46	Response	53	6852980	66109	1
003	46	Sound	test14	6858370	71499	1			71500		other	0
003	46	Picture	3-224-1-3	6917189	130318	7	5166	7	130000	5000	hit	390
003	46	Response	62	6927300	140429	2
003	47	Sound	P2/both	6962686	25000	1			25000		other	0
003	47	Response	53	6965460	27773	2
003	47	Response	53	6969780	32093	1
003	47	Response	53	6974660	36973	2
003	47	Response	53	6981220	43533	2
003	47	Response	53	6986420	48733	1
003	47	Response	53	6992500	54814	1
003	47	Response	53	6998260	60573	2
003	47	Response	53	7004180	66493	1
003	47	Sound	test21	7009187	71500	1			71500		other	0
003	47	Picture	2-224-2-2	7068005	130318	7	5166	7	130000	5000	hit	402
003	47	Response	62	7081460	143774	1
003	48	Response	53	7105300	16797	1
003	48	Response	53	7111540	23037	1
003	48	Sound	P2/both	7113503	25000	1			25000		other	0
003	48	Response	53	7118020	29517	2
003	48	Response	53	7124341	35838	2
003	48	Response	53	7130580	42078	1
003	48	Response	53	7136660	48157	1
003	48	Response	53	7142581	54078	2
003	48	Response	53	7148580	60077	1
003	48	Response	53	7154580	66077	2
003	48	Sound	test11	7160002	71500	1			71500		other	0
003	48	Response	53	7160980	72477	1
003	48	Picture	3-224-1-3	7218821	130318	7	5166	7	130000	5000	incorrect	416
003	48	Response	51	7235060	146557	1
003	49	Response	53	7260100	20782	2
003	49	Sound	P1/tapping1	7264319	25000	1			25000		other	0
003	49	Response	53	7265540	26221	2
003	49	Response	53	7270741	31422	2
003	49	Response	53	7276340	37021	1
003	49	Response	53	7279940	40621	1
003	49	Response	53	7283300	43981	2
003	49	Response	53	7286660	47341	2
003	49	Response	53	7290260	50942	1
003	49	Response	53	7293940	54621	1
003	49	Response	53	7297780	58462	2
003	49	Response	53	7301540	62221	2
003	49	Response	53	7305300	65981	1
003	49	Response	53	7308980	69661	3
003	49	Sound	f22	7310819	71500	1			71500		other	0
003	49	Picture	3-112-1-3	7369637	130318	7	5166	7	130000	5000	incorrect	433
003	49	Response	52	7388261	148942	1
003	50	Sound	P1/tapping	7415134	25000	1			25000		other	0
003	50	Response	53	7421140	31006	2
003	50	Response	53	7425300	35165	2
003	50	Response	53	7429461	39327	3
003	50	Response	53	7434020	43886	2
003	50	Response	53	7438420	48285	2
003	50	Response	53	7442580	52446	2
003	50	Response	53	7450100	59965	1
003	50	Response	53	7454100	63965	1
003	50	Response	53	7458580	68445	2
003	50	Sound	n12	7461635	71500	1			71500		other	0
003	50	Response	53	7462340	72206	1
003	50	Picture	3-112-1-3	7520453	130318	7	5166	7	130000	5000	hit	447
003	50	Response	61	7527060	136925	1
003	51	Response	53	7562740	21790	1
003	51	Sound	P1/tapping	7565950	24999	1			25000		other	0
003	51	Response	53	7566660	25710	2
003	51	Response	53	7570740	29790	2
003	51	Response	53	7574742	33791	2
003	51	Response	53	7579141	38191	1
003	51	Response	53	7582980	42029	1
003	51	Response	53	7587460	46510	2
003	51	Response	53	7591860	50909	2
003	51	Response	53	7596580	55630	1
003	51	Response	53	7602741	61790	1
003	51	Response	53	7609060	68110	1
003	51	Sound	test25	7612450	71500	1			71500		other	0
003	51	Response	53	7612820	71869	1
003	51	Picture	3-222-1-3	7671269	130318	7	5166	7	130000	5000	incorrect	463
003	51	Response	51	7683541	142590	1
003	52	Response	53	7708581	16814	2
003	52	Response	53	7712900	21133	1
003	52	Response	53	7716260	24493	1
003	52	Sound	P1/tapping	7716766	24999	1			25000		other	0
003	52	Response	53	7720340	28573	1
003	52	Response	53	7724900	33133	1
003	52	Response	53	7728660	36893	1
003	52	Response	53	7732980	41214	1
003	52	Response	53	7736020	44253	1
003	52	Response	53	7740980	49213	1
003	52	Response	53	7745620	53854	1
003	52	Response	53	7749780	58014	1
003	52	Response	53	7754660	62893	1
003	52	Response	53	7759540	67773	2
003	52	Sound	f20	7763266	71500	1			71500		other	0
003	52	Picture	3-112-1-3	7822085	130318	7	5166	7	130000	5000	hit	480
003	52	Response	61	7834260	142493	1
003	53	Sound	P0/none1	7867582	25000	1			25000		other	0
003	53	Sound	f12	7914082	71500	1			71500		other	0
003	53	Picture	3-111-1-3	7972900	130318	7	5166	7	130000	5000	incorrect	484
003	53	Response	52	7986020	143438	1
003	54	Sound	P0/none	8018398	25000	1			25000		other	0
003	54	Sound	test06	8064898	71500	1			71500		other	0
003	54	Picture	2-211-1-2	8123716	130318	7	5166	7	130000	5000	hit	488
003	54	Response	61	8133780	140382	1
003	55	Sound	P0/none	8169215	25001	1			25000		other	0
003	55	Sound	f06	8215714	71500	1			71500		other	0
003	55	Picture	2-121-1-2	8274532	130318	7	5166	7	130000	5000	incorrect	492
003	55	Response	51	8283780	139566	1
003	56	Sound	P0/none	8320029	24999	1			25000		other	0
003	56	Sound	n10	8366530	71500	1			71500		other	0
003	56	Picture	3-111-1-3	8425348	130318	7	5166	7	130000	5000	hit	496
003	56	Response	61	8431940	136910	2
003	57	Sound	P2/beat1	8470844	24998	1			25000		other	0
003	57	Sound	f13	8517345	71499	1			71500		other	0
003	57	Picture	2-123-1-2	8576164	130318	7	5166	7	130000	5000	hit	500
003	57	Response	62	8586659	140814	2
003	58	Sound	P2/beat	8621662	25000	1			25000		other	0
003	58	Sound	test22	8668161	71500	1			71500		other	0
003	58	Response	51	8723380	126718	2
003	58	Picture	2-213-2-2	8726980	130318	7	5166	7	130000	5000	hit	505
003	58	Response	61	8736739	140078	1
003	59	Sound	P2/beat	8772478	25000	1			25000		other	0
003	59	Sound	n09	8818977	71499	1			71500		other	0
003	59	Picture	3-223-1-3	8877796	130318	7	5166	7	130000	5000	hit	509
003	59	Response	62	8888020	140542	1
003	60	Sound	P2/beat	8923292	24998	1			25000		other	0
003	60	Sound	test19	8969793	71500	1			71500		other	0
003	60	Picture	2-213-1-2	9028612	130318	7	5166	7	130000	5000	incorrect	513
003	60	Response	52	9039299	141006	1


Event Type	Code	Type	Response	RT	RT Uncertainty	Time	Uncertainty	Duration	Uncertainty	ReqTime	ReqDur

Sound	P2/beat1	other				25162	1			25000
Sound	n05	other				71660	1			71500
Picture	3-113-1-3	incorrect	2	10825	8	130479	7	5166	7	130000	5000
Sound	P2/beat	other				175976	1			25000
Sound	f05	other				222476	1			71500
Picture	3-113-1-3	hit	1	8968	8	281295	7	5166	7	130000	5000
Sound	P2/beat	other				326792	1			25000
Sound	n01	other				373291	1			71500
Picture	3-223-1-3	hit	2	12713	7	432110	7	5166	7	130000	5000
Sound	P2/beat	other				477607	1			25000
Sound	test15	other				524108	1			71500
Picture	2-223-1-2	incorrect	1	11817	8	582926	7	5166	7	130000	5000
Sound	P1/tapping1	other				628424	1			25000
Sound	f08	other				674924	1			71500
Picture	3-122-2-3	hit	2	10041	7	733742	7	5166	7	130000	5000
Sound	P1/tapping	other				779239	1			25000
Sound	f01	other				825739	1			71500
Picture	2-122-1-2	hit	2	11065	7	884558	7	5166	7	130000	5000
Sound	P1/tapping	other				930055	1			25000
Sound	n03	other				976555	1			71500
Picture	3-122-1-3	incorrect	1	8409	7	1035373	7	5166	7	130000	5000
Sound	P1/tapping	other				1080871	1			25000
Sound	test18	other				1127371	1			71500
Picture	3-212-1-3	incorrect	2	10314	7	1186189	7	5166	7	130000	5000
Sound	P2/both1	other				1231686	1			25000
Sound	test13	other				1278186	1			71500
Picture	3-214-1-3	incorrect	2	13578	8	1337005	7	5166	7	130000	5000
Sound	P2/both	other				1382502	1			25000
Sound	test04	other				1429002	1			71500
Picture	2-224-1-2	hit	2	10122	9	1487821	7	5166	7	130000	5000
Sound	P2/both	other				1533319	1			25000
Sound	f15	other				1579818	1			71500
Picture	3-124-1-3	hit	2	19866	8	1638636	7	5166	7	130000	5000
Sound	P2/both	other				1684134	1			25000
Sound	f21	other				1730634	1			71500
Picture	3-124-1-3	incorrect	1	13611	7	1789452	7	5166	7	130000	5000
Sound	P0/none1	other				1834949	1			25000
Sound	n07	other				1881450	1			71500
Picture	2-221-1-2	hit	2	19355	7	1940268	7	5166	7	130000	5000
Sound	P0/none	other				1985765	1			25000
Sound	n04	other				2032264	1			71500
Picture	2-211-1-2	hit	1	10619	8	2091084	7	5166	7	130000	5000
Sound	P0/none	other				2136581	1			25000
Sound	f03	other				2183082	1			71500
Picture	2-111-1-2	incorrect	2	12363	7	2241899	7	5166	7	130000	5000
Sound	P0/none	other				2287397	1			25000
Sound	test05	other				2333897	1			71500
Picture	2-211-1-2	hit	1	8747	8	2392715	7	5166	7	130000	5000
Sound	P2/beat1	other				2438213	1			25000
Sound	test16	other				2484713	1			71500
Picture	3-213-1-3	hit	1	12172	8	2543531	7	5166	7	130000	5000
Sound	P2/beat	other				2589029	1			25000
Sound	f11	other				2635528	1			71500
Picture	3-113-1-3	incorrect	2	17436	8	2694347	7	5166	7	130000	5000
Sound	P2/beat	other				2739844	1			25000
Sound	test07	other				2786344	1			71500
Picture	2-223-1-2	hit	2	12620	8	2845162	7	5166	7	130000	5000
Sound	P2/beat	other				2890659	1			25000
Sound	f23	other				2937159	1			71500
Picture	2-113-1-2	incorrect	2	12284	7	2995978	7	5166	7	130000	5000
Sound	P0/none1	other				3041476	1			25000
Sound	test23	other				3087976	1			71500
Picture	2-221-2-2	incorrect	1	16908	8	3146794	7	5166	7	130000	5000
Sound	P0/none	other				3192290	1			25000
Sound	f24	other				3238792	1			71500
Picture	3-121-1-3	incorrect	1	11533	8	3297610	7	5166	7	130000	5000
Sound	P0/none	other				3343107	1			25000
Sound	n06	other				3389607	1			71500
Picture	3-211-1-3	hit	1	14716	7	3448426	7	5166	7	130000	5000
Sound	P0/none	other				3493923	1			25000
Sound	test24	other				3540422	1			71500
Picture	2-221-1-2	hit	2	11421	8	3599241	7	5166	7	130000	5000
Sound	P1/tapping1	other				3644739	1			25000
Sound	test02	other				3691240	1			71500
Picture	2-212-1-2	hit	1	14285	7	3750057	7	5166	7	130000	5000
Sound	P1/tapping	other				3795555	1			25000
Sound	f14	other				3842055	1			71500
Picture	2-122-2-2	hit	2	14749	8	3900873	7	5166	7	130000	5000
Sound	P1/tapping	other				3946370	1			25000
Sound	f17	other				3992869	1			71500
Picture	3-122-1-3	incorrect	1	13613	8	4051689	7	5166	7	130000	5000
Sound	P1/tapping	other				4097186	1			25000
Sound	test17	other				4143686	1			71500
Picture	2-222-2-2	hit	2	10877	7	4202504	7	5166	7	130000	5000
Sound	P2/beat1	other				4248001	1			25000
Sound	f10	other				4294502	1			71500
Picture	2-123-1-2	hit	2	9342	7	4353320	7	5166	7	130000	5000
Sound	P2/beat	other				4398817	1			25000
Sound	test01	other				4445317	1			71500
Picture	2-223-1-2	hit	2	15406	8	4504136	7	5166	7	130000	5000
Sound	P2/beat	other				4549633	1			25000
Sound	test12	other				4596133	1			71500
Picture	2-213-1-2	hit	1	14990	7	4654952	7	5166	7	130000	5000
Sound	P2/beat	other				4700449	1			25000
Sound	test08	other				4746949	1			71500
Picture	2-223-1-2	hit	2	10254	8	4805768	7	5166	7	130000	5000
Sound	P2/both1	other				4851266	1			25000
Sound	f09	other				4897765	1			71500
Picture	3-114-1-3	hit	1	10957	7	4956584	7	5166	7	130000	5000
Sound	P2/both	other				5002080	1			25000
Sound	test03	other				5048581	1			71500
Picture	3-214-1-3	hit	1	9103	8	5107399	7	5166	7	130000	5000
Sound	P2/both	other				5152896	1			25000
Sound	f04	other				5199398	1			71500
Picture	3-114-1-3	hit	1	7566	7	5258215	7	5166	7	130000	5000
Sound	P2/both	other				5303712	1			25000
Sound	f18	other				5350211	1			71500
Picture	2-114-2-2	incorrect	2	17310	8	5409031	7	5166	7	130000	5000
Sound	P0/none1	other				5454528	1			25000
Sound	f19	other				5501028	1			71500
Picture	3-121-1-3	incorrect	1	9455	8	5559847	7	5166	7	130000	5000
Sound	P0/none	other				5605344	1			25000
Sound	test09	other				5651844	1			71500
Picture	2-211-1-2	incorrect	2	12238	7	5710663	7	5166	7	130000	5000
Sound	P0/none	other				5756160	1			25000
Sound	f02	other				5802661	1			71500
Picture	3-121-2-3	incorrect	1	15503	7	5861478	7	5166	7	130000	5000
Sound	P0/none	other				5906976	1			25000
Sound	n13	other				5953476	1			71500
Picture	2-221-1-2	incorrect	1	12127	8	6012294	7	5166	7	130000	5000
Sound	P1/tapping1	other				6057792	1			25000
Sound	f16	other				6104292	1			71500
Picture	3-112-1-3	hit	1	11151	8	6163110	7	5166	7	130000	5000
Sound	P1/tapping	other				6208608	1			25000
Sound	n14	other				6255107	1			71500
Picture	3-112-1-3	hit	1	9215	8	6313926	7	5166	7	130000	5000
Sound	P1/tapping	other				6359423	1			25000
Sound	f07	other				6405923	1			71500
Picture	2-112-1-2	incorrect	2	8479	7	6464742	7	5166	7	130000	5000
Sound	P1/tapping	other				6510238	1			25000
Sound	n11	other				6556739	1			71500
Picture	2-112-1-2	hit	1	8943	7	6615558	7	5166	7	130000	5000
Sound	P2/both1	other				6661055	1			25000
Sound	test10	other				6707556	1			71500
Picture	2-224-1-2	incorrect	1	11407	9	6766373	7	5166	7	130000	5000
Sound	P2/both	other				6811870	1			25000
Sound	test14	other				6858370	1			71500
Picture	3-224-1-3	hit	2	10111	8	6917189	7	5166	7	130000	5000
Sound	P2/both	other				6962686	1			25000
Sound	test21	other				7009187	1			71500
Picture	2-224-2-2	hit	2	13455	7	7068005	7	5166	7	130000	5000
Sound	P2/both	other				7113503	1			25000
Sound	test11	other				7160002	1			71500
Picture	3-224-1-3	incorrect	1	16239	7	7218821	7	5166	7	130000	5000
Sound	P1/tapping1	other				7264319	1			25000
Sound	f22	other				7310819	1			71500
Picture	3-112-1-3	incorrect	2	18624	7	7369637	7	5166	7	130000	5000
Sound	P1/tapping	other				7415134	1			25000
Sound	n12	other				7461635	1			71500
Picture	3-112-1-3	hit	1	6607	7	7520453	7	5166	7	130000	5000
Sound	P1/tapping	other				7565950	1			25000
Sound	test25	other				7612450	1			71500
Picture	3-222-1-3	incorrect	1	12272	7	7671269	7	5166	7	130000	5000
Sound	P1/tapping	other				7716766	1			25000
Sound	f20	other				7763266	1			71500
Picture	3-112-1-3	hit	1	12175	7	7822085	7	5166	7	130000	5000
Sound	P0/none1	other				7867582	1			25000
Sound	f12	other				7914082	1			71500
Picture	3-111-1-3	incorrect	2	13120	7	7972900	7	5166	7	130000	5000
Sound	P0/none	other				8018398	1			25000
Sound	test06	other				8064898	1			71500
Picture	2-211-1-2	hit	1	10064	7	8123716	7	5166	7	130000	5000
Sound	P0/none	other				8169215	1			25000
Sound	f06	other				8215714	1			71500
Picture	2-121-1-2	incorrect	1	9248	7	8274532	7	5166	7	130000	5000
Sound	P0/none	other				8320029	1			25000
Sound	n10	other				8366530	1			71500
Picture	3-111-1-3	hit	1	6592	8	8425348	7	5166	7	130000	5000
Sound	P2/beat1	other				8470844	1			25000
Sound	f13	other				8517345	1			71500
Picture	2-123-1-2	hit	2	10495	8	8576164	7	5166	7	130000	5000
Sound	P2/beat	other				8621662	1			25000
Sound	test22	other				8668161	1			71500
Picture	2-213-2-2	hit	1	9759	7	8726980	7	5166	7	130000	5000
Sound	P2/beat	other				8772478	1			25000
Sound	n09	other				8818977	1			71500
Picture	3-223-1-3	hit	2	10224	7	8877796	7	5166	7	130000	5000
Sound	P2/beat	other				8923292	1			25000
Sound	test19	other				8969793	1			71500
Picture	2-213-1-2	incorrect	2	10688	7	9028612	7	5166	7	130000	5000


{
   "app": "Presentation Version 22.1 Build 01.21.21",
   "device": "Dell Inc. OptiPlex 7050",
   "experiment": "{C8E97CB4-6FCA-44FA-B866-4A2D94B6B85C}",
   "os": "Windows 10 64 bit",
   "package": "",
   "parameters": {
      "configuration": "Default configuration"
   },
   "scenario": "entrain_list1_sess2_EB.sce",
   "subject": "003",
   "timestamp": "2022/03/31 12:19:49 GMT"
}
