Scenario - test
Logfile written - 04/01/2022 16:12:25

Subject	Trial	Event Type	Code	Time	TTime	Uncertainty	Duration	Uncertainty	ReqTime	ReqDur	Stim Type	Pair Index

004	1	Response	53	18636	18475	1
004	1	Response	53	23916	23755	1
004	1	Sound	P1/tapping1	25160	25000	1			25000		other	0
004	1	Response	53	28956	28795	1
004	1	Response	53	34157	33996	2
004	1	Response	53	38716	38555	1
004	1	Response	53	43596	43435	1
004	1	Response	53	48236	48075	1
004	1	Response	53	54395	54235	1
004	1	Response	53	59356	59195	1
004	1	Response	53	64957	64796	2
004	1	Response	53	70156	69996	1
004	1	Sound	n05	71661	71500	1			71500		other	0
004	1	Picture	2-122-2-2	130478	130318	7	5166	7	130000	5000	hit	15
004	1	Response	62	142797	142636	2
004	2	Response	53	171516	20539	1
004	2	Sound	P1/tapping	175975	24999	1			25000		other	0
004	2	Response	53	178475	27499	1
004	2	Response	53	184075	33099	1
004	2	Response	53	188876	37900	2
004	2	Response	53	193835	42859	1
004	2	Response	53	198475	47499	2
004	2	Response	53	204075	53099	1
004	2	Response	53	209835	58859	1
004	2	Response	53	215515	64539	1
004	2	Response	53	221595	70619	1
004	2	Sound	f18	222477	71500	1			71500		other	0
004	2	Picture	3-122-1-3	281294	130318	7	5166	7	130000	5000	hit	29
004	2	Response	62	290236	139259	1
004	3	Response	53	315276	13484	2
004	3	Response	53	322636	20844	1
004	3	Sound	P1/tapping	326792	25000	1			25000		other	0
004	3	Response	53	329036	27244	1
004	3	Response	53	335036	33244	1
004	3	Response	53	340076	38285	2
004	3	Response	53	346236	44444	1
004	3	Response	53	350955	49164	1
004	3	Response	53	358396	56604	1
004	3	Response	53	363516	61724	1
004	3	Response	53	368475	66684	2
004	3	Sound	f09	373291	71500	1			71500		other	0
004	3	Picture	2-122-1-2	432110	130318	7	5166	7	130000	5000	miss	0
004	4	Response	52	454956	2349	1
004	4	Response	53	474316	21708	1
004	4	Sound	P1/tapping	477607	25000	1			25000		other	0
004	4	Response	53	481035	28428	1
004	4	Response	53	486555	33948	1
004	4	Response	53	491996	39389	2
004	4	Response	53	496236	43629	2
004	4	Response	53	502315	49708	1
004	4	Response	53	508076	55468	1
004	4	Response	53	513995	61388	1
004	4	Response	53	519436	66829	2
004	4	Sound	f06	524107	71500	1			71500		other	0
004	4	Picture	3-122-1-3	582925	130318	7	5166	7	130000	5000	hit	56
004	4	Response	62	596876	144268	1
004	5	Response	53	626636	23213	1
004	5	Sound	P2/both1	628423	25000	1			25000		other	0
004	5	Response	53	631996	28573	1
004	5	Response	53	638236	34813	2
004	5	Response	53	644156	40733	1
004	5	Response	53	650556	47133	1
004	5	Response	53	657676	54254	1
004	5	Response	53	663035	59613	1
004	5	Response	53	668155	64732	2
004	5	Response	53	674876	71453	1
004	5	Sound	f01	674922	71499	1			71500		other	0
004	5	Picture	3-114-1-3	733741	130318	7	5166	7	130000	5000	incorrect	69
004	5	Response	52	749676	146254	2
004	6	Sound	P2/both	779238	25000	1			25000		other	0
004	6	Response	53	781595	27357	1
004	6	Response	53	784795	30557	1
004	6	Response	53	789755	35517	1
004	6	Response	53	795595	41357	2
004	6	Response	53	801196	46958	2
004	6	Response	53	807435	53197	1
004	6	Response	53	811355	57117	1
004	6	Response	53	818556	64318	2
004	6	Response	53	825595	71357	2
004	6	Sound	test24	825737	71499	1			71500		other	0
004	6	Picture	3-214-1-3	884556	130318	7	5166	7	130000	5000	hit	82
004	6	Response	61	892875	138637	1
004	7	Response	53	927515	22461	1
004	7	Sound	P2/both	930054	25000	1			25000		other	0
004	7	Response	53	933435	28382	1
004	7	Response	53	939435	34381	1
004	7	Response	53	945835	40781	1
004	7	Response	53	952235	47181	1
004	7	Response	53	957515	52461	1
004	7	Response	53	962955	57901	2
004	7	Response	53	969435	64381	1
004	7	Response	53	975195	70141	1
004	7	Sound	test22	976554	71500	1			71500		other	0
004	7	Picture	3-224-1-3	1035372	130318	7	5166	7	130000	5000	hit	95
004	7	Response	62	1047036	141982	1
004	8	Response	53	1079436	23566	3
004	8	Sound	P2/both	1080870	25001	1			25000		other	0
004	8	Response	53	1085355	29486	2
004	8	Response	53	1091195	35326	1
004	8	Response	53	1096715	40846	1
004	8	Response	53	1102635	46766	1
004	8	Response	53	1108555	52685	2
004	8	Response	53	1114876	59006	2
004	8	Response	53	1120795	64926	1
004	8	Sound	test07	1127370	71501	1			71500		other	0
004	8	Response	53	1127755	71886	2
004	8	Picture	3-214-1-3	1186187	130318	7	5166	7	130000	5000	hit	108
004	8	Response	61	1194075	138206	1
004	9	Sound	P2/beat1	1231685	25000	1			25000		other	0
004	9	Sound	f02	1278185	71500	1			71500		other	0
004	9	Picture	2-113-1-2	1337003	130318	7	5166	7	130000	5000	hit	112
004	9	Response	61	1350475	143790	1
004	10	Sound	P2/beat	1382499	24999	1			25000		other	0
004	10	Sound	f19	1429001	71500	1			71500		other	0
004	10	Picture	2-113-2-2	1487818	130318	7	5166	7	130000	5000	hit	116
004	10	Response	61	1497355	139855	1
004	11	Sound	P2/beat	1533316	25000	1			25000		other	0
004	11	Sound	n07	1579816	71500	1			71500		other	0
004	11	Picture	3-223-1-3	1638634	130318	7	5166	7	130000	5000	hit	120
004	11	Response	62	1650315	141999	1
004	12	Sound	P2/beat	1684131	25000	1			25000		other	0
004	12	Sound	f07	1730632	71500	1			71500		other	0
004	12	Picture	3-123-1-3	1789449	130318	7	5166	7	130000	5000	hit	124
004	12	Response	62	1798315	139183	1
004	13	Sound	P2/both1	1834946	24999	1			25000		other	0
004	13	Response	53	1846235	36288	1
004	13	Response	53	1851916	41969	2
004	13	Response	53	1857035	47088	1
004	13	Response	53	1862875	52928	1
004	13	Response	53	1868315	58368	1
004	13	Response	53	1874315	64368	1
004	13	Response	53	1880795	70848	2
004	13	Sound	f05	1881447	71500	1			71500		other	0
004	13	Picture	2-124-1-2	1940265	130318	7	5166	7	130000	5000	hit	135
004	13	Response	62	1952236	142289	1
004	13	Response	52	1957195	147248	1
004	14	Sound	P2/both	1985763	25000	1			25000		other	0
004	14	Response	53	1985835	25072	1
004	14	Response	53	1990475	29713	1
004	14	Response	53	1996395	35632	1
004	14	Response	53	2001755	40992	1
004	14	Response	53	2007435	46673	1
004	14	Response	53	2013195	52432	2
004	14	Response	53	2019275	58512	1
004	14	Response	53	2025355	64592	1
004	14	Response	53	2031195	70432	1
004	14	Sound	test09	2032262	71499	1			71500		other	0
004	14	Picture	3-224-1-3	2091080	130318	7	5166	7	130000	5000	hit	149
004	14	Response	62	2103755	142992	1
004	15	Response	53	2134716	23138	2
004	15	Sound	P2/both	2136578	25000	1			25000		other	0
004	15	Response	53	2140795	29217	1
004	15	Response	53	2147195	35617	1
004	15	Response	53	2153755	42177	2
004	15	Response	53	2158634	47056	1
004	15	Response	53	2163514	51936	1
004	15	Response	53	2169674	58096	1
004	15	Response	53	2175514	63936	1
004	15	Response	53	2181595	70016	1
004	15	Sound	test12	2183078	71500	1			71500		other	0
004	15	Picture	3-214-1-3	2241896	130318	7	5166	7	130000	5000	hit	162
004	15	Response	61	2250715	139137	1
004	16	Response	53	2282875	20481	1
004	16	Sound	P2/both	2287393	24999	1			25000		other	0
004	16	Response	53	2289835	27442	2
004	16	Response	53	2295994	33601	2
004	16	Response	53	2302075	39681	1
004	16	Response	53	2308075	45681	1
004	16	Response	53	2314635	52241	1
004	16	Response	53	2322235	59841	1
004	16	Response	53	2327755	65362	2
004	16	Response	53	2333195	70801	1
004	16	Sound	test19	2333894	71500	1			71500		other	0
004	16	Picture	2-224-1-2	2392712	130318	7	5166	7	130000	5000	hit	175
004	16	Response	62	2401915	139521	1
004	17	Sound	P1/tapping1	2438209	25000	1			25000		other	0
004	17	Response	53	2438235	25026	1
004	17	Response	53	2443034	29825	2
004	17	Response	53	2448555	35346	1
004	17	Response	53	2454715	41506	1
004	17	Response	53	2460395	47186	2
004	17	Response	53	2466394	53185	1
004	17	Response	53	2472874	59665	1
004	17	Response	53	2478714	65505	1
004	17	Response	53	2484394	71185	2
004	17	Sound	f15	2484708	71499	1			71500		other	0
004	17	Picture	2-122-2-2	2543527	130318	7	5166	7	130000	5000	miss	0
004	18	Response	52	2565754	1730	2
004	18	Response	53	2586396	22371	2
004	18	Sound	P1/tapping	2589025	25000	1			25000		other	0
004	18	Response	53	2594155	30130	1
004	18	Response	53	2599835	35810	2
004	18	Response	53	2605115	41091	2
004	18	Response	53	2609994	45970	2
004	18	Response	53	2615595	51570	2
004	18	Response	53	2621115	57090	1
004	18	Response	53	2626635	62611	2
004	18	Response	53	2631915	67890	1
004	18	Sound	test21	2635525	71500	1			71500		other	0
004	18	Picture	3-212-1-3	2694343	130318	7	5166	7	130000	5000	hit	201
004	18	Response	61	2711994	147970	2
004	19	Response	53	2732794	17954	2
004	19	Response	53	2738715	23874	1
004	19	Sound	P1/tapping	2739839	24999	1			25000		other	0
004	19	Response	53	2744074	29234	1
004	19	Response	53	2749834	34994	2
004	19	Response	53	2755274	40434	1
004	19	Response	53	2760954	46114	1
004	19	Response	53	2766155	51315	2
004	19	Response	53	2771994	57154	2
004	19	Sound	f10	2786340	71500	1			71500		other	0
004	19	Picture	3-112-1-3	2845158	130318	7	5166	7	130000	5000	hit	213
004	19	Response	61	2858874	144034	1
004	20	Response	53	2885994	20339	1
004	20	Sound	P1/tapping	2890656	25000	1			25000		other	0
004	20	Response	53	2894234	28579	2
004	20	Response	53	2900075	34419	1
004	20	Response	53	2905914	40259	1
004	20	Response	53	2911914	46259	2
004	20	Response	53	2917674	52019	1
004	20	Response	53	2923754	58099	1
004	20	Response	53	2935914	70259	1
004	20	Sound	f13	2937156	71500	1			71500		other	0
004	20	Picture	3-112-1-3	2995974	130318	7	5166	7	130000	5000	hit	225
004	20	Response	61	3009035	143379	1
004	21	Sound	P2/both1	3041471	25000	1			25000		other	0
004	21	Response	53	3044794	28323	1
004	21	Response	53	3050635	34164	2
004	21	Response	53	3057354	40883	1
004	21	Response	53	3063754	47283	1
004	21	Response	53	3069995	53523	1
004	21	Response	53	3076074	59603	1
004	21	Response	53	3082154	65683	1
004	21	Sound	n03	3087971	71500	1			71500		other	0
004	21	Response	53	3088474	72003	2
004	21	Picture	2-124-1-2	3146789	130318	7	5166	7	130000	5000	hit	237
004	21	Response	62	3158874	142403	1
004	22	Response	53	3190634	23347	1
004	22	Sound	P2/both	3192287	25000	1			25000		other	0
004	22	Response	53	3196314	29027	1
004	22	Response	53	3202395	35108	2
004	22	Response	53	3207834	40547	1
004	22	Response	53	3214474	47187	1
004	22	Response	53	3220314	53027	2
004	22	Response	53	3226155	58868	2
004	22	Response	53	3232235	64948	2
004	22	Response	53	3238074	70788	1
004	22	Sound	n13	3238787	71500	1			71500		other	0
004	22	Picture	3-214-1-3	3297605	130318	7	5166	7	130000	5000	hit	250
004	22	Response	61	3306794	139508	1
004	23	Sound	P2/both	3343102	25000	1			25000		other	0
004	23	Response	53	3344075	25972	2
004	23	Response	53	3348074	29972	1
004	23	Response	53	3353274	35172	2
004	23	Response	53	3359275	41172	2
004	23	Response	53	3364874	46772	1
004	23	Response	53	3370555	52452	2
004	23	Response	53	3376474	58372	2
004	23	Response	53	3383514	65412	2
004	23	Response	53	3389195	71092	1
004	23	Sound	f11	3389602	71500	1			71500		other	0
004	23	Picture	2-124-1-2	3448420	130318	7	5166	7	130000	5000	incorrect	263
004	23	Response	51	3463194	145092	2
004	24	Sound	P2/both	3493917	24999	1			25000		other	0
004	24	Response	53	3495275	26357	2
004	24	Response	53	3499274	30356	2
004	24	Response	53	3504954	36036	2
004	24	Response	53	3510714	41796	1
004	24	Response	53	3517035	48117	2
004	24	Response	53	3522314	53396	1
004	24	Response	53	3528234	59316	1
004	24	Response	53	3534074	65157	2
004	24	Sound	f16	3540418	71500	1			71500		other	0
004	24	Picture	2-114-1-2	3599236	130318	7	5166	7	130000	5000	miss	0
004	25	Response	51	3622314	2581	1
004	25	Sound	P0/none1	3644733	25000	1			25000		other	0
004	25	Sound	f21	3691233	71499	1			71500		other	0
004	25	Picture	2-121-2-2	3750051	130318	7	5166	7	130000	5000	miss	0
004	26	Sound	P0/none	3795549	25001	1			25000		other	0
004	26	Sound	test14	3842048	71499	1			71500		other	0
004	26	Picture	2-221-1-2	3900867	130318	7	5166	7	130000	5000	hit	282
004	26	Response	62	3912874	142325	1
004	27	Sound	P0/none	3946365	25000	1			25000		other	0
004	27	Sound	f14	3992865	71500	1			71500		other	0
004	27	Picture	3-111-1-3	4051682	130318	7	5166	7	130000	5000	hit	286
004	27	Response	61	4058314	136949	1
004	27	Response	51	4071674	150309	2
004	28	Sound	P0/none	4097180	25000	1			25000		other	0
004	28	Sound	test08	4143680	71500	1			71500		other	0
004	28	Picture	3-221-1-3	4202498	130318	7	5166	7	130000	5000	hit	291
004	28	Response	62	4213194	141014	2
004	29	Sound	P1/tapping1	4247994	24999	1			25000		other	0
004	29	Response	53	4257514	34518	2
004	29	Response	53	4263274	40278	1
004	29	Response	53	4268554	45559	1
004	29	Response	53	4273913	50918	2
004	29	Response	53	4278874	55878	2
004	29	Response	53	4283913	60918	2
004	29	Response	53	4289034	66038	1
004	29	Response	53	4294154	71158	1
004	29	Sound	n09	4294495	71500	1			71500		other	0
004	29	Picture	2-222-2-2	4353313	130318	7	5166	7	130000	5000	hit	303
004	29	Response	62	4363674	140678	2
004	30	Response	53	4393274	19463	1
004	30	Sound	P1/tapping	4398812	25001	1			25000		other	0
004	30	Response	53	4399914	26103	1
004	30	Response	53	4403914	30103	1
004	30	Response	53	4409514	35703	1
004	30	Response	53	4414314	40503	2
004	30	Response	53	4419434	45623	1
004	30	Response	53	4424314	50503	1
004	30	Response	53	4429674	55863	1
004	30	Response	53	4434873	61062	1
004	30	Response	53	4440794	66982	2
004	30	Sound	test13	4445311	71500	1			71500		other	0
004	30	Picture	2-212-1-2	4504129	130318	7	5166	7	130000	5000	hit	317
004	30	Response	61	4513434	139623	1
004	31	Response	53	4548714	24088	1
004	31	Sound	P1/tapping	4549626	24999	1			25000		other	0
004	31	Response	53	4554233	29607	1
004	31	Response	53	4559114	34487	1
004	31	Response	53	4563593	38967	2
004	31	Response	53	4568714	44088	2
004	31	Response	53	4573594	48967	1
004	31	Response	53	4578874	54247	1
004	31	Response	53	4583114	58488	1
004	31	Response	53	4588154	63527	1
004	31	Response	53	4593434	68807	1
004	31	Sound	f03	4596126	71500	1			71500		other	0
004	31	Picture	3-112-1-3	4654944	130318	7	5166	7	130000	5000	hit	331
004	31	Response	61	4662553	137927	2
004	31	Response	51	4673434	148807	2
004	32	Response	53	4697674	22232	1
004	32	Sound	P1/tapping	4700442	25000	1			25000		other	0
004	32	Response	53	4703354	27912	1
004	32	Response	53	4708714	33272	2
004	32	Response	53	4714394	38952	1
004	32	Response	53	4719513	44071	2
004	32	Response	53	4724233	48791	1
004	32	Response	53	4729113	53671	1
004	32	Response	53	4735034	59591	1
004	32	Response	53	4740074	64632	2
004	32	Response	53	4745114	69672	1
004	32	Sound	f12	4746941	71499	1			71500		other	0
004	32	Picture	2-122-1-2	4805760	130318	7	5166	7	130000	5000	hit	346
004	32	Response	62	4818474	143032	2
004	33	Sound	P2/beat1	4851258	25000	1			25000		other	0
004	33	Sound	n06	4897757	71500	1			71500		other	0
004	33	Picture	2-223-2-2	4956575	130318	7	5166	7	130000	5000	hit	350
004	33	Response	62	4968474	142216	1
004	34	Sound	P2/beat	5002073	25000	1			25000		other	0
004	34	Sound	test06	5048574	71501	1			71500		other	0
004	34	Picture	3-213-1-3	5107391	130318	7	5166	7	130000	5000	hit	354
004	34	Response	61	5118873	141800	1
004	35	Sound	P2/beat	5152889	25000	1			25000		other	0
004	35	Sound	n04	5199389	71501	1			71500		other	0
004	35	Picture	3-223-1-3	5258207	130318	7	5166	7	130000	5000	hit	358
004	35	Response	62	5270954	143065	1
004	36	Sound	P2/beat	5303704	25000	1			25000		other	0
004	36	Sound	n11	5350204	71500	1			71500		other	0
004	36	Picture	3-113-2-3	5409022	130318	7	5166	7	130000	5000	hit	362
004	36	Response	61	5424954	146250	2
004	37	Sound	P1/tapping1	5454518	24999	1			25000		other	0
004	37	Response	53	5459033	29514	1
004	37	Response	53	5464553	35034	1
004	37	Response	53	5469833	40314	1
004	37	Response	53	5475673	46154	1
004	37	Response	53	5481433	51914	2
004	37	Response	53	5487753	58233	2
004	37	Response	53	5493033	63514	1
004	37	Response	53	5498073	68553	1
004	37	Sound	f23	5501020	71501	1			71500		other	0
004	37	Picture	3-112-1-3	5559838	130318	7	5166	7	130000	5000	hit	374
004	37	Response	61	5566873	137354	2
004	38	Response	53	5600154	19819	1
004	38	Sound	P1/tapping	5605334	24999	1			25000		other	0
004	38	Response	53	5606793	26458	1
004	38	Response	53	5613593	33258	1
004	38	Response	53	5619114	38779	2
004	38	Response	53	5624073	43738	1
004	38	Response	53	5630553	50218	1
004	38	Response	53	5636073	55738	1
004	38	Response	53	5641994	61659	2
004	38	Response	53	5647754	67418	2
004	38	Sound	n10	5651835	71500	1			71500		other	0
004	38	Picture	2-112-1-2	5710653	130318	7	5166	7	130000	5000	hit	387
004	38	Response	61	5721513	141178	2
004	39	Response	53	5753353	22202	1
004	39	Sound	P1/tapping	5756150	25000	1			25000		other	0
004	39	Response	53	5759353	28202	2
004	39	Response	53	5765193	34043	1
004	39	Response	53	5770633	39483	2
004	39	Response	53	5776073	44922	1
004	39	Response	53	5781994	50843	1
004	39	Response	53	5788393	57243	1
004	39	Response	53	5793993	62842	1
004	39	Response	53	5799353	68202	1
004	39	Sound	test10	5802650	71500	1			71500		other	0
004	39	Picture	3-212-1-3	5861469	130318	7	5166	7	130000	5000	incorrect	400
004	39	Response	52	5874873	143722	1
004	40	Response	53	5899753	17787	1
004	40	Response	53	5906873	24907	1
004	40	Sound	P1/tapping	5906965	24999	1			25000		other	0
004	40	Response	53	5912393	30427	1
004	40	Response	53	5923353	41387	1
004	40	Response	53	5928633	46667	2
004	40	Response	53	5933673	51707	1
004	40	Response	53	5938873	56907	1
004	40	Response	53	5945033	63067	1
004	40	Response	53	5950233	68267	1
004	40	Sound	test16	5953466	71500	1			71500		other	0
004	40	Picture	2-212-1-2	6012284	130318	7	5166	7	130000	5000	hit	413
004	40	Response	61	6030234	148268	3
004	41	Sound	P0/none1	6057781	24999	1			25000		other	0
004	41	Sound	test03	6104282	71500	1			71500		other	0
004	41	Picture	2-221-1-2	6163100	130318	7	5166	7	130000	5000	hit	417
004	41	Response	62	6179753	146971	1
004	42	Sound	P0/none	6208597	25000	1			25000		other	0
004	42	Sound	f22	6255097	71500	1			71500		other	0
004	42	Picture	2-121-2-2	6313915	130318	7	5166	7	130000	5000	hit	421
004	42	Response	62	6325354	141756	1
004	42	Response	52	6328953	145355	1
004	43	Sound	P0/none	6359413	25000	1			25000		other	0
004	43	Sound	test04	6405913	71500	1			71500		other	0
004	43	Picture	3-221-1-3	6464731	130318	7	5166	7	130000	5000	hit	426
004	43	Response	62	6477273	142860	2
004	44	Sound	P0/none	6510228	25000	1			25000		other	0
004	44	Sound	test11	6556729	71500	1			71500		other	0
004	44	Picture	2-221-1-2	6615546	130318	7	5166	7	130000	5000	hit	430
004	44	Response	62	6631593	146365	2
004	45	Sound	P2/beat1	6661044	25000	1			25000		other	0
004	45	Sound	f04	6707543	71499	1			71500		other	0
004	45	Picture	2-113-1-2	6766362	130318	7	5166	7	130000	5000	hit	434
004	45	Response	61	6778713	142670	2
004	46	Sound	P2/beat	6811858	24999	1			25000		other	0
004	46	Sound	test05	6858359	71500	1			71500		other	0
004	46	Picture	3-213-1-3	6917177	130318	7	5166	7	130000	5000	hit	438
004	46	Response	61	6928553	141694	1
004	47	Sound	P2/beat	6962674	24999	1			25000		other	0
004	47	Sound	f20	7009175	71500	1			71500		other	0
004	47	Picture	2-123-2-2	7067993	130318	7	5166	7	130000	5000	hit	442
004	47	Response	62	7082153	144478	2
004	48	Sound	P2/beat	7113490	25000	1			25000		other	0
004	48	Sound	f24	7159990	71500	1			71500		other	0
004	48	Picture	2-113-1-2	7218808	130318	7	5166	7	130000	5000	hit	446
004	48	Response	61	7228793	140303	2
004	49	Sound	P2/both1	7264306	25000	1			25000		other	0
004	49	Response	53	7270153	30847	1
004	49	Response	53	7275272	35966	1
004	49	Response	53	7280313	41006	1
004	49	Response	53	7285912	46606	2
004	49	Response	53	7291512	52206	1
004	49	Response	53	7298072	58766	2
004	49	Response	53	7303832	64526	2
004	49	Response	53	7310152	70846	2
004	49	Sound	test18	7310806	71500	1			71500		other	0
004	49	Picture	2-224-1-2	7369624	130318	7	5166	7	130000	5000	hit	458
004	49	Response	62	7382793	143487	2
004	50	Response	53	7412233	22112	1
004	50	Sound	P2/both	7415122	25000	1			25000		other	0
004	50	Response	53	7419113	28991	1
004	50	Response	53	7425593	35471	1
004	50	Response	53	7434153	44031	1
004	50	Response	53	7438552	48431	1
004	50	Response	53	7445353	55231	1
004	50	Response	53	7456072	65951	1
004	50	Response	53	7461433	71312	1
004	50	Sound	test01	7461621	71499	1			71500		other	0
004	50	Picture	3-214-1-3	7520439	130318	7	5166	7	130000	5000	incorrect	470
004	50	Response	52	7536553	146431	1
004	51	Sound	P2/both	7565938	25001	1			25000		other	0
004	51	Response	53	7567512	26575	1
004	51	Response	53	7571672	30735	1
004	51	Response	53	7576872	35935	1
004	51	Response	53	7585112	44175	2
004	51	Response	53	7589752	48815	1
004	51	Response	53	7598792	57855	2
004	51	Response	53	7601992	61055	1
004	51	Response	53	7607832	66895	1
004	51	Sound	test17	7612437	71500	1			71500		other	0
004	51	Picture	3-214-1-3	7671255	130318	7	5166	7	130000	5000	hit	482
004	51	Response	61	7683592	142656	1
004	52	Sound	P2/both	7716752	24999	1			25000		other	0
004	52	Response	53	7718713	26960	2
004	52	Response	53	7725192	33440	1
004	52	Response	53	7739272	47519	1
004	52	Response	53	7746392	54640	1
004	52	Response	53	7751512	59759	1
004	52	Response	53	7758472	66719	2
004	52	Response	53	7762792	71039	1
004	52	Sound	test15	7763252	71500	1			71500		other	0
004	52	Picture	3-214-1-3	7822071	130318	7	5166	7	130000	5000	incorrect	493
004	52	Response	52	7831192	139440	2
004	53	Sound	P2/beat1	7867568	25000	1			25000		other	0
004	53	Sound	test02	7914068	71500	1			71500		other	0
004	53	Picture	3-223-1-3	7972886	130318	7	5166	7	130000	5000	hit	497
004	53	Response	62	7981672	139104	2
004	54	Sound	P2/beat	8018384	25000	1			25000		other	0
004	54	Sound	f08	8064883	71500	1			71500		other	0
004	54	Picture	3-113-2-3	8123702	130318	7	5166	7	130000	5000	hit	501
004	54	Response	61	8130312	136929	1
004	54	Response	51	8137272	143889	1
004	55	Sound	P2/beat	8169198	24999	1			25000		other	0
004	55	Sound	test23	8215699	71500	1			71500		other	0
004	55	Picture	3-213-1-3	8274517	130318	7	5166	7	130000	5000	hit	506
004	55	Response	61	8285272	141073	1
004	56	Sound	P2/beat	8320015	25000	1			25000		other	0
004	56	Sound	test25	8366515	71500	1			71500		other	0
004	56	Picture	2-223-1-2	8425333	130318	7	5166	7	130000	5000	hit	510
004	56	Response	62	8439432	144417	1
004	57	Sound	P0/none1	8470830	25000	1			25000		other	0
004	57	Sound	n01	8517329	71499	1			71500		other	0
004	57	Picture	2-211-1-2	8576148	130318	7	5166	7	130000	5000	incorrect	514
004	57	Response	52	8589032	143202	1
004	58	Sound	P0/none	8621645	25000	1			25000		other	0
004	58	Sound	n12	8668146	71500	1			71500		other	0
004	58	Picture	2-121-2-2	8726964	130318	7	5166	7	130000	5000	incorrect	518
004	58	Response	51	8737912	141266	1
004	59	Sound	P0/none	8772460	24999	1			25000		other	0
004	59	Sound	f17	8818962	71500	1			71500		other	0
004	59	Picture	2-121-2-2	8877779	130318	7	5166	7	130000	5000	hit	522
004	59	Response	62	8888472	141011	1
004	60	Sound	P0/none	8923276	25000	1			25000		other	0
004	60	Sound	n14	8969776	71499	1			71500		other	0
004	60	Picture	2-111-2-2	9028595	130318	7	5166	7	130000	5000	hit	526
004	60	Response	61	9037592	139315	1


Event Type	Code	Type	Response	RT	RT Uncertainty	Time	Uncertainty	Duration	Uncertainty	ReqTime	ReqDur

Sound	P1/tapping1	other				25160	1			25000
Sound	n05	other				71661	1			71500
Picture	2-122-2-2	hit	2	12318	8	130478	7	5166	7	130000	5000
Sound	P1/tapping	other				175975	1			25000
Sound	f18	other				222477	1			71500
Picture	3-122-1-3	hit	2	8942	7	281294	7	5166	7	130000	5000
Sound	P1/tapping	other				326792	1			25000
Sound	f09	other				373291	1			71500
Picture	2-122-1-2	miss				432110	7	5166	7	130000	5000
Sound	P1/tapping	other				477607	1			25000
Sound	f06	other				524107	1			71500
Picture	3-122-1-3	hit	2	13950	7	582925	7	5166	7	130000	5000
Sound	P2/both1	other				628423	1			25000
Sound	f01	other				674922	1			71500
Picture	3-114-1-3	incorrect	2	15936	8	733741	7	5166	7	130000	5000
Sound	P2/both	other				779238	1			25000
Sound	test24	other				825737	1			71500
Picture	3-214-1-3	hit	1	8319	7	884556	7	5166	7	130000	5000
Sound	P2/both	other				930054	1			25000
Sound	test22	other				976554	1			71500
Picture	3-224-1-3	hit	2	11664	8	1035372	7	5166	7	130000	5000
Sound	P2/both	other				1080870	1			25000
Sound	test07	other				1127370	1			71500
Picture	3-214-1-3	hit	1	7888	7	1186187	7	5166	7	130000	5000
Sound	P2/beat1	other				1231685	1			25000
Sound	f02	other				1278185	1			71500
Picture	2-113-1-2	hit	1	13472	7	1337003	7	5166	7	130000	5000
Sound	P2/beat	other				1382499	1			25000
Sound	f19	other				1429001	1			71500
Picture	2-113-2-2	hit	1	9537	7	1487818	7	5166	7	130000	5000
Sound	P2/beat	other				1533316	1			25000
Sound	n07	other				1579816	1			71500
Picture	3-223-1-3	hit	2	11681	7	1638634	7	5166	7	130000	5000
Sound	P2/beat	other				1684131	1			25000
Sound	f07	other				1730632	1			71500
Picture	3-123-1-3	hit	2	8865	7	1789449	7	5166	7	130000	5000
Sound	P2/both1	other				1834946	1			25000
Sound	f05	other				1881447	1			71500
Picture	2-124-1-2	hit	2	11971	7	1940265	7	5166	7	130000	5000
Sound	P2/both	other				1985763	1			25000
Sound	test09	other				2032262	1			71500
Picture	3-224-1-3	hit	2	12674	7	2091080	7	5166	7	130000	5000
Sound	P2/both	other				2136578	1			25000
Sound	test12	other				2183078	1			71500
Picture	3-214-1-3	hit	1	8819	8	2241896	7	5166	7	130000	5000
Sound	P2/both	other				2287393	1			25000
Sound	test19	other				2333894	1			71500
Picture	2-224-1-2	hit	2	9203	7	2392712	7	5166	7	130000	5000
Sound	P1/tapping1	other				2438209	1			25000
Sound	f15	other				2484708	1			71500
Picture	2-122-2-2	miss				2543527	7	5166	7	130000	5000
Sound	P1/tapping	other				2589025	1			25000
Sound	test21	other				2635525	1			71500
Picture	3-212-1-3	hit	1	17652	8	2694343	7	5166	7	130000	5000
Sound	P1/tapping	other				2739839	1			25000
Sound	f10	other				2786340	1			71500
Picture	3-112-1-3	hit	1	13716	7	2845158	7	5166	7	130000	5000
Sound	P1/tapping	other				2890656	1			25000
Sound	f13	other				2937156	1			71500
Picture	3-112-1-3	hit	1	13061	7	2995974	7	5166	7	130000	5000
Sound	P2/both1	other				3041471	1			25000
Sound	n03	other				3087971	1			71500
Picture	2-124-1-2	hit	2	12085	7	3146789	7	5166	7	130000	5000
Sound	P2/both	other				3192287	1			25000
Sound	n13	other				3238787	1			71500
Picture	3-214-1-3	hit	1	9190	7	3297605	7	5166	7	130000	5000
Sound	P2/both	other				3343102	1			25000
Sound	f11	other				3389602	1			71500
Picture	2-124-1-2	incorrect	1	14774	8	3448420	7	5166	7	130000	5000
Sound	P2/both	other				3493917	1			25000
Sound	f16	other				3540418	1			71500
Picture	2-114-1-2	miss				3599236	7	5166	7	130000	5000
Sound	P0/none1	other				3644733	1			25000
Sound	f21	other				3691233	1			71500
Picture	2-121-2-2	miss				3750051	7	5166	7	130000	5000
Sound	P0/none	other				3795549	1			25000
Sound	test14	other				3842048	1			71500
Picture	2-221-1-2	hit	2	12007	7	3900867	7	5166	7	130000	5000
Sound	P0/none	other				3946365	1			25000
Sound	f14	other				3992865	1			71500
Picture	3-111-1-3	hit	1	6631	8	4051682	7	5166	7	130000	5000
Sound	P0/none	other				4097180	1			25000
Sound	test08	other				4143680	1			71500
Picture	3-221-1-3	hit	2	10696	9	4202498	7	5166	7	130000	5000
Sound	P1/tapping1	other				4247994	1			25000
Sound	n09	other				4294495	1			71500
Picture	2-222-2-2	hit	2	10360	8	4353313	7	5166	7	130000	5000
Sound	P1/tapping	other				4398812	1			25000
Sound	test13	other				4445311	1			71500
Picture	2-212-1-2	hit	1	9305	7	4504129	7	5166	7	130000	5000
Sound	P1/tapping	other				4549626	1			25000
Sound	f03	other				4596126	1			71500
Picture	3-112-1-3	hit	1	7609	8	4654944	7	5166	7	130000	5000
Sound	P1/tapping	other				4700442	1			25000
Sound	f12	other				4746941	1			71500
Picture	2-122-1-2	hit	2	12714	8	4805760	7	5166	7	130000	5000
Sound	P2/beat1	other				4851258	1			25000
Sound	n06	other				4897757	1			71500
Picture	2-223-2-2	hit	2	11898	7	4956575	7	5166	7	130000	5000
Sound	P2/beat	other				5002073	1			25000
Sound	test06	other				5048574	1			71500
Picture	3-213-1-3	hit	1	11482	7	5107391	7	5166	7	130000	5000
Sound	P2/beat	other				5152889	1			25000
Sound	n04	other				5199389	1			71500
Picture	3-223-1-3	hit	2	12747	7	5258207	7	5166	7	130000	5000
Sound	P2/beat	other				5303704	1			25000
Sound	n11	other				5350204	1			71500
Picture	3-113-2-3	hit	1	15931	8	5409022	7	5166	7	130000	5000
Sound	P1/tapping1	other				5454518	1			25000
Sound	f23	other				5501020	1			71500
Picture	3-112-1-3	hit	1	7035	8	5559838	7	5166	7	130000	5000
Sound	P1/tapping	other				5605334	1			25000
Sound	n10	other				5651835	1			71500
Picture	2-112-1-2	hit	1	10860	8	5710653	7	5166	7	130000	5000
Sound	P1/tapping	other				5756150	1			25000
Sound	test10	other				5802650	1			71500
Picture	3-212-1-3	incorrect	2	13404	7	5861469	7	5166	7	130000	5000
Sound	P1/tapping	other				5906965	1			25000
Sound	test16	other				5953466	1			71500
Picture	2-212-1-2	hit	1	17950	9	6012284	7	5166	7	130000	5000
Sound	P0/none1	other				6057781	1			25000
Sound	test03	other				6104282	1			71500
Picture	2-221-1-2	hit	2	16653	7	6163100	7	5166	7	130000	5000
Sound	P0/none	other				6208597	1			25000
Sound	f22	other				6255097	1			71500
Picture	2-121-2-2	hit	2	11438	7	6313915	7	5166	7	130000	5000
Sound	P0/none	other				6359413	1			25000
Sound	test04	other				6405913	1			71500
Picture	3-221-1-3	hit	2	12542	8	6464731	7	5166	7	130000	5000
Sound	P0/none	other				6510228	1			25000
Sound	test11	other				6556729	1			71500
Picture	2-221-1-2	hit	2	16047	8	6615546	7	5166	7	130000	5000
Sound	P2/beat1	other				6661044	1			25000
Sound	f04	other				6707543	1			71500
Picture	2-113-1-2	hit	1	12352	8	6766362	7	5166	7	130000	5000
Sound	P2/beat	other				6811858	1			25000
Sound	test05	other				6858359	1			71500
Picture	3-213-1-3	hit	1	11376	7	6917177	7	5166	7	130000	5000
Sound	P2/beat	other				6962674	1			25000
Sound	f20	other				7009175	1			71500
Picture	2-123-2-2	hit	2	14160	8	7067993	7	5166	7	130000	5000
Sound	P2/beat	other				7113490	1			25000
Sound	f24	other				7159990	1			71500
Picture	2-113-1-2	hit	1	9985	8	7218808	7	5166	7	130000	5000
Sound	P2/both1	other				7264306	1			25000
Sound	test18	other				7310806	1			71500
Picture	2-224-1-2	hit	2	13169	8	7369624	7	5166	7	130000	5000
Sound	P2/both	other				7415122	1			25000
Sound	test01	other				7461621	1			71500
Picture	3-214-1-3	incorrect	2	16114	7	7520439	7	5166	7	130000	5000
Sound	P2/both	other				7565938	1			25000
Sound	test17	other				7612437	1			71500
Picture	3-214-1-3	hit	1	12337	7	7671255	7	5166	7	130000	5000
Sound	P2/both	other				7716752	1			25000
Sound	test15	other				7763252	1			71500
Picture	3-214-1-3	incorrect	2	9122	8	7822071	7	5166	7	130000	5000
Sound	P2/beat1	other				7867568	1			25000
Sound	test02	other				7914068	1			71500
Picture	3-223-1-3	hit	2	8786	8	7972886	7	5166	7	130000	5000
Sound	P2/beat	other				8018384	1			25000
Sound	f08	other				8064883	1			71500
Picture	3-113-2-3	hit	1	6611	7	8123702	7	5166	7	130000	5000
Sound	P2/beat	other				8169198	1			25000
Sound	test23	other				8215699	1			71500
Picture	3-213-1-3	hit	1	10755	7	8274517	7	5166	7	130000	5000
Sound	P2/beat	other				8320015	1			25000
Sound	test25	other				8366515	1			71500
Picture	2-223-1-2	hit	2	14099	7	8425333	7	5166	7	130000	5000
Sound	P0/none1	other				8470830	1			25000
Sound	n01	other				8517329	1			71500
Picture	2-211-1-2	incorrect	2	12884	7	8576148	7	5166	7	130000	5000
Sound	P0/none	other				8621645	1			25000
Sound	n12	other				8668146	1			71500
Picture	2-121-2-2	incorrect	1	10949	7	8726964	7	5166	7	130000	5000
Sound	P0/none	other				8772460	1			25000
Sound	f17	other				8818962	1			71500
Picture	2-121-2-2	hit	2	10693	7	8877779	7	5166	7	130000	5000
Sound	P0/none	other				8923276	1			25000
Sound	n14	other				8969776	1			71500
Picture	2-111-2-2	hit	1	8997	7	9028595	7	5166	7	130000	5000

The following output port codes were not sent because of a conflict on the port.
Port	Code	Time(ms)
1	104	67492.2
1	53	243824


{
   "app": "Presentation Version 22.1 Build 01.21.21",
   "device": "Dell Inc. OptiPlex 7050",
   "experiment": "{C8E97CB4-6FCA-44FA-B866-4A2D94B6B85C}",
   "os": "Windows 10 64 bit",
   "package": "",
   "parameters": {
      "configuration": "Default configuration"
   },
   "scenario": "entrain_list1_sess3_EB.sce",
   "subject": "004",
   "timestamp": "2022/04/01 13:57:13 GMT"
}
