Scenario - test
Logfile written - 04/01/2022 15:25:29

Subject	Trial	Event Type	Code	Time	TTime	Uncertainty	Duration	Uncertainty	ReqTime	ReqDur	Stim Type	Pair Index

004	1	Sound	P2/both1	25160	25000	1			25000		other	0
004	1	Response	53	27785	27625	2
004	1	Response	53	30985	30825	2
004	1	Response	53	36025	35864	1
004	1	Response	53	41625	41465	2
004	1	Response	53	46985	46825	1
004	1	Response	53	52985	52825	2
004	1	Response	53	58905	58745	2
004	1	Response	53	64425	64264	2
004	1	Response	53	70665	70505	2
004	1	Sound	test06	71661	71500	1			71500		other	0
004	1	Picture	3-224-1-3	130478	130318	7	5166	7	130000	5000	incorrect	13
004	1	Response	51	139065	138905	2
004	2	Sound	P2/both	175976	25000	1			25000		other	0
004	2	Response	53	176106	25130	1
004	2	Response	53	181145	30169	1
004	2	Response	53	186425	35449	1
004	2	Response	53	192585	41609	2
004	2	Response	53	198505	47529	1
004	2	Response	53	204825	53849	1
004	2	Response	53	210425	59449	1
004	2	Response	53	216585	65609	1
004	2	Sound	f17	222475	71499	1			71500		other	0
004	2	Response	53	222826	71850	2
004	2	Picture	2-114-2-2	281294	130318	7	5166	7	130000	5000	hit	26
004	2	Response	61	288665	137689	2
004	3	Response	53	326185	24393	1
004	3	Sound	P2/both	326792	25001	1			25000		other	0
004	3	Response	53	331385	29594	2
004	3	Response	53	336745	34954	1
004	3	Response	53	342665	40873	1
004	3	Response	53	348665	46873	2
004	3	Response	53	354105	52313	1
004	3	Response	53	360185	58393	2
004	3	Response	53	365945	64153	2
004	3	Response	53	372185	70394	2
004	3	Sound	f02	373292	71501	1			71500		other	0
004	3	Picture	3-114-2-3	432109	130318	7	5166	7	130000	5000	hit	39
004	3	Response	61	438105	136313	2
004	4	Sound	P2/both	477607	25000	1			25000		other	0
004	4	Response	53	479625	27018	1
004	4	Response	53	482985	30378	2
004	4	Response	53	488185	35578	2
004	4	Response	53	494185	41578	2
004	4	Response	53	499945	47338	2
004	4	Response	53	505305	52698	1
004	4	Response	53	512025	59418	2
004	4	Response	53	517785	65178	2
004	4	Sound	n09	524107	71500	1			71500		other	0
004	4	Picture	2-214-2-2	582925	130318	7	5166	7	130000	5000	incorrect	51
004	4	Response	52	598345	145738	2
004	5	Sound	P0/none1	628423	25001	1			25000		other	0
004	5	Sound	test15	674922	71500	1			71500		other	0
004	5	Picture	2-211-1-2	733740	130318	7	5166	7	130000	5000	incorrect	55
004	5	Response	52	753385	149963	1
004	6	Sound	P0/none	779238	25000	1			25000		other	0
004	6	Sound	test07	825738	71500	1			71500		other	0
004	6	Picture	3-221-1-3	884556	130318	7	5166	7	130000	5000	hit	59
004	6	Response	62	902025	147787	2
004	7	Sound	P0/none	930054	25000	1			25000		other	0
004	7	Sound	f16	976553	71499	1			71500		other	0
004	7	Picture	2-121-1-2	1035371	130318	7	5166	7	130000	5000	hit	63
004	7	Response	62	1051385	146331	1
004	8	Sound	P0/none	1080869	25000	1			25000		other	0
004	8	Sound	f15	1127368	71499	1			71500		other	0
004	8	Picture	2-111-2-2	1186187	130318	7	5166	7	130000	5000	hit	67
004	8	Response	61	1192345	136476	2
004	9	Response	53	1227385	20700	1
004	9	Sound	P1/tapping1	1231685	25000	1			25000		other	0
004	9	Response	53	1235465	28780	1
004	9	Response	53	1240826	34141	1
004	9	Response	53	1246985	40300	1
004	9	Response	53	1252265	45581	1
004	9	Response	53	1257625	50941	2
004	9	Response	53	1263065	56380	1
004	9	Response	53	1269945	63260	2
004	9	Response	53	1275465	68780	1
004	9	Sound	test24	1278184	71499	1			71500		other	0
004	9	Picture	2-212-2-2	1337002	130318	7	5166	7	130000	5000	hit	80
004	9	Response	61	1342585	135900	2
004	9	Response	51	1353145	146460	1
004	10	Response	53	1378425	20925	1
004	10	Sound	P1/tapping	1382499	24999	1			25000		other	0
004	10	Response	53	1383544	26044	1
004	10	Response	53	1389305	31805	1
004	10	Response	53	1394585	37085	1
004	10	Response	53	1399625	42125	1
004	10	Response	53	1405385	47885	2
004	10	Response	53	1410185	52685	2
004	10	Response	53	1415625	58125	1
004	10	Response	53	1420825	63325	2
004	10	Response	53	1426104	68604	1
004	10	Sound	n01	1428999	71500	1			71500		other	0
004	10	Picture	2-222-1-2	1487818	130318	7	5166	7	130000	5000	hit	95
004	10	Response	62	1507385	149885	1
004	11	Response	53	1528344	20029	1
004	11	Sound	P1/tapping	1533315	25000	1			25000		other	0
004	11	Response	53	1535145	26829	1
004	11	Response	53	1541065	32749	2
004	11	Response	53	1545705	37390	1
004	11	Response	53	1551465	43149	1
004	11	Response	53	1556185	47869	1
004	11	Response	53	1561545	53229	1
004	11	Response	53	1567465	59149	1
004	11	Response	53	1572825	64509	1
004	11	Response	53	1577065	68749	2
004	11	Sound	test12	1579816	71500	1			71500		other	0
004	11	Picture	3-222-1-3	1638633	130318	7	5166	7	130000	5000	incorrect	109
004	11	Response	51	1645545	137230	2
004	11	Response	51	1649304	140989	1
004	12	Response	52	1661385	2254	2
004	12	Sound	P1/tapping	1684131	25000	1			25000		other	0
004	12	Response	53	1690504	31374	2
004	12	Response	53	1695705	36574	2
004	12	Response	53	1701384	42254	2
004	12	Response	53	1706825	47694	2
004	12	Response	53	1712425	53295	2
004	12	Response	53	1718105	58974	2
004	12	Response	53	1723145	64014	1
004	12	Response	53	1728664	69534	2
004	12	Sound	test03	1730631	71500	1			71500		other	0
004	12	Picture	3-222-1-3	1789449	130318	7	5166	7	130000	5000	hit	123
004	12	Response	62	1804024	144894	2
004	13	Sound	P2/beat1	1834946	24999	1			25000		other	0
004	13	Response	53	1847065	37118	1
004	13	Sound	test04	1881447	71500	1			71500		other	0
004	13	Picture	3-213-1-3	1940264	130318	7	5166	7	130000	5000	hit	128
004	13	Response	61	1948584	138638	2
004	14	Sound	P2/beat	1985762	25000	1			25000		other	0
004	14	Sound	f12	2032261	71499	1			71500		other	0
004	14	Picture	3-123-1-3	2091080	130318	7	5166	7	130000	5000	hit	132
004	14	Response	62	2101945	141183	2
004	15	Sound	P2/beat	2136577	25000	1			25000		other	0
004	15	Sound	test21	2183077	71500	1			71500		other	0
004	15	Picture	2-213-2-2	2241895	130318	7	5166	7	130000	5000	incorrect	136
004	15	Response	52	2253304	141727	1
004	16	Sound	P2/beat	2287392	24999	1			25000		other	0
004	16	Sound	test14	2333893	71500	1			71500		other	0
004	16	Picture	2-213-1-2	2392711	130318	7	5166	7	130000	5000	incorrect	140
004	16	Response	52	2407064	144671	1
004	17	Sound	P0/none1	2438209	25001	1			25000		other	0
004	17	Sound	f08	2484708	71500	1			71500		other	0
004	17	Picture	2-121-1-2	2543526	130318	7	5166	7	130000	5000	hit	144
004	17	Response	62	2559064	145856	1
004	18	Sound	P0/none	2589024	25000	1			25000		other	0
004	18	Sound	f05	2635524	71500	1			71500		other	0
004	18	Picture	3-121-1-3	2694342	130318	7	5166	7	130000	5000	hit	148
004	18	Response	62	2704984	140960	2
004	19	Sound	P0/none	2739840	25000	1			25000		other	0
004	19	Sound	n05	2786340	71501	1			71500		other	0
004	19	Picture	2-111-2-2	2845157	130318	7	5166	7	130000	5000	incorrect	152
004	19	Response	52	2856584	141745	1
004	20	Sound	P0/none	2890655	25000	1			25000		other	0
004	20	Sound	f13	2937155	71501	1			71500		other	0
004	20	Picture	2-111-1-2	2995972	130318	7	5166	7	130000	5000	hit	156
004	20	Response	61	3004184	138530	1
004	21	Sound	P2/beat1	3041470	25000	1			25000		other	0
004	21	Sound	f06	3087970	71500	1			71500		other	0
004	21	Picture	3-113-1-3	3146788	130318	7	5166	7	130000	5000	incorrect	160
004	21	Response	52	3160984	144514	1
004	22	Sound	P2/beat	3192285	25000	1			25000		other	0
004	22	Sound	n03	3238785	71499	1			71500		other	0
004	22	Picture	3-113-1-3	3297603	130318	7	5166	7	130000	5000	hit	164
004	22	Response	61	3302824	135539	2
004	23	Response	51	3319064	963	2
004	23	Sound	P2/beat	3343102	25001	1			25000		other	0
004	23	Sound	f22	3389601	71500	1			71500		other	0
004	23	Picture	2-113-2-2	3448419	130318	7	5166	7	130000	5000	hit	169
004	23	Response	61	3460024	141923	1
004	24	Sound	P2/beat	3493916	25000	1			25000		other	0
004	24	Sound	test11	3540417	71500	1			71500		other	0
004	24	Picture	3-213-1-3	3599234	130318	7	5166	7	130000	5000	hit	173
004	24	Response	61	3605784	136867	1
004	25	Sound	P2/both1	3644732	25000	1			25000		other	0
004	25	Response	53	3646504	26772	1
004	25	Response	53	3650023	30291	1
004	25	Response	53	3655783	36051	1
004	25	Response	53	3661384	41652	1
004	25	Response	53	3667063	47331	2
004	25	Response	53	3672824	53092	1
004	25	Response	53	3679624	59892	1
004	25	Response	53	3685303	65571	1
004	25	Sound	test05	3691231	71499	1			71500		other	0
004	25	Response	53	3691544	71812	2
004	25	Picture	3-224-1-3	3750050	130318	7	5166	7	130000	5000	hit	186
004	25	Response	62	3766264	146532	1
004	26	Sound	P2/both	3795547	24999	1			25000		other	0
004	26	Response	53	3802584	32036	2
004	26	Response	53	3806423	35876	1
004	26	Response	53	3812984	42436	2
004	26	Response	53	3821064	50516	1
004	26	Response	53	3824743	54196	2
004	26	Response	53	3830103	59556	2
004	26	Response	53	3835784	65236	2
004	26	Sound	n12	3842047	71500	1			71500		other	0
004	26	Response	53	3842504	71957	3
004	26	Picture	2-114-2-2	3900865	130318	7	5166	7	130000	5000	hit	198
004	26	Response	61	3907544	136996	2
004	27	Response	51	3921943	581	2
004	27	Sound	P2/both	3946362	24999	1			25000		other	0
004	27	Response	53	3949945	28582	2
004	27	Response	53	3955864	34501	2
004	27	Response	53	3962104	40741	2
004	27	Response	53	3968104	46741	1
004	27	Response	53	3987305	65942	1
004	27	Response	53	3992663	71301	2
004	27	Sound	n10	3992863	71501	1			71500		other	0
004	27	Picture	2-124-1-2	4051681	130318	7	5166	7	130000	5000	hit	209
004	27	Response	62	4062263	140901	1
004	28	Response	53	4090263	18085	1
004	28	Sound	P2/both	4097178	25000	1			25000		other	0
004	28	Response	53	4097223	25045	2
004	28	Response	53	4102503	30325	2
004	28	Response	53	4108023	35845	2
004	28	Response	53	4114104	41925	1
004	28	Response	53	4119543	47365	2
004	28	Response	53	4125944	53766	2
004	28	Response	53	4131784	59605	2
004	28	Response	53	4136983	64805	2
004	28	Sound	test25	4143679	71501	1			71500		other	0
004	28	Picture	2-214-1-2	4202496	130318	7	5166	7	130000	5000	hit	222
004	28	Response	61	4222823	150645	1
004	29	Sound	P0/none1	4247993	24999	1			25000		other	0
004	29	Sound	f18	4294493	71499	1			71500		other	0
004	29	Picture	2-121-2-2	4353312	130318	7	5166	7	130000	5000	hit	226
004	29	Response	62	4369223	146230	1
004	30	Sound	P0/none	4398809	25000	1			25000		other	0
004	30	Sound	test10	4445309	71500	1			71500		other	0
004	30	Picture	3-221-1-3	4504127	130318	7	5166	8	130000	5000	hit	230
004	30	Response	62	4514264	140454	2
004	31	Sound	P0/none	4549625	25000	1			25000		other	0
004	31	Sound	test19	4596125	71501	1			71500		other	0
004	31	Picture	3-221-1-3	4654943	130318	7	5166	7	130000	5000	miss	0
004	32	Response	52	4676183	743	2
004	32	Sound	P0/none	4700440	25000	1			25000		other	0
004	32	Sound	test18	4746940	71500	1			71500		other	0
004	32	Picture	2-211-1-2	4805758	130318	7	5166	7	130000	5000	hit	238
004	32	Response	61	4822903	147463	1
004	33	Sound	P1/tapping1	4851255	24999	1			25000		other	0
004	33	Response	53	4863863	37608	1
004	33	Response	53	4869303	43047	1
004	33	Response	53	4874823	48567	1
004	33	Response	53	4880743	54487	2
004	33	Response	53	4886423	60167	1
004	33	Response	53	4892503	66247	2
004	33	Sound	f11	4897756	71500	1			71500		other	0
004	33	Response	53	4898583	72327	2
004	33	Picture	3-122-1-3	4956574	130318	7	5166	7	130000	5000	hit	249
004	33	Response	62	4968023	141768	1
004	34	Response	53	4996583	19512	1
004	34	Sound	P1/tapping	5002071	25000	1			25000		other	0
004	34	Response	53	5003303	26232	2
004	34	Response	53	5008183	31112	2
004	34	Response	53	5013784	36712	2
004	34	Response	53	5018903	41832	1
004	34	Response	53	5024103	47032	1
004	34	Response	53	5027623	50552	2
004	34	Response	53	5036423	59352	2
004	34	Response	53	5041383	64312	2
004	34	Sound	n07	5048571	71500	1			71500		other	0
004	34	Picture	3-212-1-3	5107389	130318	7	5166	7	130000	5000	hit	262
004	34	Response	61	5113543	136472	2
004	35	Response	53	5149783	21897	2
004	35	Sound	P1/tapping	5152886	24999	1			25000		other	0
004	35	Response	53	5156343	28456	2
004	35	Response	53	5162503	34616	2
004	35	Response	53	5167783	39896	1
004	35	Response	53	5174584	46697	1
004	35	Response	53	5179703	51816	2
004	35	Response	53	5186023	58137	2
004	35	Response	53	5191543	63656	2
004	35	Response	53	5196183	68296	2
004	35	Sound	test09	5199387	71500	1			71500		other	0
004	35	Picture	3-212-1-3	5258205	130318	7	5166	7	130000	5000	hit	275
004	35	Response	61	5265383	137496	1
004	36	Sound	P1/tapping	5303702	24999	1			25000		other	0
004	36	Response	53	5309864	31162	2
004	36	Response	53	5315063	36361	1
004	36	Response	53	5320423	41721	1
004	36	Response	53	5327063	48360	1
004	36	Response	53	5332263	53561	1
004	36	Response	53	5337223	58521	1
004	36	Response	53	5342903	64201	1
004	36	Response	53	5348103	69400	1
004	36	Sound	test22	5350202	71500	1			71500		other	0
004	36	Picture	2-222-2-2	5409020	130318	7	5166	7	130000	5000	hit	287
004	36	Response	62	5426423	147721	1
004	37	Sound	P2/beat1	5454518	25000	1			25000		other	0
004	37	Sound	f14	5501017	71499	1			71500		other	0
004	37	Picture	2-113-2-2	5559836	130318	7	5166	7	130000	5000	hit	291
004	37	Response	61	5570344	140826	2
004	38	Sound	P2/beat	5605334	25001	1			25000		other	0
004	38	Sound	test17	5651833	71500	1			71500		other	0
004	38	Picture	3-223-1-3	5710651	130318	7	5166	7	130000	5000	hit	295
004	38	Response	62	5725463	145130	2
004	39	Sound	P2/beat	5756148	25000	1			25000		other	0
004	39	Sound	n14	5802649	71500	1			71500		other	0
004	39	Picture	2-123-2-2	5861467	130318	7	5166	7	130000	5000	incorrect	299
004	39	Response	51	5868663	137514	2
004	40	Sound	P2/beat	5906963	24999	1			25000		other	0
004	40	Sound	f01	5953464	71500	1			71500		other	0
004	40	Picture	3-123-1-3	6012282	130318	7	5166	7	130000	5000	hit	303
004	40	Response	62	6023303	141338	2
004	41	Sound	P2/both1	6057779	24999	1			25000		other	0
004	41	Sound	n06	6104279	71499	1			71500		other	0
004	41	Picture	2-214-2-2	6163098	130318	7	5166	7	130000	5000	incorrect	307
004	41	Response	52	6177623	144843	1
004	42	Sound	P2/both	6208594	24999	1			25000		other	0
004	42	Response	53	6233303	49708	1
004	42	Response	53	6237783	54187	1
004	42	Response	53	6243143	59547	2
004	42	Response	53	6249143	65547	1
004	42	Response	53	6255062	71467	2
004	42	Sound	f23	6255096	71500	1			71500		other	0
004	42	Picture	3-124-1-3	6313913	130318	7	5166	7	130000	5000	hit	316
004	42	Response	62	6325063	141467	2
004	43	Response	53	6353863	19452	1
004	43	Sound	P2/both	6359410	25000	1			25000		other	0
004	43	Response	53	6361223	26812	1
004	43	Response	53	6367783	33372	2
004	43	Response	53	6376183	41773	2
004	43	Response	53	6380903	46492	1
004	43	Response	53	6386983	52572	1
004	43	Response	53	6393303	58892	1
004	43	Response	53	6400103	65692	1
004	43	Sound	test02	6405911	71500	1			71500		other	0
004	43	Picture	3-214-1-3	6464729	130318	7	5166	7	130000	5000	hit	328
004	43	Response	61	6474022	139612	1
004	44	Sound	P2/both	6510226	25000	1			25000		other	0
004	44	Response	53	6513702	28476	1
004	44	Response	53	6520022	34796	2
004	44	Response	53	6525622	40396	1
004	44	Response	53	6531942	46716	2
004	44	Response	53	6537702	52476	2
004	44	Response	53	6544182	58956	2
004	44	Response	53	6550342	65116	2
004	44	Sound	test08	6556727	71501	1			71500		other	0
004	44	Response	53	6558983	73757	2
004	44	Picture	3-214-1-3	6615544	130318	7	5166	7	130000	5000	hit	340
004	44	Response	61	6621862	136636	1
004	44	Response	51	6634982	149756	2
004	45	Sound	P0/none1	6661041	25000	1			25000		other	0
004	45	Sound	f10	6707542	71500	1			71500		other	0
004	45	Picture	3-121-1-3	6766360	130318	7	5166	7	130000	5000	incorrect	345
004	45	Response	51	6777863	141821	2
004	46	Sound	P0/none	6811858	25000	1			25000		other	0
004	46	Sound	f04	6858357	71500	1			71500		other	0
004	46	Picture	3-121-1-3	6917175	130318	7	5166	7	130000	5000	hit	349
004	46	Response	62	6937222	150365	2
004	47	Sound	P0/none	6962673	25000	1			25000		other	0
004	47	Sound	n11	7009172	71499	1			71500		other	0
004	47	Picture	3-121-2-3	7067991	130318	7	5166	7	130000	5000	hit	353
004	47	Response	62	7077862	140189	1
004	48	Sound	P0/none	7113489	25000	1			25000		other	0
004	48	Sound	test16	7159989	71500	1			71500		other	0
004	48	Picture	2-221-1-2	7218806	130318	7	5166	7	130000	5000	miss	0
004	49	Response	52	7241542	2238	2
004	49	Sound	P2/beat1	7264303	24999	1			25000		other	0
004	49	Sound	test13	7310804	71500	1			71500		other	0
004	49	Picture	2-223-1-2	7369622	130318	7	5166	7	130000	5000	hit	361
004	49	Response	62	7387383	148079	1
004	50	Sound	P2/beat	7415119	25000	1			25000		other	0
004	50	Sound	f21	7461619	71500	1			71500		other	0
004	50	Picture	2-113-2-2	7520437	130318	7	5166	7	130000	5000	hit	365
004	50	Response	61	7530422	140303	2
004	51	Sound	P2/beat	7565934	24999	1			25000		other	0
004	51	Sound	n13	7612435	71500	1			71500		other	0
004	51	Picture	2-213-1-2	7671253	130318	7	5166	7	130000	5000	hit	369
004	51	Response	61	7688423	147488	3
004	52	Sound	P2/beat	7716750	24999	1			25000		other	0
004	52	Sound	f09	7763251	71500	1			71500		other	0
004	52	Picture	3-123-1-3	7822068	130318	7	5166	7	130000	5000	hit	373
004	52	Response	62	7832422	140671	2
004	53	Sound	P2/both1	7867566	25000	1			25000		other	0
004	53	Response	53	7878903	36336	1
004	53	Response	53	7884102	41536	1
004	53	Response	53	7890262	47696	2
004	53	Response	53	7896102	53536	2
004	53	Response	53	7901382	58816	2
004	53	Response	53	7907622	65056	2
004	53	Response	53	7911223	68657	2
004	53	Sound	f07	7914066	71500	1			71500		other	0
004	53	Response	53	7914262	71696	1
004	53	Picture	3-114-1-3	7972884	130318	7	5166	7	130000	5000	incorrect	385
004	53	Response	52	7984502	141936	3
004	54	Response	53	8014663	21281	2
004	54	Sound	P2/both	8018381	25000	1			25000		other	0
004	54	Response	53	8022502	29121	1
004	54	Response	53	8028743	35361	2
004	54	Response	53	8034102	40721	1
004	54	Response	53	8040422	47040	2
004	54	Response	53	8046422	53040	1
004	54	Response	53	8052502	59121	2
004	54	Response	53	8058502	65120	1
004	54	Response	53	8064422	71040	2
004	54	Sound	test23	8064881	71499	1			71500		other	0
004	54	Picture	2-214-2-2	8123700	130318	7	5166	7	130000	5000	incorrect	398
004	54	Response	52	8136102	142721	2
004	55	Sound	P2/both	8169197	24999	1			25000		other	0
004	55	Sound	f03	8215697	71500	1			71500		other	0
004	55	Picture	3-124-1-3	8274515	130318	7	5166	7	130000	5000	miss	0
004	56	Response	51	8296262	1249	2
004	56	Sound	P2/both	8320013	25001	1			25000		other	0
004	56	Response	53	8322022	27009	2
004	56	Response	53	8325702	30690	2
004	56	Response	53	8330901	35889	2
004	56	Response	53	8336422	41410	1
004	56	Response	53	8341942	46929	1
004	56	Response	53	8348422	53409	1
004	56	Response	53	8354742	59729	1
004	56	Response	53	8360902	65889	1
004	56	Sound	f20	8366513	71500	1			71500		other	0
004	56	Picture	2-114-2-2	8425331	130318	7	5166	7	130000	5000	hit	414
004	56	Response	61	8432902	137889	1
004	57	Response	53	8468501	22673	2
004	57	Sound	P1/tapping1	8470828	25000	1			25000		other	0
004	57	Response	53	8476102	30274	1
004	57	Response	53	8481462	35634	2
004	57	Response	53	8487222	41394	1
004	57	Response	53	8492822	46994	2
004	57	Response	53	8498261	52433	2
004	57	Response	53	8503941	58113	2
004	57	Response	53	8509222	63394	2
004	57	Response	53	8514661	68833	1
004	57	Sound	test01	8517326	71498	1			71500		other	0
004	57	Picture	3-222-1-3	8576146	130318	7	5166	7	130000	5000	miss	0
004	58	Response	51	8599142	2498	1
004	58	Sound	P1/tapping	8621644	25000	1			25000		other	0
004	58	Response	53	8632502	35859	2
004	58	Response	53	8637542	40898	1
004	58	Response	53	8643382	46738	2
004	58	Response	53	8649142	52498	1
004	58	Response	53	8653782	57138	2
004	58	Response	53	8660981	64338	1
004	58	Response	53	8666342	69698	2
004	58	Sound	n04	8668144	71500	1			71500		other	0
004	58	Picture	3-212-1-3	8726962	130318	7	5166	7	130000	5000	incorrect	438
004	58	Response	52	8741541	144898	1
004	59	Sound	P1/tapping	8772459	25000	1			25000		other	0
004	59	Response	51	8778661	31202	1
004	59	Response	51	8784422	36963	2
004	59	Response	51	8790262	42803	2
004	59	Response	51	8795862	48403	2
004	59	Response	51	8802901	55442	1
004	59	Response	53	8809381	61922	1
004	59	Response	53	8814421	66962	1
004	59	Sound	f19	8818958	71499	1			71500		other	0
004	59	Picture	2-122-2-2	8877777	130318	7	5166	7	130000	5000	miss	0
004	60	Response	52	8901461	3187	1
004	60	Response	53	8918822	20548	2
004	60	Sound	P1/tapping	8923275	25000	1			25000		other	0
004	60	Response	53	8924502	26227	2
004	60	Response	53	8930422	32147	2
004	60	Response	53	8935701	37427	2
004	60	Response	53	8941542	43267	1
004	60	Response	53	8946901	48627	1
004	60	Response	53	8951702	53427	1
004	60	Response	53	8956741	58467	1
004	60	Response	53	8962342	64067	2
004	60	Response	53	8967222	68947	1
004	60	Sound	f24	8969774	71499	1			71500		other	0
004	60	Picture	2-122-1-2	9028593	130318	7	5166	7	130000	5000	miss	0


Event Type	Code	Type	Response	RT	RT Uncertainty	Time	Uncertainty	Duration	Uncertainty	ReqTime	ReqDur

Sound	P2/both1	other				25160	1			25000
Sound	test06	other				71661	1			71500
Picture	3-224-1-3	incorrect	1	8587	8	130478	7	5166	7	130000	5000
Sound	P2/both	other				175976	1			25000
Sound	f17	other				222475	1			71500
Picture	2-114-2-2	hit	1	7371	8	281294	7	5166	7	130000	5000
Sound	P2/both	other				326792	1			25000
Sound	f02	other				373292	1			71500
Picture	3-114-2-3	hit	1	5996	8	432109	7	5166	7	130000	5000
Sound	P2/both	other				477607	1			25000
Sound	n09	other				524107	1			71500
Picture	2-214-2-2	incorrect	2	15420	8	582925	7	5166	7	130000	5000
Sound	P0/none1	other				628423	1			25000
Sound	test15	other				674922	1			71500
Picture	2-211-1-2	incorrect	2	19645	7	733740	7	5166	7	130000	5000
Sound	P0/none	other				779238	1			25000
Sound	test07	other				825738	1			71500
Picture	3-221-1-3	hit	2	17469	8	884556	7	5166	7	130000	5000
Sound	P0/none	other				930054	1			25000
Sound	f16	other				976553	1			71500
Picture	2-121-1-2	hit	2	16013	7	1035371	7	5166	7	130000	5000
Sound	P0/none	other				1080869	1			25000
Sound	f15	other				1127368	1			71500
Picture	2-111-2-2	hit	1	6158	8	1186187	7	5166	7	130000	5000
Sound	P1/tapping1	other				1231685	1			25000
Sound	test24	other				1278184	1			71500
Picture	2-212-2-2	hit	1	5582	8	1337002	7	5166	7	130000	5000
Sound	P1/tapping	other				1382499	1			25000
Sound	n01	other				1428999	1			71500
Picture	2-222-1-2	hit	2	19567	7	1487818	7	5166	7	130000	5000
Sound	P1/tapping	other				1533315	1			25000
Sound	test12	other				1579816	1			71500
Picture	3-222-1-3	incorrect	1	6912	8	1638633	7	5166	7	130000	5000
Sound	P1/tapping	other				1684131	1			25000
Sound	test03	other				1730631	1			71500
Picture	3-222-1-3	hit	2	14576	8	1789449	7	5166	7	130000	5000
Sound	P2/beat1	other				1834946	1			25000
Sound	test04	other				1881447	1			71500
Picture	3-213-1-3	hit	1	8320	8	1940264	7	5166	7	130000	5000
Sound	P2/beat	other				1985762	1			25000
Sound	f12	other				2032261	1			71500
Picture	3-123-1-3	hit	2	10865	8	2091080	7	5166	7	130000	5000
Sound	P2/beat	other				2136577	1			25000
Sound	test21	other				2183077	1			71500
Picture	2-213-2-2	incorrect	2	11409	7	2241895	7	5166	7	130000	5000
Sound	P2/beat	other				2287392	1			25000
Sound	test14	other				2333893	1			71500
Picture	2-213-1-2	incorrect	2	14354	7	2392711	7	5166	7	130000	5000
Sound	P0/none1	other				2438209	1			25000
Sound	f08	other				2484708	1			71500
Picture	2-121-1-2	hit	2	15538	7	2543526	7	5166	7	130000	5000
Sound	P0/none	other				2589024	1			25000
Sound	f05	other				2635524	1			71500
Picture	3-121-1-3	hit	2	10643	8	2694342	7	5166	7	130000	5000
Sound	P0/none	other				2739840	1			25000
Sound	n05	other				2786340	1			71500
Picture	2-111-2-2	incorrect	2	11427	7	2845157	7	5166	7	130000	5000
Sound	P0/none	other				2890655	1			25000
Sound	f13	other				2937155	1			71500
Picture	2-111-1-2	hit	1	8212	7	2995972	7	5166	7	130000	5000
Sound	P2/beat1	other				3041470	1			25000
Sound	f06	other				3087970	1			71500
Picture	3-113-1-3	incorrect	2	14196	7	3146788	7	5166	7	130000	5000
Sound	P2/beat	other				3192285	1			25000
Sound	n03	other				3238785	1			71500
Picture	3-113-1-3	hit	1	5221	8	3297603	7	5166	7	130000	5000
Sound	P2/beat	other				3343102	1			25000
Sound	f22	other				3389601	1			71500
Picture	2-113-2-2	hit	1	11605	7	3448419	7	5166	7	130000	5000
Sound	P2/beat	other				3493916	1			25000
Sound	test11	other				3540417	1			71500
Picture	3-213-1-3	hit	1	6549	7	3599234	7	5166	7	130000	5000
Sound	P2/both1	other				3644732	1			25000
Sound	test05	other				3691231	1			71500
Picture	3-224-1-3	hit	2	16214	7	3750050	7	5166	7	130000	5000
Sound	P2/both	other				3795547	1			25000
Sound	n12	other				3842047	1			71500
Picture	2-114-2-2	hit	1	6678	8	3900865	7	5166	7	130000	5000
Sound	P2/both	other				3946362	1			25000
Sound	n10	other				3992863	1			71500
Picture	2-124-1-2	hit	2	10583	8	4051681	7	5166	7	130000	5000
Sound	P2/both	other				4097178	1			25000
Sound	test25	other				4143679	1			71500
Picture	2-214-1-2	hit	1	20327	7	4202496	7	5166	7	130000	5000
Sound	P0/none1	other				4247993	1			25000
Sound	f18	other				4294493	1			71500
Picture	2-121-2-2	hit	2	15912	7	4353312	7	5166	7	130000	5000
Sound	P0/none	other				4398809	1			25000
Sound	test10	other				4445309	1			71500
Picture	3-221-1-3	hit	2	10136	8	4504127	7	5166	8	130000	5000
Sound	P0/none	other				4549625	1			25000
Sound	test19	other				4596125	1			71500
Picture	3-221-1-3	miss				4654943	7	5166	7	130000	5000
Sound	P0/none	other				4700440	1			25000
Sound	test18	other				4746940	1			71500
Picture	2-211-1-2	hit	1	17145	7	4805758	7	5166	7	130000	5000
Sound	P1/tapping1	other				4851255	1			25000
Sound	f11	other				4897756	1			71500
Picture	3-122-1-3	hit	2	11450	7	4956574	7	5166	7	130000	5000
Sound	P1/tapping	other				5002071	1			25000
Sound	n07	other				5048571	1			71500
Picture	3-212-1-3	hit	1	6154	8	5107389	7	5166	7	130000	5000
Sound	P1/tapping	other				5152886	1			25000
Sound	test09	other				5199387	1			71500
Picture	3-212-1-3	hit	1	7178	7	5258205	7	5166	7	130000	5000
Sound	P1/tapping	other				5303702	1			25000
Sound	test22	other				5350202	1			71500
Picture	2-222-2-2	hit	2	17403	7	5409020	7	5166	7	130000	5000
Sound	P2/beat1	other				5454518	1			25000
Sound	f14	other				5501017	1			71500
Picture	2-113-2-2	hit	1	10508	8	5559836	7	5166	7	130000	5000
Sound	P2/beat	other				5605334	1			25000
Sound	test17	other				5651833	1			71500
Picture	3-223-1-3	hit	2	14812	8	5710651	7	5166	7	130000	5000
Sound	P2/beat	other				5756148	1			25000
Sound	n14	other				5802649	1			71500
Picture	2-123-2-2	incorrect	1	7196	8	5861467	7	5166	7	130000	5000
Sound	P2/beat	other				5906963	1			25000
Sound	f01	other				5953464	1			71500
Picture	3-123-1-3	hit	2	11020	8	6012282	7	5166	7	130000	5000
Sound	P2/both1	other				6057779	1			25000
Sound	n06	other				6104279	1			71500
Picture	2-214-2-2	incorrect	2	14525	7	6163098	7	5166	7	130000	5000
Sound	P2/both	other				6208594	1			25000
Sound	f23	other				6255096	1			71500
Picture	3-124-1-3	hit	2	11149	8	6313913	7	5166	7	130000	5000
Sound	P2/both	other				6359410	1			25000
Sound	test02	other				6405911	1			71500
Picture	3-214-1-3	hit	1	9294	7	6464729	7	5166	7	130000	5000
Sound	P2/both	other				6510226	1			25000
Sound	test08	other				6556727	1			71500
Picture	3-214-1-3	hit	1	6318	7	6615544	7	5166	7	130000	5000
Sound	P0/none1	other				6661041	1			25000
Sound	f10	other				6707542	1			71500
Picture	3-121-1-3	incorrect	1	11503	8	6766360	7	5166	7	130000	5000
Sound	P0/none	other				6811858	1			25000
Sound	f04	other				6858357	1			71500
Picture	3-121-1-3	hit	2	20047	9	6917175	7	5166	7	130000	5000
Sound	P0/none	other				6962673	1			25000
Sound	n11	other				7009172	1			71500
Picture	3-121-2-3	hit	2	9872	7	7067991	7	5166	7	130000	5000
Sound	P0/none	other				7113489	1			25000
Sound	test16	other				7159989	1			71500
Picture	2-221-1-2	miss				7218806	7	5166	7	130000	5000
Sound	P2/beat1	other				7264303	1			25000
Sound	test13	other				7310804	1			71500
Picture	2-223-1-2	hit	2	17761	7	7369622	7	5166	7	130000	5000
Sound	P2/beat	other				7415119	1			25000
Sound	f21	other				7461619	1			71500
Picture	2-113-2-2	hit	1	9985	8	7520437	7	5166	7	130000	5000
Sound	P2/beat	other				7565934	1			25000
Sound	n13	other				7612435	1			71500
Picture	2-213-1-2	hit	1	17170	9	7671253	7	5166	7	130000	5000
Sound	P2/beat	other				7716750	1			25000
Sound	f09	other				7763251	1			71500
Picture	3-123-1-3	hit	2	10353	8	7822068	7	5166	7	130000	5000
Sound	P2/both1	other				7867566	1			25000
Sound	f07	other				7914066	1			71500
Picture	3-114-1-3	incorrect	2	11618	9	7972884	7	5166	7	130000	5000
Sound	P2/both	other				8018381	1			25000
Sound	test23	other				8064881	1			71500
Picture	2-214-2-2	incorrect	2	12403	8	8123700	7	5166	7	130000	5000
Sound	P2/both	other				8169197	1			25000
Sound	f03	other				8215697	1			71500
Picture	3-124-1-3	miss				8274515	7	5166	7	130000	5000
Sound	P2/both	other				8320013	1			25000
Sound	f20	other				8366513	1			71500
Picture	2-114-2-2	hit	1	7571	7	8425331	7	5166	7	130000	5000
Sound	P1/tapping1	other				8470828	1			25000
Sound	test01	other				8517326	1			71500
Picture	3-222-1-3	miss				8576146	7	5166	7	130000	5000
Sound	P1/tapping	other				8621644	1			25000
Sound	n04	other				8668144	1			71500
Picture	3-212-1-3	incorrect	2	14580	7	8726962	7	5166	7	130000	5000
Sound	P1/tapping	other				8772459	1			25000
Sound	f19	other				8818958	1			71500
Picture	2-122-2-2	miss				8877777	7	5166	7	130000	5000
Sound	P1/tapping	other				8923275	1			25000
Sound	f24	other				8969774	1			71500
Picture	2-122-1-2	miss				9028593	7	5166	7	130000	5000

The following output port codes were not sent because of a conflict on the port.
Port	Code	Time(ms)
1	53	409722
1	104	625510


{
   "app": "Presentation Version 22.1 Build 01.21.21",
   "device": "Dell Inc. OptiPlex 7050",
   "experiment": "{C8E97CB4-6FCA-44FA-B866-4A2D94B6B85C}",
   "os": "Windows 10 64 bit",
   "package": "",
   "parameters": {
      "configuration": "Default configuration"
   },
   "scenario": "entrain_list1_sess4_EB.sce",
   "subject": "004",
   "timestamp": "2022/04/01 13:10:16 GMT"
}
