Scenario - test
Logfile written - 04/01/2022 15:55:40

Subject	Trial	Event Type	Code	Time	TTime	Uncertainty	Duration	Uncertainty	ReqTime	ReqDur	Stim Type	Pair Index

004	1	Sound	P0/none1	25159	24999	1			25000		other	0
004	1	Sound	f01	71661	71500	1			71500		other	0
004	1	Picture	2-111-1-2	130478	130318	7	5166	7	130000	5000	hit	4
004	1	Response	61	136159	135999	2
004	2	Sound	P0/none	175975	24999	1			25000		other	0
004	2	Sound	test01	222476	71501	1			71500		other	0
004	2	Picture	2-211-1-2	281294	130318	7	5166	7	130000	5000	hit	8
004	2	Response	61	291439	140463	1
004	3	Sound	P0/none	326790	24999	1			25000		other	0
004	3	Sound	test22	373290	71499	1			71500		other	0
004	3	Picture	3-211-1-3	432109	130318	7	5166	7	130000	5000	hit	12
004	3	Response	61	438239	136448	2
004	4	Sound	P0/none	477607	25001	1			25000		other	0
004	4	Sound	f07	524106	71500	1			71500		other	0
004	4	Picture	2-121-1-2	582924	130318	7	5166	7	130000	5000	hit	16
004	4	Response	62	594159	141553	1
004	5	Sound	P2/beat1	628421	24999	1			25000		other	0
004	5	Sound	f03	674921	71499	1			71500		other	0
004	5	Picture	2-123-1-2	733739	130318	7	5166	7	130000	5000	incorrect	20
004	5	Response	51	749359	145937	1
004	6	Sound	P2/beat	779236	24999	1			25000		other	0
004	6	Sound	n12	825736	71499	1			71500		other	0
004	6	Picture	3-123-1-3	884555	130318	7	5166	7	130000	5000	hit	24
004	6	Response	62	895599	141362	1
004	7	Sound	P2/beat	930052	25000	1			25000		other	0
004	7	Sound	test10	976552	71500	1			71500		other	0
004	7	Picture	2-213-1-2	1035370	130318	7	5166	7	130000	5000	incorrect	28
004	7	Response	52	1045519	140467	2
004	8	Sound	P2/beat	1080868	25000	1			25000		other	0
004	8	Sound	f17	1127368	71500	1			71500		other	0
004	8	Picture	3-113-1-3	1186185	130318	7	5166	7	130000	5000	hit	32
004	8	Response	61	1195839	139971	1
004	9	Sound	P0/none1	1231683	25000	1			25000		other	0
004	9	Sound	f09	1278183	71500	1			71500		other	0
004	9	Picture	2-111-1-2	1337001	130318	7	5166	7	130000	5000	miss	0
004	10	Response	52	1358879	1381	1
004	10	Sound	P0/none	1382498	25000	1			25000		other	0
004	10	Sound	test02	1428999	71501	1			71500		other	0
004	10	Picture	2-221-1-2	1487816	130318	7	5166	7	130000	5000	hit	40
004	10	Response	62	1499679	142181	1
004	11	Sound	P0/none	1533313	24999	1			25000		other	0
004	11	Sound	f20	1579814	71500	1			71500		other	0
004	11	Picture	3-121-1-3	1638631	130318	7	5166	7	130000	5000	hit	44
004	11	Response	62	1649839	141525	2
004	12	Sound	P0/none	1684129	25000	1			25000		other	0
004	12	Sound	test21	1730629	71500	1			71500		other	0
004	12	Picture	3-221-1-3	1789447	130318	7	5166	7	130000	5000	hit	48
004	12	Response	62	1801518	142389	1
004	13	Sound	P1/tapping1	1834944	25000	1			25000		other	0
004	13	Response	53	1846240	36295	1
004	13	Response	53	1851519	41575	2
004	13	Response	53	1856799	46855	2
004	13	Response	53	1862159	52215	1
004	13	Response	53	1867359	57415	1
004	13	Response	53	1872878	62934	2
004	13	Response	53	1878398	68454	1
004	13	Sound	test04	1881445	71501	1			71500		other	0
004	13	Picture	2-212-1-2	1940262	130318	7	5166	7	130000	5000	hit	59
004	13	Response	61	1958479	148535	1
004	14	Response	53	1980479	19720	2
004	14	Sound	P1/tapping	1985759	25000	1			25000		other	0
004	14	Response	53	1987438	26679	1
004	14	Response	53	1993439	32679	1
004	14	Response	53	1999278	38519	1
004	14	Response	53	2004399	43639	1
004	14	Response	53	2010398	49639	1
004	14	Response	53	2015599	54839	2
004	14	Response	53	2021359	60599	1
004	14	Response	53	2026719	65959	1
004	14	Sound	test23	2032259	71500	1			71500		other	0
004	14	Picture	3-222-1-3	2091077	130318	7	5166	7	130000	5000	miss	0
004	15	Response	51	2115198	3624	2
004	15	Sound	P1/tapping	2136574	24999	1			25000		other	0
004	15	Response	53	2139759	28184	1
004	15	Response	53	2144239	32664	1
004	15	Response	53	2149838	38264	2
004	15	Response	53	2154719	43144	1
004	15	Response	53	2160799	49224	1
004	15	Response	53	2165038	53464	2
004	15	Response	53	2171039	59464	1
004	15	Sound	test06	2183074	71499	1			71500		other	0
004	15	Picture	2-222-1-2	2241893	130318	7	5166	7	130000	5000	incorrect	83
004	15	Response	51	2254638	143063	1
004	16	Sound	P1/tapping	2287390	25000	1			25000		other	0
004	16	Response	53	2289279	26888	2
004	16	Response	53	2293118	30728	1
004	16	Response	53	2298799	36408	1
004	16	Response	53	2304399	42008	1
004	16	Response	53	2309279	46888	1
004	16	Response	53	2315279	52889	1
004	16	Response	53	2320559	58168	1
004	16	Response	53	2325679	63289	1
004	16	Response	53	2331199	68808	1
004	16	Sound	test07	2333890	71500	1			71500		other	0
004	16	Picture	2-212-1-2	2392708	130318	7	5166	7	130000	5000	miss	0
004	17	Response	52	2416318	3113	1
004	17	Sound	P2/both1	2438205	25000	1			25000		other	0
004	17	Response	53	2462399	49193	1
004	17	Response	53	2467358	54153	1
004	17	Response	53	2472718	59513	1
004	17	Response	53	2478558	65353	1
004	17	Response	53	2484398	71193	2
004	17	Sound	n01	2484705	71500	1			71500		other	0
004	17	Picture	3-214-1-3	2543523	130318	7	5166	7	130000	5000	incorrect	105
004	17	Response	52	2557759	144553	2
004	18	Response	53	2581118	17097	1
004	18	Sound	P2/both	2589020	24999	1			25000		other	0
004	18	Response	53	2589439	25418	1
004	18	Response	53	2593758	29737	2
004	18	Response	53	2599438	35418	1
004	18	Response	53	2604959	40938	2
004	18	Response	53	2611118	47098	1
004	18	Response	53	2616639	52618	1
004	18	Response	53	2622718	58698	2
004	18	Response	53	2628398	64378	1
004	18	Response	53	2634398	70377	1
004	18	Sound	f22	2635520	71500	1			71500		other	0
004	18	Picture	3-124-1-3	2694338	130317	8	5167	8	130000	5000	hit	119
004	18	Response	62	2703438	139418	1
004	18	Response	52	2707038	143017	1
004	19	Sound	P2/both	2739836	25000	1			25000		other	0
004	19	Response	53	2742798	27962	2
004	19	Response	53	2749678	34842	1
004	19	Response	53	2755679	40843	2
004	19	Response	53	2761518	46682	2
004	19	Response	53	2767998	53162	2
004	19	Response	53	2773438	58602	1
004	19	Response	53	2779198	64362	2
004	19	Response	53	2785359	70522	2
004	19	Sound	f19	2786336	71500	1			71500		other	0
004	19	Picture	3-114-1-3	2845154	130318	7	5166	7	130000	5000	miss	0
004	20	Response	51	2865838	187	1
004	20	Sound	P2/both	2890651	25000	1			25000		other	0
004	20	Response	53	2901199	35547	1
004	20	Response	53	2913358	47706	1
004	20	Response	53	2925678	60027	1
004	20	Response	53	2931918	66266	2
004	20	Sound	test16	2937151	71500	1			71500		other	0
004	20	Picture	3-224-1-3	2995969	130318	7	5166	7	130000	5000	hit	140
004	20	Response	62	3004718	139067	2
004	21	Response	53	3037118	20651	1
004	21	Sound	P1/tapping1	3041467	25000	1			25000		other	0
004	21	Response	53	3043918	27451	2
004	21	Response	53	3050798	34331	1
004	21	Response	53	3055678	39212	1
004	21	Response	53	3061119	44652	2
004	21	Response	53	3066478	50011	1
004	21	Response	53	3071758	55291	1
004	21	Response	53	3078078	61611	1
004	21	Response	53	3082398	65931	1
004	21	Response	53	3087678	71211	2
004	21	Sound	test05	3087968	71501	1			71500		other	0
004	21	Picture	2-222-1-2	3146785	130318	7	5166	7	130000	5000	hit	154
004	21	Response	62	3158398	141931	2
004	22	Response	53	3186958	19676	1
004	22	Sound	P1/tapping	3192283	25001	1			25000		other	0
004	22	Response	53	3193918	26636	1
004	22	Response	53	3200478	33196	1
004	22	Response	53	3205918	38636	1
004	22	Response	53	3213038	45756	2
004	22	Response	53	3218238	50956	1
004	22	Response	53	3223918	56636	1
004	22	Response	53	3229438	62156	1
004	22	Response	53	3235118	67836	2
004	22	Sound	test08	3238782	71499	1			71500		other	0
004	22	Picture	2-212-1-2	3297600	130318	7	5166	7	130000	5000	incorrect	167
004	22	Response	52	3307918	140636	1
004	23	Response	53	3336558	18460	1
004	23	Response	53	3342638	24540	1
004	23	Sound	P1/tapping	3343097	24999	1			25000		other	0
004	23	Response	53	3347678	29580	2
004	23	Response	53	3353358	35260	1
004	23	Response	53	3358478	40380	1
004	23	Response	53	3363598	45500	1
004	23	Response	53	3368318	50220	2
004	23	Response	53	3373918	55821	1
004	23	Response	53	3379758	61660	2
004	23	Response	53	3385038	66940	1
004	23	Sound	test14	3389598	71500	1			71500		other	0
004	23	Response	53	3390078	71980	1
004	23	Picture	3-212-1-3	3448416	130318	7	5166	7	130000	5000	miss	0
004	24	Response	51	3472558	3645	1
004	24	Sound	P1/tapping	3493913	25000	1			25000		other	0
004	24	Response	53	3505038	36125	1
004	24	Response	53	3510398	41485	1
004	24	Response	53	3515998	47085	1
004	24	Response	53	3521759	52846	1
004	24	Response	53	3526638	57725	1
004	24	Response	53	3532398	63485	1
004	24	Response	53	3537599	68686	1
004	24	Sound	test19	3540413	71500	1			71500		other	0
004	24	Picture	3-212-1-3	3599231	130318	7	5166	7	130000	5000	incorrect	193
004	24	Response	52	3611999	143086	2
004	25	Sound	P2/beat1	3644728	25000	1			25000		other	0
004	25	Sound	f15	3691228	71500	1			71500		other	0
004	25	Picture	3-113-1-3	3750046	130318	7	5166	7	130000	5000	hit	197
004	25	Response	61	3755198	135470	2
004	26	Sound	P2/beat	3795543	25000	1			25000		other	0
004	26	Sound	f16	3842043	71499	1			71500		other	0
004	26	Picture	3-123-1-3	3900862	130318	7	5166	7	130000	5000	hit	201
004	26	Response	62	3913758	143214	1
004	27	Sound	P2/beat	3946359	24999	1			25000		other	0
004	27	Sound	f18	3992859	71500	1			71500		other	0
004	27	Picture	3-113-1-3	4051677	130318	7	5166	7	130000	5000	hit	205
004	27	Response	61	4058798	137439	1
004	28	Sound	P2/beat	4097174	24999	1			25000		other	0
004	28	Sound	test18	4143675	71500	1			71500		other	0
004	28	Picture	3-223-1-3	4202492	130318	7	5166	7	130000	5000	hit	209
004	28	Response	62	4221678	149503	1
004	29	Sound	P2/both1	4247990	25000	1			25000		other	0
004	29	Response	53	4263597	40607	1
004	29	Response	53	4268959	45969	1
004	29	Response	53	4276318	53329	3
004	29	Response	53	4282237	59247	2
004	29	Response	53	4288958	65968	1
004	29	Sound	f10	4294489	71499	1			71500		other	0
004	29	Picture	2-114-1-2	4353308	130318	7	5166	7	130000	5000	miss	0
004	30	Response	52	4375997	2192	1
004	30	Response	53	4398318	24513	2
004	30	Sound	P2/both	4398806	25000	1			25000		other	0
004	30	Response	53	4403758	29953	1
004	30	Response	53	4408078	34273	1
004	30	Response	53	4415038	41232	1
004	30	Response	53	4420878	47073	1
004	30	Response	53	4427598	53792	2
004	30	Response	53	4432958	59152	2
004	30	Response	53	4438558	64752	2
004	30	Sound	f12	4445305	71500	1			71500		other	0
004	30	Response	53	4445358	71552	2
004	30	Picture	2-114-1-2	4504123	130318	7	5166	7	130000	5000	hit	231
004	30	Response	61	4515438	141632	1
004	31	Response	53	4543677	19057	1
004	31	Sound	P2/both	4549621	25000	1			25000		other	0
004	31	Response	53	4550238	25617	1
004	31	Response	53	4557918	33298	1
004	31	Response	53	4565518	40897	1
004	31	Response	53	4573278	48657	1
004	31	Response	53	4578398	53777	1
004	31	Response	53	4585437	60817	1
004	31	Response	53	4591357	66736	2
004	31	Sound	n05	4596120	71499	1			71500		other	0
004	31	Response	53	4598318	73697	2
004	31	Response	53	4648958	124337	2
004	31	Picture	3-124-1-3	4654939	130318	7	5166	7	130000	5000	hit	245
004	31	Response	62	4666398	141777	1
004	31	Response	52	4669277	144656	1
004	32	Response	53	4700318	24881	2
004	32	Sound	P2/both	4700436	25000	1			25000		other	0
004	32	Response	53	4705517	30081	1
004	32	Response	53	4711438	36002	1
004	32	Response	53	4718717	43281	1
004	32	Response	53	4723277	47841	1
004	32	Response	53	4730477	55041	2
004	32	Sound	f13	4746935	71499	1			71500		other	0
004	32	Picture	3-124-1-3	4805754	130318	7	5166	7	130000	5000	hit	256
004	32	Response	62	4824078	148642	1
004	33	Sound	P0/none1	4851251	25000	1			25000		other	0
004	33	Sound	n09	4897751	71499	1			71500		other	0
004	33	Picture	3-211-1-3	4956569	130318	7	5166	7	130000	5000	hit	260
004	33	Response	61	4969198	142947	2
004	34	Sound	P0/none	5002067	25000	1			25000		other	0
004	34	Sound	test13	5048567	71500	1			71500		other	0
004	34	Picture	3-221-1-3	5107385	130318	7	5166	7	130000	5000	hit	264
004	34	Response	62	5120957	143890	1
004	35	Sound	P0/none	5152882	24999	1			25000		other	0
004	35	Sound	f11	5199382	71500	1			71500		other	0
004	35	Picture	2-111-1-2	5258201	130318	7	5166	7	130000	5000	miss	0
004	36	Response	51	5282397	3699	1
004	36	Sound	P0/none	5303697	24999	1			25000		other	0
004	36	Sound	test17	5350197	71499	1			71500		other	0
004	36	Picture	2-211-2-2	5409016	130318	7	5166	7	130000	5000	miss	0
004	37	Response	51	5429677	163	1
004	37	Sound	P2/both1	5454513	25000	1			25000		other	0
004	37	Response	53	5456077	26564	1
004	37	Response	53	5459838	30324	1
004	37	Response	53	5464717	35203	1
004	37	Response	53	5471357	41844	1
004	37	Response	53	5477038	47524	1
004	37	Response	53	5482477	52964	1
004	37	Response	53	5488797	59284	1
004	37	Response	53	5494318	64804	2
004	37	Response	53	5500397	70884	1
004	37	Sound	f06	5501012	71499	1			71500		other	0
004	37	Picture	2-114-1-2	5559831	130318	7	5166	7	130000	5000	hit	285
004	37	Response	61	5568397	138884	1
004	38	Response	53	5600718	20389	2
004	38	Sound	P2/both	5605328	25000	1			25000		other	0
004	38	Response	53	5607517	27188	1
004	38	Response	53	5613917	33588	1
004	38	Response	53	5620397	40068	1
004	38	Response	53	5627437	47108	2
004	38	Response	53	5633197	52868	2
004	38	Response	53	5639357	59028	1
004	38	Response	53	5645597	65268	1
004	38	Sound	f24	5651827	71498	1			71500		other	0
004	38	Picture	3-114-1-3	5710647	130318	7	5166	7	130000	5000	hit	297
004	38	Response	61	5722637	142308	1
004	39	Response	53	5753917	22773	1
004	39	Sound	P2/both	5756144	25000	1			25000		other	0
004	39	Response	53	5765357	34213	1
004	39	Response	53	5771437	40292	2
004	39	Response	53	5777597	46453	1
004	39	Response	53	5783517	52372	1
004	39	Response	53	5789997	58852	1
004	39	Response	53	5796557	65413	1
004	39	Response	53	5801518	70373	1
004	39	Sound	f08	5802644	71500	1			71500		other	0
004	39	Picture	2-114-1-2	5861462	130318	7	5166	7	130000	5000	hit	309
004	39	Response	61	5873677	142533	1
004	40	Response	53	5904878	22918	2
004	40	Sound	P2/both	5906959	24999	1			25000		other	0
004	40	Response	53	5910717	28757	1
004	40	Response	53	5916798	34838	2
004	40	Response	53	5923437	41477	1
004	40	Response	53	5929197	47237	1
004	40	Response	53	5934877	52917	1
004	40	Response	53	5940957	58997	1
004	40	Response	53	5946558	64598	2
004	40	Response	53	5952077	70117	1
004	40	Sound	n04	5953460	71500	1			71500		other	0
004	40	Picture	2-224-1-2	6012278	130318	7	5166	7	130000	5000	hit	322
004	40	Response	62	6024557	142597	2
004	41	Sound	P2/beat1	6057774	24999	1			25000		other	0
004	41	Sound	test09	6104274	71499	1			71500		other	0
004	41	Picture	2-223-1-2	6163093	130318	7	5166	7	130000	5000	hit	326
004	41	Response	62	6173197	140422	1
004	42	Sound	P2/beat	6208590	24999	1			25000		other	0
004	42	Sound	test03	6255091	71500	1			71500		other	0
004	42	Picture	2-213-1-2	6313909	130318	7	5166	7	130000	5000	incorrect	330
004	42	Response	52	6321917	138326	2
004	43	Sound	P2/beat	6359406	25000	1			25000		other	0
004	43	Sound	n10	6405906	71500	1			71500		other	0
004	43	Picture	3-123-1-3	6464724	130318	7	5166	7	130000	5000	hit	334
004	43	Response	62	6477117	142711	2
004	44	Sound	P2/beat	6510221	25000	1			25000		other	0
004	44	Sound	test24	6556721	71499	1			71500		other	0
004	44	Picture	3-223-1-3	6615539	130318	7	5166	7	130000	5000	hit	338
004	44	Response	62	6626636	141415	1
004	45	Response	53	6656157	20120	1
004	45	Sound	P1/tapping1	6661036	24999	1			25000		other	0
004	45	Response	53	6663676	27639	1
004	45	Response	53	6669356	33319	1
004	45	Response	53	6675596	39559	1
004	45	Response	53	6681197	45160	2
004	45	Response	53	6686237	50200	1
004	45	Response	53	6691517	55480	3
004	45	Response	53	6697437	61400	2
004	45	Response	53	6704237	68200	2
004	45	Sound	f05	6707537	71500	1			71500		other	0
004	45	Picture	2-112-1-2	6766355	130318	7	5166	7	130000	5000	incorrect	351
004	45	Response	52	6778236	142199	2
004	46	Response	53	6806157	19304	1
004	46	Sound	P1/tapping	6811852	24999	1			25000		other	0
004	46	Response	53	6812157	25304	1
004	46	Response	53	6816957	30104	2
004	46	Response	53	6823277	36424	1
004	46	Response	53	6828556	41704	1
004	46	Response	53	6834476	47624	1
004	46	Response	53	6839916	53064	1
004	46	Response	53	6845996	59144	1
004	46	Response	53	6852637	65784	1
004	46	Response	53	6857997	71144	2
004	46	Sound	f04	6858352	71499	1			71500		other	0
004	46	Picture	2-122-1-2	6917170	130318	7	5166	7	130000	5000	hit	365
004	46	Response	62	6928157	141305	2
004	47	Response	53	6956157	18489	1
004	47	Response	53	6960556	22888	1
004	47	Sound	P1/tapping	6962668	25000	1			25000		other	0
004	47	Response	53	6966876	29209	1
004	47	Response	53	6972957	35289	1
004	47	Response	53	6980957	43289	1
004	47	Response	53	6987917	50250	1
004	47	Response	53	6998637	60969	1
004	47	Sound	n13	7009167	71499	1			71500		other	0
004	47	Picture	3-222-1-3	7067986	130318	7	5166	7	130000	5000	hit	376
004	47	Response	62	7083596	145928	1
004	48	Response	53	7109516	21033	1
004	48	Sound	P1/tapping	7113482	24999	1			25000		other	0
004	48	Response	53	7117276	28793	1
004	48	Response	53	7124476	35993	1
004	48	Response	53	7129116	40633	2
004	48	Response	53	7134236	45753	2
004	48	Response	53	7139996	51513	1
004	48	Response	53	7145756	57273	1
004	48	Response	53	7151676	63193	1
004	48	Response	53	7156236	67753	2
004	48	Sound	f21	7159982	71499	1			71500		other	0
004	48	Picture	3-112-1-3	7218801	130318	7	5166	7	130000	5000	hit	389
004	48	Response	61	7227836	139353	1
004	49	Sound	P0/none1	7264299	25000	1			25000		other	0
004	49	Sound	test25	7310798	71499	1			71500		other	0
004	49	Picture	3-211-1-3	7369617	130318	7	5166	7	130000	5000	hit	393
004	49	Response	61	7377116	137817	2
004	50	Sound	P0/none	7415114	25000	1			25000		other	0
004	50	Sound	test12	7461613	71499	1			71500		other	0
004	50	Picture	2-221-1-2	7520432	130318	7	5166	7	130000	5000	hit	397
004	50	Response	62	7531116	141002	1
004	51	Sound	P0/none	7565930	25000	1			25000		other	0
004	51	Sound	n03	7612429	71499	1			71500		other	0
004	51	Picture	2-111-1-2	7671248	130318	7	5166	7	130000	5000	hit	401
004	51	Response	61	7685676	144746	1
004	52	Sound	P0/none	7716746	25001	1			25000		other	0
004	52	Sound	f23	7763245	71500	1			71500		other	0
004	52	Picture	2-121-1-2	7822063	130318	7	5166	7	130000	5000	hit	405
004	52	Response	62	7832876	141130	2
004	53	Sound	P1/tapping1	7867560	24999	1			25000		other	0
004	53	Response	53	7867756	25195	1
004	53	Response	53	7873837	31276	1
004	53	Response	53	7888156	45595	1
004	53	Response	53	7893116	50555	1
004	53	Response	53	7898316	55755	1
004	53	Response	53	7903756	61195	1
004	53	Response	53	7909116	66555	1
004	53	Sound	f02	7914061	71500	1			71500		other	0
004	53	Response	53	7914476	71915	1
004	53	Picture	2-122-1-2	7972879	130318	7	5166	7	130000	5000	hit	417
004	53	Response	62	7982316	139755	1
004	54	Response	53	8016476	23100	2
004	54	Sound	P1/tapping	8018377	25001	1			25000		other	0
004	54	Response	53	8022556	29179	1
004	54	Response	53	8028076	34699	1
004	54	Response	53	8033356	39979	1
004	54	Response	53	8038396	45019	1
004	54	Response	53	8043596	50219	1
004	54	Response	53	8048956	55579	2
004	54	Response	53	8054476	61100	1
004	54	Response	53	8059836	66460	1
004	54	Sound	test15	8064876	71500	1			71500		other	0
004	54	Response	53	8065277	71901	2
004	54	Picture	3-222-1-3	8123694	130318	7	5166	7	130000	5000	hit	431
004	54	Response	62	8135196	141820	1
004	54	Response	52	8142316	148939	1
004	55	Response	53	8165996	21804	1
004	55	Sound	P1/tapping	8169191	25000	1			25000		other	0
004	55	Response	53	8173517	29325	1
004	55	Response	53	8178316	34124	2
004	55	Response	53	8183756	39564	1
004	55	Response	53	8189036	44844	1
004	55	Response	53	8194396	50204	2
004	55	Response	53	8200716	56524	1
004	55	Response	53	8208396	64204	1
004	55	Response	53	8213196	69004	1
004	55	Sound	test11	8215691	71499	1			71500		other	0
004	55	Picture	2-212-1-2	8274510	130318	7	5166	7	130000	5000	hit	445
004	55	Response	61	8284636	140444	1
004	56	Response	53	8318876	23869	2
004	56	Sound	P1/tapping	8320008	25001	1			25000		other	0
004	56	Response	53	8323836	28829	1
004	56	Response	53	8329355	34348	1
004	56	Response	53	8334636	39628	1
004	56	Response	53	8340236	45228	1
004	56	Response	53	8344795	49788	1
004	56	Response	53	8350955	55948	2
004	56	Response	53	8358396	63388	1
004	56	Response	53	8363436	68429	1
004	56	Sound	n06	8366508	71501	1			71500		other	0
004	56	Picture	3-222-1-3	8425325	130318	7	5166	7	130000	5000	hit	458
004	56	Response	62	8438636	143628	1
004	57	Sound	P2/both1	8470823	25000	1			25000		other	0
004	57	Response	53	8478316	32493	1
004	57	Response	53	8482315	36492	1
004	57	Response	53	8487195	41373	1
004	57	Response	53	8492716	46893	1
004	57	Response	53	8497835	52012	1
004	57	Response	53	8503436	57613	2
004	57	Response	53	8508075	62253	1
004	57	Response	53	8511835	66013	1
004	57	Response	53	8516956	71133	1
004	57	Sound	n11	8517323	71500	1			71500		other	0
004	57	Picture	2-124-1-2	8576141	130318	7	5166	7	130000	5000	hit	471
004	57	Response	62	8589036	143213	1
004	58	Sound	P2/both	8621638	24999	1			25000		other	0
004	58	Response	53	8638556	41917	1
004	58	Response	53	8643996	47357	1
004	58	Response	53	8649516	52878	2
004	58	Response	53	8655356	58717	1
004	58	Response	53	8661116	64477	1
004	58	Response	53	8666956	70317	1
004	58	Sound	n14	8668138	71499	1			71500		other	0
004	58	Picture	3-124-1-3	8726956	130318	7	5166	7	130000	5000	hit	481
004	58	Response	62	8737276	140637	1
004	59	Response	53	8766476	19022	1
004	59	Sound	P2/both	8772454	25000	1			25000		other	0
004	59	Response	53	8772476	25022	1
004	59	Response	53	8777036	29582	1
004	59	Response	53	8783036	35582	1
004	59	Response	53	8788635	41182	2
004	59	Response	53	8793675	46222	1
004	59	Response	53	8798876	51422	1
004	59	Response	53	8804796	57342	2
004	59	Response	53	8809835	62382	1
004	59	Response	53	8816876	69422	1
004	59	Sound	f14	8818954	71500	1			71500		other	0
004	59	Picture	3-124-1-3	8877772	130318	7	5166	7	130000	5000	hit	495
004	59	Response	62	8889675	142222	1
004	60	Sound	P2/both	8923269	24999	1			25000		other	0
004	60	Response	53	8924956	26686	2
004	60	Response	53	8928955	30686	2
004	60	Response	53	8934475	36206	1
004	60	Response	53	8939915	41646	1
004	60	Response	53	8948715	50446	2
004	60	Response	53	8953116	54847	2
004	60	Response	53	8959035	60766	1
004	60	Response	53	8964715	66446	1
004	60	Sound	n07	8969769	71500	1			71500		other	0
004	60	Picture	2-214-1-2	9028587	130318	7	5166	7	130000	5000	hit	507
004	60	Response	61	9039035	140766	1


Event Type	Code	Type	Response	RT	RT Uncertainty	Time	Uncertainty	Duration	Uncertainty	ReqTime	ReqDur

Sound	P0/none1	other				25159	1			25000
Sound	f01	other				71661	1			71500
Picture	2-111-1-2	hit	1	5681	8	130478	7	5166	7	130000	5000
Sound	P0/none	other				175975	1			25000
Sound	test01	other				222476	1			71500
Picture	2-211-1-2	hit	1	10146	7	281294	7	5166	7	130000	5000
Sound	P0/none	other				326790	1			25000
Sound	test22	other				373290	1			71500
Picture	3-211-1-3	hit	1	6130	8	432109	7	5166	7	130000	5000
Sound	P0/none	other				477607	1			25000
Sound	f07	other				524106	1			71500
Picture	2-121-1-2	hit	2	11235	7	582924	7	5166	7	130000	5000
Sound	P2/beat1	other				628421	1			25000
Sound	f03	other				674921	1			71500
Picture	2-123-1-2	incorrect	1	15620	8	733739	7	5166	7	130000	5000
Sound	P2/beat	other				779236	1			25000
Sound	n12	other				825736	1			71500
Picture	3-123-1-3	hit	2	11044	7	884555	7	5166	7	130000	5000
Sound	P2/beat	other				930052	1			25000
Sound	test10	other				976552	1			71500
Picture	2-213-1-2	incorrect	2	10149	8	1035370	7	5166	7	130000	5000
Sound	P2/beat	other				1080868	1			25000
Sound	f17	other				1127368	1			71500
Picture	3-113-1-3	hit	1	9654	7	1186185	7	5166	7	130000	5000
Sound	P0/none1	other				1231683	1			25000
Sound	f09	other				1278183	1			71500
Picture	2-111-1-2	miss				1337001	7	5166	7	130000	5000
Sound	P0/none	other				1382498	1			25000
Sound	test02	other				1428999	1			71500
Picture	2-221-1-2	hit	2	11863	7	1487816	7	5166	7	130000	5000
Sound	P0/none	other				1533313	1			25000
Sound	f20	other				1579814	1			71500
Picture	3-121-1-3	hit	2	11208	8	1638631	7	5166	7	130000	5000
Sound	P0/none	other				1684129	1			25000
Sound	test21	other				1730629	1			71500
Picture	3-221-1-3	hit	2	12072	7	1789447	7	5166	7	130000	5000
Sound	P1/tapping1	other				1834944	1			25000
Sound	test04	other				1881445	1			71500
Picture	2-212-1-2	hit	1	18217	7	1940262	7	5166	7	130000	5000
Sound	P1/tapping	other				1985759	1			25000
Sound	test23	other				2032259	1			71500
Picture	3-222-1-3	miss				2091077	7	5166	7	130000	5000
Sound	P1/tapping	other				2136574	1			25000
Sound	test06	other				2183074	1			71500
Picture	2-222-1-2	incorrect	1	12745	7	2241893	7	5166	7	130000	5000
Sound	P1/tapping	other				2287390	1			25000
Sound	test07	other				2333890	1			71500
Picture	2-212-1-2	miss				2392708	7	5166	7	130000	5000
Sound	P2/both1	other				2438205	1			25000
Sound	n01	other				2484705	1			71500
Picture	3-214-1-3	incorrect	2	14236	8	2543523	7	5166	7	130000	5000
Sound	P2/both	other				2589020	1			25000
Sound	f22	other				2635520	1			71500
Picture	3-124-1-3	hit	2	9100	8	2694338	8	5167	8	130000	5000
Sound	P2/both	other				2739836	1			25000
Sound	f19	other				2786336	1			71500
Picture	3-114-1-3	miss				2845154	7	5166	7	130000	5000
Sound	P2/both	other				2890651	1			25000
Sound	test16	other				2937151	1			71500
Picture	3-224-1-3	hit	2	8749	8	2995969	7	5166	7	130000	5000
Sound	P1/tapping1	other				3041467	1			25000
Sound	test05	other				3087968	1			71500
Picture	2-222-1-2	hit	2	11614	9	3146785	7	5166	7	130000	5000
Sound	P1/tapping	other				3192283	1			25000
Sound	test08	other				3238782	1			71500
Picture	2-212-1-2	incorrect	2	10318	7	3297600	7	5166	7	130000	5000
Sound	P1/tapping	other				3343097	1			25000
Sound	test14	other				3389598	1			71500
Picture	3-212-1-3	miss				3448416	7	5166	7	130000	5000
Sound	P1/tapping	other				3493913	1			25000
Sound	test19	other				3540413	1			71500
Picture	3-212-1-3	incorrect	2	12768	8	3599231	7	5166	7	130000	5000
Sound	P2/beat1	other				3644728	1			25000
Sound	f15	other				3691228	1			71500
Picture	3-113-1-3	hit	1	5152	8	3750046	7	5166	7	130000	5000
Sound	P2/beat	other				3795543	1			25000
Sound	f16	other				3842043	1			71500
Picture	3-123-1-3	hit	2	12896	7	3900862	7	5166	7	130000	5000
Sound	P2/beat	other				3946359	1			25000
Sound	f18	other				3992859	1			71500
Picture	3-113-1-3	hit	1	7121	8	4051677	7	5166	7	130000	5000
Sound	P2/beat	other				4097174	1			25000
Sound	test18	other				4143675	1			71500
Picture	3-223-1-3	hit	2	19185	7	4202492	7	5166	7	130000	5000
Sound	P2/both1	other				4247990	1			25000
Sound	f10	other				4294489	1			71500
Picture	2-114-1-2	miss				4353308	7	5166	7	130000	5000
Sound	P2/both	other				4398806	1			25000
Sound	f12	other				4445305	1			71500
Picture	2-114-1-2	hit	1	11314	7	4504123	7	5166	7	130000	5000
Sound	P2/both	other				4549621	1			25000
Sound	n05	other				4596120	1			71500
Picture	3-124-1-3	hit	2	11459	7	4654939	7	5166	7	130000	5000
Sound	P2/both	other				4700436	1			25000
Sound	f13	other				4746935	1			71500
Picture	3-124-1-3	hit	2	18324	7	4805754	7	5166	7	130000	5000
Sound	P0/none1	other				4851251	1			25000
Sound	n09	other				4897751	1			71500
Picture	3-211-1-3	hit	1	12629	8	4956569	7	5166	7	130000	5000
Sound	P0/none	other				5002067	1			25000
Sound	test13	other				5048567	1			71500
Picture	3-221-1-3	hit	2	13572	7	5107385	7	5166	7	130000	5000
Sound	P0/none	other				5152882	1			25000
Sound	f11	other				5199382	1			71500
Picture	2-111-1-2	miss				5258201	7	5166	7	130000	5000
Sound	P0/none	other				5303697	1			25000
Sound	test17	other				5350197	1			71500
Picture	2-211-2-2	miss				5409016	7	5166	7	130000	5000
Sound	P2/both1	other				5454513	1			25000
Sound	f06	other				5501012	1			71500
Picture	2-114-1-2	hit	1	8566	7	5559831	7	5166	7	130000	5000
Sound	P2/both	other				5605328	1			25000
Sound	f24	other				5651827	1			71500
Picture	3-114-1-3	hit	1	11990	7	5710647	7	5166	7	130000	5000
Sound	P2/both	other				5756144	1			25000
Sound	f08	other				5802644	1			71500
Picture	2-114-1-2	hit	1	12215	7	5861462	7	5166	7	130000	5000
Sound	P2/both	other				5906959	1			25000
Sound	n04	other				5953460	1			71500
Picture	2-224-1-2	hit	2	12279	8	6012278	7	5166	7	130000	5000
Sound	P2/beat1	other				6057774	1			25000
Sound	test09	other				6104274	1			71500
Picture	2-223-1-2	hit	2	10104	7	6163093	7	5166	7	130000	5000
Sound	P2/beat	other				6208590	1			25000
Sound	test03	other				6255091	1			71500
Picture	2-213-1-2	incorrect	2	8008	8	6313909	7	5166	7	130000	5000
Sound	P2/beat	other				6359406	1			25000
Sound	n10	other				6405906	1			71500
Picture	3-123-1-3	hit	2	12393	8	6464724	7	5166	7	130000	5000
Sound	P2/beat	other				6510221	1			25000
Sound	test24	other				6556721	1			71500
Picture	3-223-1-3	hit	2	11097	7	6615539	7	5166	7	130000	5000
Sound	P1/tapping1	other				6661036	1			25000
Sound	f05	other				6707537	1			71500
Picture	2-112-1-2	incorrect	2	11881	8	6766355	7	5166	7	130000	5000
Sound	P1/tapping	other				6811852	1			25000
Sound	f04	other				6858352	1			71500
Picture	2-122-1-2	hit	2	10987	9	6917170	7	5166	7	130000	5000
Sound	P1/tapping	other				6962668	1			25000
Sound	n13	other				7009167	1			71500
Picture	3-222-1-3	hit	2	15610	7	7067986	7	5166	7	130000	5000
Sound	P1/tapping	other				7113482	1			25000
Sound	f21	other				7159982	1			71500
Picture	3-112-1-3	hit	1	9035	7	7218801	7	5166	7	130000	5000
Sound	P0/none1	other				7264299	1			25000
Sound	test25	other				7310798	1			71500
Picture	3-211-1-3	hit	1	7499	8	7369617	7	5166	7	130000	5000
Sound	P0/none	other				7415114	1			25000
Sound	test12	other				7461613	1			71500
Picture	2-221-1-2	hit	2	10684	7	7520432	7	5166	7	130000	5000
Sound	P0/none	other				7565930	1			25000
Sound	n03	other				7612429	1			71500
Picture	2-111-1-2	hit	1	14429	7	7671248	7	5166	7	130000	5000
Sound	P0/none	other				7716746	1			25000
Sound	f23	other				7763245	1			71500
Picture	2-121-1-2	hit	2	10813	8	7822063	7	5166	7	130000	5000
Sound	P1/tapping1	other				7867560	1			25000
Sound	f02	other				7914061	1			71500
Picture	2-122-1-2	hit	2	9437	7	7972879	7	5166	7	130000	5000
Sound	P1/tapping	other				8018377	1			25000
Sound	test15	other				8064876	1			71500
Picture	3-222-1-3	hit	2	11502	7	8123694	7	5166	7	130000	5000
Sound	P1/tapping	other				8169191	1			25000
Sound	test11	other				8215691	1			71500
Picture	2-212-1-2	hit	1	10126	7	8274510	7	5166	7	130000	5000
Sound	P1/tapping	other				8320008	1			25000
Sound	n06	other				8366508	1			71500
Picture	3-222-1-3	hit	2	13310	7	8425325	7	5166	7	130000	5000
Sound	P2/both1	other				8470823	1			25000
Sound	n11	other				8517323	1			71500
Picture	2-124-1-2	hit	2	12895	7	8576141	7	5166	7	130000	5000
Sound	P2/both	other				8621638	1			25000
Sound	n14	other				8668138	1			71500
Picture	3-124-1-3	hit	2	10320	7	8726956	7	5166	7	130000	5000
Sound	P2/both	other				8772454	1			25000
Sound	f14	other				8818954	1			71500
Picture	3-124-1-3	hit	2	11904	7	8877772	7	5166	7	130000	5000
Sound	P2/both	other				8923269	1			25000
Sound	n07	other				8969769	1			71500
Picture	2-214-1-2	hit	1	10448	7	9028587	7	5166	7	130000	5000

The following output port codes were not sent because of a conflict on the port.
Port	Code	Time(ms)
1	53	877248


{
   "app": "Presentation Version 22.1 Build 01.21.21",
   "device": "Dell Inc. OptiPlex 7050",
   "experiment": "{C8E97CB4-6FCA-44FA-B866-4A2D94B6B85C}",
   "os": "Windows 10 64 bit",
   "package": "",
   "parameters": {
      "configuration": "Default configuration"
   },
   "scenario": "entrain_list1_sess1_EB.sce",
   "subject": "004",
   "timestamp": "2022/04/01 13:40:29 GMT"
}
