Scenario - test
Logfile written - 04/01/2022 15:07:59

Subject	Trial	Event Type	Code	Time	TTime	Uncertainty	Duration	Uncertainty	ReqTime	ReqDur	Stim Type	Pair Index

004	1	Sound	P2/beat1	25162	25001	1			25000		other	0
004	1	Sound	n05	71661	71500	1			71500		other	0
004	1	Picture	3-113-1-3	130478	130318	7	5166	7	130000	5000	hit	4
004	1	Response	61	142629	142469	1
004	2	Sound	P2/beat	175975	24999	1			25000		other	0
004	2	Sound	f05	222476	71500	1			71500		other	0
004	2	Picture	3-113-1-3	281294	130318	7	5166	7	130000	5000	miss	0
004	3	Response	52	309189	7398	2
004	3	Sound	P2/beat	326791	25000	1			25000		other	0
004	3	Sound	n01	373292	71500	1			71500		other	0
004	3	Picture	3-223-1-3	432109	130318	7	5166	7	130000	5000	hit	12
004	3	Response	62	443989	142198	2
004	4	Sound	P2/beat	477607	25000	1			25000		other	0
004	4	Sound	test15	524107	71500	1			71500		other	0
004	4	Picture	2-223-1-2	582924	130318	7	5166	7	130000	5000	hit	16
004	4	Response	62	598069	145462	1
004	5	Sound	P1/tapping1	628422	25000	1			25000		other	0
004	5	Response	53	637830	34408	1
004	5	Response	53	644149	40727	1
004	5	Response	53	650869	47447	1
004	5	Response	53	656949	53527	1
004	5	Response	53	664069	60647	1
004	5	Response	53	670789	67367	1
004	5	Sound	f08	674922	71500	1			71500		other	0
004	5	Picture	3-122-2-3	733740	130318	7	5166	7	130000	5000	hit	26
004	5	Response	62	746389	142967	1
004	6	Response	53	778549	24311	1
004	6	Sound	P1/tapping	779237	25000	1			25000		other	0
004	6	Response	53	785349	31111	1
004	6	Response	53	792389	38151	1
004	6	Response	53	798469	44231	1
004	6	Response	53	804629	50391	1
004	6	Response	53	810869	56631	1
004	6	Response	53	817269	63032	1
004	6	Sound	f01	825738	71500	1			71500		other	0
004	6	Picture	2-122-1-2	884555	130318	7	5166	7	130000	5000	hit	37
004	6	Response	62	897109	142871	1
004	7	Response	53	924789	19736	2
004	7	Sound	P1/tapping	930053	25000	1			25000		other	0
004	7	Response	53	930708	25656	1
004	7	Response	53	936949	31896	1
004	7	Response	53	942309	37256	1
004	7	Response	53	947989	42936	1
004	7	Response	53	953509	48456	2
004	7	Response	53	959269	54216	2
004	7	Response	53	964868	59816	1
004	7	Sound	n03	976551	71499	1			71500		other	0
004	7	Picture	3-122-1-3	1035370	130318	7	5166	7	130000	5000	incorrect	49
004	7	Response	51	1046789	141736	1
004	8	Response	53	1079269	23401	1
004	8	Sound	P1/tapping	1080868	25000	1			25000		other	0
004	8	Response	53	1085189	29321	2
004	8	Response	53	1091349	35481	2
004	8	Response	53	1096789	40921	2
004	8	Response	53	1102229	46361	1
004	8	Response	53	1107109	51241	2
004	8	Response	53	1112548	56680	1
004	8	Sound	test18	1127368	71500	1			71500		other	0
004	8	Picture	3-212-1-3	1186186	130318	7	5166	7	130000	5000	miss	0
004	9	Response	51	1209909	3225	2
004	9	Sound	P2/both1	1231683	25000	1			25000		other	0
004	9	Response	53	1238389	31705	2
004	9	Response	53	1242708	36025	2
004	9	Response	53	1249108	42425	2
004	9	Response	53	1254788	48105	1
004	9	Response	53	1260869	54185	1
004	9	Response	53	1266548	59865	2
004	9	Response	53	1272468	65785	1
004	9	Sound	test13	1278182	71499	1			71500		other	0
004	9	Response	53	1278709	72025	1
004	9	Picture	3-214-1-3	1337001	130318	7	5166	7	130000	5000	incorrect	72
004	9	Response	52	1351348	144665	1
004	10	Sound	P2/both	1382498	25000	1			25000		other	0
004	10	Response	53	1387589	30090	1
004	10	Response	53	1392789	35290	1
004	10	Response	53	1399348	41849	1
004	10	Response	53	1405028	47530	2
004	10	Response	53	1411269	53770	2
004	10	Response	53	1417109	59610	2
004	10	Response	53	1422869	65370	2
004	10	Sound	test04	1428998	71500	1			71500		other	0
004	10	Picture	2-224-1-2	1487816	130318	7	5166	7	130000	5000	hit	83
004	10	Response	62	1499828	142330	2
004	11	Sound	P2/both	1533315	25001	1			25000		other	0
004	11	Response	53	1537589	29275	2
004	11	Response	53	1544789	36474	1
004	11	Response	53	1549988	41674	2
004	11	Response	53	1556149	47834	2
004	11	Response	53	1561349	53034	1
004	11	Response	53	1568629	60314	2
004	11	Response	53	1574709	66394	2
004	11	Sound	f15	1579814	71499	1			71500		other	0
004	11	Picture	3-124-1-3	1638632	130318	7	5166	7	130000	5000	hit	94
004	11	Response	62	1649829	141515	2
004	12	Sound	P2/both	1684129	25000	1			25000		other	0
004	12	Response	53	1687349	28219	2
004	12	Response	53	1692708	33579	1
004	12	Response	53	1700708	41579	2
004	12	Response	53	1707749	48619	2
004	12	Response	53	1712869	53739	1
004	12	Response	53	1719508	60379	1
004	12	Response	53	1725668	66539	2
004	12	Sound	f21	1730630	71501	1			71500		other	0
004	12	Picture	3-124-1-3	1789447	130318	7	5166	7	130000	5000	hit	105
004	12	Response	62	1804388	145259	2
004	13	Sound	P0/none1	1834945	25000	1			25000		other	0
004	13	Sound	n07	1881444	71500	1			71500		other	0
004	13	Picture	2-221-1-2	1940262	130318	7	5166	7	130000	5000	miss	0
004	14	Response	51	1962149	1389	2
004	14	Sound	P0/none	1985760	25000	1			25000		other	0
004	14	Sound	n04	2032260	71500	1			71500		other	0
004	14	Picture	2-211-1-2	2091078	130318	7	5166	7	130000	5000	hit	113
004	14	Response	61	2098548	137788	2
004	15	Sound	P0/none	2136575	25000	1			25000		other	0
004	15	Sound	f03	2183075	71499	1			71500		other	0
004	15	Picture	2-111-1-2	2241893	130318	7	5166	7	130000	5000	incorrect	117
004	15	Response	52	2253909	142333	2
004	16	Sound	P0/none	2287391	25000	1			25000		other	0
004	16	Sound	test05	2333891	71500	1			71500		other	0
004	16	Picture	2-211-1-2	2392709	130318	7	5166	7	130000	5000	miss	0
004	17	Response	51	2417108	3902	1
004	17	Sound	P2/beat1	2438206	25000	1			25000		other	0
004	17	Sound	test16	2484706	71500	1			71500		other	0
004	17	Picture	3-213-1-3	2543524	130318	7	5166	7	130000	5000	hit	125
004	17	Response	61	2551988	138782	2
004	18	Sound	P2/beat	2589022	25001	1			25000		other	0
004	18	Sound	f11	2635522	71500	1			71500		other	0
004	18	Picture	3-113-1-3	2694339	130318	7	5166	7	130000	5000	incorrect	129
004	18	Response	52	2701668	137647	1
004	19	Sound	P2/beat	2739836	25000	1			25000		other	0
004	19	Sound	test07	2786337	71500	1			71500		other	0
004	19	Picture	2-223-1-2	2845154	130317	7	5167	7	130000	5000	hit	133
004	19	Response	62	2862068	147231	1
004	20	Sound	P2/beat	2890651	24999	1			25000		other	0
004	20	Sound	f23	2937152	71500	1			71500		other	0
004	20	Picture	2-113-1-2	2995970	130318	7	5166	7	130000	5000	incorrect	137
004	20	Response	52	3007828	142176	2
004	21	Sound	P0/none1	3041467	25000	1			25000		other	0
004	21	Sound	test23	3087967	71500	1			71500		other	0
004	21	Picture	2-221-2-2	3146785	130318	7	5166	7	130000	5000	miss	0
004	22	Response	52	3171668	4385	2
004	22	Sound	P0/none	3192282	24999	1			25000		other	0
004	22	Sound	f24	3238782	71500	1			71500		other	0
004	22	Picture	3-121-1-3	3297600	130318	7	5166	7	130000	5000	hit	145
004	22	Response	62	3312148	144865	1
004	23	Sound	P0/none	3343098	25000	1			25000		other	0
004	23	Sound	n06	3389598	71500	1			71500		other	0
004	23	Picture	3-211-1-3	3448416	130318	7	5166	7	130000	5000	miss	0
004	24	Response	51	3470868	1954	1
004	24	Sound	P0/none	3493913	25000	1			25000		other	0
004	24	Sound	test24	3540414	71500	1			71500		other	0
004	24	Picture	2-221-1-2	3599231	130318	7	5166	7	130000	5000	hit	153
004	24	Response	62	3609988	141074	2
004	25	Sound	P1/tapping1	3644728	24999	1			25000		other	0
004	25	Response	53	3654468	34740	1
004	25	Response	53	3659988	40259	2
004	25	Response	53	3665908	46179	2
004	25	Response	53	3671827	52099	1
004	25	Response	53	3678067	58339	2
004	25	Response	53	3684868	65139	1
004	25	Response	53	3690788	71059	2
004	25	Sound	test02	3691228	71500	1			71500		other	0
004	25	Picture	2-212-1-2	3750047	130318	7	5166	7	130000	5000	hit	164
004	25	Response	61	3764948	145219	1
004	26	Response	53	3793588	23043	1
004	26	Sound	P1/tapping	3795545	25000	1			25000		other	0
004	26	Response	53	3800148	29603	2
004	26	Response	53	3805507	34963	1
004	26	Response	53	3811588	41044	2
004	26	Response	53	3817428	46884	2
004	26	Response	53	3822548	52004	2
004	26	Response	53	3828388	57843	1
004	26	Response	53	3834308	63763	1
004	26	Response	53	3840307	69763	1
004	26	Sound	f14	3842045	71501	1			71500		other	0
004	26	Picture	2-122-2-2	3900862	130318	7	5166	7	130000	5000	hit	177
004	26	Response	62	3917108	146563	2
004	27	Response	53	3941748	20388	2
004	27	Sound	P1/tapping	3946360	25000	1			25000		other	0
004	27	Response	53	3949107	27748	1
004	27	Response	53	3955428	34068	1
004	27	Response	53	3960707	39348	2
004	27	Response	53	3966388	45028	2
004	27	Response	53	3972867	51508	1
004	27	Response	53	3978788	57429	2
004	27	Sound	f17	3992859	71500	1			71500		other	0
004	27	Picture	3-122-1-3	4051677	130318	7	5166	7	130000	5000	incorrect	188
004	27	Response	51	4060388	139028	1
004	28	Response	53	4087827	15653	1
004	28	Response	53	4090547	18372	1
004	28	Response	53	4093187	21012	1
004	28	Response	53	4096787	24612	2
004	28	Sound	P1/tapping	4097175	25000	1			25000		other	0
004	28	Response	53	4104227	32052	1
004	28	Response	53	4107027	34852	1
004	28	Response	53	4109427	37252	2
004	28	Response	53	4112147	39972	1
004	28	Response	53	4117667	45493	1
004	28	Response	53	4120067	47892	1
004	28	Response	53	4122787	50612	2
004	28	Response	53	4125907	53732	1
004	28	Response	53	4131668	59493	2
004	28	Response	53	4134147	61972	1
004	28	Response	53	4136627	64452	1
004	28	Response	53	4139747	67572	1
004	28	Sound	test17	4143675	71500	1			71500		other	0
004	28	Picture	2-222-2-2	4202493	130318	7	5166	7	130000	5000	incorrect	208
004	28	Response	51	4216387	144212	2
004	29	Sound	P2/beat1	4247990	25000	1			25000		other	0
004	29	Sound	f10	4294491	71501	1			71500		other	0
004	29	Picture	2-123-1-2	4353308	130318	7	5166	7	130000	5000	miss	0
004	30	Response	52	4377827	4022	1
004	30	Sound	P2/beat	4398806	25000	1			25000		other	0
004	30	Sound	test01	4445306	71501	1			71500		other	0
004	30	Picture	2-223-1-2	4504123	130318	7	5166	7	130000	5000	hit	216
004	30	Response	62	4515667	141862	2
004	31	Sound	P2/beat	4549620	24999	1			25000		other	0
004	31	Sound	test12	4596121	71500	1			71500		other	0
004	31	Picture	2-213-1-2	4654939	130318	7	5166	7	130000	5000	incorrect	220
004	31	Response	52	4662788	138166	1
004	31	Response	52	4667187	142566	2
004	31	Response	51	4670067	145446	2
004	32	Sound	P2/beat	4700437	25001	1			25000		other	0
004	32	Sound	test08	4746937	71501	1			71500		other	0
004	32	Picture	2-223-1-2	4805754	130318	7	5166	7	130000	5000	hit	226
004	32	Response	62	4817987	142551	1
004	33	Sound	P2/both1	4851251	24999	1			25000		other	0
004	33	Response	53	4857667	31415	1
004	33	Response	53	4862547	36295	2
004	33	Response	53	4868227	41975	1
004	33	Response	53	4874147	47895	2
004	33	Response	53	4880547	54295	2
004	33	Response	53	4886227	59975	2
004	33	Response	53	4892228	65976	2
004	33	Sound	f09	4897751	71499	1			71500		other	0
004	33	Response	53	4898547	72295	2
004	33	Picture	3-114-1-3	4956570	130318	7	5166	7	130000	5000	hit	238
004	33	Response	61	4965667	139415	1
004	34	Sound	P2/both	5002067	25000	1			25000		other	0
004	34	Response	53	5006787	29720	2
004	34	Response	53	5013027	35960	2
004	34	Response	53	5019187	42120	1
004	34	Response	53	5024787	47720	2
004	34	Response	53	5031027	53960	2
004	34	Response	53	5039187	62120	1
004	34	Response	53	5043507	66440	1
004	34	Sound	test03	5048567	71500	1			71500		other	0
004	34	Response	53	5049587	72520	2
004	34	Picture	3-214-1-3	5107385	130318	7	5166	7	130000	5000	hit	250
004	34	Response	61	5117027	139960	1
004	35	Sound	P2/both	5152883	25000	1			25000		other	0
004	35	Response	53	5172947	45064	2
004	35	Response	53	5176307	48424	1
004	35	Response	53	5181906	54024	1
004	35	Response	53	5188387	60504	2
004	35	Response	53	5194067	66184	2
004	35	Sound	f04	5199383	71500	1			71500		other	0
004	35	Picture	3-114-1-3	5258201	130318	7	5166	7	130000	5000	hit	259
004	35	Response	61	5263507	135624	2
004	36	Response	51	5279427	729	2
004	36	Sound	P2/both	5303697	24999	1			25000		other	0
004	36	Response	53	5305987	27289	1
004	36	Response	53	5309427	30729	1
004	36	Response	53	5314787	36089	1
004	36	Response	53	5321267	42569	2
004	36	Response	53	5326466	47769	1
004	36	Response	53	5332307	53609	2
004	36	Response	53	5337747	59049	1
004	36	Response	53	5343187	64489	2
004	36	Response	53	5349348	70650	2
004	36	Sound	f18	5350197	71499	1			71500		other	0
004	36	Picture	2-114-2-2	5409016	130318	7	5166	7	130000	5000	hit	273
004	36	Response	61	5417428	138730	2
004	37	Sound	P0/none1	5454514	25001	1			25000		other	0
004	37	Sound	f19	5501014	71501	1			71500		other	0
004	37	Picture	3-121-1-3	5559831	130318	7	5166	7	130000	5000	hit	277
004	37	Response	62	5573027	143513	2
004	38	Sound	P0/none	5605329	25000	1			25000		other	0
004	38	Sound	test09	5651829	71500	1			71500		other	0
004	38	Picture	2-211-1-2	5710647	130318	7	5166	7	130000	5000	incorrect	281
004	38	Response	52	5719667	139338	1
004	39	Sound	P0/none	5756144	25000	1			25000		other	0
004	39	Sound	f02	5802644	71499	1			71500		other	0
004	39	Picture	3-121-2-3	5861462	130318	7	5166	7	130000	5000	incorrect	285
004	39	Response	51	5880147	149002	2
004	40	Sound	P0/none	5906961	25001	1			25000		other	0
004	40	Sound	n13	5953460	71501	1			71500		other	0
004	40	Picture	2-221-1-2	6012278	130318	7	5166	7	130000	5000	hit	289
004	40	Response	62	6032307	150347	2
004	41	Sound	P1/tapping1	6057775	25000	1			25000		other	0
004	41	Response	53	6061827	29052	1
004	41	Response	53	6066787	34012	1
004	41	Response	53	6073506	40731	1
004	41	Response	53	6078866	46091	2
004	41	Response	53	6085506	52731	1
004	41	Response	53	6092306	59531	1
004	41	Sound	f16	6104275	71500	1			71500		other	0
004	41	Picture	3-112-1-3	6163093	130318	7	5166	7	130000	5000	miss	0
004	42	Response	51	6185267	1676	2
004	42	Sound	P1/tapping	6208590	25000	1			25000		other	0
004	42	Response	53	6213826	30236	2
004	42	Response	53	6219186	35596	1
004	42	Response	53	6224866	41276	1
004	42	Response	53	6231027	47436	2
004	42	Response	53	6233746	50156	1
004	42	Response	53	6236146	52556	1
004	42	Response	53	6238786	55196	1
004	42	Response	53	6245427	61836	2
004	42	Response	53	6247986	64396	1
004	42	Response	53	6250706	67116	1
004	42	Response	53	6253106	69516	1
004	42	Sound	n14	6255091	71500	1			71500		other	0
004	42	Picture	3-112-1-3	6313908	130318	7	5166	7	130000	5000	hit	314
004	42	Response	61	6321266	137676	1
004	43	Sound	P1/tapping	6359406	25000	1			25000		other	0
004	43	Response	53	6359746	25340	1
004	43	Response	53	6362227	27821	2
004	43	Response	53	6364786	30380	1
004	43	Response	53	6367666	33260	1
004	43	Response	53	6372227	37821	2
004	43	Response	53	6374626	40220	1
004	43	Response	53	6377106	42700	1
004	43	Response	53	6379826	45420	1
004	43	Response	53	6385266	50860	2
004	43	Response	53	6387906	53500	1
004	43	Response	53	6390386	55980	1
004	43	Response	53	6393266	58860	1
004	43	Response	53	6398467	64061	2
004	43	Response	53	6400706	66300	1
004	43	Response	53	6403346	68940	1
004	43	Sound	f07	6405906	71500	1			71500		other	0
004	43	Response	53	6406066	71660	2
004	43	Picture	2-112-1-2	6464724	130318	7	5166	7	130000	5000	incorrect	334
004	43	Response	52	6477106	142700	1
004	44	Sound	P1/tapping	6510221	25000	1			25000		other	0
004	44	Response	53	6512146	26925	1
004	44	Response	53	6515347	30125	2
004	44	Response	53	6518067	32845	1
004	44	Response	53	6520386	35165	1
004	44	Response	53	6526386	41165	1
004	44	Response	53	6528706	43485	1
004	44	Response	53	6531266	46045	1
004	44	Response	53	6534066	48845	1
004	44	Response	53	6539586	54365	2
004	44	Response	53	6542146	56924	1
004	44	Response	53	6544626	59405	1
004	44	Response	53	6547506	62285	1
004	44	Response	53	6553666	68445	1
004	44	Response	53	6555746	70525	1
004	44	Sound	n11	6556721	71500	1			71500		other	0
004	44	Response	53	6558306	73085	1
004	44	Response	53	6561186	75965	1
004	44	Picture	2-112-1-2	6615539	130318	7	5166	7	130000	5000	hit	354
004	44	Response	61	6624226	139005	1
004	45	Sound	P2/both1	6661037	25000	1			25000		other	0
004	45	Response	53	6663986	27950	2
004	45	Response	53	6667186	31150	2
004	45	Response	53	6671826	35789	1
004	45	Response	53	6678066	42029	2
004	45	Response	53	6683746	47710	1
004	45	Response	53	6690866	54829	1
004	45	Response	53	6696386	60350	1
004	45	Response	53	6701907	65870	2
004	45	Sound	test10	6707537	71500	1			71500		other	0
004	45	Picture	2-224-1-2	6766355	130318	7	5166	7	130000	5000	hit	366
004	45	Response	62	6778626	142590	1
004	46	Response	53	6811586	24734	2
004	46	Sound	P2/both	6811852	25000	1			25000		other	0
004	46	Response	53	6816626	29774	2
004	46	Response	53	6822786	35934	1
004	46	Response	53	6828866	42014	1
004	46	Response	53	6834946	48094	1
004	46	Response	53	6840386	53534	1
004	46	Response	53	6846466	59614	1
004	46	Response	53	6852786	65934	1
004	46	Sound	test14	6858352	71500	1			71500		other	0
004	46	Picture	3-224-1-3	6917170	130318	7	5166	7	130000	5000	miss	0
004	47	Response	52	6941026	3358	2
004	47	Sound	P2/both	6962667	25000	1			25000		other	0
004	47	Response	53	6965266	27599	2
004	47	Response	53	6968226	30558	1
004	47	Response	53	6974466	36798	2
004	47	Response	53	6980066	42398	2
004	47	Response	53	6985586	47918	2
004	47	Response	53	6991427	53759	1
004	47	Response	53	6997187	59519	1
004	47	Response	53	7003506	65839	2
004	47	Sound	test21	7009167	71500	1			71500		other	0
004	47	Response	53	7011346	73678	1
004	47	Picture	2-224-2-2	7067985	130318	7	5166	7	130000	5000	hit	391
004	47	Response	62	7078227	140559	2
004	48	Sound	P2/both	7113483	25000	1			25000		other	0
004	48	Response	53	7136706	48223	1
004	48	Response	53	7142546	54063	1
004	48	Response	53	7148306	59823	1
004	48	Response	53	7154146	65663	1
004	48	Sound	test11	7159984	71501	1			71500		other	0
004	48	Picture	3-224-1-3	7218801	130318	7	5166	7	130000	5000	miss	0
004	49	Response	52	7241426	2127	1
004	49	Response	53	7260146	20848	2
004	49	Sound	P1/tapping1	7264299	25000	1			25000		other	0
004	49	Response	53	7268386	29087	2
004	49	Response	53	7274546	35247	1
004	49	Response	53	7280626	41327	2
004	49	Response	53	7286786	47487	2
004	49	Response	53	7292306	53007	2
004	49	Response	53	7297986	58687	2
004	49	Response	53	7309426	70127	2
004	49	Sound	f22	7310799	71500	1			71500		other	0
004	49	Picture	3-112-1-3	7369616	130318	7	5166	7	130000	5000	miss	0
004	50	Response	52	7391107	993	2
004	50	Response	53	7412146	22032	1
004	50	Sound	P1/tapping	7415113	24999	1			25000		other	0
004	50	Response	53	7418946	28832	1
004	50	Response	53	7425026	34912	2
004	50	Response	53	7431186	41072	2
004	50	Response	53	7436946	46832	1
004	50	Response	53	7442867	52753	2
004	50	Response	53	7448786	58672	1
004	50	Sound	n12	7461614	71500	1			71500		other	0
004	50	Picture	3-112-1-3	7520432	130318	7	5166	7	130000	5000	incorrect	422
004	50	Response	52	7531346	141232	2
004	51	Response	53	7554386	13457	2
004	51	Response	53	7556866	15936	1
004	51	Response	53	7559506	18576	1
004	51	Response	53	7562066	21136	1
004	51	Sound	P1/tapping	7565929	25000	1			25000		other	0
004	51	Response	53	7567506	26577	2
004	51	Response	53	7570866	29936	1
004	51	Response	53	7573266	32336	1
004	51	Response	53	7575745	34816	1
004	51	Response	53	7578546	37617	2
004	51	Response	53	7584866	43937	1
004	51	Response	53	7587586	46657	1
004	51	Response	53	7590386	49456	1
004	51	Response	53	7593026	52096	1
004	51	Response	53	7595666	54736	1
004	51	Response	53	7600306	59376	1
004	51	Response	53	7602945	62016	1
004	51	Response	53	7605346	64416	2
004	51	Response	53	7607826	66896	1
004	51	Response	53	7610466	69536	2
004	51	Sound	test25	7612431	71501	1			71500		other	0
004	51	Picture	3-222-1-3	7671247	130318	7	5166	7	130000	5000	hit	445
004	51	Response	62	7680146	139216	2
004	51	Response	52	7691426	150496	1
004	52	Response	53	7711346	19601	1
004	52	Response	53	7714226	22481	1
004	52	Response	53	7716706	24961	1
004	52	Sound	P1/tapping	7716744	24999	1			25000		other	0
004	52	Response	53	7720066	28321	1
004	52	Response	53	7722866	31121	2
004	52	Response	53	7729425	37681	1
004	52	Response	53	7732226	40481	1
004	52	Response	53	7734786	43041	1
004	52	Response	53	7737986	46241	1
004	52	Response	53	7743746	52001	1
004	52	Response	53	7746626	54881	1
004	52	Response	53	7749186	57441	1
004	52	Response	53	7751506	59761	1
004	52	Response	53	7757186	65441	2
004	52	Response	53	7759985	68240	1
004	52	Response	53	7762866	71121	1
004	52	Sound	f20	7763245	71500	1			71500		other	0
004	52	Response	53	7766385	74641	1
004	52	Picture	3-112-1-3	7822063	130318	7	5166	7	130000	5000	hit	467
004	52	Response	61	7829746	138001	2
004	53	Sound	P0/none1	7867561	25000	1			25000		other	0
004	53	Sound	f12	7914061	71501	1			71500		other	0
004	53	Picture	3-111-1-3	7972878	130318	7	5166	7	130000	5000	hit	471
004	53	Response	61	7985986	143425	2
004	54	Sound	P0/none	8018375	24999	1			25000		other	0
004	54	Sound	test06	8064876	71500	1			71500		other	0
004	54	Picture	2-211-1-2	8123694	130318	7	5166	8	130000	5000	hit	475
004	54	Response	61	8133266	139890	1
004	55	Sound	P0/none	8169191	25000	1			25000		other	0
004	55	Sound	f06	8215692	71500	1			71500		other	0
004	55	Picture	2-121-1-2	8274509	130318	7	5166	7	130000	5000	incorrect	479
004	55	Response	51	8288786	144594	1
004	56	Sound	P0/none	8320007	25000	1			25000		other	0
004	56	Sound	n10	8366506	71500	1			71500		other	0
004	56	Picture	3-111-1-3	8425325	130318	7	5166	7	130000	5000	hit	483
004	56	Response	61	8433905	138899	2
004	57	Response	51	8447985	2163	1
004	57	Sound	P2/beat1	8470822	25000	1			25000		other	0
004	57	Response	53	8482466	36644	2
004	57	Response	53	8486705	40883	1
004	57	Response	53	8493105	47283	1
004	57	Response	53	8499185	53363	1
004	57	Response	53	8505745	59923	2
004	57	Response	53	8511185	65363	1
004	57	Sound	f13	8517322	71499	1			71500		other	0
004	57	Picture	2-123-1-2	8576140	130318	7	5166	7	130000	5000	hit	494
004	57	Response	62	8589266	143443	1
004	58	Sound	P2/beat	8621638	25000	1			25000		other	0
004	58	Response	53	8626465	29827	1
004	58	Response	53	8631585	34947	1
004	58	Response	53	8637585	40948	1
004	58	Response	53	8643985	47347	1
004	58	Response	53	8649585	52947	1
004	58	Response	53	8657185	60547	3
004	58	Response	53	8662146	65508	2
004	58	Sound	test22	8668138	71500	1			71500		other	0
004	58	Response	53	8668305	71668	1
004	58	Picture	2-213-2-2	8726956	130318	7	5166	7	130000	5000	hit	506
004	58	Response	61	8735905	139268	2
004	59	Response	51	8749185	1732	1
004	59	Sound	P2/beat	8772454	25000	1			25000		other	0
004	59	Response	53	8777345	29892	1
004	59	Response	53	8782705	35252	2
004	59	Response	53	8788705	41252	2
004	59	Response	53	8794705	47252	2
004	59	Response	53	8800225	52772	2
004	59	Response	53	8807185	59732	1
004	59	Response	53	8815666	68213	2
004	59	Sound	n09	8818953	71500	1			71500		other	0
004	59	Response	53	8820145	72692	1
004	59	Picture	3-223-1-3	8877771	130318	7	5166	7	130000	5000	hit	519
004	59	Response	62	8889825	142372	2
004	60	Sound	P2/beat	8923268	24999	1			25000		other	0
004	60	Sound	test19	8969768	71499	1			71500		other	0
004	60	Picture	2-213-1-2	9028587	130318	7	5166	7	130000	5000	incorrect	523
004	60	Response	52	9040625	142357	2


Event Type	Code	Type	Response	RT	RT Uncertainty	Time	Uncertainty	Duration	Uncertainty	ReqTime	ReqDur

Sound	P2/beat1	other				25162	1			25000
Sound	n05	other				71661	1			71500
Picture	3-113-1-3	hit	1	12151	7	130478	7	5166	7	130000	5000
Sound	P2/beat	other				175975	1			25000
Sound	f05	other				222476	1			71500
Picture	3-113-1-3	miss				281294	7	5166	7	130000	5000
Sound	P2/beat	other				326791	1			25000
Sound	n01	other				373292	1			71500
Picture	3-223-1-3	hit	2	11880	8	432109	7	5166	7	130000	5000
Sound	P2/beat	other				477607	1			25000
Sound	test15	other				524107	1			71500
Picture	2-223-1-2	hit	2	15144	7	582924	7	5166	7	130000	5000
Sound	P1/tapping1	other				628422	1			25000
Sound	f08	other				674922	1			71500
Picture	3-122-2-3	hit	2	12649	7	733740	7	5166	7	130000	5000
Sound	P1/tapping	other				779237	1			25000
Sound	f01	other				825738	1			71500
Picture	2-122-1-2	hit	2	12553	7	884555	7	5166	7	130000	5000
Sound	P1/tapping	other				930053	1			25000
Sound	n03	other				976551	1			71500
Picture	3-122-1-3	incorrect	1	11418	7	1035370	7	5166	7	130000	5000
Sound	P1/tapping	other				1080868	1			25000
Sound	test18	other				1127368	1			71500
Picture	3-212-1-3	miss				1186186	7	5166	7	130000	5000
Sound	P2/both1	other				1231683	1			25000
Sound	test13	other				1278182	1			71500
Picture	3-214-1-3	incorrect	2	14347	7	1337001	7	5166	7	130000	5000
Sound	P2/both	other				1382498	1			25000
Sound	test04	other				1428998	1			71500
Picture	2-224-1-2	hit	2	12012	8	1487816	7	5166	7	130000	5000
Sound	P2/both	other				1533315	1			25000
Sound	f15	other				1579814	1			71500
Picture	3-124-1-3	hit	2	11197	8	1638632	7	5166	7	130000	5000
Sound	P2/both	other				1684129	1			25000
Sound	f21	other				1730630	1			71500
Picture	3-124-1-3	hit	2	14941	8	1789447	7	5166	7	130000	5000
Sound	P0/none1	other				1834945	1			25000
Sound	n07	other				1881444	1			71500
Picture	2-221-1-2	miss				1940262	7	5166	7	130000	5000
Sound	P0/none	other				1985760	1			25000
Sound	n04	other				2032260	1			71500
Picture	2-211-1-2	hit	1	7470	8	2091078	7	5166	7	130000	5000
Sound	P0/none	other				2136575	1			25000
Sound	f03	other				2183075	1			71500
Picture	2-111-1-2	incorrect	2	12016	8	2241893	7	5166	7	130000	5000
Sound	P0/none	other				2287391	1			25000
Sound	test05	other				2333891	1			71500
Picture	2-211-1-2	miss				2392709	7	5166	7	130000	5000
Sound	P2/beat1	other				2438206	1			25000
Sound	test16	other				2484706	1			71500
Picture	3-213-1-3	hit	1	8464	8	2543524	7	5166	7	130000	5000
Sound	P2/beat	other				2589022	1			25000
Sound	f11	other				2635522	1			71500
Picture	3-113-1-3	incorrect	2	7329	7	2694339	7	5166	7	130000	5000
Sound	P2/beat	other				2739836	1			25000
Sound	test07	other				2786337	1			71500
Picture	2-223-1-2	hit	2	16914	8	2845154	7	5167	7	130000	5000
Sound	P2/beat	other				2890651	1			25000
Sound	f23	other				2937152	1			71500
Picture	2-113-1-2	incorrect	2	11858	8	2995970	7	5166	7	130000	5000
Sound	P0/none1	other				3041467	1			25000
Sound	test23	other				3087967	1			71500
Picture	2-221-2-2	miss				3146785	7	5166	7	130000	5000
Sound	P0/none	other				3192282	1			25000
Sound	f24	other				3238782	1			71500
Picture	3-121-1-3	hit	2	14547	7	3297600	7	5166	7	130000	5000
Sound	P0/none	other				3343098	1			25000
Sound	n06	other				3389598	1			71500
Picture	3-211-1-3	miss				3448416	7	5166	7	130000	5000
Sound	P0/none	other				3493913	1			25000
Sound	test24	other				3540414	1			71500
Picture	2-221-1-2	hit	2	10757	8	3599231	7	5166	7	130000	5000
Sound	P1/tapping1	other				3644728	1			25000
Sound	test02	other				3691228	1			71500
Picture	2-212-1-2	hit	1	14901	7	3750047	7	5166	7	130000	5000
Sound	P1/tapping	other				3795545	1			25000
Sound	f14	other				3842045	1			71500
Picture	2-122-2-2	hit	2	16246	8	3900862	7	5166	7	130000	5000
Sound	P1/tapping	other				3946360	1			25000
Sound	f17	other				3992859	1			71500
Picture	3-122-1-3	incorrect	1	8710	7	4051677	7	5166	7	130000	5000
Sound	P1/tapping	other				4097175	1			25000
Sound	test17	other				4143675	1			71500
Picture	2-222-2-2	incorrect	1	13895	8	4202493	7	5166	7	130000	5000
Sound	P2/beat1	other				4247990	1			25000
Sound	f10	other				4294491	1			71500
Picture	2-123-1-2	miss				4353308	7	5166	7	130000	5000
Sound	P2/beat	other				4398806	1			25000
Sound	test01	other				4445306	1			71500
Picture	2-223-1-2	hit	2	11544	8	4504123	7	5166	7	130000	5000
Sound	P2/beat	other				4549620	1			25000
Sound	test12	other				4596121	1			71500
Picture	2-213-1-2	incorrect	2	7849	7	4654939	7	5166	7	130000	5000
Sound	P2/beat	other				4700437	1			25000
Sound	test08	other				4746937	1			71500
Picture	2-223-1-2	hit	2	12233	7	4805754	7	5166	7	130000	5000
Sound	P2/both1	other				4851251	1			25000
Sound	f09	other				4897751	1			71500
Picture	3-114-1-3	hit	1	9098	7	4956570	7	5166	7	130000	5000
Sound	P2/both	other				5002067	1			25000
Sound	test03	other				5048567	1			71500
Picture	3-214-1-3	hit	1	9642	7	5107385	7	5166	7	130000	5000
Sound	P2/both	other				5152883	1			25000
Sound	f04	other				5199383	1			71500
Picture	3-114-1-3	hit	1	5307	8	5258201	7	5166	7	130000	5000
Sound	P2/both	other				5303697	1			25000
Sound	f18	other				5350197	1			71500
Picture	2-114-2-2	hit	1	8412	8	5409016	7	5166	7	130000	5000
Sound	P0/none1	other				5454514	1			25000
Sound	f19	other				5501014	1			71500
Picture	3-121-1-3	hit	2	13195	8	5559831	7	5166	7	130000	5000
Sound	P0/none	other				5605329	1			25000
Sound	test09	other				5651829	1			71500
Picture	2-211-1-2	incorrect	2	9020	7	5710647	7	5166	7	130000	5000
Sound	P0/none	other				5756144	1			25000
Sound	f02	other				5802644	1			71500
Picture	3-121-2-3	incorrect	1	18685	8	5861462	7	5166	7	130000	5000
Sound	P0/none	other				5906961	1			25000
Sound	n13	other				5953460	1			71500
Picture	2-221-1-2	hit	2	20029	8	6012278	7	5166	7	130000	5000
Sound	P1/tapping1	other				6057775	1			25000
Sound	f16	other				6104275	1			71500
Picture	3-112-1-3	miss				6163093	7	5166	7	130000	5000
Sound	P1/tapping	other				6208590	1			25000
Sound	n14	other				6255091	1			71500
Picture	3-112-1-3	hit	1	7358	7	6313908	7	5166	7	130000	5000
Sound	P1/tapping	other				6359406	1			25000
Sound	f07	other				6405906	1			71500
Picture	2-112-1-2	incorrect	2	12383	7	6464724	7	5166	7	130000	5000
Sound	P1/tapping	other				6510221	1			25000
Sound	n11	other				6556721	1			71500
Picture	2-112-1-2	hit	1	8687	8	6615539	7	5166	7	130000	5000
Sound	P2/both1	other				6661037	1			25000
Sound	test10	other				6707537	1			71500
Picture	2-224-1-2	hit	2	12272	7	6766355	7	5166	7	130000	5000
Sound	P2/both	other				6811852	1			25000
Sound	test14	other				6858352	1			71500
Picture	3-224-1-3	miss				6917170	7	5166	7	130000	5000
Sound	P2/both	other				6962667	1			25000
Sound	test21	other				7009167	1			71500
Picture	2-224-2-2	hit	2	10241	8	7067985	7	5166	7	130000	5000
Sound	P2/both	other				7113483	1			25000
Sound	test11	other				7159984	1			71500
Picture	3-224-1-3	miss				7218801	7	5166	7	130000	5000
Sound	P1/tapping1	other				7264299	1			25000
Sound	f22	other				7310799	1			71500
Picture	3-112-1-3	miss				7369616	7	5166	7	130000	5000
Sound	P1/tapping	other				7415113	1			25000
Sound	n12	other				7461614	1			71500
Picture	3-112-1-3	incorrect	2	10914	8	7520432	7	5166	7	130000	5000
Sound	P1/tapping	other				7565929	1			25000
Sound	test25	other				7612431	1			71500
Picture	3-222-1-3	hit	2	8898	8	7671247	7	5166	7	130000	5000
Sound	P1/tapping	other				7716744	1			25000
Sound	f20	other				7763245	1			71500
Picture	3-112-1-3	hit	1	7683	8	7822063	7	5166	7	130000	5000
Sound	P0/none1	other				7867561	1			25000
Sound	f12	other				7914061	1			71500
Picture	3-111-1-3	hit	1	13108	8	7972878	7	5166	7	130000	5000
Sound	P0/none	other				8018375	1			25000
Sound	test06	other				8064876	1			71500
Picture	2-211-1-2	hit	1	9572	7	8123694	7	5166	8	130000	5000
Sound	P0/none	other				8169191	1			25000
Sound	f06	other				8215692	1			71500
Picture	2-121-1-2	incorrect	1	14277	7	8274509	7	5166	7	130000	5000
Sound	P0/none	other				8320007	1			25000
Sound	n10	other				8366506	1			71500
Picture	3-111-1-3	hit	1	8581	8	8425325	7	5166	7	130000	5000
Sound	P2/beat1	other				8470822	1			25000
Sound	f13	other				8517322	1			71500
Picture	2-123-1-2	hit	2	13125	7	8576140	7	5166	7	130000	5000
Sound	P2/beat	other				8621638	1			25000
Sound	test22	other				8668138	1			71500
Picture	2-213-2-2	hit	1	8950	8	8726956	7	5166	7	130000	5000
Sound	P2/beat	other				8772454	1			25000
Sound	n09	other				8818953	1			71500
Picture	3-223-1-3	hit	2	12054	8	8877771	7	5166	7	130000	5000
Sound	P2/beat	other				8923268	1			25000
Sound	test19	other				8969768	1			71500
Picture	2-213-1-2	incorrect	2	12038	8	9028587	7	5166	7	130000	5000

The following output port codes were not sent because of a conflict on the port.
Port	Code	Time(ms)
1	2	771674


{
   "app": "Presentation Version 22.1 Build 01.21.21",
   "device": "Dell Inc. OptiPlex 7050",
   "experiment": "{C8E97CB4-6FCA-44FA-B866-4A2D94B6B85C}",
   "os": "Windows 10 64 bit",
   "package": "",
   "parameters": {
      "configuration": "Default configuration"
   },
   "scenario": "entrain_list1_sess2_EB.sce",
   "subject": "004",
   "timestamp": "2022/04/01 12:52:46 GMT"
}
