Scenario - test
Logfile written - 11/18/2022 10:46:07

Subject	Trial	Event Type	Code	Time	TTime	Uncertainty	Duration	Uncertainty	ReqTime	ReqDur	Stim Type	Pair Index

021	1	Sound	P1/tapping1	25160	24999	1			25000		other	0
021	1	Response	53	27306	27146	1
021	1	Response	53	32026	31866	1
021	1	Response	53	37706	37546	2
021	1	Response	53	42986	42826	1
021	1	Response	53	50266	50106	1
021	1	Response	53	56106	55946	1
021	1	Response	53	61066	60906	1
021	1	Response	53	66666	66505	1
021	1	Sound	n05	71660	71500	1			71500		other	0
021	1	Picture	2-122-2-2	130478	130317	7	5166	7	130000	5000	incorrect	12
021	1	Response	51	139546	139385	1
021	2	Response	53	174826	23850	1
021	2	Sound	P1/tapping	175975	25000	1			25000		other	0
021	2	Response	53	180587	29612	1
021	2	Response	53	186266	35290	1
021	2	Response	53	192026	41050	1
021	2	Response	53	198746	47770	1
021	2	Response	53	203706	52730	1
021	2	Response	53	210826	59851	1
021	2	Response	53	218746	67771	2
021	2	Sound	f18	222475	71500	1			71500		other	0
021	2	Picture	3-122-1-3	281293	130317	7	5166	7	130000	5000	incorrect	24
021	2	Response	51	294826	143851	1
021	3	Response	53	322666	20875	1
021	3	Sound	P1/tapping	326790	25000	1			25000		other	0
021	3	Response	53	328506	26715	1
021	3	Response	53	334346	32555	1
021	3	Response	53	340266	38475	1
021	3	Response	53	345546	43755	1
021	3	Response	53	351786	49995	1
021	3	Response	53	358186	56395	1
021	3	Response	53	364106	62315	1
021	3	Response	53	369786	67995	1
021	3	Sound	f09	373290	71500	1			71500		other	0
021	3	Picture	2-122-1-2	432107	130317	7	5166	7	130000	5000	hit	37
021	3	Response	62	440506	138715	1
021	4	Response	53	476826	24221	2
021	4	Sound	P1/tapping	477604	25000	1			25000		other	0
021	4	Response	53	483786	31181	2
021	4	Response	53	490186	37581	1
021	4	Response	53	495946	43341	2
021	4	Response	53	501386	48781	1
021	4	Response	53	507066	54461	2
021	4	Response	53	513066	60462	2
021	4	Response	53	520586	67982	2
021	4	Sound	f06	524104	71500	1			71500		other	0
021	4	Picture	3-122-1-3	582922	130317	7	5166	7	130000	5000	hit	49
021	4	Response	62	590986	138381	1
021	5	Sound	P2/both1	628419	24999	1			25000		other	0
021	5	Response	53	631706	28286	1
021	5	Response	53	635226	31806	1
021	5	Response	53	639946	36526	2
021	5	Response	53	646345	42926	1
021	5	Response	53	652906	49487	2
021	5	Response	53	658345	54926	1
021	5	Response	53	664186	60766	1
021	5	Response	53	670105	66686	2
021	5	Sound	f01	674919	71500	1			71500		other	0
021	5	Picture	3-114-1-3	733737	130317	7	5166	7	130000	5000	hit	61
021	5	Response	61	745865	142446	1
021	6	Sound	P2/both	779234	25000	1			25000		other	0
021	6	Response	53	781545	27311	2
021	6	Response	53	784905	30671	1
021	6	Response	53	790105	35871	1
021	6	Response	53	796665	42431	2
021	6	Response	53	803385	49151	2
021	6	Response	53	809625	55391	1
021	6	Response	53	816105	61871	2
021	6	Response	53	821546	67312	2
021	6	Sound	test24	825734	71500	1			71500		other	0
021	6	Picture	3-214-1-3	884551	130317	7	5166	7	130000	5000	incorrect	73
021	6	Response	52	892185	137951	2
021	7	Sound	P2/both	930049	25000	1			25000		other	0
021	7	Response	53	934105	29056	1
021	7	Response	53	941145	36096	1
021	7	Response	53	946825	41776	1
021	7	Response	53	953705	48656	1
021	7	Response	53	960505	55456	1
021	7	Response	53	966505	61456	2
021	7	Response	53	971626	66577	2
021	7	Sound	test22	976549	71500	1			71500		other	0
021	7	Picture	3-224-1-3	1035366	130317	7	5166	7	130000	5000	hit	84
021	7	Response	62	1043625	138576	1
021	8	Sound	P2/both	1080864	25000	1			25000		other	0
021	8	Response	53	1086425	30561	1
021	8	Response	53	1091546	35682	2
021	8	Response	53	1098185	42321	1
021	8	Response	53	1104425	48561	1
021	8	Response	53	1110745	54881	1
021	8	Response	53	1116185	60321	1
021	8	Response	53	1121785	65921	1
021	8	Sound	test07	1127363	71500	1			71500		other	0
021	8	Picture	3-214-1-3	1186181	130317	7	5166	7	130000	5000	incorrect	95
021	8	Response	52	1195145	139282	2
021	9	Sound	P2/beat1	1231678	25000	1			25000		other	0
021	9	Sound	f02	1278178	71500	1			71500		other	0
021	9	Picture	2-113-1-2	1336996	130317	7	5166	7	130000	5000	incorrect	99
021	9	Response	52	1347625	140946	1
021	10	Sound	P2/beat	1382493	25000	1			25000		other	0
021	10	Sound	f19	1428993	71500	1			71500		other	0
021	10	Picture	2-113-2-2	1487811	130317	7	5166	7	130000	5000	hit	103
021	10	Response	61	1495305	137812	2
021	11	Sound	P2/beat	1533308	25000	1			25000		other	0
021	11	Sound	n07	1579808	71500	1			71500		other	0
021	11	Picture	3-223-1-3	1638625	130317	7	5166	7	130000	5000	hit	107
021	11	Response	62	1646904	138596	1
021	12	Sound	P2/beat	1684123	25000	1			25000		other	0
021	12	Sound	f07	1730623	71500	1			71500		other	0
021	12	Picture	3-123-1-3	1789440	130317	7	5166	7	130000	5000	hit	111
021	12	Response	62	1798264	139141	1
021	13	Sound	P2/both1	1834937	25000	1			25000		other	0
021	13	Response	53	1837224	27287	1
021	13	Response	53	1840984	31047	1
021	13	Response	53	1845945	36007	2
021	13	Response	53	1852424	42487	1
021	13	Response	53	1858905	48967	1
021	13	Response	53	1864664	54727	1
021	13	Response	53	1871304	61367	1
021	13	Response	53	1877064	67127	1
021	13	Sound	f05	1881437	71500	1			71500		other	0
021	13	Picture	2-124-1-2	1940255	130317	7	5166	7	130000	5000	incorrect	123
021	13	Response	51	1948504	138567	1
021	14	Sound	P2/both	1985752	25000	1			25000		other	0
021	14	Response	53	1987624	26872	1
021	14	Response	53	1991864	31112	1
021	14	Response	53	1997384	36632	1
021	14	Response	53	2003144	42392	1
021	14	Response	53	2009144	48392	2
021	14	Response	53	2015704	54952	1
021	14	Response	53	2022264	61512	2
021	14	Response	53	2027064	66312	1
021	14	Sound	test09	2032252	71500	1			71500		other	0
021	14	Picture	3-224-1-3	2091069	130317	7	5166	7	130000	5000	hit	135
021	14	Response	62	2102024	141272	2
021	15	Sound	P2/both	2136566	25000	1			25000		other	0
021	15	Response	53	2139304	27737	1
021	15	Response	53	2142424	30857	1
021	15	Response	53	2147464	35897	2
021	15	Response	53	2154025	42458	3
021	15	Response	53	2160184	48617	1
021	15	Response	53	2167144	55577	2
021	15	Response	53	2173384	61817	1
021	15	Response	53	2178104	66537	2
021	15	Sound	test12	2183067	71500	1			71500		other	0
021	15	Picture	3-214-1-3	2241884	130317	7	5166	7	130000	5000	hit	147
021	15	Response	61	2250345	138778	2
021	16	Sound	P2/both	2287381	25000	1			25000		other	0
021	16	Response	53	2290104	27722	1
021	16	Response	53	2293624	31242	2
021	16	Response	53	2298664	36282	1
021	16	Response	53	2304264	41882	1
021	16	Response	53	2309944	47562	2
021	16	Response	53	2315704	53322	1
021	16	Response	53	2322584	60202	1
021	16	Response	53	2328264	65882	1
021	16	Sound	test19	2333882	71500	1			71500		other	0
021	16	Picture	2-224-1-2	2392699	130317	7	5166	7	130000	5000	hit	159
021	16	Response	62	2402584	140202	1
021	17	Sound	P1/tapping1	2438196	25000	1			25000		other	0
021	17	Response	53	2439944	26747	1
021	17	Response	53	2444103	30907	1
021	17	Response	53	2449464	36267	1
021	17	Response	53	2455384	42187	1
021	17	Response	53	2461864	48667	1
021	17	Response	53	2467544	54347	1
021	17	Response	53	2473224	60027	1
021	17	Response	53	2479384	66187	1
021	17	Sound	f15	2484696	71500	1			71500		other	0
021	17	Picture	2-122-2-2	2543514	130317	7	5166	7	130000	5000	hit	171
021	17	Response	62	2554424	141227	1
021	18	Response	53	2587864	23853	2
021	18	Sound	P1/tapping	2589011	25000	1			25000		other	0
021	18	Response	53	2593384	29373	1
021	18	Response	53	2600104	36093	1
021	18	Response	53	2606024	42013	1
021	18	Response	53	2612104	48093	1
021	18	Response	53	2618344	54333	1
021	18	Response	53	2624584	60573	2
021	18	Response	53	2629944	65932	1
021	18	Sound	test21	2635511	71500	1			71500		other	0
021	18	Picture	3-212-1-3	2694328	130317	7	5166	7	130000	5000	hit	183
021	18	Response	61	2702583	138572	1
021	19	Sound	P1/tapping	2739826	25000	1			25000		other	0
021	19	Response	53	2740344	25518	1
021	19	Response	53	2745303	30477	2
021	19	Response	53	2751543	36717	1
021	19	Response	53	2757303	42478	1
021	19	Response	53	2762984	48158	1
021	19	Response	53	2768903	54077	1
021	19	Response	53	2775463	60638	1
021	19	Response	53	2782023	67197	1
021	19	Sound	f10	2786326	71500	1			71500		other	0
021	19	Picture	3-112-1-3	2845143	130317	7	5166	7	130000	5000	hit	195
021	19	Response	61	2852664	137838	1
021	20	Response	53	2889943	24303	1
021	20	Sound	P1/tapping	2890640	25000	1			25000		other	0
021	20	Response	53	2895623	29983	1
021	20	Response	53	2901383	35743	1
021	20	Response	53	2907783	42143	1
021	20	Response	53	2913543	47903	2
021	20	Response	53	2919943	54303	1
021	20	Response	53	2925463	59823	1
021	20	Response	53	2930823	65183	1
021	20	Sound	f13	2937140	71500	1			71500		other	0
021	20	Picture	3-112-1-3	2995958	130317	7	5166	7	130000	5000	hit	207
021	20	Response	61	3005783	140143	2
021	21	Sound	P2/both1	3041455	25000	1			25000		other	0
021	21	Response	53	3043223	26768	1
021	21	Response	53	3047223	30768	1
021	21	Response	53	3053144	36689	2
021	21	Response	53	3059063	42608	1
021	21	Response	53	3065783	49328	1
021	21	Response	53	3071144	54689	3
021	21	Response	53	3077303	60848	1
021	21	Response	53	3083063	66608	2
021	21	Sound	n03	3087955	71500	1			71500		other	0
021	21	Picture	2-124-1-2	3146772	130317	7	5166	7	130000	5000	hit	219
021	21	Response	62	3157063	140608	1
021	22	Sound	P2/both	3192270	25000	1			25000		other	0
021	22	Response	53	3194344	27074	2
021	22	Response	53	3198263	30993	1
021	22	Response	53	3203703	36433	1
021	22	Response	53	3210423	43153	1
021	22	Response	53	3216103	48833	1
021	22	Response	53	3222263	54993	1
021	22	Response	53	3228264	60994	2
021	22	Response	53	3234103	66833	1
021	22	Sound	n13	3238770	71500	1			71500		other	0
021	22	Picture	3-214-1-3	3297587	130317	7	5166	7	130000	5000	hit	231
021	22	Response	61	3305064	137793	2
021	23	Response	53	3340663	22578	1
021	23	Sound	P2/both	3343085	25000	1			25000		other	0
021	23	Response	53	3345223	27138	1
021	23	Response	53	3349224	31139	2
021	23	Response	53	3354503	36418	1
021	23	Response	53	3360423	42338	1
021	23	Response	53	3366664	48579	2
021	23	Response	53	3373063	54978	2
021	23	Response	53	3380663	62578	1
021	23	Response	53	3384903	66818	1
021	23	Sound	f11	3389584	71500	1			71500		other	0
021	23	Picture	2-124-1-2	3448402	130317	7	5166	7	130000	5000	hit	244
021	23	Response	62	3460023	141938	1
021	24	Sound	P2/both	3493899	25000	1			25000		other	0
021	24	Response	53	3500263	31363	1
021	24	Response	53	3505063	36164	2
021	24	Response	53	3511143	42243	2
021	24	Response	53	3516903	48004	2
021	24	Response	53	3523943	55043	1
021	24	Response	53	3530423	61523	1
021	24	Response	53	3535783	66883	1
021	24	Sound	f16	3540399	71500	1			71500		other	0
021	24	Picture	2-114-1-2	3599217	130317	7	5166	7	130000	5000	incorrect	255
021	24	Response	52	3606183	137283	1
021	25	Sound	P0/none1	3644714	25000	1			25000		other	0
021	25	Sound	f21	3691214	71500	1			71500		other	0
021	25	Picture	2-121-2-2	3750031	130317	7	5166	7	130000	5000	hit	259
021	25	Response	62	3762823	143109	2
021	26	Sound	P0/none	3795529	25000	1			25000		other	0
021	26	Sound	test14	3842028	71500	1			71500		other	0
021	26	Picture	2-221-1-2	3900846	130317	7	5166	7	130000	5000	incorrect	263
021	26	Response	51	3911943	141414	1
021	27	Sound	P0/none	3946343	25000	1			25000		other	0
021	27	Sound	f14	3992843	71500	1			71500		other	0
021	27	Picture	3-111-1-3	4051661	130317	7	5166	7	130000	5000	hit	267
021	27	Response	61	4060582	139239	1
021	28	Sound	P0/none	4097158	25000	1			25000		other	0
021	28	Sound	test08	4143658	71500	1			71500		other	0
021	28	Picture	3-221-1-3	4202476	130317	7	5166	7	130000	5000	hit	271
021	28	Response	62	4212102	139944	2
021	29	Sound	P1/tapping1	4247973	25000	1			25000		other	0
021	29	Response	53	4248982	26009	2
021	29	Response	53	4253782	30809	1
021	29	Response	53	4259142	36169	2
021	29	Response	53	4264422	41449	1
021	29	Response	53	4269622	46649	1
021	29	Response	53	4275062	52089	2
021	29	Response	53	4280422	57449	1
021	29	Response	53	4286022	63049	1
021	29	Sound	n09	4294473	71500	1			71500		other	0
021	29	Picture	2-222-2-2	4353290	130317	7	5166	7	130000	5000	hit	283
021	29	Response	62	4361782	138809	1
021	30	Sound	P1/tapping	4398788	25000	1			25000		other	0
021	30	Response	53	4400423	26635	2
021	30	Response	53	4404902	31114	1
021	30	Response	53	4410902	37114	1
021	30	Response	53	4416022	42234	1
021	30	Response	53	4421782	47994	1
021	30	Response	53	4427382	53594	1
021	30	Response	53	4434262	60474	1
021	30	Response	53	4439542	65754	1
021	30	Sound	test13	4445288	71500	1			71500		other	0
021	30	Picture	2-212-1-2	4504105	130317	7	5166	7	130000	5000	incorrect	295
021	30	Response	52	4512982	139194	1
021	31	Sound	P1/tapping	4549602	25000	1			25000		other	0
021	31	Response	53	4551542	26940	1
021	31	Response	53	4556502	31900	1
021	31	Response	53	4561622	37019	2
021	31	Response	53	4567862	43259	1
021	31	Response	53	4573142	48539	1
021	31	Response	53	4579222	54620	1
021	31	Response	53	4585462	60859	1
021	31	Response	53	4590742	66139	2
021	31	Sound	f03	4596102	71500	1			71500		other	0
021	31	Picture	3-112-1-3	4654919	130317	7	5166	7	130000	5000	hit	307
021	31	Response	61	4661382	136779	2
021	32	Sound	P1/tapping	4700417	25000	1			25000		other	0
021	32	Response	53	4702822	27405	1
021	32	Response	53	4706742	31325	1
021	32	Response	53	4712581	37165	1
021	32	Response	53	4717862	42445	1
021	32	Response	53	4724261	48845	1
021	32	Response	53	4730421	55005	1
021	32	Response	53	4736501	61085	1
021	32	Response	53	4741621	66205	1
021	32	Sound	f12	4746917	71500	1			71500		other	0
021	32	Picture	2-122-1-2	4805734	130317	7	5166	7	130000	5000	hit	319
021	32	Response	62	4816101	140685	1
021	33	Sound	P2/beat1	4851232	25000	1			25000		other	0
021	33	Sound	n06	4897732	71500	1			71500		other	0
021	33	Picture	2-223-2-2	4956549	130317	7	5166	7	130000	5000	hit	323
021	33	Response	62	4969622	143391	2
021	34	Sound	P2/beat	5002046	25000	1			25000		other	0
021	34	Sound	test06	5048546	71500	1			71500		other	0
021	34	Picture	3-213-1-3	5107364	130317	7	5166	7	130000	5000	hit	327
021	34	Response	61	5117621	140575	1
021	35	Sound	P2/beat	5152861	25000	1			25000		other	0
021	35	Sound	n04	5199361	71500	1			71500		other	0
021	35	Picture	3-223-1-3	5258178	130317	7	5166	7	130000	5000	hit	331
021	35	Response	62	5266501	138640	1
021	36	Sound	P2/beat	5303676	25000	1			25000		other	0
021	36	Sound	n11	5350176	71500	1			71500		other	0
021	36	Picture	3-113-2-3	5408993	130317	7	5166	7	130000	5000	hit	335
021	36	Response	61	5421702	143026	2
021	37	Sound	P1/tapping1	5454490	25000	1			25000		other	0
021	37	Response	53	5457462	27971	2
021	37	Response	53	5462421	32931	1
021	37	Response	53	5467781	38291	1
021	37	Response	53	5473061	43571	1
021	37	Response	53	5478261	48771	1
021	37	Response	53	5485381	55891	1
021	37	Response	53	5492021	62531	1
021	37	Response	53	5498661	69171	1
021	37	Sound	f23	5500990	71500	1			71500		other	0
021	37	Picture	3-112-1-3	5559808	130317	7	5166	7	130000	5000	incorrect	347
021	37	Response	52	5567621	138131	1
021	38	Sound	P1/tapping	5605305	25000	1			25000		other	0
021	38	Response	53	5605941	25636	1
021	38	Response	53	5610501	30196	1
021	38	Response	53	5615701	35396	1
021	38	Response	53	5620901	40596	2
021	38	Response	53	5625861	45556	1
021	38	Response	53	5631141	50836	1
021	38	Response	53	5636261	55956	1
021	38	Response	53	5641221	60916	1
021	38	Sound	n10	5651805	71500	1			71500		other	0
021	38	Picture	2-112-1-2	5710622	130317	7	5166	7	130000	5000	incorrect	359
021	38	Response	52	5723301	142996	1
021	39	Sound	P1/tapping	5756119	25000	1			25000		other	0
021	39	Response	53	5757701	26581	1
021	39	Response	53	5762661	31541	2
021	39	Response	53	5769061	37941	1
021	39	Response	53	5775781	44661	2
021	39	Response	53	5782182	51062	1
021	39	Response	53	5790181	59061	2
021	39	Response	53	5796901	65781	1
021	39	Response	53	5802181	71061	1
021	39	Sound	test10	5802620	71500	1			71500		other	0
021	39	Picture	3-212-1-3	5861437	130317	7	5166	7	130000	5000	incorrect	371
021	39	Response	52	5872981	141861	1
021	40	Sound	P1/tapping	5906934	25000	1			25000		other	0
021	40	Response	53	5913140	31206	1
021	40	Response	53	5918181	36246	1
021	40	Response	53	5923380	41446	1
021	40	Response	53	5928660	46726	2
021	40	Response	53	5934020	52086	2
021	40	Response	53	5940741	58806	1
021	40	Response	53	5946660	64726	1
021	40	Response	53	5951780	69846	1
021	40	Sound	test16	5953434	71500	1			71500		other	0
021	40	Picture	2-212-1-2	6012252	130317	7	5166	7	130000	5000	hit	383
021	40	Response	61	6021460	139526	1
021	41	Sound	P0/none1	6057749	25000	1			25000		other	0
021	41	Sound	test03	6104249	71500	1			71500		other	0
021	41	Picture	2-221-1-2	6163066	130317	7	5166	7	130000	5000	hit	387
021	41	Response	62	6171460	138711	1
021	42	Sound	P0/none	6208563	25000	1			25000		other	0
021	42	Sound	f22	6255063	71500	1			71500		other	0
021	42	Picture	2-121-2-2	6313881	130317	7	5166	7	130000	5000	hit	391
021	42	Response	62	6322900	139336	2
021	43	Sound	P0/none	6359378	25000	1			25000		other	0
021	43	Sound	test04	6405878	71500	1			71500		other	0
021	43	Picture	3-221-1-3	6464696	130317	7	5166	7	130000	5000	hit	395
021	43	Response	62	6476100	141722	1
021	44	Sound	P0/none	6510193	25000	1			25000		other	0
021	44	Sound	test11	6556693	71500	1			71500		other	0
021	44	Picture	2-221-1-2	6615510	130317	7	5166	7	130000	5000	hit	399
021	44	Response	62	6625700	140507	1
021	45	Sound	P2/beat1	6661008	25000	1			25000		other	0
021	45	Sound	f04	6707508	71500	1			71500		other	0
021	45	Picture	2-113-1-2	6766325	130317	7	5166	7	130000	5000	incorrect	403
021	45	Response	52	6779060	143052	1
021	46	Sound	P2/beat	6811822	25000	1			25000		other	0
021	46	Sound	test05	6858322	71500	1			71500		other	0
021	46	Picture	3-213-1-3	6917140	130317	7	5166	7	130000	5000	incorrect	407
021	46	Response	52	6925780	138957	1
021	47	Sound	P2/beat	6962637	25000	1			25000		other	0
021	47	Sound	f20	7009137	71500	1			71500		other	0
021	47	Picture	2-123-2-2	7067954	130317	7	5166	7	130000	5000	hit	411
021	47	Response	62	7080099	142462	1
021	48	Sound	P2/beat	7113451	25000	1			25000		other	0
021	48	Sound	f24	7159952	71500	1			71500		other	0
021	48	Picture	2-113-1-2	7218769	130317	7	5166	7	130000	5000	hit	415
021	48	Response	61	7225699	137247	1
021	49	Sound	P2/both1	7264266	25000	1			25000		other	0
021	49	Response	53	7266259	26993	1
021	49	Response	53	7270579	31313	1
021	49	Response	53	7275859	36593	1
021	49	Response	53	7281939	42673	2
021	49	Response	53	7287779	48513	1
021	49	Response	53	7294019	54753	1
021	49	Response	53	7300579	61313	2
021	49	Response	53	7306180	66913	3
021	49	Sound	test18	7310766	71500	1			71500		other	0
021	49	Picture	2-224-1-2	7369584	130317	7	5166	7	130000	5000	hit	427
021	49	Response	62	7378659	139393	2
021	50	Sound	P2/both	7415081	25000	1			25000		other	0
021	50	Response	53	7417779	27698	1
021	50	Response	53	7421459	31378	1
021	50	Response	53	7426579	36498	1
021	50	Response	53	7432419	42338	1
021	50	Response	53	7439139	49058	1
021	50	Response	53	7445139	55058	1
021	50	Response	53	7450819	60738	2
021	50	Response	53	7457859	67778	1
021	50	Sound	test01	7461581	71500	1			71500		other	0
021	50	Picture	3-214-1-3	7520398	130317	7	5166	7	130000	5000	incorrect	439
021	50	Response	52	7529780	139698	1
021	51	Sound	P2/both	7565896	25000	1			25000		other	0
021	51	Response	53	7567299	26404	1
021	51	Response	53	7572660	31764	2
021	51	Response	53	7577699	36803	1
021	51	Response	53	7583299	42403	1
021	51	Response	53	7589619	48723	1
021	51	Response	53	7595539	54643	1
021	51	Response	53	7602659	61763	1
021	51	Response	53	7607939	67043	1
021	51	Sound	test17	7612396	71500	1			71500		other	0
021	51	Picture	3-214-1-3	7671213	130317	7	5166	7	130000	5000	incorrect	451
021	51	Response	52	7681299	140403	2
021	52	Sound	P2/both	7716710	25000	1			25000		other	0
021	52	Response	53	7719699	27988	1
021	52	Response	53	7723138	31428	1
021	52	Response	53	7727859	36148	1
021	52	Response	53	7734419	42708	1
021	52	Response	53	7740899	49188	1
021	52	Response	53	7746019	54308	1
021	52	Response	53	7754419	62709	2
021	52	Response	53	7759459	67748	1
021	52	Sound	test15	7763211	71500	1			71500		other	0
021	52	Picture	3-214-1-3	7822028	130317	7	5166	7	130000	5000	hit	463
021	52	Response	61	7830419	138708	2
021	53	Sound	P2/beat1	7867525	25000	1			25000		other	0
021	53	Response	53	7872899	30374	2
021	53	Sound	test02	7914025	71500	1			71500		other	0
021	53	Picture	3-223-1-3	7972842	130317	7	5166	7	130000	5000	hit	468
021	53	Response	62	7980899	138374	1
021	54	Sound	P2/beat	8018340	25000	1			25000		other	0
021	54	Sound	f08	8064840	71500	1			71500		other	0
021	54	Picture	3-113-2-3	8123657	130317	7	5166	7	130000	5000	hit	472
021	54	Response	61	8132658	139319	1
021	55	Sound	P2/beat	8169154	25000	1			25000		other	0
021	55	Sound	test23	8215654	71500	1			71500		other	0
021	55	Picture	3-213-1-3	8274472	130317	7	5166	7	130000	5000	hit	476
021	55	Response	61	8286658	142504	1
021	56	Sound	P2/beat	8319969	25000	1			25000		other	0
021	56	Sound	test25	8366469	71500	1			71500		other	0
021	56	Picture	2-223-1-2	8425286	130317	7	5166	7	130000	5000	hit	480
021	56	Response	62	8436978	142009	1
021	57	Sound	P0/none1	8470784	25000	1			25000		other	0
021	57	Sound	n01	8517284	71500	1			71500		other	0
021	57	Picture	2-211-1-2	8576101	130317	7	5166	7	130000	5000	incorrect	484
021	57	Response	52	8584898	139114	1
021	58	Sound	P0/none	8621598	25000	1			25000		other	0
021	58	Sound	n12	8668098	71500	1			71500		other	0
021	58	Picture	2-121-2-2	8726916	130317	7	5166	7	130000	5000	hit	488
021	58	Response	62	8741858	145259	2
021	59	Sound	P0/none	8772413	25000	1			25000		other	0
021	59	Sound	f17	8818913	71500	1			71500		other	0
021	59	Picture	2-121-2-2	8877730	130317	7	5166	7	130000	5000	hit	492
021	59	Response	62	8890658	143245	2
021	60	Sound	P0/none	8923228	25000	1			25000		other	0
021	60	Sound	n14	8969728	71500	1			71500		other	0
021	60	Picture	2-111-2-2	9028545	130317	7	5166	7	130000	5000	hit	496
021	60	Response	61	9035138	136910	1


Event Type	Code	Type	Response	RT	RT Uncertainty	Time	Uncertainty	Duration	Uncertainty	ReqTime	ReqDur

Sound	P1/tapping1	other				25160	1			25000
Sound	n05	other				71660	1			71500
Picture	2-122-2-2	incorrect	1	9068	7	130478	7	5166	7	130000	5000
Sound	P1/tapping	other				175975	1			25000
Sound	f18	other				222475	1			71500
Picture	3-122-1-3	incorrect	1	13533	7	281293	7	5166	7	130000	5000
Sound	P1/tapping	other				326790	1			25000
Sound	f09	other				373290	1			71500
Picture	2-122-1-2	hit	2	8398	8	432107	7	5166	7	130000	5000
Sound	P1/tapping	other				477604	1			25000
Sound	f06	other				524104	1			71500
Picture	3-122-1-3	hit	2	8064	7	582922	7	5166	7	130000	5000
Sound	P2/both1	other				628419	1			25000
Sound	f01	other				674919	1			71500
Picture	3-114-1-3	hit	1	12129	7	733737	7	5166	7	130000	5000
Sound	P2/both	other				779234	1			25000
Sound	test24	other				825734	1			71500
Picture	3-214-1-3	incorrect	2	7634	8	884551	7	5166	7	130000	5000
Sound	P2/both	other				930049	1			25000
Sound	test22	other				976549	1			71500
Picture	3-224-1-3	hit	2	8259	7	1035366	7	5166	7	130000	5000
Sound	P2/both	other				1080864	1			25000
Sound	test07	other				1127363	1			71500
Picture	3-214-1-3	incorrect	2	8964	9	1186181	7	5166	7	130000	5000
Sound	P2/beat1	other				1231678	1			25000
Sound	f02	other				1278178	1			71500
Picture	2-113-1-2	incorrect	2	10629	7	1336996	7	5166	7	130000	5000
Sound	P2/beat	other				1382493	1			25000
Sound	f19	other				1428993	1			71500
Picture	2-113-2-2	hit	1	7495	8	1487811	7	5166	7	130000	5000
Sound	P2/beat	other				1533308	1			25000
Sound	n07	other				1579808	1			71500
Picture	3-223-1-3	hit	2	8279	7	1638625	7	5166	7	130000	5000
Sound	P2/beat	other				1684123	1			25000
Sound	f07	other				1730623	1			71500
Picture	3-123-1-3	hit	2	8824	7	1789440	7	5166	7	130000	5000
Sound	P2/both1	other				1834937	1			25000
Sound	f05	other				1881437	1			71500
Picture	2-124-1-2	incorrect	1	8250	7	1940255	7	5166	7	130000	5000
Sound	P2/both	other				1985752	1			25000
Sound	test09	other				2032252	1			71500
Picture	3-224-1-3	hit	2	10954	8	2091069	7	5166	7	130000	5000
Sound	P2/both	other				2136566	1			25000
Sound	test12	other				2183067	1			71500
Picture	3-214-1-3	hit	1	8460	8	2241884	7	5166	7	130000	5000
Sound	P2/both	other				2287381	1			25000
Sound	test19	other				2333882	1			71500
Picture	2-224-1-2	hit	2	9885	7	2392699	7	5166	7	130000	5000
Sound	P1/tapping1	other				2438196	1			25000
Sound	f15	other				2484696	1			71500
Picture	2-122-2-2	hit	2	10910	7	2543514	7	5166	7	130000	5000
Sound	P1/tapping	other				2589011	1			25000
Sound	test21	other				2635511	1			71500
Picture	3-212-1-3	hit	1	8255	7	2694328	7	5166	7	130000	5000
Sound	P1/tapping	other				2739826	1			25000
Sound	f10	other				2786326	1			71500
Picture	3-112-1-3	hit	1	7521	7	2845143	7	5166	7	130000	5000
Sound	P1/tapping	other				2890640	1			25000
Sound	f13	other				2937140	1			71500
Picture	3-112-1-3	hit	1	9825	8	2995958	7	5166	7	130000	5000
Sound	P2/both1	other				3041455	1			25000
Sound	n03	other				3087955	1			71500
Picture	2-124-1-2	hit	2	10291	7	3146772	7	5166	7	130000	5000
Sound	P2/both	other				3192270	1			25000
Sound	n13	other				3238770	1			71500
Picture	3-214-1-3	hit	1	7476	8	3297587	7	5166	7	130000	5000
Sound	P2/both	other				3343085	1			25000
Sound	f11	other				3389584	1			71500
Picture	2-124-1-2	hit	2	11621	7	3448402	7	5166	7	130000	5000
Sound	P2/both	other				3493899	1			25000
Sound	f16	other				3540399	1			71500
Picture	2-114-1-2	incorrect	2	6966	7	3599217	7	5166	7	130000	5000
Sound	P0/none1	other				3644714	1			25000
Sound	f21	other				3691214	1			71500
Picture	2-121-2-2	hit	2	12792	8	3750031	7	5166	7	130000	5000
Sound	P0/none	other				3795529	1			25000
Sound	test14	other				3842028	1			71500
Picture	2-221-1-2	incorrect	1	11097	7	3900846	7	5166	7	130000	5000
Sound	P0/none	other				3946343	1			25000
Sound	f14	other				3992843	1			71500
Picture	3-111-1-3	hit	1	8922	7	4051661	7	5166	7	130000	5000
Sound	P0/none	other				4097158	1			25000
Sound	test08	other				4143658	1			71500
Picture	3-221-1-3	hit	2	9627	8	4202476	7	5166	7	130000	5000
Sound	P1/tapping1	other				4247973	1			25000
Sound	n09	other				4294473	1			71500
Picture	2-222-2-2	hit	2	8492	7	4353290	7	5166	7	130000	5000
Sound	P1/tapping	other				4398788	1			25000
Sound	test13	other				4445288	1			71500
Picture	2-212-1-2	incorrect	2	8877	7	4504105	7	5166	7	130000	5000
Sound	P1/tapping	other				4549602	1			25000
Sound	f03	other				4596102	1			71500
Picture	3-112-1-3	hit	1	6462	8	4654919	7	5166	7	130000	5000
Sound	P1/tapping	other				4700417	1			25000
Sound	f12	other				4746917	1			71500
Picture	2-122-1-2	hit	2	10367	7	4805734	7	5166	7	130000	5000
Sound	P2/beat1	other				4851232	1			25000
Sound	n06	other				4897732	1			71500
Picture	2-223-2-2	hit	2	13074	8	4956549	7	5166	7	130000	5000
Sound	P2/beat	other				5002046	1			25000
Sound	test06	other				5048546	1			71500
Picture	3-213-1-3	hit	1	10258	7	5107364	7	5166	7	130000	5000
Sound	P2/beat	other				5152861	1			25000
Sound	n04	other				5199361	1			71500
Picture	3-223-1-3	hit	2	8323	7	5258178	7	5166	7	130000	5000
Sound	P2/beat	other				5303676	1			25000
Sound	n11	other				5350176	1			71500
Picture	3-113-2-3	hit	1	12709	8	5408993	7	5166	7	130000	5000
Sound	P1/tapping1	other				5454490	1			25000
Sound	f23	other				5500990	1			71500
Picture	3-112-1-3	incorrect	2	7813	7	5559808	7	5166	7	130000	5000
Sound	P1/tapping	other				5605305	1			25000
Sound	n10	other				5651805	1			71500
Picture	2-112-1-2	incorrect	2	12678	7	5710622	7	5166	7	130000	5000
Sound	P1/tapping	other				5756119	1			25000
Sound	test10	other				5802620	1			71500
Picture	3-212-1-3	incorrect	2	11544	7	5861437	7	5166	7	130000	5000
Sound	P1/tapping	other				5906934	1			25000
Sound	test16	other				5953434	1			71500
Picture	2-212-1-2	hit	1	9209	7	6012252	7	5166	7	130000	5000
Sound	P0/none1	other				6057749	1			25000
Sound	test03	other				6104249	1			71500
Picture	2-221-1-2	hit	2	8394	7	6163066	7	5166	7	130000	5000
Sound	P0/none	other				6208563	1			25000
Sound	f22	other				6255063	1			71500
Picture	2-121-2-2	hit	2	9019	8	6313881	7	5166	7	130000	5000
Sound	P0/none	other				6359378	1			25000
Sound	test04	other				6405878	1			71500
Picture	3-221-1-3	hit	2	11404	7	6464696	7	5166	7	130000	5000
Sound	P0/none	other				6510193	1			25000
Sound	test11	other				6556693	1			71500
Picture	2-221-1-2	hit	2	10190	7	6615510	7	5166	7	130000	5000
Sound	P2/beat1	other				6661008	1			25000
Sound	f04	other				6707508	1			71500
Picture	2-113-1-2	incorrect	2	12735	7	6766325	7	5166	7	130000	5000
Sound	P2/beat	other				6811822	1			25000
Sound	test05	other				6858322	1			71500
Picture	3-213-1-3	incorrect	2	8640	7	6917140	7	5166	7	130000	5000
Sound	P2/beat	other				6962637	1			25000
Sound	f20	other				7009137	1			71500
Picture	2-123-2-2	hit	2	12145	7	7067954	7	5166	7	130000	5000
Sound	P2/beat	other				7113451	1			25000
Sound	f24	other				7159952	1			71500
Picture	2-113-1-2	hit	1	6930	7	7218769	7	5166	7	130000	5000
Sound	P2/both1	other				7264266	1			25000
Sound	test18	other				7310766	1			71500
Picture	2-224-1-2	hit	2	9075	8	7369584	7	5166	7	130000	5000
Sound	P2/both	other				7415081	1			25000
Sound	test01	other				7461581	1			71500
Picture	3-214-1-3	incorrect	2	9381	7	7520398	7	5166	7	130000	5000
Sound	P2/both	other				7565896	1			25000
Sound	test17	other				7612396	1			71500
Picture	3-214-1-3	incorrect	2	10086	8	7671213	7	5166	7	130000	5000
Sound	P2/both	other				7716710	1			25000
Sound	test15	other				7763211	1			71500
Picture	3-214-1-3	hit	1	8391	8	7822028	7	5166	7	130000	5000
Sound	P2/beat1	other				7867525	1			25000
Sound	test02	other				7914025	1			71500
Picture	3-223-1-3	hit	2	8056	7	7972842	7	5166	7	130000	5000
Sound	P2/beat	other				8018340	1			25000
Sound	f08	other				8064840	1			71500
Picture	3-113-2-3	hit	1	9001	7	8123657	7	5166	7	130000	5000
Sound	P2/beat	other				8169154	1			25000
Sound	test23	other				8215654	1			71500
Picture	3-213-1-3	hit	1	12187	7	8274472	7	5166	7	130000	5000
Sound	P2/beat	other				8319969	1			25000
Sound	test25	other				8366469	1			71500
Picture	2-223-1-2	hit	2	11692	7	8425286	7	5166	7	130000	5000
Sound	P0/none1	other				8470784	1			25000
Sound	n01	other				8517284	1			71500
Picture	2-211-1-2	incorrect	2	8797	7	8576101	7	5166	7	130000	5000
Sound	P0/none	other				8621598	1			25000
Sound	n12	other				8668098	1			71500
Picture	2-121-2-2	hit	2	14942	8	8726916	7	5166	7	130000	5000
Sound	P0/none	other				8772413	1			25000
Sound	f17	other				8818913	1			71500
Picture	2-121-2-2	hit	2	12928	8	8877730	7	5166	7	130000	5000
Sound	P0/none	other				8923228	1			25000
Sound	n14	other				8969728	1			71500
Picture	2-111-2-2	hit	1	6593	7	9028545	7	5166	7	130000	5000


{
   "app": "Presentation Version 22.1 Build 01.21.21",
   "device": "Dell Inc. OptiPlex 7050",
   "experiment": "{C8E97CB4-6FCA-44FA-B866-4A2D94B6B85C}",
   "os": "Windows 10 64 bit",
   "package": "",
   "parameters": {
      "configuration": "Default configuration"
   },
   "scenario": "entrain_list1_sess3_EB.sce",
   "subject": "021",
   "timestamp": "2022/11/18 09:30:58 GMT"
}
