Scenario - test
Logfile written - 11/18/2022 11:25:52

Subject	Trial	Event Type	Code	Time	TTime	Uncertainty	Duration	Uncertainty	ReqTime	ReqDur	Stim Type	Pair Index

021	1	Sound	P2/both1	25160	25000	1			25000		other	0
021	1	Response	53	28145	27985	1
021	1	Response	53	32785	32624	2
021	1	Response	53	37105	36945	1
021	1	Response	53	42945	42785	1
021	1	Response	53	48785	48625	2
021	1	Response	53	56545	56385	2
021	1	Response	53	61345	61185	1
021	1	Response	53	66625	66465	1
021	1	Sound	test06	71660	71500	1			71500		other	0
021	1	Picture	3-224-1-3	130478	130317	7	5166	7	130000	5000	hit	12
021	1	Response	62	139105	138945	1
021	2	Response	53	172785	21810	1
021	2	Sound	P2/both	175975	25000	1			25000		other	0
021	2	Response	53	181506	30530	1
021	2	Response	53	187585	36610	1
021	2	Response	53	193586	42610	1
021	2	Response	53	200145	49170	1
021	2	Response	53	205745	54770	1
021	2	Response	53	211345	60370	1
021	2	Response	53	217186	66211	2
021	2	Sound	f17	222475	71500	1			71500		other	0
021	2	Picture	2-114-2-2	281292	130317	7	5166	7	130000	5000	incorrect	24
021	2	Response	52	289905	138930	1
021	3	Sound	P2/both	326789	25000	1			25000		other	0
021	3	Response	53	328546	26756	2
021	3	Response	53	333025	31235	1
021	3	Response	53	338305	36515	1
021	3	Response	53	344865	43075	1
021	3	Response	53	351585	49795	1
021	3	Response	53	357025	55235	2
021	3	Response	53	362626	60836	2
021	3	Response	53	367265	65475	1
021	3	Sound	f02	373290	71500	1			71500		other	0
021	3	Picture	3-114-2-3	432107	130317	7	5166	7	130000	5000	hit	36
021	3	Response	61	439025	137235	1
021	4	Sound	P2/both	477604	25000	1			25000		other	0
021	4	Response	53	479425	26820	1
021	4	Response	53	484145	31540	1
021	4	Response	53	489345	36740	1
021	4	Response	53	494785	42180	2
021	4	Response	53	500785	48180	2
021	4	Response	53	506305	53700	1
021	4	Response	53	512225	59620	2
021	4	Response	53	517905	65300	2
021	4	Sound	n09	524104	71500	1			71500		other	0
021	4	Picture	2-214-2-2	582922	130317	7	5166	7	130000	5000	hit	48
021	4	Response	61	589905	137300	2
021	5	Sound	P0/none1	628419	25000	1			25000		other	0
021	5	Sound	test15	674919	71500	1			71500		other	0
021	5	Picture	2-211-1-2	733737	130317	7	5166	7	130000	5000	incorrect	52
021	5	Response	52	744065	140646	1
021	6	Sound	P0/none	779234	25000	1			25000		other	0
021	6	Sound	test07	825734	71500	1			71500		other	0
021	6	Picture	3-221-1-3	884551	130317	7	5166	7	130000	5000	hit	56
021	6	Response	62	892385	138151	1
021	7	Sound	P0/none	930049	25000	1			25000		other	0
021	7	Sound	f16	976549	71500	1			71500		other	0
021	7	Picture	2-121-1-2	1035366	130317	7	5166	7	130000	5000	hit	60
021	7	Response	62	1044944	139896	1
021	8	Sound	P0/none	1080863	25000	1			25000		other	0
021	8	Sound	f15	1127363	71500	1			71500		other	0
021	8	Picture	2-111-2-2	1186180	130317	7	5166	7	130000	5000	incorrect	64
021	8	Response	52	1193824	137961	1
021	9	Sound	P1/tapping1	1231678	25000	1			25000		other	0
021	9	Response	53	1232224	25546	1
021	9	Response	53	1237344	30666	2
021	9	Response	53	1242704	36026	1
021	9	Response	53	1248224	41546	1
021	9	Response	53	1254144	47466	1
021	9	Response	53	1261264	54586	1
021	9	Response	53	1266304	59626	1
021	9	Response	53	1271584	64906	1
021	9	Sound	test24	1278178	71500	1			71500		other	0
021	9	Picture	2-212-2-2	1336995	130317	7	5166	7	130000	5000	incorrect	76
021	9	Response	52	1345024	138346	2
021	10	Sound	P1/tapping	1382493	25000	1			25000		other	0
021	10	Response	53	1384864	27371	1
021	10	Response	53	1389024	31531	1
021	10	Response	53	1394224	36731	1
021	10	Response	53	1399344	41851	1
021	10	Response	53	1404704	47211	1
021	10	Response	53	1410384	52891	1
021	10	Response	53	1415344	57851	1
021	10	Response	53	1420384	62891	1
021	10	Sound	n01	1428993	71500	1			71500		other	0
021	10	Picture	2-222-1-2	1487810	130317	7	5166	7	130000	5000	hit	88
021	10	Response	62	1497664	140171	3
021	11	Response	53	1531584	23276	1
021	11	Sound	P1/tapping	1533307	25000	1			25000		other	0
021	11	Response	53	1537904	29596	1
021	11	Response	53	1543184	34877	2
021	11	Response	53	1549024	40717	2
021	11	Response	53	1554544	46236	1
021	11	Response	53	1559664	51356	1
021	11	Response	53	1565184	56876	1
021	11	Response	53	1570304	61997	1
021	11	Sound	test12	1579807	71500	1			71500		other	0
021	11	Picture	3-222-1-3	1638625	130317	7	5166	7	130000	5000	incorrect	100
021	11	Response	51	1652864	144557	1
021	12	Sound	P1/tapping	1684122	25000	1			25000		other	0
021	12	Response	53	1686464	27342	1
021	12	Response	53	1691104	31982	1
021	12	Response	53	1696064	36942	1
021	12	Response	53	1701584	42462	1
021	12	Response	53	1706304	47182	1
021	12	Response	53	1712064	52942	1
021	12	Response	53	1717904	58782	1
021	12	Response	53	1723344	64222	1
021	12	Sound	test03	1730622	71500	1			71500		other	0
021	12	Picture	3-222-1-3	1789439	130317	7	5166	7	130000	5000	hit	112
021	12	Response	62	1796784	137662	1
021	13	Sound	P2/beat1	1834937	25000	1			25000		other	0
021	13	Sound	test04	1881436	71500	1			71500		other	0
021	13	Picture	3-213-1-3	1940254	130317	7	5166	7	130000	5000	incorrect	116
021	13	Response	52	1948383	138447	1
021	14	Sound	P2/beat	1985751	25000	1			25000		other	0
021	14	Sound	f12	2032251	71500	1			71500		other	0
021	14	Picture	3-123-1-3	2091069	130317	7	5166	7	130000	5000	hit	120
021	14	Response	62	2100063	139312	2
021	15	Sound	P2/beat	2136566	25000	1			25000		other	0
021	15	Sound	test21	2183066	71500	1			71500		other	0
021	15	Picture	2-213-2-2	2241883	130317	7	5166	7	130000	5000	incorrect	124
021	15	Response	52	2251183	139617	2
021	16	Sound	P2/beat	2287381	25000	1			25000		other	0
021	16	Sound	test14	2333881	71500	1			71500		other	0
021	16	Picture	2-213-1-2	2392698	130317	7	5166	7	130000	5000	incorrect	128
021	16	Response	52	2401743	139362	1
021	17	Sound	P0/none1	2438195	25000	1			25000		other	0
021	17	Sound	f08	2484695	71500	1			71500		other	0
021	17	Picture	2-121-1-2	2543513	130317	7	5166	7	130000	5000	hit	132
021	17	Response	62	2551903	138708	1
021	18	Sound	P0/none	2589010	25000	1			25000		other	0
021	18	Sound	f05	2635510	71500	1			71500		other	0
021	18	Picture	3-121-1-3	2694327	130317	7	5166	7	130000	5000	hit	136
021	18	Response	62	2704143	140133	1
021	19	Sound	P0/none	2739824	25000	1			25000		other	0
021	19	Sound	n05	2786325	71500	1			71500		other	0
021	19	Picture	2-111-2-2	2845142	130317	7	5166	7	130000	5000	hit	140
021	19	Response	61	2854943	140118	1
021	20	Sound	P0/none	2890639	25000	1			25000		other	0
021	20	Sound	f13	2937139	71500	1			71500		other	0
021	20	Picture	2-111-1-2	2995957	130317	7	5166	7	130000	5000	incorrect	144
021	20	Response	52	3006303	140663	1
021	21	Sound	P2/beat1	3041454	25000	1			25000		other	0
021	21	Sound	f06	3087954	71500	1			71500		other	0
021	21	Picture	3-113-1-3	3146771	130317	7	5166	7	130000	5000	incorrect	148
021	21	Response	52	3154783	138329	1
021	22	Sound	P2/beat	3192269	25000	1			25000		other	0
021	22	Sound	n03	3238769	71500	1			71500		other	0
021	22	Picture	3-113-1-3	3297586	130317	7	5166	7	130000	5000	incorrect	152
021	22	Response	52	3308462	141194	1
021	23	Sound	P2/beat	3343083	25000	1			25000		other	0
021	23	Sound	f22	3389583	71500	1			71500		other	0
021	23	Picture	2-113-2-2	3448401	130317	7	5166	7	130000	5000	incorrect	156
021	23	Response	52	3458142	140059	2
021	24	Sound	P2/beat	3493898	25000	1			25000		other	0
021	24	Sound	test11	3540398	71500	1			71500		other	0
021	24	Picture	3-213-1-3	3599215	130317	7	5166	7	130000	5000	hit	160
021	24	Response	61	3610862	141964	1
021	25	Sound	P2/both1	3644713	25000	1			25000		other	0
021	25	Response	53	3646383	26670	2
021	25	Response	53	3651422	31709	2
021	25	Response	53	3656942	37229	1
021	25	Response	53	3662542	42830	2
021	25	Response	53	3668622	48909	2
021	25	Response	53	3674062	54349	1
021	25	Response	53	3679982	60269	1
021	25	Response	53	3686222	66509	1
021	25	Sound	test05	3691213	71500	1			71500		other	0
021	25	Picture	3-224-1-3	3750030	130317	7	5166	7	130000	5000	hit	172
021	25	Response	62	3759422	139709	1
021	26	Response	53	3795422	24895	1
021	26	Sound	P2/both	3795529	25001	1			25000		other	0
021	26	Response	53	3801103	30575	2
021	26	Response	53	3807422	36895	2
021	26	Response	53	3813343	42815	3
021	26	Response	53	3819262	48735	1
021	26	Response	53	3825822	55295	1
021	26	Response	53	3831743	61215	2
021	26	Response	53	3837662	67134	1
021	26	Sound	n12	3842027	71500	1			71500		other	0
021	26	Picture	2-114-2-2	3900845	130317	7	5166	7	130000	5000	incorrect	184
021	26	Response	52	3910622	140094	1
021	27	Sound	P2/both	3946342	25000	1			25000		other	0
021	27	Response	53	3947903	26561	2
021	27	Response	53	3952621	31279	2
021	27	Response	53	3957901	36559	1
021	27	Response	53	3963181	41839	1
021	27	Response	53	3970142	48800	2
021	27	Response	53	3977423	56080	2
021	27	Response	53	3983101	61759	1
021	27	Response	53	3987901	66559	1
021	27	Sound	n10	3992842	71500	1			71500		other	0
021	27	Picture	2-124-1-2	4051659	130317	7	5166	7	130000	5000	incorrect	196
021	27	Response	51	4065022	143680	1
021	28	Sound	P2/both	4097157	25000	1			25000		other	0
021	28	Response	53	4100462	28305	1
021	28	Response	53	4104542	32385	1
021	28	Response	53	4109182	37026	2
021	28	Response	53	4115422	43265	1
021	28	Response	53	4120862	48705	2
021	28	Response	53	4126302	54145	1
021	28	Response	53	4133262	61105	1
021	28	Response	53	4139022	66865	2
021	28	Sound	test25	4143657	71500	1			71500		other	0
021	28	Picture	2-214-1-2	4202474	130317	7	5166	7	130000	5000	hit	208
021	28	Response	61	4212222	140065	2
021	29	Sound	P0/none1	4247971	25000	1			25000		other	0
021	29	Sound	f18	4294471	71500	1			71500		other	0
021	29	Picture	2-121-2-2	4353289	130317	7	5166	7	130000	5000	incorrect	212
021	29	Response	51	4362781	139810	1
021	30	Sound	P0/none	4398786	25000	1			25000		other	0
021	30	Sound	test10	4445286	71500	1			71500		other	0
021	30	Picture	3-221-1-3	4504103	130317	7	5166	7	130000	5000	hit	216
021	30	Response	62	4512701	138915	1
021	31	Sound	P0/none	4549601	25000	1			25000		other	0
021	31	Sound	test19	4596100	71500	1			71500		other	0
021	31	Picture	3-221-1-3	4654918	130317	7	5166	7	130000	5000	hit	220
021	31	Response	62	4668061	143460	2
021	32	Sound	P0/none	4700415	25000	1			25000		other	0
021	32	Sound	test18	4746915	71500	1			71500		other	0
021	32	Picture	2-211-1-2	4805733	130317	7	5166	7	130000	5000	incorrect	224
021	32	Response	52	4817821	142406	1
021	33	Sound	P1/tapping1	4851230	25000	1			25000		other	0
021	33	Response	53	4852941	26711	2
021	33	Response	53	4858222	31992	1
021	33	Response	53	4863501	37271	1
021	33	Response	53	4869181	42951	2
021	33	Response	53	4875821	49591	1
021	33	Response	53	4881741	55511	1
021	33	Response	53	4886701	60470	1
021	33	Response	53	4892061	65831	1
021	33	Sound	f11	4897730	71500	1			71500		other	0
021	33	Picture	3-122-1-3	4956547	130317	7	5166	7	130000	5000	hit	236
021	33	Response	62	4964941	138711	1
021	34	Sound	P1/tapping	5002045	25000	1			25000		other	0
021	34	Response	53	5002301	25256	1
021	34	Response	53	5008060	31016	1
021	34	Response	53	5013740	36695	1
021	34	Response	53	5019340	42296	2
021	34	Response	53	5024781	47736	1
021	34	Response	53	5030461	53416	1
021	34	Response	53	5038060	61016	1
021	34	Response	53	5043501	66456	1
021	34	Sound	n07	5048544	71500	1			71500		other	0
021	34	Picture	3-212-1-3	5107362	130317	7	5166	7	130000	5000	incorrect	248
021	34	Response	52	5117341	140296	1
021	35	Sound	P1/tapping	5152859	25000	1			25000		other	0
021	35	Response	53	5154861	27001	2
021	35	Response	53	5160301	32441	2
021	35	Response	53	5165341	37481	1
021	35	Response	53	5170941	43081	1
021	35	Response	53	5176221	48361	2
021	35	Response	53	5181501	53641	1
021	35	Response	53	5186701	58841	1
021	35	Response	53	5191421	63561	1
021	35	Sound	test09	5199359	71500	1			71500		other	0
021	35	Picture	3-212-1-3	5258177	130317	7	5166	7	130000	5000	incorrect	260
021	35	Response	52	5271261	143401	1
021	36	Sound	P1/tapping	5303674	25000	1			25000		other	0
021	36	Response	53	5305741	27067	1
021	36	Response	53	5310460	31786	1
021	36	Response	53	5316381	37706	1
021	36	Response	53	5321260	42586	2
021	36	Response	53	5325820	47146	1
021	36	Response	53	5331261	52586	1
021	36	Response	53	5337180	58506	2
021	36	Response	53	5343100	64426	1
021	36	Sound	test22	5350174	71500	1			71500		other	0
021	36	Picture	2-222-2-2	5408991	130317	7	5166	7	130000	5000	hit	272
021	36	Response	62	5418541	139866	2
021	37	Sound	P2/beat1	5454488	25000	1			25000		other	0
021	37	Response	53	5457580	28091	1
021	37	Response	53	5464220	34732	1
021	37	Sound	f14	5500989	71500	1			71500		other	0
021	37	Picture	2-113-2-2	5559806	130317	7	5166	7	130000	5000	hit	278
021	37	Response	61	5571821	142332	2
021	38	Sound	P2/beat	5605303	25000	1			25000		other	0
021	38	Sound	test17	5651803	71500	1			71500		other	0
021	38	Picture	3-223-1-3	5710621	130317	7	5166	7	130000	5000	hit	282
021	38	Response	62	5718700	138397	1
021	39	Sound	P2/beat	5756118	25000	1			25000		other	0
021	39	Sound	n14	5802618	71500	1			71500		other	0
021	39	Picture	2-123-2-2	5861435	130317	7	5166	7	130000	5000	hit	286
021	39	Response	62	5870300	139182	1
021	40	Sound	P2/beat	5906932	25000	1			25000		other	0
021	40	Sound	f01	5953432	71500	1			71500		other	0
021	40	Picture	3-123-1-3	6012250	130317	7	5166	7	130000	5000	hit	290
021	40	Response	62	6025980	144047	1
021	41	Sound	P2/both1	6057747	25000	1			25000		other	0
021	41	Response	53	6060221	27473	1
021	41	Response	53	6064699	31952	2
021	41	Response	53	6070140	37392	1
021	41	Response	53	6075100	42353	2
021	41	Response	53	6082060	49312	1
021	41	Response	53	6088060	55312	1
021	41	Response	53	6093979	61232	1
021	41	Response	53	6099340	66592	2
021	41	Sound	n06	6104247	71500	1			71500		other	0
021	41	Picture	2-214-2-2	6163065	130317	7	5166	7	130000	5000	hit	302
021	41	Response	61	6176940	144193	1
021	42	Sound	P2/both	6208562	25000	1			25000		other	0
021	42	Response	53	6213260	29698	1
021	42	Response	53	6219420	35858	2
021	42	Response	53	6226379	42818	1
021	42	Response	53	6233020	49458	2
021	42	Response	53	6238459	54897	1
021	42	Response	53	6243979	60417	2
021	42	Response	53	6249579	66017	2
021	42	Sound	f23	6255062	71500	1			71500		other	0
021	42	Picture	3-124-1-3	6313879	130317	7	5166	7	130000	5000	hit	313
021	42	Response	62	6322939	139377	1
021	43	Response	53	6356699	22323	1
021	43	Sound	P2/both	6359376	25000	1			25000		other	0
021	43	Response	53	6364619	30243	1
021	43	Response	53	6370139	35763	1
021	43	Response	53	6376459	42082	1
021	43	Response	53	6382539	48163	2
021	43	Response	53	6389099	54723	2
021	43	Response	53	6395339	60962	2
021	43	Response	53	6401339	66962	1
021	43	Sound	test02	6405876	71500	1			71500		other	0
021	43	Picture	3-214-1-3	6464694	130317	7	5166	7	130000	5000	incorrect	325
021	43	Response	52	6474379	140002	2
021	44	Response	53	6505819	20628	1
021	44	Sound	P2/both	6510191	25000	1			25000		other	0
021	44	Response	53	6512539	27348	2
021	44	Response	53	6517179	31988	1
021	44	Response	53	6521980	36789	2
021	44	Response	53	6527979	42788	1
021	44	Response	53	6534059	48868	1
021	44	Response	53	6539899	54708	1
021	44	Response	53	6545339	60148	1
021	44	Response	53	6550779	65588	1
021	44	Sound	test08	6556691	71500	1			71500		other	0
021	44	Picture	3-214-1-3	6615508	130317	7	5166	7	130000	5000	incorrect	338
021	44	Response	52	6624619	139428	1
021	45	Sound	P0/none1	6661006	25000	1			25000		other	0
021	45	Sound	f10	6707506	71500	1			71500		other	0
021	45	Picture	3-121-1-3	6766323	130317	7	5166	7	130000	5000	hit	342
021	45	Response	62	6777179	141173	1
021	46	Sound	P0/none	6811820	25000	1			25000		other	0
021	46	Sound	f04	6858320	71500	1			71500		other	0
021	46	Picture	3-121-1-3	6917138	130317	7	5166	7	130000	5000	hit	346
021	46	Response	62	6925739	138918	1
021	47	Sound	P0/none	6962635	25000	1			25000		other	0
021	47	Sound	n11	7009135	71500	1			71500		other	0
021	47	Picture	3-121-2-3	7067952	130317	7	5166	7	130000	5000	hit	350
021	47	Response	62	7076299	138664	1
021	48	Sound	P0/none	7113450	25000	1			25000		other	0
021	48	Sound	test16	7159950	71500	1			71500		other	0
021	48	Picture	2-221-1-2	7218767	130317	7	5166	7	130000	5000	hit	354
021	48	Response	62	7229259	140809	1
021	49	Sound	P2/beat1	7264264	25000	1			25000		other	0
021	49	Sound	test13	7310765	71500	1			71500		other	0
021	49	Picture	2-223-1-2	7369582	130317	7	5166	7	130000	5000	hit	358
021	49	Response	62	7378299	139034	1
021	50	Sound	P2/beat	7415079	25000	1			25000		other	0
021	50	Sound	f21	7461579	71500	1			71500		other	0
021	50	Picture	2-113-2-2	7520396	130317	7	5166	7	130000	5000	hit	362
021	50	Response	61	7530458	140379	1
021	51	Sound	P2/beat	7565894	25000	1			25000		other	0
021	51	Sound	n13	7612394	71500	1			71500		other	0
021	51	Picture	2-213-1-2	7671211	130317	7	5166	7	130000	5000	incorrect	366
021	51	Response	52	7681179	140285	2
021	52	Sound	P2/beat	7716709	25000	1			25000		other	0
021	52	Sound	f09	7763208	71500	1			71500		other	0
021	52	Picture	3-123-1-3	7822026	130317	7	5166	7	130000	5000	hit	370
021	52	Response	62	7830778	139070	1
021	53	Response	53	7867418	24895	1
021	53	Sound	P2/both1	7867523	25000	1			25000		other	0
021	53	Response	53	7873018	30495	2
021	53	Response	53	7879818	37295	1
021	53	Response	53	7885578	43055	1
021	53	Response	53	7891019	48495	2
021	53	Response	53	7897018	54495	1
021	53	Response	53	7903018	60495	1
021	53	Response	53	7909178	66655	2
021	53	Sound	f07	7914023	71500	1			71500		other	0
021	53	Picture	3-114-1-3	7972841	130317	7	5166	7	130000	5000	incorrect	382
021	53	Response	52	7983258	140735	1
021	54	Response	53	8018139	24801	2
021	54	Sound	P2/both	8018338	25000	1			25000		other	0
021	54	Response	53	8025338	32000	1
021	54	Response	53	8030058	36720	1
021	54	Response	53	8035178	41840	1
021	54	Response	53	8041258	47920	1
021	54	Response	53	8048218	54880	1
021	54	Response	53	8053978	60640	1
021	54	Response	53	8059979	66641	2
021	54	Sound	test23	8064838	71500	1			71500		other	0
021	54	Picture	2-214-2-2	8123655	130317	7	5166	7	130000	5000	incorrect	394
021	54	Response	52	8135178	141840	1
021	55	Sound	P2/both	8169152	25000	1			25000		other	0
021	55	Response	53	8170858	26705	1
021	55	Response	53	8175258	31106	1
021	55	Response	53	8180378	36225	1
021	55	Response	53	8186459	42306	2
021	55	Response	53	8193738	49585	1
021	55	Response	53	8199338	55185	1
021	55	Response	53	8205738	61585	1
021	55	Response	53	8211258	67105	1
021	55	Sound	f03	8215653	71500	1			71500		other	0
021	55	Picture	3-124-1-3	8274470	130317	7	5166	7	130000	5000	hit	406
021	55	Response	62	8283818	139665	1
021	56	Response	53	8319738	24770	2
021	56	Sound	P2/both	8319967	25000	1			25000		other	0
021	56	Response	53	8325497	30530	1
021	56	Response	53	8331337	36370	1
021	56	Response	53	8337497	42530	1
021	56	Response	53	8343338	48370	2
021	56	Response	53	8349657	54690	1
021	56	Response	53	8355657	60690	1
021	56	Response	53	8361577	66610	1
021	56	Sound	f20	8366467	71500	1			71500		other	0
021	56	Picture	2-114-2-2	8425285	130317	7	5166	7	130000	5000	hit	418
021	56	Response	61	8435417	140450	1
021	57	Sound	P1/tapping1	8470782	25000	1			25000		other	0
021	57	Response	53	8471978	26196	1
021	57	Response	53	8477018	31236	1
021	57	Response	53	8482938	37156	2
021	57	Response	53	8487978	42196	1
021	57	Response	53	8493017	47235	2
021	57	Response	53	8498778	52996	1
021	57	Response	53	8504298	58516	2
021	57	Response	53	8509418	63636	1
021	57	Response	53	8517178	71396	2
021	57	Sound	test01	8517282	71500	1			71500		other	0
021	57	Picture	3-222-1-3	8576099	130317	7	5166	7	130000	5000	hit	431
021	57	Response	62	8588218	142436	2
021	58	Response	53	8619657	23061	1
021	58	Sound	P1/tapping	8621596	25000	1			25000		other	0
021	58	Response	53	8625657	29061	1
021	58	Response	53	8631578	34981	1
021	58	Response	53	8636937	40340	1
021	58	Response	53	8643498	46901	1
021	58	Response	53	8649817	53220	1
021	58	Response	53	8655577	58980	1
021	58	Response	53	8661897	65300	1
021	58	Sound	n04	8668096	71500	1			71500		other	0
021	58	Picture	3-212-1-3	8726914	130317	7	5166	7	130000	5000	incorrect	443
021	58	Response	52	8736057	139460	1
021	59	Response	53	8769817	22406	1
021	59	Sound	P1/tapping	8772411	25000	1			25000		other	0
021	59	Response	53	8776937	29526	1
021	59	Response	53	8782938	35526	2
021	59	Response	53	8789657	42246	1
021	59	Response	53	8794937	47526	1
021	59	Response	53	8800937	53526	1
021	59	Response	53	8806537	59126	1
021	59	Response	53	8813177	65766	1
021	59	Sound	f19	8818911	71500	1			71500		other	0
021	59	Picture	2-122-2-2	8877729	130317	7	5166	7	130000	5000	hit	455
021	59	Response	62	8886697	139286	1
021	60	Response	53	8921897	23671	1
021	60	Sound	P1/tapping	8923226	25000	1			25000		other	0
021	60	Response	53	8928057	29831	2
021	60	Response	53	8935017	36791	2
021	60	Response	53	8941017	42791	2
021	60	Response	53	8946617	48391	2
021	60	Response	53	8952057	53831	1
021	60	Response	53	8957177	58951	2
021	60	Response	53	8962457	64231	2
021	60	Sound	f24	8969726	71500	1			71500		other	0
021	60	Picture	2-122-1-2	9028543	130317	7	5166	7	130000	5000	hit	467
021	60	Response	62	9038617	140391	1


Event Type	Code	Type	Response	RT	RT Uncertainty	Time	Uncertainty	Duration	Uncertainty	ReqTime	ReqDur

Sound	P2/both1	other				25160	1			25000
Sound	test06	other				71660	1			71500
Picture	3-224-1-3	hit	2	8627	7	130478	7	5166	7	130000	5000
Sound	P2/both	other				175975	1			25000
Sound	f17	other				222475	1			71500
Picture	2-114-2-2	incorrect	2	8613	7	281292	7	5166	7	130000	5000
Sound	P2/both	other				326789	1			25000
Sound	f02	other				373290	1			71500
Picture	3-114-2-3	hit	1	6918	7	432107	7	5166	7	130000	5000
Sound	P2/both	other				477604	1			25000
Sound	n09	other				524104	1			71500
Picture	2-214-2-2	hit	1	6983	8	582922	7	5166	7	130000	5000
Sound	P0/none1	other				628419	1			25000
Sound	test15	other				674919	1			71500
Picture	2-211-1-2	incorrect	2	10328	7	733737	7	5166	7	130000	5000
Sound	P0/none	other				779234	1			25000
Sound	test07	other				825734	1			71500
Picture	3-221-1-3	hit	2	7834	7	884551	7	5166	7	130000	5000
Sound	P0/none	other				930049	1			25000
Sound	f16	other				976549	1			71500
Picture	2-121-1-2	hit	2	9578	7	1035366	7	5166	7	130000	5000
Sound	P0/none	other				1080863	1			25000
Sound	f15	other				1127363	1			71500
Picture	2-111-2-2	incorrect	2	7644	7	1186180	7	5166	7	130000	5000
Sound	P1/tapping1	other				1231678	1			25000
Sound	test24	other				1278178	1			71500
Picture	2-212-2-2	incorrect	2	8029	8	1336995	7	5166	7	130000	5000
Sound	P1/tapping	other				1382493	1			25000
Sound	n01	other				1428993	1			71500
Picture	2-222-1-2	hit	2	9854	9	1487810	7	5166	7	130000	5000
Sound	P1/tapping	other				1533307	1			25000
Sound	test12	other				1579807	1			71500
Picture	3-222-1-3	incorrect	1	14239	7	1638625	7	5166	7	130000	5000
Sound	P1/tapping	other				1684122	1			25000
Sound	test03	other				1730622	1			71500
Picture	3-222-1-3	hit	2	7345	7	1789439	7	5166	7	130000	5000
Sound	P2/beat1	other				1834937	1			25000
Sound	test04	other				1881436	1			71500
Picture	3-213-1-3	incorrect	2	8130	7	1940254	7	5166	7	130000	5000
Sound	P2/beat	other				1985751	1			25000
Sound	f12	other				2032251	1			71500
Picture	3-123-1-3	hit	2	8995	8	2091069	7	5166	7	130000	5000
Sound	P2/beat	other				2136566	1			25000
Sound	test21	other				2183066	1			71500
Picture	2-213-2-2	incorrect	2	9300	8	2241883	7	5166	7	130000	5000
Sound	P2/beat	other				2287381	1			25000
Sound	test14	other				2333881	1			71500
Picture	2-213-1-2	incorrect	2	9045	7	2392698	7	5166	7	130000	5000
Sound	P0/none1	other				2438195	1			25000
Sound	f08	other				2484695	1			71500
Picture	2-121-1-2	hit	2	8391	7	2543513	7	5166	7	130000	5000
Sound	P0/none	other				2589010	1			25000
Sound	f05	other				2635510	1			71500
Picture	3-121-1-3	hit	2	9816	7	2694327	7	5166	7	130000	5000
Sound	P0/none	other				2739824	1			25000
Sound	n05	other				2786325	1			71500
Picture	2-111-2-2	hit	1	9801	7	2845142	7	5166	7	130000	5000
Sound	P0/none	other				2890639	1			25000
Sound	f13	other				2937139	1			71500
Picture	2-111-1-2	incorrect	2	10346	7	2995957	7	5166	7	130000	5000
Sound	P2/beat1	other				3041454	1			25000
Sound	f06	other				3087954	1			71500
Picture	3-113-1-3	incorrect	2	8011	7	3146771	7	5166	7	130000	5000
Sound	P2/beat	other				3192269	1			25000
Sound	n03	other				3238769	1			71500
Picture	3-113-1-3	incorrect	2	10876	7	3297586	7	5166	7	130000	5000
Sound	P2/beat	other				3343083	1			25000
Sound	f22	other				3389583	1			71500
Picture	2-113-2-2	incorrect	2	9742	8	3448401	7	5166	7	130000	5000
Sound	P2/beat	other				3493898	1			25000
Sound	test11	other				3540398	1			71500
Picture	3-213-1-3	hit	1	11647	7	3599215	7	5166	7	130000	5000
Sound	P2/both1	other				3644713	1			25000
Sound	test05	other				3691213	1			71500
Picture	3-224-1-3	hit	2	9392	7	3750030	7	5166	7	130000	5000
Sound	P2/both	other				3795529	1			25000
Sound	n12	other				3842027	1			71500
Picture	2-114-2-2	incorrect	2	9777	7	3900845	7	5166	7	130000	5000
Sound	P2/both	other				3946342	1			25000
Sound	n10	other				3992842	1			71500
Picture	2-124-1-2	incorrect	1	13362	7	4051659	7	5166	7	130000	5000
Sound	P2/both	other				4097157	1			25000
Sound	test25	other				4143657	1			71500
Picture	2-214-1-2	hit	1	9748	8	4202474	7	5166	7	130000	5000
Sound	P0/none1	other				4247971	1			25000
Sound	f18	other				4294471	1			71500
Picture	2-121-2-2	incorrect	1	9493	7	4353289	7	5166	7	130000	5000
Sound	P0/none	other				4398786	1			25000
Sound	test10	other				4445286	1			71500
Picture	3-221-1-3	hit	2	8598	7	4504103	7	5166	7	130000	5000
Sound	P0/none	other				4549601	1			25000
Sound	test19	other				4596100	1			71500
Picture	3-221-1-3	hit	2	13143	8	4654918	7	5166	7	130000	5000
Sound	P0/none	other				4700415	1			25000
Sound	test18	other				4746915	1			71500
Picture	2-211-1-2	incorrect	2	12089	7	4805733	7	5166	7	130000	5000
Sound	P1/tapping1	other				4851230	1			25000
Sound	f11	other				4897730	1			71500
Picture	3-122-1-3	hit	2	8393	7	4956547	7	5166	7	130000	5000
Sound	P1/tapping	other				5002045	1			25000
Sound	n07	other				5048544	1			71500
Picture	3-212-1-3	incorrect	2	9979	7	5107362	7	5166	7	130000	5000
Sound	P1/tapping	other				5152859	1			25000
Sound	test09	other				5199359	1			71500
Picture	3-212-1-3	incorrect	2	13084	7	5258177	7	5166	7	130000	5000
Sound	P1/tapping	other				5303674	1			25000
Sound	test22	other				5350174	1			71500
Picture	2-222-2-2	hit	2	9549	8	5408991	7	5166	7	130000	5000
Sound	P2/beat1	other				5454488	1			25000
Sound	f14	other				5500989	1			71500
Picture	2-113-2-2	hit	1	12015	8	5559806	7	5166	7	130000	5000
Sound	P2/beat	other				5605303	1			25000
Sound	test17	other				5651803	1			71500
Picture	3-223-1-3	hit	2	8080	7	5710621	7	5166	7	130000	5000
Sound	P2/beat	other				5756118	1			25000
Sound	n14	other				5802618	1			71500
Picture	2-123-2-2	hit	2	8865	7	5861435	7	5166	7	130000	5000
Sound	P2/beat	other				5906932	1			25000
Sound	f01	other				5953432	1			71500
Picture	3-123-1-3	hit	2	13730	7	6012250	7	5166	7	130000	5000
Sound	P2/both1	other				6057747	1			25000
Sound	n06	other				6104247	1			71500
Picture	2-214-2-2	hit	1	13876	7	6163065	7	5166	7	130000	5000
Sound	P2/both	other				6208562	1			25000
Sound	f23	other				6255062	1			71500
Picture	3-124-1-3	hit	2	9060	7	6313879	7	5166	7	130000	5000
Sound	P2/both	other				6359376	1			25000
Sound	test02	other				6405876	1			71500
Picture	3-214-1-3	incorrect	2	9685	8	6464694	7	5166	7	130000	5000
Sound	P2/both	other				6510191	1			25000
Sound	test08	other				6556691	1			71500
Picture	3-214-1-3	incorrect	2	9111	7	6615508	7	5166	7	130000	5000
Sound	P0/none1	other				6661006	1			25000
Sound	f10	other				6707506	1			71500
Picture	3-121-1-3	hit	2	10856	7	6766323	7	5166	7	130000	5000
Sound	P0/none	other				6811820	1			25000
Sound	f04	other				6858320	1			71500
Picture	3-121-1-3	hit	2	8601	7	6917138	7	5166	7	130000	5000
Sound	P0/none	other				6962635	1			25000
Sound	n11	other				7009135	1			71500
Picture	3-121-2-3	hit	2	8346	7	7067952	7	5166	7	130000	5000
Sound	P0/none	other				7113450	1			25000
Sound	test16	other				7159950	1			71500
Picture	2-221-1-2	hit	2	10491	7	7218767	7	5166	7	130000	5000
Sound	P2/beat1	other				7264264	1			25000
Sound	test13	other				7310765	1			71500
Picture	2-223-1-2	hit	2	8717	7	7369582	7	5166	7	130000	5000
Sound	P2/beat	other				7415079	1			25000
Sound	f21	other				7461579	1			71500
Picture	2-113-2-2	hit	1	10062	7	7520396	7	5166	7	130000	5000
Sound	P2/beat	other				7565894	1			25000
Sound	n13	other				7612394	1			71500
Picture	2-213-1-2	incorrect	2	9968	8	7671211	7	5166	7	130000	5000
Sound	P2/beat	other				7716709	1			25000
Sound	f09	other				7763208	1			71500
Picture	3-123-1-3	hit	2	8752	7	7822026	7	5166	7	130000	5000
Sound	P2/both1	other				7867523	1			25000
Sound	f07	other				7914023	1			71500
Picture	3-114-1-3	incorrect	2	10417	7	7972841	7	5166	7	130000	5000
Sound	P2/both	other				8018338	1			25000
Sound	test23	other				8064838	1			71500
Picture	2-214-2-2	incorrect	2	11523	7	8123655	7	5166	7	130000	5000
Sound	P2/both	other				8169152	1			25000
Sound	f03	other				8215653	1			71500
Picture	3-124-1-3	hit	2	9348	7	8274470	7	5166	7	130000	5000
Sound	P2/both	other				8319967	1			25000
Sound	f20	other				8366467	1			71500
Picture	2-114-2-2	hit	1	10133	7	8425285	7	5166	7	130000	5000
Sound	P1/tapping1	other				8470782	1			25000
Sound	test01	other				8517282	1			71500
Picture	3-222-1-3	hit	2	12118	8	8576099	7	5166	7	130000	5000
Sound	P1/tapping	other				8621596	1			25000
Sound	n04	other				8668096	1			71500
Picture	3-212-1-3	incorrect	2	9143	7	8726914	7	5166	7	130000	5000
Sound	P1/tapping	other				8772411	1			25000
Sound	f19	other				8818911	1			71500
Picture	2-122-2-2	hit	2	8969	7	8877729	7	5166	7	130000	5000
Sound	P1/tapping	other				8923226	1			25000
Sound	f24	other				8969726	1			71500
Picture	2-122-1-2	hit	2	10074	7	9028543	7	5166	7	130000	5000


{
   "app": "Presentation Version 22.1 Build 01.21.21",
   "device": "Dell Inc. OptiPlex 7050",
   "experiment": "{C8E97CB4-6FCA-44FA-B866-4A2D94B6B85C}",
   "os": "Windows 10 64 bit",
   "package": "",
   "parameters": {
      "configuration": "Default configuration"
   },
   "scenario": "entrain_list1_sess4_EB.sce",
   "subject": "021",
   "timestamp": "2022/11/18 10:10:42 GMT"
}
