Scenario - test
Logfile written - 11/18/2022 11:06:36

Subject	Trial	Event Type	Code	Time	TTime	Uncertainty	Duration	Uncertainty	ReqTime	ReqDur	Stim Type	Pair Index

021	1	Sound	P0/none1	25129	24802	1			25000		other	0
021	1	Sound	f01	71822	71495	1			71500		other	0
021	1	Picture	2-111-1-2	130644	130317	7	5166	7	130000	5000	hit	4
021	1	Response	61	140345	140018	1
021	2	Sound	P0/none	176129	24987	1			25000		other	0
021	2	Sound	test01	222640	71499	1			71500		other	0
021	2	Picture	2-211-1-2	281459	130317	7	5166	7	130000	5000	hit	8
021	2	Response	61	293466	142324	2
021	3	Sound	P0/none	326950	24993	1			25000		other	0
021	3	Sound	test22	373455	71499	1			71500		other	0
021	3	Picture	3-211-1-3	432274	130317	7	5166	7	130000	5000	hit	12
021	3	Response	61	441865	139909	1
021	4	Sound	P0/none	477767	24995	1			25000		other	0
021	4	Sound	f07	524271	71499	1			71500		other	0
021	4	Picture	2-121-1-2	583088	130317	7	5166	7	130000	5000	hit	16
021	4	Response	62	592665	139894	1
021	5	Sound	P2/beat1	628583	24997	1			25000		other	0
021	5	Sound	f03	675085	71499	1			71500		other	0
021	5	Picture	2-123-1-2	733903	130317	7	5166	7	130000	5000	hit	20
021	5	Response	62	744185	140599	1
021	6	Sound	P2/beat	779398	24997	1			25000		other	0
021	6	Sound	n12	825900	71500	1			71500		other	0
021	6	Picture	3-123-1-3	884718	130317	7	5166	7	130000	5000	hit	24
021	6	Response	62	895705	141304	1
021	7	Sound	P2/beat	930213	24998	1			25000		other	0
021	7	Sound	test10	976715	71499	1			71500		other	0
021	7	Picture	2-213-1-2	1035533	130317	7	5166	7	130000	5000	incorrect	28
021	7	Response	52	1044505	139289	1
021	8	Sound	P2/beat	1081028	24998	1			25000		other	0
021	8	Sound	f17	1127530	71500	1			71500		other	0
021	8	Picture	3-113-1-3	1186347	130317	7	5166	7	130000	5000	hit	32
021	8	Response	61	1192985	136954	1
021	9	Sound	P0/none1	1231843	24998	1			25000		other	0
021	9	Sound	f09	1278345	71500	1			71500		other	0
021	9	Picture	2-111-1-2	1337162	130317	7	5166	7	130000	5000	incorrect	36
021	9	Response	52	1345384	138540	1
021	10	Sound	P0/none	1382658	24998	1			25000		other	0
021	10	Sound	test02	1429159	71500	1			71500		other	0
021	10	Picture	2-221-1-2	1487977	130317	7	5166	7	130000	5000	incorrect	40
021	10	Response	51	1500585	142926	1
021	11	Sound	P0/none	1533473	24998	1			25000		other	0
021	11	Sound	f20	1579974	71500	1			71500		other	0
021	11	Picture	3-121-1-3	1638792	130317	7	5166	7	130000	5000	hit	44
021	11	Response	62	1648744	140270	1
021	12	Sound	P0/none	1684287	24998	1			25000		other	0
021	12	Sound	test21	1730789	71500	1			71500		other	0
021	12	Picture	3-221-1-3	1789606	130317	7	5166	7	130000	5000	hit	48
021	12	Response	62	1798024	138735	1
021	13	Sound	P1/tapping1	1835102	24999	1			25000		other	0
021	13	Response	53	1837224	27121	1
021	13	Response	53	1842424	32320	2
021	13	Response	53	1848024	37920	1
021	13	Response	53	1853384	43280	1
021	13	Response	53	1860344	50240	1
021	13	Response	53	1866184	56080	1
021	13	Response	53	1871624	61520	1
021	13	Response	53	1877384	67280	1
021	13	Sound	test04	1881603	71500	1			71500		other	0
021	13	Picture	2-212-1-2	1940421	130317	7	5166	7	130000	5000	incorrect	60
021	13	Response	52	1949064	138960	1
021	14	Sound	P1/tapping	1985917	24999	1			25000		other	0
021	14	Response	53	1988024	27106	1
021	14	Response	53	1992824	31905	1
021	14	Response	53	1999464	38546	1
021	14	Response	53	2004824	43905	1
021	14	Response	53	2009704	48785	1
021	14	Response	53	2015384	54465	1
021	14	Response	53	2022265	61346	3
021	14	Response	53	2028344	67425	1
021	14	Sound	test23	2032418	71500	1			71500		other	0
021	14	Picture	3-222-1-3	2091236	130317	7	5166	7	130000	5000	incorrect	72
021	14	Response	51	2101624	140706	1
021	15	Response	53	2135304	23570	2
021	15	Sound	P1/tapping	2136732	24999	1			25000		other	0
021	15	Response	53	2143464	31731	1
021	15	Response	53	2148985	37251	3
021	15	Response	53	2154023	42290	1
021	15	Response	53	2159224	47491	2
021	15	Response	53	2165224	53491	3
021	15	Response	53	2171144	59411	1
021	15	Response	53	2177704	65971	2
021	15	Sound	test06	2183233	71500	1			71500		other	0
021	15	Picture	2-222-1-2	2242050	130317	7	5166	7	130000	5000	hit	84
021	15	Response	62	2250824	139091	2
021	16	Response	53	2284664	22116	2
021	16	Sound	P1/tapping	2287547	24999	1			25000		other	0
021	16	Response	53	2291864	29316	2
021	16	Response	53	2299385	36837	2
021	16	Response	53	2305864	43316	1
021	16	Response	53	2312184	49636	1
021	16	Response	53	2318504	55956	2
021	16	Response	53	2324344	61796	1
021	16	Response	53	2330103	67555	1
021	16	Sound	test07	2334048	71500	1			71500		other	0
021	16	Picture	2-212-1-2	2392865	130317	7	5166	7	130000	5000	incorrect	96
021	16	Response	52	2401224	138676	1
021	17	Sound	P2/both1	2438362	24999	1			25000		other	0
021	17	Response	53	2440103	26741	1
021	17	Response	53	2444903	31541	1
021	17	Response	53	2449943	36581	1
021	17	Response	53	2456104	42741	2
021	17	Response	53	2461943	48581	1
021	17	Response	53	2468264	54901	2
021	17	Response	53	2475223	61861	1
021	17	Response	53	2480423	67061	2
021	17	Sound	n01	2484863	71500	1			71500		other	0
021	17	Picture	3-214-1-3	2543680	130317	7	5166	7	130000	5000	incorrect	108
021	17	Response	52	2554183	140821	2
021	18	Sound	P2/both	2589176	24999	1			25000		other	0
021	18	Response	53	2591223	27046	1
021	18	Response	53	2595863	31686	2
021	18	Response	53	2601383	37206	1
021	18	Response	53	2606983	42806	1
021	18	Response	53	2612663	48486	1
021	18	Response	53	2618743	54566	1
021	18	Response	53	2625063	60886	1
021	18	Response	53	2630263	66086	1
021	18	Sound	f22	2635677	71500	1			71500		other	0
021	18	Picture	3-124-1-3	2694494	130317	7	5166	7	130000	5000	hit	120
021	18	Response	62	2704903	140726	1
021	19	Sound	P2/both	2739991	24999	1			25000		other	0
021	19	Response	53	2742664	27672	1
021	19	Response	53	2748183	33191	2
021	19	Response	53	2752583	37591	1
021	19	Response	53	2757543	42551	1
021	19	Response	53	2763143	48151	1
021	19	Response	53	2768983	53991	1
021	19	Response	53	2775303	60311	1
021	19	Response	53	2781383	66391	1
021	19	Sound	f19	2786492	71500	1			71500		other	0
021	19	Picture	3-114-1-3	2845309	130317	7	5166	7	130000	5000	hit	132
021	19	Response	61	2856743	141751	1
021	20	Response	53	2885463	19656	2
021	20	Sound	P2/both	2890806	24999	1			25000		other	0
021	20	Response	53	2892423	26616	1
021	20	Response	53	2897303	31496	1
021	20	Response	53	2902263	36456	1
021	20	Response	53	2908263	42456	1
021	20	Response	53	2914503	48696	1
021	20	Response	53	2920423	54616	1
021	20	Response	53	2926824	61017	1
021	20	Response	53	2932503	66696	1
021	20	Sound	test16	2937306	71500	1			71500		other	0
021	20	Picture	3-224-1-3	2996124	130317	7	5166	7	130000	5000	hit	145
021	20	Response	62	3004583	138776	1
021	21	Response	53	3041063	24441	1
021	21	Sound	P1/tapping1	3041621	24999	1			25000		other	0
021	21	Response	53	3046983	30361	1
021	21	Response	53	3052583	35962	1
021	21	Response	53	3058263	41641	1
021	21	Response	53	3063943	47322	1
021	21	Response	53	3071143	54521	1
021	21	Response	53	3077143	60521	1
021	21	Response	53	3084263	67641	1
021	21	Sound	test05	3088121	71500	1			71500		other	0
021	21	Picture	2-222-1-2	3146939	130317	7	5166	7	130000	5000	hit	157
021	21	Response	62	3156023	139402	2
021	22	Sound	P1/tapping	3192435	24999	1			25000		other	0
021	22	Response	53	3194103	26667	1
021	22	Response	53	3198823	31387	1
021	22	Response	53	3204983	37547	1
021	22	Response	53	3211383	43947	1
021	22	Response	53	3217703	50267	1
021	22	Response	53	3223383	55947	1
021	22	Response	53	3229463	62027	1
021	22	Response	53	3235622	68186	1
021	22	Sound	test08	3238936	71500	1			71500		other	0
021	22	Picture	2-212-1-2	3297753	130317	7	5166	7	130000	5000	incorrect	169
021	22	Response	52	3307063	139627	2
021	23	Response	53	3341543	23292	1
021	23	Sound	P1/tapping	3343250	24999	1			25000		other	0
021	23	Response	53	3348423	30172	1
021	23	Response	53	3355543	37292	1
021	23	Response	53	3360823	42572	1
021	23	Response	53	3367623	49372	1
021	23	Response	53	3372423	54172	1
021	23	Response	53	3378903	60652	1
021	23	Response	53	3385543	67292	1
021	23	Sound	test14	3389750	71500	1			71500		other	0
021	23	Picture	3-212-1-3	3448568	130317	7	5166	7	130000	5000	hit	181
021	23	Response	61	3459063	140812	2
021	24	Response	53	3492822	23757	1
021	24	Sound	P1/tapping	3494065	24999	1			25000		other	0
021	24	Response	53	3499462	30397	2
021	24	Response	53	3505622	36557	1
021	24	Response	53	3511462	42397	1
021	24	Response	53	3517622	48557	1
021	24	Response	53	3523303	54237	1
021	24	Response	53	3529702	60637	1
021	24	Response	53	3536102	67037	1
021	24	Sound	test19	3540565	71500	1			71500		other	0
021	24	Picture	3-212-1-3	3599383	130317	7	5166	7	130000	5000	incorrect	193
021	24	Response	52	3610502	141437	1
021	25	Sound	P2/beat1	3644879	24999	1			25000		other	0
021	25	Sound	f15	3691379	71499	1			71500		other	0
021	25	Picture	3-113-1-3	3750197	130317	7	5166	7	130000	5000	hit	197
021	25	Response	61	3758662	138782	2
021	26	Sound	P2/beat	3795694	24999	1			25000		other	0
021	26	Sound	f16	3842194	71500	1			71500		other	0
021	26	Picture	3-123-1-3	3901012	130317	7	5166	7	130000	5000	hit	201
021	26	Response	62	3910262	139567	1
021	27	Sound	P2/beat	3946509	24999	1			25000		other	0
021	27	Sound	f18	3993009	71500	1			71500		other	0
021	27	Picture	3-113-1-3	4051827	130317	7	5166	7	130000	5000	hit	205
021	27	Response	61	4057302	135792	1
021	28	Sound	P2/beat	4097323	24999	1			25000		other	0
021	28	Sound	test18	4143824	71500	1			71500		other	0
021	28	Picture	3-223-1-3	4202641	130317	7	5166	7	130000	5000	hit	209
021	28	Response	62	4210982	138658	1
021	29	Sound	P2/both1	4248138	24999	1			25000		other	0
021	29	Response	53	4249702	26563	1
021	29	Response	53	4254182	31043	1
021	29	Response	53	4259702	36563	1
021	29	Response	53	4266022	42883	1
021	29	Response	53	4271942	48803	1
021	29	Response	53	4277943	54804	2
021	29	Response	53	4283782	60643	1
021	29	Response	53	4289862	66723	1
021	29	Sound	f10	4294638	71500	1			71500		other	0
021	29	Picture	2-114-1-2	4353456	130317	7	5166	7	130000	5000	incorrect	221
021	29	Response	52	4361062	137923	2
021	30	Sound	P2/both	4398953	24999	1			25000		other	0
021	30	Response	53	4401222	27268	1
021	30	Response	53	4406022	32068	1
021	30	Response	53	4410982	37028	1
021	30	Response	53	4416422	42468	2
021	30	Response	53	4423782	49828	1
021	30	Response	53	4428662	54708	1
021	30	Response	53	4434342	60388	1
021	30	Response	53	4440022	66068	1
021	30	Sound	f12	4445453	71500	1			71500		other	0
021	30	Picture	2-114-1-2	4504271	130317	7	5166	7	130000	5000	hit	233
021	30	Response	61	4514901	140948	1
021	31	Sound	P2/both	4549767	24999	1			25000		other	0
021	31	Response	53	4552741	27973	1
021	31	Response	53	4556261	31493	1
021	31	Response	53	4561062	36294	1
021	31	Response	53	4566901	42133	1
021	31	Response	53	4573141	48373	1
021	31	Response	53	4579861	55093	1
021	31	Response	53	4585461	60693	1
021	31	Response	53	4590981	66213	1
021	31	Sound	n05	4596268	71500	1			71500		other	0
021	31	Picture	3-124-1-3	4655085	130317	7	5166	7	130000	5000	hit	245
021	31	Response	62	4664262	139494	1
021	32	Sound	P2/both	4700582	24999	1			25000		other	0
021	32	Response	53	4702581	26999	1
021	32	Response	53	4707142	31559	2
021	32	Response	53	4712182	36599	1
021	32	Response	53	4717541	41959	1
021	32	Response	53	4723381	47799	1
021	32	Response	53	4729462	53879	1
021	32	Response	53	4735781	60199	1
021	32	Response	53	4741142	65559	1
021	32	Sound	f13	4747083	71500	1			71500		other	0
021	32	Picture	3-124-1-3	4805900	130317	7	5166	7	130000	5000	hit	257
021	32	Response	62	4814501	138919	1
021	33	Sound	P0/none1	4851397	24999	1			25000		other	0
021	33	Sound	n09	4897897	71500	1			71500		other	0
021	33	Picture	3-211-1-3	4956715	130317	7	5166	7	130000	5000	hit	261
021	33	Response	61	4968181	141784	1
021	34	Sound	P0/none	5002212	25000	1			25000		other	0
021	34	Sound	test13	5048712	71500	1			71500		other	0
021	34	Picture	3-221-1-3	5107529	130317	7	5166	7	130000	5000	hit	265
021	34	Response	62	5116741	139529	2
021	35	Sound	P0/none	5153026	25000	1			25000		other	0
021	35	Sound	f11	5199526	71500	1			71500		other	0
021	35	Picture	2-111-1-2	5258344	130317	7	5166	7	130000	5000	incorrect	269
021	35	Response	52	5268821	140794	1
021	36	Sound	P0/none	5303841	25000	1			25000		other	0
021	36	Sound	test17	5350341	71500	1			71500		other	0
021	36	Picture	2-211-2-2	5409159	130317	7	5166	7	130000	5000	incorrect	273
021	36	Response	52	5420181	141339	1
021	37	Sound	P2/both1	5454655	24999	1			25000		other	0
021	37	Response	53	5456661	27005	1
021	37	Response	53	5461381	31725	1
021	37	Response	53	5466341	36685	1
021	37	Response	53	5472341	42685	1
021	37	Response	53	5478181	48525	1
021	37	Response	53	5485221	55565	1
021	37	Response	53	5490741	61085	2
021	37	Response	53	5496661	67005	1
021	37	Sound	f06	5501156	71500	1			71500		other	0
021	37	Picture	2-114-1-2	5559973	130317	7	5166	7	130000	5000	hit	285
021	37	Response	61	5568501	138845	1
021	38	Sound	P2/both	5605470	25000	1			25000		other	0
021	38	Response	53	5608181	27710	1
021	38	Response	53	5611860	31390	1
021	38	Response	53	5616660	36190	1
021	38	Response	53	5622501	42030	1
021	38	Response	53	5628181	47710	1
021	38	Response	53	5634420	53950	1
021	38	Response	53	5640741	60270	1
021	38	Response	53	5646341	65870	1
021	38	Sound	f24	5651970	71500	1			71500		other	0
021	38	Picture	3-114-1-3	5710788	130317	7	5166	7	130000	5000	hit	297
021	38	Response	61	5717700	137230	1
021	39	Sound	P2/both	5756285	24999	1			25000		other	0
021	39	Response	53	5761780	30495	1
021	39	Response	53	5766580	35295	1
021	39	Response	53	5772420	41135	3
021	39	Response	53	5778580	47295	2
021	39	Response	53	5784180	52895	1
021	39	Response	53	5790340	59055	2
021	39	Response	53	5796980	65695	1
021	39	Sound	f08	5802785	71500	1			71500		other	0
021	39	Picture	2-114-1-2	5861603	130317	7	5166	7	130000	5000	hit	308
021	39	Response	61	5868020	136735	1
021	40	Response	53	5905620	23520	1
021	40	Sound	P2/both	5907100	24999	1			25000		other	0
021	40	Response	53	5911860	29760	1
021	40	Response	53	5917780	35680	1
021	40	Response	53	5924580	42480	1
021	40	Response	53	5930580	48480	1
021	40	Response	53	5936180	54080	1
021	40	Response	53	5942420	60320	1
021	40	Response	53	5948660	66560	1
021	40	Sound	n04	5953600	71500	1			71500		other	0
021	40	Picture	2-224-1-2	6012417	130317	7	5166	7	130000	5000	hit	320
021	40	Response	62	6020660	138560	1
021	41	Sound	P2/beat1	6057914	25000	1			25000		other	0
021	41	Sound	test09	6104415	71500	1			71500		other	0
021	41	Picture	2-223-1-2	6163232	130317	7	5166	7	130000	5000	hit	324
021	41	Response	62	6173941	141026	2
021	42	Sound	P2/beat	6208729	25000	1			25000		other	0
021	42	Sound	test03	6255229	71500	1			71500		other	0
021	42	Picture	2-213-1-2	6314047	130317	7	5166	7	130000	5000	incorrect	328
021	42	Response	52	6323780	140051	2
021	43	Sound	P2/beat	6359544	24999	1			25000		other	0
021	43	Sound	n10	6406044	71500	1			71500		other	0
021	43	Picture	3-123-1-3	6464861	130317	7	5166	7	130000	5000	hit	332
021	43	Response	62	6474021	139476	2
021	44	Sound	P2/beat	6510358	25000	1			25000		other	0
021	44	Sound	test24	6556859	71500	1			71500		other	0
021	44	Picture	3-223-1-3	6615676	130317	7	5166	7	130000	5000	hit	336
021	44	Response	62	6627860	142501	2
021	45	Sound	P1/tapping1	6661173	25000	1			25000		other	0
021	45	Response	53	6663059	26886	1
021	45	Response	53	6667460	31286	1
021	45	Response	53	6673379	37206	1
021	45	Response	53	6678819	42646	1
021	45	Response	53	6684499	48326	1
021	45	Response	53	6690659	54486	1
021	45	Response	53	6696260	60087	2
021	45	Response	53	6702500	66326	1
021	45	Sound	f05	6707673	71500	1			71500		other	0
021	45	Picture	2-112-1-2	6766491	130317	7	5166	7	130000	5000	incorrect	348
021	45	Response	52	6775220	139047	2
021	46	Sound	P1/tapping	6811988	25000	1			25000		other	0
021	46	Response	53	6817859	30871	1
021	46	Response	53	6822979	35991	1
021	46	Response	53	6828579	41591	1
021	46	Response	53	6834580	47591	2
021	46	Response	53	6840099	53111	1
021	46	Response	53	6846579	59591	1
021	46	Response	53	6853860	66872	2
021	46	Sound	f04	6858488	71500	1			71500		other	0
021	46	Picture	2-122-1-2	6917305	130317	7	5166	7	130000	5000	hit	359
021	46	Response	62	6926660	139672	1
021	47	Response	53	6960019	22217	1
021	47	Sound	P1/tapping	6962803	25000	1			25000		other	0
021	47	Response	53	6966419	28617	2
021	47	Response	53	6972099	34297	1
021	47	Response	53	6978019	40217	1
021	47	Response	53	6983939	46137	1
021	47	Response	53	6989299	51497	1
021	47	Response	53	6995220	57417	2
021	47	Response	53	7001859	64057	2
021	47	Sound	n13	7009303	71500	1			71500		other	0
021	47	Picture	3-222-1-3	7068120	130317	7	5166	7	130000	5000	hit	371
021	47	Response	62	7077459	139657	1
021	48	Response	53	7112179	23562	1
021	48	Sound	P1/tapping	7113617	25000	1			25000		other	0
021	48	Response	53	7118579	29962	1
021	48	Response	53	7124419	35802	1
021	48	Response	53	7130259	41642	1
021	48	Response	53	7135619	47002	1
021	48	Response	53	7141219	52602	1
021	48	Response	53	7146979	58362	1
021	48	Response	53	7151939	63322	2
021	48	Sound	f21	7160117	71500	1			71500		other	0
021	48	Picture	3-112-1-3	7218935	130317	7	5166	7	130000	5000	incorrect	383
021	48	Response	52	7229380	140762	3
021	49	Sound	P0/none1	7264432	25000	1			25000		other	0
021	49	Sound	test25	7310932	71500	1			71500		other	0
021	49	Picture	3-211-1-3	7369749	130317	7	5166	7	130000	5000	incorrect	387
021	49	Response	52	7380579	141147	1
021	50	Sound	P0/none	7415246	25000	1			25000		other	0
021	50	Sound	test12	7461746	71500	1			71500		other	0
021	50	Picture	2-221-1-2	7520564	130317	7	5166	7	130000	5000	hit	391
021	50	Response	62	7529939	139692	2
021	51	Sound	P0/none	7566061	25000	1			25000		other	0
021	51	Sound	n03	7612561	71500	1			71500		other	0
021	51	Picture	2-111-1-2	7671379	130317	7	5166	7	130000	5000	incorrect	395
021	51	Response	52	7680739	139677	2
021	52	Sound	P0/none	7716876	25000	1			25000		other	0
021	52	Sound	f23	7763376	71500	1			71500		other	0
021	52	Picture	2-121-1-2	7822193	130317	7	5166	7	130000	5000	hit	399
021	52	Response	62	7830019	138143	1
021	53	Sound	P1/tapping1	7867690	25000	1			25000		other	0
021	53	Response	53	7867779	25088	1
021	53	Response	53	7873539	30848	1
021	53	Response	53	7879379	36688	2
021	53	Response	53	7885059	42368	1
021	53	Response	53	7890499	47808	1
021	53	Response	53	7896659	53968	1
021	53	Response	53	7902259	59568	1
021	53	Response	53	7907938	65247	1
021	53	Sound	f02	7914190	71500	1			71500		other	0
021	53	Picture	2-122-1-2	7973008	130317	7	5166	7	130000	5000	hit	411
021	53	Response	62	7988979	146288	1
021	54	Sound	P1/tapping	8018505	25000	1			25000		other	0
021	54	Response	53	8020178	26673	1
021	54	Response	53	8024898	31393	1
021	54	Response	53	8030418	36913	1
021	54	Response	53	8036978	43473	1
021	54	Response	53	8041938	48432	1
021	54	Response	53	8047058	53553	1
021	54	Response	53	8052579	59073	2
021	54	Response	53	8059058	65553	1
021	54	Sound	test15	8065005	71500	1			71500		other	0
021	54	Picture	3-222-1-3	8123823	130317	7	5166	7	130000	5000	hit	423
021	54	Response	62	8133218	139713	1
021	55	Sound	P1/tapping	8169319	24999	1			25000		other	0
021	55	Response	53	8170418	26098	1
021	55	Response	53	8175858	31538	1
021	55	Response	53	8182338	38018	1
021	55	Response	53	8187298	42978	2
021	55	Response	53	8192658	48338	1
021	55	Response	53	8197778	53458	2
021	55	Response	53	8204179	59858	1
021	55	Response	53	8208898	64578	1
021	55	Sound	test11	8215820	71500	1			71500		other	0
021	55	Picture	2-212-1-2	8274637	130317	7	5166	7	130000	5000	incorrect	435
021	55	Response	52	8289539	145219	3
021	56	Response	53	8317378	22243	2
021	56	Sound	P1/tapping	8320134	25000	1			25000		other	0
021	56	Response	53	8324099	28964	1
021	56	Response	53	8330579	35444	1
021	56	Response	53	8335859	40724	1
021	56	Response	53	8341058	45923	1
021	56	Response	53	8346578	51444	1
021	56	Response	53	8352258	57123	1
021	56	Response	53	8357778	62643	2
021	56	Sound	n06	8366635	71500	1			71500		other	0
021	56	Picture	3-222-1-3	8425452	130317	7	5166	7	130000	5000	hit	447
021	56	Response	62	8434658	139523	1
021	57	Sound	P2/both1	8470949	24999	1			25000		other	0
021	57	Response	53	8472339	26389	2
021	57	Response	53	8477299	31349	2
021	57	Response	53	8482258	36309	1
021	57	Response	53	8488498	42548	1
021	57	Response	53	8494658	48708	1
021	57	Response	53	8501058	55108	1
021	57	Response	53	8506578	60628	1
021	57	Response	53	8512338	66389	1
021	57	Sound	n11	8517449	71500	1			71500		other	0
021	57	Picture	2-124-1-2	8576267	130317	7	5166	7	130000	5000	incorrect	459
021	57	Response	51	8589858	143909	1
021	58	Sound	P2/both	8621764	25000	1			25000		other	0
021	58	Response	53	8624018	27254	2
021	58	Response	53	8628338	31574	1
021	58	Response	53	8632818	36054	1
021	58	Response	53	8638658	41894	1
021	58	Response	53	8644258	47494	1
021	58	Response	53	8650579	53814	2
021	58	Response	53	8656658	59894	1
021	58	Response	53	8662818	66053	2
021	58	Sound	n14	8668264	71500	1			71500		other	0
021	58	Picture	3-124-1-3	8727081	130317	7	5166	7	130000	5000	incorrect	471
021	58	Response	51	8740018	143253	1
021	59	Sound	P2/both	8772578	24999	1			25000		other	0
021	59	Response	53	8774578	26999	1
021	59	Response	53	8778818	31239	2
021	59	Response	53	8783938	36359	1
021	59	Response	53	8789458	41879	1
021	59	Response	53	8795058	47479	1
021	59	Response	53	8802658	55079	1
021	59	Response	53	8807858	60279	1
021	59	Response	53	8813618	66039	1
021	59	Sound	f14	8819078	71500	1			71500		other	0
021	59	Picture	3-124-1-3	8877896	130317	7	5166	7	130000	5000	hit	483
021	59	Response	62	8888738	141159	1
021	60	Response	53	8921697	23304	1
021	60	Sound	P2/both	8923393	24999	1			25000		other	0
021	60	Response	53	8928978	30584	1
021	60	Response	53	8934577	36184	2
021	60	Response	53	8941617	43224	1
021	60	Response	53	8946977	48584	1
021	60	Response	53	8952658	54264	1
021	60	Response	53	8958818	60424	2
021	60	Response	53	8964498	66104	1
021	60	Sound	n07	8969893	71500	1			71500		other	0
021	60	Picture	2-214-1-2	9028711	130317	7	5166	7	130000	5000	hit	495
021	60	Response	61	9043137	144744	1


Event Type	Code	Type	Response	RT	RT Uncertainty	Time	Uncertainty	Duration	Uncertainty	ReqTime	ReqDur

Sound	P0/none1	other				25129	1			25000
Sound	f01	other				71822	1			71500
Picture	2-111-1-2	hit	1	9701	7	130644	7	5166	7	130000	5000
Sound	P0/none	other				176129	1			25000
Sound	test01	other				222640	1			71500
Picture	2-211-1-2	hit	1	12007	8	281459	7	5166	7	130000	5000
Sound	P0/none	other				326950	1			25000
Sound	test22	other				373455	1			71500
Picture	3-211-1-3	hit	1	9591	7	432274	7	5166	7	130000	5000
Sound	P0/none	other				477767	1			25000
Sound	f07	other				524271	1			71500
Picture	2-121-1-2	hit	2	9577	8	583088	7	5166	7	130000	5000
Sound	P2/beat1	other				628583	1			25000
Sound	f03	other				675085	1			71500
Picture	2-123-1-2	hit	2	10282	7	733903	7	5166	7	130000	5000
Sound	P2/beat	other				779398	1			25000
Sound	n12	other				825900	1			71500
Picture	3-123-1-3	hit	2	10987	7	884718	7	5166	7	130000	5000
Sound	P2/beat	other				930213	1			25000
Sound	test10	other				976715	1			71500
Picture	2-213-1-2	incorrect	2	8972	7	1035533	7	5166	7	130000	5000
Sound	P2/beat	other				1081028	1			25000
Sound	f17	other				1127530	1			71500
Picture	3-113-1-3	hit	1	6637	7	1186347	7	5166	7	130000	5000
Sound	P0/none1	other				1231843	1			25000
Sound	f09	other				1278345	1			71500
Picture	2-111-1-2	incorrect	2	8222	7	1337162	7	5166	7	130000	5000
Sound	P0/none	other				1382658	1			25000
Sound	test02	other				1429159	1			71500
Picture	2-221-1-2	incorrect	1	12608	7	1487977	7	5166	7	130000	5000
Sound	P0/none	other				1533473	1			25000
Sound	f20	other				1579974	1			71500
Picture	3-121-1-3	hit	2	9953	7	1638792	7	5166	7	130000	5000
Sound	P0/none	other				1684287	1			25000
Sound	test21	other				1730789	1			71500
Picture	3-221-1-3	hit	2	8418	7	1789606	7	5166	7	130000	5000
Sound	P1/tapping1	other				1835102	1			25000
Sound	test04	other				1881603	1			71500
Picture	2-212-1-2	incorrect	2	8643	7	1940421	7	5166	7	130000	5000
Sound	P1/tapping	other				1985917	1			25000
Sound	test23	other				2032418	1			71500
Picture	3-222-1-3	incorrect	1	10389	7	2091236	7	5166	7	130000	5000
Sound	P1/tapping	other				2136732	1			25000
Sound	test06	other				2183233	1			71500
Picture	2-222-1-2	hit	2	8774	8	2242050	7	5166	7	130000	5000
Sound	P1/tapping	other				2287547	1			25000
Sound	test07	other				2334048	1			71500
Picture	2-212-1-2	incorrect	2	8359	7	2392865	7	5166	7	130000	5000
Sound	P2/both1	other				2438362	1			25000
Sound	n01	other				2484863	1			71500
Picture	3-214-1-3	incorrect	2	10504	8	2543680	7	5166	7	130000	5000
Sound	P2/both	other				2589176	1			25000
Sound	f22	other				2635677	1			71500
Picture	3-124-1-3	hit	2	10409	7	2694494	7	5166	7	130000	5000
Sound	P2/both	other				2739991	1			25000
Sound	f19	other				2786492	1			71500
Picture	3-114-1-3	hit	1	11434	8	2845309	7	5166	7	130000	5000
Sound	P2/both	other				2890806	1			25000
Sound	test16	other				2937306	1			71500
Picture	3-224-1-3	hit	2	8459	7	2996124	7	5166	7	130000	5000
Sound	P1/tapping1	other				3041621	1			25000
Sound	test05	other				3088121	1			71500
Picture	2-222-1-2	hit	2	9085	8	3146939	7	5166	7	130000	5000
Sound	P1/tapping	other				3192435	1			25000
Sound	test08	other				3238936	1			71500
Picture	2-212-1-2	incorrect	2	9309	8	3297753	7	5166	7	130000	5000
Sound	P1/tapping	other				3343250	1			25000
Sound	test14	other				3389750	1			71500
Picture	3-212-1-3	hit	1	10495	8	3448568	7	5166	7	130000	5000
Sound	P1/tapping	other				3494065	1			25000
Sound	test19	other				3540565	1			71500
Picture	3-212-1-3	incorrect	2	11120	7	3599383	7	5166	7	130000	5000
Sound	P2/beat1	other				3644879	1			25000
Sound	f15	other				3691379	1			71500
Picture	3-113-1-3	hit	1	8465	8	3750197	7	5166	7	130000	5000
Sound	P2/beat	other				3795694	1			25000
Sound	f16	other				3842194	1			71500
Picture	3-123-1-3	hit	2	9250	7	3901012	7	5166	7	130000	5000
Sound	P2/beat	other				3946509	1			25000
Sound	f18	other				3993009	1			71500
Picture	3-113-1-3	hit	1	5475	7	4051827	7	5166	7	130000	5000
Sound	P2/beat	other				4097323	1			25000
Sound	test18	other				4143824	1			71500
Picture	3-223-1-3	hit	2	8341	7	4202641	7	5166	7	130000	5000
Sound	P2/both1	other				4248138	1			25000
Sound	f10	other				4294638	1			71500
Picture	2-114-1-2	incorrect	2	7606	8	4353456	7	5166	7	130000	5000
Sound	P2/both	other				4398953	1			25000
Sound	f12	other				4445453	1			71500
Picture	2-114-1-2	hit	1	10631	7	4504271	7	5166	7	130000	5000
Sound	P2/both	other				4549767	1			25000
Sound	n05	other				4596268	1			71500
Picture	3-124-1-3	hit	2	9176	7	4655085	7	5166	7	130000	5000
Sound	P2/both	other				4700582	1			25000
Sound	f13	other				4747083	1			71500
Picture	3-124-1-3	hit	2	8602	7	4805900	7	5166	7	130000	5000
Sound	P0/none1	other				4851397	1			25000
Sound	n09	other				4897897	1			71500
Picture	3-211-1-3	hit	1	11466	7	4956715	7	5166	7	130000	5000
Sound	P0/none	other				5002212	1			25000
Sound	test13	other				5048712	1			71500
Picture	3-221-1-3	hit	2	9212	8	5107529	7	5166	7	130000	5000
Sound	P0/none	other				5153026	1			25000
Sound	f11	other				5199526	1			71500
Picture	2-111-1-2	incorrect	2	10477	7	5258344	7	5166	7	130000	5000
Sound	P0/none	other				5303841	1			25000
Sound	test17	other				5350341	1			71500
Picture	2-211-2-2	incorrect	2	11022	7	5409159	7	5166	7	130000	5000
Sound	P2/both1	other				5454655	1			25000
Sound	f06	other				5501156	1			71500
Picture	2-114-1-2	hit	1	8527	7	5559973	7	5166	7	130000	5000
Sound	P2/both	other				5605470	1			25000
Sound	f24	other				5651970	1			71500
Picture	3-114-1-3	hit	1	6912	7	5710788	7	5166	7	130000	5000
Sound	P2/both	other				5756285	1			25000
Sound	f08	other				5802785	1			71500
Picture	2-114-1-2	hit	1	6417	8	5861603	7	5166	7	130000	5000
Sound	P2/both	other				5907100	1			25000
Sound	n04	other				5953600	1			71500
Picture	2-224-1-2	hit	2	8243	7	6012417	7	5166	7	130000	5000
Sound	P2/beat1	other				6057914	1			25000
Sound	test09	other				6104415	1			71500
Picture	2-223-1-2	hit	2	10709	8	6163232	7	5166	7	130000	5000
Sound	P2/beat	other				6208729	1			25000
Sound	test03	other				6255229	1			71500
Picture	2-213-1-2	incorrect	2	9733	8	6314047	7	5166	7	130000	5000
Sound	P2/beat	other				6359544	1			25000
Sound	n10	other				6406044	1			71500
Picture	3-123-1-3	hit	2	9159	8	6464861	7	5166	7	130000	5000
Sound	P2/beat	other				6510358	1			25000
Sound	test24	other				6556859	1			71500
Picture	3-223-1-3	hit	2	12184	8	6615676	7	5166	7	130000	5000
Sound	P1/tapping1	other				6661173	1			25000
Sound	f05	other				6707673	1			71500
Picture	2-112-1-2	incorrect	2	8729	8	6766491	7	5166	7	130000	5000
Sound	P1/tapping	other				6811988	1			25000
Sound	f04	other				6858488	1			71500
Picture	2-122-1-2	hit	2	9354	7	6917305	7	5166	7	130000	5000
Sound	P1/tapping	other				6962803	1			25000
Sound	n13	other				7009303	1			71500
Picture	3-222-1-3	hit	2	9339	7	7068120	7	5166	7	130000	5000
Sound	P1/tapping	other				7113617	1			25000
Sound	f21	other				7160117	1			71500
Picture	3-112-1-3	incorrect	2	10445	9	7218935	7	5166	7	130000	5000
Sound	P0/none1	other				7264432	1			25000
Sound	test25	other				7310932	1			71500
Picture	3-211-1-3	incorrect	2	10830	7	7369749	7	5166	7	130000	5000
Sound	P0/none	other				7415246	1			25000
Sound	test12	other				7461746	1			71500
Picture	2-221-1-2	hit	2	9375	8	7520564	7	5166	7	130000	5000
Sound	P0/none	other				7566061	1			25000
Sound	n03	other				7612561	1			71500
Picture	2-111-1-2	incorrect	2	9360	8	7671379	7	5166	7	130000	5000
Sound	P0/none	other				7716876	1			25000
Sound	f23	other				7763376	1			71500
Picture	2-121-1-2	hit	2	7825	7	7822193	7	5166	7	130000	5000
Sound	P1/tapping1	other				7867690	1			25000
Sound	f02	other				7914190	1			71500
Picture	2-122-1-2	hit	2	15971	7	7973008	7	5166	7	130000	5000
Sound	P1/tapping	other				8018505	1			25000
Sound	test15	other				8065005	1			71500
Picture	3-222-1-3	hit	2	9396	7	8123823	7	5166	7	130000	5000
Sound	P1/tapping	other				8169319	1			25000
Sound	test11	other				8215820	1			71500
Picture	2-212-1-2	incorrect	2	14902	9	8274637	7	5166	7	130000	5000
Sound	P1/tapping	other				8320134	1			25000
Sound	n06	other				8366635	1			71500
Picture	3-222-1-3	hit	2	9206	7	8425452	7	5166	7	130000	5000
Sound	P2/both1	other				8470949	1			25000
Sound	n11	other				8517449	1			71500
Picture	2-124-1-2	incorrect	1	13591	7	8576267	7	5166	7	130000	5000
Sound	P2/both	other				8621764	1			25000
Sound	n14	other				8668264	1			71500
Picture	3-124-1-3	incorrect	1	12936	7	8727081	7	5166	7	130000	5000
Sound	P2/both	other				8772578	1			25000
Sound	f14	other				8819078	1			71500
Picture	3-124-1-3	hit	2	10842	7	8877896	7	5166	7	130000	5000
Sound	P2/both	other				8923393	1			25000
Sound	n07	other				8969893	1			71500
Picture	2-214-1-2	hit	1	14427	7	9028711	7	5166	7	130000	5000


{
   "app": "Presentation Version 22.1 Build 01.21.21",
   "device": "Dell Inc. OptiPlex 7050",
   "experiment": "{C8E97CB4-6FCA-44FA-B866-4A2D94B6B85C}",
   "os": "Windows 10 64 bit",
   "package": "",
   "parameters": {
      "configuration": "Default configuration"
   },
   "scenario": "entrain_list1_sess1_EB.sce",
   "subject": "021",
   "timestamp": "2022/11/18 09:51:26 GMT"
}
